<?xml version="1.0" encoding="utf-8"?>
<TestRun id="5591f6e8-c161-4978-b1ae-b9eab92b72ec" name="@MacBook-Pro 2025-08-11 23:27:29" xmlns="http://microsoft.com/schemas/VisualStudio/TeamTest/2010">
  <Times creation="2025-08-11T23:27:29.1342620-03:00" queuing="2025-08-11T23:27:29.1342620-03:00" start="2025-08-11T23:27:28.1847090-03:00" finish="2025-08-11T23:27:30.1304150-03:00" />
  <TestSettings name="default" id="a4972dfb-b0b9-444f-930c-a57df2210500">
    <Deployment runDeploymentRoot="_MacBook-Pro_2025-08-11_23_27_29" />
  </TestSettings>
  <Results>
    <UnitTestResult executionId="506e01ce-440b-45bc-82c0-cd2aef1a79d3" testId="4d791645-14ca-671e-50ed-7143a80c7959" testName="FileContentRenamer.Tests.Services.DateExtractorTests.ExtractDateFromContent_WithGenericDateFormat_ShouldReturnCorrectDate" computerName="MacBook-Pro" duration="00:00:00.0002564" startTime="2025-08-11T23:27:29.1059100-03:00" endTime="2025-08-11T23:27:29.1063110-03:00" testType="13cdc9d9-ddb5-4fa4-a97d-d965ccfc6d4b" outcome="Passed" testListId="8c84fa94-04c1-424b-9868-57a2d4851a1d" relativeResultsDirectory="506e01ce-440b-45bc-82c0-cd2aef1a79d3" />
    <UnitTestResult executionId="ab2b83ab-ae0f-4f02-b3b7-d302bbd094f0" testId="ba6808c0-f426-8a5b-0695-d6b57a217c84" testName="FileContentRenamer.Tests.Services.DateExtractorTests.ExtractDateFromContent_WithEmptyContent_ShouldReturnEmptyString" computerName="MacBook-Pro" duration="00:00:00.0001934" startTime="2025-08-11T23:27:29.1054930-03:00" endTime="2025-08-11T23:27:29.1055270-03:00" testType="13cdc9d9-ddb5-4fa4-a97d-d965ccfc6d4b" outcome="Passed" testListId="8c84fa94-04c1-424b-9868-57a2d4851a1d" relativeResultsDirectory="ab2b83ab-ae0f-4f02-b3b7-d302bbd094f0" />
    <UnitTestResult executionId="361ecd87-33b2-4d09-b758-1918a9d027d9" testId="0877987f-a018-03de-71dc-2e8ff937b395" testName="FileContentRenamer.Tests.Services.DateExtractorTests.ExtractDateFromContent_WithVariousDueDateFormats_ShouldReturnCorrectDates(content: &quot;Vence: 31/12/2023&quot;, expected: &quot;2023-12-31&quot;)" computerName="MacBook-Pro" duration="00:00:00.0000592" startTime="2025-08-11T23:27:29.0914400-03:00" endTime="2025-08-11T23:27:29.0914790-03:00" testType="13cdc9d9-ddb5-4fa4-a97d-d965ccfc6d4b" outcome="Passed" testListId="8c84fa94-04c1-424b-9868-57a2d4851a1d" relativeResultsDirectory="361ecd87-33b2-4d09-b758-1918a9d027d9" />
    <UnitTestResult executionId="e7003d8b-865c-43f3-910e-b11b1b4e1708" testId="33f7c76c-bb78-6b08-abcd-e808bcbcf4f9" testName="FileContentRenamer.Tests.Services.TextProcessorTests.ExtractContentAsync_WithOnlyWhitespace_ShouldReturnWhitespace" computerName="MacBook-Pro" duration="00:00:00.0246513" startTime="2025-08-11T23:27:29.4693300-03:00" endTime="2025-08-11T23:27:29.5035530-03:00" testType="13cdc9d9-ddb5-4fa4-a97d-d965ccfc6d4b" outcome="Passed" testListId="8c84fa94-04c1-424b-9868-57a2d4851a1d" relativeResultsDirectory="e7003d8b-865c-43f3-910e-b11b1b4e1708" />
    <UnitTestResult executionId="27cf3a45-c2fb-43df-aca6-5eb21e8ebccb" testId="a0ca8000-3ed1-5654-296c-23ca811068ca" testName="FileContentRenamer.Tests.Services.DateExtractorTests.ExtractDateFromContent_WithVariousGenericDates_ShouldReturnCorrectDates(content: &quot;01/01/2025&quot;, expected: &quot;2025-01-01&quot;)" computerName="MacBook-Pro" duration="00:00:00.0000067" startTime="2025-08-11T23:27:29.1914160-03:00" endTime="2025-08-11T23:27:29.1914610-03:00" testType="13cdc9d9-ddb5-4fa4-a97d-d965ccfc6d4b" outcome="Passed" testListId="8c84fa94-04c1-424b-9868-57a2d4851a1d" relativeResultsDirectory="27cf3a45-c2fb-43df-aca6-5eb21e8ebccb" />
    <UnitTestResult executionId="b256c6a5-b0fd-4962-b68b-8137d5fd2fe5" testId="fde0012a-20a9-aebc-bee1-b5bf65a4ee27" testName="FileContentRenamer.Tests.Models.NamingRulesTests.FindMatchingRule_WithFirstRuleMatching_ShouldReturnFirstRule" computerName="MacBook-Pro" duration="00:00:00.0001310" startTime="2025-08-11T23:27:29.3477490-03:00" endTime="2025-08-11T23:27:29.3480520-03:00" testType="13cdc9d9-ddb5-4fa4-a97d-d965ccfc6d4b" outcome="Passed" testListId="8c84fa94-04c1-424b-9868-57a2d4851a1d" relativeResultsDirectory="b256c6a5-b0fd-4962-b68b-8137d5fd2fe5" />
    <UnitTestResult executionId="40d7be3d-0e85-47b4-a5fb-84f8d7eeb338" testId="cb98919d-41c2-f114-3856-49dce9ef8634" testName="FileContentRenamer.Tests.Services.ImageProcessorTests.ExtractContentAsync_WithInvalidImageFile_ShouldReturnEmptyString" computerName="MacBook-Pro" duration="00:00:00.0841771" startTime="2025-08-11T23:27:29.6147720-03:00" endTime="2025-08-11T23:27:29.6826510-03:00" testType="13cdc9d9-ddb5-4fa4-a97d-d965ccfc6d4b" outcome="Passed" testListId="8c84fa94-04c1-424b-9868-57a2d4851a1d" relativeResultsDirectory="40d7be3d-0e85-47b4-a5fb-84f8d7eeb338" />
    <UnitTestResult executionId="656b873d-b70a-4f12-a955-6e0024bb45b8" testId="8788403a-0d19-e088-1175-07bf39207809" testName="FileContentRenamer.Tests.Services.PdfProcessorTests.CanProcess_WithNonPdfExtension_ShouldReturnFalse(filename: &quot;test.jpg&quot;)" computerName="MacBook-Pro" duration="00:00:00.0001202" startTime="2025-08-11T23:27:29.2792660-03:00" endTime="2025-08-11T23:27:29.2794190-03:00" testType="13cdc9d9-ddb5-4fa4-a97d-d965ccfc6d4b" outcome="Passed" testListId="8c84fa94-04c1-424b-9868-57a2d4851a1d" relativeResultsDirectory="656b873d-b70a-4f12-a955-6e0024bb45b8" />
    <UnitTestResult executionId="2251e627-3b19-441c-84cc-9378baf558e1" testId="f23379d7-78c4-9613-54fe-537fd665f06d" testName="FileContentRenamer.Tests.Models.NamingRuleTests.Matches_WithEmptyContent_ShouldReturnFalse" computerName="MacBook-Pro" duration="00:00:00.0000658" startTime="2025-08-11T23:27:29.2743950-03:00" endTime="2025-08-11T23:27:29.2745200-03:00" testType="13cdc9d9-ddb5-4fa4-a97d-d965ccfc6d4b" outcome="Passed" testListId="8c84fa94-04c1-424b-9868-57a2d4851a1d" relativeResultsDirectory="2251e627-3b19-441c-84cc-9378baf558e1" />
    <UnitTestResult executionId="fb1ee76b-3ca5-45f1-a458-46eb56006e0c" testId="eff1fee9-aafb-67b9-c268-648d008d92e6" testName="FileContentRenamer.Tests.Services.FilenameGeneratorTests.GenerateFilename_WithNullDate_ShouldUseCurrentDate" computerName="MacBook-Pro" duration="00:00:00.0139198" startTime="2025-08-11T23:27:29.3644050-03:00" endTime="2025-08-11T23:27:29.3683460-03:00" testType="13cdc9d9-ddb5-4fa4-a97d-d965ccfc6d4b" outcome="Passed" testListId="8c84fa94-04c1-424b-9868-57a2d4851a1d" relativeResultsDirectory="fb1ee76b-3ca5-45f1-a458-46eb56006e0c" />
    <UnitTestResult executionId="c761126c-bac6-478b-bb2e-8c1ec00e9dcb" testId="0228ec1a-cf44-e616-5aa7-aefd86959073" testName="FileContentRenamer.Tests.Services.FileServiceTests.ProcessFilesAsync_WithSameFilename_ShouldOrganizeOnly" computerName="MacBook-Pro" duration="00:00:00.0558838" startTime="2025-08-11T23:27:29.5232800-03:00" endTime="2025-08-11T23:27:29.5264960-03:00" testType="13cdc9d9-ddb5-4fa4-a97d-d965ccfc6d4b" outcome="Passed" testListId="8c84fa94-04c1-424b-9868-57a2d4851a1d" relativeResultsDirectory="c761126c-bac6-478b-bb2e-8c1ec00e9dcb" />
    <UnitTestResult executionId="219c366e-4455-46b1-9166-8f2e77a7a3e9" testId="8c36f3a4-ca31-a9e9-241d-dbc70385ef49" testName="FileContentRenamer.Tests.Services.ImageProcessorTests.CanProcess_WithNonImageExtension_ShouldReturnFalse(extension: &quot;.mp4&quot;)" computerName="MacBook-Pro" duration="00:00:00.0286890" startTime="2025-08-11T23:27:29.3507820-03:00" endTime="2025-08-11T23:27:29.4401070-03:00" testType="13cdc9d9-ddb5-4fa4-a97d-d965ccfc6d4b" outcome="Passed" testListId="8c84fa94-04c1-424b-9868-57a2d4851a1d" relativeResultsDirectory="219c366e-4455-46b1-9166-8f2e77a7a3e9" />
    <UnitTestResult executionId="20d88eb0-ade8-4d62-95b3-9dadd23553b6" testId="f74a6a94-f390-b5f6-1cb3-44e2f343eb63" testName="FileContentRenamer.Tests.Models.NamingRulesTests.GenerateFilename_WithDateOverrideButRichContent_ShouldUseOriginalDate" computerName="MacBook-Pro" duration="00:00:00.0016833" startTime="2025-08-11T23:27:29.1026150-03:00" endTime="2025-08-11T23:27:29.1280640-03:00" testType="13cdc9d9-ddb5-4fa4-a97d-d965ccfc6d4b" outcome="Passed" testListId="8c84fa94-04c1-424b-9868-57a2d4851a1d" relativeResultsDirectory="20d88eb0-ade8-4d62-95b3-9dadd23553b6" />
    <UnitTestResult executionId="35e8a28b-4b8e-48a2-8778-889941f832c9" testId="b88cda59-316a-d792-4d81-e490d0212c2d" testName="FileContentRenamer.Tests.Services.DirectoryOrganizerTests.GetMonthName_WithValidMonth_ShouldReturnSpanishName(monthNumber: 3, expected: &quot;marzo&quot;)" computerName="MacBook-Pro" duration="00:00:00.0000911" startTime="2025-08-11T23:27:29.1636500-03:00" endTime="2025-08-11T23:27:29.1637070-03:00" testType="13cdc9d9-ddb5-4fa4-a97d-d965ccfc6d4b" outcome="Passed" testListId="8c84fa94-04c1-424b-9868-57a2d4851a1d" relativeResultsDirectory="35e8a28b-4b8e-48a2-8778-889941f832c9" />
    <UnitTestResult executionId="891617e5-96ed-4594-a018-b8c731edde39" testId="5f70f144-9947-887e-d6e7-1aeb2f4f79bb" testName="FileContentRenamer.Tests.Services.ImageProcessorTests.CanProcess_WithNonImageExtension_ShouldReturnFalse(extension: &quot;.txt&quot;)" computerName="MacBook-Pro" duration="00:00:00.0593518" startTime="2025-08-11T23:27:29.2829110-03:00" endTime="2025-08-11T23:27:29.3499660-03:00" testType="13cdc9d9-ddb5-4fa4-a97d-d965ccfc6d4b" outcome="Passed" testListId="8c84fa94-04c1-424b-9868-57a2d4851a1d" relativeResultsDirectory="891617e5-96ed-4594-a018-b8c731edde39" />
    <UnitTestResult executionId="f1226ffd-20b5-44da-ac9b-48da3a98b598" testId="a973dd7a-7c46-af87-44cd-7bf4a36abf9b" testName="FileContentRenamer.Tests.Services.DateExtractorTests.ExtractDateFromFilename_WithVariousValidFormats_ShouldReturnCorrectDates(filename: &quot;test_2023-12-31_method&quot;, expected: &quot;2023-12-31&quot;)" computerName="MacBook-Pro" duration="00:00:00.0000036" startTime="2025-08-11T23:27:29.1051780-03:00" endTime="2025-08-11T23:27:29.1052080-03:00" testType="13cdc9d9-ddb5-4fa4-a97d-d965ccfc6d4b" outcome="Passed" testListId="8c84fa94-04c1-424b-9868-57a2d4851a1d" relativeResultsDirectory="f1226ffd-20b5-44da-ac9b-48da3a98b598" />
    <UnitTestResult executionId="35a8ec72-3e02-4286-a856-c20a5eabd08a" testId="e6f8099a-7c83-15b0-1a09-13322c0e5611" testName="FileContentRenamer.Tests.Models.AppConfigTests.LoadFromConfiguration_WithMissingConfigFile_ShouldThrowException" computerName="MacBook-Pro" duration="00:00:00.1970124" startTime="2025-08-11T23:27:29.2760450-03:00" endTime="2025-08-11T23:27:29.4643270-03:00" testType="13cdc9d9-ddb5-4fa4-a97d-d965ccfc6d4b" outcome="Failed" testListId="8c84fa94-04c1-424b-9868-57a2d4851a1d" relativeResultsDirectory="35a8ec72-3e02-4286-a856-c20a5eabd08a">
      <Output>
        <ErrorInfo>
          <Message>Expected a &lt;System.Exception&gt; to be thrown, but no exception was thrown.</Message>
          <StackTrace>   at FluentAssertions.Execution.XUnit2TestFramework.Throw(String message)
   at FluentAssertions.Execution.TestFrameworkProvider.Throw(String message)
   at FluentAssertions.Execution.DefaultAssertionStrategy.HandleFailure(String message)
   at FluentAssertions.Execution.AssertionScope.FailWith(Func`1 failReasonFunc)
   at FluentAssertions.Execution.AssertionScope.FailWith(Func`1 failReasonFunc)
   at FluentAssertions.Execution.AssertionScope.FailWith(String message)
   at FluentAssertions.Specialized.DelegateAssertionsBase`2.ThrowInternal[TException](Exception exception, String because, Object[] becauseArgs)
   at FluentAssertions.Specialized.DelegateAssertions`2.Throw[TException](String because, Object[] becauseArgs)
   at FileContentRenamer.Tests.Models.AppConfigTests.LoadFromConfiguration_WithMissingConfigFile_ShouldThrowException() in /Users/santibraida/Workspace/comprobantes/FileContentRenamer.Tests/Models/AppConfigTests.cs:line 113
   at System.RuntimeMethodHandle.InvokeMethod(Object target, Void** arguments, Signature sig, Boolean isConstructor)
   at System.Reflection.MethodBaseInvoker.InvokeWithNoArgs(Object obj, BindingFlags invokeAttr)</StackTrace>
        </ErrorInfo>
      </Output>
    </UnitTestResult>
    <UnitTestResult executionId="b6803354-2b8a-4f4f-87e5-47e9fe94c4be" testId="2266e366-c62d-09c9-ded7-1e7b5d0da037" testName="FileContentRenamer.Tests.Services.DirectoryOrganizerTests.IsInYearMonthStructure_WithInvalidStructure_ShouldReturnFalse(folderName: &quot;03_marzo_not_in_year&quot;)" computerName="MacBook-Pro" duration="00:00:00.0003463" startTime="2025-08-11T23:27:29.1796860-03:00" endTime="2025-08-11T23:27:29.1797540-03:00" testType="13cdc9d9-ddb5-4fa4-a97d-d965ccfc6d4b" outcome="Passed" testListId="8c84fa94-04c1-424b-9868-57a2d4851a1d" relativeResultsDirectory="b6803354-2b8a-4f4f-87e5-47e9fe94c4be" />
    <UnitTestResult executionId="f7822cab-bcf4-482c-9520-162f3ae1b572" testId="a366a934-60e2-7009-7a6f-f68837f539c2" testName="FileContentRenamer.Tests.Services.FileValidatorTests.ValidateConfiguration_WithValidConfig_ShouldReturnTrue" computerName="MacBook-Pro" duration="00:00:00.0132003" startTime="2025-08-11T23:27:29.3498130-03:00" endTime="2025-08-11T23:27:29.3664680-03:00" testType="13cdc9d9-ddb5-4fa4-a97d-d965ccfc6d4b" outcome="Passed" testListId="8c84fa94-04c1-424b-9868-57a2d4851a1d" relativeResultsDirectory="f7822cab-bcf4-482c-9520-162f3ae1b572" />
    <UnitTestResult executionId="619d162e-e61d-423c-851d-47cf655d2a46" testId="1fee9821-3919-b84e-fa07-8bc4fb6625e5" testName="FileContentRenamer.Tests.Services.FileValidatorTests.ShouldProcessFile_WithDifferentCasing_ShouldBeCaseInsensitive(filename: &quot;test.Pdf&quot;)" computerName="MacBook-Pro" duration="00:00:00.0004366" startTime="2025-08-11T23:27:29.5214270-03:00" endTime="2025-08-11T23:27:29.5214680-03:00" testType="13cdc9d9-ddb5-4fa4-a97d-d965ccfc6d4b" outcome="Passed" testListId="8c84fa94-04c1-424b-9868-57a2d4851a1d" relativeResultsDirectory="619d162e-e61d-423c-851d-47cf655d2a46" />
    <UnitTestResult executionId="0fe22a23-94b5-454d-bd97-777c5122c63f" testId="8031668c-d19b-b8db-0235-3b555a1ef3fc" testName="FileContentRenamer.Tests.Services.PdfProcessorTests.CanProcess_WithNonPdfExtension_ShouldReturnFalse(filename: &quot;test.txt&quot;)" computerName="MacBook-Pro" duration="00:00:00.0000986" startTime="2025-08-11T23:27:29.2803030-03:00" endTime="2025-08-11T23:27:29.2803650-03:00" testType="13cdc9d9-ddb5-4fa4-a97d-d965ccfc6d4b" outcome="Passed" testListId="8c84fa94-04c1-424b-9868-57a2d4851a1d" relativeResultsDirectory="0fe22a23-94b5-454d-bd97-777c5122c63f" />
    <UnitTestResult executionId="d55c3e7f-302c-4653-b1d6-a4a75493fec4" testId="9a26edef-7dd2-4e60-c205-9ce214074484" testName="FileContentRenamer.Tests.Services.DirectoryOrganizerTests.OrganizeFileIntoDirectoryStructure_WithDifferentYears_ShouldCreateNewYearStructure" computerName="MacBook-Pro" duration="00:00:00.0012861" startTime="2025-08-11T23:27:29.1823720-03:00" endTime="2025-08-11T23:27:29.1917370-03:00" testType="13cdc9d9-ddb5-4fa4-a97d-d965ccfc6d4b" outcome="Passed" testListId="8c84fa94-04c1-424b-9868-57a2d4851a1d" relativeResultsDirectory="d55c3e7f-302c-4653-b1d6-a4a75493fec4" />
    <UnitTestResult executionId="5926e099-0cc8-4c30-912a-054594b7b7d0" testId="ee980d6a-c8f2-fb3c-69f5-92dd6531facb" testName="FileContentRenamer.Tests.Services.DirectoryOrganizerTests.GetMonthName_WithValidMonth_ShouldReturnSpanishName(monthNumber: 2, expected: &quot;febrero&quot;)" computerName="MacBook-Pro" duration="00:00:00.0001023" startTime="2025-08-11T23:27:29.1646820-03:00" endTime="2025-08-11T23:27:29.1647290-03:00" testType="13cdc9d9-ddb5-4fa4-a97d-d965ccfc6d4b" outcome="Passed" testListId="8c84fa94-04c1-424b-9868-57a2d4851a1d" relativeResultsDirectory="5926e099-0cc8-4c30-912a-054594b7b7d0" />
    <UnitTestResult executionId="5ca1fc90-344c-43ea-9333-1ca3258d8e63" testId="6d830e63-8fcb-8140-fe0b-9a127d46ab00" testName="FileContentRenamer.Tests.Services.FileValidatorTests.ShouldProcessFile_WithValidExtensions_ShouldReturnTrue(extension: &quot;.jpg&quot;)" computerName="MacBook-Pro" duration="00:00:00.0009774" startTime="2025-08-11T23:27:29.5197490-03:00" endTime="2025-08-11T23:27:29.5198020-03:00" testType="13cdc9d9-ddb5-4fa4-a97d-d965ccfc6d4b" outcome="Passed" testListId="8c84fa94-04c1-424b-9868-57a2d4851a1d" relativeResultsDirectory="5ca1fc90-344c-43ea-9333-1ca3258d8e63" />
    <UnitTestResult executionId="628bdcc4-3e41-4d00-bebd-c8f930770efe" testId="01ca56e9-b199-3558-e144-e8e700204b19" testName="FileContentRenamer.Tests.Services.DateExtractorTests.ExtractDateFromFilename_WithNullFilename_ShouldReturnEmptyString" computerName="MacBook-Pro" duration="00:00:00.0009549" startTime="2025-08-11T23:27:29.1288630-03:00" endTime="2025-08-11T23:27:29.1827600-03:00" testType="13cdc9d9-ddb5-4fa4-a97d-d965ccfc6d4b" outcome="Failed" testListId="8c84fa94-04c1-424b-9868-57a2d4851a1d" relativeResultsDirectory="628bdcc4-3e41-4d00-bebd-c8f930770efe">
      <Output>
        <ErrorInfo>
          <Message>System.ArgumentNullException : Value cannot be null. (Parameter 'input')</Message>
          <StackTrace>   at System.Text.RegularExpressions.ThrowHelper.ThrowArgumentNullException(ExceptionArgument arg)
   at System.Text.RegularExpressions.Regex.Match(String input)
   at FileContentRenamer.Services.DateExtractor.ExtractDateFromFilename(String filename) in /Users/santibraida/Workspace/comprobantes/FileContentRenamer/Services/DateExtractor.cs:line 103
   at FileContentRenamer.Tests.Services.DateExtractorTests.ExtractDateFromFilename_WithNullFilename_ShouldReturnEmptyString() in /Users/santibraida/Workspace/comprobantes/FileContentRenamer.Tests/Services/DateExtractorTests.cs:line 183
   at System.RuntimeMethodHandle.InvokeMethod(Object target, Void** arguments, Signature sig, Boolean isConstructor)
   at System.Reflection.MethodBaseInvoker.InvokeWithNoArgs(Object obj, BindingFlags invokeAttr)</StackTrace>
        </ErrorInfo>
      </Output>
    </UnitTestResult>
    <UnitTestResult executionId="94b991ea-129a-483b-8f18-1661747d6383" testId="8f2c1c6f-2d06-5c80-db10-fbc31b9e4155" testName="FileContentRenamer.Tests.Services.DirectoryOrganizerTests.OrganizeFileIntoDirectoryStructure_WithValidDate_ShouldCreateStructureAndMoveFile" computerName="MacBook-Pro" duration="00:00:00.0274860" startTime="2025-08-11T23:27:29.0228260-03:00" endTime="2025-08-11T23:27:29.0922240-03:00" testType="13cdc9d9-ddb5-4fa4-a97d-d965ccfc6d4b" outcome="Passed" testListId="8c84fa94-04c1-424b-9868-57a2d4851a1d" relativeResultsDirectory="94b991ea-129a-483b-8f18-1661747d6383" />
    <UnitTestResult executionId="c367d9b1-470f-4f7b-bcb5-a34713a82343" testId="4cd48cba-1ee4-9efa-c790-541706c3159b" testName="FileContentRenamer.Tests.Services.FileValidatorTests.ValidateFileSize_WithLargeFile_ShouldLogWarning" computerName="MacBook-Pro" duration="00:00:00.1271676" startTime="2025-08-11T23:27:29.3717090-03:00" endTime="2025-08-11T23:27:29.4693850-03:00" testType="13cdc9d9-ddb5-4fa4-a97d-d965ccfc6d4b" outcome="Passed" testListId="8c84fa94-04c1-424b-9868-57a2d4851a1d" relativeResultsDirectory="c367d9b1-470f-4f7b-bcb5-a34713a82343" />
    <UnitTestResult executionId="d33a8290-35a4-4d9a-98dc-20a5d70de368" testId="df0ff2b1-bb1d-04f9-1b59-ee245aa596c1" testName="FileContentRenamer.Tests.Services.FileValidatorTests.ShouldSkipAlreadyNamedFile_WithAlreadyNamedFile_ShouldReturnTrue" computerName="MacBook-Pro" duration="00:00:00.0010640" startTime="2025-08-11T23:27:29.5252070-03:00" endTime="2025-08-11T23:27:29.5252970-03:00" testType="13cdc9d9-ddb5-4fa4-a97d-d965ccfc6d4b" outcome="Passed" testListId="8c84fa94-04c1-424b-9868-57a2d4851a1d" relativeResultsDirectory="d33a8290-35a4-4d9a-98dc-20a5d70de368" />
    <UnitTestResult executionId="5c6a333b-177e-4ad6-87ef-0254afa956c3" testId="80bc6a5a-eb03-5068-fdbc-47b2721cfaa4" testName="FileContentRenamer.Tests.Services.ImageProcessorTests.CanProcess_WithImageExtensionsDifferentCasing_ShouldReturnTrue(extension: &quot;.JPG&quot;)" computerName="MacBook-Pro" duration="00:00:00.0218637" startTime="2025-08-11T23:27:29.7639360-03:00" endTime="2025-08-11T23:27:29.7743590-03:00" testType="13cdc9d9-ddb5-4fa4-a97d-d965ccfc6d4b" outcome="Passed" testListId="8c84fa94-04c1-424b-9868-57a2d4851a1d" relativeResultsDirectory="5c6a333b-177e-4ad6-87ef-0254afa956c3" />
    <UnitTestResult executionId="59344346-4b5c-45dc-b0ca-985adfc26203" testId="c8e339c4-495d-6682-fb59-508814014af3" testName="FileContentRenamer.Tests.Models.AppConfigTests.AppConfig_DefaultValues_ShouldBeSetCorrectly" computerName="MacBook-Pro" duration="00:00:00.0006806" startTime="2025-08-11T23:27:29.6532200-03:00" endTime="2025-08-11T23:27:29.6532760-03:00" testType="13cdc9d9-ddb5-4fa4-a97d-d965ccfc6d4b" outcome="Passed" testListId="8c84fa94-04c1-424b-9868-57a2d4851a1d" relativeResultsDirectory="59344346-4b5c-45dc-b0ca-985adfc26203" />
    <UnitTestResult executionId="a5cfebb9-ef7e-4d92-b955-70fc87ef58e5" testId="1ae426c8-73f8-48b1-c4fd-f2736013951b" testName="FileContentRenamer.Tests.Services.TextProcessorTests.ExtractContentAsync_WithNonExistentFile_ShouldReturnEmptyString" computerName="MacBook-Pro" duration="00:00:00.0015465" startTime="2025-08-11T23:27:29.2771040-03:00" endTime="2025-08-11T23:27:29.2771590-03:00" testType="13cdc9d9-ddb5-4fa4-a97d-d965ccfc6d4b" outcome="Passed" testListId="8c84fa94-04c1-424b-9868-57a2d4851a1d" relativeResultsDirectory="a5cfebb9-ef7e-4d92-b955-70fc87ef58e5" />
    <UnitTestResult executionId="aa53366a-6d0c-4f93-acbb-eaf16c7ac706" testId="013af074-e0c5-bb27-30f4-779070d7fe10" testName="FileContentRenamer.Tests.Services.DateExtractorTests.ExtractDateFromFilename_WithInvalidFormat_ShouldReturnEmptyString" computerName="MacBook-Pro" duration="00:00:00.0000632" startTime="2025-08-11T23:27:29.1038280-03:00" endTime="2025-08-11T23:27:29.1038750-03:00" testType="13cdc9d9-ddb5-4fa4-a97d-d965ccfc6d4b" outcome="Passed" testListId="8c84fa94-04c1-424b-9868-57a2d4851a1d" relativeResultsDirectory="aa53366a-6d0c-4f93-acbb-eaf16c7ac706" />
    <UnitTestResult executionId="bec5099f-f995-4eda-a4c6-1afe94cebd21" testId="77219b7a-0f6b-514e-c829-c9674c2f30c4" testName="FileContentRenamer.Tests.Services.FileValidatorTests.ShouldProcessFile_WithDifferentCasing_ShouldBeCaseInsensitive(filename: &quot;test.pDf&quot;)" computerName="MacBook-Pro" duration="00:00:00.0007664" startTime="2025-08-11T23:27:29.5217270-03:00" endTime="2025-08-11T23:27:29.5217780-03:00" testType="13cdc9d9-ddb5-4fa4-a97d-d965ccfc6d4b" outcome="Passed" testListId="8c84fa94-04c1-424b-9868-57a2d4851a1d" relativeResultsDirectory="bec5099f-f995-4eda-a4c6-1afe94cebd21" />
    <UnitTestResult executionId="18edadad-cbbc-49a6-83c8-e62e91609d1b" testId="a8222741-473a-8061-b947-f4446415fedc" testName="FileContentRenamer.Tests.Services.FileValidatorTests.ValidateFileSize_WithNonExistentFile_ShouldNotThrow" computerName="MacBook-Pro" duration="00:00:00.0005952" startTime="2025-08-11T23:27:29.5211140-03:00" endTime="2025-08-11T23:27:29.5211540-03:00" testType="13cdc9d9-ddb5-4fa4-a97d-d965ccfc6d4b" outcome="Passed" testListId="8c84fa94-04c1-424b-9868-57a2d4851a1d" relativeResultsDirectory="18edadad-cbbc-49a6-83c8-e62e91609d1b" />
    <UnitTestResult executionId="4c31f1ec-318d-4343-80ae-fecb514a1e82" testId="aab50796-093f-3ad1-51eb-ff5551165480" testName="FileContentRenamer.Tests.Services.PdfProcessorTests.ExtractContentAsync_WithNonExistentFile_ShouldReturnEmptyString" computerName="MacBook-Pro" duration="00:00:00.0765874" startTime="2025-08-11T23:27:29.0931130-03:00" endTime="2025-08-11T23:27:29.2775380-03:00" testType="13cdc9d9-ddb5-4fa4-a97d-d965ccfc6d4b" outcome="Passed" testListId="8c84fa94-04c1-424b-9868-57a2d4851a1d" relativeResultsDirectory="4c31f1ec-318d-4343-80ae-fecb514a1e82" />
    <UnitTestResult executionId="5705ae2b-3ff3-4bac-9a15-bed07a049a5d" testId="84a9103c-97d7-5edf-a781-47d0dfd1a75b" testName="FileContentRenamer.Tests.Services.FilenameGeneratorTests.CleanupFileName_WithVariousInputs_ShouldReturnCleanedName(input: &quot;file|name&quot;, expected: &quot;file_name&quot;)" computerName="MacBook-Pro" duration="00:00:00.0007942" startTime="2025-08-11T23:27:29.3448180-03:00" endTime="2025-08-11T23:27:29.3456450-03:00" testType="13cdc9d9-ddb5-4fa4-a97d-d965ccfc6d4b" outcome="Failed" testListId="8c84fa94-04c1-424b-9868-57a2d4851a1d" relativeResultsDirectory="5705ae2b-3ff3-4bac-9a15-bed07a049a5d">
      <Output>
        <ErrorInfo>
          <Message>Expected result to be "file_name_2024-03-15_card.pdf" with a length of 29, but "test_2024-03-15_card.pdf" has a length of 24, differs near "tes" (index 0).</Message>
          <StackTrace>   at FluentAssertions.Execution.XUnit2TestFramework.Throw(String message)
   at FluentAssertions.Execution.TestFrameworkProvider.Throw(String message)
   at FluentAssertions.Execution.DefaultAssertionStrategy.HandleFailure(String message)
   at FluentAssertions.Execution.AssertionScope.FailWith(Func`1 failReasonFunc)
   at FluentAssertions.Execution.AssertionScope.FailWith(Func`1 failReasonFunc)
   at FluentAssertions.Primitives.StringEqualityValidator.ValidateAgainstLengthDifferences()
   at FluentAssertions.Primitives.StringValidator.Validate()
   at FluentAssertions.Primitives.StringAssertions`1.Be(String expected, String because, Object[] becauseArgs)
   at FileContentRenamer.Tests.Services.FilenameGeneratorTests.CleanupFileName_WithVariousInputs_ShouldReturnCleanedName(String input, String expected) in /Users/santibraida/Workspace/comprobantes/FileContentRenamer.Tests/Services/FilenameGeneratorTests.cs:line 232
   at InvokeStub_FilenameGeneratorTests.CleanupFileName_WithVariousInputs_ShouldReturnCleanedName(Object, Span`1)
   at System.Reflection.MethodBaseInvoker.InvokeWithFewArgs(Object obj, BindingFlags invokeAttr, Binder binder, Object[] parameters, CultureInfo culture)</StackTrace>
        </ErrorInfo>
      </Output>
    </UnitTestResult>
    <UnitTestResult executionId="2290c28b-c1e8-432d-84f1-a237ffc29344" testId="74c0392b-8615-24d3-2fd0-e6af46d2098a" testName="FileContentRenamer.Tests.Models.NamingRulesTests.Constructor_WithParameters_ShouldSetValues" computerName="MacBook-Pro" duration="00:00:00.0000688" startTime="2025-08-11T23:27:29.3464450-03:00" endTime="2025-08-11T23:27:29.3468780-03:00" testType="13cdc9d9-ddb5-4fa4-a97d-d965ccfc6d4b" outcome="Passed" testListId="8c84fa94-04c1-424b-9868-57a2d4851a1d" relativeResultsDirectory="2290c28b-c1e8-432d-84f1-a237ffc29344" />
    <UnitTestResult executionId="f6646537-65f4-42da-8e8e-d147c117a1cb" testId="5d659f4c-0006-5095-6e01-261fba69eeb2" testName="FileContentRenamer.Tests.Services.FileValidatorTests.ShouldProcessFile_WithInvalidExtensions_ShouldReturnFalse(extension: &quot;.xlsx&quot;)" computerName="MacBook-Pro" duration="00:00:00.0029996" startTime="2025-08-11T23:27:29.3674920-03:00" endTime="2025-08-11T23:27:29.3698030-03:00" testType="13cdc9d9-ddb5-4fa4-a97d-d965ccfc6d4b" outcome="Passed" testListId="8c84fa94-04c1-424b-9868-57a2d4851a1d" relativeResultsDirectory="f6646537-65f4-42da-8e8e-d147c117a1cb" />
    <UnitTestResult executionId="cc88f0f4-469a-4553-bb71-b58f607ba1d5" testId="cf2ff463-604f-4bdf-13f9-b9c49d510424" testName="FileContentRenamer.Tests.Services.FileValidatorTests.ValidateConfiguration_WithNonExistentBasePath_ShouldReturnFalse" computerName="MacBook-Pro" duration="00:00:00.0002977" startTime="2025-08-11T23:27:29.5201420-03:00" endTime="2025-08-11T23:27:29.5205170-03:00" testType="13cdc9d9-ddb5-4fa4-a97d-d965ccfc6d4b" outcome="Passed" testListId="8c84fa94-04c1-424b-9868-57a2d4851a1d" relativeResultsDirectory="cc88f0f4-469a-4553-bb71-b58f607ba1d5" />
    <UnitTestResult executionId="54935baf-3908-4652-a768-6e313a629b6d" testId="0fcf9b9b-b820-ecc4-eb7d-d476c5dd956f" testName="FileContentRenamer.Tests.Services.FileServiceTests.ProcessFilesAsync_WithNoFiles_ShouldCompleteSuccessfully" computerName="MacBook-Pro" duration="00:00:00.0255821" startTime="2025-08-11T23:27:29.4686730-03:00" endTime="2025-08-11T23:27:29.5038770-03:00" testType="13cdc9d9-ddb5-4fa4-a97d-d965ccfc6d4b" outcome="Passed" testListId="8c84fa94-04c1-424b-9868-57a2d4851a1d" relativeResultsDirectory="54935baf-3908-4652-a768-6e313a629b6d" />
    <UnitTestResult executionId="ad121897-9b4a-4b21-ae06-f0ac393bddb6" testId="62f5d1dd-bd59-22f3-6b49-8433f76fa54e" testName="FileContentRenamer.Tests.Services.DateExtractorTests.ExtractDateFromFilename_WithVariousValidFormats_ShouldReturnCorrectDates(filename: &quot;invoice_2025-06-15_bank&quot;, expected: &quot;2025-06-15&quot;)" computerName="MacBook-Pro" duration="00:00:00.0000531" startTime="2025-08-11T23:27:29.1041880-03:00" endTime="2025-08-11T23:27:29.1042170-03:00" testType="13cdc9d9-ddb5-4fa4-a97d-d965ccfc6d4b" outcome="Passed" testListId="8c84fa94-04c1-424b-9868-57a2d4851a1d" relativeResultsDirectory="ad121897-9b4a-4b21-ae06-f0ac393bddb6" />
    <UnitTestResult executionId="5f37c114-4e93-4b9b-abb4-5467f4f887f5" testId="3a993a67-299c-3f87-5430-509e79a52fc2" testName="FileContentRenamer.Tests.Services.ImageProcessorTests.Constructor_WithNullTesseractDataPath_ShouldNotThrow" computerName="MacBook-Pro" duration="00:00:00.0407526" startTime="2025-08-11T23:27:29.9172960-03:00" endTime="2025-08-11T23:27:29.9461740-03:00" testType="13cdc9d9-ddb5-4fa4-a97d-d965ccfc6d4b" outcome="Passed" testListId="8c84fa94-04c1-424b-9868-57a2d4851a1d" relativeResultsDirectory="5f37c114-4e93-4b9b-abb4-5467f4f887f5" />
    <UnitTestResult executionId="d5cfc01a-5057-4be1-b531-63629d70b963" testId="70962b03-3000-68e4-fd2c-d9ce13588e5d" testName="FileContentRenamer.Tests.Services.TextProcessorTests.CanProcess_WithTxtExtensionDifferentCasing_ShouldReturnTrue(filename: &quot;test.tXt&quot;)" computerName="MacBook-Pro" duration="00:00:00.0002651" startTime="2025-08-11T23:27:29.4653790-03:00" endTime="2025-08-11T23:27:29.4654360-03:00" testType="13cdc9d9-ddb5-4fa4-a97d-d965ccfc6d4b" outcome="Passed" testListId="8c84fa94-04c1-424b-9868-57a2d4851a1d" relativeResultsDirectory="d5cfc01a-5057-4be1-b531-63629d70b963" />
    <UnitTestResult executionId="db88c181-63d5-40de-9cc9-88930ac3792d" testId="0585f1ec-f642-09e1-866f-6d3653426f93" testName="FileContentRenamer.Tests.Services.FileValidatorTests.ShouldSkipAlreadyNamedFile_WithNotAlreadyNamedFile_ShouldReturnFalse" computerName="MacBook-Pro" duration="00:00:00.0510408" startTime="2025-08-11T23:27:29.5261040-03:00" endTime="2025-08-11T23:27:29.5261590-03:00" testType="13cdc9d9-ddb5-4fa4-a97d-d965ccfc6d4b" outcome="Passed" testListId="8c84fa94-04c1-424b-9868-57a2d4851a1d" relativeResultsDirectory="db88c181-63d5-40de-9cc9-88930ac3792d" />
    <UnitTestResult executionId="65168870-c0d8-4cf0-9bba-4897a76b8281" testId="31f3b2f4-1b28-6746-2403-d25f9fbdfdf8" testName="FileContentRenamer.Tests.Services.DirectoryOrganizerTests.OrganizeFileIntoDirectoryStructure_InYearFolderDifferentMonth_ShouldMoveToCorrectMonth" computerName="MacBook-Pro" duration="00:00:00.0014849" startTime="2025-08-11T23:27:29.0925690-03:00" endTime="2025-08-11T23:27:29.1020570-03:00" testType="13cdc9d9-ddb5-4fa4-a97d-d965ccfc6d4b" outcome="Passed" testListId="8c84fa94-04c1-424b-9868-57a2d4851a1d" relativeResultsDirectory="65168870-c0d8-4cf0-9bba-4897a76b8281" />
    <UnitTestResult executionId="0412e220-4f45-45a2-bd58-40eccbca4213" testId="97a9732c-79a7-6428-f306-649df62803fe" testName="FileContentRenamer.Tests.Services.ImageProcessorTests.CanProcess_WithImageExtensions_ShouldReturnTrue(extension: &quot;.jpeg&quot;)" computerName="MacBook-Pro" duration="00:00:00.0315288" startTime="2025-08-11T23:27:29.4446540-03:00" endTime="2025-08-11T23:27:29.4687170-03:00" testType="13cdc9d9-ddb5-4fa4-a97d-d965ccfc6d4b" outcome="Passed" testListId="8c84fa94-04c1-424b-9868-57a2d4851a1d" relativeResultsDirectory="0412e220-4f45-45a2-bd58-40eccbca4213" />
    <UnitTestResult executionId="34298a6c-fb74-4946-b766-40dc99b59412" testId="ab8822d9-4b35-1a54-b9de-118c2cb93e14" testName="FileContentRenamer.Tests.Services.ImageProcessorTests.CanProcess_WithImageExtensions_ShouldReturnTrue(extension: &quot;.gif&quot;)" computerName="MacBook-Pro" duration="00:00:00.0628120" startTime="2025-08-11T23:27:29.4690140-03:00" endTime="2025-08-11T23:27:29.5046650-03:00" testType="13cdc9d9-ddb5-4fa4-a97d-d965ccfc6d4b" outcome="Failed" testListId="8c84fa94-04c1-424b-9868-57a2d4851a1d" relativeResultsDirectory="34298a6c-fb74-4946-b766-40dc99b59412">
      <Output>
        <ErrorInfo>
          <Message>Expected result to be True, but found False.</Message>
          <StackTrace>   at FluentAssertions.Execution.XUnit2TestFramework.Throw(String message)
   at FluentAssertions.Execution.TestFrameworkProvider.Throw(String message)
   at FluentAssertions.Execution.DefaultAssertionStrategy.HandleFailure(String message)
   at FluentAssertions.Execution.AssertionScope.FailWith(Func`1 failReasonFunc)
   at FluentAssertions.Execution.AssertionScope.FailWith(Func`1 failReasonFunc)
   at FluentAssertions.Execution.AssertionScope.FailWith(String message, Object[] args)
   at FluentAssertions.Primitives.BooleanAssertions`1.BeTrue(String because, Object[] becauseArgs)
   at FileContentRenamer.Tests.Services.ImageProcessorTests.CanProcess_WithImageExtensions_ShouldReturnTrue(String extension) in /Users/santibraida/Workspace/comprobantes/FileContentRenamer.Tests/Services/ImageProcessorTests.cs:line 44
   at InvokeStub_ImageProcessorTests.CanProcess_WithImageExtensions_ShouldReturnTrue(Object, Span`1)
   at System.Reflection.MethodBaseInvoker.InvokeWithOneArg(Object obj, BindingFlags invokeAttr, Binder binder, Object[] parameters, CultureInfo culture)</StackTrace>
        </ErrorInfo>
      </Output>
    </UnitTestResult>
    <UnitTestResult executionId="749f1187-513a-4863-a88e-7a780407eeda" testId="44b78ff5-3e7b-b701-e798-52be3aafb6cb" testName="FileContentRenamer.Tests.Services.FilenameGeneratorTests.GenerateUniqueFilename_WithMultipleExistingFiles_ShouldReturnNextAvailableNumber" computerName="MacBook-Pro" duration="00:00:00.0044374" startTime="2025-08-11T23:27:29.4375110-03:00" endTime="2025-08-11T23:27:29.4382550-03:00" testType="13cdc9d9-ddb5-4fa4-a97d-d965ccfc6d4b" outcome="Passed" testListId="8c84fa94-04c1-424b-9868-57a2d4851a1d" relativeResultsDirectory="749f1187-513a-4863-a88e-7a780407eeda" />
    <UnitTestResult executionId="ef26db60-45a9-49fb-a53a-9fb640b4d56b" testId="ab791beb-155a-2340-25c5-938aea845fff" testName="FileContentRenamer.Tests.Services.TextProcessorTests.ExtractContentAsync_WithSpecialCharacters_ShouldReturnContent" computerName="MacBook-Pro" duration="00:00:00.0076824" startTime="2025-08-11T23:27:29.3720680-03:00" endTime="2025-08-11T23:27:29.4411390-03:00" testType="13cdc9d9-ddb5-4fa4-a97d-d965ccfc6d4b" outcome="Passed" testListId="8c84fa94-04c1-424b-9868-57a2d4851a1d" relativeResultsDirectory="ef26db60-45a9-49fb-a53a-9fb640b4d56b" />
    <UnitTestResult executionId="809579d6-18d1-496b-a640-565a34f62e2a" testId="51c5dd4c-3587-911b-8de8-02b3003da056" testName="FileContentRenamer.Tests.Services.FileValidatorTests.ValidateConfiguration_WithEmptyFileExtensions_ShouldReturnFalse" computerName="MacBook-Pro" duration="00:00:00.0002920" startTime="2025-08-11T23:27:29.5028270-03:00" endTime="2025-08-11T23:27:29.5028770-03:00" testType="13cdc9d9-ddb5-4fa4-a97d-d965ccfc6d4b" outcome="Passed" testListId="8c84fa94-04c1-424b-9868-57a2d4851a1d" relativeResultsDirectory="809579d6-18d1-496b-a640-565a34f62e2a" />
    <UnitTestResult executionId="2ff90648-eb8b-432d-805b-e995f76e30a9" testId="c98d8a8b-c350-72b5-2be4-aa500796a5e0" testName="FileContentRenamer.Tests.Models.NamingRulesTests.GenerateFilename_WithMatchingRule_ShouldUseRuleValues" computerName="MacBook-Pro" duration="00:00:00.0255092" startTime="2025-08-11T23:27:29.0242970-03:00" endTime="2025-08-11T23:27:29.0368950-03:00" testType="13cdc9d9-ddb5-4fa4-a97d-d965ccfc6d4b" outcome="Passed" testListId="8c84fa94-04c1-424b-9868-57a2d4851a1d" relativeResultsDirectory="2ff90648-eb8b-432d-805b-e995f76e30a9" />
    <UnitTestResult executionId="68f10406-8b43-4d4c-9a1e-859c2a86b1bd" testId="2df2278f-2596-2f16-dbea-2fed2d64436a" testName="FileContentRenamer.Tests.Models.AppConfigTests.LoadFromConfiguration_WithValidConfigFile_ShouldLoadCorrectly" computerName="MacBook-Pro" duration="00:00:00.0760433" startTime="2025-08-11T23:27:29.5204740-03:00" endTime="2025-08-11T23:27:29.5294800-03:00" testType="13cdc9d9-ddb5-4fa4-a97d-d965ccfc6d4b" outcome="Failed" testListId="8c84fa94-04c1-424b-9868-57a2d4851a1d" relativeResultsDirectory="68f10406-8b43-4d4c-9a1e-859c2a86b1bd">
      <Output>
        <ErrorInfo>
          <Message>Expected result.BasePath to be "/test/base" with a length of 10, but "/var/folders/x1/bt0l1hlj3xxfgmlll69gmfr40000gn/T/9e7e0c84-776c-4d7a-86a5-cf17a6e26ccc" has a length of 85, differs near "var" (index 1).</Message>
          <StackTrace>   at FluentAssertions.Execution.XUnit2TestFramework.Throw(String message)
   at FluentAssertions.Execution.TestFrameworkProvider.Throw(String message)
   at FluentAssertions.Execution.DefaultAssertionStrategy.HandleFailure(String message)
   at FluentAssertions.Execution.AssertionScope.FailWith(Func`1 failReasonFunc)
   at FluentAssertions.Execution.AssertionScope.FailWith(Func`1 failReasonFunc)
   at FluentAssertions.Primitives.StringEqualityValidator.ValidateAgainstLengthDifferences()
   at FluentAssertions.Primitives.StringValidator.Validate()
   at FluentAssertions.Primitives.StringAssertions`1.Be(String expected, String because, Object[] becauseArgs)
   at FileContentRenamer.Tests.Models.AppConfigTests.LoadFromConfiguration_WithValidConfigFile_ShouldLoadCorrectly() in /Users/santibraida/Workspace/comprobantes/FileContentRenamer.Tests/Models/AppConfigTests.cs:line 93
   at System.RuntimeMethodHandle.InvokeMethod(Object target, Void** arguments, Signature sig, Boolean isConstructor)
   at System.Reflection.MethodBaseInvoker.InvokeWithNoArgs(Object obj, BindingFlags invokeAttr)</StackTrace>
        </ErrorInfo>
      </Output>
    </UnitTestResult>
    <UnitTestResult executionId="3ca1c72a-08bc-47ef-b840-36f57320b283" testId="9bedcbf1-e681-ce6a-b113-25e2deb4a524" testName="FileContentRenamer.Tests.Services.DateExtractorTests.ExtractDateFromContent_WithEmissionDateFormat_ShouldReturnCorrectDate" computerName="MacBook-Pro" duration="00:00:00.0000709" startTime="2025-08-11T23:27:29.1258550-03:00" endTime="2025-08-11T23:27:29.1259040-03:00" testType="13cdc9d9-ddb5-4fa4-a97d-d965ccfc6d4b" outcome="Passed" testListId="8c84fa94-04c1-424b-9868-57a2d4851a1d" relativeResultsDirectory="3ca1c72a-08bc-47ef-b840-36f57320b283" />
    <UnitTestResult executionId="aa554824-62dc-48a9-90a1-f2c9b9d9bd91" testId="924a2837-bdda-5ff7-8002-b76459c46087" testName="FileContentRenamer.Tests.Services.FileServiceTests.ProcessFilesAsync_WithEmptyContent_ShouldSkipFile" computerName="MacBook-Pro" duration="00:00:00.0073636" startTime="2025-08-11T23:27:29.4668030-03:00" endTime="2025-08-11T23:27:29.4683590-03:00" testType="13cdc9d9-ddb5-4fa4-a97d-d965ccfc6d4b" outcome="Passed" testListId="8c84fa94-04c1-424b-9868-57a2d4851a1d" relativeResultsDirectory="aa554824-62dc-48a9-90a1-f2c9b9d9bd91" />
    <UnitTestResult executionId="463141c0-d070-44ff-b793-57a012145b2d" testId="f705c669-0318-6f5e-e8e5-1b4eaa9f9880" testName="FileContentRenamer.Tests.Models.AppConfigTests.AppConfig_Properties_ShouldBeSettable" computerName="MacBook-Pro" duration="00:00:00.0029924" startTime="2025-08-11T23:27:29.4649850-03:00" endTime="2025-08-11T23:27:29.4669790-03:00" testType="13cdc9d9-ddb5-4fa4-a97d-d965ccfc6d4b" outcome="Passed" testListId="8c84fa94-04c1-424b-9868-57a2d4851a1d" relativeResultsDirectory="463141c0-d070-44ff-b793-57a012145b2d" />
    <UnitTestResult executionId="6ed2c086-ff41-40f9-be44-567d09e11723" testId="079ffdd2-77ff-69de-b8c6-9423e86a8bc9" testName="FileContentRenamer.Tests.Services.DirectoryOrganizerTests.GetMonthName_WithInvalidMonth_ShouldReturnUnknown(monthNumber: -1)" computerName="MacBook-Pro" duration="00:00:00.0003404" startTime="2025-08-11T23:27:29.1805430-03:00" endTime="2025-08-11T23:27:29.1805920-03:00" testType="13cdc9d9-ddb5-4fa4-a97d-d965ccfc6d4b" outcome="Passed" testListId="8c84fa94-04c1-424b-9868-57a2d4851a1d" relativeResultsDirectory="6ed2c086-ff41-40f9-be44-567d09e11723" />
    <UnitTestResult executionId="778c90a4-7cab-49f5-af73-0eff54e8c660" testId="9729a039-440f-b038-cbbc-13699377547c" testName="FileContentRenamer.Tests.Services.PdfProcessorTests.CanProcess_WithPdfExtension_ShouldReturnTrue" computerName="MacBook-Pro" duration="00:00:00.0002096" startTime="2025-08-11T23:27:29.2816840-03:00" endTime="2025-08-11T23:27:29.2817350-03:00" testType="13cdc9d9-ddb5-4fa4-a97d-d965ccfc6d4b" outcome="Passed" testListId="8c84fa94-04c1-424b-9868-57a2d4851a1d" relativeResultsDirectory="778c90a4-7cab-49f5-af73-0eff54e8c660" />
    <UnitTestResult executionId="6cec2b4b-998e-4147-8c4d-b356e1ed95fe" testId="63753db1-a700-4ddb-bad0-85dcc6fc1038" testName="FileContentRenamer.Tests.Services.DirectoryOrganizerTests.OrganizeFileIntoDirectoryStructure_ThreadSafety_ShouldHandleConcurrentCalls" computerName="MacBook-Pro" duration="00:00:00.0073384" startTime="2025-08-11T23:27:29.3697300-03:00" endTime="2025-08-11T23:27:29.4375690-03:00" testType="13cdc9d9-ddb5-4fa4-a97d-d965ccfc6d4b" outcome="Passed" testListId="8c84fa94-04c1-424b-9868-57a2d4851a1d" relativeResultsDirectory="6cec2b4b-998e-4147-8c4d-b356e1ed95fe" />
    <UnitTestResult executionId="14f0e3ea-292b-4f32-8fd2-56ba914f9c61" testId="99010084-55ec-2d67-80ac-70f30d045fef" testName="FileContentRenamer.Tests.Services.FilenameGeneratorTests.CleanupFileName_WithVariousInputs_ShouldReturnCleanedName(input: &quot;__file__name__&quot;, expected: &quot;file_name&quot;)" computerName="MacBook-Pro" duration="00:00:00.0004353" startTime="2025-08-11T23:27:29.3435700-03:00" endTime="2025-08-11T23:27:29.3436140-03:00" testType="13cdc9d9-ddb5-4fa4-a97d-d965ccfc6d4b" outcome="Failed" testListId="8c84fa94-04c1-424b-9868-57a2d4851a1d" relativeResultsDirectory="14f0e3ea-292b-4f32-8fd2-56ba914f9c61">
      <Output>
        <ErrorInfo>
          <Message>Expected result to be "file_name_2024-03-15_card.pdf" with a length of 29, but "test_2024-03-15_card.pdf" has a length of 24, differs near "tes" (index 0).</Message>
          <StackTrace>   at FluentAssertions.Execution.XUnit2TestFramework.Throw(String message)
   at FluentAssertions.Execution.TestFrameworkProvider.Throw(String message)
   at FluentAssertions.Execution.DefaultAssertionStrategy.HandleFailure(String message)
   at FluentAssertions.Execution.AssertionScope.FailWith(Func`1 failReasonFunc)
   at FluentAssertions.Execution.AssertionScope.FailWith(Func`1 failReasonFunc)
   at FluentAssertions.Primitives.StringEqualityValidator.ValidateAgainstLengthDifferences()
   at FluentAssertions.Primitives.StringValidator.Validate()
   at FluentAssertions.Primitives.StringAssertions`1.Be(String expected, String because, Object[] becauseArgs)
   at FileContentRenamer.Tests.Services.FilenameGeneratorTests.CleanupFileName_WithVariousInputs_ShouldReturnCleanedName(String input, String expected) in /Users/santibraida/Workspace/comprobantes/FileContentRenamer.Tests/Services/FilenameGeneratorTests.cs:line 232
   at InvokeStub_FilenameGeneratorTests.CleanupFileName_WithVariousInputs_ShouldReturnCleanedName(Object, Span`1)
   at System.Reflection.MethodBaseInvoker.InvokeWithFewArgs(Object obj, BindingFlags invokeAttr, Binder binder, Object[] parameters, CultureInfo culture)</StackTrace>
        </ErrorInfo>
      </Output>
    </UnitTestResult>
    <UnitTestResult executionId="35b0b8c3-93ee-4ca3-adac-e27f1e27c372" testId="2ce66dbc-f5ab-5500-4273-caffb3bf4e5f" testName="FileContentRenamer.Tests.Models.NamingRulesTests.FindMatchingRule_WithNoMatchingRule_ShouldReturnNull" computerName="MacBook-Pro" duration="00:00:00.0004184" startTime="2025-08-11T23:27:29.0999040-03:00" endTime="2025-08-11T23:27:29.1006630-03:00" testType="13cdc9d9-ddb5-4fa4-a97d-d965ccfc6d4b" outcome="Passed" testListId="8c84fa94-04c1-424b-9868-57a2d4851a1d" relativeResultsDirectory="35b0b8c3-93ee-4ca3-adac-e27f1e27c372" />
    <UnitTestResult executionId="d91275fe-a4d9-4e6d-b2aa-0d84bb994b23" testId="fd75bf1b-7547-e469-5bac-5caae1974719" testName="FileContentRenamer.Tests.Services.FilenameGeneratorTests.IsAlreadyNamedFilename_WithValidFormats_ShouldReturnTrue(filename: &quot;service_2024-03-15_payment&quot;)" computerName="MacBook-Pro" duration="00:00:00.0794512" startTime="2025-08-11T23:27:29.0242530-03:00" endTime="2025-08-11T23:27:29.2473720-03:00" testType="13cdc9d9-ddb5-4fa4-a97d-d965ccfc6d4b" outcome="Passed" testListId="8c84fa94-04c1-424b-9868-57a2d4851a1d" relativeResultsDirectory="d91275fe-a4d9-4e6d-b2aa-0d84bb994b23" />
    <UnitTestResult executionId="f1b95b10-e3bb-45d3-bb2e-80a5a855992d" testId="ee802fc6-9af0-1284-c4b7-a8377911ec00" testName="FileContentRenamer.Tests.Services.TextProcessorTests.CanProcess_WithNonTxtExtension_ShouldReturnFalse(filename: &quot;test&quot;)" computerName="MacBook-Pro" duration="00:00:00.0002068" startTime="2025-08-11T23:27:29.4452920-03:00" endTime="2025-08-11T23:27:29.4453340-03:00" testType="13cdc9d9-ddb5-4fa4-a97d-d965ccfc6d4b" outcome="Passed" testListId="8c84fa94-04c1-424b-9868-57a2d4851a1d" relativeResultsDirectory="f1b95b10-e3bb-45d3-bb2e-80a5a855992d" />
    <UnitTestResult executionId="36c3e42e-bc86-4206-b5ac-d6ac5f70c458" testId="7e3a9744-91b7-a2b9-ebb3-73a79e07c25d" testName="FileContentRenamer.Tests.Services.FileValidatorTests.ShouldProcessFile_WithInvalidExtensions_ShouldReturnFalse(extension: &quot;.doc&quot;)" computerName="MacBook-Pro" duration="00:00:00.0003467" startTime="2025-08-11T23:27:29.3713030-03:00" endTime="2025-08-11T23:27:29.3713530-03:00" testType="13cdc9d9-ddb5-4fa4-a97d-d965ccfc6d4b" outcome="Passed" testListId="8c84fa94-04c1-424b-9868-57a2d4851a1d" relativeResultsDirectory="36c3e42e-bc86-4206-b5ac-d6ac5f70c458" />
    <UnitTestResult executionId="e818f327-2b5a-4795-95e1-54b7c7531199" testId="15d0df81-8794-5fa5-b2c8-6331ce7be91e" testName="FileContentRenamer.Tests.Services.TextProcessorTests.ExtractContentAsync_WithLargeFile_ShouldReturnFirst1000Characters" computerName="MacBook-Pro" duration="00:00:00.0042917" startTime="2025-08-11T23:27:29.4682980-03:00" endTime="2025-08-11T23:27:29.4690430-03:00" testType="13cdc9d9-ddb5-4fa4-a97d-d965ccfc6d4b" outcome="Passed" testListId="8c84fa94-04c1-424b-9868-57a2d4851a1d" relativeResultsDirectory="e818f327-2b5a-4795-95e1-54b7c7531199" />
    <UnitTestResult executionId="13f07b92-5096-4397-8170-8c67f3184193" testId="7fc03f6c-44c6-760a-ff15-5a01859458b0" testName="FileContentRenamer.Tests.Services.DirectoryOrganizerTests.OrganizeFileIntoDirectoryStructure_AlreadyInYearFolder_ShouldMoveToMonthFolder" computerName="MacBook-Pro" duration="00:00:00.0887403" startTime="2025-08-11T23:27:29.1928800-03:00" endTime="2025-08-11T23:27:29.2831740-03:00" testType="13cdc9d9-ddb5-4fa4-a97d-d965ccfc6d4b" outcome="Failed" testListId="8c84fa94-04c1-424b-9868-57a2d4851a1d" relativeResultsDirectory="13f07b92-5096-4397-8170-8c67f3184193">
      <Output>
        <ErrorInfo>
          <Message>Expected result to be "/var/folders/x1/bt0l1hlj3xxfgmlll69gmfr40000gn/T/0f2c06cc-4d74-4242-9449-2871eae85a26/2024/03_marzo/test.pdf" with a length of 108, but "/var/folders/x1/bt0l1hlj3xxfgmlll69gmfr40000gn/T/2024/03_marzo/test_2.pdf" has a length of 73, differs near "202" (index 49).</Message>
          <StackTrace>   at FluentAssertions.Execution.XUnit2TestFramework.Throw(String message)
   at FluentAssertions.Execution.TestFrameworkProvider.Throw(String message)
   at FluentAssertions.Execution.DefaultAssertionStrategy.HandleFailure(String message)
   at FluentAssertions.Execution.AssertionScope.FailWith(Func`1 failReasonFunc)
   at FluentAssertions.Execution.AssertionScope.FailWith(Func`1 failReasonFunc)
   at FluentAssertions.Primitives.StringEqualityValidator.ValidateAgainstLengthDifferences()
   at FluentAssertions.Primitives.StringValidator.Validate()
   at FluentAssertions.Primitives.StringAssertions`1.Be(String expected, String because, Object[] becauseArgs)
   at FileContentRenamer.Tests.Services.DirectoryOrganizerTests.OrganizeFileIntoDirectoryStructure_AlreadyInYearFolder_ShouldMoveToMonthFolder() in /Users/santibraida/Workspace/comprobantes/FileContentRenamer.Tests/Services/DirectoryOrganizerTests.cs:line 222
   at System.RuntimeMethodHandle.InvokeMethod(Object target, Void** arguments, Signature sig, Boolean isConstructor)
   at System.Reflection.MethodBaseInvoker.InvokeWithNoArgs(Object obj, BindingFlags invokeAttr)</StackTrace>
        </ErrorInfo>
      </Output>
    </UnitTestResult>
    <UnitTestResult executionId="39464e28-7941-44da-823c-7d9d3fc58185" testId="2256e44b-d5c1-25c7-1712-2e03764de95a" testName="FileContentRenamer.Tests.Services.FileValidatorTests.ShouldProcessFile_WithValidFile_ShouldReturnTrue" computerName="MacBook-Pro" duration="00:00:00.0022481" startTime="2025-08-11T23:27:29.5257340-03:00" endTime="2025-08-11T23:27:29.5257840-03:00" testType="13cdc9d9-ddb5-4fa4-a97d-d965ccfc6d4b" outcome="Passed" testListId="8c84fa94-04c1-424b-9868-57a2d4851a1d" relativeResultsDirectory="39464e28-7941-44da-823c-7d9d3fc58185" />
    <UnitTestResult executionId="9b313a6a-46d7-4a42-a55e-943efd0f1f18" testId="f0195bc9-b668-8b5d-b703-9a52aa1e98e6" testName="FileContentRenamer.Tests.Services.FileValidatorTests.ValidateConfiguration_WithNullBasePath_ShouldReturnFalse" computerName="MacBook-Pro" duration="00:00:00.0003889" startTime="2025-08-11T23:27:29.5284790-03:00" endTime="2025-08-11T23:27:29.5285210-03:00" testType="13cdc9d9-ddb5-4fa4-a97d-d965ccfc6d4b" outcome="Passed" testListId="8c84fa94-04c1-424b-9868-57a2d4851a1d" relativeResultsDirectory="9b313a6a-46d7-4a42-a55e-943efd0f1f18" />
    <UnitTestResult executionId="82d59430-7517-409a-a6a0-73b36a14a410" testId="63740491-dbe7-68e1-03c8-149486e0c4ce" testName="FileContentRenamer.Tests.Services.DirectoryOrganizerTests.IsInYearMonthStructure_WithMonthInYearFolder_ShouldReturnTrue" computerName="MacBook-Pro" duration="00:00:00.0386574" startTime="2025-08-11T23:27:29.3129320-03:00" endTime="2025-08-11T23:27:29.3633370-03:00" testType="13cdc9d9-ddb5-4fa4-a97d-d965ccfc6d4b" outcome="Passed" testListId="8c84fa94-04c1-424b-9868-57a2d4851a1d" relativeResultsDirectory="82d59430-7517-409a-a6a0-73b36a14a410" />
    <UnitTestResult executionId="93c1b596-a5dd-42fb-b286-090de7d769ad" testId="3bc1972c-43c3-09f6-6b21-23df0274286b" testName="FileContentRenamer.Tests.Models.NamingRulesTests.Constructor_WithDefaultValues_ShouldInitializeCorrectly" computerName="MacBook-Pro" duration="00:00:00.0373589" startTime="2025-08-11T23:27:29.3109090-03:00" endTime="2025-08-11T23:27:29.3448610-03:00" testType="13cdc9d9-ddb5-4fa4-a97d-d965ccfc6d4b" outcome="Passed" testListId="8c84fa94-04c1-424b-9868-57a2d4851a1d" relativeResultsDirectory="93c1b596-a5dd-42fb-b286-090de7d769ad" />
    <UnitTestResult executionId="72cc3c57-9a1e-4bce-a20d-87e04c7180bb" testId="154b1187-a8fe-288a-dff0-88f9c1f03683" testName="FileContentRenamer.Tests.Models.NamingRuleTests.Matches_WithNullContent_ShouldReturnFalse" computerName="MacBook-Pro" duration="00:00:00.0001580" startTime="2025-08-11T23:27:29.2530030-03:00" endTime="2025-08-11T23:27:29.2530310-03:00" testType="13cdc9d9-ddb5-4fa4-a97d-d965ccfc6d4b" outcome="Passed" testListId="8c84fa94-04c1-424b-9868-57a2d4851a1d" relativeResultsDirectory="72cc3c57-9a1e-4bce-a20d-87e04c7180bb" />
    <UnitTestResult executionId="36aad227-b84b-4d38-adbc-d7f505a7433e" testId="19f9e186-a4aa-4850-0176-aa961f311415" testName="FileContentRenamer.Tests.Services.DirectoryOrganizerTests.OrganizeFileIntoDirectoryStructure_WithInvalidDate_ShouldReturnOriginalPath" computerName="MacBook-Pro" duration="00:00:00.0011442" startTime="2025-08-11T23:27:29.1816550-03:00" endTime="2025-08-11T23:27:29.1817050-03:00" testType="13cdc9d9-ddb5-4fa4-a97d-d965ccfc6d4b" outcome="Passed" testListId="8c84fa94-04c1-424b-9868-57a2d4851a1d" relativeResultsDirectory="36aad227-b84b-4d38-adbc-d7f505a7433e" />
    <UnitTestResult executionId="d73c5aac-e376-437d-b280-0bd5e105dd9e" testId="3ecade73-7761-1f4e-e941-925f13343fbf" testName="FileContentRenamer.Tests.Services.ImageProcessorTests.CanProcess_WithNonImageExtension_ShouldReturnFalse(extension: &quot;.docx&quot;)" computerName="MacBook-Pro" duration="00:00:00.0603440" startTime="2025-08-11T23:27:29.4404050-03:00" endTime="2025-08-11T23:27:29.4442790-03:00" testType="13cdc9d9-ddb5-4fa4-a97d-d965ccfc6d4b" outcome="Passed" testListId="8c84fa94-04c1-424b-9868-57a2d4851a1d" relativeResultsDirectory="d73c5aac-e376-437d-b280-0bd5e105dd9e" />
    <UnitTestResult executionId="01877073-18e4-44da-aa2c-89b9a8451e53" testId="a86e36e4-e94e-5f42-8494-d796a058bcf2" testName="FileContentRenamer.Tests.Services.DirectoryOrganizerTests.IsInYearMonthStructure_WithInvalidStructure_ShouldReturnFalse(folderName: &quot;2024_not_year&quot;)" computerName="MacBook-Pro" duration="00:00:00.0012070" startTime="2025-08-11T23:27:29.1784720-03:00" endTime="2025-08-11T23:27:29.1785720-03:00" testType="13cdc9d9-ddb5-4fa4-a97d-d965ccfc6d4b" outcome="Passed" testListId="8c84fa94-04c1-424b-9868-57a2d4851a1d" relativeResultsDirectory="01877073-18e4-44da-aa2c-89b9a8451e53" />
    <UnitTestResult executionId="1cba3df7-7624-4a63-8657-6a4f0194a95e" testId="67877ab3-cd79-0712-f2c5-84dba6ba53b5" testName="FileContentRenamer.Tests.Services.FileValidatorTests.ShouldProcessFile_WithNullPath_ShouldReturnFalse" computerName="MacBook-Pro" duration="00:00:00.0001806" startTime="2025-08-11T23:27:29.5764270-03:00" endTime="2025-08-11T23:27:29.5875850-03:00" testType="13cdc9d9-ddb5-4fa4-a97d-d965ccfc6d4b" outcome="Passed" testListId="8c84fa94-04c1-424b-9868-57a2d4851a1d" relativeResultsDirectory="1cba3df7-7624-4a63-8657-6a4f0194a95e" />
    <UnitTestResult executionId="ab262641-e2e5-44f9-af4f-7a4158cf283d" testId="d1416a64-bf78-25ec-aee2-d5b8b18bc3dc" testName="FileContentRenamer.Tests.Services.DirectoryOrganizerTests.GetMonthName_WithValidMonth_ShouldReturnSpanishName(monthNumber: 5, expected: &quot;mayo&quot;)" computerName="MacBook-Pro" duration="00:00:00.0000926" startTime="2025-08-11T23:27:29.1280440-03:00" endTime="2025-08-11T23:27:29.1287090-03:00" testType="13cdc9d9-ddb5-4fa4-a97d-d965ccfc6d4b" outcome="Passed" testListId="8c84fa94-04c1-424b-9868-57a2d4851a1d" relativeResultsDirectory="ab262641-e2e5-44f9-af4f-7a4158cf283d" />
    <UnitTestResult executionId="ca502b9d-c93a-4d5c-b3cb-f3f1407a9e03" testId="2c747d1f-f1c9-2115-b65f-2b6f4087b146" testName="FileContentRenamer.Tests.Services.FilenameGeneratorTests.IsAlreadyNamedFilename_WithValidFormats_ShouldReturnTrue(filename: &quot;test_2023-12-31_card&quot;)" computerName="MacBook-Pro" duration="00:00:00.0001299" startTime="2025-08-11T23:27:29.2480120-03:00" endTime="2025-08-11T23:27:29.2480410-03:00" testType="13cdc9d9-ddb5-4fa4-a97d-d965ccfc6d4b" outcome="Passed" testListId="8c84fa94-04c1-424b-9868-57a2d4851a1d" relativeResultsDirectory="ca502b9d-c93a-4d5c-b3cb-f3f1407a9e03" />
    <UnitTestResult executionId="69e3c19f-0bd7-44f3-96e8-1ec428a44154" testId="d0d2c3b5-6a63-09c0-0a9b-894aa7a6f45d" testName="FileContentRenamer.Tests.Services.FileServiceTests.ProcessFilesAsync_WithInvalidConfiguration_ShouldReturnEarly" computerName="MacBook-Pro" duration="00:00:00.0010880" startTime="2025-08-11T23:27:29.5881650-03:00" endTime="2025-08-11T23:27:29.5885450-03:00" testType="13cdc9d9-ddb5-4fa4-a97d-d965ccfc6d4b" outcome="Passed" testListId="8c84fa94-04c1-424b-9868-57a2d4851a1d" relativeResultsDirectory="69e3c19f-0bd7-44f3-96e8-1ec428a44154" />
    <UnitTestResult executionId="93ca2f27-99c9-4c7a-ae28-cac024bdaa17" testId="ef0ba115-bb03-098e-48b3-8914fb59fb7f" testName="FileContentRenamer.Tests.Services.DirectoryOrganizerTests.GetMonthName_WithValidMonth_ShouldReturnSpanishName(monthNumber: 1, expected: &quot;enero&quot;)" computerName="MacBook-Pro" duration="00:00:00.0001198" startTime="2025-08-11T23:27:29.1276820-03:00" endTime="2025-08-11T23:27:29.1277550-03:00" testType="13cdc9d9-ddb5-4fa4-a97d-d965ccfc6d4b" outcome="Passed" testListId="8c84fa94-04c1-424b-9868-57a2d4851a1d" relativeResultsDirectory="93ca2f27-99c9-4c7a-ae28-cac024bdaa17" />
    <UnitTestResult executionId="a946518d-98f0-4e74-a6f8-9ed862196411" testId="003f2eb1-16a9-1fca-9f6b-de2c702ff29c" testName="FileContentRenamer.Tests.Services.FilenameGeneratorTests.CleanupFileName_WithVariousInputs_ShouldReturnCleanedName(input: &quot;___&quot;, expected: &quot;cleaned_file&quot;)" computerName="MacBook-Pro" duration="00:00:00.0495149" startTime="2025-08-11T23:27:29.2512930-03:00" endTime="2025-08-11T23:27:29.2841810-03:00" testType="13cdc9d9-ddb5-4fa4-a97d-d965ccfc6d4b" outcome="Failed" testListId="8c84fa94-04c1-424b-9868-57a2d4851a1d" relativeResultsDirectory="a946518d-98f0-4e74-a6f8-9ed862196411">
      <Output>
        <ErrorInfo>
          <Message>Expected result to be "cleaned_file_2024-03-15_card.pdf" with a length of 32, but "test_2024-03-15_card.pdf" has a length of 24, differs near "tes" (index 0).</Message>
          <StackTrace>   at FluentAssertions.Execution.XUnit2TestFramework.Throw(String message)
   at FluentAssertions.Execution.TestFrameworkProvider.Throw(String message)
   at FluentAssertions.Execution.DefaultAssertionStrategy.HandleFailure(String message)
   at FluentAssertions.Execution.AssertionScope.FailWith(Func`1 failReasonFunc)
   at FluentAssertions.Execution.AssertionScope.FailWith(Func`1 failReasonFunc)
   at FluentAssertions.Primitives.StringEqualityValidator.ValidateAgainstLengthDifferences()
   at FluentAssertions.Primitives.StringValidator.Validate()
   at FluentAssertions.Primitives.StringAssertions`1.Be(String expected, String because, Object[] becauseArgs)
   at FileContentRenamer.Tests.Services.FilenameGeneratorTests.CleanupFileName_WithVariousInputs_ShouldReturnCleanedName(String input, String expected) in /Users/santibraida/Workspace/comprobantes/FileContentRenamer.Tests/Services/FilenameGeneratorTests.cs:line 232
   at System.RuntimeMethodHandle.InvokeMethod(Object target, Void** arguments, Signature sig, Boolean isConstructor)
   at System.Reflection.MethodBaseInvoker.InvokeDirectByRefWithFewArgs(Object obj, Span`1 copyOfArgs, BindingFlags invokeAttr)</StackTrace>
        </ErrorInfo>
      </Output>
    </UnitTestResult>
    <UnitTestResult executionId="ca1c8d36-4adf-4272-8ff1-ad33eace8279" testId="ab0172d5-f8de-2bd2-5705-f61f86ff407f" testName="FileContentRenamer.Tests.Services.DateExtractorTests.ExtractDateFromContent_WithMultipleDates_ShouldReturnFirstFound" computerName="MacBook-Pro" duration="00:00:00.0000772" startTime="2025-08-11T23:27:29.1868960-03:00" endTime="2025-08-11T23:27:29.1869420-03:00" testType="13cdc9d9-ddb5-4fa4-a97d-d965ccfc6d4b" outcome="Passed" testListId="8c84fa94-04c1-424b-9868-57a2d4851a1d" relativeResultsDirectory="ca1c8d36-4adf-4272-8ff1-ad33eace8279" />
    <UnitTestResult executionId="2fe3ac2a-5ca0-4712-875a-8e29a9091236" testId="c065bb15-0b46-1d32-e858-5e9745c4fb6e" testName="FileContentRenamer.Tests.Models.AppConfigTests.LoadFromConfiguration_WithEmptyConfig_ShouldReturnDefaultValues" computerName="MacBook-Pro" duration="00:00:00.0793138" startTime="2025-08-11T23:27:29.5443000-03:00" endTime="2025-08-11T23:27:29.5894440-03:00" testType="13cdc9d9-ddb5-4fa4-a97d-d965ccfc6d4b" outcome="Failed" testListId="8c84fa94-04c1-424b-9868-57a2d4851a1d" relativeResultsDirectory="2fe3ac2a-5ca0-4712-875a-8e29a9091236">
      <Output>
        <ErrorInfo>
          <Message>Expected result.ForceReprocessAlreadyNamed to be False, but found True.</Message>
          <StackTrace>   at FluentAssertions.Execution.XUnit2TestFramework.Throw(String message)
   at FluentAssertions.Execution.TestFrameworkProvider.Throw(String message)
   at FluentAssertions.Execution.DefaultAssertionStrategy.HandleFailure(String message)
   at FluentAssertions.Execution.AssertionScope.FailWith(Func`1 failReasonFunc)
   at FluentAssertions.Execution.AssertionScope.FailWith(Func`1 failReasonFunc)
   at FluentAssertions.Execution.AssertionScope.FailWith(String message, Object[] args)
   at FluentAssertions.Primitives.BooleanAssertions`1.BeFalse(String because, Object[] becauseArgs)
   at FileContentRenamer.Tests.Models.AppConfigTests.LoadFromConfiguration_WithEmptyConfig_ShouldReturnDefaultValues() in /Users/santibraida/Workspace/comprobantes/FileContentRenamer.Tests/Models/AppConfigTests.cs:line 143
   at System.RuntimeMethodHandle.InvokeMethod(Object target, Void** arguments, Signature sig, Boolean isConstructor)
   at System.Reflection.MethodBaseInvoker.InvokeWithNoArgs(Object obj, BindingFlags invokeAttr)</StackTrace>
        </ErrorInfo>
      </Output>
    </UnitTestResult>
    <UnitTestResult executionId="2731b4b8-0c3b-4131-b584-f4b8a37e831b" testId="c14045dd-f91b-3e98-d221-a8a83ca7b93f" testName="FileContentRenamer.Tests.Services.FileServiceTests.ProcessFilesAsync_WithParallelProcessing_ShouldProcessMultipleFiles" computerName="MacBook-Pro" duration="00:00:00.1908124" startTime="2025-08-11T23:27:29.0242810-03:00" endTime="2025-08-11T23:27:29.3721030-03:00" testType="13cdc9d9-ddb5-4fa4-a97d-d965ccfc6d4b" outcome="Passed" testListId="8c84fa94-04c1-424b-9868-57a2d4851a1d" relativeResultsDirectory="2731b4b8-0c3b-4131-b584-f4b8a37e831b" />
    <UnitTestResult executionId="84f670a6-5768-468a-bb98-32e092afd458" testId="4bbcc3d2-5b9e-8537-8345-00f48a01da72" testName="FileContentRenamer.Tests.Services.FilenameGeneratorTests.CleanupFileName_WithVariousInputs_ShouldReturnCleanedName(input: &quot;file&lt;&gt;name&quot;, expected: &quot;file__name&quot;)" computerName="MacBook-Pro" duration="00:00:00.0007255" startTime="2025-08-11T23:27:29.3116380-03:00" endTime="2025-08-11T23:27:29.3129660-03:00" testType="13cdc9d9-ddb5-4fa4-a97d-d965ccfc6d4b" outcome="Failed" testListId="8c84fa94-04c1-424b-9868-57a2d4851a1d" relativeResultsDirectory="84f670a6-5768-468a-bb98-32e092afd458">
      <Output>
        <ErrorInfo>
          <Message>Expected result to be "file__name_2024-03-15_card.pdf" with a length of 30, but "test_2024-03-15_card.pdf" has a length of 24, differs near "tes" (index 0).</Message>
          <StackTrace>   at FluentAssertions.Execution.XUnit2TestFramework.Throw(String message)
   at FluentAssertions.Execution.TestFrameworkProvider.Throw(String message)
   at FluentAssertions.Execution.DefaultAssertionStrategy.HandleFailure(String message)
   at FluentAssertions.Execution.AssertionScope.FailWith(Func`1 failReasonFunc)
   at FluentAssertions.Execution.AssertionScope.FailWith(Func`1 failReasonFunc)
   at FluentAssertions.Primitives.StringEqualityValidator.ValidateAgainstLengthDifferences()
   at FluentAssertions.Primitives.StringValidator.Validate()
   at FluentAssertions.Primitives.StringAssertions`1.Be(String expected, String because, Object[] becauseArgs)
   at FileContentRenamer.Tests.Services.FilenameGeneratorTests.CleanupFileName_WithVariousInputs_ShouldReturnCleanedName(String input, String expected) in /Users/santibraida/Workspace/comprobantes/FileContentRenamer.Tests/Services/FilenameGeneratorTests.cs:line 232
   at InvokeStub_FilenameGeneratorTests.CleanupFileName_WithVariousInputs_ShouldReturnCleanedName(Object, Span`1)
   at System.Reflection.MethodBaseInvoker.InvokeWithFewArgs(Object obj, BindingFlags invokeAttr, Binder binder, Object[] parameters, CultureInfo culture)</StackTrace>
        </ErrorInfo>
      </Output>
    </UnitTestResult>
    <UnitTestResult executionId="cc36bcb5-ec36-421d-9bb2-073dea9b79fd" testId="a4d26202-1548-77e4-c6ee-466955cdb771" testName="FileContentRenamer.Tests.Services.DateExtractorTests.ExtractDateFromContent_WithVariousDueDateFormats_ShouldReturnCorrectDates(content: &quot;Vto.:15/03/2024&quot;, expected: &quot;2024-03-15&quot;)" computerName="MacBook-Pro" duration="00:00:00.0257275" startTime="2025-08-11T23:27:29.0242350-03:00" endTime="2025-08-11T23:27:29.0263510-03:00" testType="13cdc9d9-ddb5-4fa4-a97d-d965ccfc6d4b" outcome="Passed" testListId="8c84fa94-04c1-424b-9868-57a2d4851a1d" relativeResultsDirectory="cc36bcb5-ec36-421d-9bb2-073dea9b79fd" />
    <UnitTestResult executionId="2aff8101-0ac0-4c47-a5c6-9a2335a584be" testId="653d3743-7cb8-b116-b4af-cf8e20bba6f6" testName="FileContentRenamer.Tests.Models.NamingRulesTests.GenerateFilename_WithRuleWithEmptyPaymentMethod_ShouldUseDefault" computerName="MacBook-Pro" duration="00:00:00.0000860" startTime="2025-08-11T23:27:29.3471730-03:00" endTime="2025-08-11T23:27:29.3474840-03:00" testType="13cdc9d9-ddb5-4fa4-a97d-d965ccfc6d4b" outcome="Passed" testListId="8c84fa94-04c1-424b-9868-57a2d4851a1d" relativeResultsDirectory="2aff8101-0ac0-4c47-a5c6-9a2335a584be" />
    <UnitTestResult executionId="ee1efccc-3a49-42fd-a209-a51bbaaf29f8" testId="929aa209-e3f7-852b-9884-da4d7850f9c4" testName="FileContentRenamer.Tests.Services.TextProcessorTests.ExtractContentAsync_WithValidTextFile_ShouldReturnContent" computerName="MacBook-Pro" duration="00:00:00.0417383" startTime="2025-08-11T23:27:29.2456930-03:00" endTime="2025-08-11T23:27:29.2761160-03:00" testType="13cdc9d9-ddb5-4fa4-a97d-d965ccfc6d4b" outcome="Passed" testListId="8c84fa94-04c1-424b-9868-57a2d4851a1d" relativeResultsDirectory="ee1efccc-3a49-42fd-a209-a51bbaaf29f8" />
    <UnitTestResult executionId="91e7edd6-a1e8-408a-a09b-1eebfd9fb838" testId="1f6f6946-e988-6d1a-ad4a-0a9338273d33" testName="FileContentRenamer.Tests.Services.FileServiceTests.ProcessFilesAsync_WithSubdirectories_ShouldProcessAllFiles" computerName="MacBook-Pro" duration="00:00:00.0179292" startTime="2025-08-11T23:27:29.5267910-03:00" endTime="2025-08-11T23:27:29.5764710-03:00" testType="13cdc9d9-ddb5-4fa4-a97d-d965ccfc6d4b" outcome="Passed" testListId="8c84fa94-04c1-424b-9868-57a2d4851a1d" relativeResultsDirectory="91e7edd6-a1e8-408a-a09b-1eebfd9fb838" />
    <UnitTestResult executionId="375584dc-e600-4a2b-be6d-53c215d6f415" testId="01a2041b-e2e4-e363-0b4d-3c74dc73e548" testName="FileContentRenamer.Tests.Services.FileValidatorTests.ValidateFileSize_WithNormalFile_ShouldNotThrow" computerName="MacBook-Pro" duration="00:00:00.0008230" startTime="2025-08-11T23:27:29.5287970-03:00" endTime="2025-08-11T23:27:29.5288390-03:00" testType="13cdc9d9-ddb5-4fa4-a97d-d965ccfc6d4b" outcome="Passed" testListId="8c84fa94-04c1-424b-9868-57a2d4851a1d" relativeResultsDirectory="375584dc-e600-4a2b-be6d-53c215d6f415" />
    <UnitTestResult executionId="4349e9ff-f523-4a1b-8f89-6247a2552667" testId="34f0a146-8932-4124-920d-b39c3eb45d5b" testName="FileContentRenamer.Tests.Services.FileServiceTests.ProcessFilesAsync_WithAlreadyNamedFile_ShouldSkipRenaming" computerName="MacBook-Pro" duration="00:00:00.0068522" startTime="2025-08-11T23:27:29.5875350-03:00" endTime="2025-08-11T23:27:29.5878360-03:00" testType="13cdc9d9-ddb5-4fa4-a97d-d965ccfc6d4b" outcome="Passed" testListId="8c84fa94-04c1-424b-9868-57a2d4851a1d" relativeResultsDirectory="4349e9ff-f523-4a1b-8f89-6247a2552667" />
    <UnitTestResult executionId="837e923d-aad6-4528-94a2-c36160d711f6" testId="ebc6b45b-0fe4-e4c2-6b7e-a061ba64a1b2" testName="FileContentRenamer.Tests.Services.DirectoryOrganizerTests.GetMonthName_WithValidMonth_ShouldReturnSpanishName(monthNumber: 9, expected: &quot;septiembre&quot;)" computerName="MacBook-Pro" duration="00:00:00.0003674" startTime="2025-08-11T23:27:29.1235020-03:00" endTime="2025-08-11T23:27:29.1265970-03:00" testType="13cdc9d9-ddb5-4fa4-a97d-d965ccfc6d4b" outcome="Passed" testListId="8c84fa94-04c1-424b-9868-57a2d4851a1d" relativeResultsDirectory="837e923d-aad6-4528-94a2-c36160d711f6" />
    <UnitTestResult executionId="5047f31e-9690-4229-95e7-603b81ff0944" testId="5ba61b11-551a-10ce-86ec-bdc1ee67e90e" testName="FileContentRenamer.Tests.Services.FileValidatorTests.ValidateConfiguration_WithEmptyBasePath_ShouldReturnFalse" computerName="MacBook-Pro" duration="00:00:00.0005474" startTime="2025-08-11T23:27:29.5291100-03:00" endTime="2025-08-11T23:27:29.5291630-03:00" testType="13cdc9d9-ddb5-4fa4-a97d-d965ccfc6d4b" outcome="Passed" testListId="8c84fa94-04c1-424b-9868-57a2d4851a1d" relativeResultsDirectory="5047f31e-9690-4229-95e7-603b81ff0944" />
    <UnitTestResult executionId="4bf0c63b-5a7d-4a7c-aa91-cdef95e4d5cc" testId="673ac6d3-d960-9ab3-69aa-92efadf19225" testName="FileContentRenamer.Tests.Models.NamingRuleTests.Matches_WithMissingKeywords_ShouldReturnFalse" computerName="MacBook-Pro" duration="00:00:00.0003769" startTime="2025-08-11T23:27:29.2519550-03:00" endTime="2025-08-11T23:27:29.2519910-03:00" testType="13cdc9d9-ddb5-4fa4-a97d-d965ccfc6d4b" outcome="Passed" testListId="8c84fa94-04c1-424b-9868-57a2d4851a1d" relativeResultsDirectory="4bf0c63b-5a7d-4a7c-aa91-cdef95e4d5cc" />
    <UnitTestResult executionId="0346d601-2098-43eb-bce6-fe191bf09596" testId="aa7a6137-3efe-902b-7df5-672c2c4d55d3" testName="FileContentRenamer.Tests.Services.PdfProcessorTests.CanProcess_WithNonPdfExtension_ShouldReturnFalse(filename: &quot;test.docx&quot;)" computerName="MacBook-Pro" duration="00:00:00.0002218" startTime="2025-08-11T23:27:29.2787660-03:00" endTime="2025-08-11T23:27:29.2788130-03:00" testType="13cdc9d9-ddb5-4fa4-a97d-d965ccfc6d4b" outcome="Passed" testListId="8c84fa94-04c1-424b-9868-57a2d4851a1d" relativeResultsDirectory="0346d601-2098-43eb-bce6-fe191bf09596" />
    <UnitTestResult executionId="020d0864-9941-4191-952b-e0b156c9e892" testId="6c106499-e2c3-a0a7-eafe-eacf56794202" testName="FileContentRenamer.Tests.Services.DirectoryOrganizerTests.GetMonthName_WithInvalidMonth_ShouldReturnUnknown(monthNumber: 13)" computerName="MacBook-Pro" duration="00:00:00.0001014" startTime="2025-08-11T23:27:29.1808800-03:00" endTime="2025-08-11T23:27:29.1809290-03:00" testType="13cdc9d9-ddb5-4fa4-a97d-d965ccfc6d4b" outcome="Passed" testListId="8c84fa94-04c1-424b-9868-57a2d4851a1d" relativeResultsDirectory="020d0864-9941-4191-952b-e0b156c9e892" />
    <UnitTestResult executionId="f855ab42-f54b-4492-86af-6e7ee61fe7a7" testId="aab26939-6c58-dafe-eca6-6d66c1372e38" testName="FileContentRenamer.Tests.Services.DateExtractorTests.ExtractDateFromContent_WithVariousSpanishDates_ShouldReturnCorrectDates(content: &quot;15 de junio de 2025&quot;, expected: &quot;2025-06-15&quot;)" computerName="MacBook-Pro" duration="00:00:00.0000045" startTime="2025-08-11T23:27:29.1255200-03:00" endTime="2025-08-11T23:27:29.1255490-03:00" testType="13cdc9d9-ddb5-4fa4-a97d-d965ccfc6d4b" outcome="Passed" testListId="8c84fa94-04c1-424b-9868-57a2d4851a1d" relativeResultsDirectory="f855ab42-f54b-4492-86af-6e7ee61fe7a7" />
    <UnitTestResult executionId="63481f91-0dbb-443e-8d95-adb5d4c03dc3" testId="730c03ae-3d59-370f-6166-c801ea6b544e" testName="FileContentRenamer.Tests.Services.FilenameGeneratorTests.GenerateUniqueFilename_WithNonExistingFile_ShouldReturnOriginalPath" computerName="MacBook-Pro" duration="00:00:00.0003608" startTime="2025-08-11T23:27:29.4388940-03:00" endTime="2025-08-11T23:27:29.4389290-03:00" testType="13cdc9d9-ddb5-4fa4-a97d-d965ccfc6d4b" outcome="Passed" testListId="8c84fa94-04c1-424b-9868-57a2d4851a1d" relativeResultsDirectory="63481f91-0dbb-443e-8d95-adb5d4c03dc3" />
    <UnitTestResult executionId="07ee143f-15d5-4d24-aac6-225d9e773ad1" testId="019703dd-2e5c-665b-f543-025b13ca7b6d" testName="FileContentRenamer.Tests.Services.FilenameGeneratorTests.GenerateFilename_WithNullDirectory_ShouldReturnOriginalFilename" computerName="MacBook-Pro" duration="00:00:00.0069463" startTime="2025-08-11T23:27:29.4409580-03:00" endTime="2025-08-11T23:27:29.4432350-03:00" testType="13cdc9d9-ddb5-4fa4-a97d-d965ccfc6d4b" outcome="Failed" testListId="8c84fa94-04c1-424b-9868-57a2d4851a1d" relativeResultsDirectory="07ee143f-15d5-4d24-aac6-225d9e773ad1">
      <Output>
        <ErrorInfo>
          <Message>Expected result to be "test.pdf" with a length of 8, but "test_2024-03-15_card.pdf" has a length of 24, differs near "_20" (index 4).</Message>
          <StackTrace>   at FluentAssertions.Execution.XUnit2TestFramework.Throw(String message)
   at FluentAssertions.Execution.TestFrameworkProvider.Throw(String message)
   at FluentAssertions.Execution.DefaultAssertionStrategy.HandleFailure(String message)
   at FluentAssertions.Execution.AssertionScope.FailWith(Func`1 failReasonFunc)
   at FluentAssertions.Execution.AssertionScope.FailWith(Func`1 failReasonFunc)
   at FluentAssertions.Primitives.StringEqualityValidator.ValidateAgainstLengthDifferences()
   at FluentAssertions.Primitives.StringValidator.Validate()
   at FluentAssertions.Primitives.StringAssertions`1.Be(String expected, String because, Object[] becauseArgs)
   at FileContentRenamer.Tests.Services.FilenameGeneratorTests.GenerateFilename_WithNullDirectory_ShouldReturnOriginalFilename() in /Users/santibraida/Workspace/comprobantes/FileContentRenamer.Tests/Services/FilenameGeneratorTests.cs:line 249
   at System.RuntimeMethodHandle.InvokeMethod(Object target, Void** arguments, Signature sig, Boolean isConstructor)
   at System.Reflection.MethodBaseInvoker.InvokeWithNoArgs(Object obj, BindingFlags invokeAttr)</StackTrace>
        </ErrorInfo>
      </Output>
    </UnitTestResult>
    <UnitTestResult executionId="d5c2a622-d1b7-440a-934e-cc9f655642e3" testId="b0162767-b0d5-ac8c-e6c1-f87ef88a8da6" testName="FileContentRenamer.Tests.Services.DateExtractorTests.ExtractDateFromFilename_WithEmptyFilename_ShouldReturnEmptyString" computerName="MacBook-Pro" duration="00:00:00.0017361" startTime="2025-08-11T23:27:29.0918360-03:00" endTime="2025-08-11T23:27:29.0999510-03:00" testType="13cdc9d9-ddb5-4fa4-a97d-d965ccfc6d4b" outcome="Passed" testListId="8c84fa94-04c1-424b-9868-57a2d4851a1d" relativeResultsDirectory="d5c2a622-d1b7-440a-934e-cc9f655642e3" />
    <UnitTestResult executionId="42af4fc4-65e9-47d7-99b9-0a6a1a049090" testId="f8b329c4-164a-78d1-46cd-26aea567ce35" testName="FileContentRenamer.Tests.Services.ImageProcessorTests.CanProcess_WithNonImageExtension_ShouldReturnFalse(extension: &quot;.pdf&quot;)" computerName="MacBook-Pro" duration="00:00:00.0557439" startTime="2025-08-11T23:27:29.2473460-03:00" endTime="2025-08-11T23:27:29.2825690-03:00" testType="13cdc9d9-ddb5-4fa4-a97d-d965ccfc6d4b" outcome="Passed" testListId="8c84fa94-04c1-424b-9868-57a2d4851a1d" relativeResultsDirectory="42af4fc4-65e9-47d7-99b9-0a6a1a049090" />
    <UnitTestResult executionId="f018a0c6-a632-412a-a290-f88b15ff0793" testId="032ef3ac-363e-da8d-efab-865406d6fd71" testName="FileContentRenamer.Tests.Services.DirectoryOrganizerTests.GetMonthName_WithInvalidMonth_ShouldReturnUnknown(monthNumber: 0)" computerName="MacBook-Pro" duration="00:00:00.0007144" startTime="2025-08-11T23:27:29.1801260-03:00" endTime="2025-08-11T23:27:29.1802120-03:00" testType="13cdc9d9-ddb5-4fa4-a97d-d965ccfc6d4b" outcome="Passed" testListId="8c84fa94-04c1-424b-9868-57a2d4851a1d" relativeResultsDirectory="f018a0c6-a632-412a-a290-f88b15ff0793" />
    <UnitTestResult executionId="27e89264-7716-46ea-a74d-7b13e55caa33" testId="c1072614-89d7-ecfa-6ece-76abc08d540d" testName="FileContentRenamer.Tests.Services.FilenameGeneratorTests.IsAlreadyNamedFilename_WithInvalidFormats_ShouldReturnFalse(filename: &quot;&quot;)" computerName="MacBook-Pro" duration="00:00:00.0000339" startTime="2025-08-11T23:27:29.3480360-03:00" endTime="2025-08-11T23:27:29.3482090-03:00" testType="13cdc9d9-ddb5-4fa4-a97d-d965ccfc6d4b" outcome="Passed" testListId="8c84fa94-04c1-424b-9868-57a2d4851a1d" relativeResultsDirectory="27e89264-7716-46ea-a74d-7b13e55caa33" />
    <UnitTestResult executionId="6df50e55-919c-4961-a5c8-2647089fbdcf" testId="66363822-7849-72a3-af25-779ac72e5857" testName="FileContentRenamer.Tests.Services.TextProcessorTests.CanProcess_WithTxtExtensionDifferentCasing_ShouldReturnTrue(filename: &quot;test.TXT&quot;)" computerName="MacBook-Pro" duration="00:00:00.0002157" startTime="2025-08-11T23:27:29.4657060-03:00" endTime="2025-08-11T23:27:29.4657500-03:00" testType="13cdc9d9-ddb5-4fa4-a97d-d965ccfc6d4b" outcome="Passed" testListId="8c84fa94-04c1-424b-9868-57a2d4851a1d" relativeResultsDirectory="6df50e55-919c-4961-a5c8-2647089fbdcf" />
    <UnitTestResult executionId="c94c9fc8-78d7-4317-9755-691763e5c16b" testId="3ef96430-2ab3-5a48-be56-e156f8c42b82" testName="FileContentRenamer.Tests.Services.PdfProcessorTests.ExtractContentAsync_WithEmptyFile_ShouldReturnEmptyString" computerName="MacBook-Pro" duration="00:00:00.0030027" startTime="2025-08-11T23:27:29.2812690-03:00" endTime="2025-08-11T23:27:29.2813280-03:00" testType="13cdc9d9-ddb5-4fa4-a97d-d965ccfc6d4b" outcome="Passed" testListId="8c84fa94-04c1-424b-9868-57a2d4851a1d" relativeResultsDirectory="c94c9fc8-78d7-4317-9755-691763e5c16b" />
    <UnitTestResult executionId="be54f14c-04ed-4aca-9e2a-a2728315f3ed" testId="b99c1952-4b8a-6e7b-be83-1febd897689d" testName="FileContentRenamer.Tests.Services.DirectoryOrganizerTests.GetMonthName_WithValidMonth_ShouldReturnSpanishName(monthNumber: 12, expected: &quot;diciembre&quot;)" computerName="MacBook-Pro" duration="00:00:00.0000888" startTime="2025-08-11T23:27:29.1650090-03:00" endTime="2025-08-11T23:27:29.1650510-03:00" testType="13cdc9d9-ddb5-4fa4-a97d-d965ccfc6d4b" outcome="Passed" testListId="8c84fa94-04c1-424b-9868-57a2d4851a1d" relativeResultsDirectory="be54f14c-04ed-4aca-9e2a-a2728315f3ed" />
    <UnitTestResult executionId="9ff183c9-1f25-4a7e-b576-99e3b3a7b045" testId="8294d7f7-2da1-4ee0-8cd3-c37ff5907cd4" testName="FileContentRenamer.Tests.Services.DateExtractorTests.ExtractDateFromContent_WithSpanishDateFormat_ShouldReturnCorrectDate" computerName="MacBook-Pro" duration="00:00:00.0002932" startTime="2025-08-11T23:27:29.1211690-03:00" endTime="2025-08-11T23:27:29.1235620-03:00" testType="13cdc9d9-ddb5-4fa4-a97d-d965ccfc6d4b" outcome="Passed" testListId="8c84fa94-04c1-424b-9868-57a2d4851a1d" relativeResultsDirectory="9ff183c9-1f25-4a7e-b576-99e3b3a7b045" />
    <UnitTestResult executionId="02510401-c59b-48de-928f-7d50975a68a8" testId="b8e09496-6d7b-6d6d-0f84-90360e0cb28c" testName="FileContentRenamer.Tests.Services.ImageProcessorTests.CanProcess_WithImageExtensionsDifferentCasing_ShouldReturnTrue(extension: &quot;.PNG&quot;)" computerName="MacBook-Pro" duration="00:00:00.0209969" startTime="2025-08-11T23:27:29.8323360-03:00" endTime="2025-08-11T23:27:29.8419950-03:00" testType="13cdc9d9-ddb5-4fa4-a97d-d965ccfc6d4b" outcome="Passed" testListId="8c84fa94-04c1-424b-9868-57a2d4851a1d" relativeResultsDirectory="02510401-c59b-48de-928f-7d50975a68a8" />
    <UnitTestResult executionId="17c7c8f1-3c6d-43d1-b3b7-468dd2cc4416" testId="1a12a91e-b03d-45d3-fd2d-061c9630072a" testName="FileContentRenamer.Tests.Services.FilenameGeneratorTests.GenerateUniqueFilename_ThreadSafety_ShouldHandleConcurrentCalls" computerName="MacBook-Pro" duration="00:00:00.0057516" startTime="2025-08-11T23:27:29.3691390-03:00" endTime="2025-08-11T23:27:29.4238320-03:00" testType="13cdc9d9-ddb5-4fa4-a97d-d965ccfc6d4b" outcome="Failed" testListId="8c84fa94-04c1-424b-9868-57a2d4851a1d" relativeResultsDirectory="17c7c8f1-3c6d-43d1-b3b7-468dd2cc4416">
      <Output>
        <ErrorInfo>
          <Message>Expected results to only have unique items, but item "/var/folders/x1/bt0l1hlj3xxfgmlll69gmfr40000gn/T/78dfa1ee-aeee-4866-b616-c16918fd6a19/concurrent_test.txt" is not unique.</Message>
          <StackTrace>   at FluentAssertions.Execution.XUnit2TestFramework.Throw(String message)
   at FluentAssertions.Execution.TestFrameworkProvider.Throw(String message)
   at FluentAssertions.Execution.DefaultAssertionStrategy.HandleFailure(String message)
   at FluentAssertions.Execution.AssertionScope.FailWith(Func`1 failReasonFunc)
   at FluentAssertions.Execution.AssertionScope.FailWith(Func`1 failReasonFunc)
   at FluentAssertions.Execution.AssertionScope.FailWith(String message, Object[] args)
   at FluentAssertions.Collections.GenericCollectionAssertions`3.OnlyHaveUniqueItems(String because, Object[] becauseArgs)
   at FileContentRenamer.Tests.Services.FilenameGeneratorTests.GenerateUniqueFilename_ThreadSafety_ShouldHandleConcurrentCalls() in /Users/santibraida/Workspace/comprobantes/FileContentRenamer.Tests/Services/FilenameGeneratorTests.cs:line 282
--- End of stack trace from previous location ---</StackTrace>
        </ErrorInfo>
      </Output>
    </UnitTestResult>
    <UnitTestResult executionId="41200445-f7ad-4ee6-b165-51642d76fb2c" testId="8ff3c0db-187d-d0d0-7eb2-736414974987" testName="FileContentRenamer.Tests.Services.DirectoryOrganizerTests.OrganizeFileIntoDirectoryStructure_WithDuplicateFile_ShouldCreateUniqueFilename" computerName="MacBook-Pro" duration="00:00:00.0011952" startTime="2025-08-11T23:27:29.2852520-03:00" endTime="2025-08-11T23:27:29.2853540-03:00" testType="13cdc9d9-ddb5-4fa4-a97d-d965ccfc6d4b" outcome="Passed" testListId="8c84fa94-04c1-424b-9868-57a2d4851a1d" relativeResultsDirectory="41200445-f7ad-4ee6-b165-51642d76fb2c" />
    <UnitTestResult executionId="e450f633-d408-458a-ad69-2164cdc56db7" testId="3a8b252e-af29-2782-c8cf-4c2dc2637787" testName="FileContentRenamer.Tests.Services.DirectoryOrganizerTests.GetMonthName_WithValidMonth_ShouldReturnSpanishName(monthNumber: 8, expected: &quot;agosto&quot;)" computerName="MacBook-Pro" duration="00:00:00.0002977" startTime="2025-08-11T23:27:29.1062810-03:00" endTime="2025-08-11T23:27:29.1214980-03:00" testType="13cdc9d9-ddb5-4fa4-a97d-d965ccfc6d4b" outcome="Passed" testListId="8c84fa94-04c1-424b-9868-57a2d4851a1d" relativeResultsDirectory="e450f633-d408-458a-ad69-2164cdc56db7" />
    <UnitTestResult executionId="3230efb5-9f75-4c24-b18e-cf60914aedfe" testId="6cb1a840-6047-af3c-c464-8f4bf5b097d2" testName="FileContentRenamer.Tests.Services.FileValidatorTests.ValidateConfiguration_WithNullFileExtensions_ShouldReturnFalse" computerName="MacBook-Pro" duration="00:00:00.0005467" startTime="2025-08-11T23:27:29.5281480-03:00" endTime="2025-08-11T23:27:29.5281940-03:00" testType="13cdc9d9-ddb5-4fa4-a97d-d965ccfc6d4b" outcome="Passed" testListId="8c84fa94-04c1-424b-9868-57a2d4851a1d" relativeResultsDirectory="3230efb5-9f75-4c24-b18e-cf60914aedfe" />
    <UnitTestResult executionId="3cb0fc6e-d037-4de3-9883-0a2132fe4d5a" testId="fa21426d-34f2-265b-fd21-637426cd5f3c" testName="FileContentRenamer.Tests.Models.NamingRulesTests.GenerateFilename_WithNoMatchingRule_ShouldUseDefaults" computerName="MacBook-Pro" duration="00:00:00.0003556" startTime="2025-08-11T23:27:29.0993510-03:00" endTime="2025-08-11T23:27:29.0994880-03:00" testType="13cdc9d9-ddb5-4fa4-a97d-d965ccfc6d4b" outcome="Passed" testListId="8c84fa94-04c1-424b-9868-57a2d4851a1d" relativeResultsDirectory="3cb0fc6e-d037-4de3-9883-0a2132fe4d5a" />
    <UnitTestResult executionId="736fa88f-eb5c-4799-ba4f-82f70b7246bb" testId="be38a0d7-e0e2-fccd-c5e6-b3a3fded648e" testName="FileContentRenamer.Tests.Models.NamingRuleTests.Matches_WithAllKeywordsPresent_ShouldReturnTrue" computerName="MacBook-Pro" duration="00:00:00.0004353" startTime="2025-08-11T23:27:29.2523450-03:00" endTime="2025-08-11T23:27:29.2523760-03:00" testType="13cdc9d9-ddb5-4fa4-a97d-d965ccfc6d4b" outcome="Passed" testListId="8c84fa94-04c1-424b-9868-57a2d4851a1d" relativeResultsDirectory="736fa88f-eb5c-4799-ba4f-82f70b7246bb" />
    <UnitTestResult executionId="7c7006a6-c8bf-4ef2-98cd-22479cb98cb5" testId="52b61247-c43f-6660-c9e8-5fe03f0a7cdc" testName="FileContentRenamer.Tests.Services.FileServiceTests.ProcessFilesAsync_WithException_ShouldContinueProcessing" computerName="MacBook-Pro" duration="00:00:00.0253580" startTime="2025-08-11T23:27:29.5043090-03:00" endTime="2025-08-11T23:27:29.5220630-03:00" testType="13cdc9d9-ddb5-4fa4-a97d-d965ccfc6d4b" outcome="Passed" testListId="8c84fa94-04c1-424b-9868-57a2d4851a1d" relativeResultsDirectory="7c7006a6-c8bf-4ef2-98cd-22479cb98cb5" />
    <UnitTestResult executionId="7833c7a9-9f7f-461f-b8de-451f4926e858" testId="0316afba-cad9-583a-5a60-4cda40610283" testName="FileContentRenamer.Tests.Services.DateExtractorTests.ExtractDateFromFilename_WithVariousValidFormats_ShouldReturnCorrectDates(filename: &quot;service_2024-01-01_payment&quot;, expected: &quot;2024-01-01&quot;)" computerName="MacBook-Pro" duration="00:00:00.0001541" startTime="2025-08-11T23:27:29.1044750-03:00" endTime="2025-08-11T23:27:29.1048780-03:00" testType="13cdc9d9-ddb5-4fa4-a97d-d965ccfc6d4b" outcome="Passed" testListId="8c84fa94-04c1-424b-9868-57a2d4851a1d" relativeResultsDirectory="7833c7a9-9f7f-461f-b8de-451f4926e858" />
    <UnitTestResult executionId="8fe381aa-9a05-47b3-9c53-6f1dd3a4a121" testId="00d05e1f-7d72-418e-9c9e-a769436ab485" testName="FileContentRenamer.Tests.Services.FileValidatorTests.ShouldProcessFile_WithValidExtensions_ShouldReturnTrue(extension: &quot;.pdf&quot;)" computerName="MacBook-Pro" duration="00:00:00.0007385" startTime="2025-08-11T23:27:29.5189070-03:00" endTime="2025-08-11T23:27:29.5189650-03:00" testType="13cdc9d9-ddb5-4fa4-a97d-d965ccfc6d4b" outcome="Passed" testListId="8c84fa94-04c1-424b-9868-57a2d4851a1d" relativeResultsDirectory="8fe381aa-9a05-47b3-9c53-6f1dd3a4a121" />
    <UnitTestResult executionId="ec65eb6d-b90d-43bc-b7ff-625a7030a3d6" testId="30177b80-4255-9855-fa20-76724e89c280" testName="FileContentRenamer.Tests.Services.PdfProcessorTests.CanProcess_WithPdfExtensionDifferentCasing_ShouldReturnTrue(filename: &quot;test.Pdf&quot;)" computerName="MacBook-Pro" duration="00:00:00.0020587" startTime="2025-08-11T23:27:29.0250320-03:00" endTime="2025-08-11T23:27:29.0373680-03:00" testType="13cdc9d9-ddb5-4fa4-a97d-d965ccfc6d4b" outcome="Passed" testListId="8c84fa94-04c1-424b-9868-57a2d4851a1d" relativeResultsDirectory="ec65eb6d-b90d-43bc-b7ff-625a7030a3d6" />
    <UnitTestResult executionId="0f3a9e87-2661-4222-b584-7c5e47c0f558" testId="8b50f6a7-4d32-7ee6-c298-95c6826dd2dd" testName="FileContentRenamer.Tests.Services.ImageProcessorTests.CanProcess_WithImageExtensions_ShouldReturnTrue(extension: &quot;.png&quot;)" computerName="MacBook-Pro" duration="00:00:00.0259278" startTime="2025-08-11T23:27:29.5271070-03:00" endTime="2025-08-11T23:27:29.5882020-03:00" testType="13cdc9d9-ddb5-4fa4-a97d-d965ccfc6d4b" outcome="Passed" testListId="8c84fa94-04c1-424b-9868-57a2d4851a1d" relativeResultsDirectory="0f3a9e87-2661-4222-b584-7c5e47c0f558" />
    <UnitTestResult executionId="2b0c73ef-74ca-47ba-826e-98e9ba5548e5" testId="d0aa19eb-08b4-b4f4-8874-599c8e5e451d" testName="FileContentRenamer.Tests.Services.FileValidatorTests.ShouldProcessFile_WithDifferentCasing_ShouldBeCaseInsensitive(filename: &quot;test.PDF&quot;)" computerName="MacBook-Pro" duration="00:00:00.0006826" startTime="2025-08-11T23:27:29.5220370-03:00" endTime="2025-08-11T23:27:29.5234720-03:00" testType="13cdc9d9-ddb5-4fa4-a97d-d965ccfc6d4b" outcome="Passed" testListId="8c84fa94-04c1-424b-9868-57a2d4851a1d" relativeResultsDirectory="2b0c73ef-74ca-47ba-826e-98e9ba5548e5" />
    <UnitTestResult executionId="d76f2935-8990-45af-b57b-bb42af9ce025" testId="5350316f-15de-b350-a21b-48de21601546" testName="FileContentRenamer.Tests.Services.PdfProcessorTests.CanProcess_WithNonPdfExtension_ShouldReturnFalse(filename: &quot;test&quot;)" computerName="MacBook-Pro" duration="00:00:00.0004554" startTime="2025-08-11T23:27:29.2783770-03:00" endTime="2025-08-11T23:27:29.2784380-03:00" testType="13cdc9d9-ddb5-4fa4-a97d-d965ccfc6d4b" outcome="Passed" testListId="8c84fa94-04c1-424b-9868-57a2d4851a1d" relativeResultsDirectory="d76f2935-8990-45af-b57b-bb42af9ce025" />
    <UnitTestResult executionId="20546b96-42ed-4b52-b001-1d8576150b30" testId="f4d3ad23-32ef-7284-391b-46eb33d6f78f" testName="FileContentRenamer.Tests.Services.FileValidatorTests.ShouldProcessFile_WithFileExtensionsContainingNulls_ShouldHandleGracefully" computerName="MacBook-Pro" duration="00:00:00.0012699" startTime="2025-08-11T23:27:29.5278060-03:00" endTime="2025-08-11T23:27:29.5278530-03:00" testType="13cdc9d9-ddb5-4fa4-a97d-d965ccfc6d4b" outcome="Passed" testListId="8c84fa94-04c1-424b-9868-57a2d4851a1d" relativeResultsDirectory="20546b96-42ed-4b52-b001-1d8576150b30" />
    <UnitTestResult executionId="bc8b7ded-48d6-465b-872f-55706c779c7f" testId="3890aa01-b165-5f49-b90e-3db1a4c16e7b" testName="FileContentRenamer.Tests.Services.FileValidatorTests.ValidateFileSize_WithInvalidPath_ShouldNotThrow" computerName="MacBook-Pro" duration="00:00:00.0140356" startTime="2025-08-11T23:27:29.5264480-03:00" endTime="2025-08-11T23:27:29.5271480-03:00" testType="13cdc9d9-ddb5-4fa4-a97d-d965ccfc6d4b" outcome="Passed" testListId="8c84fa94-04c1-424b-9868-57a2d4851a1d" relativeResultsDirectory="bc8b7ded-48d6-465b-872f-55706c779c7f" />
    <UnitTestResult executionId="78765042-e641-4fec-95ed-c977616b32bf" testId="fe7b897c-fd2e-f8e6-f880-7f5c0aaede02" testName="FileContentRenamer.Tests.Services.DateExtractorTests.ExtractDateFromContent_WithVariousGenericDates_ShouldReturnCorrectDates(content: &quot;31/12/2023&quot;, expected: &quot;2023-12-31&quot;)" computerName="MacBook-Pro" duration="00:00:00.0001229" startTime="2025-08-11T23:27:29.1880690-03:00" endTime="2025-08-11T23:27:29.1881730-03:00" testType="13cdc9d9-ddb5-4fa4-a97d-d965ccfc6d4b" outcome="Passed" testListId="8c84fa94-04c1-424b-9868-57a2d4851a1d" relativeResultsDirectory="78765042-e641-4fec-95ed-c977616b32bf" />
    <UnitTestResult executionId="fd24fc8d-cbd9-4307-b337-b87cb6491e82" testId="89411942-d38a-5bb6-81ec-67e7fdba9fc2" testName="FileContentRenamer.Tests.Services.FileValidatorTests.ShouldProcessFile_WithValidExtensions_ShouldReturnTrue(extension: &quot;.txt&quot;)" computerName="MacBook-Pro" duration="00:00:00.0135557" startTime="2025-08-11T23:27:29.5046460-03:00" endTime="2025-08-11T23:27:29.5052570-03:00" testType="13cdc9d9-ddb5-4fa4-a97d-d965ccfc6d4b" outcome="Passed" testListId="8c84fa94-04c1-424b-9868-57a2d4851a1d" relativeResultsDirectory="fd24fc8d-cbd9-4307-b337-b87cb6491e82" />
    <UnitTestResult executionId="511478eb-5e4f-42f2-b81b-e76c9625fd34" testId="735ac008-1cbd-a429-fd29-015f19236116" testName="FileContentRenamer.Tests.Models.NamingRuleTests.Matches_WithNoKeywords_ShouldReturnFalse" computerName="MacBook-Pro" duration="00:00:00.0000738" startTime="2025-08-11T23:27:29.2722150-03:00" endTime="2025-08-11T23:27:29.2723690-03:00" testType="13cdc9d9-ddb5-4fa4-a97d-d965ccfc6d4b" outcome="Passed" testListId="8c84fa94-04c1-424b-9868-57a2d4851a1d" relativeResultsDirectory="511478eb-5e4f-42f2-b81b-e76c9625fd34" />
    <UnitTestResult executionId="859ef7e6-92af-4ec6-8495-ef7ca33ab364" testId="c781d212-7be9-917b-2eb4-49e5e562dd6d" testName="FileContentRenamer.Tests.Models.AppConfigTests.LoadFromConfiguration_WithNoBasePath_ShouldUseCurrentDirectory" computerName="MacBook-Pro" duration="00:00:00.0864657" startTime="2025-08-11T23:27:29.4679120-03:00" endTime="2025-08-11T23:27:29.5201900-03:00" testType="13cdc9d9-ddb5-4fa4-a97d-d965ccfc6d4b" outcome="Passed" testListId="8c84fa94-04c1-424b-9868-57a2d4851a1d" relativeResultsDirectory="859ef7e6-92af-4ec6-8495-ef7ca33ab364" />
    <UnitTestResult executionId="2a35ce43-5a4c-474d-81e9-dccbbbfa1e64" testId="824839a8-20c1-e236-c120-b27a5f944d83" testName="FileContentRenamer.Tests.Services.DirectoryOrganizerTests.GetMonthName_WithValidMonth_ShouldReturnSpanishName(monthNumber: 7, expected: &quot;julio&quot;)" computerName="MacBook-Pro" duration="00:00:00.0001057" startTime="2025-08-11T23:27:29.1640030-03:00" endTime="2025-08-11T23:27:29.1640450-03:00" testType="13cdc9d9-ddb5-4fa4-a97d-d965ccfc6d4b" outcome="Passed" testListId="8c84fa94-04c1-424b-9868-57a2d4851a1d" relativeResultsDirectory="2a35ce43-5a4c-474d-81e9-dccbbbfa1e64" />
    <UnitTestResult executionId="d78e89a3-7599-4d73-b1a6-e2c928b714b5" testId="7135bf06-d0f7-d1fd-424d-aa321ae4fc62" testName="FileContentRenamer.Tests.Services.DateExtractorTests.ExtractDateFromContent_WithDueDateFormat_ShouldReturnCorrectDate" computerName="MacBook-Pro" duration="00:00:00.0001642" startTime="2025-08-11T23:27:29.1006270-03:00" endTime="2025-08-11T23:27:29.1017180-03:00" testType="13cdc9d9-ddb5-4fa4-a97d-d965ccfc6d4b" outcome="Passed" testListId="8c84fa94-04c1-424b-9868-57a2d4851a1d" relativeResultsDirectory="d78e89a3-7599-4d73-b1a6-e2c928b714b5" />
    <UnitTestResult executionId="19995ca4-dbaf-48f3-9887-74c49bc18de1" testId="870a83a2-7b8c-0f07-3329-8f1aeb05a753" testName="FileContentRenamer.Tests.Services.ImageProcessorTests.CanProcess_WithImageExtensions_ShouldReturnTrue(extension: &quot;.bmp&quot;)" computerName="MacBook-Pro" duration="00:00:00.0545757" startTime="2025-08-11T23:27:29.5885070-03:00" endTime="2025-08-11T23:27:29.5887420-03:00" testType="13cdc9d9-ddb5-4fa4-a97d-d965ccfc6d4b" outcome="Failed" testListId="8c84fa94-04c1-424b-9868-57a2d4851a1d" relativeResultsDirectory="19995ca4-dbaf-48f3-9887-74c49bc18de1">
      <Output>
        <ErrorInfo>
          <Message>Expected result to be True, but found False.</Message>
          <StackTrace>   at FluentAssertions.Execution.XUnit2TestFramework.Throw(String message)
   at FluentAssertions.Execution.TestFrameworkProvider.Throw(String message)
   at FluentAssertions.Execution.DefaultAssertionStrategy.HandleFailure(String message)
   at FluentAssertions.Execution.AssertionScope.FailWith(Func`1 failReasonFunc)
   at FluentAssertions.Execution.AssertionScope.FailWith(Func`1 failReasonFunc)
   at FluentAssertions.Execution.AssertionScope.FailWith(String message, Object[] args)
   at FluentAssertions.Primitives.BooleanAssertions`1.BeTrue(String because, Object[] becauseArgs)
   at FileContentRenamer.Tests.Services.ImageProcessorTests.CanProcess_WithImageExtensions_ShouldReturnTrue(String extension) in /Users/santibraida/Workspace/comprobantes/FileContentRenamer.Tests/Services/ImageProcessorTests.cs:line 44
   at InvokeStub_ImageProcessorTests.CanProcess_WithImageExtensions_ShouldReturnTrue(Object, Span`1)
   at System.Reflection.MethodBaseInvoker.InvokeWithOneArg(Object obj, BindingFlags invokeAttr, Binder binder, Object[] parameters, CultureInfo culture)</StackTrace>
        </ErrorInfo>
      </Output>
    </UnitTestResult>
    <UnitTestResult executionId="8717734d-b2c6-4d34-b963-0535b2fcfa5e" testId="10d7715a-d53b-4b8e-fcec-78d41ef67dac" testName="FileContentRenamer.Tests.Services.TextProcessorTests.CanProcess_WithTxtExtension_ShouldReturnTrue" computerName="MacBook-Pro" duration="00:00:00.0007630" startTime="2025-08-11T23:27:29.5038290-03:00" endTime="2025-08-11T23:27:29.5041520-03:00" testType="13cdc9d9-ddb5-4fa4-a97d-d965ccfc6d4b" outcome="Passed" testListId="8c84fa94-04c1-424b-9868-57a2d4851a1d" relativeResultsDirectory="8717734d-b2c6-4d34-b963-0535b2fcfa5e" />
    <UnitTestResult executionId="40a3bae4-264a-4a88-a8fd-c5c98e4c90d8" testId="e47068f5-ce83-2091-31a6-2a3fb625188b" testName="FileContentRenamer.Tests.Services.DirectoryOrganizerTests.IsInYearMonthStructure_WithNonExistentPath_ShouldReturnFalse" computerName="MacBook-Pro" duration="00:00:00.0001672" startTime="2025-08-11T23:27:29.1924940-03:00" endTime="2025-08-11T23:27:29.1925480-03:00" testType="13cdc9d9-ddb5-4fa4-a97d-d965ccfc6d4b" outcome="Passed" testListId="8c84fa94-04c1-424b-9868-57a2d4851a1d" relativeResultsDirectory="40a3bae4-264a-4a88-a8fd-c5c98e4c90d8" />
    <UnitTestResult executionId="4a9a5a22-1457-4a02-9cb5-29f257265ec7" testId="f7704aaa-e660-9ea3-e9fc-e4f0ba02380e" testName="FileContentRenamer.Tests.Services.FileValidatorTests.ShouldProcessFile_WithMixedCaseExtension_ShouldReturnTrue" computerName="MacBook-Pro" duration="00:00:00.0004120" startTime="2025-08-11T23:27:29.5207960-03:00" endTime="2025-08-11T23:27:29.5208400-03:00" testType="13cdc9d9-ddb5-4fa4-a97d-d965ccfc6d4b" outcome="Passed" testListId="8c84fa94-04c1-424b-9868-57a2d4851a1d" relativeResultsDirectory="4a9a5a22-1457-4a02-9cb5-29f257265ec7" />
    <UnitTestResult executionId="458e476d-6c9c-4785-a764-fea39dab455b" testId="cd9462e7-2aeb-f1cd-df73-927f31a7638d" testName="FileContentRenamer.Tests.Services.DateExtractorTests.ExtractDateFromContent_WithNoDate_ShouldReturnEmptyString" computerName="MacBook-Pro" duration="00:00:00.0001722" startTime="2025-08-11T23:27:29.1873090-03:00" endTime="2025-08-11T23:27:29.1873400-03:00" testType="13cdc9d9-ddb5-4fa4-a97d-d965ccfc6d4b" outcome="Passed" testListId="8c84fa94-04c1-424b-9868-57a2d4851a1d" relativeResultsDirectory="458e476d-6c9c-4785-a764-fea39dab455b" />
    <UnitTestResult executionId="30641eea-673e-499e-a6b2-3c888b8eca9a" testId="d4537562-1c96-4e07-3939-b2da6a34e9fc" testName="FileContentRenamer.Tests.Services.DateExtractorTests.ExtractDateFromFilename_WithValidFormat_ShouldReturnCorrectDate" computerName="MacBook-Pro" duration="00:00:00.0000507" startTime="2025-08-11T23:27:29.1261980-03:00" endTime="2025-08-11T23:27:29.1262270-03:00" testType="13cdc9d9-ddb5-4fa4-a97d-d965ccfc6d4b" outcome="Passed" testListId="8c84fa94-04c1-424b-9868-57a2d4851a1d" relativeResultsDirectory="30641eea-673e-499e-a6b2-3c888b8eca9a" />
    <UnitTestResult executionId="e15747cb-c6c3-4f40-8bc3-c4711b5765c8" testId="6d7a483b-6c01-6e31-c6bf-ec0c2f6ad577" testName="FileContentRenamer.Tests.Services.PdfProcessorTests.CanProcess_WithPdfExtensionDifferentCasing_ShouldReturnTrue(filename: &quot;test.PDF&quot;)" computerName="MacBook-Pro" duration="00:00:00.0006460" startTime="2025-08-11T23:27:29.0412610-03:00" endTime="2025-08-11T23:27:29.0919030-03:00" testType="13cdc9d9-ddb5-4fa4-a97d-d965ccfc6d4b" outcome="Passed" testListId="8c84fa94-04c1-424b-9868-57a2d4851a1d" relativeResultsDirectory="e15747cb-c6c3-4f40-8bc3-c4711b5765c8" />
    <UnitTestResult executionId="06f73725-7389-47f4-ad94-56689e497803" testId="eda4a5c5-8fa3-8699-5242-449863672e55" testName="FileContentRenamer.Tests.Models.NamingRuleTests.Matches_WithCaseInsensitiveKeywords_ShouldReturnTrue" computerName="MacBook-Pro" duration="00:00:00.0000763" startTime="2025-08-11T23:27:29.2755060-03:00" endTime="2025-08-11T23:27:29.2755390-03:00" testType="13cdc9d9-ddb5-4fa4-a97d-d965ccfc6d4b" outcome="Passed" testListId="8c84fa94-04c1-424b-9868-57a2d4851a1d" relativeResultsDirectory="06f73725-7389-47f4-ad94-56689e497803" />
    <UnitTestResult executionId="beefdfe6-9554-4aa3-8fbe-a0dd6a008d73" testId="9ceef6d7-c6e7-377c-fe84-df2fd32fca20" testName="FileContentRenamer.Tests.Services.FileValidatorTests.ShouldProcessFile_WithEmptyPath_ShouldReturnFalse" computerName="MacBook-Pro" duration="00:00:00.0002792" startTime="2025-08-11T23:27:29.5449790-03:00" endTime="2025-08-11T23:27:29.5450360-03:00" testType="13cdc9d9-ddb5-4fa4-a97d-d965ccfc6d4b" outcome="Passed" testListId="8c84fa94-04c1-424b-9868-57a2d4851a1d" relativeResultsDirectory="beefdfe6-9554-4aa3-8fbe-a0dd6a008d73" />
    <UnitTestResult executionId="22ca7d8a-404a-4ec2-8e6e-46ab760a7da5" testId="f567e5a6-a665-67c2-8449-b66348dc3570" testName="FileContentRenamer.Tests.Services.DirectoryOrganizerTests.OrganizeFileIntoDirectoryStructure_WithMultipleDuplicates_ShouldCreateUniqueFilename" computerName="MacBook-Pro" duration="00:00:00.0020809" startTime="2025-08-11T23:27:29.1820320-03:00" endTime="2025-08-11T23:27:29.1820770-03:00" testType="13cdc9d9-ddb5-4fa4-a97d-d965ccfc6d4b" outcome="Passed" testListId="8c84fa94-04c1-424b-9868-57a2d4851a1d" relativeResultsDirectory="22ca7d8a-404a-4ec2-8e6e-46ab760a7da5" />
    <UnitTestResult executionId="5b4b35ae-8594-443f-a01d-aa009056b306" testId="1d19ec21-e870-5f10-f860-7ea25dd398b9" testName="FileContentRenamer.Tests.Services.DateExtractorTests.ExtractDateFromContent_WithVariousGenericDates_ShouldReturnCorrectDates(content: &quot;15/03/2024&quot;, expected: &quot;2024-03-15&quot;)" computerName="MacBook-Pro" duration="00:00:00.0000813" startTime="2025-08-11T23:27:29.1898420-03:00" endTime="2025-08-11T23:27:29.1898950-03:00" testType="13cdc9d9-ddb5-4fa4-a97d-d965ccfc6d4b" outcome="Passed" testListId="8c84fa94-04c1-424b-9868-57a2d4851a1d" relativeResultsDirectory="5b4b35ae-8594-443f-a01d-aa009056b306" />
    <UnitTestResult executionId="8c93b2be-ce7d-498a-a3bb-91ca8b21e341" testId="a78a0985-6ddf-5e1e-7544-6efb88194c31" testName="FileContentRenamer.Tests.Services.FilenameGeneratorTests.GenerateFilename_WithValidContentAndDate_ShouldReturnCorrectFilename" computerName="MacBook-Pro" duration="00:00:00.0008603" startTime="2025-08-11T23:27:29.3686760-03:00" endTime="2025-08-11T23:27:29.3687400-03:00" testType="13cdc9d9-ddb5-4fa4-a97d-d965ccfc6d4b" outcome="Passed" testListId="8c84fa94-04c1-424b-9868-57a2d4851a1d" relativeResultsDirectory="8c93b2be-ce7d-498a-a3bb-91ca8b21e341" />
    <UnitTestResult executionId="70b308ed-223a-4712-8ac9-01cf33a94480" testId="8f9706bb-c4e8-83d9-78e0-248eda84983c" testName="FileContentRenamer.Tests.Services.DateExtractorTests.ExtractDateFromContent_WithVariousSpanishDates_ShouldReturnCorrectDates(content: &quot;1 de enero de 2024&quot;, expected: &quot;2024-01-01&quot;)" computerName="MacBook-Pro" duration="00:00:00.0000663" startTime="2025-08-11T23:27:29.1251720-03:00" endTime="2025-08-11T23:27:29.1252020-03:00" testType="13cdc9d9-ddb5-4fa4-a97d-d965ccfc6d4b" outcome="Passed" testListId="8c84fa94-04c1-424b-9868-57a2d4851a1d" relativeResultsDirectory="70b308ed-223a-4712-8ac9-01cf33a94480" />
    <UnitTestResult executionId="954683a6-869b-4d26-9165-5aabd6dcaddf" testId="62c33e58-2f83-26ac-2ae0-9b8229cc93ab" testName="FileContentRenamer.Tests.Services.FileValidatorTests.ValidateFileSize_WithEmptyFile_ShouldLogWarning" computerName="MacBook-Pro" duration="00:00:00.0372196" startTime="2025-08-11T23:27:29.5035080-03:00" endTime="2025-08-11T23:27:29.5043760-03:00" testType="13cdc9d9-ddb5-4fa4-a97d-d965ccfc6d4b" outcome="Passed" testListId="8c84fa94-04c1-424b-9868-57a2d4851a1d" relativeResultsDirectory="954683a6-869b-4d26-9165-5aabd6dcaddf" />
    <UnitTestResult executionId="40e6aaee-31b5-4577-8c3e-dbb9efa23a23" testId="999b4cf4-0fb5-ec67-530a-d59638da1c9d" testName="FileContentRenamer.Tests.Services.DateExtractorTests.ExtractDateFromContent_WithInvalidSpanishMonth_ShouldFallbackToOtherFormats" computerName="MacBook-Pro" duration="00:00:00.0001794" startTime="2025-08-11T23:27:29.1265560-03:00" endTime="2025-08-11T23:27:29.1284080-03:00" testType="13cdc9d9-ddb5-4fa4-a97d-d965ccfc6d4b" outcome="Passed" testListId="8c84fa94-04c1-424b-9868-57a2d4851a1d" relativeResultsDirectory="40e6aaee-31b5-4577-8c3e-dbb9efa23a23" />
    <UnitTestResult executionId="6327a629-e27c-451e-9940-dae7865868c9" testId="19ed11aa-a710-6873-89bb-77d5892f3032" testName="FileContentRenamer.Tests.Services.TextProcessorTests.ExtractContentAsync_WithEmptyFile_ShouldReturnEmptyString" computerName="MacBook-Pro" duration="00:00:00.0021037" startTime="2025-08-11T23:27:29.4642320-03:00" endTime="2025-08-11T23:27:29.4650340-03:00" testType="13cdc9d9-ddb5-4fa4-a97d-d965ccfc6d4b" outcome="Passed" testListId="8c84fa94-04c1-424b-9868-57a2d4851a1d" relativeResultsDirectory="6327a629-e27c-451e-9940-dae7865868c9" />
    <UnitTestResult executionId="1e08c532-7b93-4f73-8de3-b1c661198d5e" testId="2fcf9509-91d2-8211-d6e4-a72c7870e72f" testName="FileContentRenamer.Tests.Services.ImageProcessorTests.CanProcess_WithImageExtensionsDifferentCasing_ShouldReturnTrue(extension: &quot;.JPEG&quot;)" computerName="MacBook-Pro" duration="00:00:00.0214806" startTime="2025-08-11T23:27:29.8127490-03:00" endTime="2025-08-11T23:27:29.8209330-03:00" testType="13cdc9d9-ddb5-4fa4-a97d-d965ccfc6d4b" outcome="Passed" testListId="8c84fa94-04c1-424b-9868-57a2d4851a1d" relativeResultsDirectory="1e08c532-7b93-4f73-8de3-b1c661198d5e" />
    <UnitTestResult executionId="d3e9507b-6769-4d0a-973b-0930cf56dbc0" testId="50fa8f71-8d78-c5b2-6484-06fffd5546d4" testName="FileContentRenamer.Tests.Services.FilenameGeneratorTests.GenerateUniqueFilename_WithExistingFile_ShouldReturnNumberedVersion" computerName="MacBook-Pro" duration="00:00:00.0007035" startTime="2025-08-11T23:27:29.4396590-03:00" endTime="2025-08-11T23:27:29.4397180-03:00" testType="13cdc9d9-ddb5-4fa4-a97d-d965ccfc6d4b" outcome="Passed" testListId="8c84fa94-04c1-424b-9868-57a2d4851a1d" relativeResultsDirectory="d3e9507b-6769-4d0a-973b-0930cf56dbc0" />
    <UnitTestResult executionId="33968d9a-acd9-4e0a-ad43-e65f47f225bc" testId="d928fd2c-924f-38de-6b58-5c8ead779399" testName="FileContentRenamer.Tests.Services.ImageProcessorTests.CanProcess_WithImageExtensions_ShouldReturnTrue(extension: &quot;.tiff&quot;)" computerName="MacBook-Pro" duration="00:00:00.0246241" startTime="2025-08-11T23:27:29.5894040-03:00" endTime="2025-08-11T23:27:29.5912900-03:00" testType="13cdc9d9-ddb5-4fa4-a97d-d965ccfc6d4b" outcome="Passed" testListId="8c84fa94-04c1-424b-9868-57a2d4851a1d" relativeResultsDirectory="33968d9a-acd9-4e0a-ad43-e65f47f225bc" />
    <UnitTestResult executionId="2b50e559-976f-46f8-8e0b-8243e9d2e4e8" testId="5782f6c4-4818-df21-281e-6b620d8a99e2" testName="FileContentRenamer.Tests.Services.FilenameGeneratorTests.IsAlreadyNamedFilename_WithInvalidFormats_ShouldReturnFalse(filename: &quot;2024-03-15&quot;)" computerName="MacBook-Pro" duration="00:00:00.0000863" startTime="2025-08-11T23:27:29.3461490-03:00" endTime="2025-08-11T23:27:29.3464720-03:00" testType="13cdc9d9-ddb5-4fa4-a97d-d965ccfc6d4b" outcome="Passed" testListId="8c84fa94-04c1-424b-9868-57a2d4851a1d" relativeResultsDirectory="2b50e559-976f-46f8-8e0b-8243e9d2e4e8" />
    <UnitTestResult executionId="32f34aae-580c-4ba2-8ef4-53af349d2f44" testId="8a90efb2-6fff-e39e-99bc-4c5b85d7b70e" testName="FileContentRenamer.Tests.Services.DirectoryOrganizerTests.GetMonthName_WithValidMonth_ShouldReturnSpanishName(monthNumber: 6, expected: &quot;junio&quot;)" computerName="MacBook-Pro" duration="00:00:00.0001121" startTime="2025-08-11T23:27:29.1290060-03:00" endTime="2025-08-11T23:27:29.1290660-03:00" testType="13cdc9d9-ddb5-4fa4-a97d-d965ccfc6d4b" outcome="Passed" testListId="8c84fa94-04c1-424b-9868-57a2d4851a1d" relativeResultsDirectory="32f34aae-580c-4ba2-8ef4-53af349d2f44" />
    <UnitTestResult executionId="45fbb30e-df84-4769-bf34-6e77005bd9e1" testId="57d1cda9-e9e5-f000-1823-6cc75a3cb199" testName="FileContentRenamer.Tests.Services.TextProcessorTests.ExtractContentAsync_WithUnicodeContent_ShouldReturnContent" computerName="MacBook-Pro" duration="00:00:00.0082664" startTime="2025-08-11T23:27:29.4415610-03:00" endTime="2025-08-11T23:27:29.4437790-03:00" testType="13cdc9d9-ddb5-4fa4-a97d-d965ccfc6d4b" outcome="Passed" testListId="8c84fa94-04c1-424b-9868-57a2d4851a1d" relativeResultsDirectory="45fbb30e-df84-4769-bf34-6e77005bd9e1" />
    <UnitTestResult executionId="836d7fe7-046b-4ade-b6b2-cf8aa0e7e186" testId="923e4fe8-a8e9-3d7b-512d-479873b8f571" testName="FileContentRenamer.Tests.Models.NamingRuleTests.Matches_WithNullKeywords_ShouldReturnFalse" computerName="MacBook-Pro" duration="00:00:00.0001649" startTime="2025-08-11T23:27:29.2526800-03:00" endTime="2025-08-11T23:27:29.2527080-03:00" testType="13cdc9d9-ddb5-4fa4-a97d-d965ccfc6d4b" outcome="Passed" testListId="8c84fa94-04c1-424b-9868-57a2d4851a1d" relativeResultsDirectory="836d7fe7-046b-4ade-b6b2-cf8aa0e7e186" />
    <UnitTestResult executionId="7d56d9b6-caed-44d1-ae72-fd539c4c4ee3" testId="18d4c37f-1583-f497-ec0c-ad5f807ccb48" testName="FileContentRenamer.Tests.Services.DateExtractorTests.ExtractDateFromContent_WithVariousDueDateFormats_ShouldReturnCorrectDates(content: &quot;vencimiento 01/01/2025&quot;, expected: &quot;2025-01-01&quot;)" computerName="MacBook-Pro" duration="00:00:00.0001248" startTime="2025-08-11T23:27:29.0412200-03:00" endTime="2025-08-11T23:27:29.0906020-03:00" testType="13cdc9d9-ddb5-4fa4-a97d-d965ccfc6d4b" outcome="Passed" testListId="8c84fa94-04c1-424b-9868-57a2d4851a1d" relativeResultsDirectory="7d56d9b6-caed-44d1-ae72-fd539c4c4ee3" />
    <UnitTestResult executionId="4c91eeca-8cca-422d-ae45-5e488cd8fe87" testId="6d7beee1-1275-7fbd-2196-741c8c2b81ed" testName="FileContentRenamer.Tests.Models.NamingRulesTests.FindMatchingRule_WithEmptyContent_ShouldReturnNull" computerName="MacBook-Pro" duration="00:00:00.0002660" startTime="2025-08-11T23:27:29.1016830-03:00" endTime="2025-08-11T23:27:29.1023590-03:00" testType="13cdc9d9-ddb5-4fa4-a97d-d965ccfc6d4b" outcome="Passed" testListId="8c84fa94-04c1-424b-9868-57a2d4851a1d" relativeResultsDirectory="4c91eeca-8cca-422d-ae45-5e488cd8fe87" />
    <UnitTestResult executionId="67f52b01-da60-4e5b-aca9-759dc6ef1f16" testId="26656131-c125-7680-eabe-b2347d65af76" testName="FileContentRenamer.Tests.Services.TextProcessorTests.ExtractContentAsync_WithLockedFile_ShouldReturnEmptyString" computerName="MacBook-Pro" duration="00:00:00.0035828" startTime="2025-08-11T23:27:29.4664330-03:00" endTime="2025-08-11T23:27:29.4679720-03:00" testType="13cdc9d9-ddb5-4fa4-a97d-d965ccfc6d4b" outcome="Passed" testListId="8c84fa94-04c1-424b-9868-57a2d4851a1d" relativeResultsDirectory="67f52b01-da60-4e5b-aca9-759dc6ef1f16" />
    <UnitTestResult executionId="875edf0f-7ee0-4f0c-9812-fc3176ddb957" testId="4bf9f205-774f-fb42-8d24-b7d8013c94d1" testName="FileContentRenamer.Tests.Services.FileServiceTests.ProcessFilesAsync_WithNoProcessorAvailable_ShouldSkipFile" computerName="MacBook-Pro" duration="00:00:00.0247314" startTime="2025-08-11T23:27:29.4432090-03:00" endTime="2025-08-11T23:27:29.4664740-03:00" testType="13cdc9d9-ddb5-4fa4-a97d-d965ccfc6d4b" outcome="Passed" testListId="8c84fa94-04c1-424b-9868-57a2d4851a1d" relativeResultsDirectory="875edf0f-7ee0-4f0c-9812-fc3176ddb957" />
    <UnitTestResult executionId="ce26f8ba-303a-496d-b6fa-01a99659e887" testId="b9d72b25-82ca-6ec3-5870-6ffcc88918e2" testName="FileContentRenamer.Tests.Services.DirectoryOrganizerTests.GetMonthName_WithValidMonth_ShouldReturnSpanishName(monthNumber: 10, expected: &quot;octubre&quot;)" computerName="MacBook-Pro" duration="00:00:00.0004839" startTime="2025-08-11T23:27:29.1048520-03:00" endTime="2025-08-11T23:27:29.1059660-03:00" testType="13cdc9d9-ddb5-4fa4-a97d-d965ccfc6d4b" outcome="Passed" testListId="8c84fa94-04c1-424b-9868-57a2d4851a1d" relativeResultsDirectory="ce26f8ba-303a-496d-b6fa-01a99659e887" />
    <UnitTestResult executionId="2b68c21f-e4e8-4c7a-869c-4af695169665" testId="d406e03e-ed03-b142-d7d1-88f454f977cb" testName="FileContentRenamer.Tests.Services.ImageProcessorTests.CanProcess_WithNonImageExtension_ShouldReturnFalse(extension: &quot;test&quot;)" computerName="MacBook-Pro" duration="00:00:00.0566265" startTime="2025-08-11T23:27:29.0242020-03:00" endTime="2025-08-11T23:27:29.2457730-03:00" testType="13cdc9d9-ddb5-4fa4-a97d-d965ccfc6d4b" outcome="Passed" testListId="8c84fa94-04c1-424b-9868-57a2d4851a1d" relativeResultsDirectory="2b68c21f-e4e8-4c7a-869c-4af695169665" />
    <UnitTestResult executionId="bef67189-8a87-46b1-88c3-e58c99421d90" testId="d6d3d886-1a00-8e52-5627-e1236e6e1c62" testName="FileContentRenamer.Tests.Services.FilenameGeneratorTests.IsAlreadyNamedFilename_WithInvalidFormats_ShouldReturnFalse(filename: &quot;service_payment&quot;)" computerName="MacBook-Pro" duration="00:00:00.0000695" startTime="2025-08-11T23:27:29.3468490-03:00" endTime="2025-08-11T23:27:29.3472010-03:00" testType="13cdc9d9-ddb5-4fa4-a97d-d965ccfc6d4b" outcome="Passed" testListId="8c84fa94-04c1-424b-9868-57a2d4851a1d" relativeResultsDirectory="bef67189-8a87-46b1-88c3-e58c99421d90" />
    <UnitTestResult executionId="4c6a87e8-62aa-405f-908c-946f0d723b76" testId="2096051f-0719-d6b7-7ba6-a9c6fbdaed26" testName="FileContentRenamer.Tests.Services.ImageProcessorTests.ExtractContentAsync_WithNonExistentFile_ShouldReturnEmptyString" computerName="MacBook-Pro" duration="00:00:00.0694356" startTime="2025-08-11T23:27:29.6979430-03:00" endTime="2025-08-11T23:27:29.7523360-03:00" testType="13cdc9d9-ddb5-4fa4-a97d-d965ccfc6d4b" outcome="Passed" testListId="8c84fa94-04c1-424b-9868-57a2d4851a1d" relativeResultsDirectory="4c6a87e8-62aa-405f-908c-946f0d723b76" />
    <UnitTestResult executionId="193de021-8e75-440c-b0f5-bd99cc95606e" testId="0879aeff-9eea-f072-4fd3-f308a5ff4abd" testName="FileContentRenamer.Tests.Services.ImageProcessorTests.CanProcess_WithImageExtensions_ShouldReturnTrue(extension: &quot;.jpg&quot;)" computerName="MacBook-Pro" duration="00:00:00.0748959" startTime="2025-08-11T23:27:29.5052080-03:00" endTime="2025-08-11T23:27:29.5268350-03:00" testType="13cdc9d9-ddb5-4fa4-a97d-d965ccfc6d4b" outcome="Passed" testListId="8c84fa94-04c1-424b-9868-57a2d4851a1d" relativeResultsDirectory="193de021-8e75-440c-b0f5-bd99cc95606e" />
    <UnitTestResult executionId="17aa12bb-6094-445a-98ad-c6673e662851" testId="0a12e19f-d2b3-86f6-32f5-92fdfa996e6b" testName="FileContentRenamer.Tests.Services.ImageProcessorTests.CanProcess_WithImageExtensionsDifferentCasing_ShouldReturnTrue(extension: &quot;.BMP&quot;)" computerName="MacBook-Pro" duration="00:00:00.0248849" startTime="2025-08-11T23:27:29.7869930-03:00" endTime="2025-08-11T23:27:29.7993700-03:00" testType="13cdc9d9-ddb5-4fa4-a97d-d965ccfc6d4b" outcome="Failed" testListId="8c84fa94-04c1-424b-9868-57a2d4851a1d" relativeResultsDirectory="17aa12bb-6094-445a-98ad-c6673e662851">
      <Output>
        <ErrorInfo>
          <Message>Expected result to be True, but found False.</Message>
          <StackTrace>   at FluentAssertions.Execution.XUnit2TestFramework.Throw(String message)
   at FluentAssertions.Execution.TestFrameworkProvider.Throw(String message)
   at FluentAssertions.Execution.DefaultAssertionStrategy.HandleFailure(String message)
   at FluentAssertions.Execution.AssertionScope.FailWith(Func`1 failReasonFunc)
   at FluentAssertions.Execution.AssertionScope.FailWith(Func`1 failReasonFunc)
   at FluentAssertions.Execution.AssertionScope.FailWith(String message, Object[] args)
   at FluentAssertions.Primitives.BooleanAssertions`1.BeTrue(String because, Object[] becauseArgs)
   at FileContentRenamer.Tests.Services.ImageProcessorTests.CanProcess_WithImageExtensionsDifferentCasing_ShouldReturnTrue(String extension) in /Users/santibraida/Workspace/comprobantes/FileContentRenamer.Tests/Services/ImageProcessorTests.cs:line 61
   at InvokeStub_ImageProcessorTests.CanProcess_WithImageExtensionsDifferentCasing_ShouldReturnTrue(Object, Span`1)
   at System.Reflection.MethodBaseInvoker.InvokeWithOneArg(Object obj, BindingFlags invokeAttr, Binder binder, Object[] parameters, CultureInfo culture)</StackTrace>
        </ErrorInfo>
      </Output>
    </UnitTestResult>
    <UnitTestResult executionId="42f18925-f09e-4f39-9f4a-76411ca39766" testId="795f8691-da02-dc90-c006-df2b05e484b8" testName="FileContentRenamer.Tests.Services.DirectoryOrganizerTests.IsInYearMonthStructure_WithYearFolder_ShouldReturnTrue" computerName="MacBook-Pro" duration="00:00:00.0126717" startTime="2025-08-11T23:27:29.3641820-03:00" endTime="2025-08-11T23:27:29.3676240-03:00" testType="13cdc9d9-ddb5-4fa4-a97d-d965ccfc6d4b" outcome="Passed" testListId="8c84fa94-04c1-424b-9868-57a2d4851a1d" relativeResultsDirectory="42f18925-f09e-4f39-9f4a-76411ca39766" />
    <UnitTestResult executionId="c81603cc-c1d8-40bb-a5df-2bba804407eb" testId="ea32b4ee-de29-bcf5-9e6a-b7b5b963e16b" testName="FileContentRenamer.Tests.Services.FileValidatorTests.ShouldProcessFile_WithInvalidExtensions_ShouldReturnFalse(extension: &quot;.png&quot;)" computerName="MacBook-Pro" duration="00:00:00.0022640" startTime="2025-08-11T23:27:29.3705100-03:00" endTime="2025-08-11T23:27:29.3705710-03:00" testType="13cdc9d9-ddb5-4fa4-a97d-d965ccfc6d4b" outcome="Passed" testListId="8c84fa94-04c1-424b-9868-57a2d4851a1d" relativeResultsDirectory="c81603cc-c1d8-40bb-a5df-2bba804407eb" />
    <UnitTestResult executionId="4f676cc8-20b4-4022-a482-847359128700" testId="5126ad9e-208d-14c5-d223-4d3af568be87" testName="FileContentRenamer.Tests.Services.FilenameGeneratorTests.GenerateFilename_WithNoDateInContent_ShouldUseCurrentDate" computerName="MacBook-Pro" duration="00:00:00.0008971" startTime="2025-08-11T23:27:29.3492940-03:00" endTime="2025-08-11T23:27:29.3628810-03:00" testType="13cdc9d9-ddb5-4fa4-a97d-d965ccfc6d4b" outcome="Passed" testListId="8c84fa94-04c1-424b-9868-57a2d4851a1d" relativeResultsDirectory="4f676cc8-20b4-4022-a482-847359128700" />
    <UnitTestResult executionId="2152dffe-3e4c-45ee-8939-adfaa4ebd1e3" testId="7511a43c-a4b1-13d6-6238-776526db53ad" testName="FileContentRenamer.Tests.Services.ImageProcessorTests.Constructor_WithNonExistentTesseractDataPath_ShouldCreateDirectory" computerName="MacBook-Pro" duration="00:00:00.0682973" startTime="2025-08-11T23:27:29.5916860-03:00" endTime="2025-08-11T23:27:29.5982370-03:00" testType="13cdc9d9-ddb5-4fa4-a97d-d965ccfc6d4b" outcome="Passed" testListId="8c84fa94-04c1-424b-9868-57a2d4851a1d" relativeResultsDirectory="2152dffe-3e4c-45ee-8939-adfaa4ebd1e3" />
    <UnitTestResult executionId="adcb1535-d0ff-42b0-959b-f5f5a4ce88d2" testId="2044c162-1147-8fb8-adb8-ab6044bfdf21" testName="FileContentRenamer.Tests.Models.NamingRulesTests.FindMatchingRule_WithMatchingRule_ShouldReturnRule" computerName="MacBook-Pro" duration="00:00:00.0011285" startTime="2025-08-11T23:27:29.0903010-03:00" endTime="2025-08-11T23:27:29.0931570-03:00" testType="13cdc9d9-ddb5-4fa4-a97d-d965ccfc6d4b" outcome="Passed" testListId="8c84fa94-04c1-424b-9868-57a2d4851a1d" relativeResultsDirectory="adcb1535-d0ff-42b0-959b-f5f5a4ce88d2" />
    <UnitTestResult executionId="eb4776a6-55d9-4f73-ae32-9443b97bac76" testId="2ff40e02-cd90-e19e-c947-03dc2242a050" testName="FileContentRenamer.Tests.Models.NamingRulesTests.GenerateFilename_WithDateOverrideAndMinimalContent_ShouldUseDateOverride" computerName="MacBook-Pro" duration="00:00:00.0001606" startTime="2025-08-11T23:27:29.3456150-03:00" endTime="2025-08-11T23:27:29.3461750-03:00" testType="13cdc9d9-ddb5-4fa4-a97d-d965ccfc6d4b" outcome="Passed" testListId="8c84fa94-04c1-424b-9868-57a2d4851a1d" relativeResultsDirectory="eb4776a6-55d9-4f73-ae32-9443b97bac76" />
    <UnitTestResult executionId="abc69617-f9e5-425a-ac63-6b9cef662f35" testId="43108df8-7f9e-e70a-a456-a12f9dd6bbcf" testName="FileContentRenamer.Tests.Services.DateExtractorTests.ExtractDateFromContent_WithNullContent_ShouldReturnEmptyString" computerName="MacBook-Pro" duration="00:00:00.0002569" startTime="2025-08-11T23:27:29.1020160-03:00" endTime="2025-08-11T23:27:29.1026400-03:00" testType="13cdc9d9-ddb5-4fa4-a97d-d965ccfc6d4b" outcome="Passed" testListId="8c84fa94-04c1-424b-9868-57a2d4851a1d" relativeResultsDirectory="abc69617-f9e5-425a-ac63-6b9cef662f35" />
    <UnitTestResult executionId="b1f5531f-16fc-4ac1-b941-c0d431925ea6" testId="72cdf8b5-0c4a-e649-1b33-3003eb144b1a" testName="FileContentRenamer.Tests.Services.TextProcessorTests.CanProcess_WithNonTxtExtension_ShouldReturnFalse(filename: &quot;test.docx&quot;)" computerName="MacBook-Pro" duration="00:00:00.0002271" startTime="2025-08-11T23:27:29.4456000-03:00" endTime="2025-08-11T23:27:29.4456400-03:00" testType="13cdc9d9-ddb5-4fa4-a97d-d965ccfc6d4b" outcome="Passed" testListId="8c84fa94-04c1-424b-9868-57a2d4851a1d" relativeResultsDirectory="b1f5531f-16fc-4ac1-b941-c0d431925ea6" />
    <UnitTestResult executionId="cac41c37-3a4f-4e82-8c3f-7f460431daed" testId="ae46ec5c-7f7f-c8d8-b22b-c6a93692a055" testName="FileContentRenamer.Tests.Services.TextProcessorTests.ExtractContentAsync_WithExactly1000Characters_ShouldReturnAllContent" computerName="MacBook-Pro" duration="00:00:00.0207653" startTime="2025-08-11T23:27:29.3663890-03:00" endTime="2025-08-11T23:27:29.3717660-03:00" testType="13cdc9d9-ddb5-4fa4-a97d-d965ccfc6d4b" outcome="Passed" testListId="8c84fa94-04c1-424b-9868-57a2d4851a1d" relativeResultsDirectory="cac41c37-3a4f-4e82-8c3f-7f460431daed" />
    <UnitTestResult executionId="63731f01-17b2-4a49-aac0-4c1c46d56447" testId="c5db792d-e049-7e4c-45a4-ac95e98dbc54" testName="FileContentRenamer.Tests.Services.DirectoryOrganizerTests.GetMonthName_WithValidMonth_ShouldReturnSpanishName(monthNumber: 4, expected: &quot;abril&quot;)" computerName="MacBook-Pro" duration="00:00:00.0000887" startTime="2025-08-11T23:27:29.1653170-03:00" endTime="2025-08-11T23:27:29.1653570-03:00" testType="13cdc9d9-ddb5-4fa4-a97d-d965ccfc6d4b" outcome="Passed" testListId="8c84fa94-04c1-424b-9868-57a2d4851a1d" relativeResultsDirectory="63731f01-17b2-4a49-aac0-4c1c46d56447" />
    <UnitTestResult executionId="61b30e02-bc49-43b4-be2b-dc7190243a30" testId="5be72c0f-bb2d-feba-e528-7ed830f5c677" testName="FileContentRenamer.Tests.Services.DateExtractorTests.ExtractDateFromContent_WithVariousSpanishDates_ShouldReturnCorrectDates(content: &quot;31 de diciembre de 2023&quot;, expected: &quot;2023-12-31&quot;)" computerName="MacBook-Pro" duration="00:00:00.0000555" startTime="2025-08-11T23:27:29.1247860-03:00" endTime="2025-08-11T23:27:29.1248300-03:00" testType="13cdc9d9-ddb5-4fa4-a97d-d965ccfc6d4b" outcome="Passed" testListId="8c84fa94-04c1-424b-9868-57a2d4851a1d" relativeResultsDirectory="61b30e02-bc49-43b4-be2b-dc7190243a30" />
    <UnitTestResult executionId="befe54a9-4ca6-439e-b18b-842501ea7f6d" testId="411f59f3-34f9-62ac-9b26-0c3528e0b2f7" testName="FileContentRenamer.Tests.Services.FilenameGeneratorTests.IsAlreadyNamedFilename_WithInvalidFormats_ShouldReturnFalse(filename: &quot;service_15-03-2024_payment&quot;)" computerName="MacBook-Pro" duration="00:00:00.0000854" startTime="2025-08-11T23:27:29.3474720-03:00" endTime="2025-08-11T23:27:29.3477860-03:00" testType="13cdc9d9-ddb5-4fa4-a97d-d965ccfc6d4b" outcome="Passed" testListId="8c84fa94-04c1-424b-9868-57a2d4851a1d" relativeResultsDirectory="befe54a9-4ca6-439e-b18b-842501ea7f6d" />
    <UnitTestResult executionId="f6744c72-c887-4f29-a47f-38719aeb0d0d" testId="66a19620-a3b0-afbc-935a-264e635ffa8f" testName="FileContentRenamer.Tests.Services.FilenameGeneratorTests.IsAlreadyNamedFilename_WithInvalidFormats_ShouldReturnFalse(filename: &quot;service_2024-03-15&quot;)" computerName="MacBook-Pro" duration="00:00:00.0000254" startTime="2025-08-11T23:27:29.3488140-03:00" endTime="2025-08-11T23:27:29.3488430-03:00" testType="13cdc9d9-ddb5-4fa4-a97d-d965ccfc6d4b" outcome="Passed" testListId="8c84fa94-04c1-424b-9868-57a2d4851a1d" relativeResultsDirectory="f6744c72-c887-4f29-a47f-38719aeb0d0d" />
    <UnitTestResult executionId="0a5b0439-6780-44e8-bdc5-67bdada3622e" testId="4a85101f-96ab-da99-c27c-46820deea64a" testName="FileContentRenamer.Tests.Services.FilenameGeneratorTests.CleanupFileName_WithVariousInputs_ShouldReturnCleanedName(input: &quot;valid_filename&quot;, expected: &quot;valid_filename&quot;)" computerName="MacBook-Pro" duration="00:00:00.0344376" startTime="2025-08-11T23:27:29.3441710-03:00" endTime="2025-08-11T23:27:29.3442240-03:00" testType="13cdc9d9-ddb5-4fa4-a97d-d965ccfc6d4b" outcome="Failed" testListId="8c84fa94-04c1-424b-9868-57a2d4851a1d" relativeResultsDirectory="0a5b0439-6780-44e8-bdc5-67bdada3622e">
      <Output>
        <ErrorInfo>
          <Message>Expected result to be "valid_filename_2024-03-15_card.pdf" with a length of 34, but "test_2024-03-15_card.pdf" has a length of 24, differs near "tes" (index 0).</Message>
          <StackTrace>   at FluentAssertions.Execution.XUnit2TestFramework.Throw(String message)
   at FluentAssertions.Execution.TestFrameworkProvider.Throw(String message)
   at FluentAssertions.Execution.DefaultAssertionStrategy.HandleFailure(String message)
   at FluentAssertions.Execution.AssertionScope.FailWith(Func`1 failReasonFunc)
   at FluentAssertions.Execution.AssertionScope.FailWith(Func`1 failReasonFunc)
   at FluentAssertions.Primitives.StringEqualityValidator.ValidateAgainstLengthDifferences()
   at FluentAssertions.Primitives.StringValidator.Validate()
   at FluentAssertions.Primitives.StringAssertions`1.Be(String expected, String because, Object[] becauseArgs)
   at FileContentRenamer.Tests.Services.FilenameGeneratorTests.CleanupFileName_WithVariousInputs_ShouldReturnCleanedName(String input, String expected) in /Users/santibraida/Workspace/comprobantes/FileContentRenamer.Tests/Services/FilenameGeneratorTests.cs:line 232
   at InvokeStub_FilenameGeneratorTests.CleanupFileName_WithVariousInputs_ShouldReturnCleanedName(Object, Span`1)
   at System.Reflection.MethodBaseInvoker.InvokeWithFewArgs(Object obj, BindingFlags invokeAttr, Binder binder, Object[] parameters, CultureInfo culture)</StackTrace>
        </ErrorInfo>
      </Output>
    </UnitTestResult>
    <UnitTestResult executionId="72697eea-663e-488e-b5d5-2affe57d9003" testId="7eff9737-dcfc-63b6-3d57-04bd941b7068" testName="FileContentRenamer.Tests.Services.ImageProcessorTests.ExtractContentAsync_WithEmptyFile_ShouldReturnEmptyString" computerName="MacBook-Pro" duration="00:00:00.0630267" startTime="2025-08-11T23:27:29.8534620-03:00" endTime="2025-08-11T23:27:29.9052640-03:00" testType="13cdc9d9-ddb5-4fa4-a97d-d965ccfc6d4b" outcome="Passed" testListId="8c84fa94-04c1-424b-9868-57a2d4851a1d" relativeResultsDirectory="72697eea-663e-488e-b5d5-2affe57d9003" />
    <UnitTestResult executionId="8a36d3d7-c3a9-4130-87e8-402deb9d15f1" testId="ae4c83e6-0f4d-65f8-22c1-23c6464f33a2" testName="FileContentRenamer.Tests.Services.TextProcessorTests.CanProcess_WithTxtExtensionDifferentCasing_ShouldReturnTrue(filename: &quot;test.Txt&quot;)" computerName="MacBook-Pro" duration="00:00:00.0001189" startTime="2025-08-11T23:27:29.4660190-03:00" endTime="2025-08-11T23:27:29.4660600-03:00" testType="13cdc9d9-ddb5-4fa4-a97d-d965ccfc6d4b" outcome="Passed" testListId="8c84fa94-04c1-424b-9868-57a2d4851a1d" relativeResultsDirectory="8a36d3d7-c3a9-4130-87e8-402deb9d15f1" />
    <UnitTestResult executionId="1bb5a985-c08b-43b6-9164-814bb6bbf8c1" testId="d60b51ff-35d6-643f-09d4-bd5f7bbab23c" testName="FileContentRenamer.Tests.Services.TextProcessorTests.CanProcess_WithNonTxtExtension_ShouldReturnFalse(filename: &quot;test.jpg&quot;)" computerName="MacBook-Pro" duration="00:00:00.0008459" startTime="2025-08-11T23:27:29.4449770-03:00" endTime="2025-08-11T23:27:29.4450190-03:00" testType="13cdc9d9-ddb5-4fa4-a97d-d965ccfc6d4b" outcome="Passed" testListId="8c84fa94-04c1-424b-9868-57a2d4851a1d" relativeResultsDirectory="1bb5a985-c08b-43b6-9164-814bb6bbf8c1" />
    <UnitTestResult executionId="e45d0ac8-2068-4145-ae79-6cf86c055b17" testId="ec24e8ad-adc6-d41a-59ac-e98e8c3163a5" testName="FileContentRenamer.Tests.Services.FilenameGeneratorTests.CleanupFileName_WithVariousInputs_ShouldReturnCleanedName(input: &quot;file:name&quot;, expected: &quot;file_name&quot;)" computerName="MacBook-Pro" duration="00:00:00.0020030" startTime="2025-08-11T23:27:29.2852810-03:00" endTime="2025-08-11T23:27:29.3109610-03:00" testType="13cdc9d9-ddb5-4fa4-a97d-d965ccfc6d4b" outcome="Failed" testListId="8c84fa94-04c1-424b-9868-57a2d4851a1d" relativeResultsDirectory="e45d0ac8-2068-4145-ae79-6cf86c055b17">
      <Output>
        <ErrorInfo>
          <Message>Expected result to be "file_name_2024-03-15_card.pdf" with a length of 29, but "test_2024-03-15_card.pdf" has a length of 24, differs near "tes" (index 0).</Message>
          <StackTrace>   at FluentAssertions.Execution.XUnit2TestFramework.Throw(String message)
   at FluentAssertions.Execution.TestFrameworkProvider.Throw(String message)
   at FluentAssertions.Execution.DefaultAssertionStrategy.HandleFailure(String message)
   at FluentAssertions.Execution.AssertionScope.FailWith(Func`1 failReasonFunc)
   at FluentAssertions.Execution.AssertionScope.FailWith(Func`1 failReasonFunc)
   at FluentAssertions.Primitives.StringEqualityValidator.ValidateAgainstLengthDifferences()
   at FluentAssertions.Primitives.StringValidator.Validate()
   at FluentAssertions.Primitives.StringAssertions`1.Be(String expected, String because, Object[] becauseArgs)
   at FileContentRenamer.Tests.Services.FilenameGeneratorTests.CleanupFileName_WithVariousInputs_ShouldReturnCleanedName(String input, String expected) in /Users/santibraida/Workspace/comprobantes/FileContentRenamer.Tests/Services/FilenameGeneratorTests.cs:line 232
   at InvokeStub_FilenameGeneratorTests.CleanupFileName_WithVariousInputs_ShouldReturnCleanedName(Object, Span`1)
   at System.Reflection.MethodBaseInvoker.InvokeWithFewArgs(Object obj, BindingFlags invokeAttr, Binder binder, Object[] parameters, CultureInfo culture)</StackTrace>
        </ErrorInfo>
      </Output>
    </UnitTestResult>
    <UnitTestResult executionId="0d32941c-f396-493a-b1e5-18383e7b4982" testId="9f3779e0-204e-fe43-610e-1a907c82fa52" testName="FileContentRenamer.Tests.Services.FilenameGeneratorTests.IsAlreadyNamedFilename_WithCorrectFormat_ShouldReturnTrue" computerName="MacBook-Pro" duration="00:00:00.0002953" startTime="2025-08-11T23:27:29.4367020-03:00" endTime="2025-08-11T23:27:29.4367770-03:00" testType="13cdc9d9-ddb5-4fa4-a97d-d965ccfc6d4b" outcome="Passed" testListId="8c84fa94-04c1-424b-9868-57a2d4851a1d" relativeResultsDirectory="0d32941c-f396-493a-b1e5-18383e7b4982" />
    <UnitTestResult executionId="3c654fe7-59f6-4c66-9a71-d42396c3be16" testId="b0606947-aad7-eee5-1152-2a1ec56d9255" testName="FileContentRenamer.Tests.Services.DirectoryOrganizerTests.IsInYearMonthStructure_WithInvalidStructure_ShouldReturnFalse(folderName: &quot;regular_folder&quot;)" computerName="MacBook-Pro" duration="00:00:00.0007242" startTime="2025-08-11T23:27:29.1772410-03:00" endTime="2025-08-11T23:27:29.1777390-03:00" testType="13cdc9d9-ddb5-4fa4-a97d-d965ccfc6d4b" outcome="Passed" testListId="8c84fa94-04c1-424b-9868-57a2d4851a1d" relativeResultsDirectory="3c654fe7-59f6-4c66-9a71-d42396c3be16" />
    <UnitTestResult executionId="57390344-ab9b-4f22-8d02-b5149815ae06" testId="b3c39b3e-760b-5274-9a96-a8ea10710638" testName="FileContentRenamer.Tests.Services.DirectoryOrganizerTests.GetMonthName_WithValidMonth_ShouldReturnSpanishName(monthNumber: 11, expected: &quot;noviembre&quot;)" computerName="MacBook-Pro" duration="00:00:00.0003422" startTime="2025-08-11T23:27:29.1023330-03:00" endTime="2025-08-11T23:27:29.1045120-03:00" testType="13cdc9d9-ddb5-4fa4-a97d-d965ccfc6d4b" outcome="Passed" testListId="8c84fa94-04c1-424b-9868-57a2d4851a1d" relativeResultsDirectory="57390344-ab9b-4f22-8d02-b5149815ae06" />
    <UnitTestResult executionId="aedcaedb-1b96-4485-9add-783ac2fa6f4c" testId="a74078ad-01de-0282-292f-78f3a891fdb1" testName="FileContentRenamer.Tests.Services.FileValidatorTests.ShouldProcessFile_WithNonExistentFile_ShouldReturnFalse" computerName="MacBook-Pro" duration="00:00:00.0005859" startTime="2025-08-11T23:27:29.5294500-03:00" endTime="2025-08-11T23:27:29.5444520-03:00" testType="13cdc9d9-ddb5-4fa4-a97d-d965ccfc6d4b" outcome="Passed" testListId="8c84fa94-04c1-424b-9868-57a2d4851a1d" relativeResultsDirectory="aedcaedb-1b96-4485-9add-783ac2fa6f4c" />
    <UnitTestResult executionId="f97bb22d-396b-4bfd-b63b-78ab91f43b2a" testId="0d10a7ac-0e5b-dd5d-82c4-53603840d067" testName="FileContentRenamer.Tests.Services.FileValidatorTests.ShouldSkipAlreadyNamedFile_WithForceReprocessEnabled_ShouldReturnFalse" computerName="MacBook-Pro" duration="00:00:00.0002917" startTime="2025-08-11T23:27:29.5760120-03:00" endTime="2025-08-11T23:27:29.5760770-03:00" testType="13cdc9d9-ddb5-4fa4-a97d-d965ccfc6d4b" outcome="Passed" testListId="8c84fa94-04c1-424b-9868-57a2d4851a1d" relativeResultsDirectory="f97bb22d-396b-4bfd-b63b-78ab91f43b2a" />
    <UnitTestResult executionId="a4264657-531b-4018-99d7-12c89b435e76" testId="55667650-7485-4ca3-fd19-23d2a7a126c7" testName="FileContentRenamer.Tests.Models.NamingRulesTests.GenerateFilename_WithMinimalGenericContent_ShouldUseOriginalDate" computerName="MacBook-Pro" duration="00:00:00.1002202" startTime="2025-08-11T23:27:29.1283640-03:00" endTime="2025-08-11T23:27:29.2860580-03:00" testType="13cdc9d9-ddb5-4fa4-a97d-d965ccfc6d4b" outcome="Failed" testListId="8c84fa94-04c1-424b-9868-57a2d4851a1d" relativeResultsDirectory="a4264657-531b-4018-99d7-12c89b435e76">
      <Output>
        <ErrorInfo>
          <Message>Expected result to be "test_service_2024-03-15_card", but "test_service_2024-01-15_card" differs near "1-1" (index 19).</Message>
          <StackTrace>   at FluentAssertions.Execution.XUnit2TestFramework.Throw(String message)
   at FluentAssertions.Execution.TestFrameworkProvider.Throw(String message)
   at FluentAssertions.Execution.DefaultAssertionStrategy.HandleFailure(String message)
   at FluentAssertions.Execution.AssertionScope.FailWith(Func`1 failReasonFunc)
   at FluentAssertions.Execution.AssertionScope.FailWith(Func`1 failReasonFunc)
   at FluentAssertions.Execution.AssertionScope.FailWith(String message, Object[] args)
   at FluentAssertions.Primitives.StringEqualityValidator.ValidateAgainstMismatch()
   at FluentAssertions.Primitives.StringValidator.Validate()
   at FluentAssertions.Primitives.StringAssertions`1.Be(String expected, String because, Object[] becauseArgs)
   at FileContentRenamer.Tests.Models.NamingRulesTests.GenerateFilename_WithMinimalGenericContent_ShouldUseOriginalDate() in /Users/santibraida/Workspace/comprobantes/FileContentRenamer.Tests/Models/NamingRuleTests.cs:line 408
   at System.RuntimeMethodHandle.InvokeMethod(Object target, Void** arguments, Signature sig, Boolean isConstructor)
   at System.Reflection.MethodBaseInvoker.InvokeWithNoArgs(Object obj, BindingFlags invokeAttr)</StackTrace>
        </ErrorInfo>
      </Output>
    </UnitTestResult>
    <UnitTestResult executionId="8f462f00-42bf-416b-96b5-c07a1ca07045" testId="30667a3d-da81-f223-5d62-6b3c054e0a23" testName="FileContentRenamer.Tests.Services.PdfProcessorTests.CanProcess_WithPdfExtensionDifferentCasing_ShouldReturnTrue(filename: &quot;test.pDf&quot;)" computerName="MacBook-Pro" duration="00:00:00.0001254" startTime="2025-08-11T23:27:29.0921900-03:00" endTime="2025-08-11T23:27:29.0926280-03:00" testType="13cdc9d9-ddb5-4fa4-a97d-d965ccfc6d4b" outcome="Passed" testListId="8c84fa94-04c1-424b-9868-57a2d4851a1d" relativeResultsDirectory="8f462f00-42bf-416b-96b5-c07a1ca07045" />
    <UnitTestResult executionId="ecd31120-a354-43aa-a681-4e67067bd744" testId="5203fca7-8d46-0785-3587-4e70c16ca73b" testName="FileContentRenamer.Tests.Services.PdfProcessorTests.ExtractContentAsync_WithInvalidPdfFile_ShouldReturnEmptyString" computerName="MacBook-Pro" duration="00:00:00.0184704" startTime="2025-08-11T23:27:29.2824930-03:00" endTime="2025-08-11T23:27:29.2829490-03:00" testType="13cdc9d9-ddb5-4fa4-a97d-d965ccfc6d4b" outcome="Passed" testListId="8c84fa94-04c1-424b-9868-57a2d4851a1d" relativeResultsDirectory="ecd31120-a354-43aa-a681-4e67067bd744" />
    <UnitTestResult executionId="f0442cde-80ec-490a-9eaa-2c4ab84137dd" testId="b72ed067-d3bd-e26d-3bed-f7f45c913059" testName="FileContentRenamer.Tests.Services.FilenameGeneratorTests.GenerateFilename_WithDifferentExtension_ShouldPreserveExtension" computerName="MacBook-Pro" duration="00:00:00.0509397" startTime="2025-08-11T23:27:29.4400680-03:00" endTime="2025-08-11T23:27:29.4404370-03:00" testType="13cdc9d9-ddb5-4fa4-a97d-d965ccfc6d4b" outcome="Passed" testListId="8c84fa94-04c1-424b-9868-57a2d4851a1d" relativeResultsDirectory="f0442cde-80ec-490a-9eaa-2c4ab84137dd" />
    <UnitTestResult executionId="585547ce-6637-4888-9aa4-2567a01beb73" testId="7b37b2f2-6969-770c-b013-e18381e7bb74" testName="FileContentRenamer.Tests.Services.FilenameGeneratorTests.CleanupFileName_WithVariousInputs_ShouldReturnCleanedName(input: &quot;&quot;, expected: &quot;cleaned_file&quot;)" computerName="MacBook-Pro" duration="00:00:00.0004998" startTime="2025-08-11T23:27:29.3426030-03:00" endTime="2025-08-11T23:27:29.3426400-03:00" testType="13cdc9d9-ddb5-4fa4-a97d-d965ccfc6d4b" outcome="Failed" testListId="8c84fa94-04c1-424b-9868-57a2d4851a1d" relativeResultsDirectory="585547ce-6637-4888-9aa4-2567a01beb73">
      <Output>
        <ErrorInfo>
          <Message>Expected result to be "cleaned_file_2024-03-15_card.pdf" with a length of 32, but "test_2024-03-15_card.pdf" has a length of 24, differs near "tes" (index 0).</Message>
          <StackTrace>   at FluentAssertions.Execution.XUnit2TestFramework.Throw(String message)
   at FluentAssertions.Execution.TestFrameworkProvider.Throw(String message)
   at FluentAssertions.Execution.DefaultAssertionStrategy.HandleFailure(String message)
   at FluentAssertions.Execution.AssertionScope.FailWith(Func`1 failReasonFunc)
   at FluentAssertions.Execution.AssertionScope.FailWith(Func`1 failReasonFunc)
   at FluentAssertions.Primitives.StringEqualityValidator.ValidateAgainstLengthDifferences()
   at FluentAssertions.Primitives.StringValidator.Validate()
   at FluentAssertions.Primitives.StringAssertions`1.Be(String expected, String because, Object[] becauseArgs)
   at FileContentRenamer.Tests.Services.FilenameGeneratorTests.CleanupFileName_WithVariousInputs_ShouldReturnCleanedName(String input, String expected) in /Users/santibraida/Workspace/comprobantes/FileContentRenamer.Tests/Services/FilenameGeneratorTests.cs:line 232
   at InvokeStub_FilenameGeneratorTests.CleanupFileName_WithVariousInputs_ShouldReturnCleanedName(Object, Span`1)
   at System.Reflection.MethodBaseInvoker.InvokeWithFewArgs(Object obj, BindingFlags invokeAttr, Binder binder, Object[] parameters, CultureInfo culture)</StackTrace>
        </ErrorInfo>
      </Output>
    </UnitTestResult>
    <UnitTestResult executionId="cdba5190-3fa3-490e-bab4-ed5b964f5dcf" testId="af647e92-1ce2-064d-3a84-3476cb46d127" testName="FileContentRenamer.Tests.Services.TextProcessorTests.CanProcess_WithNonTxtExtension_ShouldReturnFalse(filename: &quot;test.pdf&quot;)" computerName="MacBook-Pro" duration="00:00:00.0180198" startTime="2025-08-11T23:27:29.4440950-03:00" endTime="2025-08-11T23:27:29.4446990-03:00" testType="13cdc9d9-ddb5-4fa4-a97d-d965ccfc6d4b" outcome="Passed" testListId="8c84fa94-04c1-424b-9868-57a2d4851a1d" relativeResultsDirectory="cdba5190-3fa3-490e-bab4-ed5b964f5dcf" />
    <UnitTestResult executionId="6f00bbcd-1968-4a2e-aa76-49a1e5406900" testId="04613884-8eea-2162-7b68-af1197b3a19b" testName="FileContentRenamer.Tests.Models.AppConfigTests.LoadFromConfiguration_WithInvalidJson_ShouldThrowException" computerName="MacBook-Pro" duration="00:00:00.0698830" startTime="2025-08-11T23:27:29.5912070-03:00" endTime="2025-08-11T23:27:29.5917360-03:00" testType="13cdc9d9-ddb5-4fa4-a97d-d965ccfc6d4b" outcome="Failed" testListId="8c84fa94-04c1-424b-9868-57a2d4851a1d" relativeResultsDirectory="6f00bbcd-1968-4a2e-aa76-49a1e5406900">
      <Output>
        <ErrorInfo>
          <Message>Expected a &lt;System.Exception&gt; to be thrown, but no exception was thrown.</Message>
          <StackTrace>   at FluentAssertions.Execution.XUnit2TestFramework.Throw(String message)
   at FluentAssertions.Execution.TestFrameworkProvider.Throw(String message)
   at FluentAssertions.Execution.DefaultAssertionStrategy.HandleFailure(String message)
   at FluentAssertions.Execution.AssertionScope.FailWith(Func`1 failReasonFunc)
   at FluentAssertions.Execution.AssertionScope.FailWith(Func`1 failReasonFunc)
   at FluentAssertions.Execution.AssertionScope.FailWith(String message)
   at FluentAssertions.Specialized.DelegateAssertionsBase`2.ThrowInternal[TException](Exception exception, String because, Object[] becauseArgs)
   at FluentAssertions.Specialized.DelegateAssertions`2.Throw[TException](String because, Object[] becauseArgs)
   at FileContentRenamer.Tests.Models.AppConfigTests.LoadFromConfiguration_WithInvalidJson_ShouldThrowException() in /Users/santibraida/Workspace/comprobantes/FileContentRenamer.Tests/Models/AppConfigTests.cs:line 126
   at System.RuntimeMethodHandle.InvokeMethod(Object target, Void** arguments, Signature sig, Boolean isConstructor)
   at System.Reflection.MethodBaseInvoker.InvokeWithNoArgs(Object obj, BindingFlags invokeAttr)</StackTrace>
        </ErrorInfo>
      </Output>
    </UnitTestResult>
    <UnitTestResult executionId="68d58cf7-4af6-4b6c-9738-d43c8924f056" testId="75b52445-788c-0c2d-ad1d-9437d196417b" testName="FileContentRenamer.Tests.Services.TextProcessorTests.ExtractContentAsync_WithMultilineContent_ShouldReturnContent" computerName="MacBook-Pro" duration="00:00:00.0791321" startTime="2025-08-11T23:27:29.2774890-03:00" endTime="2025-08-11T23:27:29.3506130-03:00" testType="13cdc9d9-ddb5-4fa4-a97d-d965ccfc6d4b" outcome="Passed" testListId="8c84fa94-04c1-424b-9868-57a2d4851a1d" relativeResultsDirectory="68d58cf7-4af6-4b6c-9738-d43c8924f056" />
    <UnitTestResult executionId="8fbb112c-99e0-461f-bee8-5e1bf0eff8cd" testId="6f2af002-27a0-bce9-8dd8-c05215b58bbb" testName="FileContentRenamer.Tests.Services.DirectoryOrganizerTests.OrganizeFileIntoDirectoryStructure_WithEmptyDate_ShouldReturnOriginalPath" computerName="MacBook-Pro" duration="00:00:00.0009859" startTime="2025-08-11T23:27:29.2860070-03:00" endTime="2025-08-11T23:27:29.3116840-03:00" testType="13cdc9d9-ddb5-4fa4-a97d-d965ccfc6d4b" outcome="Passed" testListId="8c84fa94-04c1-424b-9868-57a2d4851a1d" relativeResultsDirectory="8fbb112c-99e0-461f-bee8-5e1bf0eff8cd" />
    <UnitTestResult executionId="234f96c8-e697-48c7-805d-15f5dcd3e99e" testId="6547cbe5-cb2c-b29f-9137-0cf0b96d8b18" testName="FileContentRenamer.Tests.Models.AppConfigTests.LoadFromConfiguration_WithPartialConfig_ShouldUseDefaultsForMissingValues" computerName="MacBook-Pro" duration="00:00:00.0610588" startTime="2025-08-11T23:27:29.5923000-03:00" endTime="2025-08-11T23:27:29.6521120-03:00" testType="13cdc9d9-ddb5-4fa4-a97d-d965ccfc6d4b" outcome="Failed" testListId="8c84fa94-04c1-424b-9868-57a2d4851a1d" relativeResultsDirectory="234f96c8-e697-48c7-805d-15f5dcd3e99e">
      <Output>
        <ErrorInfo>
          <Message>Expected result.BasePath to be "/test/base" with a length of 10, but "/var/folders/x1/bt0l1hlj3xxfgmlll69gmfr40000gn/T/0612f3fe-5484-4fbb-a61b-f0b79263548e" has a length of 85, differs near "var" (index 1).</Message>
          <StackTrace>   at FluentAssertions.Execution.XUnit2TestFramework.Throw(String message)
   at FluentAssertions.Execution.TestFrameworkProvider.Throw(String message)
   at FluentAssertions.Execution.DefaultAssertionStrategy.HandleFailure(String message)
   at FluentAssertions.Execution.AssertionScope.FailWith(Func`1 failReasonFunc)
   at FluentAssertions.Execution.AssertionScope.FailWith(Func`1 failReasonFunc)
   at FluentAssertions.Primitives.StringEqualityValidator.ValidateAgainstLengthDifferences()
   at FluentAssertions.Primitives.StringValidator.Validate()
   at FluentAssertions.Primitives.StringAssertions`1.Be(String expected, String because, Object[] becauseArgs)
   at FileContentRenamer.Tests.Models.AppConfigTests.LoadFromConfiguration_WithPartialConfig_ShouldUseDefaultsForMissingValues() in /Users/santibraida/Workspace/comprobantes/FileContentRenamer.Tests/Models/AppConfigTests.cs:line 175
   at System.RuntimeMethodHandle.InvokeMethod(Object target, Void** arguments, Signature sig, Boolean isConstructor)
   at System.Reflection.MethodBaseInvoker.InvokeWithNoArgs(Object obj, BindingFlags invokeAttr)</StackTrace>
        </ErrorInfo>
      </Output>
    </UnitTestResult>
    <UnitTestResult executionId="83ddd3c0-cbb4-4e55-a619-973e94a4ca62" testId="f0b07320-4d8e-00cc-a232-a17246b4be02" testName="FileContentRenamer.Tests.Services.FileServiceTests.ProcessFilesAsync_WithValidFiles_ShouldProcessFiles" computerName="MacBook-Pro" duration="00:00:00.0642076" startTime="2025-08-11T23:27:29.4237210-03:00" endTime="2025-08-11T23:27:29.4416370-03:00" testType="13cdc9d9-ddb5-4fa4-a97d-d965ccfc6d4b" outcome="Passed" testListId="8c84fa94-04c1-424b-9868-57a2d4851a1d" relativeResultsDirectory="83ddd3c0-cbb4-4e55-a619-973e94a4ca62" />
    <UnitTestResult executionId="2586a2a2-8b49-4761-a517-17ecb065b54d" testId="1f3ff8e1-e91a-ea79-b96f-cb3e726fda8c" testName="FileContentRenamer.Tests.Services.DirectoryOrganizerTests.OrganizeFileIntoDirectoryStructure_AlreadyInCorrectStructure_ShouldReturnSamePath" computerName="MacBook-Pro" duration="00:00:00.0022535" startTime="2025-08-11T23:27:29.3683040-03:00" endTime="2025-08-11T23:27:29.3691700-03:00" testType="13cdc9d9-ddb5-4fa4-a97d-d965ccfc6d4b" outcome="Passed" testListId="8c84fa94-04c1-424b-9868-57a2d4851a1d" relativeResultsDirectory="2586a2a2-8b49-4761-a517-17ecb065b54d" />
    <UnitTestResult executionId="8ddc971b-3949-4d07-8d67-857776637cc1" testId="95464817-3328-92d5-e9f2-a7a51a663358" testName="FileContentRenamer.Tests.Services.FilenameGeneratorTests.IsAlreadyNamedFilename_WithValidFormats_ShouldReturnTrue(filename: &quot;company_2025-01-01_bank&quot;)" computerName="MacBook-Pro" duration="00:00:00.0012457" startTime="2025-08-11T23:27:29.2476940-03:00" endTime="2025-08-11T23:27:29.2477240-03:00" testType="13cdc9d9-ddb5-4fa4-a97d-d965ccfc6d4b" outcome="Passed" testListId="8c84fa94-04c1-424b-9868-57a2d4851a1d" relativeResultsDirectory="8ddc971b-3949-4d07-8d67-857776637cc1" />
  </Results>
  <TestDefinitions>
    <UnitTest name="FileContentRenamer.Tests.Services.FileValidatorTests.ShouldProcessFile_WithInvalidExtensions_ShouldReturnFalse(extension: &quot;.png&quot;)" storage="/users/santibraida/workspace/comprobantes/filecontentrenamer.tests/bin/debug/net9.0/filecontentrenamer.tests.dll" id="ea32b4ee-de29-bcf5-9e6a-b7b5b963e16b">
      <Execution id="c81603cc-c1d8-40bb-a5df-2bba804407eb" />
      <TestMethod codeBase="/Users/santibraida/Workspace/comprobantes/FileContentRenamer.Tests/bin/Debug/net9.0/FileContentRenamer.Tests.dll" adapterTypeName="executor://xunit/VsTestRunner3/netcore/" className="FileContentRenamer.Tests.Services.FileValidatorTests" name="ShouldProcessFile_WithInvalidExtensions_ShouldReturnFalse" />
    </UnitTest>
    <UnitTest name="FileContentRenamer.Tests.Models.AppConfigTests.LoadFromConfiguration_WithMissingConfigFile_ShouldThrowException" storage="/users/santibraida/workspace/comprobantes/filecontentrenamer.tests/bin/debug/net9.0/filecontentrenamer.tests.dll" id="e6f8099a-7c83-15b0-1a09-13322c0e5611">
      <Execution id="35a8ec72-3e02-4286-a856-c20a5eabd08a" />
      <TestMethod codeBase="/Users/santibraida/Workspace/comprobantes/FileContentRenamer.Tests/bin/Debug/net9.0/FileContentRenamer.Tests.dll" adapterTypeName="executor://xunit/VsTestRunner3/netcore/" className="FileContentRenamer.Tests.Models.AppConfigTests" name="LoadFromConfiguration_WithMissingConfigFile_ShouldThrowException" />
    </UnitTest>
    <UnitTest name="FileContentRenamer.Tests.Services.FilenameGeneratorTests.GenerateFilename_WithNullDate_ShouldUseCurrentDate" storage="/users/santibraida/workspace/comprobantes/filecontentrenamer.tests/bin/debug/net9.0/filecontentrenamer.tests.dll" id="eff1fee9-aafb-67b9-c268-648d008d92e6">
      <Execution id="fb1ee76b-3ca5-45f1-a458-46eb56006e0c" />
      <TestMethod codeBase="/Users/santibraida/Workspace/comprobantes/FileContentRenamer.Tests/bin/Debug/net9.0/FileContentRenamer.Tests.dll" adapterTypeName="executor://xunit/VsTestRunner3/netcore/" className="FileContentRenamer.Tests.Services.FilenameGeneratorTests" name="GenerateFilename_WithNullDate_ShouldUseCurrentDate" />
    </UnitTest>
    <UnitTest name="FileContentRenamer.Tests.Services.PdfProcessorTests.ExtractContentAsync_WithInvalidPdfFile_ShouldReturnEmptyString" storage="/users/santibraida/workspace/comprobantes/filecontentrenamer.tests/bin/debug/net9.0/filecontentrenamer.tests.dll" id="5203fca7-8d46-0785-3587-4e70c16ca73b">
      <Execution id="ecd31120-a354-43aa-a681-4e67067bd744" />
      <TestMethod codeBase="/Users/santibraida/Workspace/comprobantes/FileContentRenamer.Tests/bin/Debug/net9.0/FileContentRenamer.Tests.dll" adapterTypeName="executor://xunit/VsTestRunner3/netcore/" className="FileContentRenamer.Tests.Services.PdfProcessorTests" name="ExtractContentAsync_WithInvalidPdfFile_ShouldReturnEmptyString" />
    </UnitTest>
    <UnitTest name="FileContentRenamer.Tests.Services.DirectoryOrganizerTests.OrganizeFileIntoDirectoryStructure_InYearFolderDifferentMonth_ShouldMoveToCorrectMonth" storage="/users/santibraida/workspace/comprobantes/filecontentrenamer.tests/bin/debug/net9.0/filecontentrenamer.tests.dll" id="31f3b2f4-1b28-6746-2403-d25f9fbdfdf8">
      <Execution id="65168870-c0d8-4cf0-9bba-4897a76b8281" />
      <TestMethod codeBase="/Users/santibraida/Workspace/comprobantes/FileContentRenamer.Tests/bin/Debug/net9.0/FileContentRenamer.Tests.dll" adapterTypeName="executor://xunit/VsTestRunner3/netcore/" className="FileContentRenamer.Tests.Services.DirectoryOrganizerTests" name="OrganizeFileIntoDirectoryStructure_InYearFolderDifferentMonth_ShouldMoveToCorrectMonth" />
    </UnitTest>
    <UnitTest name="FileContentRenamer.Tests.Services.FilenameGeneratorTests.GenerateUniqueFilename_WithMultipleExistingFiles_ShouldReturnNextAvailableNumber" storage="/users/santibraida/workspace/comprobantes/filecontentrenamer.tests/bin/debug/net9.0/filecontentrenamer.tests.dll" id="44b78ff5-3e7b-b701-e798-52be3aafb6cb">
      <Execution id="749f1187-513a-4863-a88e-7a780407eeda" />
      <TestMethod codeBase="/Users/santibraida/Workspace/comprobantes/FileContentRenamer.Tests/bin/Debug/net9.0/FileContentRenamer.Tests.dll" adapterTypeName="executor://xunit/VsTestRunner3/netcore/" className="FileContentRenamer.Tests.Services.FilenameGeneratorTests" name="GenerateUniqueFilename_WithMultipleExistingFiles_ShouldReturnNextAvailableNumber" />
    </UnitTest>
    <UnitTest name="FileContentRenamer.Tests.Services.DirectoryOrganizerTests.GetMonthName_WithValidMonth_ShouldReturnSpanishName(monthNumber: 4, expected: &quot;abril&quot;)" storage="/users/santibraida/workspace/comprobantes/filecontentrenamer.tests/bin/debug/net9.0/filecontentrenamer.tests.dll" id="c5db792d-e049-7e4c-45a4-ac95e98dbc54">
      <Execution id="63731f01-17b2-4a49-aac0-4c1c46d56447" />
      <TestMethod codeBase="/Users/santibraida/Workspace/comprobantes/FileContentRenamer.Tests/bin/Debug/net9.0/FileContentRenamer.Tests.dll" adapterTypeName="executor://xunit/VsTestRunner3/netcore/" className="FileContentRenamer.Tests.Services.DirectoryOrganizerTests" name="GetMonthName_WithValidMonth_ShouldReturnSpanishName" />
    </UnitTest>
    <UnitTest name="FileContentRenamer.Tests.Services.DirectoryOrganizerTests.GetMonthName_WithValidMonth_ShouldReturnSpanishName(monthNumber: 9, expected: &quot;septiembre&quot;)" storage="/users/santibraida/workspace/comprobantes/filecontentrenamer.tests/bin/debug/net9.0/filecontentrenamer.tests.dll" id="ebc6b45b-0fe4-e4c2-6b7e-a061ba64a1b2">
      <Execution id="837e923d-aad6-4528-94a2-c36160d711f6" />
      <TestMethod codeBase="/Users/santibraida/Workspace/comprobantes/FileContentRenamer.Tests/bin/Debug/net9.0/FileContentRenamer.Tests.dll" adapterTypeName="executor://xunit/VsTestRunner3/netcore/" className="FileContentRenamer.Tests.Services.DirectoryOrganizerTests" name="GetMonthName_WithValidMonth_ShouldReturnSpanishName" />
    </UnitTest>
    <UnitTest name="FileContentRenamer.Tests.Services.TextProcessorTests.CanProcess_WithNonTxtExtension_ShouldReturnFalse(filename: &quot;test.docx&quot;)" storage="/users/santibraida/workspace/comprobantes/filecontentrenamer.tests/bin/debug/net9.0/filecontentrenamer.tests.dll" id="72cdf8b5-0c4a-e649-1b33-3003eb144b1a">
      <Execution id="b1f5531f-16fc-4ac1-b941-c0d431925ea6" />
      <TestMethod codeBase="/Users/santibraida/Workspace/comprobantes/FileContentRenamer.Tests/bin/Debug/net9.0/FileContentRenamer.Tests.dll" adapterTypeName="executor://xunit/VsTestRunner3/netcore/" className="FileContentRenamer.Tests.Services.TextProcessorTests" name="CanProcess_WithNonTxtExtension_ShouldReturnFalse" />
    </UnitTest>
    <UnitTest name="FileContentRenamer.Tests.Services.FileValidatorTests.ShouldProcessFile_WithFileExtensionsContainingNulls_ShouldHandleGracefully" storage="/users/santibraida/workspace/comprobantes/filecontentrenamer.tests/bin/debug/net9.0/filecontentrenamer.tests.dll" id="f4d3ad23-32ef-7284-391b-46eb33d6f78f">
      <Execution id="20546b96-42ed-4b52-b001-1d8576150b30" />
      <TestMethod codeBase="/Users/santibraida/Workspace/comprobantes/FileContentRenamer.Tests/bin/Debug/net9.0/FileContentRenamer.Tests.dll" adapterTypeName="executor://xunit/VsTestRunner3/netcore/" className="FileContentRenamer.Tests.Services.FileValidatorTests" name="ShouldProcessFile_WithFileExtensionsContainingNulls_ShouldHandleGracefully" />
    </UnitTest>
    <UnitTest name="FileContentRenamer.Tests.Services.FilenameGeneratorTests.GenerateFilename_WithNullDirectory_ShouldReturnOriginalFilename" storage="/users/santibraida/workspace/comprobantes/filecontentrenamer.tests/bin/debug/net9.0/filecontentrenamer.tests.dll" id="019703dd-2e5c-665b-f543-025b13ca7b6d">
      <Execution id="07ee143f-15d5-4d24-aac6-225d9e773ad1" />
      <TestMethod codeBase="/Users/santibraida/Workspace/comprobantes/FileContentRenamer.Tests/bin/Debug/net9.0/FileContentRenamer.Tests.dll" adapterTypeName="executor://xunit/VsTestRunner3/netcore/" className="FileContentRenamer.Tests.Services.FilenameGeneratorTests" name="GenerateFilename_WithNullDirectory_ShouldReturnOriginalFilename" />
    </UnitTest>
    <UnitTest name="FileContentRenamer.Tests.Services.FileValidatorTests.ShouldProcessFile_WithValidExtensions_ShouldReturnTrue(extension: &quot;.pdf&quot;)" storage="/users/santibraida/workspace/comprobantes/filecontentrenamer.tests/bin/debug/net9.0/filecontentrenamer.tests.dll" id="00d05e1f-7d72-418e-9c9e-a769436ab485">
      <Execution id="8fe381aa-9a05-47b3-9c53-6f1dd3a4a121" />
      <TestMethod codeBase="/Users/santibraida/Workspace/comprobantes/FileContentRenamer.Tests/bin/Debug/net9.0/FileContentRenamer.Tests.dll" adapterTypeName="executor://xunit/VsTestRunner3/netcore/" className="FileContentRenamer.Tests.Services.FileValidatorTests" name="ShouldProcessFile_WithValidExtensions_ShouldReturnTrue" />
    </UnitTest>
    <UnitTest name="FileContentRenamer.Tests.Models.NamingRulesTests.GenerateFilename_WithNoMatchingRule_ShouldUseDefaults" storage="/users/santibraida/workspace/comprobantes/filecontentrenamer.tests/bin/debug/net9.0/filecontentrenamer.tests.dll" id="fa21426d-34f2-265b-fd21-637426cd5f3c">
      <Execution id="3cb0fc6e-d037-4de3-9883-0a2132fe4d5a" />
      <TestMethod codeBase="/Users/santibraida/Workspace/comprobantes/FileContentRenamer.Tests/bin/Debug/net9.0/FileContentRenamer.Tests.dll" adapterTypeName="executor://xunit/VsTestRunner3/netcore/" className="FileContentRenamer.Tests.Models.NamingRulesTests" name="GenerateFilename_WithNoMatchingRule_ShouldUseDefaults" />
    </UnitTest>
    <UnitTest name="FileContentRenamer.Tests.Services.FileValidatorTests.ValidateConfiguration_WithNullBasePath_ShouldReturnFalse" storage="/users/santibraida/workspace/comprobantes/filecontentrenamer.tests/bin/debug/net9.0/filecontentrenamer.tests.dll" id="f0195bc9-b668-8b5d-b703-9a52aa1e98e6">
      <Execution id="9b313a6a-46d7-4a42-a55e-943efd0f1f18" />
      <TestMethod codeBase="/Users/santibraida/Workspace/comprobantes/FileContentRenamer.Tests/bin/Debug/net9.0/FileContentRenamer.Tests.dll" adapterTypeName="executor://xunit/VsTestRunner3/netcore/" className="FileContentRenamer.Tests.Services.FileValidatorTests" name="ValidateConfiguration_WithNullBasePath_ShouldReturnFalse" />
    </UnitTest>
    <UnitTest name="FileContentRenamer.Tests.Services.FileValidatorTests.ShouldProcessFile_WithInvalidExtensions_ShouldReturnFalse(extension: &quot;.xlsx&quot;)" storage="/users/santibraida/workspace/comprobantes/filecontentrenamer.tests/bin/debug/net9.0/filecontentrenamer.tests.dll" id="5d659f4c-0006-5095-6e01-261fba69eeb2">
      <Execution id="f6646537-65f4-42da-8e8e-d147c117a1cb" />
      <TestMethod codeBase="/Users/santibraida/Workspace/comprobantes/FileContentRenamer.Tests/bin/Debug/net9.0/FileContentRenamer.Tests.dll" adapterTypeName="executor://xunit/VsTestRunner3/netcore/" className="FileContentRenamer.Tests.Services.FileValidatorTests" name="ShouldProcessFile_WithInvalidExtensions_ShouldReturnFalse" />
    </UnitTest>
    <UnitTest name="FileContentRenamer.Tests.Services.FileValidatorTests.ValidateFileSize_WithNormalFile_ShouldNotThrow" storage="/users/santibraida/workspace/comprobantes/filecontentrenamer.tests/bin/debug/net9.0/filecontentrenamer.tests.dll" id="01a2041b-e2e4-e363-0b4d-3c74dc73e548">
      <Execution id="375584dc-e600-4a2b-be6d-53c215d6f415" />
      <TestMethod codeBase="/Users/santibraida/Workspace/comprobantes/FileContentRenamer.Tests/bin/Debug/net9.0/FileContentRenamer.Tests.dll" adapterTypeName="executor://xunit/VsTestRunner3/netcore/" className="FileContentRenamer.Tests.Services.FileValidatorTests" name="ValidateFileSize_WithNormalFile_ShouldNotThrow" />
    </UnitTest>
    <UnitTest name="FileContentRenamer.Tests.Services.DirectoryOrganizerTests.GetMonthName_WithValidMonth_ShouldReturnSpanishName(monthNumber: 11, expected: &quot;noviembre&quot;)" storage="/users/santibraida/workspace/comprobantes/filecontentrenamer.tests/bin/debug/net9.0/filecontentrenamer.tests.dll" id="b3c39b3e-760b-5274-9a96-a8ea10710638">
      <Execution id="57390344-ab9b-4f22-8d02-b5149815ae06" />
      <TestMethod codeBase="/Users/santibraida/Workspace/comprobantes/FileContentRenamer.Tests/bin/Debug/net9.0/FileContentRenamer.Tests.dll" adapterTypeName="executor://xunit/VsTestRunner3/netcore/" className="FileContentRenamer.Tests.Services.DirectoryOrganizerTests" name="GetMonthName_WithValidMonth_ShouldReturnSpanishName" />
    </UnitTest>
    <UnitTest name="FileContentRenamer.Tests.Services.PdfProcessorTests.CanProcess_WithNonPdfExtension_ShouldReturnFalse(filename: &quot;test.docx&quot;)" storage="/users/santibraida/workspace/comprobantes/filecontentrenamer.tests/bin/debug/net9.0/filecontentrenamer.tests.dll" id="aa7a6137-3efe-902b-7df5-672c2c4d55d3">
      <Execution id="0346d601-2098-43eb-bce6-fe191bf09596" />
      <TestMethod codeBase="/Users/santibraida/Workspace/comprobantes/FileContentRenamer.Tests/bin/Debug/net9.0/FileContentRenamer.Tests.dll" adapterTypeName="executor://xunit/VsTestRunner3/netcore/" className="FileContentRenamer.Tests.Services.PdfProcessorTests" name="CanProcess_WithNonPdfExtension_ShouldReturnFalse" />
    </UnitTest>
    <UnitTest name="FileContentRenamer.Tests.Services.FilenameGeneratorTests.IsAlreadyNamedFilename_WithInvalidFormats_ShouldReturnFalse(filename: &quot;service_15-03-2024_payment&quot;)" storage="/users/santibraida/workspace/comprobantes/filecontentrenamer.tests/bin/debug/net9.0/filecontentrenamer.tests.dll" id="411f59f3-34f9-62ac-9b26-0c3528e0b2f7">
      <Execution id="befe54a9-4ca6-439e-b18b-842501ea7f6d" />
      <TestMethod codeBase="/Users/santibraida/Workspace/comprobantes/FileContentRenamer.Tests/bin/Debug/net9.0/FileContentRenamer.Tests.dll" adapterTypeName="executor://xunit/VsTestRunner3/netcore/" className="FileContentRenamer.Tests.Services.FilenameGeneratorTests" name="IsAlreadyNamedFilename_WithInvalidFormats_ShouldReturnFalse" />
    </UnitTest>
    <UnitTest name="FileContentRenamer.Tests.Services.DateExtractorTests.ExtractDateFromContent_WithDueDateFormat_ShouldReturnCorrectDate" storage="/users/santibraida/workspace/comprobantes/filecontentrenamer.tests/bin/debug/net9.0/filecontentrenamer.tests.dll" id="7135bf06-d0f7-d1fd-424d-aa321ae4fc62">
      <Execution id="d78e89a3-7599-4d73-b1a6-e2c928b714b5" />
      <TestMethod codeBase="/Users/santibraida/Workspace/comprobantes/FileContentRenamer.Tests/bin/Debug/net9.0/FileContentRenamer.Tests.dll" adapterTypeName="executor://xunit/VsTestRunner3/netcore/" className="FileContentRenamer.Tests.Services.DateExtractorTests" name="ExtractDateFromContent_WithDueDateFormat_ShouldReturnCorrectDate" />
    </UnitTest>
    <UnitTest name="FileContentRenamer.Tests.Models.NamingRulesTests.FindMatchingRule_WithMatchingRule_ShouldReturnRule" storage="/users/santibraida/workspace/comprobantes/filecontentrenamer.tests/bin/debug/net9.0/filecontentrenamer.tests.dll" id="2044c162-1147-8fb8-adb8-ab6044bfdf21">
      <Execution id="adcb1535-d0ff-42b0-959b-f5f5a4ce88d2" />
      <TestMethod codeBase="/Users/santibraida/Workspace/comprobantes/FileContentRenamer.Tests/bin/Debug/net9.0/FileContentRenamer.Tests.dll" adapterTypeName="executor://xunit/VsTestRunner3/netcore/" className="FileContentRenamer.Tests.Models.NamingRulesTests" name="FindMatchingRule_WithMatchingRule_ShouldReturnRule" />
    </UnitTest>
    <UnitTest name="FileContentRenamer.Tests.Services.DateExtractorTests.ExtractDateFromContent_WithVariousSpanishDates_ShouldReturnCorrectDates(content: &quot;1 de enero de 2024&quot;, expected: &quot;2024-01-01&quot;)" storage="/users/santibraida/workspace/comprobantes/filecontentrenamer.tests/bin/debug/net9.0/filecontentrenamer.tests.dll" id="8f9706bb-c4e8-83d9-78e0-248eda84983c">
      <Execution id="70b308ed-223a-4712-8ac9-01cf33a94480" />
      <TestMethod codeBase="/Users/santibraida/Workspace/comprobantes/FileContentRenamer.Tests/bin/Debug/net9.0/FileContentRenamer.Tests.dll" adapterTypeName="executor://xunit/VsTestRunner3/netcore/" className="FileContentRenamer.Tests.Services.DateExtractorTests" name="ExtractDateFromContent_WithVariousSpanishDates_ShouldReturnCorrectDates" />
    </UnitTest>
    <UnitTest name="FileContentRenamer.Tests.Services.DirectoryOrganizerTests.GetMonthName_WithInvalidMonth_ShouldReturnUnknown(monthNumber: 13)" storage="/users/santibraida/workspace/comprobantes/filecontentrenamer.tests/bin/debug/net9.0/filecontentrenamer.tests.dll" id="6c106499-e2c3-a0a7-eafe-eacf56794202">
      <Execution id="020d0864-9941-4191-952b-e0b156c9e892" />
      <TestMethod codeBase="/Users/santibraida/Workspace/comprobantes/FileContentRenamer.Tests/bin/Debug/net9.0/FileContentRenamer.Tests.dll" adapterTypeName="executor://xunit/VsTestRunner3/netcore/" className="FileContentRenamer.Tests.Services.DirectoryOrganizerTests" name="GetMonthName_WithInvalidMonth_ShouldReturnUnknown" />
    </UnitTest>
    <UnitTest name="FileContentRenamer.Tests.Services.DateExtractorTests.ExtractDateFromContent_WithVariousDueDateFormats_ShouldReturnCorrectDates(content: &quot;Vto.:15/03/2024&quot;, expected: &quot;2024-03-15&quot;)" storage="/users/santibraida/workspace/comprobantes/filecontentrenamer.tests/bin/debug/net9.0/filecontentrenamer.tests.dll" id="a4d26202-1548-77e4-c6ee-466955cdb771">
      <Execution id="cc36bcb5-ec36-421d-9bb2-073dea9b79fd" />
      <TestMethod codeBase="/Users/santibraida/Workspace/comprobantes/FileContentRenamer.Tests/bin/Debug/net9.0/FileContentRenamer.Tests.dll" adapterTypeName="executor://xunit/VsTestRunner3/netcore/" className="FileContentRenamer.Tests.Services.DateExtractorTests" name="ExtractDateFromContent_WithVariousDueDateFormats_ShouldReturnCorrectDates" />
    </UnitTest>
    <UnitTest name="FileContentRenamer.Tests.Services.DirectoryOrganizerTests.IsInYearMonthStructure_WithInvalidStructure_ShouldReturnFalse(folderName: &quot;03_marzo_not_in_year&quot;)" storage="/users/santibraida/workspace/comprobantes/filecontentrenamer.tests/bin/debug/net9.0/filecontentrenamer.tests.dll" id="2266e366-c62d-09c9-ded7-1e7b5d0da037">
      <Execution id="b6803354-2b8a-4f4f-87e5-47e9fe94c4be" />
      <TestMethod codeBase="/Users/santibraida/Workspace/comprobantes/FileContentRenamer.Tests/bin/Debug/net9.0/FileContentRenamer.Tests.dll" adapterTypeName="executor://xunit/VsTestRunner3/netcore/" className="FileContentRenamer.Tests.Services.DirectoryOrganizerTests" name="IsInYearMonthStructure_WithInvalidStructure_ShouldReturnFalse" />
    </UnitTest>
    <UnitTest name="FileContentRenamer.Tests.Services.DirectoryOrganizerTests.GetMonthName_WithInvalidMonth_ShouldReturnUnknown(monthNumber: -1)" storage="/users/santibraida/workspace/comprobantes/filecontentrenamer.tests/bin/debug/net9.0/filecontentrenamer.tests.dll" id="079ffdd2-77ff-69de-b8c6-9423e86a8bc9">
      <Execution id="6ed2c086-ff41-40f9-be44-567d09e11723" />
      <TestMethod codeBase="/Users/santibraida/Workspace/comprobantes/FileContentRenamer.Tests/bin/Debug/net9.0/FileContentRenamer.Tests.dll" adapterTypeName="executor://xunit/VsTestRunner3/netcore/" className="FileContentRenamer.Tests.Services.DirectoryOrganizerTests" name="GetMonthName_WithInvalidMonth_ShouldReturnUnknown" />
    </UnitTest>
    <UnitTest name="FileContentRenamer.Tests.Services.FileValidatorTests.ShouldProcessFile_WithValidExtensions_ShouldReturnTrue(extension: &quot;.jpg&quot;)" storage="/users/santibraida/workspace/comprobantes/filecontentrenamer.tests/bin/debug/net9.0/filecontentrenamer.tests.dll" id="6d830e63-8fcb-8140-fe0b-9a127d46ab00">
      <Execution id="5ca1fc90-344c-43ea-9333-1ca3258d8e63" />
      <TestMethod codeBase="/Users/santibraida/Workspace/comprobantes/FileContentRenamer.Tests/bin/Debug/net9.0/FileContentRenamer.Tests.dll" adapterTypeName="executor://xunit/VsTestRunner3/netcore/" className="FileContentRenamer.Tests.Services.FileValidatorTests" name="ShouldProcessFile_WithValidExtensions_ShouldReturnTrue" />
    </UnitTest>
    <UnitTest name="FileContentRenamer.Tests.Services.FileValidatorTests.ShouldProcessFile_WithDifferentCasing_ShouldBeCaseInsensitive(filename: &quot;test.PDF&quot;)" storage="/users/santibraida/workspace/comprobantes/filecontentrenamer.tests/bin/debug/net9.0/filecontentrenamer.tests.dll" id="d0aa19eb-08b4-b4f4-8874-599c8e5e451d">
      <Execution id="2b0c73ef-74ca-47ba-826e-98e9ba5548e5" />
      <TestMethod codeBase="/Users/santibraida/Workspace/comprobantes/FileContentRenamer.Tests/bin/Debug/net9.0/FileContentRenamer.Tests.dll" adapterTypeName="executor://xunit/VsTestRunner3/netcore/" className="FileContentRenamer.Tests.Services.FileValidatorTests" name="ShouldProcessFile_WithDifferentCasing_ShouldBeCaseInsensitive" />
    </UnitTest>
    <UnitTest name="FileContentRenamer.Tests.Models.AppConfigTests.LoadFromConfiguration_WithNoBasePath_ShouldUseCurrentDirectory" storage="/users/santibraida/workspace/comprobantes/filecontentrenamer.tests/bin/debug/net9.0/filecontentrenamer.tests.dll" id="c781d212-7be9-917b-2eb4-49e5e562dd6d">
      <Execution id="859ef7e6-92af-4ec6-8495-ef7ca33ab364" />
      <TestMethod codeBase="/Users/santibraida/Workspace/comprobantes/FileContentRenamer.Tests/bin/Debug/net9.0/FileContentRenamer.Tests.dll" adapterTypeName="executor://xunit/VsTestRunner3/netcore/" className="FileContentRenamer.Tests.Models.AppConfigTests" name="LoadFromConfiguration_WithNoBasePath_ShouldUseCurrentDirectory" />
    </UnitTest>
    <UnitTest name="FileContentRenamer.Tests.Services.TextProcessorTests.ExtractContentAsync_WithUnicodeContent_ShouldReturnContent" storage="/users/santibraida/workspace/comprobantes/filecontentrenamer.tests/bin/debug/net9.0/filecontentrenamer.tests.dll" id="57d1cda9-e9e5-f000-1823-6cc75a3cb199">
      <Execution id="45fbb30e-df84-4769-bf34-6e77005bd9e1" />
      <TestMethod codeBase="/Users/santibraida/Workspace/comprobantes/FileContentRenamer.Tests/bin/Debug/net9.0/FileContentRenamer.Tests.dll" adapterTypeName="executor://xunit/VsTestRunner3/netcore/" className="FileContentRenamer.Tests.Services.TextProcessorTests" name="ExtractContentAsync_WithUnicodeContent_ShouldReturnContent" />
    </UnitTest>
    <UnitTest name="FileContentRenamer.Tests.Services.ImageProcessorTests.Constructor_WithNullTesseractDataPath_ShouldNotThrow" storage="/users/santibraida/workspace/comprobantes/filecontentrenamer.tests/bin/debug/net9.0/filecontentrenamer.tests.dll" id="3a993a67-299c-3f87-5430-509e79a52fc2">
      <Execution id="5f37c114-4e93-4b9b-abb4-5467f4f887f5" />
      <TestMethod codeBase="/Users/santibraida/Workspace/comprobantes/FileContentRenamer.Tests/bin/Debug/net9.0/FileContentRenamer.Tests.dll" adapterTypeName="executor://xunit/VsTestRunner3/netcore/" className="FileContentRenamer.Tests.Services.ImageProcessorTests" name="Constructor_WithNullTesseractDataPath_ShouldNotThrow" />
    </UnitTest>
    <UnitTest name="FileContentRenamer.Tests.Services.ImageProcessorTests.CanProcess_WithNonImageExtension_ShouldReturnFalse(extension: &quot;test&quot;)" storage="/users/santibraida/workspace/comprobantes/filecontentrenamer.tests/bin/debug/net9.0/filecontentrenamer.tests.dll" id="d406e03e-ed03-b142-d7d1-88f454f977cb">
      <Execution id="2b68c21f-e4e8-4c7a-869c-4af695169665" />
      <TestMethod codeBase="/Users/santibraida/Workspace/comprobantes/FileContentRenamer.Tests/bin/Debug/net9.0/FileContentRenamer.Tests.dll" adapterTypeName="executor://xunit/VsTestRunner3/netcore/" className="FileContentRenamer.Tests.Services.ImageProcessorTests" name="CanProcess_WithNonImageExtension_ShouldReturnFalse" />
    </UnitTest>
    <UnitTest name="FileContentRenamer.Tests.Models.NamingRulesTests.GenerateFilename_WithRuleWithEmptyPaymentMethod_ShouldUseDefault" storage="/users/santibraida/workspace/comprobantes/filecontentrenamer.tests/bin/debug/net9.0/filecontentrenamer.tests.dll" id="653d3743-7cb8-b116-b4af-cf8e20bba6f6">
      <Execution id="2aff8101-0ac0-4c47-a5c6-9a2335a584be" />
      <TestMethod codeBase="/Users/santibraida/Workspace/comprobantes/FileContentRenamer.Tests/bin/Debug/net9.0/FileContentRenamer.Tests.dll" adapterTypeName="executor://xunit/VsTestRunner3/netcore/" className="FileContentRenamer.Tests.Models.NamingRulesTests" name="GenerateFilename_WithRuleWithEmptyPaymentMethod_ShouldUseDefault" />
    </UnitTest>
    <UnitTest name="FileContentRenamer.Tests.Services.DirectoryOrganizerTests.IsInYearMonthStructure_WithInvalidStructure_ShouldReturnFalse(folderName: &quot;regular_folder&quot;)" storage="/users/santibraida/workspace/comprobantes/filecontentrenamer.tests/bin/debug/net9.0/filecontentrenamer.tests.dll" id="b0606947-aad7-eee5-1152-2a1ec56d9255">
      <Execution id="3c654fe7-59f6-4c66-9a71-d42396c3be16" />
      <TestMethod codeBase="/Users/santibraida/Workspace/comprobantes/FileContentRenamer.Tests/bin/Debug/net9.0/FileContentRenamer.Tests.dll" adapterTypeName="executor://xunit/VsTestRunner3/netcore/" className="FileContentRenamer.Tests.Services.DirectoryOrganizerTests" name="IsInYearMonthStructure_WithInvalidStructure_ShouldReturnFalse" />
    </UnitTest>
    <UnitTest name="FileContentRenamer.Tests.Models.AppConfigTests.AppConfig_Properties_ShouldBeSettable" storage="/users/santibraida/workspace/comprobantes/filecontentrenamer.tests/bin/debug/net9.0/filecontentrenamer.tests.dll" id="f705c669-0318-6f5e-e8e5-1b4eaa9f9880">
      <Execution id="463141c0-d070-44ff-b793-57a012145b2d" />
      <TestMethod codeBase="/Users/santibraida/Workspace/comprobantes/FileContentRenamer.Tests/bin/Debug/net9.0/FileContentRenamer.Tests.dll" adapterTypeName="executor://xunit/VsTestRunner3/netcore/" className="FileContentRenamer.Tests.Models.AppConfigTests" name="AppConfig_Properties_ShouldBeSettable" />
    </UnitTest>
    <UnitTest name="FileContentRenamer.Tests.Models.AppConfigTests.LoadFromConfiguration_WithEmptyConfig_ShouldReturnDefaultValues" storage="/users/santibraida/workspace/comprobantes/filecontentrenamer.tests/bin/debug/net9.0/filecontentrenamer.tests.dll" id="c065bb15-0b46-1d32-e858-5e9745c4fb6e">
      <Execution id="2fe3ac2a-5ca0-4712-875a-8e29a9091236" />
      <TestMethod codeBase="/Users/santibraida/Workspace/comprobantes/FileContentRenamer.Tests/bin/Debug/net9.0/FileContentRenamer.Tests.dll" adapterTypeName="executor://xunit/VsTestRunner3/netcore/" className="FileContentRenamer.Tests.Models.AppConfigTests" name="LoadFromConfiguration_WithEmptyConfig_ShouldReturnDefaultValues" />
    </UnitTest>
    <UnitTest name="FileContentRenamer.Tests.Services.DateExtractorTests.ExtractDateFromContent_WithVariousGenericDates_ShouldReturnCorrectDates(content: &quot;15/03/2024&quot;, expected: &quot;2024-03-15&quot;)" storage="/users/santibraida/workspace/comprobantes/filecontentrenamer.tests/bin/debug/net9.0/filecontentrenamer.tests.dll" id="1d19ec21-e870-5f10-f860-7ea25dd398b9">
      <Execution id="5b4b35ae-8594-443f-a01d-aa009056b306" />
      <TestMethod codeBase="/Users/santibraida/Workspace/comprobantes/FileContentRenamer.Tests/bin/Debug/net9.0/FileContentRenamer.Tests.dll" adapterTypeName="executor://xunit/VsTestRunner3/netcore/" className="FileContentRenamer.Tests.Services.DateExtractorTests" name="ExtractDateFromContent_WithVariousGenericDates_ShouldReturnCorrectDates" />
    </UnitTest>
    <UnitTest name="FileContentRenamer.Tests.Services.FilenameGeneratorTests.GenerateFilename_WithValidContentAndDate_ShouldReturnCorrectFilename" storage="/users/santibraida/workspace/comprobantes/filecontentrenamer.tests/bin/debug/net9.0/filecontentrenamer.tests.dll" id="a78a0985-6ddf-5e1e-7544-6efb88194c31">
      <Execution id="8c93b2be-ce7d-498a-a3bb-91ca8b21e341" />
      <TestMethod codeBase="/Users/santibraida/Workspace/comprobantes/FileContentRenamer.Tests/bin/Debug/net9.0/FileContentRenamer.Tests.dll" adapterTypeName="executor://xunit/VsTestRunner3/netcore/" className="FileContentRenamer.Tests.Services.FilenameGeneratorTests" name="GenerateFilename_WithValidContentAndDate_ShouldReturnCorrectFilename" />
    </UnitTest>
    <UnitTest name="FileContentRenamer.Tests.Services.FilenameGeneratorTests.IsAlreadyNamedFilename_WithCorrectFormat_ShouldReturnTrue" storage="/users/santibraida/workspace/comprobantes/filecontentrenamer.tests/bin/debug/net9.0/filecontentrenamer.tests.dll" id="9f3779e0-204e-fe43-610e-1a907c82fa52">
      <Execution id="0d32941c-f396-493a-b1e5-18383e7b4982" />
      <TestMethod codeBase="/Users/santibraida/Workspace/comprobantes/FileContentRenamer.Tests/bin/Debug/net9.0/FileContentRenamer.Tests.dll" adapterTypeName="executor://xunit/VsTestRunner3/netcore/" className="FileContentRenamer.Tests.Services.FilenameGeneratorTests" name="IsAlreadyNamedFilename_WithCorrectFormat_ShouldReturnTrue" />
    </UnitTest>
    <UnitTest name="FileContentRenamer.Tests.Models.NamingRulesTests.FindMatchingRule_WithEmptyContent_ShouldReturnNull" storage="/users/santibraida/workspace/comprobantes/filecontentrenamer.tests/bin/debug/net9.0/filecontentrenamer.tests.dll" id="6d7beee1-1275-7fbd-2196-741c8c2b81ed">
      <Execution id="4c91eeca-8cca-422d-ae45-5e488cd8fe87" />
      <TestMethod codeBase="/Users/santibraida/Workspace/comprobantes/FileContentRenamer.Tests/bin/Debug/net9.0/FileContentRenamer.Tests.dll" adapterTypeName="executor://xunit/VsTestRunner3/netcore/" className="FileContentRenamer.Tests.Models.NamingRulesTests" name="FindMatchingRule_WithEmptyContent_ShouldReturnNull" />
    </UnitTest>
    <UnitTest name="FileContentRenamer.Tests.Services.FilenameGeneratorTests.IsAlreadyNamedFilename_WithInvalidFormats_ShouldReturnFalse(filename: &quot;&quot;)" storage="/users/santibraida/workspace/comprobantes/filecontentrenamer.tests/bin/debug/net9.0/filecontentrenamer.tests.dll" id="c1072614-89d7-ecfa-6ece-76abc08d540d">
      <Execution id="27e89264-7716-46ea-a74d-7b13e55caa33" />
      <TestMethod codeBase="/Users/santibraida/Workspace/comprobantes/FileContentRenamer.Tests/bin/Debug/net9.0/FileContentRenamer.Tests.dll" adapterTypeName="executor://xunit/VsTestRunner3/netcore/" className="FileContentRenamer.Tests.Services.FilenameGeneratorTests" name="IsAlreadyNamedFilename_WithInvalidFormats_ShouldReturnFalse" />
    </UnitTest>
    <UnitTest name="FileContentRenamer.Tests.Services.FileValidatorTests.ValidateFileSize_WithInvalidPath_ShouldNotThrow" storage="/users/santibraida/workspace/comprobantes/filecontentrenamer.tests/bin/debug/net9.0/filecontentrenamer.tests.dll" id="3890aa01-b165-5f49-b90e-3db1a4c16e7b">
      <Execution id="bc8b7ded-48d6-465b-872f-55706c779c7f" />
      <TestMethod codeBase="/Users/santibraida/Workspace/comprobantes/FileContentRenamer.Tests/bin/Debug/net9.0/FileContentRenamer.Tests.dll" adapterTypeName="executor://xunit/VsTestRunner3/netcore/" className="FileContentRenamer.Tests.Services.FileValidatorTests" name="ValidateFileSize_WithInvalidPath_ShouldNotThrow" />
    </UnitTest>
    <UnitTest name="FileContentRenamer.Tests.Services.DirectoryOrganizerTests.OrganizeFileIntoDirectoryStructure_AlreadyInCorrectStructure_ShouldReturnSamePath" storage="/users/santibraida/workspace/comprobantes/filecontentrenamer.tests/bin/debug/net9.0/filecontentrenamer.tests.dll" id="1f3ff8e1-e91a-ea79-b96f-cb3e726fda8c">
      <Execution id="2586a2a2-8b49-4761-a517-17ecb065b54d" />
      <TestMethod codeBase="/Users/santibraida/Workspace/comprobantes/FileContentRenamer.Tests/bin/Debug/net9.0/FileContentRenamer.Tests.dll" adapterTypeName="executor://xunit/VsTestRunner3/netcore/" className="FileContentRenamer.Tests.Services.DirectoryOrganizerTests" name="OrganizeFileIntoDirectoryStructure_AlreadyInCorrectStructure_ShouldReturnSamePath" />
    </UnitTest>
    <UnitTest name="FileContentRenamer.Tests.Services.DirectoryOrganizerTests.GetMonthName_WithValidMonth_ShouldReturnSpanishName(monthNumber: 5, expected: &quot;mayo&quot;)" storage="/users/santibraida/workspace/comprobantes/filecontentrenamer.tests/bin/debug/net9.0/filecontentrenamer.tests.dll" id="d1416a64-bf78-25ec-aee2-d5b8b18bc3dc">
      <Execution id="ab262641-e2e5-44f9-af4f-7a4158cf283d" />
      <TestMethod codeBase="/Users/santibraida/Workspace/comprobantes/FileContentRenamer.Tests/bin/Debug/net9.0/FileContentRenamer.Tests.dll" adapterTypeName="executor://xunit/VsTestRunner3/netcore/" className="FileContentRenamer.Tests.Services.DirectoryOrganizerTests" name="GetMonthName_WithValidMonth_ShouldReturnSpanishName" />
    </UnitTest>
    <UnitTest name="FileContentRenamer.Tests.Models.NamingRulesTests.GenerateFilename_WithDateOverrideButRichContent_ShouldUseOriginalDate" storage="/users/santibraida/workspace/comprobantes/filecontentrenamer.tests/bin/debug/net9.0/filecontentrenamer.tests.dll" id="f74a6a94-f390-b5f6-1cb3-44e2f343eb63">
      <Execution id="20d88eb0-ade8-4d62-95b3-9dadd23553b6" />
      <TestMethod codeBase="/Users/santibraida/Workspace/comprobantes/FileContentRenamer.Tests/bin/Debug/net9.0/FileContentRenamer.Tests.dll" adapterTypeName="executor://xunit/VsTestRunner3/netcore/" className="FileContentRenamer.Tests.Models.NamingRulesTests" name="GenerateFilename_WithDateOverrideButRichContent_ShouldUseOriginalDate" />
    </UnitTest>
    <UnitTest name="FileContentRenamer.Tests.Services.ImageProcessorTests.Constructor_WithNonExistentTesseractDataPath_ShouldCreateDirectory" storage="/users/santibraida/workspace/comprobantes/filecontentrenamer.tests/bin/debug/net9.0/filecontentrenamer.tests.dll" id="7511a43c-a4b1-13d6-6238-776526db53ad">
      <Execution id="2152dffe-3e4c-45ee-8939-adfaa4ebd1e3" />
      <TestMethod codeBase="/Users/santibraida/Workspace/comprobantes/FileContentRenamer.Tests/bin/Debug/net9.0/FileContentRenamer.Tests.dll" adapterTypeName="executor://xunit/VsTestRunner3/netcore/" className="FileContentRenamer.Tests.Services.ImageProcessorTests" name="Constructor_WithNonExistentTesseractDataPath_ShouldCreateDirectory" />
    </UnitTest>
    <UnitTest name="FileContentRenamer.Tests.Services.FilenameGeneratorTests.GenerateFilename_WithNoDateInContent_ShouldUseCurrentDate" storage="/users/santibraida/workspace/comprobantes/filecontentrenamer.tests/bin/debug/net9.0/filecontentrenamer.tests.dll" id="5126ad9e-208d-14c5-d223-4d3af568be87">
      <Execution id="4f676cc8-20b4-4022-a482-847359128700" />
      <TestMethod codeBase="/Users/santibraida/Workspace/comprobantes/FileContentRenamer.Tests/bin/Debug/net9.0/FileContentRenamer.Tests.dll" adapterTypeName="executor://xunit/VsTestRunner3/netcore/" className="FileContentRenamer.Tests.Services.FilenameGeneratorTests" name="GenerateFilename_WithNoDateInContent_ShouldUseCurrentDate" />
    </UnitTest>
    <UnitTest name="FileContentRenamer.Tests.Services.ImageProcessorTests.CanProcess_WithNonImageExtension_ShouldReturnFalse(extension: &quot;.docx&quot;)" storage="/users/santibraida/workspace/comprobantes/filecontentrenamer.tests/bin/debug/net9.0/filecontentrenamer.tests.dll" id="3ecade73-7761-1f4e-e941-925f13343fbf">
      <Execution id="d73c5aac-e376-437d-b280-0bd5e105dd9e" />
      <TestMethod codeBase="/Users/santibraida/Workspace/comprobantes/FileContentRenamer.Tests/bin/Debug/net9.0/FileContentRenamer.Tests.dll" adapterTypeName="executor://xunit/VsTestRunner3/netcore/" className="FileContentRenamer.Tests.Services.ImageProcessorTests" name="CanProcess_WithNonImageExtension_ShouldReturnFalse" />
    </UnitTest>
    <UnitTest name="FileContentRenamer.Tests.Services.FileValidatorTests.ValidateConfiguration_WithValidConfig_ShouldReturnTrue" storage="/users/santibraida/workspace/comprobantes/filecontentrenamer.tests/bin/debug/net9.0/filecontentrenamer.tests.dll" id="a366a934-60e2-7009-7a6f-f68837f539c2">
      <Execution id="f7822cab-bcf4-482c-9520-162f3ae1b572" />
      <TestMethod codeBase="/Users/santibraida/Workspace/comprobantes/FileContentRenamer.Tests/bin/Debug/net9.0/FileContentRenamer.Tests.dll" adapterTypeName="executor://xunit/VsTestRunner3/netcore/" className="FileContentRenamer.Tests.Services.FileValidatorTests" name="ValidateConfiguration_WithValidConfig_ShouldReturnTrue" />
    </UnitTest>
    <UnitTest name="FileContentRenamer.Tests.Services.FileServiceTests.ProcessFilesAsync_WithInvalidConfiguration_ShouldReturnEarly" storage="/users/santibraida/workspace/comprobantes/filecontentrenamer.tests/bin/debug/net9.0/filecontentrenamer.tests.dll" id="d0d2c3b5-6a63-09c0-0a9b-894aa7a6f45d">
      <Execution id="69e3c19f-0bd7-44f3-96e8-1ec428a44154" />
      <TestMethod codeBase="/Users/santibraida/Workspace/comprobantes/FileContentRenamer.Tests/bin/Debug/net9.0/FileContentRenamer.Tests.dll" adapterTypeName="executor://xunit/VsTestRunner3/netcore/" className="FileContentRenamer.Tests.Services.FileServiceTests" name="ProcessFilesAsync_WithInvalidConfiguration_ShouldReturnEarly" />
    </UnitTest>
    <UnitTest name="FileContentRenamer.Tests.Services.DirectoryOrganizerTests.GetMonthName_WithValidMonth_ShouldReturnSpanishName(monthNumber: 12, expected: &quot;diciembre&quot;)" storage="/users/santibraida/workspace/comprobantes/filecontentrenamer.tests/bin/debug/net9.0/filecontentrenamer.tests.dll" id="b99c1952-4b8a-6e7b-be83-1febd897689d">
      <Execution id="be54f14c-04ed-4aca-9e2a-a2728315f3ed" />
      <TestMethod codeBase="/Users/santibraida/Workspace/comprobantes/FileContentRenamer.Tests/bin/Debug/net9.0/FileContentRenamer.Tests.dll" adapterTypeName="executor://xunit/VsTestRunner3/netcore/" className="FileContentRenamer.Tests.Services.DirectoryOrganizerTests" name="GetMonthName_WithValidMonth_ShouldReturnSpanishName" />
    </UnitTest>
    <UnitTest name="FileContentRenamer.Tests.Models.NamingRuleTests.Matches_WithNullKeywords_ShouldReturnFalse" storage="/users/santibraida/workspace/comprobantes/filecontentrenamer.tests/bin/debug/net9.0/filecontentrenamer.tests.dll" id="923e4fe8-a8e9-3d7b-512d-479873b8f571">
      <Execution id="836d7fe7-046b-4ade-b6b2-cf8aa0e7e186" />
      <TestMethod codeBase="/Users/santibraida/Workspace/comprobantes/FileContentRenamer.Tests/bin/Debug/net9.0/FileContentRenamer.Tests.dll" adapterTypeName="executor://xunit/VsTestRunner3/netcore/" className="FileContentRenamer.Tests.Models.NamingRuleTests" name="Matches_WithNullKeywords_ShouldReturnFalse" />
    </UnitTest>
    <UnitTest name="FileContentRenamer.Tests.Services.DateExtractorTests.ExtractDateFromContent_WithMultipleDates_ShouldReturnFirstFound" storage="/users/santibraida/workspace/comprobantes/filecontentrenamer.tests/bin/debug/net9.0/filecontentrenamer.tests.dll" id="ab0172d5-f8de-2bd2-5705-f61f86ff407f">
      <Execution id="ca1c8d36-4adf-4272-8ff1-ad33eace8279" />
      <TestMethod codeBase="/Users/santibraida/Workspace/comprobantes/FileContentRenamer.Tests/bin/Debug/net9.0/FileContentRenamer.Tests.dll" adapterTypeName="executor://xunit/VsTestRunner3/netcore/" className="FileContentRenamer.Tests.Services.DateExtractorTests" name="ExtractDateFromContent_WithMultipleDates_ShouldReturnFirstFound" />
    </UnitTest>
    <UnitTest name="FileContentRenamer.Tests.Services.TextProcessorTests.ExtractContentAsync_WithExactly1000Characters_ShouldReturnAllContent" storage="/users/santibraida/workspace/comprobantes/filecontentrenamer.tests/bin/debug/net9.0/filecontentrenamer.tests.dll" id="ae46ec5c-7f7f-c8d8-b22b-c6a93692a055">
      <Execution id="cac41c37-3a4f-4e82-8c3f-7f460431daed" />
      <TestMethod codeBase="/Users/santibraida/Workspace/comprobantes/FileContentRenamer.Tests/bin/Debug/net9.0/FileContentRenamer.Tests.dll" adapterTypeName="executor://xunit/VsTestRunner3/netcore/" className="FileContentRenamer.Tests.Services.TextProcessorTests" name="ExtractContentAsync_WithExactly1000Characters_ShouldReturnAllContent" />
    </UnitTest>
    <UnitTest name="FileContentRenamer.Tests.Services.PdfProcessorTests.CanProcess_WithNonPdfExtension_ShouldReturnFalse(filename: &quot;test&quot;)" storage="/users/santibraida/workspace/comprobantes/filecontentrenamer.tests/bin/debug/net9.0/filecontentrenamer.tests.dll" id="5350316f-15de-b350-a21b-48de21601546">
      <Execution id="d76f2935-8990-45af-b57b-bb42af9ce025" />
      <TestMethod codeBase="/Users/santibraida/Workspace/comprobantes/FileContentRenamer.Tests/bin/Debug/net9.0/FileContentRenamer.Tests.dll" adapterTypeName="executor://xunit/VsTestRunner3/netcore/" className="FileContentRenamer.Tests.Services.PdfProcessorTests" name="CanProcess_WithNonPdfExtension_ShouldReturnFalse" />
    </UnitTest>
    <UnitTest name="FileContentRenamer.Tests.Models.NamingRulesTests.GenerateFilename_WithMinimalGenericContent_ShouldUseOriginalDate" storage="/users/santibraida/workspace/comprobantes/filecontentrenamer.tests/bin/debug/net9.0/filecontentrenamer.tests.dll" id="55667650-7485-4ca3-fd19-23d2a7a126c7">
      <Execution id="a4264657-531b-4018-99d7-12c89b435e76" />
      <TestMethod codeBase="/Users/santibraida/Workspace/comprobantes/FileContentRenamer.Tests/bin/Debug/net9.0/FileContentRenamer.Tests.dll" adapterTypeName="executor://xunit/VsTestRunner3/netcore/" className="FileContentRenamer.Tests.Models.NamingRulesTests" name="GenerateFilename_WithMinimalGenericContent_ShouldUseOriginalDate" />
    </UnitTest>
    <UnitTest name="FileContentRenamer.Tests.Models.NamingRulesTests.GenerateFilename_WithMatchingRule_ShouldUseRuleValues" storage="/users/santibraida/workspace/comprobantes/filecontentrenamer.tests/bin/debug/net9.0/filecontentrenamer.tests.dll" id="c98d8a8b-c350-72b5-2be4-aa500796a5e0">
      <Execution id="2ff90648-eb8b-432d-805b-e995f76e30a9" />
      <TestMethod codeBase="/Users/santibraida/Workspace/comprobantes/FileContentRenamer.Tests/bin/Debug/net9.0/FileContentRenamer.Tests.dll" adapterTypeName="executor://xunit/VsTestRunner3/netcore/" className="FileContentRenamer.Tests.Models.NamingRulesTests" name="GenerateFilename_WithMatchingRule_ShouldUseRuleValues" />
    </UnitTest>
    <UnitTest name="FileContentRenamer.Tests.Services.DateExtractorTests.ExtractDateFromContent_WithNullContent_ShouldReturnEmptyString" storage="/users/santibraida/workspace/comprobantes/filecontentrenamer.tests/bin/debug/net9.0/filecontentrenamer.tests.dll" id="43108df8-7f9e-e70a-a456-a12f9dd6bbcf">
      <Execution id="abc69617-f9e5-425a-ac63-6b9cef662f35" />
      <TestMethod codeBase="/Users/santibraida/Workspace/comprobantes/FileContentRenamer.Tests/bin/Debug/net9.0/FileContentRenamer.Tests.dll" adapterTypeName="executor://xunit/VsTestRunner3/netcore/" className="FileContentRenamer.Tests.Services.DateExtractorTests" name="ExtractDateFromContent_WithNullContent_ShouldReturnEmptyString" />
    </UnitTest>
    <UnitTest name="FileContentRenamer.Tests.Services.ImageProcessorTests.CanProcess_WithNonImageExtension_ShouldReturnFalse(extension: &quot;.pdf&quot;)" storage="/users/santibraida/workspace/comprobantes/filecontentrenamer.tests/bin/debug/net9.0/filecontentrenamer.tests.dll" id="f8b329c4-164a-78d1-46cd-26aea567ce35">
      <Execution id="42af4fc4-65e9-47d7-99b9-0a6a1a049090" />
      <TestMethod codeBase="/Users/santibraida/Workspace/comprobantes/FileContentRenamer.Tests/bin/Debug/net9.0/FileContentRenamer.Tests.dll" adapterTypeName="executor://xunit/VsTestRunner3/netcore/" className="FileContentRenamer.Tests.Services.ImageProcessorTests" name="CanProcess_WithNonImageExtension_ShouldReturnFalse" />
    </UnitTest>
    <UnitTest name="FileContentRenamer.Tests.Services.DirectoryOrganizerTests.OrganizeFileIntoDirectoryStructure_WithEmptyDate_ShouldReturnOriginalPath" storage="/users/santibraida/workspace/comprobantes/filecontentrenamer.tests/bin/debug/net9.0/filecontentrenamer.tests.dll" id="6f2af002-27a0-bce9-8dd8-c05215b58bbb">
      <Execution id="8fbb112c-99e0-461f-bee8-5e1bf0eff8cd" />
      <TestMethod codeBase="/Users/santibraida/Workspace/comprobantes/FileContentRenamer.Tests/bin/Debug/net9.0/FileContentRenamer.Tests.dll" adapterTypeName="executor://xunit/VsTestRunner3/netcore/" className="FileContentRenamer.Tests.Services.DirectoryOrganizerTests" name="OrganizeFileIntoDirectoryStructure_WithEmptyDate_ShouldReturnOriginalPath" />
    </UnitTest>
    <UnitTest name="FileContentRenamer.Tests.Services.FilenameGeneratorTests.IsAlreadyNamedFilename_WithInvalidFormats_ShouldReturnFalse(filename: &quot;service_2024-03-15&quot;)" storage="/users/santibraida/workspace/comprobantes/filecontentrenamer.tests/bin/debug/net9.0/filecontentrenamer.tests.dll" id="66a19620-a3b0-afbc-935a-264e635ffa8f">
      <Execution id="f6744c72-c887-4f29-a47f-38719aeb0d0d" />
      <TestMethod codeBase="/Users/santibraida/Workspace/comprobantes/FileContentRenamer.Tests/bin/Debug/net9.0/FileContentRenamer.Tests.dll" adapterTypeName="executor://xunit/VsTestRunner3/netcore/" className="FileContentRenamer.Tests.Services.FilenameGeneratorTests" name="IsAlreadyNamedFilename_WithInvalidFormats_ShouldReturnFalse" />
    </UnitTest>
    <UnitTest name="FileContentRenamer.Tests.Models.NamingRulesTests.Constructor_WithParameters_ShouldSetValues" storage="/users/santibraida/workspace/comprobantes/filecontentrenamer.tests/bin/debug/net9.0/filecontentrenamer.tests.dll" id="74c0392b-8615-24d3-2fd0-e6af46d2098a">
      <Execution id="2290c28b-c1e8-432d-84f1-a237ffc29344" />
      <TestMethod codeBase="/Users/santibraida/Workspace/comprobantes/FileContentRenamer.Tests/bin/Debug/net9.0/FileContentRenamer.Tests.dll" adapterTypeName="executor://xunit/VsTestRunner3/netcore/" className="FileContentRenamer.Tests.Models.NamingRulesTests" name="Constructor_WithParameters_ShouldSetValues" />
    </UnitTest>
    <UnitTest name="FileContentRenamer.Tests.Services.FileServiceTests.ProcessFilesAsync_WithSameFilename_ShouldOrganizeOnly" storage="/users/santibraida/workspace/comprobantes/filecontentrenamer.tests/bin/debug/net9.0/filecontentrenamer.tests.dll" id="0228ec1a-cf44-e616-5aa7-aefd86959073">
      <Execution id="c761126c-bac6-478b-bb2e-8c1ec00e9dcb" />
      <TestMethod codeBase="/Users/santibraida/Workspace/comprobantes/FileContentRenamer.Tests/bin/Debug/net9.0/FileContentRenamer.Tests.dll" adapterTypeName="executor://xunit/VsTestRunner3/netcore/" className="FileContentRenamer.Tests.Services.FileServiceTests" name="ProcessFilesAsync_WithSameFilename_ShouldOrganizeOnly" />
    </UnitTest>
    <UnitTest name="FileContentRenamer.Tests.Services.PdfProcessorTests.CanProcess_WithPdfExtensionDifferentCasing_ShouldReturnTrue(filename: &quot;test.Pdf&quot;)" storage="/users/santibraida/workspace/comprobantes/filecontentrenamer.tests/bin/debug/net9.0/filecontentrenamer.tests.dll" id="30177b80-4255-9855-fa20-76724e89c280">
      <Execution id="ec65eb6d-b90d-43bc-b7ff-625a7030a3d6" />
      <TestMethod codeBase="/Users/santibraida/Workspace/comprobantes/FileContentRenamer.Tests/bin/Debug/net9.0/FileContentRenamer.Tests.dll" adapterTypeName="executor://xunit/VsTestRunner3/netcore/" className="FileContentRenamer.Tests.Services.PdfProcessorTests" name="CanProcess_WithPdfExtensionDifferentCasing_ShouldReturnTrue" />
    </UnitTest>
    <UnitTest name="FileContentRenamer.Tests.Services.FilenameGeneratorTests.IsAlreadyNamedFilename_WithInvalidFormats_ShouldReturnFalse(filename: &quot;service_payment&quot;)" storage="/users/santibraida/workspace/comprobantes/filecontentrenamer.tests/bin/debug/net9.0/filecontentrenamer.tests.dll" id="d6d3d886-1a00-8e52-5627-e1236e6e1c62">
      <Execution id="bef67189-8a87-46b1-88c3-e58c99421d90" />
      <TestMethod codeBase="/Users/santibraida/Workspace/comprobantes/FileContentRenamer.Tests/bin/Debug/net9.0/FileContentRenamer.Tests.dll" adapterTypeName="executor://xunit/VsTestRunner3/netcore/" className="FileContentRenamer.Tests.Services.FilenameGeneratorTests" name="IsAlreadyNamedFilename_WithInvalidFormats_ShouldReturnFalse" />
    </UnitTest>
    <UnitTest name="FileContentRenamer.Tests.Services.ImageProcessorTests.ExtractContentAsync_WithInvalidImageFile_ShouldReturnEmptyString" storage="/users/santibraida/workspace/comprobantes/filecontentrenamer.tests/bin/debug/net9.0/filecontentrenamer.tests.dll" id="cb98919d-41c2-f114-3856-49dce9ef8634">
      <Execution id="40d7be3d-0e85-47b4-a5fb-84f8d7eeb338" />
      <TestMethod codeBase="/Users/santibraida/Workspace/comprobantes/FileContentRenamer.Tests/bin/Debug/net9.0/FileContentRenamer.Tests.dll" adapterTypeName="executor://xunit/VsTestRunner3/netcore/" className="FileContentRenamer.Tests.Services.ImageProcessorTests" name="ExtractContentAsync_WithInvalidImageFile_ShouldReturnEmptyString" />
    </UnitTest>
    <UnitTest name="FileContentRenamer.Tests.Services.FileValidatorTests.ShouldProcessFile_WithInvalidExtensions_ShouldReturnFalse(extension: &quot;.doc&quot;)" storage="/users/santibraida/workspace/comprobantes/filecontentrenamer.tests/bin/debug/net9.0/filecontentrenamer.tests.dll" id="7e3a9744-91b7-a2b9-ebb3-73a79e07c25d">
      <Execution id="36c3e42e-bc86-4206-b5ac-d6ac5f70c458" />
      <TestMethod codeBase="/Users/santibraida/Workspace/comprobantes/FileContentRenamer.Tests/bin/Debug/net9.0/FileContentRenamer.Tests.dll" adapterTypeName="executor://xunit/VsTestRunner3/netcore/" className="FileContentRenamer.Tests.Services.FileValidatorTests" name="ShouldProcessFile_WithInvalidExtensions_ShouldReturnFalse" />
    </UnitTest>
    <UnitTest name="FileContentRenamer.Tests.Services.TextProcessorTests.ExtractContentAsync_WithMultilineContent_ShouldReturnContent" storage="/users/santibraida/workspace/comprobantes/filecontentrenamer.tests/bin/debug/net9.0/filecontentrenamer.tests.dll" id="75b52445-788c-0c2d-ad1d-9437d196417b">
      <Execution id="68d58cf7-4af6-4b6c-9738-d43c8924f056" />
      <TestMethod codeBase="/Users/santibraida/Workspace/comprobantes/FileContentRenamer.Tests/bin/Debug/net9.0/FileContentRenamer.Tests.dll" adapterTypeName="executor://xunit/VsTestRunner3/netcore/" className="FileContentRenamer.Tests.Services.TextProcessorTests" name="ExtractContentAsync_WithMultilineContent_ShouldReturnContent" />
    </UnitTest>
    <UnitTest name="FileContentRenamer.Tests.Models.NamingRuleTests.Matches_WithNoKeywords_ShouldReturnFalse" storage="/users/santibraida/workspace/comprobantes/filecontentrenamer.tests/bin/debug/net9.0/filecontentrenamer.tests.dll" id="735ac008-1cbd-a429-fd29-015f19236116">
      <Execution id="511478eb-5e4f-42f2-b81b-e76c9625fd34" />
      <TestMethod codeBase="/Users/santibraida/Workspace/comprobantes/FileContentRenamer.Tests/bin/Debug/net9.0/FileContentRenamer.Tests.dll" adapterTypeName="executor://xunit/VsTestRunner3/netcore/" className="FileContentRenamer.Tests.Models.NamingRuleTests" name="Matches_WithNoKeywords_ShouldReturnFalse" />
    </UnitTest>
    <UnitTest name="FileContentRenamer.Tests.Services.DateExtractorTests.ExtractDateFromContent_WithVariousGenericDates_ShouldReturnCorrectDates(content: &quot;31/12/2023&quot;, expected: &quot;2023-12-31&quot;)" storage="/users/santibraida/workspace/comprobantes/filecontentrenamer.tests/bin/debug/net9.0/filecontentrenamer.tests.dll" id="fe7b897c-fd2e-f8e6-f880-7f5c0aaede02">
      <Execution id="78765042-e641-4fec-95ed-c977616b32bf" />
      <TestMethod codeBase="/Users/santibraida/Workspace/comprobantes/FileContentRenamer.Tests/bin/Debug/net9.0/FileContentRenamer.Tests.dll" adapterTypeName="executor://xunit/VsTestRunner3/netcore/" className="FileContentRenamer.Tests.Services.DateExtractorTests" name="ExtractDateFromContent_WithVariousGenericDates_ShouldReturnCorrectDates" />
    </UnitTest>
    <UnitTest name="FileContentRenamer.Tests.Services.DirectoryOrganizerTests.IsInYearMonthStructure_WithMonthInYearFolder_ShouldReturnTrue" storage="/users/santibraida/workspace/comprobantes/filecontentrenamer.tests/bin/debug/net9.0/filecontentrenamer.tests.dll" id="63740491-dbe7-68e1-03c8-149486e0c4ce">
      <Execution id="82d59430-7517-409a-a6a0-73b36a14a410" />
      <TestMethod codeBase="/Users/santibraida/Workspace/comprobantes/FileContentRenamer.Tests/bin/Debug/net9.0/FileContentRenamer.Tests.dll" adapterTypeName="executor://xunit/VsTestRunner3/netcore/" className="FileContentRenamer.Tests.Services.DirectoryOrganizerTests" name="IsInYearMonthStructure_WithMonthInYearFolder_ShouldReturnTrue" />
    </UnitTest>
    <UnitTest name="FileContentRenamer.Tests.Services.DateExtractorTests.ExtractDateFromContent_WithVariousDueDateFormats_ShouldReturnCorrectDates(content: &quot;Vence: 31/12/2023&quot;, expected: &quot;2023-12-31&quot;)" storage="/users/santibraida/workspace/comprobantes/filecontentrenamer.tests/bin/debug/net9.0/filecontentrenamer.tests.dll" id="0877987f-a018-03de-71dc-2e8ff937b395">
      <Execution id="361ecd87-33b2-4d09-b758-1918a9d027d9" />
      <TestMethod codeBase="/Users/santibraida/Workspace/comprobantes/FileContentRenamer.Tests/bin/Debug/net9.0/FileContentRenamer.Tests.dll" adapterTypeName="executor://xunit/VsTestRunner3/netcore/" className="FileContentRenamer.Tests.Services.DateExtractorTests" name="ExtractDateFromContent_WithVariousDueDateFormats_ShouldReturnCorrectDates" />
    </UnitTest>
    <UnitTest name="FileContentRenamer.Tests.Services.TextProcessorTests.CanProcess_WithNonTxtExtension_ShouldReturnFalse(filename: &quot;test.jpg&quot;)" storage="/users/santibraida/workspace/comprobantes/filecontentrenamer.tests/bin/debug/net9.0/filecontentrenamer.tests.dll" id="d60b51ff-35d6-643f-09d4-bd5f7bbab23c">
      <Execution id="1bb5a985-c08b-43b6-9164-814bb6bbf8c1" />
      <TestMethod codeBase="/Users/santibraida/Workspace/comprobantes/FileContentRenamer.Tests/bin/Debug/net9.0/FileContentRenamer.Tests.dll" adapterTypeName="executor://xunit/VsTestRunner3/netcore/" className="FileContentRenamer.Tests.Services.TextProcessorTests" name="CanProcess_WithNonTxtExtension_ShouldReturnFalse" />
    </UnitTest>
    <UnitTest name="FileContentRenamer.Tests.Services.DateExtractorTests.ExtractDateFromFilename_WithNullFilename_ShouldReturnEmptyString" storage="/users/santibraida/workspace/comprobantes/filecontentrenamer.tests/bin/debug/net9.0/filecontentrenamer.tests.dll" id="01ca56e9-b199-3558-e144-e8e700204b19">
      <Execution id="628bdcc4-3e41-4d00-bebd-c8f930770efe" />
      <TestMethod codeBase="/Users/santibraida/Workspace/comprobantes/FileContentRenamer.Tests/bin/Debug/net9.0/FileContentRenamer.Tests.dll" adapterTypeName="executor://xunit/VsTestRunner3/netcore/" className="FileContentRenamer.Tests.Services.DateExtractorTests" name="ExtractDateFromFilename_WithNullFilename_ShouldReturnEmptyString" />
    </UnitTest>
    <UnitTest name="FileContentRenamer.Tests.Services.DateExtractorTests.ExtractDateFromContent_WithNoDate_ShouldReturnEmptyString" storage="/users/santibraida/workspace/comprobantes/filecontentrenamer.tests/bin/debug/net9.0/filecontentrenamer.tests.dll" id="cd9462e7-2aeb-f1cd-df73-927f31a7638d">
      <Execution id="458e476d-6c9c-4785-a764-fea39dab455b" />
      <TestMethod codeBase="/Users/santibraida/Workspace/comprobantes/FileContentRenamer.Tests/bin/Debug/net9.0/FileContentRenamer.Tests.dll" adapterTypeName="executor://xunit/VsTestRunner3/netcore/" className="FileContentRenamer.Tests.Services.DateExtractorTests" name="ExtractDateFromContent_WithNoDate_ShouldReturnEmptyString" />
    </UnitTest>
    <UnitTest name="FileContentRenamer.Tests.Services.DateExtractorTests.ExtractDateFromFilename_WithVariousValidFormats_ShouldReturnCorrectDates(filename: &quot;test_2023-12-31_method&quot;, expected: &quot;2023-12-31&quot;)" storage="/users/santibraida/workspace/comprobantes/filecontentrenamer.tests/bin/debug/net9.0/filecontentrenamer.tests.dll" id="a973dd7a-7c46-af87-44cd-7bf4a36abf9b">
      <Execution id="f1226ffd-20b5-44da-ac9b-48da3a98b598" />
      <TestMethod codeBase="/Users/santibraida/Workspace/comprobantes/FileContentRenamer.Tests/bin/Debug/net9.0/FileContentRenamer.Tests.dll" adapterTypeName="executor://xunit/VsTestRunner3/netcore/" className="FileContentRenamer.Tests.Services.DateExtractorTests" name="ExtractDateFromFilename_WithVariousValidFormats_ShouldReturnCorrectDates" />
    </UnitTest>
    <UnitTest name="FileContentRenamer.Tests.Services.DirectoryOrganizerTests.IsInYearMonthStructure_WithYearFolder_ShouldReturnTrue" storage="/users/santibraida/workspace/comprobantes/filecontentrenamer.tests/bin/debug/net9.0/filecontentrenamer.tests.dll" id="795f8691-da02-dc90-c006-df2b05e484b8">
      <Execution id="42f18925-f09e-4f39-9f4a-76411ca39766" />
      <TestMethod codeBase="/Users/santibraida/Workspace/comprobantes/FileContentRenamer.Tests/bin/Debug/net9.0/FileContentRenamer.Tests.dll" adapterTypeName="executor://xunit/VsTestRunner3/netcore/" className="FileContentRenamer.Tests.Services.DirectoryOrganizerTests" name="IsInYearMonthStructure_WithYearFolder_ShouldReturnTrue" />
    </UnitTest>
    <UnitTest name="FileContentRenamer.Tests.Services.FilenameGeneratorTests.GenerateUniqueFilename_WithNonExistingFile_ShouldReturnOriginalPath" storage="/users/santibraida/workspace/comprobantes/filecontentrenamer.tests/bin/debug/net9.0/filecontentrenamer.tests.dll" id="730c03ae-3d59-370f-6166-c801ea6b544e">
      <Execution id="63481f91-0dbb-443e-8d95-adb5d4c03dc3" />
      <TestMethod codeBase="/Users/santibraida/Workspace/comprobantes/FileContentRenamer.Tests/bin/Debug/net9.0/FileContentRenamer.Tests.dll" adapterTypeName="executor://xunit/VsTestRunner3/netcore/" className="FileContentRenamer.Tests.Services.FilenameGeneratorTests" name="GenerateUniqueFilename_WithNonExistingFile_ShouldReturnOriginalPath" />
    </UnitTest>
    <UnitTest name="FileContentRenamer.Tests.Models.AppConfigTests.LoadFromConfiguration_WithInvalidJson_ShouldThrowException" storage="/users/santibraida/workspace/comprobantes/filecontentrenamer.tests/bin/debug/net9.0/filecontentrenamer.tests.dll" id="04613884-8eea-2162-7b68-af1197b3a19b">
      <Execution id="6f00bbcd-1968-4a2e-aa76-49a1e5406900" />
      <TestMethod codeBase="/Users/santibraida/Workspace/comprobantes/FileContentRenamer.Tests/bin/Debug/net9.0/FileContentRenamer.Tests.dll" adapterTypeName="executor://xunit/VsTestRunner3/netcore/" className="FileContentRenamer.Tests.Models.AppConfigTests" name="LoadFromConfiguration_WithInvalidJson_ShouldThrowException" />
    </UnitTest>
    <UnitTest name="FileContentRenamer.Tests.Services.FileValidatorTests.ShouldProcessFile_WithValidExtensions_ShouldReturnTrue(extension: &quot;.txt&quot;)" storage="/users/santibraida/workspace/comprobantes/filecontentrenamer.tests/bin/debug/net9.0/filecontentrenamer.tests.dll" id="89411942-d38a-5bb6-81ec-67e7fdba9fc2">
      <Execution id="fd24fc8d-cbd9-4307-b337-b87cb6491e82" />
      <TestMethod codeBase="/Users/santibraida/Workspace/comprobantes/FileContentRenamer.Tests/bin/Debug/net9.0/FileContentRenamer.Tests.dll" adapterTypeName="executor://xunit/VsTestRunner3/netcore/" className="FileContentRenamer.Tests.Services.FileValidatorTests" name="ShouldProcessFile_WithValidExtensions_ShouldReturnTrue" />
    </UnitTest>
    <UnitTest name="FileContentRenamer.Tests.Services.FilenameGeneratorTests.CleanupFileName_WithVariousInputs_ShouldReturnCleanedName(input: &quot;___&quot;, expected: &quot;cleaned_file&quot;)" storage="/users/santibraida/workspace/comprobantes/filecontentrenamer.tests/bin/debug/net9.0/filecontentrenamer.tests.dll" id="003f2eb1-16a9-1fca-9f6b-de2c702ff29c">
      <Execution id="a946518d-98f0-4e74-a6f8-9ed862196411" />
      <TestMethod codeBase="/Users/santibraida/Workspace/comprobantes/FileContentRenamer.Tests/bin/Debug/net9.0/FileContentRenamer.Tests.dll" adapterTypeName="executor://xunit/VsTestRunner3/netcore/" className="FileContentRenamer.Tests.Services.FilenameGeneratorTests" name="CleanupFileName_WithVariousInputs_ShouldReturnCleanedName" />
    </UnitTest>
    <UnitTest name="FileContentRenamer.Tests.Services.TextProcessorTests.ExtractContentAsync_WithSpecialCharacters_ShouldReturnContent" storage="/users/santibraida/workspace/comprobantes/filecontentrenamer.tests/bin/debug/net9.0/filecontentrenamer.tests.dll" id="ab791beb-155a-2340-25c5-938aea845fff">
      <Execution id="ef26db60-45a9-49fb-a53a-9fb640b4d56b" />
      <TestMethod codeBase="/Users/santibraida/Workspace/comprobantes/FileContentRenamer.Tests/bin/Debug/net9.0/FileContentRenamer.Tests.dll" adapterTypeName="executor://xunit/VsTestRunner3/netcore/" className="FileContentRenamer.Tests.Services.TextProcessorTests" name="ExtractContentAsync_WithSpecialCharacters_ShouldReturnContent" />
    </UnitTest>
    <UnitTest name="FileContentRenamer.Tests.Services.PdfProcessorTests.CanProcess_WithNonPdfExtension_ShouldReturnFalse(filename: &quot;test.jpg&quot;)" storage="/users/santibraida/workspace/comprobantes/filecontentrenamer.tests/bin/debug/net9.0/filecontentrenamer.tests.dll" id="8788403a-0d19-e088-1175-07bf39207809">
      <Execution id="656b873d-b70a-4f12-a955-6e0024bb45b8" />
      <TestMethod codeBase="/Users/santibraida/Workspace/comprobantes/FileContentRenamer.Tests/bin/Debug/net9.0/FileContentRenamer.Tests.dll" adapterTypeName="executor://xunit/VsTestRunner3/netcore/" className="FileContentRenamer.Tests.Services.PdfProcessorTests" name="CanProcess_WithNonPdfExtension_ShouldReturnFalse" />
    </UnitTest>
    <UnitTest name="FileContentRenamer.Tests.Services.FileServiceTests.ProcessFilesAsync_WithAlreadyNamedFile_ShouldSkipRenaming" storage="/users/santibraida/workspace/comprobantes/filecontentrenamer.tests/bin/debug/net9.0/filecontentrenamer.tests.dll" id="34f0a146-8932-4124-920d-b39c3eb45d5b">
      <Execution id="4349e9ff-f523-4a1b-8f89-6247a2552667" />
      <TestMethod codeBase="/Users/santibraida/Workspace/comprobantes/FileContentRenamer.Tests/bin/Debug/net9.0/FileContentRenamer.Tests.dll" adapterTypeName="executor://xunit/VsTestRunner3/netcore/" className="FileContentRenamer.Tests.Services.FileServiceTests" name="ProcessFilesAsync_WithAlreadyNamedFile_ShouldSkipRenaming" />
    </UnitTest>
    <UnitTest name="FileContentRenamer.Tests.Services.PdfProcessorTests.CanProcess_WithPdfExtension_ShouldReturnTrue" storage="/users/santibraida/workspace/comprobantes/filecontentrenamer.tests/bin/debug/net9.0/filecontentrenamer.tests.dll" id="9729a039-440f-b038-cbbc-13699377547c">
      <Execution id="778c90a4-7cab-49f5-af73-0eff54e8c660" />
      <TestMethod codeBase="/Users/santibraida/Workspace/comprobantes/FileContentRenamer.Tests/bin/Debug/net9.0/FileContentRenamer.Tests.dll" adapterTypeName="executor://xunit/VsTestRunner3/netcore/" className="FileContentRenamer.Tests.Services.PdfProcessorTests" name="CanProcess_WithPdfExtension_ShouldReturnTrue" />
    </UnitTest>
    <UnitTest name="FileContentRenamer.Tests.Services.FilenameGeneratorTests.CleanupFileName_WithVariousInputs_ShouldReturnCleanedName(input: &quot;&quot;, expected: &quot;cleaned_file&quot;)" storage="/users/santibraida/workspace/comprobantes/filecontentrenamer.tests/bin/debug/net9.0/filecontentrenamer.tests.dll" id="7b37b2f2-6969-770c-b013-e18381e7bb74">
      <Execution id="585547ce-6637-4888-9aa4-2567a01beb73" />
      <TestMethod codeBase="/Users/santibraida/Workspace/comprobantes/FileContentRenamer.Tests/bin/Debug/net9.0/FileContentRenamer.Tests.dll" adapterTypeName="executor://xunit/VsTestRunner3/netcore/" className="FileContentRenamer.Tests.Services.FilenameGeneratorTests" name="CleanupFileName_WithVariousInputs_ShouldReturnCleanedName" />
    </UnitTest>
    <UnitTest name="FileContentRenamer.Tests.Services.TextProcessorTests.CanProcess_WithNonTxtExtension_ShouldReturnFalse(filename: &quot;test.pdf&quot;)" storage="/users/santibraida/workspace/comprobantes/filecontentrenamer.tests/bin/debug/net9.0/filecontentrenamer.tests.dll" id="af647e92-1ce2-064d-3a84-3476cb46d127">
      <Execution id="cdba5190-3fa3-490e-bab4-ed5b964f5dcf" />
      <TestMethod codeBase="/Users/santibraida/Workspace/comprobantes/FileContentRenamer.Tests/bin/Debug/net9.0/FileContentRenamer.Tests.dll" adapterTypeName="executor://xunit/VsTestRunner3/netcore/" className="FileContentRenamer.Tests.Services.TextProcessorTests" name="CanProcess_WithNonTxtExtension_ShouldReturnFalse" />
    </UnitTest>
    <UnitTest name="FileContentRenamer.Tests.Services.TextProcessorTests.CanProcess_WithTxtExtensionDifferentCasing_ShouldReturnTrue(filename: &quot;test.tXt&quot;)" storage="/users/santibraida/workspace/comprobantes/filecontentrenamer.tests/bin/debug/net9.0/filecontentrenamer.tests.dll" id="70962b03-3000-68e4-fd2c-d9ce13588e5d">
      <Execution id="d5cfc01a-5057-4be1-b531-63629d70b963" />
      <TestMethod codeBase="/Users/santibraida/Workspace/comprobantes/FileContentRenamer.Tests/bin/Debug/net9.0/FileContentRenamer.Tests.dll" adapterTypeName="executor://xunit/VsTestRunner3/netcore/" className="FileContentRenamer.Tests.Services.TextProcessorTests" name="CanProcess_WithTxtExtensionDifferentCasing_ShouldReturnTrue" />
    </UnitTest>
    <UnitTest name="FileContentRenamer.Tests.Services.DateExtractorTests.ExtractDateFromFilename_WithVariousValidFormats_ShouldReturnCorrectDates(filename: &quot;service_2024-01-01_payment&quot;, expected: &quot;2024-01-01&quot;)" storage="/users/santibraida/workspace/comprobantes/filecontentrenamer.tests/bin/debug/net9.0/filecontentrenamer.tests.dll" id="0316afba-cad9-583a-5a60-4cda40610283">
      <Execution id="7833c7a9-9f7f-461f-b8de-451f4926e858" />
      <TestMethod codeBase="/Users/santibraida/Workspace/comprobantes/FileContentRenamer.Tests/bin/Debug/net9.0/FileContentRenamer.Tests.dll" adapterTypeName="executor://xunit/VsTestRunner3/netcore/" className="FileContentRenamer.Tests.Services.DateExtractorTests" name="ExtractDateFromFilename_WithVariousValidFormats_ShouldReturnCorrectDates" />
    </UnitTest>
    <UnitTest name="FileContentRenamer.Tests.Services.ImageProcessorTests.CanProcess_WithImageExtensions_ShouldReturnTrue(extension: &quot;.jpeg&quot;)" storage="/users/santibraida/workspace/comprobantes/filecontentrenamer.tests/bin/debug/net9.0/filecontentrenamer.tests.dll" id="97a9732c-79a7-6428-f306-649df62803fe">
      <Execution id="0412e220-4f45-45a2-bd58-40eccbca4213" />
      <TestMethod codeBase="/Users/santibraida/Workspace/comprobantes/FileContentRenamer.Tests/bin/Debug/net9.0/FileContentRenamer.Tests.dll" adapterTypeName="executor://xunit/VsTestRunner3/netcore/" className="FileContentRenamer.Tests.Services.ImageProcessorTests" name="CanProcess_WithImageExtensions_ShouldReturnTrue" />
    </UnitTest>
    <UnitTest name="FileContentRenamer.Tests.Services.ImageProcessorTests.CanProcess_WithImageExtensionsDifferentCasing_ShouldReturnTrue(extension: &quot;.JPEG&quot;)" storage="/users/santibraida/workspace/comprobantes/filecontentrenamer.tests/bin/debug/net9.0/filecontentrenamer.tests.dll" id="2fcf9509-91d2-8211-d6e4-a72c7870e72f">
      <Execution id="1e08c532-7b93-4f73-8de3-b1c661198d5e" />
      <TestMethod codeBase="/Users/santibraida/Workspace/comprobantes/FileContentRenamer.Tests/bin/Debug/net9.0/FileContentRenamer.Tests.dll" adapterTypeName="executor://xunit/VsTestRunner3/netcore/" className="FileContentRenamer.Tests.Services.ImageProcessorTests" name="CanProcess_WithImageExtensionsDifferentCasing_ShouldReturnTrue" />
    </UnitTest>
    <UnitTest name="FileContentRenamer.Tests.Services.ImageProcessorTests.CanProcess_WithNonImageExtension_ShouldReturnFalse(extension: &quot;.mp4&quot;)" storage="/users/santibraida/workspace/comprobantes/filecontentrenamer.tests/bin/debug/net9.0/filecontentrenamer.tests.dll" id="8c36f3a4-ca31-a9e9-241d-dbc70385ef49">
      <Execution id="219c366e-4455-46b1-9166-8f2e77a7a3e9" />
      <TestMethod codeBase="/Users/santibraida/Workspace/comprobantes/FileContentRenamer.Tests/bin/Debug/net9.0/FileContentRenamer.Tests.dll" adapterTypeName="executor://xunit/VsTestRunner3/netcore/" className="FileContentRenamer.Tests.Services.ImageProcessorTests" name="CanProcess_WithNonImageExtension_ShouldReturnFalse" />
    </UnitTest>
    <UnitTest name="FileContentRenamer.Tests.Services.FilenameGeneratorTests.GenerateUniqueFilename_WithExistingFile_ShouldReturnNumberedVersion" storage="/users/santibraida/workspace/comprobantes/filecontentrenamer.tests/bin/debug/net9.0/filecontentrenamer.tests.dll" id="50fa8f71-8d78-c5b2-6484-06fffd5546d4">
      <Execution id="d3e9507b-6769-4d0a-973b-0930cf56dbc0" />
      <TestMethod codeBase="/Users/santibraida/Workspace/comprobantes/FileContentRenamer.Tests/bin/Debug/net9.0/FileContentRenamer.Tests.dll" adapterTypeName="executor://xunit/VsTestRunner3/netcore/" className="FileContentRenamer.Tests.Services.FilenameGeneratorTests" name="GenerateUniqueFilename_WithExistingFile_ShouldReturnNumberedVersion" />
    </UnitTest>
    <UnitTest name="FileContentRenamer.Tests.Services.DateExtractorTests.ExtractDateFromContent_WithGenericDateFormat_ShouldReturnCorrectDate" storage="/users/santibraida/workspace/comprobantes/filecontentrenamer.tests/bin/debug/net9.0/filecontentrenamer.tests.dll" id="4d791645-14ca-671e-50ed-7143a80c7959">
      <Execution id="506e01ce-440b-45bc-82c0-cd2aef1a79d3" />
      <TestMethod codeBase="/Users/santibraida/Workspace/comprobantes/FileContentRenamer.Tests/bin/Debug/net9.0/FileContentRenamer.Tests.dll" adapterTypeName="executor://xunit/VsTestRunner3/netcore/" className="FileContentRenamer.Tests.Services.DateExtractorTests" name="ExtractDateFromContent_WithGenericDateFormat_ShouldReturnCorrectDate" />
    </UnitTest>
    <UnitTest name="FileContentRenamer.Tests.Models.NamingRulesTests.FindMatchingRule_WithFirstRuleMatching_ShouldReturnFirstRule" storage="/users/santibraida/workspace/comprobantes/filecontentrenamer.tests/bin/debug/net9.0/filecontentrenamer.tests.dll" id="fde0012a-20a9-aebc-bee1-b5bf65a4ee27">
      <Execution id="b256c6a5-b0fd-4962-b68b-8137d5fd2fe5" />
      <TestMethod codeBase="/Users/santibraida/Workspace/comprobantes/FileContentRenamer.Tests/bin/Debug/net9.0/FileContentRenamer.Tests.dll" adapterTypeName="executor://xunit/VsTestRunner3/netcore/" className="FileContentRenamer.Tests.Models.NamingRulesTests" name="FindMatchingRule_WithFirstRuleMatching_ShouldReturnFirstRule" />
    </UnitTest>
    <UnitTest name="FileContentRenamer.Tests.Services.FileServiceTests.ProcessFilesAsync_WithParallelProcessing_ShouldProcessMultipleFiles" storage="/users/santibraida/workspace/comprobantes/filecontentrenamer.tests/bin/debug/net9.0/filecontentrenamer.tests.dll" id="c14045dd-f91b-3e98-d221-a8a83ca7b93f">
      <Execution id="2731b4b8-0c3b-4131-b584-f4b8a37e831b" />
      <TestMethod codeBase="/Users/santibraida/Workspace/comprobantes/FileContentRenamer.Tests/bin/Debug/net9.0/FileContentRenamer.Tests.dll" adapterTypeName="executor://xunit/VsTestRunner3/netcore/" className="FileContentRenamer.Tests.Services.FileServiceTests" name="ProcessFilesAsync_WithParallelProcessing_ShouldProcessMultipleFiles" />
    </UnitTest>
    <UnitTest name="FileContentRenamer.Tests.Models.AppConfigTests.AppConfig_DefaultValues_ShouldBeSetCorrectly" storage="/users/santibraida/workspace/comprobantes/filecontentrenamer.tests/bin/debug/net9.0/filecontentrenamer.tests.dll" id="c8e339c4-495d-6682-fb59-508814014af3">
      <Execution id="59344346-4b5c-45dc-b0ca-985adfc26203" />
      <TestMethod codeBase="/Users/santibraida/Workspace/comprobantes/FileContentRenamer.Tests/bin/Debug/net9.0/FileContentRenamer.Tests.dll" adapterTypeName="executor://xunit/VsTestRunner3/netcore/" className="FileContentRenamer.Tests.Models.AppConfigTests" name="AppConfig_DefaultValues_ShouldBeSetCorrectly" />
    </UnitTest>
    <UnitTest name="FileContentRenamer.Tests.Services.FileServiceTests.ProcessFilesAsync_WithValidFiles_ShouldProcessFiles" storage="/users/santibraida/workspace/comprobantes/filecontentrenamer.tests/bin/debug/net9.0/filecontentrenamer.tests.dll" id="f0b07320-4d8e-00cc-a232-a17246b4be02">
      <Execution id="83ddd3c0-cbb4-4e55-a619-973e94a4ca62" />
      <TestMethod codeBase="/Users/santibraida/Workspace/comprobantes/FileContentRenamer.Tests/bin/Debug/net9.0/FileContentRenamer.Tests.dll" adapterTypeName="executor://xunit/VsTestRunner3/netcore/" className="FileContentRenamer.Tests.Services.FileServiceTests" name="ProcessFilesAsync_WithValidFiles_ShouldProcessFiles" />
    </UnitTest>
    <UnitTest name="FileContentRenamer.Tests.Services.PdfProcessorTests.CanProcess_WithNonPdfExtension_ShouldReturnFalse(filename: &quot;test.txt&quot;)" storage="/users/santibraida/workspace/comprobantes/filecontentrenamer.tests/bin/debug/net9.0/filecontentrenamer.tests.dll" id="8031668c-d19b-b8db-0235-3b555a1ef3fc">
      <Execution id="0fe22a23-94b5-454d-bd97-777c5122c63f" />
      <TestMethod codeBase="/Users/santibraida/Workspace/comprobantes/FileContentRenamer.Tests/bin/Debug/net9.0/FileContentRenamer.Tests.dll" adapterTypeName="executor://xunit/VsTestRunner3/netcore/" className="FileContentRenamer.Tests.Services.PdfProcessorTests" name="CanProcess_WithNonPdfExtension_ShouldReturnFalse" />
    </UnitTest>
    <UnitTest name="FileContentRenamer.Tests.Services.ImageProcessorTests.CanProcess_WithImageExtensionsDifferentCasing_ShouldReturnTrue(extension: &quot;.PNG&quot;)" storage="/users/santibraida/workspace/comprobantes/filecontentrenamer.tests/bin/debug/net9.0/filecontentrenamer.tests.dll" id="b8e09496-6d7b-6d6d-0f84-90360e0cb28c">
      <Execution id="02510401-c59b-48de-928f-7d50975a68a8" />
      <TestMethod codeBase="/Users/santibraida/Workspace/comprobantes/FileContentRenamer.Tests/bin/Debug/net9.0/FileContentRenamer.Tests.dll" adapterTypeName="executor://xunit/VsTestRunner3/netcore/" className="FileContentRenamer.Tests.Services.ImageProcessorTests" name="CanProcess_WithImageExtensionsDifferentCasing_ShouldReturnTrue" />
    </UnitTest>
    <UnitTest name="FileContentRenamer.Tests.Services.DateExtractorTests.ExtractDateFromContent_WithVariousSpanishDates_ShouldReturnCorrectDates(content: &quot;15 de junio de 2025&quot;, expected: &quot;2025-06-15&quot;)" storage="/users/santibraida/workspace/comprobantes/filecontentrenamer.tests/bin/debug/net9.0/filecontentrenamer.tests.dll" id="aab26939-6c58-dafe-eca6-6d66c1372e38">
      <Execution id="f855ab42-f54b-4492-86af-6e7ee61fe7a7" />
      <TestMethod codeBase="/Users/santibraida/Workspace/comprobantes/FileContentRenamer.Tests/bin/Debug/net9.0/FileContentRenamer.Tests.dll" adapterTypeName="executor://xunit/VsTestRunner3/netcore/" className="FileContentRenamer.Tests.Services.DateExtractorTests" name="ExtractDateFromContent_WithVariousSpanishDates_ShouldReturnCorrectDates" />
    </UnitTest>
    <UnitTest name="FileContentRenamer.Tests.Services.FilenameGeneratorTests.CleanupFileName_WithVariousInputs_ShouldReturnCleanedName(input: &quot;file:name&quot;, expected: &quot;file_name&quot;)" storage="/users/santibraida/workspace/comprobantes/filecontentrenamer.tests/bin/debug/net9.0/filecontentrenamer.tests.dll" id="ec24e8ad-adc6-d41a-59ac-e98e8c3163a5">
      <Execution id="e45d0ac8-2068-4145-ae79-6cf86c055b17" />
      <TestMethod codeBase="/Users/santibraida/Workspace/comprobantes/FileContentRenamer.Tests/bin/Debug/net9.0/FileContentRenamer.Tests.dll" adapterTypeName="executor://xunit/VsTestRunner3/netcore/" className="FileContentRenamer.Tests.Services.FilenameGeneratorTests" name="CleanupFileName_WithVariousInputs_ShouldReturnCleanedName" />
    </UnitTest>
    <UnitTest name="FileContentRenamer.Tests.Models.NamingRuleTests.Matches_WithNullContent_ShouldReturnFalse" storage="/users/santibraida/workspace/comprobantes/filecontentrenamer.tests/bin/debug/net9.0/filecontentrenamer.tests.dll" id="154b1187-a8fe-288a-dff0-88f9c1f03683">
      <Execution id="72cc3c57-9a1e-4bce-a20d-87e04c7180bb" />
      <TestMethod codeBase="/Users/santibraida/Workspace/comprobantes/FileContentRenamer.Tests/bin/Debug/net9.0/FileContentRenamer.Tests.dll" adapterTypeName="executor://xunit/VsTestRunner3/netcore/" className="FileContentRenamer.Tests.Models.NamingRuleTests" name="Matches_WithNullContent_ShouldReturnFalse" />
    </UnitTest>
    <UnitTest name="FileContentRenamer.Tests.Services.DateExtractorTests.ExtractDateFromContent_WithSpanishDateFormat_ShouldReturnCorrectDate" storage="/users/santibraida/workspace/comprobantes/filecontentrenamer.tests/bin/debug/net9.0/filecontentrenamer.tests.dll" id="8294d7f7-2da1-4ee0-8cd3-c37ff5907cd4">
      <Execution id="9ff183c9-1f25-4a7e-b576-99e3b3a7b045" />
      <TestMethod codeBase="/Users/santibraida/Workspace/comprobantes/FileContentRenamer.Tests/bin/Debug/net9.0/FileContentRenamer.Tests.dll" adapterTypeName="executor://xunit/VsTestRunner3/netcore/" className="FileContentRenamer.Tests.Services.DateExtractorTests" name="ExtractDateFromContent_WithSpanishDateFormat_ShouldReturnCorrectDate" />
    </UnitTest>
    <UnitTest name="FileContentRenamer.Tests.Services.TextProcessorTests.ExtractContentAsync_WithEmptyFile_ShouldReturnEmptyString" storage="/users/santibraida/workspace/comprobantes/filecontentrenamer.tests/bin/debug/net9.0/filecontentrenamer.tests.dll" id="19ed11aa-a710-6873-89bb-77d5892f3032">
      <Execution id="6327a629-e27c-451e-9940-dae7865868c9" />
      <TestMethod codeBase="/Users/santibraida/Workspace/comprobantes/FileContentRenamer.Tests/bin/Debug/net9.0/FileContentRenamer.Tests.dll" adapterTypeName="executor://xunit/VsTestRunner3/netcore/" className="FileContentRenamer.Tests.Services.TextProcessorTests" name="ExtractContentAsync_WithEmptyFile_ShouldReturnEmptyString" />
    </UnitTest>
    <UnitTest name="FileContentRenamer.Tests.Models.NamingRulesTests.GenerateFilename_WithDateOverrideAndMinimalContent_ShouldUseDateOverride" storage="/users/santibraida/workspace/comprobantes/filecontentrenamer.tests/bin/debug/net9.0/filecontentrenamer.tests.dll" id="2ff40e02-cd90-e19e-c947-03dc2242a050">
      <Execution id="eb4776a6-55d9-4f73-ae32-9443b97bac76" />
      <TestMethod codeBase="/Users/santibraida/Workspace/comprobantes/FileContentRenamer.Tests/bin/Debug/net9.0/FileContentRenamer.Tests.dll" adapterTypeName="executor://xunit/VsTestRunner3/netcore/" className="FileContentRenamer.Tests.Models.NamingRulesTests" name="GenerateFilename_WithDateOverrideAndMinimalContent_ShouldUseDateOverride" />
    </UnitTest>
    <UnitTest name="FileContentRenamer.Tests.Services.DirectoryOrganizerTests.IsInYearMonthStructure_WithNonExistentPath_ShouldReturnFalse" storage="/users/santibraida/workspace/comprobantes/filecontentrenamer.tests/bin/debug/net9.0/filecontentrenamer.tests.dll" id="e47068f5-ce83-2091-31a6-2a3fb625188b">
      <Execution id="40a3bae4-264a-4a88-a8fd-c5c98e4c90d8" />
      <TestMethod codeBase="/Users/santibraida/Workspace/comprobantes/FileContentRenamer.Tests/bin/Debug/net9.0/FileContentRenamer.Tests.dll" adapterTypeName="executor://xunit/VsTestRunner3/netcore/" className="FileContentRenamer.Tests.Services.DirectoryOrganizerTests" name="IsInYearMonthStructure_WithNonExistentPath_ShouldReturnFalse" />
    </UnitTest>
    <UnitTest name="FileContentRenamer.Tests.Services.DateExtractorTests.ExtractDateFromFilename_WithVariousValidFormats_ShouldReturnCorrectDates(filename: &quot;invoice_2025-06-15_bank&quot;, expected: &quot;2025-06-15&quot;)" storage="/users/santibraida/workspace/comprobantes/filecontentrenamer.tests/bin/debug/net9.0/filecontentrenamer.tests.dll" id="62f5d1dd-bd59-22f3-6b49-8433f76fa54e">
      <Execution id="ad121897-9b4a-4b21-ae06-f0ac393bddb6" />
      <TestMethod codeBase="/Users/santibraida/Workspace/comprobantes/FileContentRenamer.Tests/bin/Debug/net9.0/FileContentRenamer.Tests.dll" adapterTypeName="executor://xunit/VsTestRunner3/netcore/" className="FileContentRenamer.Tests.Services.DateExtractorTests" name="ExtractDateFromFilename_WithVariousValidFormats_ShouldReturnCorrectDates" />
    </UnitTest>
    <UnitTest name="FileContentRenamer.Tests.Services.ImageProcessorTests.ExtractContentAsync_WithNonExistentFile_ShouldReturnEmptyString" storage="/users/santibraida/workspace/comprobantes/filecontentrenamer.tests/bin/debug/net9.0/filecontentrenamer.tests.dll" id="2096051f-0719-d6b7-7ba6-a9c6fbdaed26">
      <Execution id="4c6a87e8-62aa-405f-908c-946f0d723b76" />
      <TestMethod codeBase="/Users/santibraida/Workspace/comprobantes/FileContentRenamer.Tests/bin/Debug/net9.0/FileContentRenamer.Tests.dll" adapterTypeName="executor://xunit/VsTestRunner3/netcore/" className="FileContentRenamer.Tests.Services.ImageProcessorTests" name="ExtractContentAsync_WithNonExistentFile_ShouldReturnEmptyString" />
    </UnitTest>
    <UnitTest name="FileContentRenamer.Tests.Services.ImageProcessorTests.CanProcess_WithImageExtensions_ShouldReturnTrue(extension: &quot;.jpg&quot;)" storage="/users/santibraida/workspace/comprobantes/filecontentrenamer.tests/bin/debug/net9.0/filecontentrenamer.tests.dll" id="0879aeff-9eea-f072-4fd3-f308a5ff4abd">
      <Execution id="193de021-8e75-440c-b0f5-bd99cc95606e" />
      <TestMethod codeBase="/Users/santibraida/Workspace/comprobantes/FileContentRenamer.Tests/bin/Debug/net9.0/FileContentRenamer.Tests.dll" adapterTypeName="executor://xunit/VsTestRunner3/netcore/" className="FileContentRenamer.Tests.Services.ImageProcessorTests" name="CanProcess_WithImageExtensions_ShouldReturnTrue" />
    </UnitTest>
    <UnitTest name="FileContentRenamer.Tests.Services.TextProcessorTests.CanProcess_WithTxtExtensionDifferentCasing_ShouldReturnTrue(filename: &quot;test.TXT&quot;)" storage="/users/santibraida/workspace/comprobantes/filecontentrenamer.tests/bin/debug/net9.0/filecontentrenamer.tests.dll" id="66363822-7849-72a3-af25-779ac72e5857">
      <Execution id="6df50e55-919c-4961-a5c8-2647089fbdcf" />
      <TestMethod codeBase="/Users/santibraida/Workspace/comprobantes/FileContentRenamer.Tests/bin/Debug/net9.0/FileContentRenamer.Tests.dll" adapterTypeName="executor://xunit/VsTestRunner3/netcore/" className="FileContentRenamer.Tests.Services.TextProcessorTests" name="CanProcess_WithTxtExtensionDifferentCasing_ShouldReturnTrue" />
    </UnitTest>
    <UnitTest name="FileContentRenamer.Tests.Services.DirectoryOrganizerTests.OrganizeFileIntoDirectoryStructure_WithValidDate_ShouldCreateStructureAndMoveFile" storage="/users/santibraida/workspace/comprobantes/filecontentrenamer.tests/bin/debug/net9.0/filecontentrenamer.tests.dll" id="8f2c1c6f-2d06-5c80-db10-fbc31b9e4155">
      <Execution id="94b991ea-129a-483b-8f18-1661747d6383" />
      <TestMethod codeBase="/Users/santibraida/Workspace/comprobantes/FileContentRenamer.Tests/bin/Debug/net9.0/FileContentRenamer.Tests.dll" adapterTypeName="executor://xunit/VsTestRunner3/netcore/" className="FileContentRenamer.Tests.Services.DirectoryOrganizerTests" name="OrganizeFileIntoDirectoryStructure_WithValidDate_ShouldCreateStructureAndMoveFile" />
    </UnitTest>
    <UnitTest name="FileContentRenamer.Tests.Services.DirectoryOrganizerTests.GetMonthName_WithValidMonth_ShouldReturnSpanishName(monthNumber: 8, expected: &quot;agosto&quot;)" storage="/users/santibraida/workspace/comprobantes/filecontentrenamer.tests/bin/debug/net9.0/filecontentrenamer.tests.dll" id="3a8b252e-af29-2782-c8cf-4c2dc2637787">
      <Execution id="e450f633-d408-458a-ad69-2164cdc56db7" />
      <TestMethod codeBase="/Users/santibraida/Workspace/comprobantes/FileContentRenamer.Tests/bin/Debug/net9.0/FileContentRenamer.Tests.dll" adapterTypeName="executor://xunit/VsTestRunner3/netcore/" className="FileContentRenamer.Tests.Services.DirectoryOrganizerTests" name="GetMonthName_WithValidMonth_ShouldReturnSpanishName" />
    </UnitTest>
    <UnitTest name="FileContentRenamer.Tests.Services.DateExtractorTests.ExtractDateFromFilename_WithInvalidFormat_ShouldReturnEmptyString" storage="/users/santibraida/workspace/comprobantes/filecontentrenamer.tests/bin/debug/net9.0/filecontentrenamer.tests.dll" id="013af074-e0c5-bb27-30f4-779070d7fe10">
      <Execution id="aa53366a-6d0c-4f93-acbb-eaf16c7ac706" />
      <TestMethod codeBase="/Users/santibraida/Workspace/comprobantes/FileContentRenamer.Tests/bin/Debug/net9.0/FileContentRenamer.Tests.dll" adapterTypeName="executor://xunit/VsTestRunner3/netcore/" className="FileContentRenamer.Tests.Services.DateExtractorTests" name="ExtractDateFromFilename_WithInvalidFormat_ShouldReturnEmptyString" />
    </UnitTest>
    <UnitTest name="FileContentRenamer.Tests.Services.ImageProcessorTests.ExtractContentAsync_WithEmptyFile_ShouldReturnEmptyString" storage="/users/santibraida/workspace/comprobantes/filecontentrenamer.tests/bin/debug/net9.0/filecontentrenamer.tests.dll" id="7eff9737-dcfc-63b6-3d57-04bd941b7068">
      <Execution id="72697eea-663e-488e-b5d5-2affe57d9003" />
      <TestMethod codeBase="/Users/santibraida/Workspace/comprobantes/FileContentRenamer.Tests/bin/Debug/net9.0/FileContentRenamer.Tests.dll" adapterTypeName="executor://xunit/VsTestRunner3/netcore/" className="FileContentRenamer.Tests.Services.ImageProcessorTests" name="ExtractContentAsync_WithEmptyFile_ShouldReturnEmptyString" />
    </UnitTest>
    <UnitTest name="FileContentRenamer.Tests.Services.FilenameGeneratorTests.CleanupFileName_WithVariousInputs_ShouldReturnCleanedName(input: &quot;file|name&quot;, expected: &quot;file_name&quot;)" storage="/users/santibraida/workspace/comprobantes/filecontentrenamer.tests/bin/debug/net9.0/filecontentrenamer.tests.dll" id="84a9103c-97d7-5edf-a781-47d0dfd1a75b">
      <Execution id="5705ae2b-3ff3-4bac-9a15-bed07a049a5d" />
      <TestMethod codeBase="/Users/santibraida/Workspace/comprobantes/FileContentRenamer.Tests/bin/Debug/net9.0/FileContentRenamer.Tests.dll" adapterTypeName="executor://xunit/VsTestRunner3/netcore/" className="FileContentRenamer.Tests.Services.FilenameGeneratorTests" name="CleanupFileName_WithVariousInputs_ShouldReturnCleanedName" />
    </UnitTest>
    <UnitTest name="FileContentRenamer.Tests.Services.FilenameGeneratorTests.GenerateUniqueFilename_ThreadSafety_ShouldHandleConcurrentCalls" storage="/users/santibraida/workspace/comprobantes/filecontentrenamer.tests/bin/debug/net9.0/filecontentrenamer.tests.dll" id="1a12a91e-b03d-45d3-fd2d-061c9630072a">
      <Execution id="17c7c8f1-3c6d-43d1-b3b7-468dd2cc4416" />
      <TestMethod codeBase="/Users/santibraida/Workspace/comprobantes/FileContentRenamer.Tests/bin/Debug/net9.0/FileContentRenamer.Tests.dll" adapterTypeName="executor://xunit/VsTestRunner3/netcore/" className="FileContentRenamer.Tests.Services.FilenameGeneratorTests" name="GenerateUniqueFilename_ThreadSafety_ShouldHandleConcurrentCalls" />
    </UnitTest>
    <UnitTest name="FileContentRenamer.Tests.Services.DirectoryOrganizerTests.GetMonthName_WithInvalidMonth_ShouldReturnUnknown(monthNumber: 0)" storage="/users/santibraida/workspace/comprobantes/filecontentrenamer.tests/bin/debug/net9.0/filecontentrenamer.tests.dll" id="032ef3ac-363e-da8d-efab-865406d6fd71">
      <Execution id="f018a0c6-a632-412a-a290-f88b15ff0793" />
      <TestMethod codeBase="/Users/santibraida/Workspace/comprobantes/FileContentRenamer.Tests/bin/Debug/net9.0/FileContentRenamer.Tests.dll" adapterTypeName="executor://xunit/VsTestRunner3/netcore/" className="FileContentRenamer.Tests.Services.DirectoryOrganizerTests" name="GetMonthName_WithInvalidMonth_ShouldReturnUnknown" />
    </UnitTest>
    <UnitTest name="FileContentRenamer.Tests.Services.DirectoryOrganizerTests.OrganizeFileIntoDirectoryStructure_WithDuplicateFile_ShouldCreateUniqueFilename" storage="/users/santibraida/workspace/comprobantes/filecontentrenamer.tests/bin/debug/net9.0/filecontentrenamer.tests.dll" id="8ff3c0db-187d-d0d0-7eb2-736414974987">
      <Execution id="41200445-f7ad-4ee6-b165-51642d76fb2c" />
      <TestMethod codeBase="/Users/santibraida/Workspace/comprobantes/FileContentRenamer.Tests/bin/Debug/net9.0/FileContentRenamer.Tests.dll" adapterTypeName="executor://xunit/VsTestRunner3/netcore/" className="FileContentRenamer.Tests.Services.DirectoryOrganizerTests" name="OrganizeFileIntoDirectoryStructure_WithDuplicateFile_ShouldCreateUniqueFilename" />
    </UnitTest>
    <UnitTest name="FileContentRenamer.Tests.Services.TextProcessorTests.ExtractContentAsync_WithOnlyWhitespace_ShouldReturnWhitespace" storage="/users/santibraida/workspace/comprobantes/filecontentrenamer.tests/bin/debug/net9.0/filecontentrenamer.tests.dll" id="33f7c76c-bb78-6b08-abcd-e808bcbcf4f9">
      <Execution id="e7003d8b-865c-43f3-910e-b11b1b4e1708" />
      <TestMethod codeBase="/Users/santibraida/Workspace/comprobantes/FileContentRenamer.Tests/bin/Debug/net9.0/FileContentRenamer.Tests.dll" adapterTypeName="executor://xunit/VsTestRunner3/netcore/" className="FileContentRenamer.Tests.Services.TextProcessorTests" name="ExtractContentAsync_WithOnlyWhitespace_ShouldReturnWhitespace" />
    </UnitTest>
    <UnitTest name="FileContentRenamer.Tests.Services.FileValidatorTests.ValidateConfiguration_WithNullFileExtensions_ShouldReturnFalse" storage="/users/santibraida/workspace/comprobantes/filecontentrenamer.tests/bin/debug/net9.0/filecontentrenamer.tests.dll" id="6cb1a840-6047-af3c-c464-8f4bf5b097d2">
      <Execution id="3230efb5-9f75-4c24-b18e-cf60914aedfe" />
      <TestMethod codeBase="/Users/santibraida/Workspace/comprobantes/FileContentRenamer.Tests/bin/Debug/net9.0/FileContentRenamer.Tests.dll" adapterTypeName="executor://xunit/VsTestRunner3/netcore/" className="FileContentRenamer.Tests.Services.FileValidatorTests" name="ValidateConfiguration_WithNullFileExtensions_ShouldReturnFalse" />
    </UnitTest>
    <UnitTest name="FileContentRenamer.Tests.Services.FilenameGeneratorTests.IsAlreadyNamedFilename_WithValidFormats_ShouldReturnTrue(filename: &quot;service_2024-03-15_payment&quot;)" storage="/users/santibraida/workspace/comprobantes/filecontentrenamer.tests/bin/debug/net9.0/filecontentrenamer.tests.dll" id="fd75bf1b-7547-e469-5bac-5caae1974719">
      <Execution id="d91275fe-a4d9-4e6d-b2aa-0d84bb994b23" />
      <TestMethod codeBase="/Users/santibraida/Workspace/comprobantes/FileContentRenamer.Tests/bin/Debug/net9.0/FileContentRenamer.Tests.dll" adapterTypeName="executor://xunit/VsTestRunner3/netcore/" className="FileContentRenamer.Tests.Services.FilenameGeneratorTests" name="IsAlreadyNamedFilename_WithValidFormats_ShouldReturnTrue" />
    </UnitTest>
    <UnitTest name="FileContentRenamer.Tests.Services.FileValidatorTests.ValidateFileSize_WithLargeFile_ShouldLogWarning" storage="/users/santibraida/workspace/comprobantes/filecontentrenamer.tests/bin/debug/net9.0/filecontentrenamer.tests.dll" id="4cd48cba-1ee4-9efa-c790-541706c3159b">
      <Execution id="c367d9b1-470f-4f7b-bcb5-a34713a82343" />
      <TestMethod codeBase="/Users/santibraida/Workspace/comprobantes/FileContentRenamer.Tests/bin/Debug/net9.0/FileContentRenamer.Tests.dll" adapterTypeName="executor://xunit/VsTestRunner3/netcore/" className="FileContentRenamer.Tests.Services.FileValidatorTests" name="ValidateFileSize_WithLargeFile_ShouldLogWarning" />
    </UnitTest>
    <UnitTest name="FileContentRenamer.Tests.Models.AppConfigTests.LoadFromConfiguration_WithPartialConfig_ShouldUseDefaultsForMissingValues" storage="/users/santibraida/workspace/comprobantes/filecontentrenamer.tests/bin/debug/net9.0/filecontentrenamer.tests.dll" id="6547cbe5-cb2c-b29f-9137-0cf0b96d8b18">
      <Execution id="234f96c8-e697-48c7-805d-15f5dcd3e99e" />
      <TestMethod codeBase="/Users/santibraida/Workspace/comprobantes/FileContentRenamer.Tests/bin/Debug/net9.0/FileContentRenamer.Tests.dll" adapterTypeName="executor://xunit/VsTestRunner3/netcore/" className="FileContentRenamer.Tests.Models.AppConfigTests" name="LoadFromConfiguration_WithPartialConfig_ShouldUseDefaultsForMissingValues" />
    </UnitTest>
    <UnitTest name="FileContentRenamer.Tests.Services.PdfProcessorTests.CanProcess_WithPdfExtensionDifferentCasing_ShouldReturnTrue(filename: &quot;test.PDF&quot;)" storage="/users/santibraida/workspace/comprobantes/filecontentrenamer.tests/bin/debug/net9.0/filecontentrenamer.tests.dll" id="6d7a483b-6c01-6e31-c6bf-ec0c2f6ad577">
      <Execution id="e15747cb-c6c3-4f40-8bc3-c4711b5765c8" />
      <TestMethod codeBase="/Users/santibraida/Workspace/comprobantes/FileContentRenamer.Tests/bin/Debug/net9.0/FileContentRenamer.Tests.dll" adapterTypeName="executor://xunit/VsTestRunner3/netcore/" className="FileContentRenamer.Tests.Services.PdfProcessorTests" name="CanProcess_WithPdfExtensionDifferentCasing_ShouldReturnTrue" />
    </UnitTest>
    <UnitTest name="FileContentRenamer.Tests.Services.FileValidatorTests.ValidateFileSize_WithEmptyFile_ShouldLogWarning" storage="/users/santibraida/workspace/comprobantes/filecontentrenamer.tests/bin/debug/net9.0/filecontentrenamer.tests.dll" id="62c33e58-2f83-26ac-2ae0-9b8229cc93ab">
      <Execution id="954683a6-869b-4d26-9165-5aabd6dcaddf" />
      <TestMethod codeBase="/Users/santibraida/Workspace/comprobantes/FileContentRenamer.Tests/bin/Debug/net9.0/FileContentRenamer.Tests.dll" adapterTypeName="executor://xunit/VsTestRunner3/netcore/" className="FileContentRenamer.Tests.Services.FileValidatorTests" name="ValidateFileSize_WithEmptyFile_ShouldLogWarning" />
    </UnitTest>
    <UnitTest name="FileContentRenamer.Tests.Services.FileServiceTests.ProcessFilesAsync_WithNoFiles_ShouldCompleteSuccessfully" storage="/users/santibraida/workspace/comprobantes/filecontentrenamer.tests/bin/debug/net9.0/filecontentrenamer.tests.dll" id="0fcf9b9b-b820-ecc4-eb7d-d476c5dd956f">
      <Execution id="54935baf-3908-4652-a768-6e313a629b6d" />
      <TestMethod codeBase="/Users/santibraida/Workspace/comprobantes/FileContentRenamer.Tests/bin/Debug/net9.0/FileContentRenamer.Tests.dll" adapterTypeName="executor://xunit/VsTestRunner3/netcore/" className="FileContentRenamer.Tests.Services.FileServiceTests" name="ProcessFilesAsync_WithNoFiles_ShouldCompleteSuccessfully" />
    </UnitTest>
    <UnitTest name="FileContentRenamer.Tests.Services.FileValidatorTests.ValidateConfiguration_WithNonExistentBasePath_ShouldReturnFalse" storage="/users/santibraida/workspace/comprobantes/filecontentrenamer.tests/bin/debug/net9.0/filecontentrenamer.tests.dll" id="cf2ff463-604f-4bdf-13f9-b9c49d510424">
      <Execution id="cc88f0f4-469a-4553-bb71-b58f607ba1d5" />
      <TestMethod codeBase="/Users/santibraida/Workspace/comprobantes/FileContentRenamer.Tests/bin/Debug/net9.0/FileContentRenamer.Tests.dll" adapterTypeName="executor://xunit/VsTestRunner3/netcore/" className="FileContentRenamer.Tests.Services.FileValidatorTests" name="ValidateConfiguration_WithNonExistentBasePath_ShouldReturnFalse" />
    </UnitTest>
    <UnitTest name="FileContentRenamer.Tests.Services.FileValidatorTests.ValidateFileSize_WithNonExistentFile_ShouldNotThrow" storage="/users/santibraida/workspace/comprobantes/filecontentrenamer.tests/bin/debug/net9.0/filecontentrenamer.tests.dll" id="a8222741-473a-8061-b947-f4446415fedc">
      <Execution id="18edadad-cbbc-49a6-83c8-e62e91609d1b" />
      <TestMethod codeBase="/Users/santibraida/Workspace/comprobantes/FileContentRenamer.Tests/bin/Debug/net9.0/FileContentRenamer.Tests.dll" adapterTypeName="executor://xunit/VsTestRunner3/netcore/" className="FileContentRenamer.Tests.Services.FileValidatorTests" name="ValidateFileSize_WithNonExistentFile_ShouldNotThrow" />
    </UnitTest>
    <UnitTest name="FileContentRenamer.Tests.Services.DirectoryOrganizerTests.OrganizeFileIntoDirectoryStructure_AlreadyInYearFolder_ShouldMoveToMonthFolder" storage="/users/santibraida/workspace/comprobantes/filecontentrenamer.tests/bin/debug/net9.0/filecontentrenamer.tests.dll" id="7fc03f6c-44c6-760a-ff15-5a01859458b0">
      <Execution id="13f07b92-5096-4397-8170-8c67f3184193" />
      <TestMethod codeBase="/Users/santibraida/Workspace/comprobantes/FileContentRenamer.Tests/bin/Debug/net9.0/FileContentRenamer.Tests.dll" adapterTypeName="executor://xunit/VsTestRunner3/netcore/" className="FileContentRenamer.Tests.Services.DirectoryOrganizerTests" name="OrganizeFileIntoDirectoryStructure_AlreadyInYearFolder_ShouldMoveToMonthFolder" />
    </UnitTest>
    <UnitTest name="FileContentRenamer.Tests.Services.PdfProcessorTests.ExtractContentAsync_WithEmptyFile_ShouldReturnEmptyString" storage="/users/santibraida/workspace/comprobantes/filecontentrenamer.tests/bin/debug/net9.0/filecontentrenamer.tests.dll" id="3ef96430-2ab3-5a48-be56-e156f8c42b82">
      <Execution id="c94c9fc8-78d7-4317-9755-691763e5c16b" />
      <TestMethod codeBase="/Users/santibraida/Workspace/comprobantes/FileContentRenamer.Tests/bin/Debug/net9.0/FileContentRenamer.Tests.dll" adapterTypeName="executor://xunit/VsTestRunner3/netcore/" className="FileContentRenamer.Tests.Services.PdfProcessorTests" name="ExtractContentAsync_WithEmptyFile_ShouldReturnEmptyString" />
    </UnitTest>
    <UnitTest name="FileContentRenamer.Tests.Services.FileValidatorTests.ShouldSkipAlreadyNamedFile_WithForceReprocessEnabled_ShouldReturnFalse" storage="/users/santibraida/workspace/comprobantes/filecontentrenamer.tests/bin/debug/net9.0/filecontentrenamer.tests.dll" id="0d10a7ac-0e5b-dd5d-82c4-53603840d067">
      <Execution id="f97bb22d-396b-4bfd-b63b-78ab91f43b2a" />
      <TestMethod codeBase="/Users/santibraida/Workspace/comprobantes/FileContentRenamer.Tests/bin/Debug/net9.0/FileContentRenamer.Tests.dll" adapterTypeName="executor://xunit/VsTestRunner3/netcore/" className="FileContentRenamer.Tests.Services.FileValidatorTests" name="ShouldSkipAlreadyNamedFile_WithForceReprocessEnabled_ShouldReturnFalse" />
    </UnitTest>
    <UnitTest name="FileContentRenamer.Tests.Models.NamingRuleTests.Matches_WithAllKeywordsPresent_ShouldReturnTrue" storage="/users/santibraida/workspace/comprobantes/filecontentrenamer.tests/bin/debug/net9.0/filecontentrenamer.tests.dll" id="be38a0d7-e0e2-fccd-c5e6-b3a3fded648e">
      <Execution id="736fa88f-eb5c-4799-ba4f-82f70b7246bb" />
      <TestMethod codeBase="/Users/santibraida/Workspace/comprobantes/FileContentRenamer.Tests/bin/Debug/net9.0/FileContentRenamer.Tests.dll" adapterTypeName="executor://xunit/VsTestRunner3/netcore/" className="FileContentRenamer.Tests.Models.NamingRuleTests" name="Matches_WithAllKeywordsPresent_ShouldReturnTrue" />
    </UnitTest>
    <UnitTest name="FileContentRenamer.Tests.Services.FileValidatorTests.ShouldProcessFile_WithDifferentCasing_ShouldBeCaseInsensitive(filename: &quot;test.pDf&quot;)" storage="/users/santibraida/workspace/comprobantes/filecontentrenamer.tests/bin/debug/net9.0/filecontentrenamer.tests.dll" id="77219b7a-0f6b-514e-c829-c9674c2f30c4">
      <Execution id="bec5099f-f995-4eda-a4c6-1afe94cebd21" />
      <TestMethod codeBase="/Users/santibraida/Workspace/comprobantes/FileContentRenamer.Tests/bin/Debug/net9.0/FileContentRenamer.Tests.dll" adapterTypeName="executor://xunit/VsTestRunner3/netcore/" className="FileContentRenamer.Tests.Services.FileValidatorTests" name="ShouldProcessFile_WithDifferentCasing_ShouldBeCaseInsensitive" />
    </UnitTest>
    <UnitTest name="FileContentRenamer.Tests.Services.FileServiceTests.ProcessFilesAsync_WithException_ShouldContinueProcessing" storage="/users/santibraida/workspace/comprobantes/filecontentrenamer.tests/bin/debug/net9.0/filecontentrenamer.tests.dll" id="52b61247-c43f-6660-c9e8-5fe03f0a7cdc">
      <Execution id="7c7006a6-c8bf-4ef2-98cd-22479cb98cb5" />
      <TestMethod codeBase="/Users/santibraida/Workspace/comprobantes/FileContentRenamer.Tests/bin/Debug/net9.0/FileContentRenamer.Tests.dll" adapterTypeName="executor://xunit/VsTestRunner3/netcore/" className="FileContentRenamer.Tests.Services.FileServiceTests" name="ProcessFilesAsync_WithException_ShouldContinueProcessing" />
    </UnitTest>
    <UnitTest name="FileContentRenamer.Tests.Services.ImageProcessorTests.CanProcess_WithNonImageExtension_ShouldReturnFalse(extension: &quot;.txt&quot;)" storage="/users/santibraida/workspace/comprobantes/filecontentrenamer.tests/bin/debug/net9.0/filecontentrenamer.tests.dll" id="5f70f144-9947-887e-d6e7-1aeb2f4f79bb">
      <Execution id="891617e5-96ed-4594-a018-b8c731edde39" />
      <TestMethod codeBase="/Users/santibraida/Workspace/comprobantes/FileContentRenamer.Tests/bin/Debug/net9.0/FileContentRenamer.Tests.dll" adapterTypeName="executor://xunit/VsTestRunner3/netcore/" className="FileContentRenamer.Tests.Services.ImageProcessorTests" name="CanProcess_WithNonImageExtension_ShouldReturnFalse" />
    </UnitTest>
    <UnitTest name="FileContentRenamer.Tests.Services.FilenameGeneratorTests.CleanupFileName_WithVariousInputs_ShouldReturnCleanedName(input: &quot;__file__name__&quot;, expected: &quot;file_name&quot;)" storage="/users/santibraida/workspace/comprobantes/filecontentrenamer.tests/bin/debug/net9.0/filecontentrenamer.tests.dll" id="99010084-55ec-2d67-80ac-70f30d045fef">
      <Execution id="14f0e3ea-292b-4f32-8fd2-56ba914f9c61" />
      <TestMethod codeBase="/Users/santibraida/Workspace/comprobantes/FileContentRenamer.Tests/bin/Debug/net9.0/FileContentRenamer.Tests.dll" adapterTypeName="executor://xunit/VsTestRunner3/netcore/" className="FileContentRenamer.Tests.Services.FilenameGeneratorTests" name="CleanupFileName_WithVariousInputs_ShouldReturnCleanedName" />
    </UnitTest>
    <UnitTest name="FileContentRenamer.Tests.Services.DirectoryOrganizerTests.GetMonthName_WithValidMonth_ShouldReturnSpanishName(monthNumber: 7, expected: &quot;julio&quot;)" storage="/users/santibraida/workspace/comprobantes/filecontentrenamer.tests/bin/debug/net9.0/filecontentrenamer.tests.dll" id="824839a8-20c1-e236-c120-b27a5f944d83">
      <Execution id="2a35ce43-5a4c-474d-81e9-dccbbbfa1e64" />
      <TestMethod codeBase="/Users/santibraida/Workspace/comprobantes/FileContentRenamer.Tests/bin/Debug/net9.0/FileContentRenamer.Tests.dll" adapterTypeName="executor://xunit/VsTestRunner3/netcore/" className="FileContentRenamer.Tests.Services.DirectoryOrganizerTests" name="GetMonthName_WithValidMonth_ShouldReturnSpanishName" />
    </UnitTest>
    <UnitTest name="FileContentRenamer.Tests.Services.FileServiceTests.ProcessFilesAsync_WithNoProcessorAvailable_ShouldSkipFile" storage="/users/santibraida/workspace/comprobantes/filecontentrenamer.tests/bin/debug/net9.0/filecontentrenamer.tests.dll" id="4bf9f205-774f-fb42-8d24-b7d8013c94d1">
      <Execution id="875edf0f-7ee0-4f0c-9812-fc3176ddb957" />
      <TestMethod codeBase="/Users/santibraida/Workspace/comprobantes/FileContentRenamer.Tests/bin/Debug/net9.0/FileContentRenamer.Tests.dll" adapterTypeName="executor://xunit/VsTestRunner3/netcore/" className="FileContentRenamer.Tests.Services.FileServiceTests" name="ProcessFilesAsync_WithNoProcessorAvailable_ShouldSkipFile" />
    </UnitTest>
    <UnitTest name="FileContentRenamer.Tests.Services.DirectoryOrganizerTests.OrganizeFileIntoDirectoryStructure_WithMultipleDuplicates_ShouldCreateUniqueFilename" storage="/users/santibraida/workspace/comprobantes/filecontentrenamer.tests/bin/debug/net9.0/filecontentrenamer.tests.dll" id="f567e5a6-a665-67c2-8449-b66348dc3570">
      <Execution id="22ca7d8a-404a-4ec2-8e6e-46ab760a7da5" />
      <TestMethod codeBase="/Users/santibraida/Workspace/comprobantes/FileContentRenamer.Tests/bin/Debug/net9.0/FileContentRenamer.Tests.dll" adapterTypeName="executor://xunit/VsTestRunner3/netcore/" className="FileContentRenamer.Tests.Services.DirectoryOrganizerTests" name="OrganizeFileIntoDirectoryStructure_WithMultipleDuplicates_ShouldCreateUniqueFilename" />
    </UnitTest>
    <UnitTest name="FileContentRenamer.Tests.Services.FileServiceTests.ProcessFilesAsync_WithSubdirectories_ShouldProcessAllFiles" storage="/users/santibraida/workspace/comprobantes/filecontentrenamer.tests/bin/debug/net9.0/filecontentrenamer.tests.dll" id="1f6f6946-e988-6d1a-ad4a-0a9338273d33">
      <Execution id="91e7edd6-a1e8-408a-a09b-1eebfd9fb838" />
      <TestMethod codeBase="/Users/santibraida/Workspace/comprobantes/FileContentRenamer.Tests/bin/Debug/net9.0/FileContentRenamer.Tests.dll" adapterTypeName="executor://xunit/VsTestRunner3/netcore/" className="FileContentRenamer.Tests.Services.FileServiceTests" name="ProcessFilesAsync_WithSubdirectories_ShouldProcessAllFiles" />
    </UnitTest>
    <UnitTest name="FileContentRenamer.Tests.Services.FileValidatorTests.ShouldProcessFile_WithNullPath_ShouldReturnFalse" storage="/users/santibraida/workspace/comprobantes/filecontentrenamer.tests/bin/debug/net9.0/filecontentrenamer.tests.dll" id="67877ab3-cd79-0712-f2c5-84dba6ba53b5">
      <Execution id="1cba3df7-7624-4a63-8657-6a4f0194a95e" />
      <TestMethod codeBase="/Users/santibraida/Workspace/comprobantes/FileContentRenamer.Tests/bin/Debug/net9.0/FileContentRenamer.Tests.dll" adapterTypeName="executor://xunit/VsTestRunner3/netcore/" className="FileContentRenamer.Tests.Services.FileValidatorTests" name="ShouldProcessFile_WithNullPath_ShouldReturnFalse" />
    </UnitTest>
    <UnitTest name="FileContentRenamer.Tests.Models.NamingRuleTests.Matches_WithCaseInsensitiveKeywords_ShouldReturnTrue" storage="/users/santibraida/workspace/comprobantes/filecontentrenamer.tests/bin/debug/net9.0/filecontentrenamer.tests.dll" id="eda4a5c5-8fa3-8699-5242-449863672e55">
      <Execution id="06f73725-7389-47f4-ad94-56689e497803" />
      <TestMethod codeBase="/Users/santibraida/Workspace/comprobantes/FileContentRenamer.Tests/bin/Debug/net9.0/FileContentRenamer.Tests.dll" adapterTypeName="executor://xunit/VsTestRunner3/netcore/" className="FileContentRenamer.Tests.Models.NamingRuleTests" name="Matches_WithCaseInsensitiveKeywords_ShouldReturnTrue" />
    </UnitTest>
    <UnitTest name="FileContentRenamer.Tests.Services.ImageProcessorTests.CanProcess_WithImageExtensions_ShouldReturnTrue(extension: &quot;.gif&quot;)" storage="/users/santibraida/workspace/comprobantes/filecontentrenamer.tests/bin/debug/net9.0/filecontentrenamer.tests.dll" id="ab8822d9-4b35-1a54-b9de-118c2cb93e14">
      <Execution id="34298a6c-fb74-4946-b766-40dc99b59412" />
      <TestMethod codeBase="/Users/santibraida/Workspace/comprobantes/FileContentRenamer.Tests/bin/Debug/net9.0/FileContentRenamer.Tests.dll" adapterTypeName="executor://xunit/VsTestRunner3/netcore/" className="FileContentRenamer.Tests.Services.ImageProcessorTests" name="CanProcess_WithImageExtensions_ShouldReturnTrue" />
    </UnitTest>
    <UnitTest name="FileContentRenamer.Tests.Models.AppConfigTests.LoadFromConfiguration_WithValidConfigFile_ShouldLoadCorrectly" storage="/users/santibraida/workspace/comprobantes/filecontentrenamer.tests/bin/debug/net9.0/filecontentrenamer.tests.dll" id="2df2278f-2596-2f16-dbea-2fed2d64436a">
      <Execution id="68f10406-8b43-4d4c-9a1e-859c2a86b1bd" />
      <TestMethod codeBase="/Users/santibraida/Workspace/comprobantes/FileContentRenamer.Tests/bin/Debug/net9.0/FileContentRenamer.Tests.dll" adapterTypeName="executor://xunit/VsTestRunner3/netcore/" className="FileContentRenamer.Tests.Models.AppConfigTests" name="LoadFromConfiguration_WithValidConfigFile_ShouldLoadCorrectly" />
    </UnitTest>
    <UnitTest name="FileContentRenamer.Tests.Services.FileValidatorTests.ShouldSkipAlreadyNamedFile_WithAlreadyNamedFile_ShouldReturnTrue" storage="/users/santibraida/workspace/comprobantes/filecontentrenamer.tests/bin/debug/net9.0/filecontentrenamer.tests.dll" id="df0ff2b1-bb1d-04f9-1b59-ee245aa596c1">
      <Execution id="d33a8290-35a4-4d9a-98dc-20a5d70de368" />
      <TestMethod codeBase="/Users/santibraida/Workspace/comprobantes/FileContentRenamer.Tests/bin/Debug/net9.0/FileContentRenamer.Tests.dll" adapterTypeName="executor://xunit/VsTestRunner3/netcore/" className="FileContentRenamer.Tests.Services.FileValidatorTests" name="ShouldSkipAlreadyNamedFile_WithAlreadyNamedFile_ShouldReturnTrue" />
    </UnitTest>
    <UnitTest name="FileContentRenamer.Tests.Services.ImageProcessorTests.CanProcess_WithImageExtensions_ShouldReturnTrue(extension: &quot;.png&quot;)" storage="/users/santibraida/workspace/comprobantes/filecontentrenamer.tests/bin/debug/net9.0/filecontentrenamer.tests.dll" id="8b50f6a7-4d32-7ee6-c298-95c6826dd2dd">
      <Execution id="0f3a9e87-2661-4222-b584-7c5e47c0f558" />
      <TestMethod codeBase="/Users/santibraida/Workspace/comprobantes/FileContentRenamer.Tests/bin/Debug/net9.0/FileContentRenamer.Tests.dll" adapterTypeName="executor://xunit/VsTestRunner3/netcore/" className="FileContentRenamer.Tests.Services.ImageProcessorTests" name="CanProcess_WithImageExtensions_ShouldReturnTrue" />
    </UnitTest>
    <UnitTest name="FileContentRenamer.Tests.Services.DirectoryOrganizerTests.OrganizeFileIntoDirectoryStructure_ThreadSafety_ShouldHandleConcurrentCalls" storage="/users/santibraida/workspace/comprobantes/filecontentrenamer.tests/bin/debug/net9.0/filecontentrenamer.tests.dll" id="63753db1-a700-4ddb-bad0-85dcc6fc1038">
      <Execution id="6cec2b4b-998e-4147-8c4d-b356e1ed95fe" />
      <TestMethod codeBase="/Users/santibraida/Workspace/comprobantes/FileContentRenamer.Tests/bin/Debug/net9.0/FileContentRenamer.Tests.dll" adapterTypeName="executor://xunit/VsTestRunner3/netcore/" className="FileContentRenamer.Tests.Services.DirectoryOrganizerTests" name="OrganizeFileIntoDirectoryStructure_ThreadSafety_ShouldHandleConcurrentCalls" />
    </UnitTest>
    <UnitTest name="FileContentRenamer.Tests.Services.ImageProcessorTests.CanProcess_WithImageExtensions_ShouldReturnTrue(extension: &quot;.bmp&quot;)" storage="/users/santibraida/workspace/comprobantes/filecontentrenamer.tests/bin/debug/net9.0/filecontentrenamer.tests.dll" id="870a83a2-7b8c-0f07-3329-8f1aeb05a753">
      <Execution id="19995ca4-dbaf-48f3-9887-74c49bc18de1" />
      <TestMethod codeBase="/Users/santibraida/Workspace/comprobantes/FileContentRenamer.Tests/bin/Debug/net9.0/FileContentRenamer.Tests.dll" adapterTypeName="executor://xunit/VsTestRunner3/netcore/" className="FileContentRenamer.Tests.Services.ImageProcessorTests" name="CanProcess_WithImageExtensions_ShouldReturnTrue" />
    </UnitTest>
    <UnitTest name="FileContentRenamer.Tests.Services.FileValidatorTests.ShouldProcessFile_WithEmptyPath_ShouldReturnFalse" storage="/users/santibraida/workspace/comprobantes/filecontentrenamer.tests/bin/debug/net9.0/filecontentrenamer.tests.dll" id="9ceef6d7-c6e7-377c-fe84-df2fd32fca20">
      <Execution id="beefdfe6-9554-4aa3-8fbe-a0dd6a008d73" />
      <TestMethod codeBase="/Users/santibraida/Workspace/comprobantes/FileContentRenamer.Tests/bin/Debug/net9.0/FileContentRenamer.Tests.dll" adapterTypeName="executor://xunit/VsTestRunner3/netcore/" className="FileContentRenamer.Tests.Services.FileValidatorTests" name="ShouldProcessFile_WithEmptyPath_ShouldReturnFalse" />
    </UnitTest>
    <UnitTest name="FileContentRenamer.Tests.Models.NamingRuleTests.Matches_WithEmptyContent_ShouldReturnFalse" storage="/users/santibraida/workspace/comprobantes/filecontentrenamer.tests/bin/debug/net9.0/filecontentrenamer.tests.dll" id="f23379d7-78c4-9613-54fe-537fd665f06d">
      <Execution id="2251e627-3b19-441c-84cc-9378baf558e1" />
      <TestMethod codeBase="/Users/santibraida/Workspace/comprobantes/FileContentRenamer.Tests/bin/Debug/net9.0/FileContentRenamer.Tests.dll" adapterTypeName="executor://xunit/VsTestRunner3/netcore/" className="FileContentRenamer.Tests.Models.NamingRuleTests" name="Matches_WithEmptyContent_ShouldReturnFalse" />
    </UnitTest>
    <UnitTest name="FileContentRenamer.Tests.Services.FileValidatorTests.ShouldProcessFile_WithNonExistentFile_ShouldReturnFalse" storage="/users/santibraida/workspace/comprobantes/filecontentrenamer.tests/bin/debug/net9.0/filecontentrenamer.tests.dll" id="a74078ad-01de-0282-292f-78f3a891fdb1">
      <Execution id="aedcaedb-1b96-4485-9add-783ac2fa6f4c" />
      <TestMethod codeBase="/Users/santibraida/Workspace/comprobantes/FileContentRenamer.Tests/bin/Debug/net9.0/FileContentRenamer.Tests.dll" adapterTypeName="executor://xunit/VsTestRunner3/netcore/" className="FileContentRenamer.Tests.Services.FileValidatorTests" name="ShouldProcessFile_WithNonExistentFile_ShouldReturnFalse" />
    </UnitTest>
    <UnitTest name="FileContentRenamer.Tests.Services.FileValidatorTests.ShouldProcessFile_WithMixedCaseExtension_ShouldReturnTrue" storage="/users/santibraida/workspace/comprobantes/filecontentrenamer.tests/bin/debug/net9.0/filecontentrenamer.tests.dll" id="f7704aaa-e660-9ea3-e9fc-e4f0ba02380e">
      <Execution id="4a9a5a22-1457-4a02-9cb5-29f257265ec7" />
      <TestMethod codeBase="/Users/santibraida/Workspace/comprobantes/FileContentRenamer.Tests/bin/Debug/net9.0/FileContentRenamer.Tests.dll" adapterTypeName="executor://xunit/VsTestRunner3/netcore/" className="FileContentRenamer.Tests.Services.FileValidatorTests" name="ShouldProcessFile_WithMixedCaseExtension_ShouldReturnTrue" />
    </UnitTest>
    <UnitTest name="FileContentRenamer.Tests.Services.DirectoryOrganizerTests.GetMonthName_WithValidMonth_ShouldReturnSpanishName(monthNumber: 1, expected: &quot;enero&quot;)" storage="/users/santibraida/workspace/comprobantes/filecontentrenamer.tests/bin/debug/net9.0/filecontentrenamer.tests.dll" id="ef0ba115-bb03-098e-48b3-8914fb59fb7f">
      <Execution id="93ca2f27-99c9-4c7a-ae28-cac024bdaa17" />
      <TestMethod codeBase="/Users/santibraida/Workspace/comprobantes/FileContentRenamer.Tests/bin/Debug/net9.0/FileContentRenamer.Tests.dll" adapterTypeName="executor://xunit/VsTestRunner3/netcore/" className="FileContentRenamer.Tests.Services.DirectoryOrganizerTests" name="GetMonthName_WithValidMonth_ShouldReturnSpanishName" />
    </UnitTest>
    <UnitTest name="FileContentRenamer.Tests.Services.FilenameGeneratorTests.CleanupFileName_WithVariousInputs_ShouldReturnCleanedName(input: &quot;valid_filename&quot;, expected: &quot;valid_filename&quot;)" storage="/users/santibraida/workspace/comprobantes/filecontentrenamer.tests/bin/debug/net9.0/filecontentrenamer.tests.dll" id="4a85101f-96ab-da99-c27c-46820deea64a">
      <Execution id="0a5b0439-6780-44e8-bdc5-67bdada3622e" />
      <TestMethod codeBase="/Users/santibraida/Workspace/comprobantes/FileContentRenamer.Tests/bin/Debug/net9.0/FileContentRenamer.Tests.dll" adapterTypeName="executor://xunit/VsTestRunner3/netcore/" className="FileContentRenamer.Tests.Services.FilenameGeneratorTests" name="CleanupFileName_WithVariousInputs_ShouldReturnCleanedName" />
    </UnitTest>
    <UnitTest name="FileContentRenamer.Tests.Models.NamingRulesTests.Constructor_WithDefaultValues_ShouldInitializeCorrectly" storage="/users/santibraida/workspace/comprobantes/filecontentrenamer.tests/bin/debug/net9.0/filecontentrenamer.tests.dll" id="3bc1972c-43c3-09f6-6b21-23df0274286b">
      <Execution id="93c1b596-a5dd-42fb-b286-090de7d769ad" />
      <TestMethod codeBase="/Users/santibraida/Workspace/comprobantes/FileContentRenamer.Tests/bin/Debug/net9.0/FileContentRenamer.Tests.dll" adapterTypeName="executor://xunit/VsTestRunner3/netcore/" className="FileContentRenamer.Tests.Models.NamingRulesTests" name="Constructor_WithDefaultValues_ShouldInitializeCorrectly" />
    </UnitTest>
    <UnitTest name="FileContentRenamer.Tests.Services.DirectoryOrganizerTests.OrganizeFileIntoDirectoryStructure_WithInvalidDate_ShouldReturnOriginalPath" storage="/users/santibraida/workspace/comprobantes/filecontentrenamer.tests/bin/debug/net9.0/filecontentrenamer.tests.dll" id="19f9e186-a4aa-4850-0176-aa961f311415">
      <Execution id="36aad227-b84b-4d38-adbc-d7f505a7433e" />
      <TestMethod codeBase="/Users/santibraida/Workspace/comprobantes/FileContentRenamer.Tests/bin/Debug/net9.0/FileContentRenamer.Tests.dll" adapterTypeName="executor://xunit/VsTestRunner3/netcore/" className="FileContentRenamer.Tests.Services.DirectoryOrganizerTests" name="OrganizeFileIntoDirectoryStructure_WithInvalidDate_ShouldReturnOriginalPath" />
    </UnitTest>
    <UnitTest name="FileContentRenamer.Tests.Services.TextProcessorTests.CanProcess_WithNonTxtExtension_ShouldReturnFalse(filename: &quot;test&quot;)" storage="/users/santibraida/workspace/comprobantes/filecontentrenamer.tests/bin/debug/net9.0/filecontentrenamer.tests.dll" id="ee802fc6-9af0-1284-c4b7-a8377911ec00">
      <Execution id="f1b95b10-e3bb-45d3-bb2e-80a5a855992d" />
      <TestMethod codeBase="/Users/santibraida/Workspace/comprobantes/FileContentRenamer.Tests/bin/Debug/net9.0/FileContentRenamer.Tests.dll" adapterTypeName="executor://xunit/VsTestRunner3/netcore/" className="FileContentRenamer.Tests.Services.TextProcessorTests" name="CanProcess_WithNonTxtExtension_ShouldReturnFalse" />
    </UnitTest>
    <UnitTest name="FileContentRenamer.Tests.Services.FileValidatorTests.ValidateConfiguration_WithEmptyBasePath_ShouldReturnFalse" storage="/users/santibraida/workspace/comprobantes/filecontentrenamer.tests/bin/debug/net9.0/filecontentrenamer.tests.dll" id="5ba61b11-551a-10ce-86ec-bdc1ee67e90e">
      <Execution id="5047f31e-9690-4229-95e7-603b81ff0944" />
      <TestMethod codeBase="/Users/santibraida/Workspace/comprobantes/FileContentRenamer.Tests/bin/Debug/net9.0/FileContentRenamer.Tests.dll" adapterTypeName="executor://xunit/VsTestRunner3/netcore/" className="FileContentRenamer.Tests.Services.FileValidatorTests" name="ValidateConfiguration_WithEmptyBasePath_ShouldReturnFalse" />
    </UnitTest>
    <UnitTest name="FileContentRenamer.Tests.Services.TextProcessorTests.ExtractContentAsync_WithNonExistentFile_ShouldReturnEmptyString" storage="/users/santibraida/workspace/comprobantes/filecontentrenamer.tests/bin/debug/net9.0/filecontentrenamer.tests.dll" id="1ae426c8-73f8-48b1-c4fd-f2736013951b">
      <Execution id="a5cfebb9-ef7e-4d92-b955-70fc87ef58e5" />
      <TestMethod codeBase="/Users/santibraida/Workspace/comprobantes/FileContentRenamer.Tests/bin/Debug/net9.0/FileContentRenamer.Tests.dll" adapterTypeName="executor://xunit/VsTestRunner3/netcore/" className="FileContentRenamer.Tests.Services.TextProcessorTests" name="ExtractContentAsync_WithNonExistentFile_ShouldReturnEmptyString" />
    </UnitTest>
    <UnitTest name="FileContentRenamer.Tests.Services.DirectoryOrganizerTests.GetMonthName_WithValidMonth_ShouldReturnSpanishName(monthNumber: 10, expected: &quot;octubre&quot;)" storage="/users/santibraida/workspace/comprobantes/filecontentrenamer.tests/bin/debug/net9.0/filecontentrenamer.tests.dll" id="b9d72b25-82ca-6ec3-5870-6ffcc88918e2">
      <Execution id="ce26f8ba-303a-496d-b6fa-01a99659e887" />
      <TestMethod codeBase="/Users/santibraida/Workspace/comprobantes/FileContentRenamer.Tests/bin/Debug/net9.0/FileContentRenamer.Tests.dll" adapterTypeName="executor://xunit/VsTestRunner3/netcore/" className="FileContentRenamer.Tests.Services.DirectoryOrganizerTests" name="GetMonthName_WithValidMonth_ShouldReturnSpanishName" />
    </UnitTest>
    <UnitTest name="FileContentRenamer.Tests.Services.DateExtractorTests.ExtractDateFromContent_WithVariousGenericDates_ShouldReturnCorrectDates(content: &quot;01/01/2025&quot;, expected: &quot;2025-01-01&quot;)" storage="/users/santibraida/workspace/comprobantes/filecontentrenamer.tests/bin/debug/net9.0/filecontentrenamer.tests.dll" id="a0ca8000-3ed1-5654-296c-23ca811068ca">
      <Execution id="27cf3a45-c2fb-43df-aca6-5eb21e8ebccb" />
      <TestMethod codeBase="/Users/santibraida/Workspace/comprobantes/FileContentRenamer.Tests/bin/Debug/net9.0/FileContentRenamer.Tests.dll" adapterTypeName="executor://xunit/VsTestRunner3/netcore/" className="FileContentRenamer.Tests.Services.DateExtractorTests" name="ExtractDateFromContent_WithVariousGenericDates_ShouldReturnCorrectDates" />
    </UnitTest>
    <UnitTest name="FileContentRenamer.Tests.Services.DateExtractorTests.ExtractDateFromContent_WithVariousDueDateFormats_ShouldReturnCorrectDates(content: &quot;vencimiento 01/01/2025&quot;, expected: &quot;2025-01-01&quot;)" storage="/users/santibraida/workspace/comprobantes/filecontentrenamer.tests/bin/debug/net9.0/filecontentrenamer.tests.dll" id="18d4c37f-1583-f497-ec0c-ad5f807ccb48">
      <Execution id="7d56d9b6-caed-44d1-ae72-fd539c4c4ee3" />
      <TestMethod codeBase="/Users/santibraida/Workspace/comprobantes/FileContentRenamer.Tests/bin/Debug/net9.0/FileContentRenamer.Tests.dll" adapterTypeName="executor://xunit/VsTestRunner3/netcore/" className="FileContentRenamer.Tests.Services.DateExtractorTests" name="ExtractDateFromContent_WithVariousDueDateFormats_ShouldReturnCorrectDates" />
    </UnitTest>
    <UnitTest name="FileContentRenamer.Tests.Services.FileValidatorTests.ShouldProcessFile_WithValidFile_ShouldReturnTrue" storage="/users/santibraida/workspace/comprobantes/filecontentrenamer.tests/bin/debug/net9.0/filecontentrenamer.tests.dll" id="2256e44b-d5c1-25c7-1712-2e03764de95a">
      <Execution id="39464e28-7941-44da-823c-7d9d3fc58185" />
      <TestMethod codeBase="/Users/santibraida/Workspace/comprobantes/FileContentRenamer.Tests/bin/Debug/net9.0/FileContentRenamer.Tests.dll" adapterTypeName="executor://xunit/VsTestRunner3/netcore/" className="FileContentRenamer.Tests.Services.FileValidatorTests" name="ShouldProcessFile_WithValidFile_ShouldReturnTrue" />
    </UnitTest>
    <UnitTest name="FileContentRenamer.Tests.Services.ImageProcessorTests.CanProcess_WithImageExtensionsDifferentCasing_ShouldReturnTrue(extension: &quot;.BMP&quot;)" storage="/users/santibraida/workspace/comprobantes/filecontentrenamer.tests/bin/debug/net9.0/filecontentrenamer.tests.dll" id="0a12e19f-d2b3-86f6-32f5-92fdfa996e6b">
      <Execution id="17aa12bb-6094-445a-98ad-c6673e662851" />
      <TestMethod codeBase="/Users/santibraida/Workspace/comprobantes/FileContentRenamer.Tests/bin/Debug/net9.0/FileContentRenamer.Tests.dll" adapterTypeName="executor://xunit/VsTestRunner3/netcore/" className="FileContentRenamer.Tests.Services.ImageProcessorTests" name="CanProcess_WithImageExtensionsDifferentCasing_ShouldReturnTrue" />
    </UnitTest>
    <UnitTest name="FileContentRenamer.Tests.Services.FilenameGeneratorTests.IsAlreadyNamedFilename_WithInvalidFormats_ShouldReturnFalse(filename: &quot;2024-03-15&quot;)" storage="/users/santibraida/workspace/comprobantes/filecontentrenamer.tests/bin/debug/net9.0/filecontentrenamer.tests.dll" id="5782f6c4-4818-df21-281e-6b620d8a99e2">
      <Execution id="2b50e559-976f-46f8-8e0b-8243e9d2e4e8" />
      <TestMethod codeBase="/Users/santibraida/Workspace/comprobantes/FileContentRenamer.Tests/bin/Debug/net9.0/FileContentRenamer.Tests.dll" adapterTypeName="executor://xunit/VsTestRunner3/netcore/" className="FileContentRenamer.Tests.Services.FilenameGeneratorTests" name="IsAlreadyNamedFilename_WithInvalidFormats_ShouldReturnFalse" />
    </UnitTest>
    <UnitTest name="FileContentRenamer.Tests.Services.FilenameGeneratorTests.GenerateFilename_WithDifferentExtension_ShouldPreserveExtension" storage="/users/santibraida/workspace/comprobantes/filecontentrenamer.tests/bin/debug/net9.0/filecontentrenamer.tests.dll" id="b72ed067-d3bd-e26d-3bed-f7f45c913059">
      <Execution id="f0442cde-80ec-490a-9eaa-2c4ab84137dd" />
      <TestMethod codeBase="/Users/santibraida/Workspace/comprobantes/FileContentRenamer.Tests/bin/Debug/net9.0/FileContentRenamer.Tests.dll" adapterTypeName="executor://xunit/VsTestRunner3/netcore/" className="FileContentRenamer.Tests.Services.FilenameGeneratorTests" name="GenerateFilename_WithDifferentExtension_ShouldPreserveExtension" />
    </UnitTest>
    <UnitTest name="FileContentRenamer.Tests.Services.TextProcessorTests.CanProcess_WithTxtExtensionDifferentCasing_ShouldReturnTrue(filename: &quot;test.Txt&quot;)" storage="/users/santibraida/workspace/comprobantes/filecontentrenamer.tests/bin/debug/net9.0/filecontentrenamer.tests.dll" id="ae4c83e6-0f4d-65f8-22c1-23c6464f33a2">
      <Execution id="8a36d3d7-c3a9-4130-87e8-402deb9d15f1" />
      <TestMethod codeBase="/Users/santibraida/Workspace/comprobantes/FileContentRenamer.Tests/bin/Debug/net9.0/FileContentRenamer.Tests.dll" adapterTypeName="executor://xunit/VsTestRunner3/netcore/" className="FileContentRenamer.Tests.Services.TextProcessorTests" name="CanProcess_WithTxtExtensionDifferentCasing_ShouldReturnTrue" />
    </UnitTest>
    <UnitTest name="FileContentRenamer.Tests.Services.FileValidatorTests.ValidateConfiguration_WithEmptyFileExtensions_ShouldReturnFalse" storage="/users/santibraida/workspace/comprobantes/filecontentrenamer.tests/bin/debug/net9.0/filecontentrenamer.tests.dll" id="51c5dd4c-3587-911b-8de8-02b3003da056">
      <Execution id="809579d6-18d1-496b-a640-565a34f62e2a" />
      <TestMethod codeBase="/Users/santibraida/Workspace/comprobantes/FileContentRenamer.Tests/bin/Debug/net9.0/FileContentRenamer.Tests.dll" adapterTypeName="executor://xunit/VsTestRunner3/netcore/" className="FileContentRenamer.Tests.Services.FileValidatorTests" name="ValidateConfiguration_WithEmptyFileExtensions_ShouldReturnFalse" />
    </UnitTest>
    <UnitTest name="FileContentRenamer.Tests.Services.FileValidatorTests.ShouldSkipAlreadyNamedFile_WithNotAlreadyNamedFile_ShouldReturnFalse" storage="/users/santibraida/workspace/comprobantes/filecontentrenamer.tests/bin/debug/net9.0/filecontentrenamer.tests.dll" id="0585f1ec-f642-09e1-866f-6d3653426f93">
      <Execution id="db88c181-63d5-40de-9cc9-88930ac3792d" />
      <TestMethod codeBase="/Users/santibraida/Workspace/comprobantes/FileContentRenamer.Tests/bin/Debug/net9.0/FileContentRenamer.Tests.dll" adapterTypeName="executor://xunit/VsTestRunner3/netcore/" className="FileContentRenamer.Tests.Services.FileValidatorTests" name="ShouldSkipAlreadyNamedFile_WithNotAlreadyNamedFile_ShouldReturnFalse" />
    </UnitTest>
    <UnitTest name="FileContentRenamer.Tests.Services.DateExtractorTests.ExtractDateFromFilename_WithEmptyFilename_ShouldReturnEmptyString" storage="/users/santibraida/workspace/comprobantes/filecontentrenamer.tests/bin/debug/net9.0/filecontentrenamer.tests.dll" id="b0162767-b0d5-ac8c-e6c1-f87ef88a8da6">
      <Execution id="d5c2a622-d1b7-440a-934e-cc9f655642e3" />
      <TestMethod codeBase="/Users/santibraida/Workspace/comprobantes/FileContentRenamer.Tests/bin/Debug/net9.0/FileContentRenamer.Tests.dll" adapterTypeName="executor://xunit/VsTestRunner3/netcore/" className="FileContentRenamer.Tests.Services.DateExtractorTests" name="ExtractDateFromFilename_WithEmptyFilename_ShouldReturnEmptyString" />
    </UnitTest>
    <UnitTest name="FileContentRenamer.Tests.Services.ImageProcessorTests.CanProcess_WithImageExtensionsDifferentCasing_ShouldReturnTrue(extension: &quot;.JPG&quot;)" storage="/users/santibraida/workspace/comprobantes/filecontentrenamer.tests/bin/debug/net9.0/filecontentrenamer.tests.dll" id="80bc6a5a-eb03-5068-fdbc-47b2721cfaa4">
      <Execution id="5c6a333b-177e-4ad6-87ef-0254afa956c3" />
      <TestMethod codeBase="/Users/santibraida/Workspace/comprobantes/FileContentRenamer.Tests/bin/Debug/net9.0/FileContentRenamer.Tests.dll" adapterTypeName="executor://xunit/VsTestRunner3/netcore/" className="FileContentRenamer.Tests.Services.ImageProcessorTests" name="CanProcess_WithImageExtensionsDifferentCasing_ShouldReturnTrue" />
    </UnitTest>
    <UnitTest name="FileContentRenamer.Tests.Services.DateExtractorTests.ExtractDateFromContent_WithVariousSpanishDates_ShouldReturnCorrectDates(content: &quot;31 de diciembre de 2023&quot;, expected: &quot;2023-12-31&quot;)" storage="/users/santibraida/workspace/comprobantes/filecontentrenamer.tests/bin/debug/net9.0/filecontentrenamer.tests.dll" id="5be72c0f-bb2d-feba-e528-7ed830f5c677">
      <Execution id="61b30e02-bc49-43b4-be2b-dc7190243a30" />
      <TestMethod codeBase="/Users/santibraida/Workspace/comprobantes/FileContentRenamer.Tests/bin/Debug/net9.0/FileContentRenamer.Tests.dll" adapterTypeName="executor://xunit/VsTestRunner3/netcore/" className="FileContentRenamer.Tests.Services.DateExtractorTests" name="ExtractDateFromContent_WithVariousSpanishDates_ShouldReturnCorrectDates" />
    </UnitTest>
    <UnitTest name="FileContentRenamer.Tests.Services.FileServiceTests.ProcessFilesAsync_WithEmptyContent_ShouldSkipFile" storage="/users/santibraida/workspace/comprobantes/filecontentrenamer.tests/bin/debug/net9.0/filecontentrenamer.tests.dll" id="924a2837-bdda-5ff7-8002-b76459c46087">
      <Execution id="aa554824-62dc-48a9-90a1-f2c9b9d9bd91" />
      <TestMethod codeBase="/Users/santibraida/Workspace/comprobantes/FileContentRenamer.Tests/bin/Debug/net9.0/FileContentRenamer.Tests.dll" adapterTypeName="executor://xunit/VsTestRunner3/netcore/" className="FileContentRenamer.Tests.Services.FileServiceTests" name="ProcessFilesAsync_WithEmptyContent_ShouldSkipFile" />
    </UnitTest>
    <UnitTest name="FileContentRenamer.Tests.Services.TextProcessorTests.ExtractContentAsync_WithValidTextFile_ShouldReturnContent" storage="/users/santibraida/workspace/comprobantes/filecontentrenamer.tests/bin/debug/net9.0/filecontentrenamer.tests.dll" id="929aa209-e3f7-852b-9884-da4d7850f9c4">
      <Execution id="ee1efccc-3a49-42fd-a209-a51bbaaf29f8" />
      <TestMethod codeBase="/Users/santibraida/Workspace/comprobantes/FileContentRenamer.Tests/bin/Debug/net9.0/FileContentRenamer.Tests.dll" adapterTypeName="executor://xunit/VsTestRunner3/netcore/" className="FileContentRenamer.Tests.Services.TextProcessorTests" name="ExtractContentAsync_WithValidTextFile_ShouldReturnContent" />
    </UnitTest>
    <UnitTest name="FileContentRenamer.Tests.Services.FilenameGeneratorTests.CleanupFileName_WithVariousInputs_ShouldReturnCleanedName(input: &quot;file&lt;&gt;name&quot;, expected: &quot;file__name&quot;)" storage="/users/santibraida/workspace/comprobantes/filecontentrenamer.tests/bin/debug/net9.0/filecontentrenamer.tests.dll" id="4bbcc3d2-5b9e-8537-8345-00f48a01da72">
      <Execution id="84f670a6-5768-468a-bb98-32e092afd458" />
      <TestMethod codeBase="/Users/santibraida/Workspace/comprobantes/FileContentRenamer.Tests/bin/Debug/net9.0/FileContentRenamer.Tests.dll" adapterTypeName="executor://xunit/VsTestRunner3/netcore/" className="FileContentRenamer.Tests.Services.FilenameGeneratorTests" name="CleanupFileName_WithVariousInputs_ShouldReturnCleanedName" />
    </UnitTest>
    <UnitTest name="FileContentRenamer.Tests.Services.DateExtractorTests.ExtractDateFromFilename_WithValidFormat_ShouldReturnCorrectDate" storage="/users/santibraida/workspace/comprobantes/filecontentrenamer.tests/bin/debug/net9.0/filecontentrenamer.tests.dll" id="d4537562-1c96-4e07-3939-b2da6a34e9fc">
      <Execution id="30641eea-673e-499e-a6b2-3c888b8eca9a" />
      <TestMethod codeBase="/Users/santibraida/Workspace/comprobantes/FileContentRenamer.Tests/bin/Debug/net9.0/FileContentRenamer.Tests.dll" adapterTypeName="executor://xunit/VsTestRunner3/netcore/" className="FileContentRenamer.Tests.Services.DateExtractorTests" name="ExtractDateFromFilename_WithValidFormat_ShouldReturnCorrectDate" />
    </UnitTest>
    <UnitTest name="FileContentRenamer.Tests.Services.TextProcessorTests.ExtractContentAsync_WithLockedFile_ShouldReturnEmptyString" storage="/users/santibraida/workspace/comprobantes/filecontentrenamer.tests/bin/debug/net9.0/filecontentrenamer.tests.dll" id="26656131-c125-7680-eabe-b2347d65af76">
      <Execution id="67f52b01-da60-4e5b-aca9-759dc6ef1f16" />
      <TestMethod codeBase="/Users/santibraida/Workspace/comprobantes/FileContentRenamer.Tests/bin/Debug/net9.0/FileContentRenamer.Tests.dll" adapterTypeName="executor://xunit/VsTestRunner3/netcore/" className="FileContentRenamer.Tests.Services.TextProcessorTests" name="ExtractContentAsync_WithLockedFile_ShouldReturnEmptyString" />
    </UnitTest>
    <UnitTest name="FileContentRenamer.Tests.Services.PdfProcessorTests.ExtractContentAsync_WithNonExistentFile_ShouldReturnEmptyString" storage="/users/santibraida/workspace/comprobantes/filecontentrenamer.tests/bin/debug/net9.0/filecontentrenamer.tests.dll" id="aab50796-093f-3ad1-51eb-ff5551165480">
      <Execution id="4c31f1ec-318d-4343-80ae-fecb514a1e82" />
      <TestMethod codeBase="/Users/santibraida/Workspace/comprobantes/FileContentRenamer.Tests/bin/Debug/net9.0/FileContentRenamer.Tests.dll" adapterTypeName="executor://xunit/VsTestRunner3/netcore/" className="FileContentRenamer.Tests.Services.PdfProcessorTests" name="ExtractContentAsync_WithNonExistentFile_ShouldReturnEmptyString" />
    </UnitTest>
    <UnitTest name="FileContentRenamer.Tests.Services.FileValidatorTests.ShouldProcessFile_WithDifferentCasing_ShouldBeCaseInsensitive(filename: &quot;test.Pdf&quot;)" storage="/users/santibraida/workspace/comprobantes/filecontentrenamer.tests/bin/debug/net9.0/filecontentrenamer.tests.dll" id="1fee9821-3919-b84e-fa07-8bc4fb6625e5">
      <Execution id="619d162e-e61d-423c-851d-47cf655d2a46" />
      <TestMethod codeBase="/Users/santibraida/Workspace/comprobantes/FileContentRenamer.Tests/bin/Debug/net9.0/FileContentRenamer.Tests.dll" adapterTypeName="executor://xunit/VsTestRunner3/netcore/" className="FileContentRenamer.Tests.Services.FileValidatorTests" name="ShouldProcessFile_WithDifferentCasing_ShouldBeCaseInsensitive" />
    </UnitTest>
    <UnitTest name="FileContentRenamer.Tests.Models.NamingRulesTests.FindMatchingRule_WithNoMatchingRule_ShouldReturnNull" storage="/users/santibraida/workspace/comprobantes/filecontentrenamer.tests/bin/debug/net9.0/filecontentrenamer.tests.dll" id="2ce66dbc-f5ab-5500-4273-caffb3bf4e5f">
      <Execution id="35b0b8c3-93ee-4ca3-adac-e27f1e27c372" />
      <TestMethod codeBase="/Users/santibraida/Workspace/comprobantes/FileContentRenamer.Tests/bin/Debug/net9.0/FileContentRenamer.Tests.dll" adapterTypeName="executor://xunit/VsTestRunner3/netcore/" className="FileContentRenamer.Tests.Models.NamingRulesTests" name="FindMatchingRule_WithNoMatchingRule_ShouldReturnNull" />
    </UnitTest>
    <UnitTest name="FileContentRenamer.Tests.Services.FilenameGeneratorTests.IsAlreadyNamedFilename_WithValidFormats_ShouldReturnTrue(filename: &quot;company_2025-01-01_bank&quot;)" storage="/users/santibraida/workspace/comprobantes/filecontentrenamer.tests/bin/debug/net9.0/filecontentrenamer.tests.dll" id="95464817-3328-92d5-e9f2-a7a51a663358">
      <Execution id="8ddc971b-3949-4d07-8d67-857776637cc1" />
      <TestMethod codeBase="/Users/santibraida/Workspace/comprobantes/FileContentRenamer.Tests/bin/Debug/net9.0/FileContentRenamer.Tests.dll" adapterTypeName="executor://xunit/VsTestRunner3/netcore/" className="FileContentRenamer.Tests.Services.FilenameGeneratorTests" name="IsAlreadyNamedFilename_WithValidFormats_ShouldReturnTrue" />
    </UnitTest>
    <UnitTest name="FileContentRenamer.Tests.Services.DirectoryOrganizerTests.GetMonthName_WithValidMonth_ShouldReturnSpanishName(monthNumber: 6, expected: &quot;junio&quot;)" storage="/users/santibraida/workspace/comprobantes/filecontentrenamer.tests/bin/debug/net9.0/filecontentrenamer.tests.dll" id="8a90efb2-6fff-e39e-99bc-4c5b85d7b70e">
      <Execution id="32f34aae-580c-4ba2-8ef4-53af349d2f44" />
      <TestMethod codeBase="/Users/santibraida/Workspace/comprobantes/FileContentRenamer.Tests/bin/Debug/net9.0/FileContentRenamer.Tests.dll" adapterTypeName="executor://xunit/VsTestRunner3/netcore/" className="FileContentRenamer.Tests.Services.DirectoryOrganizerTests" name="GetMonthName_WithValidMonth_ShouldReturnSpanishName" />
    </UnitTest>
    <UnitTest name="FileContentRenamer.Tests.Services.TextProcessorTests.ExtractContentAsync_WithLargeFile_ShouldReturnFirst1000Characters" storage="/users/santibraida/workspace/comprobantes/filecontentrenamer.tests/bin/debug/net9.0/filecontentrenamer.tests.dll" id="15d0df81-8794-5fa5-b2c8-6331ce7be91e">
      <Execution id="e818f327-2b5a-4795-95e1-54b7c7531199" />
      <TestMethod codeBase="/Users/santibraida/Workspace/comprobantes/FileContentRenamer.Tests/bin/Debug/net9.0/FileContentRenamer.Tests.dll" adapterTypeName="executor://xunit/VsTestRunner3/netcore/" className="FileContentRenamer.Tests.Services.TextProcessorTests" name="ExtractContentAsync_WithLargeFile_ShouldReturnFirst1000Characters" />
    </UnitTest>
    <UnitTest name="FileContentRenamer.Tests.Services.FilenameGeneratorTests.IsAlreadyNamedFilename_WithValidFormats_ShouldReturnTrue(filename: &quot;test_2023-12-31_card&quot;)" storage="/users/santibraida/workspace/comprobantes/filecontentrenamer.tests/bin/debug/net9.0/filecontentrenamer.tests.dll" id="2c747d1f-f1c9-2115-b65f-2b6f4087b146">
      <Execution id="ca502b9d-c93a-4d5c-b3cb-f3f1407a9e03" />
      <TestMethod codeBase="/Users/santibraida/Workspace/comprobantes/FileContentRenamer.Tests/bin/Debug/net9.0/FileContentRenamer.Tests.dll" adapterTypeName="executor://xunit/VsTestRunner3/netcore/" className="FileContentRenamer.Tests.Services.FilenameGeneratorTests" name="IsAlreadyNamedFilename_WithValidFormats_ShouldReturnTrue" />
    </UnitTest>
    <UnitTest name="FileContentRenamer.Tests.Services.DirectoryOrganizerTests.IsInYearMonthStructure_WithInvalidStructure_ShouldReturnFalse(folderName: &quot;2024_not_year&quot;)" storage="/users/santibraida/workspace/comprobantes/filecontentrenamer.tests/bin/debug/net9.0/filecontentrenamer.tests.dll" id="a86e36e4-e94e-5f42-8494-d796a058bcf2">
      <Execution id="01877073-18e4-44da-aa2c-89b9a8451e53" />
      <TestMethod codeBase="/Users/santibraida/Workspace/comprobantes/FileContentRenamer.Tests/bin/Debug/net9.0/FileContentRenamer.Tests.dll" adapterTypeName="executor://xunit/VsTestRunner3/netcore/" className="FileContentRenamer.Tests.Services.DirectoryOrganizerTests" name="IsInYearMonthStructure_WithInvalidStructure_ShouldReturnFalse" />
    </UnitTest>
    <UnitTest name="FileContentRenamer.Tests.Services.DirectoryOrganizerTests.GetMonthName_WithValidMonth_ShouldReturnSpanishName(monthNumber: 3, expected: &quot;marzo&quot;)" storage="/users/santibraida/workspace/comprobantes/filecontentrenamer.tests/bin/debug/net9.0/filecontentrenamer.tests.dll" id="b88cda59-316a-d792-4d81-e490d0212c2d">
      <Execution id="35e8a28b-4b8e-48a2-8778-889941f832c9" />
      <TestMethod codeBase="/Users/santibraida/Workspace/comprobantes/FileContentRenamer.Tests/bin/Debug/net9.0/FileContentRenamer.Tests.dll" adapterTypeName="executor://xunit/VsTestRunner3/netcore/" className="FileContentRenamer.Tests.Services.DirectoryOrganizerTests" name="GetMonthName_WithValidMonth_ShouldReturnSpanishName" />
    </UnitTest>
    <UnitTest name="FileContentRenamer.Tests.Services.PdfProcessorTests.CanProcess_WithPdfExtensionDifferentCasing_ShouldReturnTrue(filename: &quot;test.pDf&quot;)" storage="/users/santibraida/workspace/comprobantes/filecontentrenamer.tests/bin/debug/net9.0/filecontentrenamer.tests.dll" id="30667a3d-da81-f223-5d62-6b3c054e0a23">
      <Execution id="8f462f00-42bf-416b-96b5-c07a1ca07045" />
      <TestMethod codeBase="/Users/santibraida/Workspace/comprobantes/FileContentRenamer.Tests/bin/Debug/net9.0/FileContentRenamer.Tests.dll" adapterTypeName="executor://xunit/VsTestRunner3/netcore/" className="FileContentRenamer.Tests.Services.PdfProcessorTests" name="CanProcess_WithPdfExtensionDifferentCasing_ShouldReturnTrue" />
    </UnitTest>
    <UnitTest name="FileContentRenamer.Tests.Services.DateExtractorTests.ExtractDateFromContent_WithEmptyContent_ShouldReturnEmptyString" storage="/users/santibraida/workspace/comprobantes/filecontentrenamer.tests/bin/debug/net9.0/filecontentrenamer.tests.dll" id="ba6808c0-f426-8a5b-0695-d6b57a217c84">
      <Execution id="ab2b83ab-ae0f-4f02-b3b7-d302bbd094f0" />
      <TestMethod codeBase="/Users/santibraida/Workspace/comprobantes/FileContentRenamer.Tests/bin/Debug/net9.0/FileContentRenamer.Tests.dll" adapterTypeName="executor://xunit/VsTestRunner3/netcore/" className="FileContentRenamer.Tests.Services.DateExtractorTests" name="ExtractDateFromContent_WithEmptyContent_ShouldReturnEmptyString" />
    </UnitTest>
    <UnitTest name="FileContentRenamer.Tests.Services.ImageProcessorTests.CanProcess_WithImageExtensions_ShouldReturnTrue(extension: &quot;.tiff&quot;)" storage="/users/santibraida/workspace/comprobantes/filecontentrenamer.tests/bin/debug/net9.0/filecontentrenamer.tests.dll" id="d928fd2c-924f-38de-6b58-5c8ead779399">
      <Execution id="33968d9a-acd9-4e0a-ad43-e65f47f225bc" />
      <TestMethod codeBase="/Users/santibraida/Workspace/comprobantes/FileContentRenamer.Tests/bin/Debug/net9.0/FileContentRenamer.Tests.dll" adapterTypeName="executor://xunit/VsTestRunner3/netcore/" className="FileContentRenamer.Tests.Services.ImageProcessorTests" name="CanProcess_WithImageExtensions_ShouldReturnTrue" />
    </UnitTest>
    <UnitTest name="FileContentRenamer.Tests.Services.DateExtractorTests.ExtractDateFromContent_WithInvalidSpanishMonth_ShouldFallbackToOtherFormats" storage="/users/santibraida/workspace/comprobantes/filecontentrenamer.tests/bin/debug/net9.0/filecontentrenamer.tests.dll" id="999b4cf4-0fb5-ec67-530a-d59638da1c9d">
      <Execution id="40e6aaee-31b5-4577-8c3e-dbb9efa23a23" />
      <TestMethod codeBase="/Users/santibraida/Workspace/comprobantes/FileContentRenamer.Tests/bin/Debug/net9.0/FileContentRenamer.Tests.dll" adapterTypeName="executor://xunit/VsTestRunner3/netcore/" className="FileContentRenamer.Tests.Services.DateExtractorTests" name="ExtractDateFromContent_WithInvalidSpanishMonth_ShouldFallbackToOtherFormats" />
    </UnitTest>
    <UnitTest name="FileContentRenamer.Tests.Services.DirectoryOrganizerTests.OrganizeFileIntoDirectoryStructure_WithDifferentYears_ShouldCreateNewYearStructure" storage="/users/santibraida/workspace/comprobantes/filecontentrenamer.tests/bin/debug/net9.0/filecontentrenamer.tests.dll" id="9a26edef-7dd2-4e60-c205-9ce214074484">
      <Execution id="d55c3e7f-302c-4653-b1d6-a4a75493fec4" />
      <TestMethod codeBase="/Users/santibraida/Workspace/comprobantes/FileContentRenamer.Tests/bin/Debug/net9.0/FileContentRenamer.Tests.dll" adapterTypeName="executor://xunit/VsTestRunner3/netcore/" className="FileContentRenamer.Tests.Services.DirectoryOrganizerTests" name="OrganizeFileIntoDirectoryStructure_WithDifferentYears_ShouldCreateNewYearStructure" />
    </UnitTest>
    <UnitTest name="FileContentRenamer.Tests.Services.TextProcessorTests.CanProcess_WithTxtExtension_ShouldReturnTrue" storage="/users/santibraida/workspace/comprobantes/filecontentrenamer.tests/bin/debug/net9.0/filecontentrenamer.tests.dll" id="10d7715a-d53b-4b8e-fcec-78d41ef67dac">
      <Execution id="8717734d-b2c6-4d34-b963-0535b2fcfa5e" />
      <TestMethod codeBase="/Users/santibraida/Workspace/comprobantes/FileContentRenamer.Tests/bin/Debug/net9.0/FileContentRenamer.Tests.dll" adapterTypeName="executor://xunit/VsTestRunner3/netcore/" className="FileContentRenamer.Tests.Services.TextProcessorTests" name="CanProcess_WithTxtExtension_ShouldReturnTrue" />
    </UnitTest>
    <UnitTest name="FileContentRenamer.Tests.Services.DateExtractorTests.ExtractDateFromContent_WithEmissionDateFormat_ShouldReturnCorrectDate" storage="/users/santibraida/workspace/comprobantes/filecontentrenamer.tests/bin/debug/net9.0/filecontentrenamer.tests.dll" id="9bedcbf1-e681-ce6a-b113-25e2deb4a524">
      <Execution id="3ca1c72a-08bc-47ef-b840-36f57320b283" />
      <TestMethod codeBase="/Users/santibraida/Workspace/comprobantes/FileContentRenamer.Tests/bin/Debug/net9.0/FileContentRenamer.Tests.dll" adapterTypeName="executor://xunit/VsTestRunner3/netcore/" className="FileContentRenamer.Tests.Services.DateExtractorTests" name="ExtractDateFromContent_WithEmissionDateFormat_ShouldReturnCorrectDate" />
    </UnitTest>
    <UnitTest name="FileContentRenamer.Tests.Models.NamingRuleTests.Matches_WithMissingKeywords_ShouldReturnFalse" storage="/users/santibraida/workspace/comprobantes/filecontentrenamer.tests/bin/debug/net9.0/filecontentrenamer.tests.dll" id="673ac6d3-d960-9ab3-69aa-92efadf19225">
      <Execution id="4bf0c63b-5a7d-4a7c-aa91-cdef95e4d5cc" />
      <TestMethod codeBase="/Users/santibraida/Workspace/comprobantes/FileContentRenamer.Tests/bin/Debug/net9.0/FileContentRenamer.Tests.dll" adapterTypeName="executor://xunit/VsTestRunner3/netcore/" className="FileContentRenamer.Tests.Models.NamingRuleTests" name="Matches_WithMissingKeywords_ShouldReturnFalse" />
    </UnitTest>
    <UnitTest name="FileContentRenamer.Tests.Services.DirectoryOrganizerTests.GetMonthName_WithValidMonth_ShouldReturnSpanishName(monthNumber: 2, expected: &quot;febrero&quot;)" storage="/users/santibraida/workspace/comprobantes/filecontentrenamer.tests/bin/debug/net9.0/filecontentrenamer.tests.dll" id="ee980d6a-c8f2-fb3c-69f5-92dd6531facb">
      <Execution id="5926e099-0cc8-4c30-912a-054594b7b7d0" />
      <TestMethod codeBase="/Users/santibraida/Workspace/comprobantes/FileContentRenamer.Tests/bin/Debug/net9.0/FileContentRenamer.Tests.dll" adapterTypeName="executor://xunit/VsTestRunner3/netcore/" className="FileContentRenamer.Tests.Services.DirectoryOrganizerTests" name="GetMonthName_WithValidMonth_ShouldReturnSpanishName" />
    </UnitTest>
  </TestDefinitions>
  <TestEntries>
    <TestEntry testId="4d791645-14ca-671e-50ed-7143a80c7959" executionId="506e01ce-440b-45bc-82c0-cd2aef1a79d3" testListId="8c84fa94-04c1-424b-9868-57a2d4851a1d" />
    <TestEntry testId="ba6808c0-f426-8a5b-0695-d6b57a217c84" executionId="ab2b83ab-ae0f-4f02-b3b7-d302bbd094f0" testListId="8c84fa94-04c1-424b-9868-57a2d4851a1d" />
    <TestEntry testId="0877987f-a018-03de-71dc-2e8ff937b395" executionId="361ecd87-33b2-4d09-b758-1918a9d027d9" testListId="8c84fa94-04c1-424b-9868-57a2d4851a1d" />
    <TestEntry testId="33f7c76c-bb78-6b08-abcd-e808bcbcf4f9" executionId="e7003d8b-865c-43f3-910e-b11b1b4e1708" testListId="8c84fa94-04c1-424b-9868-57a2d4851a1d" />
    <TestEntry testId="a0ca8000-3ed1-5654-296c-23ca811068ca" executionId="27cf3a45-c2fb-43df-aca6-5eb21e8ebccb" testListId="8c84fa94-04c1-424b-9868-57a2d4851a1d" />
    <TestEntry testId="fde0012a-20a9-aebc-bee1-b5bf65a4ee27" executionId="b256c6a5-b0fd-4962-b68b-8137d5fd2fe5" testListId="8c84fa94-04c1-424b-9868-57a2d4851a1d" />
    <TestEntry testId="cb98919d-41c2-f114-3856-49dce9ef8634" executionId="40d7be3d-0e85-47b4-a5fb-84f8d7eeb338" testListId="8c84fa94-04c1-424b-9868-57a2d4851a1d" />
    <TestEntry testId="8788403a-0d19-e088-1175-07bf39207809" executionId="656b873d-b70a-4f12-a955-6e0024bb45b8" testListId="8c84fa94-04c1-424b-9868-57a2d4851a1d" />
    <TestEntry testId="f23379d7-78c4-9613-54fe-537fd665f06d" executionId="2251e627-3b19-441c-84cc-9378baf558e1" testListId="8c84fa94-04c1-424b-9868-57a2d4851a1d" />
    <TestEntry testId="eff1fee9-aafb-67b9-c268-648d008d92e6" executionId="fb1ee76b-3ca5-45f1-a458-46eb56006e0c" testListId="8c84fa94-04c1-424b-9868-57a2d4851a1d" />
    <TestEntry testId="0228ec1a-cf44-e616-5aa7-aefd86959073" executionId="c761126c-bac6-478b-bb2e-8c1ec00e9dcb" testListId="8c84fa94-04c1-424b-9868-57a2d4851a1d" />
    <TestEntry testId="8c36f3a4-ca31-a9e9-241d-dbc70385ef49" executionId="219c366e-4455-46b1-9166-8f2e77a7a3e9" testListId="8c84fa94-04c1-424b-9868-57a2d4851a1d" />
    <TestEntry testId="f74a6a94-f390-b5f6-1cb3-44e2f343eb63" executionId="20d88eb0-ade8-4d62-95b3-9dadd23553b6" testListId="8c84fa94-04c1-424b-9868-57a2d4851a1d" />
    <TestEntry testId="b88cda59-316a-d792-4d81-e490d0212c2d" executionId="35e8a28b-4b8e-48a2-8778-889941f832c9" testListId="8c84fa94-04c1-424b-9868-57a2d4851a1d" />
    <TestEntry testId="5f70f144-9947-887e-d6e7-1aeb2f4f79bb" executionId="891617e5-96ed-4594-a018-b8c731edde39" testListId="8c84fa94-04c1-424b-9868-57a2d4851a1d" />
    <TestEntry testId="a973dd7a-7c46-af87-44cd-7bf4a36abf9b" executionId="f1226ffd-20b5-44da-ac9b-48da3a98b598" testListId="8c84fa94-04c1-424b-9868-57a2d4851a1d" />
    <TestEntry testId="e6f8099a-7c83-15b0-1a09-13322c0e5611" executionId="35a8ec72-3e02-4286-a856-c20a5eabd08a" testListId="8c84fa94-04c1-424b-9868-57a2d4851a1d" />
    <TestEntry testId="2266e366-c62d-09c9-ded7-1e7b5d0da037" executionId="b6803354-2b8a-4f4f-87e5-47e9fe94c4be" testListId="8c84fa94-04c1-424b-9868-57a2d4851a1d" />
    <TestEntry testId="a366a934-60e2-7009-7a6f-f68837f539c2" executionId="f7822cab-bcf4-482c-9520-162f3ae1b572" testListId="8c84fa94-04c1-424b-9868-57a2d4851a1d" />
    <TestEntry testId="1fee9821-3919-b84e-fa07-8bc4fb6625e5" executionId="619d162e-e61d-423c-851d-47cf655d2a46" testListId="8c84fa94-04c1-424b-9868-57a2d4851a1d" />
    <TestEntry testId="8031668c-d19b-b8db-0235-3b555a1ef3fc" executionId="0fe22a23-94b5-454d-bd97-777c5122c63f" testListId="8c84fa94-04c1-424b-9868-57a2d4851a1d" />
    <TestEntry testId="9a26edef-7dd2-4e60-c205-9ce214074484" executionId="d55c3e7f-302c-4653-b1d6-a4a75493fec4" testListId="8c84fa94-04c1-424b-9868-57a2d4851a1d" />
    <TestEntry testId="ee980d6a-c8f2-fb3c-69f5-92dd6531facb" executionId="5926e099-0cc8-4c30-912a-054594b7b7d0" testListId="8c84fa94-04c1-424b-9868-57a2d4851a1d" />
    <TestEntry testId="6d830e63-8fcb-8140-fe0b-9a127d46ab00" executionId="5ca1fc90-344c-43ea-9333-1ca3258d8e63" testListId="8c84fa94-04c1-424b-9868-57a2d4851a1d" />
    <TestEntry testId="01ca56e9-b199-3558-e144-e8e700204b19" executionId="628bdcc4-3e41-4d00-bebd-c8f930770efe" testListId="8c84fa94-04c1-424b-9868-57a2d4851a1d" />
    <TestEntry testId="8f2c1c6f-2d06-5c80-db10-fbc31b9e4155" executionId="94b991ea-129a-483b-8f18-1661747d6383" testListId="8c84fa94-04c1-424b-9868-57a2d4851a1d" />
    <TestEntry testId="4cd48cba-1ee4-9efa-c790-541706c3159b" executionId="c367d9b1-470f-4f7b-bcb5-a34713a82343" testListId="8c84fa94-04c1-424b-9868-57a2d4851a1d" />
    <TestEntry testId="df0ff2b1-bb1d-04f9-1b59-ee245aa596c1" executionId="d33a8290-35a4-4d9a-98dc-20a5d70de368" testListId="8c84fa94-04c1-424b-9868-57a2d4851a1d" />
    <TestEntry testId="80bc6a5a-eb03-5068-fdbc-47b2721cfaa4" executionId="5c6a333b-177e-4ad6-87ef-0254afa956c3" testListId="8c84fa94-04c1-424b-9868-57a2d4851a1d" />
    <TestEntry testId="c8e339c4-495d-6682-fb59-508814014af3" executionId="59344346-4b5c-45dc-b0ca-985adfc26203" testListId="8c84fa94-04c1-424b-9868-57a2d4851a1d" />
    <TestEntry testId="1ae426c8-73f8-48b1-c4fd-f2736013951b" executionId="a5cfebb9-ef7e-4d92-b955-70fc87ef58e5" testListId="8c84fa94-04c1-424b-9868-57a2d4851a1d" />
    <TestEntry testId="013af074-e0c5-bb27-30f4-779070d7fe10" executionId="aa53366a-6d0c-4f93-acbb-eaf16c7ac706" testListId="8c84fa94-04c1-424b-9868-57a2d4851a1d" />
    <TestEntry testId="77219b7a-0f6b-514e-c829-c9674c2f30c4" executionId="bec5099f-f995-4eda-a4c6-1afe94cebd21" testListId="8c84fa94-04c1-424b-9868-57a2d4851a1d" />
    <TestEntry testId="a8222741-473a-8061-b947-f4446415fedc" executionId="18edadad-cbbc-49a6-83c8-e62e91609d1b" testListId="8c84fa94-04c1-424b-9868-57a2d4851a1d" />
    <TestEntry testId="aab50796-093f-3ad1-51eb-ff5551165480" executionId="4c31f1ec-318d-4343-80ae-fecb514a1e82" testListId="8c84fa94-04c1-424b-9868-57a2d4851a1d" />
    <TestEntry testId="84a9103c-97d7-5edf-a781-47d0dfd1a75b" executionId="5705ae2b-3ff3-4bac-9a15-bed07a049a5d" testListId="8c84fa94-04c1-424b-9868-57a2d4851a1d" />
    <TestEntry testId="74c0392b-8615-24d3-2fd0-e6af46d2098a" executionId="2290c28b-c1e8-432d-84f1-a237ffc29344" testListId="8c84fa94-04c1-424b-9868-57a2d4851a1d" />
    <TestEntry testId="5d659f4c-0006-5095-6e01-261fba69eeb2" executionId="f6646537-65f4-42da-8e8e-d147c117a1cb" testListId="8c84fa94-04c1-424b-9868-57a2d4851a1d" />
    <TestEntry testId="cf2ff463-604f-4bdf-13f9-b9c49d510424" executionId="cc88f0f4-469a-4553-bb71-b58f607ba1d5" testListId="8c84fa94-04c1-424b-9868-57a2d4851a1d" />
    <TestEntry testId="0fcf9b9b-b820-ecc4-eb7d-d476c5dd956f" executionId="54935baf-3908-4652-a768-6e313a629b6d" testListId="8c84fa94-04c1-424b-9868-57a2d4851a1d" />
    <TestEntry testId="62f5d1dd-bd59-22f3-6b49-8433f76fa54e" executionId="ad121897-9b4a-4b21-ae06-f0ac393bddb6" testListId="8c84fa94-04c1-424b-9868-57a2d4851a1d" />
    <TestEntry testId="3a993a67-299c-3f87-5430-509e79a52fc2" executionId="5f37c114-4e93-4b9b-abb4-5467f4f887f5" testListId="8c84fa94-04c1-424b-9868-57a2d4851a1d" />
    <TestEntry testId="70962b03-3000-68e4-fd2c-d9ce13588e5d" executionId="d5cfc01a-5057-4be1-b531-63629d70b963" testListId="8c84fa94-04c1-424b-9868-57a2d4851a1d" />
    <TestEntry testId="0585f1ec-f642-09e1-866f-6d3653426f93" executionId="db88c181-63d5-40de-9cc9-88930ac3792d" testListId="8c84fa94-04c1-424b-9868-57a2d4851a1d" />
    <TestEntry testId="31f3b2f4-1b28-6746-2403-d25f9fbdfdf8" executionId="65168870-c0d8-4cf0-9bba-4897a76b8281" testListId="8c84fa94-04c1-424b-9868-57a2d4851a1d" />
    <TestEntry testId="97a9732c-79a7-6428-f306-649df62803fe" executionId="0412e220-4f45-45a2-bd58-40eccbca4213" testListId="8c84fa94-04c1-424b-9868-57a2d4851a1d" />
    <TestEntry testId="ab8822d9-4b35-1a54-b9de-118c2cb93e14" executionId="34298a6c-fb74-4946-b766-40dc99b59412" testListId="8c84fa94-04c1-424b-9868-57a2d4851a1d" />
    <TestEntry testId="44b78ff5-3e7b-b701-e798-52be3aafb6cb" executionId="749f1187-513a-4863-a88e-7a780407eeda" testListId="8c84fa94-04c1-424b-9868-57a2d4851a1d" />
    <TestEntry testId="ab791beb-155a-2340-25c5-938aea845fff" executionId="ef26db60-45a9-49fb-a53a-9fb640b4d56b" testListId="8c84fa94-04c1-424b-9868-57a2d4851a1d" />
    <TestEntry testId="51c5dd4c-3587-911b-8de8-02b3003da056" executionId="809579d6-18d1-496b-a640-565a34f62e2a" testListId="8c84fa94-04c1-424b-9868-57a2d4851a1d" />
    <TestEntry testId="c98d8a8b-c350-72b5-2be4-aa500796a5e0" executionId="2ff90648-eb8b-432d-805b-e995f76e30a9" testListId="8c84fa94-04c1-424b-9868-57a2d4851a1d" />
    <TestEntry testId="2df2278f-2596-2f16-dbea-2fed2d64436a" executionId="68f10406-8b43-4d4c-9a1e-859c2a86b1bd" testListId="8c84fa94-04c1-424b-9868-57a2d4851a1d" />
    <TestEntry testId="9bedcbf1-e681-ce6a-b113-25e2deb4a524" executionId="3ca1c72a-08bc-47ef-b840-36f57320b283" testListId="8c84fa94-04c1-424b-9868-57a2d4851a1d" />
    <TestEntry testId="924a2837-bdda-5ff7-8002-b76459c46087" executionId="aa554824-62dc-48a9-90a1-f2c9b9d9bd91" testListId="8c84fa94-04c1-424b-9868-57a2d4851a1d" />
    <TestEntry testId="f705c669-0318-6f5e-e8e5-1b4eaa9f9880" executionId="463141c0-d070-44ff-b793-57a012145b2d" testListId="8c84fa94-04c1-424b-9868-57a2d4851a1d" />
    <TestEntry testId="079ffdd2-77ff-69de-b8c6-9423e86a8bc9" executionId="6ed2c086-ff41-40f9-be44-567d09e11723" testListId="8c84fa94-04c1-424b-9868-57a2d4851a1d" />
    <TestEntry testId="9729a039-440f-b038-cbbc-13699377547c" executionId="778c90a4-7cab-49f5-af73-0eff54e8c660" testListId="8c84fa94-04c1-424b-9868-57a2d4851a1d" />
    <TestEntry testId="63753db1-a700-4ddb-bad0-85dcc6fc1038" executionId="6cec2b4b-998e-4147-8c4d-b356e1ed95fe" testListId="8c84fa94-04c1-424b-9868-57a2d4851a1d" />
    <TestEntry testId="99010084-55ec-2d67-80ac-70f30d045fef" executionId="14f0e3ea-292b-4f32-8fd2-56ba914f9c61" testListId="8c84fa94-04c1-424b-9868-57a2d4851a1d" />
    <TestEntry testId="2ce66dbc-f5ab-5500-4273-caffb3bf4e5f" executionId="35b0b8c3-93ee-4ca3-adac-e27f1e27c372" testListId="8c84fa94-04c1-424b-9868-57a2d4851a1d" />
    <TestEntry testId="fd75bf1b-7547-e469-5bac-5caae1974719" executionId="d91275fe-a4d9-4e6d-b2aa-0d84bb994b23" testListId="8c84fa94-04c1-424b-9868-57a2d4851a1d" />
    <TestEntry testId="ee802fc6-9af0-1284-c4b7-a8377911ec00" executionId="f1b95b10-e3bb-45d3-bb2e-80a5a855992d" testListId="8c84fa94-04c1-424b-9868-57a2d4851a1d" />
    <TestEntry testId="7e3a9744-91b7-a2b9-ebb3-73a79e07c25d" executionId="36c3e42e-bc86-4206-b5ac-d6ac5f70c458" testListId="8c84fa94-04c1-424b-9868-57a2d4851a1d" />
    <TestEntry testId="15d0df81-8794-5fa5-b2c8-6331ce7be91e" executionId="e818f327-2b5a-4795-95e1-54b7c7531199" testListId="8c84fa94-04c1-424b-9868-57a2d4851a1d" />
    <TestEntry testId="7fc03f6c-44c6-760a-ff15-5a01859458b0" executionId="13f07b92-5096-4397-8170-8c67f3184193" testListId="8c84fa94-04c1-424b-9868-57a2d4851a1d" />
    <TestEntry testId="2256e44b-d5c1-25c7-1712-2e03764de95a" executionId="39464e28-7941-44da-823c-7d9d3fc58185" testListId="8c84fa94-04c1-424b-9868-57a2d4851a1d" />
    <TestEntry testId="f0195bc9-b668-8b5d-b703-9a52aa1e98e6" executionId="9b313a6a-46d7-4a42-a55e-943efd0f1f18" testListId="8c84fa94-04c1-424b-9868-57a2d4851a1d" />
    <TestEntry testId="63740491-dbe7-68e1-03c8-149486e0c4ce" executionId="82d59430-7517-409a-a6a0-73b36a14a410" testListId="8c84fa94-04c1-424b-9868-57a2d4851a1d" />
    <TestEntry testId="3bc1972c-43c3-09f6-6b21-23df0274286b" executionId="93c1b596-a5dd-42fb-b286-090de7d769ad" testListId="8c84fa94-04c1-424b-9868-57a2d4851a1d" />
    <TestEntry testId="154b1187-a8fe-288a-dff0-88f9c1f03683" executionId="72cc3c57-9a1e-4bce-a20d-87e04c7180bb" testListId="8c84fa94-04c1-424b-9868-57a2d4851a1d" />
    <TestEntry testId="19f9e186-a4aa-4850-0176-aa961f311415" executionId="36aad227-b84b-4d38-adbc-d7f505a7433e" testListId="8c84fa94-04c1-424b-9868-57a2d4851a1d" />
    <TestEntry testId="3ecade73-7761-1f4e-e941-925f13343fbf" executionId="d73c5aac-e376-437d-b280-0bd5e105dd9e" testListId="8c84fa94-04c1-424b-9868-57a2d4851a1d" />
    <TestEntry testId="a86e36e4-e94e-5f42-8494-d796a058bcf2" executionId="01877073-18e4-44da-aa2c-89b9a8451e53" testListId="8c84fa94-04c1-424b-9868-57a2d4851a1d" />
    <TestEntry testId="67877ab3-cd79-0712-f2c5-84dba6ba53b5" executionId="1cba3df7-7624-4a63-8657-6a4f0194a95e" testListId="8c84fa94-04c1-424b-9868-57a2d4851a1d" />
    <TestEntry testId="d1416a64-bf78-25ec-aee2-d5b8b18bc3dc" executionId="ab262641-e2e5-44f9-af4f-7a4158cf283d" testListId="8c84fa94-04c1-424b-9868-57a2d4851a1d" />
    <TestEntry testId="2c747d1f-f1c9-2115-b65f-2b6f4087b146" executionId="ca502b9d-c93a-4d5c-b3cb-f3f1407a9e03" testListId="8c84fa94-04c1-424b-9868-57a2d4851a1d" />
    <TestEntry testId="d0d2c3b5-6a63-09c0-0a9b-894aa7a6f45d" executionId="69e3c19f-0bd7-44f3-96e8-1ec428a44154" testListId="8c84fa94-04c1-424b-9868-57a2d4851a1d" />
    <TestEntry testId="ef0ba115-bb03-098e-48b3-8914fb59fb7f" executionId="93ca2f27-99c9-4c7a-ae28-cac024bdaa17" testListId="8c84fa94-04c1-424b-9868-57a2d4851a1d" />
    <TestEntry testId="003f2eb1-16a9-1fca-9f6b-de2c702ff29c" executionId="a946518d-98f0-4e74-a6f8-9ed862196411" testListId="8c84fa94-04c1-424b-9868-57a2d4851a1d" />
    <TestEntry testId="ab0172d5-f8de-2bd2-5705-f61f86ff407f" executionId="ca1c8d36-4adf-4272-8ff1-ad33eace8279" testListId="8c84fa94-04c1-424b-9868-57a2d4851a1d" />
    <TestEntry testId="c065bb15-0b46-1d32-e858-5e9745c4fb6e" executionId="2fe3ac2a-5ca0-4712-875a-8e29a9091236" testListId="8c84fa94-04c1-424b-9868-57a2d4851a1d" />
    <TestEntry testId="c14045dd-f91b-3e98-d221-a8a83ca7b93f" executionId="2731b4b8-0c3b-4131-b584-f4b8a37e831b" testListId="8c84fa94-04c1-424b-9868-57a2d4851a1d" />
    <TestEntry testId="4bbcc3d2-5b9e-8537-8345-00f48a01da72" executionId="84f670a6-5768-468a-bb98-32e092afd458" testListId="8c84fa94-04c1-424b-9868-57a2d4851a1d" />
    <TestEntry testId="a4d26202-1548-77e4-c6ee-466955cdb771" executionId="cc36bcb5-ec36-421d-9bb2-073dea9b79fd" testListId="8c84fa94-04c1-424b-9868-57a2d4851a1d" />
    <TestEntry testId="653d3743-7cb8-b116-b4af-cf8e20bba6f6" executionId="2aff8101-0ac0-4c47-a5c6-9a2335a584be" testListId="8c84fa94-04c1-424b-9868-57a2d4851a1d" />
    <TestEntry testId="929aa209-e3f7-852b-9884-da4d7850f9c4" executionId="ee1efccc-3a49-42fd-a209-a51bbaaf29f8" testListId="8c84fa94-04c1-424b-9868-57a2d4851a1d" />
    <TestEntry testId="1f6f6946-e988-6d1a-ad4a-0a9338273d33" executionId="91e7edd6-a1e8-408a-a09b-1eebfd9fb838" testListId="8c84fa94-04c1-424b-9868-57a2d4851a1d" />
    <TestEntry testId="01a2041b-e2e4-e363-0b4d-3c74dc73e548" executionId="375584dc-e600-4a2b-be6d-53c215d6f415" testListId="8c84fa94-04c1-424b-9868-57a2d4851a1d" />
    <TestEntry testId="34f0a146-8932-4124-920d-b39c3eb45d5b" executionId="4349e9ff-f523-4a1b-8f89-6247a2552667" testListId="8c84fa94-04c1-424b-9868-57a2d4851a1d" />
    <TestEntry testId="ebc6b45b-0fe4-e4c2-6b7e-a061ba64a1b2" executionId="837e923d-aad6-4528-94a2-c36160d711f6" testListId="8c84fa94-04c1-424b-9868-57a2d4851a1d" />
    <TestEntry testId="5ba61b11-551a-10ce-86ec-bdc1ee67e90e" executionId="5047f31e-9690-4229-95e7-603b81ff0944" testListId="8c84fa94-04c1-424b-9868-57a2d4851a1d" />
    <TestEntry testId="673ac6d3-d960-9ab3-69aa-92efadf19225" executionId="4bf0c63b-5a7d-4a7c-aa91-cdef95e4d5cc" testListId="8c84fa94-04c1-424b-9868-57a2d4851a1d" />
    <TestEntry testId="aa7a6137-3efe-902b-7df5-672c2c4d55d3" executionId="0346d601-2098-43eb-bce6-fe191bf09596" testListId="8c84fa94-04c1-424b-9868-57a2d4851a1d" />
    <TestEntry testId="6c106499-e2c3-a0a7-eafe-eacf56794202" executionId="020d0864-9941-4191-952b-e0b156c9e892" testListId="8c84fa94-04c1-424b-9868-57a2d4851a1d" />
    <TestEntry testId="aab26939-6c58-dafe-eca6-6d66c1372e38" executionId="f855ab42-f54b-4492-86af-6e7ee61fe7a7" testListId="8c84fa94-04c1-424b-9868-57a2d4851a1d" />
    <TestEntry testId="730c03ae-3d59-370f-6166-c801ea6b544e" executionId="63481f91-0dbb-443e-8d95-adb5d4c03dc3" testListId="8c84fa94-04c1-424b-9868-57a2d4851a1d" />
    <TestEntry testId="019703dd-2e5c-665b-f543-025b13ca7b6d" executionId="07ee143f-15d5-4d24-aac6-225d9e773ad1" testListId="8c84fa94-04c1-424b-9868-57a2d4851a1d" />
    <TestEntry testId="b0162767-b0d5-ac8c-e6c1-f87ef88a8da6" executionId="d5c2a622-d1b7-440a-934e-cc9f655642e3" testListId="8c84fa94-04c1-424b-9868-57a2d4851a1d" />
    <TestEntry testId="f8b329c4-164a-78d1-46cd-26aea567ce35" executionId="42af4fc4-65e9-47d7-99b9-0a6a1a049090" testListId="8c84fa94-04c1-424b-9868-57a2d4851a1d" />
    <TestEntry testId="032ef3ac-363e-da8d-efab-865406d6fd71" executionId="f018a0c6-a632-412a-a290-f88b15ff0793" testListId="8c84fa94-04c1-424b-9868-57a2d4851a1d" />
    <TestEntry testId="c1072614-89d7-ecfa-6ece-76abc08d540d" executionId="27e89264-7716-46ea-a74d-7b13e55caa33" testListId="8c84fa94-04c1-424b-9868-57a2d4851a1d" />
    <TestEntry testId="66363822-7849-72a3-af25-779ac72e5857" executionId="6df50e55-919c-4961-a5c8-2647089fbdcf" testListId="8c84fa94-04c1-424b-9868-57a2d4851a1d" />
    <TestEntry testId="3ef96430-2ab3-5a48-be56-e156f8c42b82" executionId="c94c9fc8-78d7-4317-9755-691763e5c16b" testListId="8c84fa94-04c1-424b-9868-57a2d4851a1d" />
    <TestEntry testId="b99c1952-4b8a-6e7b-be83-1febd897689d" executionId="be54f14c-04ed-4aca-9e2a-a2728315f3ed" testListId="8c84fa94-04c1-424b-9868-57a2d4851a1d" />
    <TestEntry testId="8294d7f7-2da1-4ee0-8cd3-c37ff5907cd4" executionId="9ff183c9-1f25-4a7e-b576-99e3b3a7b045" testListId="8c84fa94-04c1-424b-9868-57a2d4851a1d" />
    <TestEntry testId="b8e09496-6d7b-6d6d-0f84-90360e0cb28c" executionId="02510401-c59b-48de-928f-7d50975a68a8" testListId="8c84fa94-04c1-424b-9868-57a2d4851a1d" />
    <TestEntry testId="1a12a91e-b03d-45d3-fd2d-061c9630072a" executionId="17c7c8f1-3c6d-43d1-b3b7-468dd2cc4416" testListId="8c84fa94-04c1-424b-9868-57a2d4851a1d" />
    <TestEntry testId="8ff3c0db-187d-d0d0-7eb2-736414974987" executionId="41200445-f7ad-4ee6-b165-51642d76fb2c" testListId="8c84fa94-04c1-424b-9868-57a2d4851a1d" />
    <TestEntry testId="3a8b252e-af29-2782-c8cf-4c2dc2637787" executionId="e450f633-d408-458a-ad69-2164cdc56db7" testListId="8c84fa94-04c1-424b-9868-57a2d4851a1d" />
    <TestEntry testId="6cb1a840-6047-af3c-c464-8f4bf5b097d2" executionId="3230efb5-9f75-4c24-b18e-cf60914aedfe" testListId="8c84fa94-04c1-424b-9868-57a2d4851a1d" />
    <TestEntry testId="fa21426d-34f2-265b-fd21-637426cd5f3c" executionId="3cb0fc6e-d037-4de3-9883-0a2132fe4d5a" testListId="8c84fa94-04c1-424b-9868-57a2d4851a1d" />
    <TestEntry testId="be38a0d7-e0e2-fccd-c5e6-b3a3fded648e" executionId="736fa88f-eb5c-4799-ba4f-82f70b7246bb" testListId="8c84fa94-04c1-424b-9868-57a2d4851a1d" />
    <TestEntry testId="52b61247-c43f-6660-c9e8-5fe03f0a7cdc" executionId="7c7006a6-c8bf-4ef2-98cd-22479cb98cb5" testListId="8c84fa94-04c1-424b-9868-57a2d4851a1d" />
    <TestEntry testId="0316afba-cad9-583a-5a60-4cda40610283" executionId="7833c7a9-9f7f-461f-b8de-451f4926e858" testListId="8c84fa94-04c1-424b-9868-57a2d4851a1d" />
    <TestEntry testId="00d05e1f-7d72-418e-9c9e-a769436ab485" executionId="8fe381aa-9a05-47b3-9c53-6f1dd3a4a121" testListId="8c84fa94-04c1-424b-9868-57a2d4851a1d" />
    <TestEntry testId="30177b80-4255-9855-fa20-76724e89c280" executionId="ec65eb6d-b90d-43bc-b7ff-625a7030a3d6" testListId="8c84fa94-04c1-424b-9868-57a2d4851a1d" />
    <TestEntry testId="8b50f6a7-4d32-7ee6-c298-95c6826dd2dd" executionId="0f3a9e87-2661-4222-b584-7c5e47c0f558" testListId="8c84fa94-04c1-424b-9868-57a2d4851a1d" />
    <TestEntry testId="d0aa19eb-08b4-b4f4-8874-599c8e5e451d" executionId="2b0c73ef-74ca-47ba-826e-98e9ba5548e5" testListId="8c84fa94-04c1-424b-9868-57a2d4851a1d" />
    <TestEntry testId="5350316f-15de-b350-a21b-48de21601546" executionId="d76f2935-8990-45af-b57b-bb42af9ce025" testListId="8c84fa94-04c1-424b-9868-57a2d4851a1d" />
    <TestEntry testId="f4d3ad23-32ef-7284-391b-46eb33d6f78f" executionId="20546b96-42ed-4b52-b001-1d8576150b30" testListId="8c84fa94-04c1-424b-9868-57a2d4851a1d" />
    <TestEntry testId="3890aa01-b165-5f49-b90e-3db1a4c16e7b" executionId="bc8b7ded-48d6-465b-872f-55706c779c7f" testListId="8c84fa94-04c1-424b-9868-57a2d4851a1d" />
    <TestEntry testId="fe7b897c-fd2e-f8e6-f880-7f5c0aaede02" executionId="78765042-e641-4fec-95ed-c977616b32bf" testListId="8c84fa94-04c1-424b-9868-57a2d4851a1d" />
    <TestEntry testId="89411942-d38a-5bb6-81ec-67e7fdba9fc2" executionId="fd24fc8d-cbd9-4307-b337-b87cb6491e82" testListId="8c84fa94-04c1-424b-9868-57a2d4851a1d" />
    <TestEntry testId="735ac008-1cbd-a429-fd29-015f19236116" executionId="511478eb-5e4f-42f2-b81b-e76c9625fd34" testListId="8c84fa94-04c1-424b-9868-57a2d4851a1d" />
    <TestEntry testId="c781d212-7be9-917b-2eb4-49e5e562dd6d" executionId="859ef7e6-92af-4ec6-8495-ef7ca33ab364" testListId="8c84fa94-04c1-424b-9868-57a2d4851a1d" />
    <TestEntry testId="824839a8-20c1-e236-c120-b27a5f944d83" executionId="2a35ce43-5a4c-474d-81e9-dccbbbfa1e64" testListId="8c84fa94-04c1-424b-9868-57a2d4851a1d" />
    <TestEntry testId="7135bf06-d0f7-d1fd-424d-aa321ae4fc62" executionId="d78e89a3-7599-4d73-b1a6-e2c928b714b5" testListId="8c84fa94-04c1-424b-9868-57a2d4851a1d" />
    <TestEntry testId="870a83a2-7b8c-0f07-3329-8f1aeb05a753" executionId="19995ca4-dbaf-48f3-9887-74c49bc18de1" testListId="8c84fa94-04c1-424b-9868-57a2d4851a1d" />
    <TestEntry testId="10d7715a-d53b-4b8e-fcec-78d41ef67dac" executionId="8717734d-b2c6-4d34-b963-0535b2fcfa5e" testListId="8c84fa94-04c1-424b-9868-57a2d4851a1d" />
    <TestEntry testId="e47068f5-ce83-2091-31a6-2a3fb625188b" executionId="40a3bae4-264a-4a88-a8fd-c5c98e4c90d8" testListId="8c84fa94-04c1-424b-9868-57a2d4851a1d" />
    <TestEntry testId="f7704aaa-e660-9ea3-e9fc-e4f0ba02380e" executionId="4a9a5a22-1457-4a02-9cb5-29f257265ec7" testListId="8c84fa94-04c1-424b-9868-57a2d4851a1d" />
    <TestEntry testId="cd9462e7-2aeb-f1cd-df73-927f31a7638d" executionId="458e476d-6c9c-4785-a764-fea39dab455b" testListId="8c84fa94-04c1-424b-9868-57a2d4851a1d" />
    <TestEntry testId="d4537562-1c96-4e07-3939-b2da6a34e9fc" executionId="30641eea-673e-499e-a6b2-3c888b8eca9a" testListId="8c84fa94-04c1-424b-9868-57a2d4851a1d" />
    <TestEntry testId="6d7a483b-6c01-6e31-c6bf-ec0c2f6ad577" executionId="e15747cb-c6c3-4f40-8bc3-c4711b5765c8" testListId="8c84fa94-04c1-424b-9868-57a2d4851a1d" />
    <TestEntry testId="eda4a5c5-8fa3-8699-5242-449863672e55" executionId="06f73725-7389-47f4-ad94-56689e497803" testListId="8c84fa94-04c1-424b-9868-57a2d4851a1d" />
    <TestEntry testId="9ceef6d7-c6e7-377c-fe84-df2fd32fca20" executionId="beefdfe6-9554-4aa3-8fbe-a0dd6a008d73" testListId="8c84fa94-04c1-424b-9868-57a2d4851a1d" />
    <TestEntry testId="f567e5a6-a665-67c2-8449-b66348dc3570" executionId="22ca7d8a-404a-4ec2-8e6e-46ab760a7da5" testListId="8c84fa94-04c1-424b-9868-57a2d4851a1d" />
    <TestEntry testId="1d19ec21-e870-5f10-f860-7ea25dd398b9" executionId="5b4b35ae-8594-443f-a01d-aa009056b306" testListId="8c84fa94-04c1-424b-9868-57a2d4851a1d" />
    <TestEntry testId="a78a0985-6ddf-5e1e-7544-6efb88194c31" executionId="8c93b2be-ce7d-498a-a3bb-91ca8b21e341" testListId="8c84fa94-04c1-424b-9868-57a2d4851a1d" />
    <TestEntry testId="8f9706bb-c4e8-83d9-78e0-248eda84983c" executionId="70b308ed-223a-4712-8ac9-01cf33a94480" testListId="8c84fa94-04c1-424b-9868-57a2d4851a1d" />
    <TestEntry testId="62c33e58-2f83-26ac-2ae0-9b8229cc93ab" executionId="954683a6-869b-4d26-9165-5aabd6dcaddf" testListId="8c84fa94-04c1-424b-9868-57a2d4851a1d" />
    <TestEntry testId="999b4cf4-0fb5-ec67-530a-d59638da1c9d" executionId="40e6aaee-31b5-4577-8c3e-dbb9efa23a23" testListId="8c84fa94-04c1-424b-9868-57a2d4851a1d" />
    <TestEntry testId="19ed11aa-a710-6873-89bb-77d5892f3032" executionId="6327a629-e27c-451e-9940-dae7865868c9" testListId="8c84fa94-04c1-424b-9868-57a2d4851a1d" />
    <TestEntry testId="2fcf9509-91d2-8211-d6e4-a72c7870e72f" executionId="1e08c532-7b93-4f73-8de3-b1c661198d5e" testListId="8c84fa94-04c1-424b-9868-57a2d4851a1d" />
    <TestEntry testId="50fa8f71-8d78-c5b2-6484-06fffd5546d4" executionId="d3e9507b-6769-4d0a-973b-0930cf56dbc0" testListId="8c84fa94-04c1-424b-9868-57a2d4851a1d" />
    <TestEntry testId="d928fd2c-924f-38de-6b58-5c8ead779399" executionId="33968d9a-acd9-4e0a-ad43-e65f47f225bc" testListId="8c84fa94-04c1-424b-9868-57a2d4851a1d" />
    <TestEntry testId="5782f6c4-4818-df21-281e-6b620d8a99e2" executionId="2b50e559-976f-46f8-8e0b-8243e9d2e4e8" testListId="8c84fa94-04c1-424b-9868-57a2d4851a1d" />
    <TestEntry testId="8a90efb2-6fff-e39e-99bc-4c5b85d7b70e" executionId="32f34aae-580c-4ba2-8ef4-53af349d2f44" testListId="8c84fa94-04c1-424b-9868-57a2d4851a1d" />
    <TestEntry testId="57d1cda9-e9e5-f000-1823-6cc75a3cb199" executionId="45fbb30e-df84-4769-bf34-6e77005bd9e1" testListId="8c84fa94-04c1-424b-9868-57a2d4851a1d" />
    <TestEntry testId="923e4fe8-a8e9-3d7b-512d-479873b8f571" executionId="836d7fe7-046b-4ade-b6b2-cf8aa0e7e186" testListId="8c84fa94-04c1-424b-9868-57a2d4851a1d" />
    <TestEntry testId="18d4c37f-1583-f497-ec0c-ad5f807ccb48" executionId="7d56d9b6-caed-44d1-ae72-fd539c4c4ee3" testListId="8c84fa94-04c1-424b-9868-57a2d4851a1d" />
    <TestEntry testId="6d7beee1-1275-7fbd-2196-741c8c2b81ed" executionId="4c91eeca-8cca-422d-ae45-5e488cd8fe87" testListId="8c84fa94-04c1-424b-9868-57a2d4851a1d" />
    <TestEntry testId="26656131-c125-7680-eabe-b2347d65af76" executionId="67f52b01-da60-4e5b-aca9-759dc6ef1f16" testListId="8c84fa94-04c1-424b-9868-57a2d4851a1d" />
    <TestEntry testId="4bf9f205-774f-fb42-8d24-b7d8013c94d1" executionId="875edf0f-7ee0-4f0c-9812-fc3176ddb957" testListId="8c84fa94-04c1-424b-9868-57a2d4851a1d" />
    <TestEntry testId="b9d72b25-82ca-6ec3-5870-6ffcc88918e2" executionId="ce26f8ba-303a-496d-b6fa-01a99659e887" testListId="8c84fa94-04c1-424b-9868-57a2d4851a1d" />
    <TestEntry testId="d406e03e-ed03-b142-d7d1-88f454f977cb" executionId="2b68c21f-e4e8-4c7a-869c-4af695169665" testListId="8c84fa94-04c1-424b-9868-57a2d4851a1d" />
    <TestEntry testId="d6d3d886-1a00-8e52-5627-e1236e6e1c62" executionId="bef67189-8a87-46b1-88c3-e58c99421d90" testListId="8c84fa94-04c1-424b-9868-57a2d4851a1d" />
    <TestEntry testId="2096051f-0719-d6b7-7ba6-a9c6fbdaed26" executionId="4c6a87e8-62aa-405f-908c-946f0d723b76" testListId="8c84fa94-04c1-424b-9868-57a2d4851a1d" />
    <TestEntry testId="0879aeff-9eea-f072-4fd3-f308a5ff4abd" executionId="193de021-8e75-440c-b0f5-bd99cc95606e" testListId="8c84fa94-04c1-424b-9868-57a2d4851a1d" />
    <TestEntry testId="0a12e19f-d2b3-86f6-32f5-92fdfa996e6b" executionId="17aa12bb-6094-445a-98ad-c6673e662851" testListId="8c84fa94-04c1-424b-9868-57a2d4851a1d" />
    <TestEntry testId="795f8691-da02-dc90-c006-df2b05e484b8" executionId="42f18925-f09e-4f39-9f4a-76411ca39766" testListId="8c84fa94-04c1-424b-9868-57a2d4851a1d" />
    <TestEntry testId="ea32b4ee-de29-bcf5-9e6a-b7b5b963e16b" executionId="c81603cc-c1d8-40bb-a5df-2bba804407eb" testListId="8c84fa94-04c1-424b-9868-57a2d4851a1d" />
    <TestEntry testId="5126ad9e-208d-14c5-d223-4d3af568be87" executionId="4f676cc8-20b4-4022-a482-847359128700" testListId="8c84fa94-04c1-424b-9868-57a2d4851a1d" />
    <TestEntry testId="7511a43c-a4b1-13d6-6238-776526db53ad" executionId="2152dffe-3e4c-45ee-8939-adfaa4ebd1e3" testListId="8c84fa94-04c1-424b-9868-57a2d4851a1d" />
    <TestEntry testId="2044c162-1147-8fb8-adb8-ab6044bfdf21" executionId="adcb1535-d0ff-42b0-959b-f5f5a4ce88d2" testListId="8c84fa94-04c1-424b-9868-57a2d4851a1d" />
    <TestEntry testId="2ff40e02-cd90-e19e-c947-03dc2242a050" executionId="eb4776a6-55d9-4f73-ae32-9443b97bac76" testListId="8c84fa94-04c1-424b-9868-57a2d4851a1d" />
    <TestEntry testId="43108df8-7f9e-e70a-a456-a12f9dd6bbcf" executionId="abc69617-f9e5-425a-ac63-6b9cef662f35" testListId="8c84fa94-04c1-424b-9868-57a2d4851a1d" />
    <TestEntry testId="72cdf8b5-0c4a-e649-1b33-3003eb144b1a" executionId="b1f5531f-16fc-4ac1-b941-c0d431925ea6" testListId="8c84fa94-04c1-424b-9868-57a2d4851a1d" />
    <TestEntry testId="ae46ec5c-7f7f-c8d8-b22b-c6a93692a055" executionId="cac41c37-3a4f-4e82-8c3f-7f460431daed" testListId="8c84fa94-04c1-424b-9868-57a2d4851a1d" />
    <TestEntry testId="c5db792d-e049-7e4c-45a4-ac95e98dbc54" executionId="63731f01-17b2-4a49-aac0-4c1c46d56447" testListId="8c84fa94-04c1-424b-9868-57a2d4851a1d" />
    <TestEntry testId="5be72c0f-bb2d-feba-e528-7ed830f5c677" executionId="61b30e02-bc49-43b4-be2b-dc7190243a30" testListId="8c84fa94-04c1-424b-9868-57a2d4851a1d" />
    <TestEntry testId="411f59f3-34f9-62ac-9b26-0c3528e0b2f7" executionId="befe54a9-4ca6-439e-b18b-842501ea7f6d" testListId="8c84fa94-04c1-424b-9868-57a2d4851a1d" />
    <TestEntry testId="66a19620-a3b0-afbc-935a-264e635ffa8f" executionId="f6744c72-c887-4f29-a47f-38719aeb0d0d" testListId="8c84fa94-04c1-424b-9868-57a2d4851a1d" />
    <TestEntry testId="4a85101f-96ab-da99-c27c-46820deea64a" executionId="0a5b0439-6780-44e8-bdc5-67bdada3622e" testListId="8c84fa94-04c1-424b-9868-57a2d4851a1d" />
    <TestEntry testId="7eff9737-dcfc-63b6-3d57-04bd941b7068" executionId="72697eea-663e-488e-b5d5-2affe57d9003" testListId="8c84fa94-04c1-424b-9868-57a2d4851a1d" />
    <TestEntry testId="ae4c83e6-0f4d-65f8-22c1-23c6464f33a2" executionId="8a36d3d7-c3a9-4130-87e8-402deb9d15f1" testListId="8c84fa94-04c1-424b-9868-57a2d4851a1d" />
    <TestEntry testId="d60b51ff-35d6-643f-09d4-bd5f7bbab23c" executionId="1bb5a985-c08b-43b6-9164-814bb6bbf8c1" testListId="8c84fa94-04c1-424b-9868-57a2d4851a1d" />
    <TestEntry testId="ec24e8ad-adc6-d41a-59ac-e98e8c3163a5" executionId="e45d0ac8-2068-4145-ae79-6cf86c055b17" testListId="8c84fa94-04c1-424b-9868-57a2d4851a1d" />
    <TestEntry testId="9f3779e0-204e-fe43-610e-1a907c82fa52" executionId="0d32941c-f396-493a-b1e5-18383e7b4982" testListId="8c84fa94-04c1-424b-9868-57a2d4851a1d" />
    <TestEntry testId="b0606947-aad7-eee5-1152-2a1ec56d9255" executionId="3c654fe7-59f6-4c66-9a71-d42396c3be16" testListId="8c84fa94-04c1-424b-9868-57a2d4851a1d" />
    <TestEntry testId="b3c39b3e-760b-5274-9a96-a8ea10710638" executionId="57390344-ab9b-4f22-8d02-b5149815ae06" testListId="8c84fa94-04c1-424b-9868-57a2d4851a1d" />
    <TestEntry testId="a74078ad-01de-0282-292f-78f3a891fdb1" executionId="aedcaedb-1b96-4485-9add-783ac2fa6f4c" testListId="8c84fa94-04c1-424b-9868-57a2d4851a1d" />
    <TestEntry testId="0d10a7ac-0e5b-dd5d-82c4-53603840d067" executionId="f97bb22d-396b-4bfd-b63b-78ab91f43b2a" testListId="8c84fa94-04c1-424b-9868-57a2d4851a1d" />
    <TestEntry testId="55667650-7485-4ca3-fd19-23d2a7a126c7" executionId="a4264657-531b-4018-99d7-12c89b435e76" testListId="8c84fa94-04c1-424b-9868-57a2d4851a1d" />
    <TestEntry testId="30667a3d-da81-f223-5d62-6b3c054e0a23" executionId="8f462f00-42bf-416b-96b5-c07a1ca07045" testListId="8c84fa94-04c1-424b-9868-57a2d4851a1d" />
    <TestEntry testId="5203fca7-8d46-0785-3587-4e70c16ca73b" executionId="ecd31120-a354-43aa-a681-4e67067bd744" testListId="8c84fa94-04c1-424b-9868-57a2d4851a1d" />
    <TestEntry testId="b72ed067-d3bd-e26d-3bed-f7f45c913059" executionId="f0442cde-80ec-490a-9eaa-2c4ab84137dd" testListId="8c84fa94-04c1-424b-9868-57a2d4851a1d" />
    <TestEntry testId="7b37b2f2-6969-770c-b013-e18381e7bb74" executionId="585547ce-6637-4888-9aa4-2567a01beb73" testListId="8c84fa94-04c1-424b-9868-57a2d4851a1d" />
    <TestEntry testId="af647e92-1ce2-064d-3a84-3476cb46d127" executionId="cdba5190-3fa3-490e-bab4-ed5b964f5dcf" testListId="8c84fa94-04c1-424b-9868-57a2d4851a1d" />
    <TestEntry testId="04613884-8eea-2162-7b68-af1197b3a19b" executionId="6f00bbcd-1968-4a2e-aa76-49a1e5406900" testListId="8c84fa94-04c1-424b-9868-57a2d4851a1d" />
    <TestEntry testId="75b52445-788c-0c2d-ad1d-9437d196417b" executionId="68d58cf7-4af6-4b6c-9738-d43c8924f056" testListId="8c84fa94-04c1-424b-9868-57a2d4851a1d" />
    <TestEntry testId="6f2af002-27a0-bce9-8dd8-c05215b58bbb" executionId="8fbb112c-99e0-461f-bee8-5e1bf0eff8cd" testListId="8c84fa94-04c1-424b-9868-57a2d4851a1d" />
    <TestEntry testId="6547cbe5-cb2c-b29f-9137-0cf0b96d8b18" executionId="234f96c8-e697-48c7-805d-15f5dcd3e99e" testListId="8c84fa94-04c1-424b-9868-57a2d4851a1d" />
    <TestEntry testId="f0b07320-4d8e-00cc-a232-a17246b4be02" executionId="83ddd3c0-cbb4-4e55-a619-973e94a4ca62" testListId="8c84fa94-04c1-424b-9868-57a2d4851a1d" />
    <TestEntry testId="1f3ff8e1-e91a-ea79-b96f-cb3e726fda8c" executionId="2586a2a2-8b49-4761-a517-17ecb065b54d" testListId="8c84fa94-04c1-424b-9868-57a2d4851a1d" />
    <TestEntry testId="95464817-3328-92d5-e9f2-a7a51a663358" executionId="8ddc971b-3949-4d07-8d67-857776637cc1" testListId="8c84fa94-04c1-424b-9868-57a2d4851a1d" />
  </TestEntries>
  <TestLists>
    <TestList name="Results Not in a List" id="8c84fa94-04c1-424b-9868-57a2d4851a1d" />
    <TestList name="All Loaded Results" id="19431567-8539-422a-85d7-44ee4e166bda" />
  </TestLists>
  <ResultSummary outcome="Failed">
    <Counters total="196" executed="196" passed="176" failed="20" error="0" timeout="0" aborted="0" inconclusive="0" passedButRunAborted="0" notRunnable="0" notExecuted="0" disconnected="0" warning="0" completed="0" inProgress="0" pending="0" />
    <Output>
      <StdOut>[xUnit.net 00:00:00.00] xUnit.net VSTest Adapter v3.0.0+e341b939fe (64-bit .NET 9.0.5)
[xUnit.net 00:00:00.04]   Discovering: FileContentRenamer.Tests
[xUnit.net 00:00:00.07]   Discovered:  FileContentRenamer.Tests
[xUnit.net 00:00:00.10]   Starting:    FileContentRenamer.Tests
[xUnit.net 00:00:00.30]       System.ArgumentNullException : Value cannot be null. (Parameter 'input')
[xUnit.net 00:00:00.30]       Stack Trace:
[xUnit.net 00:00:00.30]            at System.Text.RegularExpressions.ThrowHelper.ThrowArgumentNullException(ExceptionArgument arg)
[xUnit.net 00:00:00.30]            at System.Text.RegularExpressions.Regex.Match(String input)
[xUnit.net 00:00:00.30]         /Users/santibraida/Workspace/comprobantes/FileContentRenamer/Services/DateExtractor.cs(103,0): at FileContentRenamer.Services.DateExtractor.ExtractDateFromFilename(String filename)
[xUnit.net 00:00:00.30]         /Users/santibraida/Workspace/comprobantes/FileContentRenamer.Tests/Services/DateExtractorTests.cs(183,0): at FileContentRenamer.Tests.Services.DateExtractorTests.ExtractDateFromFilename_WithNullFilename_ShouldReturnEmptyString()
[xUnit.net 00:00:00.30]            at System.RuntimeMethodHandle.InvokeMethod(Object target, Void** arguments, Signature sig, Boolean isConstructor)
[xUnit.net 00:00:00.30]            at System.Reflection.MethodBaseInvoker.InvokeWithNoArgs(Object obj, BindingFlags invokeAttr)
[xUnit.net 00:00:00.40]       Expected result to be "/var/folders/x1/bt0l1hlj3xxfgmlll69gmfr40000gn/T/0f2c06cc-4d74-4242-9449-2871eae85a26/2024/03_marzo/test.pdf" with a length of 108, but "/var/folders/x1/bt0l1hlj3xxfgmlll69gmfr40000gn/T/2024/03_marzo/test_2.pdf" has a length of 73, differs near "202" (index 49).
[xUnit.net 00:00:00.40]       Stack Trace:
[xUnit.net 00:00:00.40]            at FluentAssertions.Execution.XUnit2TestFramework.Throw(String message)
[xUnit.net 00:00:00.40]            at FluentAssertions.Execution.TestFrameworkProvider.Throw(String message)
[xUnit.net 00:00:00.40]            at FluentAssertions.Execution.DefaultAssertionStrategy.HandleFailure(String message)
[xUnit.net 00:00:00.40]            at FluentAssertions.Execution.AssertionScope.FailWith(Func`1 failReasonFunc)
[xUnit.net 00:00:00.40]            at FluentAssertions.Execution.AssertionScope.FailWith(Func`1 failReasonFunc)
[xUnit.net 00:00:00.40]            at FluentAssertions.Primitives.StringEqualityValidator.ValidateAgainstLengthDifferences()
[xUnit.net 00:00:00.40]            at FluentAssertions.Primitives.StringValidator.Validate()
[xUnit.net 00:00:00.40]            at FluentAssertions.Primitives.StringAssertions`1.Be(String expected, String because, Object[] becauseArgs)
[xUnit.net 00:00:00.40]         /Users/santibraida/Workspace/comprobantes/FileContentRenamer.Tests/Services/DirectoryOrganizerTests.cs(222,0): at FileContentRenamer.Tests.Services.DirectoryOrganizerTests.OrganizeFileIntoDirectoryStructure_AlreadyInYearFolder_ShouldMoveToMonthFolder()
[xUnit.net 00:00:00.40]            at System.RuntimeMethodHandle.InvokeMethod(Object target, Void** arguments, Signature sig, Boolean isConstructor)
[xUnit.net 00:00:00.40]            at System.Reflection.MethodBaseInvoker.InvokeWithNoArgs(Object obj, BindingFlags invokeAttr)
[xUnit.net 00:00:00.40]       Expected result to be "cleaned_file_2024-03-15_card.pdf" with a length of 32, but "test_2024-03-15_card.pdf" has a length of 24, differs near "tes" (index 0).
[xUnit.net 00:00:00.40]       Stack Trace:
[xUnit.net 00:00:00.40]            at FluentAssertions.Execution.XUnit2TestFramework.Throw(String message)
[xUnit.net 00:00:00.40]            at FluentAssertions.Execution.TestFrameworkProvider.Throw(String message)
[xUnit.net 00:00:00.40]            at FluentAssertions.Execution.DefaultAssertionStrategy.HandleFailure(String message)
[xUnit.net 00:00:00.40]            at FluentAssertions.Execution.AssertionScope.FailWith(Func`1 failReasonFunc)
[xUnit.net 00:00:00.40]            at FluentAssertions.Execution.AssertionScope.FailWith(Func`1 failReasonFunc)
[xUnit.net 00:00:00.40]            at FluentAssertions.Primitives.StringEqualityValidator.ValidateAgainstLengthDifferences()
[xUnit.net 00:00:00.40]            at FluentAssertions.Primitives.StringValidator.Validate()
[xUnit.net 00:00:00.40]            at FluentAssertions.Primitives.StringAssertions`1.Be(String expected, String because, Object[] becauseArgs)
[xUnit.net 00:00:00.40]         /Users/santibraida/Workspace/comprobantes/FileContentRenamer.Tests/Services/FilenameGeneratorTests.cs(232,0): at FileContentRenamer.Tests.Services.FilenameGeneratorTests.CleanupFileName_WithVariousInputs_ShouldReturnCleanedName(String input, String expected)
[xUnit.net 00:00:00.40]            at System.RuntimeMethodHandle.InvokeMethod(Object target, Void** arguments, Signature sig, Boolean isConstructor)
[xUnit.net 00:00:00.40]            at System.Reflection.MethodBaseInvoker.InvokeDirectByRefWithFewArgs(Object obj, Span`1 copyOfArgs, BindingFlags invokeAttr)
[xUnit.net 00:00:00.40]       Expected result to be "test_service_2024-03-15_card", but "test_service_2024-01-15_card" differs near "1-1" (index 19).
[xUnit.net 00:00:00.40]       Stack Trace:
[xUnit.net 00:00:00.40]            at FluentAssertions.Execution.XUnit2TestFramework.Throw(String message)
[xUnit.net 00:00:00.40]            at FluentAssertions.Execution.TestFrameworkProvider.Throw(String message)
[xUnit.net 00:00:00.41]            at FluentAssertions.Execution.DefaultAssertionStrategy.HandleFailure(String message)
[xUnit.net 00:00:00.41]            at FluentAssertions.Execution.AssertionScope.FailWith(Func`1 failReasonFunc)
[xUnit.net 00:00:00.41]            at FluentAssertions.Execution.AssertionScope.FailWith(Func`1 failReasonFunc)
[xUnit.net 00:00:00.41]            at FluentAssertions.Execution.AssertionScope.FailWith(String message, Object[] args)
[xUnit.net 00:00:00.41]            at FluentAssertions.Primitives.StringEqualityValidator.ValidateAgainstMismatch()
[xUnit.net 00:00:00.41]            at FluentAssertions.Primitives.StringValidator.Validate()
[xUnit.net 00:00:00.41]            at FluentAssertions.Primitives.StringAssertions`1.Be(String expected, String because, Object[] becauseArgs)
[xUnit.net 00:00:00.41]         /Users/santibraida/Workspace/comprobantes/FileContentRenamer.Tests/Models/NamingRuleTests.cs(408,0): at FileContentRenamer.Tests.Models.NamingRulesTests.GenerateFilename_WithMinimalGenericContent_ShouldUseOriginalDate()
[xUnit.net 00:00:00.41]            at System.RuntimeMethodHandle.InvokeMethod(Object target, Void** arguments, Signature sig, Boolean isConstructor)
[xUnit.net 00:00:00.41]            at System.Reflection.MethodBaseInvoker.InvokeWithNoArgs(Object obj, BindingFlags invokeAttr)
[xUnit.net 00:00:00.43]       Expected result to be "file_name_2024-03-15_card.pdf" with a length of 29, but "test_2024-03-15_card.pdf" has a length of 24, differs near "tes" (index 0).
[xUnit.net 00:00:00.43]       Stack Trace:
[xUnit.net 00:00:00.43]            at FluentAssertions.Execution.XUnit2TestFramework.Throw(String message)
[xUnit.net 00:00:00.43]            at FluentAssertions.Execution.TestFrameworkProvider.Throw(String message)
[xUnit.net 00:00:00.43]            at FluentAssertions.Execution.DefaultAssertionStrategy.HandleFailure(String message)
[xUnit.net 00:00:00.43]            at FluentAssertions.Execution.AssertionScope.FailWith(Func`1 failReasonFunc)
[xUnit.net 00:00:00.43]            at FluentAssertions.Execution.AssertionScope.FailWith(Func`1 failReasonFunc)
[xUnit.net 00:00:00.43]            at FluentAssertions.Primitives.StringEqualityValidator.ValidateAgainstLengthDifferences()
[xUnit.net 00:00:00.43]            at FluentAssertions.Primitives.StringValidator.Validate()
[xUnit.net 00:00:00.43]            at FluentAssertions.Primitives.StringAssertions`1.Be(String expected, String because, Object[] becauseArgs)
[xUnit.net 00:00:00.43]         /Users/santibraida/Workspace/comprobantes/FileContentRenamer.Tests/Services/FilenameGeneratorTests.cs(232,0): at FileContentRenamer.Tests.Services.FilenameGeneratorTests.CleanupFileName_WithVariousInputs_ShouldReturnCleanedName(String input, String expected)
[xUnit.net 00:00:00.43]            at InvokeStub_FilenameGeneratorTests.CleanupFileName_WithVariousInputs_ShouldReturnCleanedName(Object, Span`1)
[xUnit.net 00:00:00.43]            at System.Reflection.MethodBaseInvoker.InvokeWithFewArgs(Object obj, BindingFlags invokeAttr, Binder binder, Object[] parameters, CultureInfo culture)
[xUnit.net 00:00:00.43]       Expected result to be "file__name_2024-03-15_card.pdf" with a length of 30, but "test_2024-03-15_card.pdf" has a length of 24, differs near "tes" (index 0).
[xUnit.net 00:00:00.43]       Stack Trace:
[xUnit.net 00:00:00.43]            at FluentAssertions.Execution.XUnit2TestFramework.Throw(String message)
[xUnit.net 00:00:00.43]            at FluentAssertions.Execution.TestFrameworkProvider.Throw(String message)
[xUnit.net 00:00:00.43]            at FluentAssertions.Execution.DefaultAssertionStrategy.HandleFailure(String message)
[xUnit.net 00:00:00.43]            at FluentAssertions.Execution.AssertionScope.FailWith(Func`1 failReasonFunc)
[xUnit.net 00:00:00.43]            at FluentAssertions.Execution.AssertionScope.FailWith(Func`1 failReasonFunc)
[xUnit.net 00:00:00.43]            at FluentAssertions.Primitives.StringEqualityValidator.ValidateAgainstLengthDifferences()
[xUnit.net 00:00:00.43]            at FluentAssertions.Primitives.StringValidator.Validate()
[xUnit.net 00:00:00.43]            at FluentAssertions.Primitives.StringAssertions`1.Be(String expected, String because, Object[] becauseArgs)
[xUnit.net 00:00:00.43]         /Users/santibraida/Workspace/comprobantes/FileContentRenamer.Tests/Services/FilenameGeneratorTests.cs(232,0): at FileContentRenamer.Tests.Services.FilenameGeneratorTests.CleanupFileName_WithVariousInputs_ShouldReturnCleanedName(String input, String expected)
[xUnit.net 00:00:00.43]            at InvokeStub_FilenameGeneratorTests.CleanupFileName_WithVariousInputs_ShouldReturnCleanedName(Object, Span`1)
[xUnit.net 00:00:00.43]            at System.Reflection.MethodBaseInvoker.InvokeWithFewArgs(Object obj, BindingFlags invokeAttr, Binder binder, Object[] parameters, CultureInfo culture)
[xUnit.net 00:00:00.46]       Expected result to be "cleaned_file_2024-03-15_card.pdf" with a length of 32, but "test_2024-03-15_card.pdf" has a length of 24, differs near "tes" (index 0).
[xUnit.net 00:00:00.46]       Stack Trace:
[xUnit.net 00:00:00.46]            at FluentAssertions.Execution.XUnit2TestFramework.Throw(String message)
[xUnit.net 00:00:00.46]            at FluentAssertions.Execution.TestFrameworkProvider.Throw(String message)
[xUnit.net 00:00:00.46]            at FluentAssertions.Execution.DefaultAssertionStrategy.HandleFailure(String message)
[xUnit.net 00:00:00.46]            at FluentAssertions.Execution.AssertionScope.FailWith(Func`1 failReasonFunc)
[xUnit.net 00:00:00.46]            at FluentAssertions.Execution.AssertionScope.FailWith(Func`1 failReasonFunc)
[xUnit.net 00:00:00.46]            at FluentAssertions.Primitives.StringEqualityValidator.ValidateAgainstLengthDifferences()
[xUnit.net 00:00:00.46]            at FluentAssertions.Primitives.StringValidator.Validate()
[xUnit.net 00:00:00.46]            at FluentAssertions.Primitives.StringAssertions`1.Be(String expected, String because, Object[] becauseArgs)
[xUnit.net 00:00:00.46]         /Users/santibraida/Workspace/comprobantes/FileContentRenamer.Tests/Services/FilenameGeneratorTests.cs(232,0): at FileContentRenamer.Tests.Services.FilenameGeneratorTests.CleanupFileName_WithVariousInputs_ShouldReturnCleanedName(String input, String expected)
[xUnit.net 00:00:00.46]            at InvokeStub_FilenameGeneratorTests.CleanupFileName_WithVariousInputs_ShouldReturnCleanedName(Object, Span`1)
[xUnit.net 00:00:00.46]            at System.Reflection.MethodBaseInvoker.InvokeWithFewArgs(Object obj, BindingFlags invokeAttr, Binder binder, Object[] parameters, CultureInfo culture)
[xUnit.net 00:00:00.46]       Expected result to be "file_name_2024-03-15_card.pdf" with a length of 29, but "test_2024-03-15_card.pdf" has a length of 24, differs near "tes" (index 0).
[xUnit.net 00:00:00.46]       Stack Trace:
[xUnit.net 00:00:00.46]            at FluentAssertions.Execution.XUnit2TestFramework.Throw(String message)
[xUnit.net 00:00:00.46]            at FluentAssertions.Execution.TestFrameworkProvider.Throw(String message)
[xUnit.net 00:00:00.46]            at FluentAssertions.Execution.DefaultAssertionStrategy.HandleFailure(String message)
[xUnit.net 00:00:00.46]            at FluentAssertions.Execution.AssertionScope.FailWith(Func`1 failReasonFunc)
[xUnit.net 00:00:00.46]            at FluentAssertions.Execution.AssertionScope.FailWith(Func`1 failReasonFunc)
[xUnit.net 00:00:00.46]            at FluentAssertions.Primitives.StringEqualityValidator.ValidateAgainstLengthDifferences()
[xUnit.net 00:00:00.46]            at FluentAssertions.Primitives.StringValidator.Validate()
[xUnit.net 00:00:00.46]            at FluentAssertions.Primitives.StringAssertions`1.Be(String expected, String because, Object[] becauseArgs)
[xUnit.net 00:00:00.46]         /Users/santibraida/Workspace/comprobantes/FileContentRenamer.Tests/Services/FilenameGeneratorTests.cs(232,0): at FileContentRenamer.Tests.Services.FilenameGeneratorTests.CleanupFileName_WithVariousInputs_ShouldReturnCleanedName(String input, String expected)
[xUnit.net 00:00:00.46]            at InvokeStub_FilenameGeneratorTests.CleanupFileName_WithVariousInputs_ShouldReturnCleanedName(Object, Span`1)
[xUnit.net 00:00:00.46]            at System.Reflection.MethodBaseInvoker.InvokeWithFewArgs(Object obj, BindingFlags invokeAttr, Binder binder, Object[] parameters, CultureInfo culture)
[xUnit.net 00:00:00.46]       Expected result to be "valid_filename_2024-03-15_card.pdf" with a length of 34, but "test_2024-03-15_card.pdf" has a length of 24, differs near "tes" (index 0).
[xUnit.net 00:00:00.46]       Stack Trace:
[xUnit.net 00:00:00.46]            at FluentAssertions.Execution.XUnit2TestFramework.Throw(String message)
[xUnit.net 00:00:00.46]            at FluentAssertions.Execution.TestFrameworkProvider.Throw(String message)
[xUnit.net 00:00:00.46]            at FluentAssertions.Execution.DefaultAssertionStrategy.HandleFailure(String message)
[xUnit.net 00:00:00.46]            at FluentAssertions.Execution.AssertionScope.FailWith(Func`1 failReasonFunc)
[xUnit.net 00:00:00.46]            at FluentAssertions.Execution.AssertionScope.FailWith(Func`1 failReasonFunc)
[xUnit.net 00:00:00.46]            at FluentAssertions.Primitives.StringEqualityValidator.ValidateAgainstLengthDifferences()
[xUnit.net 00:00:00.46]            at FluentAssertions.Primitives.StringValidator.Validate()
[xUnit.net 00:00:00.46]            at FluentAssertions.Primitives.StringAssertions`1.Be(String expected, String because, Object[] becauseArgs)
[xUnit.net 00:00:00.46]         /Users/santibraida/Workspace/comprobantes/FileContentRenamer.Tests/Services/FilenameGeneratorTests.cs(232,0): at FileContentRenamer.Tests.Services.FilenameGeneratorTests.CleanupFileName_WithVariousInputs_ShouldReturnCleanedName(String input, String expected)
[xUnit.net 00:00:00.46]            at InvokeStub_FilenameGeneratorTests.CleanupFileName_WithVariousInputs_ShouldReturnCleanedName(Object, Span`1)
[xUnit.net 00:00:00.46]            at System.Reflection.MethodBaseInvoker.InvokeWithFewArgs(Object obj, BindingFlags invokeAttr, Binder binder, Object[] parameters, CultureInfo culture)
[xUnit.net 00:00:00.46]       Expected result to be "file_name_2024-03-15_card.pdf" with a length of 29, but "test_2024-03-15_card.pdf" has a length of 24, differs near "tes" (index 0).
[xUnit.net 00:00:00.46]       Stack Trace:
[xUnit.net 00:00:00.46]            at FluentAssertions.Execution.XUnit2TestFramework.Throw(String message)
[xUnit.net 00:00:00.46]            at FluentAssertions.Execution.TestFrameworkProvider.Throw(String message)
[xUnit.net 00:00:00.46]            at FluentAssertions.Execution.DefaultAssertionStrategy.HandleFailure(String message)
[xUnit.net 00:00:00.46]            at FluentAssertions.Execution.AssertionScope.FailWith(Func`1 failReasonFunc)
[xUnit.net 00:00:00.46]            at FluentAssertions.Execution.AssertionScope.FailWith(Func`1 failReasonFunc)
[xUnit.net 00:00:00.46]            at FluentAssertions.Primitives.StringEqualityValidator.ValidateAgainstLengthDifferences()
[xUnit.net 00:00:00.46]            at FluentAssertions.Primitives.StringValidator.Validate()
[xUnit.net 00:00:00.46]            at FluentAssertions.Primitives.StringAssertions`1.Be(String expected, String because, Object[] becauseArgs)
[xUnit.net 00:00:00.46]         /Users/santibraida/Workspace/comprobantes/FileContentRenamer.Tests/Services/FilenameGeneratorTests.cs(232,0): at FileContentRenamer.Tests.Services.FilenameGeneratorTests.CleanupFileName_WithVariousInputs_ShouldReturnCleanedName(String input, String expected)
[xUnit.net 00:00:00.46]            at InvokeStub_FilenameGeneratorTests.CleanupFileName_WithVariousInputs_ShouldReturnCleanedName(Object, Span`1)
[xUnit.net 00:00:00.46]            at System.Reflection.MethodBaseInvoker.InvokeWithFewArgs(Object obj, BindingFlags invokeAttr, Binder binder, Object[] parameters, CultureInfo culture)
[xUnit.net 00:00:00.54]       Expected results to only have unique items, but item "/var/folders/x1/bt0l1hlj3xxfgmlll69gmfr40000gn/T/78dfa1ee-aeee-4866-b616-c16918fd6a19/concurrent_test.txt" is not unique.
[xUnit.net 00:00:00.54]       Stack Trace:
[xUnit.net 00:00:00.54]            at FluentAssertions.Execution.XUnit2TestFramework.Throw(String message)
[xUnit.net 00:00:00.54]            at FluentAssertions.Execution.TestFrameworkProvider.Throw(String message)
[xUnit.net 00:00:00.54]            at FluentAssertions.Execution.DefaultAssertionStrategy.HandleFailure(String message)
[xUnit.net 00:00:00.54]            at FluentAssertions.Execution.AssertionScope.FailWith(Func`1 failReasonFunc)
[xUnit.net 00:00:00.54]            at FluentAssertions.Execution.AssertionScope.FailWith(Func`1 failReasonFunc)
[xUnit.net 00:00:00.54]            at FluentAssertions.Execution.AssertionScope.FailWith(String message, Object[] args)
[xUnit.net 00:00:00.54]            at FluentAssertions.Collections.GenericCollectionAssertions`3.OnlyHaveUniqueItems(String because, Object[] becauseArgs)
[xUnit.net 00:00:00.54]         /Users/santibraida/Workspace/comprobantes/FileContentRenamer.Tests/Services/FilenameGeneratorTests.cs(282,0): at FileContentRenamer.Tests.Services.FilenameGeneratorTests.GenerateUniqueFilename_ThreadSafety_ShouldHandleConcurrentCalls()
[xUnit.net 00:00:00.54]         --- End of stack trace from previous location ---
[xUnit.net 00:00:00.56]       Expected result to be "test.pdf" with a length of 8, but "test_2024-03-15_card.pdf" has a length of 24, differs near "_20" (index 4).
[xUnit.net 00:00:00.56]       Stack Trace:
[xUnit.net 00:00:00.56]            at FluentAssertions.Execution.XUnit2TestFramework.Throw(String message)
[xUnit.net 00:00:00.56]            at FluentAssertions.Execution.TestFrameworkProvider.Throw(String message)
[xUnit.net 00:00:00.56]            at FluentAssertions.Execution.DefaultAssertionStrategy.HandleFailure(String message)
[xUnit.net 00:00:00.56]            at FluentAssertions.Execution.AssertionScope.FailWith(Func`1 failReasonFunc)
[xUnit.net 00:00:00.56]            at FluentAssertions.Execution.AssertionScope.FailWith(Func`1 failReasonFunc)
[xUnit.net 00:00:00.56]            at FluentAssertions.Primitives.StringEqualityValidator.ValidateAgainstLengthDifferences()
[xUnit.net 00:00:00.56]            at FluentAssertions.Primitives.StringValidator.Validate()
[xUnit.net 00:00:00.56]            at FluentAssertions.Primitives.StringAssertions`1.Be(String expected, String because, Object[] becauseArgs)
[xUnit.net 00:00:00.56]         /Users/santibraida/Workspace/comprobantes/FileContentRenamer.Tests/Services/FilenameGeneratorTests.cs(249,0): at FileContentRenamer.Tests.Services.FilenameGeneratorTests.GenerateFilename_WithNullDirectory_ShouldReturnOriginalFilename()
[xUnit.net 00:00:00.56]            at System.RuntimeMethodHandle.InvokeMethod(Object target, Void** arguments, Signature sig, Boolean isConstructor)
[xUnit.net 00:00:00.56]            at System.Reflection.MethodBaseInvoker.InvokeWithNoArgs(Object obj, BindingFlags invokeAttr)
[xUnit.net 00:00:00.58]       Expected a &lt;System.Exception&gt; to be thrown, but no exception was thrown.
[xUnit.net 00:00:00.58]       Stack Trace:
[xUnit.net 00:00:00.58]            at FluentAssertions.Execution.XUnit2TestFramework.Throw(String message)
[xUnit.net 00:00:00.58]            at FluentAssertions.Execution.TestFrameworkProvider.Throw(String message)
[xUnit.net 00:00:00.58]            at FluentAssertions.Execution.DefaultAssertionStrategy.HandleFailure(String message)
[xUnit.net 00:00:00.58]            at FluentAssertions.Execution.AssertionScope.FailWith(Func`1 failReasonFunc)
[xUnit.net 00:00:00.58]            at FluentAssertions.Execution.AssertionScope.FailWith(Func`1 failReasonFunc)
[xUnit.net 00:00:00.58]            at FluentAssertions.Execution.AssertionScope.FailWith(String message)
[xUnit.net 00:00:00.58]            at FluentAssertions.Specialized.DelegateAssertionsBase`2.ThrowInternal[TException](Exception exception, String because, Object[] becauseArgs)
[xUnit.net 00:00:00.58]            at FluentAssertions.Specialized.DelegateAssertions`2.Throw[TException](String because, Object[] becauseArgs)
[xUnit.net 00:00:00.58]         /Users/santibraida/Workspace/comprobantes/FileContentRenamer.Tests/Models/AppConfigTests.cs(113,0): at FileContentRenamer.Tests.Models.AppConfigTests.LoadFromConfiguration_WithMissingConfigFile_ShouldThrowException()
[xUnit.net 00:00:00.58]            at System.RuntimeMethodHandle.InvokeMethod(Object target, Void** arguments, Signature sig, Boolean isConstructor)
[xUnit.net 00:00:00.58]            at System.Reflection.MethodBaseInvoker.InvokeWithNoArgs(Object obj, BindingFlags invokeAttr)
[xUnit.net 00:00:00.62]       Expected result to be True, but found False.
[xUnit.net 00:00:00.62]       Stack Trace:
[xUnit.net 00:00:00.62]            at FluentAssertions.Execution.XUnit2TestFramework.Throw(String message)
[xUnit.net 00:00:00.62]            at FluentAssertions.Execution.TestFrameworkProvider.Throw(String message)
[xUnit.net 00:00:00.62]            at FluentAssertions.Execution.DefaultAssertionStrategy.HandleFailure(String message)
[xUnit.net 00:00:00.62]            at FluentAssertions.Execution.AssertionScope.FailWith(Func`1 failReasonFunc)
[xUnit.net 00:00:00.62]            at FluentAssertions.Execution.AssertionScope.FailWith(Func`1 failReasonFunc)
[xUnit.net 00:00:00.62]            at FluentAssertions.Execution.AssertionScope.FailWith(String message, Object[] args)
[xUnit.net 00:00:00.62]            at FluentAssertions.Primitives.BooleanAssertions`1.BeTrue(String because, Object[] becauseArgs)
[xUnit.net 00:00:00.62]         /Users/santibraida/Workspace/comprobantes/FileContentRenamer.Tests/Services/ImageProcessorTests.cs(44,0): at FileContentRenamer.Tests.Services.ImageProcessorTests.CanProcess_WithImageExtensions_ShouldReturnTrue(String extension)
[xUnit.net 00:00:00.62]            at InvokeStub_ImageProcessorTests.CanProcess_WithImageExtensions_ShouldReturnTrue(Object, Span`1)
[xUnit.net 00:00:00.62]            at System.Reflection.MethodBaseInvoker.InvokeWithOneArg(Object obj, BindingFlags invokeAttr, Binder binder, Object[] parameters, CultureInfo culture)
[xUnit.net 00:00:00.65]       Expected result.BasePath to be "/test/base" with a length of 10, but "/var/folders/x1/bt0l1hlj3xxfgmlll69gmfr40000gn/T/9e7e0c84-776c-4d7a-86a5-cf17a6e26ccc" has a length of 85, differs near "var" (index 1).
[xUnit.net 00:00:00.65]       Stack Trace:
[xUnit.net 00:00:00.65]            at FluentAssertions.Execution.XUnit2TestFramework.Throw(String message)
[xUnit.net 00:00:00.65]            at FluentAssertions.Execution.TestFrameworkProvider.Throw(String message)
[xUnit.net 00:00:00.65]            at FluentAssertions.Execution.DefaultAssertionStrategy.HandleFailure(String message)
[xUnit.net 00:00:00.65]            at FluentAssertions.Execution.AssertionScope.FailWith(Func`1 failReasonFunc)
[xUnit.net 00:00:00.65]            at FluentAssertions.Execution.AssertionScope.FailWith(Func`1 failReasonFunc)
[xUnit.net 00:00:00.65]            at FluentAssertions.Primitives.StringEqualityValidator.ValidateAgainstLengthDifferences()
[xUnit.net 00:00:00.65]            at FluentAssertions.Primitives.StringValidator.Validate()
[xUnit.net 00:00:00.65]            at FluentAssertions.Primitives.StringAssertions`1.Be(String expected, String because, Object[] becauseArgs)
[xUnit.net 00:00:00.65]         /Users/santibraida/Workspace/comprobantes/FileContentRenamer.Tests/Models/AppConfigTests.cs(93,0): at FileContentRenamer.Tests.Models.AppConfigTests.LoadFromConfiguration_WithValidConfigFile_ShouldLoadCorrectly()
[xUnit.net 00:00:00.65]            at System.RuntimeMethodHandle.InvokeMethod(Object target, Void** arguments, Signature sig, Boolean isConstructor)
[xUnit.net 00:00:00.65]            at System.Reflection.MethodBaseInvoker.InvokeWithNoArgs(Object obj, BindingFlags invokeAttr)
[xUnit.net 00:00:00.71]       Expected result to be True, but found False.
[xUnit.net 00:00:00.71]       Stack Trace:
[xUnit.net 00:00:00.71]            at FluentAssertions.Execution.XUnit2TestFramework.Throw(String message)
[xUnit.net 00:00:00.71]            at FluentAssertions.Execution.TestFrameworkProvider.Throw(String message)
[xUnit.net 00:00:00.71]            at FluentAssertions.Execution.DefaultAssertionStrategy.HandleFailure(String message)
[xUnit.net 00:00:00.71]            at FluentAssertions.Execution.AssertionScope.FailWith(Func`1 failReasonFunc)
[xUnit.net 00:00:00.71]            at FluentAssertions.Execution.AssertionScope.FailWith(Func`1 failReasonFunc)
[xUnit.net 00:00:00.71]            at FluentAssertions.Execution.AssertionScope.FailWith(String message, Object[] args)
[xUnit.net 00:00:00.71]            at FluentAssertions.Primitives.BooleanAssertions`1.BeTrue(String because, Object[] becauseArgs)
[xUnit.net 00:00:00.71]         /Users/santibraida/Workspace/comprobantes/FileContentRenamer.Tests/Services/ImageProcessorTests.cs(44,0): at FileContentRenamer.Tests.Services.ImageProcessorTests.CanProcess_WithImageExtensions_ShouldReturnTrue(String extension)
[xUnit.net 00:00:00.71]            at InvokeStub_ImageProcessorTests.CanProcess_WithImageExtensions_ShouldReturnTrue(Object, Span`1)
[xUnit.net 00:00:00.71]            at System.Reflection.MethodBaseInvoker.InvokeWithOneArg(Object obj, BindingFlags invokeAttr, Binder binder, Object[] parameters, CultureInfo culture)
[xUnit.net 00:00:00.71]       Expected result.ForceReprocessAlreadyNamed to be False, but found True.
[xUnit.net 00:00:00.71]       Stack Trace:
[xUnit.net 00:00:00.71]            at FluentAssertions.Execution.XUnit2TestFramework.Throw(String message)
[xUnit.net 00:00:00.71]            at FluentAssertions.Execution.TestFrameworkProvider.Throw(String message)
[xUnit.net 00:00:00.71]            at FluentAssertions.Execution.DefaultAssertionStrategy.HandleFailure(String message)
[xUnit.net 00:00:00.71]            at FluentAssertions.Execution.AssertionScope.FailWith(Func`1 failReasonFunc)
[xUnit.net 00:00:00.71]            at FluentAssertions.Execution.AssertionScope.FailWith(Func`1 failReasonFunc)
[xUnit.net 00:00:00.71]            at FluentAssertions.Execution.AssertionScope.FailWith(String message, Object[] args)
[xUnit.net 00:00:00.71]            at FluentAssertions.Primitives.BooleanAssertions`1.BeFalse(String because, Object[] becauseArgs)
[xUnit.net 00:00:00.71]         /Users/santibraida/Workspace/comprobantes/FileContentRenamer.Tests/Models/AppConfigTests.cs(143,0): at FileContentRenamer.Tests.Models.AppConfigTests.LoadFromConfiguration_WithEmptyConfig_ShouldReturnDefaultValues()
[xUnit.net 00:00:00.71]            at System.RuntimeMethodHandle.InvokeMethod(Object target, Void** arguments, Signature sig, Boolean isConstructor)
[xUnit.net 00:00:00.71]            at System.Reflection.MethodBaseInvoker.InvokeWithNoArgs(Object obj, BindingFlags invokeAttr)
[xUnit.net 00:00:00.71]       Expected a &lt;System.Exception&gt; to be thrown, but no exception was thrown.
[xUnit.net 00:00:00.71]       Stack Trace:
[xUnit.net 00:00:00.71]            at FluentAssertions.Execution.XUnit2TestFramework.Throw(String message)
[xUnit.net 00:00:00.71]            at FluentAssertions.Execution.TestFrameworkProvider.Throw(String message)
[xUnit.net 00:00:00.71]            at FluentAssertions.Execution.DefaultAssertionStrategy.HandleFailure(String message)
[xUnit.net 00:00:00.71]            at FluentAssertions.Execution.AssertionScope.FailWith(Func`1 failReasonFunc)
[xUnit.net 00:00:00.71]            at FluentAssertions.Execution.AssertionScope.FailWith(Func`1 failReasonFunc)
[xUnit.net 00:00:00.71]            at FluentAssertions.Execution.AssertionScope.FailWith(String message)
[xUnit.net 00:00:00.71]            at FluentAssertions.Specialized.DelegateAssertionsBase`2.ThrowInternal[TException](Exception exception, String because, Object[] becauseArgs)
[xUnit.net 00:00:00.71]            at FluentAssertions.Specialized.DelegateAssertions`2.Throw[TException](String because, Object[] becauseArgs)
[xUnit.net 00:00:00.71]         /Users/santibraida/Workspace/comprobantes/FileContentRenamer.Tests/Models/AppConfigTests.cs(126,0): at FileContentRenamer.Tests.Models.AppConfigTests.LoadFromConfiguration_WithInvalidJson_ShouldThrowException()
[xUnit.net 00:00:00.71]            at System.RuntimeMethodHandle.InvokeMethod(Object target, Void** arguments, Signature sig, Boolean isConstructor)
[xUnit.net 00:00:00.71]            at System.Reflection.MethodBaseInvoker.InvokeWithNoArgs(Object obj, BindingFlags invokeAttr)
[xUnit.net 00:00:00.77]       Expected result.BasePath to be "/test/base" with a length of 10, but "/var/folders/x1/bt0l1hlj3xxfgmlll69gmfr40000gn/T/0612f3fe-5484-4fbb-a61b-f0b79263548e" has a length of 85, differs near "var" (index 1).
[xUnit.net 00:00:00.77]       Stack Trace:
[xUnit.net 00:00:00.77]            at FluentAssertions.Execution.XUnit2TestFramework.Throw(String message)
[xUnit.net 00:00:00.77]            at FluentAssertions.Execution.TestFrameworkProvider.Throw(String message)
[xUnit.net 00:00:00.77]            at FluentAssertions.Execution.DefaultAssertionStrategy.HandleFailure(String message)
[xUnit.net 00:00:00.77]            at FluentAssertions.Execution.AssertionScope.FailWith(Func`1 failReasonFunc)
[xUnit.net 00:00:00.77]            at FluentAssertions.Execution.AssertionScope.FailWith(Func`1 failReasonFunc)
[xUnit.net 00:00:00.77]            at FluentAssertions.Primitives.StringEqualityValidator.ValidateAgainstLengthDifferences()
[xUnit.net 00:00:00.77]            at FluentAssertions.Primitives.StringValidator.Validate()
[xUnit.net 00:00:00.77]            at FluentAssertions.Primitives.StringAssertions`1.Be(String expected, String because, Object[] becauseArgs)
[xUnit.net 00:00:00.77]         /Users/santibraida/Workspace/comprobantes/FileContentRenamer.Tests/Models/AppConfigTests.cs(175,0): at FileContentRenamer.Tests.Models.AppConfigTests.LoadFromConfiguration_WithPartialConfig_ShouldUseDefaultsForMissingValues()
[xUnit.net 00:00:00.77]            at System.RuntimeMethodHandle.InvokeMethod(Object target, Void** arguments, Signature sig, Boolean isConstructor)
[xUnit.net 00:00:00.77]            at System.Reflection.MethodBaseInvoker.InvokeWithNoArgs(Object obj, BindingFlags invokeAttr)
[xUnit.net 00:00:00.92]       Expected result to be True, but found False.
[xUnit.net 00:00:00.92]       Stack Trace:
[xUnit.net 00:00:00.92]            at FluentAssertions.Execution.XUnit2TestFramework.Throw(String message)
[xUnit.net 00:00:00.92]            at FluentAssertions.Execution.TestFrameworkProvider.Throw(String message)
[xUnit.net 00:00:00.92]            at FluentAssertions.Execution.DefaultAssertionStrategy.HandleFailure(String message)
[xUnit.net 00:00:00.92]            at FluentAssertions.Execution.AssertionScope.FailWith(Func`1 failReasonFunc)
[xUnit.net 00:00:00.92]            at FluentAssertions.Execution.AssertionScope.FailWith(Func`1 failReasonFunc)
[xUnit.net 00:00:00.92]            at FluentAssertions.Execution.AssertionScope.FailWith(String message, Object[] args)
[xUnit.net 00:00:00.92]            at FluentAssertions.Primitives.BooleanAssertions`1.BeTrue(String because, Object[] becauseArgs)
[xUnit.net 00:00:00.92]         /Users/santibraida/Workspace/comprobantes/FileContentRenamer.Tests/Services/ImageProcessorTests.cs(61,0): at FileContentRenamer.Tests.Services.ImageProcessorTests.CanProcess_WithImageExtensionsDifferentCasing_ShouldReturnTrue(String extension)
[xUnit.net 00:00:00.92]            at InvokeStub_ImageProcessorTests.CanProcess_WithImageExtensionsDifferentCasing_ShouldReturnTrue(Object, Span`1)
[xUnit.net 00:00:00.92]            at System.Reflection.MethodBaseInvoker.InvokeWithOneArg(Object obj, BindingFlags invokeAttr, Binder binder, Object[] parameters, CultureInfo culture)
[xUnit.net 00:00:01.07]   Finished:    FileContentRenamer.Tests
</StdOut>
    </Output>
    <RunInfos>
      <RunInfo computerName="MacBook-Pro" outcome="Error" timestamp="2025-08-11T23:27:29.1845680-03:00">
        <Text>[xUnit.net 00:00:00.30]     FileContentRenamer.Tests.Services.DateExtractorTests.ExtractDateFromFilename_WithNullFilename_ShouldReturnEmptyString [FAIL]</Text>
      </RunInfo>
      <RunInfo computerName="MacBook-Pro" outcome="Error" timestamp="2025-08-11T23:27:29.2850280-03:00">
        <Text>[xUnit.net 00:00:00.40]     FileContentRenamer.Tests.Services.DirectoryOrganizerTests.OrganizeFileIntoDirectoryStructure_AlreadyInYearFolder_ShouldMoveToMonthFolder [FAIL]</Text>
      </RunInfo>
      <RunInfo computerName="MacBook-Pro" outcome="Error" timestamp="2025-08-11T23:27:29.2851800-03:00">
        <Text>[xUnit.net 00:00:00.40]     FileContentRenamer.Tests.Services.FilenameGeneratorTests.CleanupFileName_WithVariousInputs_ShouldReturnCleanedName(input: "___", expected: "cleaned_file") [FAIL]</Text>
      </RunInfo>
      <RunInfo computerName="MacBook-Pro" outcome="Error" timestamp="2025-08-11T23:27:29.2863880-03:00">
        <Text>[xUnit.net 00:00:00.40]     FileContentRenamer.Tests.Models.NamingRulesTests.GenerateFilename_WithMinimalGenericContent_ShouldUseOriginalDate [FAIL]</Text>
      </RunInfo>
      <RunInfo computerName="MacBook-Pro" outcome="Error" timestamp="2025-08-11T23:27:29.3136960-03:00">
        <Text>[xUnit.net 00:00:00.43]     FileContentRenamer.Tests.Services.FilenameGeneratorTests.CleanupFileName_WithVariousInputs_ShouldReturnCleanedName(input: "file:name", expected: "file_name") [FAIL]</Text>
      </RunInfo>
      <RunInfo computerName="MacBook-Pro" outcome="Error" timestamp="2025-08-11T23:27:29.3137610-03:00">
        <Text>[xUnit.net 00:00:00.43]     FileContentRenamer.Tests.Services.FilenameGeneratorTests.CleanupFileName_WithVariousInputs_ShouldReturnCleanedName(input: "file&lt;&gt;name", expected: "file__name") [FAIL]</Text>
      </RunInfo>
      <RunInfo computerName="MacBook-Pro" outcome="Error" timestamp="2025-08-11T23:27:29.3430040-03:00">
        <Text>[xUnit.net 00:00:00.46]     FileContentRenamer.Tests.Services.FilenameGeneratorTests.CleanupFileName_WithVariousInputs_ShouldReturnCleanedName(input: "", expected: "cleaned_file") [FAIL]</Text>
      </RunInfo>
      <RunInfo computerName="MacBook-Pro" outcome="Error" timestamp="2025-08-11T23:27:29.3437490-03:00">
        <Text>[xUnit.net 00:00:00.46]     FileContentRenamer.Tests.Services.FilenameGeneratorTests.CleanupFileName_WithVariousInputs_ShouldReturnCleanedName(input: "__file__name__", expected: "file_name") [FAIL]</Text>
      </RunInfo>
      <RunInfo computerName="MacBook-Pro" outcome="Error" timestamp="2025-08-11T23:27:29.3443280-03:00">
        <Text>[xUnit.net 00:00:00.46]     FileContentRenamer.Tests.Services.FilenameGeneratorTests.CleanupFileName_WithVariousInputs_ShouldReturnCleanedName(input: "valid_filename", expected: "valid_filename") [FAIL]</Text>
      </RunInfo>
      <RunInfo computerName="MacBook-Pro" outcome="Error" timestamp="2025-08-11T23:27:29.3468250-03:00">
        <Text>[xUnit.net 00:00:00.46]     FileContentRenamer.Tests.Services.FilenameGeneratorTests.CleanupFileName_WithVariousInputs_ShouldReturnCleanedName(input: "file|name", expected: "file_name") [FAIL]</Text>
      </RunInfo>
      <RunInfo computerName="MacBook-Pro" outcome="Error" timestamp="2025-08-11T23:27:29.4245920-03:00">
        <Text>[xUnit.net 00:00:00.54]     FileContentRenamer.Tests.Services.FilenameGeneratorTests.GenerateUniqueFilename_ThreadSafety_ShouldHandleConcurrentCalls [FAIL]</Text>
      </RunInfo>
      <RunInfo computerName="MacBook-Pro" outcome="Error" timestamp="2025-08-11T23:27:29.4498980-03:00">
        <Text>[xUnit.net 00:00:00.56]     FileContentRenamer.Tests.Services.FilenameGeneratorTests.GenerateFilename_WithNullDirectory_ShouldReturnOriginalFilename [FAIL]</Text>
      </RunInfo>
      <RunInfo computerName="MacBook-Pro" outcome="Error" timestamp="2025-08-11T23:27:29.4652950-03:00">
        <Text>[xUnit.net 00:00:00.58]     FileContentRenamer.Tests.Models.AppConfigTests.LoadFromConfiguration_WithMissingConfigFile_ShouldThrowException [FAIL]</Text>
      </RunInfo>
      <RunInfo computerName="MacBook-Pro" outcome="Error" timestamp="2025-08-11T23:27:29.5047820-03:00">
        <Text>[xUnit.net 00:00:00.62]     FileContentRenamer.Tests.Services.ImageProcessorTests.CanProcess_WithImageExtensions_ShouldReturnTrue(extension: ".gif") [FAIL]</Text>
      </RunInfo>
      <RunInfo computerName="MacBook-Pro" outcome="Error" timestamp="2025-08-11T23:27:29.5297060-03:00">
        <Text>[xUnit.net 00:00:00.65]     FileContentRenamer.Tests.Models.AppConfigTests.LoadFromConfiguration_WithValidConfigFile_ShouldLoadCorrectly [FAIL]</Text>
      </RunInfo>
      <RunInfo computerName="MacBook-Pro" outcome="Error" timestamp="2025-08-11T23:27:29.5891090-03:00">
        <Text>[xUnit.net 00:00:00.71]     FileContentRenamer.Tests.Services.ImageProcessorTests.CanProcess_WithImageExtensions_ShouldReturnTrue(extension: ".bmp") [FAIL]</Text>
      </RunInfo>
      <RunInfo computerName="MacBook-Pro" outcome="Error" timestamp="2025-08-11T23:27:29.5896170-03:00">
        <Text>[xUnit.net 00:00:00.71]     FileContentRenamer.Tests.Models.AppConfigTests.LoadFromConfiguration_WithEmptyConfig_ShouldReturnDefaultValues [FAIL]</Text>
      </RunInfo>
      <RunInfo computerName="MacBook-Pro" outcome="Error" timestamp="2025-08-11T23:27:29.5925870-03:00">
        <Text>[xUnit.net 00:00:00.71]     FileContentRenamer.Tests.Models.AppConfigTests.LoadFromConfiguration_WithInvalidJson_ShouldThrowException [FAIL]</Text>
      </RunInfo>
      <RunInfo computerName="MacBook-Pro" outcome="Error" timestamp="2025-08-11T23:27:29.6523960-03:00">
        <Text>[xUnit.net 00:00:00.77]     FileContentRenamer.Tests.Models.AppConfigTests.LoadFromConfiguration_WithPartialConfig_ShouldUseDefaultsForMissingValues [FAIL]</Text>
      </RunInfo>
      <RunInfo computerName="MacBook-Pro" outcome="Error" timestamp="2025-08-11T23:27:29.7999630-03:00">
        <Text>[xUnit.net 00:00:00.92]     FileContentRenamer.Tests.Services.ImageProcessorTests.CanProcess_WithImageExtensionsDifferentCasing_ShouldReturnTrue(extension: ".BMP") [FAIL]</Text>
      </RunInfo>
    </RunInfos>
    <CollectorDataEntries>
      <Collector agentName="MacBook-Pro" uri="datacollector://microsoft/CoverletCodeCoverage/1.0" collectorDisplayName="XPlat code coverage">
        <UriAttachments>
          <UriAttachment>
            <A href="MacBook-Pro/coverage.cobertura.xml"></A>
          </UriAttachment>
        </UriAttachments>
      </Collector>
    </CollectorDataEntries>
  </ResultSummary>
</TestRun>