<?xml version="1.0" encoding="utf-8"?>
<TestRun id="39c8b90c-794c-423b-b75c-14317c2bec34" name="@MacBook-Pro 2025-08-11 23:49:30" xmlns="http://microsoft.com/schemas/VisualStudio/TeamTest/2010">
  <Times creation="2025-08-11T23:49:30.2054370-03:00" queuing="2025-08-11T23:49:30.2054380-03:00" start="2025-08-11T23:49:28.9152920-03:00" finish="2025-08-11T23:49:32.0813660-03:00" />
  <TestSettings name="default" id="1760fcc0-eb80-4d7a-a2eb-141faf92b6dc">
    <Deployment runDeploymentRoot="_MacBook-Pro_2025-08-11_23_49_30" />
  </TestSettings>
  <Results>
    <UnitTestResult executionId="4f96d595-4942-4749-b8f9-2df6bb34b144" testId="8f9706bb-c4e8-83d9-78e0-248eda84983c" testName="FileContentRenamer.Tests.Services.DateExtractorTests.ExtractDateFromContent_WithVariousSpanishDates_ShouldReturnCorrectDates(content: &quot;1 de enero de 2024&quot;, expected: &quot;2024-01-01&quot;)" computerName="MacBook-Pro" duration="00:00:00.0001178" startTime="2025-08-11T23:49:30.3231800-03:00" endTime="2025-08-11T23:49:30.3232790-03:00" testType="13cdc9d9-ddb5-4fa4-a97d-d965ccfc6d4b" outcome="Passed" testListId="8c84fa94-04c1-424b-9868-57a2d4851a1d" relativeResultsDirectory="4f96d595-4942-4749-b8f9-2df6bb34b144" />
    <UnitTestResult executionId="081e8dfc-18c5-4aa1-926a-434d89c48a76" testId="5c3e394b-5635-340f-a8f3-3c152e9b2b47" testName="FileContentRenamer.Tests.Services.ImageProcessorTests.ExtractContentAsync_WithMissingTesseractDataPath_ShouldReturnEmpty" computerName="MacBook-Pro" duration="00:00:00.1886871" startTime="2025-08-11T23:49:30.1716530-03:00" endTime="2025-08-11T23:49:30.2894000-03:00" testType="13cdc9d9-ddb5-4fa4-a97d-d965ccfc6d4b" outcome="Passed" testListId="8c84fa94-04c1-424b-9868-57a2d4851a1d" relativeResultsDirectory="081e8dfc-18c5-4aa1-926a-434d89c48a76" />
    <UnitTestResult executionId="90cf7d00-277e-4149-b9a4-4742e316ea3d" testId="a4d26202-1548-77e4-c6ee-466955cdb771" testName="FileContentRenamer.Tests.Services.DateExtractorTests.ExtractDateFromContent_WithVariousDueDateFormats_ShouldReturnCorrectDates(content: &quot;Vto.:15/03/2024&quot;, expected: &quot;2024-03-15&quot;)" computerName="MacBook-Pro" duration="00:00:00.0614237" startTime="2025-08-11T23:49:30.2439150-03:00" endTime="2025-08-11T23:49:30.2449450-03:00" testType="13cdc9d9-ddb5-4fa4-a97d-d965ccfc6d4b" outcome="Passed" testListId="8c84fa94-04c1-424b-9868-57a2d4851a1d" relativeResultsDirectory="90cf7d00-277e-4149-b9a4-4742e316ea3d" />
    <UnitTestResult executionId="c39c84d8-b25c-4e14-b197-f0d76f9de775" testId="d60b51ff-35d6-643f-09d4-bd5f7bbab23c" testName="FileContentRenamer.Tests.Services.TextProcessorTests.CanProcess_WithNonTxtExtension_ShouldReturnFalse(filename: &quot;test.jpg&quot;)" computerName="MacBook-Pro" duration="00:00:00.0001739" startTime="2025-08-11T23:49:30.3998360-03:00" endTime="2025-08-11T23:49:30.3998770-03:00" testType="13cdc9d9-ddb5-4fa4-a97d-d965ccfc6d4b" outcome="Passed" testListId="8c84fa94-04c1-424b-9868-57a2d4851a1d" relativeResultsDirectory="c39c84d8-b25c-4e14-b197-f0d76f9de775" />
    <UnitTestResult executionId="6e07a467-1454-4d72-b619-583fdce64aad" testId="8c36f3a4-ca31-a9e9-241d-dbc70385ef49" testName="FileContentRenamer.Tests.Services.ImageProcessorTests.CanProcess_WithNonImageExtension_ShouldReturnFalse(extension: &quot;.mp4&quot;)" computerName="MacBook-Pro" duration="00:00:00.0326033" startTime="2025-08-11T23:49:30.5919410-03:00" endTime="2025-08-11T23:49:30.6018950-03:00" testType="13cdc9d9-ddb5-4fa4-a97d-d965ccfc6d4b" outcome="Passed" testListId="8c84fa94-04c1-424b-9868-57a2d4851a1d" relativeResultsDirectory="6e07a467-1454-4d72-b619-583fdce64aad" />
    <UnitTestResult executionId="add15c55-46dc-489e-be28-b759b97b6e23" testId="2df2278f-2596-2f16-dbea-2fed2d64436a" testName="FileContentRenamer.Tests.Models.AppConfigTests.LoadFromConfiguration_WithValidConfigFile_ShouldLoadCorrectly" computerName="MacBook-Pro" duration="00:00:00.0749649" startTime="2025-08-11T23:49:30.5628370-03:00" endTime="2025-08-11T23:49:30.5645350-03:00" testType="13cdc9d9-ddb5-4fa4-a97d-d965ccfc6d4b" outcome="Failed" testListId="8c84fa94-04c1-424b-9868-57a2d4851a1d" relativeResultsDirectory="add15c55-46dc-489e-be28-b759b97b6e23">
      <Output>
        <ErrorInfo>
          <Message>Expected result.LastUsedPath to be "/var/folders/x1/bt0l1hlj3xxfgmlll69gmfr40000gn/T/98f443b8-dd76-4dc0-9a2e-dc47f077a6f1" with a length of 85, but "" has a length of 0, differs near "" (index 0).</Message>
          <StackTrace>   at FluentAssertions.Execution.XUnit2TestFramework.Throw(String message)
   at FluentAssertions.Execution.TestFrameworkProvider.Throw(String message)
   at FluentAssertions.Execution.DefaultAssertionStrategy.HandleFailure(String message)
   at FluentAssertions.Execution.AssertionScope.FailWith(Func`1 failReasonFunc)
   at FluentAssertions.Execution.AssertionScope.FailWith(Func`1 failReasonFunc)
   at FluentAssertions.Primitives.StringEqualityValidator.ValidateAgainstLengthDifferences()
   at FluentAssertions.Primitives.StringValidator.Validate()
   at FluentAssertions.Primitives.StringAssertions`1.Be(String expected, String because, Object[] becauseArgs)
   at FileContentRenamer.Tests.Models.AppConfigTests.LoadFromConfiguration_WithValidConfigFile_ShouldLoadCorrectly() in /Users/santibraida/Workspace/comprobantes/FileContentRenamer.Tests/Models/AppConfigTests.cs:line 94
   at System.RuntimeMethodHandle.InvokeMethod(Object target, Void** arguments, Signature sig, Boolean isConstructor)
   at System.Reflection.MethodBaseInvoker.InvokeWithNoArgs(Object obj, BindingFlags invokeAttr)</StackTrace>
        </ErrorInfo>
      </Output>
    </UnitTestResult>
    <UnitTestResult executionId="5889e5ab-5bb3-4523-b402-85aef2860d30" testId="4bf9f205-774f-fb42-8d24-b7d8013c94d1" testName="FileContentRenamer.Tests.Services.FileServiceTests.ProcessFilesAsync_WithNoProcessorAvailable_ShouldSkipFile" computerName="MacBook-Pro" duration="00:00:00.0254837" startTime="2025-08-11T23:49:30.3968760-03:00" endTime="2025-08-11T23:49:30.3981970-03:00" testType="13cdc9d9-ddb5-4fa4-a97d-d965ccfc6d4b" outcome="Passed" testListId="8c84fa94-04c1-424b-9868-57a2d4851a1d" relativeResultsDirectory="5889e5ab-5bb3-4523-b402-85aef2860d30" />
    <UnitTestResult executionId="adec08f4-bb67-42b5-904b-3b362fb2ddbc" testId="eda4a5c5-8fa3-8699-5242-449863672e55" testName="FileContentRenamer.Tests.Models.NamingRuleTests.Matches_WithCaseInsensitiveKeywords_ShouldReturnTrue" computerName="MacBook-Pro" duration="00:00:00.0001287" startTime="2025-08-11T23:49:30.1637530-03:00" endTime="2025-08-11T23:49:30.1637810-03:00" testType="13cdc9d9-ddb5-4fa4-a97d-d965ccfc6d4b" outcome="Passed" testListId="8c84fa94-04c1-424b-9868-57a2d4851a1d" relativeResultsDirectory="adec08f4-bb67-42b5-904b-3b362fb2ddbc" />
    <UnitTestResult executionId="cc58f6b1-fdbd-4a1e-b7e0-507a5f7fa952" testId="2ce66dbc-f5ab-5500-4273-caffb3bf4e5f" testName="FileContentRenamer.Tests.Models.NamingRulesTests.FindMatchingRule_WithNoMatchingRule_ShouldReturnNull" computerName="MacBook-Pro" duration="00:00:00.0002994" startTime="2025-08-11T23:49:30.1656450-03:00" endTime="2025-08-11T23:49:30.1656760-03:00" testType="13cdc9d9-ddb5-4fa4-a97d-d965ccfc6d4b" outcome="Passed" testListId="8c84fa94-04c1-424b-9868-57a2d4851a1d" relativeResultsDirectory="cc58f6b1-fdbd-4a1e-b7e0-507a5f7fa952" />
    <UnitTestResult executionId="52ea4d11-c659-438f-b931-066ce9b99d54" testId="b0162767-b0d5-ac8c-e6c1-f87ef88a8da6" testName="FileContentRenamer.Tests.Services.DateExtractorTests.ExtractDateFromFilename_WithEmptyFilename_ShouldReturnEmptyString" computerName="MacBook-Pro" duration="00:00:00.0460262" startTime="2025-08-11T23:49:30.2458380-03:00" endTime="2025-08-11T23:49:30.3144360-03:00" testType="13cdc9d9-ddb5-4fa4-a97d-d965ccfc6d4b" outcome="Passed" testListId="8c84fa94-04c1-424b-9868-57a2d4851a1d" relativeResultsDirectory="52ea4d11-c659-438f-b931-066ce9b99d54" />
    <UnitTestResult executionId="8d56f26a-edc0-41c0-9e94-aa827f6d7888" testId="e6f8099a-7c83-15b0-1a09-13322c0e5611" testName="FileContentRenamer.Tests.Models.AppConfigTests.LoadFromConfiguration_WithMissingConfigFile_ShouldThrowException" computerName="MacBook-Pro" duration="00:00:00.3863252" startTime="2025-08-11T23:49:30.0189990-03:00" endTime="2025-08-11T23:49:30.4085770-03:00" testType="13cdc9d9-ddb5-4fa4-a97d-d965ccfc6d4b" outcome="Failed" testListId="8c84fa94-04c1-424b-9868-57a2d4851a1d" relativeResultsDirectory="8d56f26a-edc0-41c0-9e94-aa827f6d7888">
      <Output>
        <ErrorInfo>
          <Message>Expected a &lt;System.IO.FileNotFoundException&gt; to be thrown, but no exception was thrown.</Message>
          <StackTrace>   at FluentAssertions.Execution.XUnit2TestFramework.Throw(String message)
   at FluentAssertions.Execution.TestFrameworkProvider.Throw(String message)
   at FluentAssertions.Execution.DefaultAssertionStrategy.HandleFailure(String message)
   at FluentAssertions.Execution.AssertionScope.FailWith(Func`1 failReasonFunc)
   at FluentAssertions.Execution.AssertionScope.FailWith(Func`1 failReasonFunc)
   at FluentAssertions.Execution.AssertionScope.FailWith(String message)
   at FluentAssertions.Specialized.DelegateAssertionsBase`2.ThrowInternal[TException](Exception exception, String because, Object[] becauseArgs)
   at FluentAssertions.Specialized.DelegateAssertions`2.Throw[TException](String because, Object[] becauseArgs)
   at FileContentRenamer.Tests.Models.AppConfigTests.LoadFromConfiguration_WithMissingConfigFile_ShouldThrowException() in /Users/santibraida/Workspace/comprobantes/FileContentRenamer.Tests/Models/AppConfigTests.cs:line 116
   at System.RuntimeMethodHandle.InvokeMethod(Object target, Void** arguments, Signature sig, Boolean isConstructor)
   at System.Reflection.MethodBaseInvoker.InvokeWithNoArgs(Object obj, BindingFlags invokeAttr)</StackTrace>
        </ErrorInfo>
      </Output>
    </UnitTestResult>
    <UnitTestResult executionId="42c536db-9074-4f7b-b176-f8c02126a784" testId="c781d212-7be9-917b-2eb4-49e5e562dd6d" testName="FileContentRenamer.Tests.Models.AppConfigTests.LoadFromConfiguration_WithNoBasePath_ShouldUseCurrentDirectory" computerName="MacBook-Pro" duration="00:00:00.0813842" startTime="2025-08-11T23:49:30.4865520-03:00" endTime="2025-08-11T23:49:30.5625540-03:00" testType="13cdc9d9-ddb5-4fa4-a97d-d965ccfc6d4b" outcome="Passed" testListId="8c84fa94-04c1-424b-9868-57a2d4851a1d" relativeResultsDirectory="42c536db-9074-4f7b-b176-f8c02126a784" />
    <UnitTestResult executionId="dca727cd-f8d7-4cb4-8a1b-d3bfbf1a3afe" testId="9bedcbf1-e681-ce6a-b113-25e2deb4a524" testName="FileContentRenamer.Tests.Services.DateExtractorTests.ExtractDateFromContent_WithEmissionDateFormat_ShouldReturnCorrectDate" computerName="MacBook-Pro" duration="00:00:00.0000623" startTime="2025-08-11T23:49:30.3240370-03:00" endTime="2025-08-11T23:49:30.3240660-03:00" testType="13cdc9d9-ddb5-4fa4-a97d-d965ccfc6d4b" outcome="Passed" testListId="8c84fa94-04c1-424b-9868-57a2d4851a1d" relativeResultsDirectory="dca727cd-f8d7-4cb4-8a1b-d3bfbf1a3afe" />
    <UnitTestResult executionId="46e1c8f8-f357-4ce8-aa95-95fe1e129c32" testId="b03481c9-a037-f1b2-2c67-0334afa09a62" testName="FileContentRenamer.Tests.Services.ImageProcessorTests.ExtractContentAsync_WithNonExistentTessdataPath_ShouldReturnEmpty" computerName="MacBook-Pro" duration="00:00:00.2022220" startTime="2025-08-11T23:49:30.2897320-03:00" endTime="2025-08-11T23:49:30.5609090-03:00" testType="13cdc9d9-ddb5-4fa4-a97d-d965ccfc6d4b" outcome="Passed" testListId="8c84fa94-04c1-424b-9868-57a2d4851a1d" relativeResultsDirectory="46e1c8f8-f357-4ce8-aa95-95fe1e129c32" />
    <UnitTestResult executionId="55fb4fc5-f7fe-45e9-abcf-0a440e248ae8" testId="676f3c6c-0dc6-c09d-c183-6e86f532e720" testName="FileContentRenamer.Tests.Services.ImageProcessorTests.CanProcess_WithVariousCases_ShouldReturnCorrectResult(extension: &quot;.tiff&quot;)" computerName="MacBook-Pro" duration="00:00:00.0311704" startTime="2025-08-11T23:49:31.2785770-03:00" endTime="2025-08-11T23:49:31.2879680-03:00" testType="13cdc9d9-ddb5-4fa4-a97d-d965ccfc6d4b" outcome="Passed" testListId="8c84fa94-04c1-424b-9868-57a2d4851a1d" relativeResultsDirectory="55fb4fc5-f7fe-45e9-abcf-0a440e248ae8" />
    <UnitTestResult executionId="4f0dd7a6-3972-4136-866c-e5cbc64906d0" testId="a366a934-60e2-7009-7a6f-f68837f539c2" testName="FileContentRenamer.Tests.Services.FileValidatorTests.ValidateConfiguration_WithValidConfig_ShouldReturnTrue" computerName="MacBook-Pro" duration="00:00:00.0929504" startTime="2025-08-11T23:49:30.0203380-03:00" endTime="2025-08-11T23:49:30.1733020-03:00" testType="13cdc9d9-ddb5-4fa4-a97d-d965ccfc6d4b" outcome="Passed" testListId="8c84fa94-04c1-424b-9868-57a2d4851a1d" relativeResultsDirectory="4f0dd7a6-3972-4136-866c-e5cbc64906d0" />
    <UnitTestResult executionId="279451cd-beb1-4464-b704-2e46a648d315" testId="5ae8a96a-c13f-5288-d649-6a496b108bc8" testName="FileContentRenamer.Tests.Models.AppConfigTests.Properties_ShouldBeSettable" computerName="MacBook-Pro" duration="00:00:00.0060174" startTime="2025-08-11T23:49:30.4573490-03:00" endTime="2025-08-11T23:49:30.4840310-03:00" testType="13cdc9d9-ddb5-4fa4-a97d-d965ccfc6d4b" outcome="Passed" testListId="8c84fa94-04c1-424b-9868-57a2d4851a1d" relativeResultsDirectory="279451cd-beb1-4464-b704-2e46a648d315" />
    <UnitTestResult executionId="b87b57fc-a7f7-474b-b266-ef575cfbd12c" testId="7511a43c-a4b1-13d6-6238-776526db53ad" testName="FileContentRenamer.Tests.Services.ImageProcessorTests.Constructor_WithNonExistentTesseractDataPath_ShouldCreateDirectory" computerName="MacBook-Pro" duration="00:00:00.0660949" startTime="2025-08-11T23:49:30.9906940-03:00" endTime="2025-08-11T23:49:31.0343000-03:00" testType="13cdc9d9-ddb5-4fa4-a97d-d965ccfc6d4b" outcome="Passed" testListId="8c84fa94-04c1-424b-9868-57a2d4851a1d" relativeResultsDirectory="b87b57fc-a7f7-474b-b266-ef575cfbd12c" />
    <UnitTestResult executionId="3a8b3428-3426-4c5b-be9b-cbbfb974d7de" testId="6d830e63-8fcb-8140-fe0b-9a127d46ab00" testName="FileContentRenamer.Tests.Services.FileValidatorTests.ShouldProcessFile_WithValidExtensions_ShouldReturnTrue(extension: &quot;.jpg&quot;)" computerName="MacBook-Pro" duration="00:00:00.0002772" startTime="2025-08-11T23:49:30.2804620-03:00" endTime="2025-08-11T23:49:30.2805030-03:00" testType="13cdc9d9-ddb5-4fa4-a97d-d965ccfc6d4b" outcome="Passed" testListId="8c84fa94-04c1-424b-9868-57a2d4851a1d" relativeResultsDirectory="3a8b3428-3426-4c5b-be9b-cbbfb974d7de" />
    <UnitTestResult executionId="239e3001-99b0-4d60-b5c5-c3d9e7e2e096" testId="97a9732c-79a7-6428-f306-649df62803fe" testName="FileContentRenamer.Tests.Services.ImageProcessorTests.CanProcess_WithImageExtensions_ShouldReturnTrue(extension: &quot;.jpeg&quot;)" computerName="MacBook-Pro" duration="00:00:00.0328839" startTime="2025-08-11T23:49:30.6594490-03:00" endTime="2025-08-11T23:49:30.6698530-03:00" testType="13cdc9d9-ddb5-4fa4-a97d-d965ccfc6d4b" outcome="Passed" testListId="8c84fa94-04c1-424b-9868-57a2d4851a1d" relativeResultsDirectory="239e3001-99b0-4d60-b5c5-c3d9e7e2e096" />
    <UnitTestResult executionId="32fd6edc-2862-43bd-bd53-3f774cb8edae" testId="d2b73dd7-fca3-9997-7025-63c5332128cb" testName="FileContentRenamer.Tests.Services.ImageProcessorTests.Constructor_WithExistingTessdataPath_ShouldLogInformation" computerName="MacBook-Pro" duration="00:00:00.0632794" startTime="2025-08-11T23:49:31.5509190-03:00" endTime="2025-08-11T23:49:31.5897450-03:00" testType="13cdc9d9-ddb5-4fa4-a97d-d965ccfc6d4b" outcome="Passed" testListId="8c84fa94-04c1-424b-9868-57a2d4851a1d" relativeResultsDirectory="32fd6edc-2862-43bd-bd53-3f774cb8edae" />
    <UnitTestResult executionId="9420e005-5269-4953-8e50-b31c1884449d" testId="154b1187-a8fe-288a-dff0-88f9c1f03683" testName="FileContentRenamer.Tests.Models.NamingRuleTests.Matches_WithNullContent_ShouldReturnFalse" computerName="MacBook-Pro" duration="00:00:00.0001008" startTime="2025-08-11T23:49:30.0678670-03:00" endTime="2025-08-11T23:49:30.0678970-03:00" testType="13cdc9d9-ddb5-4fa4-a97d-d965ccfc6d4b" outcome="Passed" testListId="8c84fa94-04c1-424b-9868-57a2d4851a1d" relativeResultsDirectory="9420e005-5269-4953-8e50-b31c1884449d" />
    <UnitTestResult executionId="9c067070-8771-4171-8041-2a7bd7b6d0d5" testId="77219b7a-0f6b-514e-c829-c9674c2f30c4" testName="FileContentRenamer.Tests.Services.FileValidatorTests.ShouldProcessFile_WithDifferentCasing_ShouldBeCaseInsensitive(filename: &quot;test.pDf&quot;)" computerName="MacBook-Pro" duration="00:00:00.0004466" startTime="2025-08-11T23:49:30.2832360-03:00" endTime="2025-08-11T23:49:30.2832810-03:00" testType="13cdc9d9-ddb5-4fa4-a97d-d965ccfc6d4b" outcome="Passed" testListId="8c84fa94-04c1-424b-9868-57a2d4851a1d" relativeResultsDirectory="9c067070-8771-4171-8041-2a7bd7b6d0d5" />
    <UnitTestResult executionId="23df0795-f006-4ff5-b871-8ab03055fd7b" testId="19ed11aa-a710-6873-89bb-77d5892f3032" testName="FileContentRenamer.Tests.Services.TextProcessorTests.ExtractContentAsync_WithEmptyFile_ShouldReturnEmptyString" computerName="MacBook-Pro" duration="00:00:00.0036668" startTime="2025-08-11T23:49:30.4011410-03:00" endTime="2025-08-11T23:49:30.4011900-03:00" testType="13cdc9d9-ddb5-4fa4-a97d-d965ccfc6d4b" outcome="Passed" testListId="8c84fa94-04c1-424b-9868-57a2d4851a1d" relativeResultsDirectory="23df0795-f006-4ff5-b871-8ab03055fd7b" />
    <UnitTestResult executionId="86a32f5d-bf03-410c-b397-f21caba6d4a5" testId="eff1fee9-aafb-67b9-c268-648d008d92e6" testName="FileContentRenamer.Tests.Services.FilenameGeneratorTests.GenerateFilename_WithNullDate_ShouldUseCurrentDate" computerName="MacBook-Pro" duration="00:00:00.0017141" startTime="2025-08-11T23:49:30.2432520-03:00" endTime="2025-08-11T23:49:30.2432950-03:00" testType="13cdc9d9-ddb5-4fa4-a97d-d965ccfc6d4b" outcome="Passed" testListId="8c84fa94-04c1-424b-9868-57a2d4851a1d" relativeResultsDirectory="86a32f5d-bf03-410c-b397-f21caba6d4a5" />
    <UnitTestResult executionId="4f1cdf4f-ca0f-40c3-850a-d90ba04395a7" testId="9ceef6d7-c6e7-377c-fe84-df2fd32fca20" testName="FileContentRenamer.Tests.Services.FileValidatorTests.ShouldProcessFile_WithEmptyPath_ShouldReturnFalse" computerName="MacBook-Pro" duration="00:00:00.0004433" startTime="2025-08-11T23:49:30.3143880-03:00" endTime="2025-08-11T23:49:30.3160790-03:00" testType="13cdc9d9-ddb5-4fa4-a97d-d965ccfc6d4b" outcome="Passed" testListId="8c84fa94-04c1-424b-9868-57a2d4851a1d" relativeResultsDirectory="4f1cdf4f-ca0f-40c3-850a-d90ba04395a7" />
    <UnitTestResult executionId="c7790a3d-234a-4a84-b686-a2a584a95e96" testId="2fcf9509-91d2-8211-d6e4-a72c7870e72f" testName="FileContentRenamer.Tests.Services.ImageProcessorTests.CanProcess_WithImageExtensionsDifferentCasing_ShouldReturnTrue(extension: &quot;.JPEG&quot;)" computerName="MacBook-Pro" duration="00:00:00.0333568" startTime="2025-08-11T23:49:30.8877780-03:00" endTime="2025-08-11T23:49:30.8968290-03:00" testType="13cdc9d9-ddb5-4fa4-a97d-d965ccfc6d4b" outcome="Passed" testListId="8c84fa94-04c1-424b-9868-57a2d4851a1d" relativeResultsDirectory="c7790a3d-234a-4a84-b686-a2a584a95e96" />
    <UnitTestResult executionId="928487ff-d937-4000-a483-4c13c790a73d" testId="824839a8-20c1-e236-c120-b27a5f944d83" testName="FileContentRenamer.Tests.Services.DirectoryOrganizerTests.GetMonthName_WithValidMonth_ShouldReturnSpanishName(monthNumber: 7, expected: &quot;julio&quot;)" computerName="MacBook-Pro" duration="00:00:00.0001034" startTime="2025-08-11T23:49:30.3591790-03:00" endTime="2025-08-11T23:49:30.3592170-03:00" testType="13cdc9d9-ddb5-4fa4-a97d-d965ccfc6d4b" outcome="Passed" testListId="8c84fa94-04c1-424b-9868-57a2d4851a1d" relativeResultsDirectory="928487ff-d937-4000-a483-4c13c790a73d" />
    <UnitTestResult executionId="1130c138-075b-41d1-961d-23101ba871da" testId="ee802fc6-9af0-1284-c4b7-a8377911ec00" testName="FileContentRenamer.Tests.Services.TextProcessorTests.CanProcess_WithNonTxtExtension_ShouldReturnFalse(filename: &quot;test&quot;)" computerName="MacBook-Pro" duration="00:00:00.0000954" startTime="2025-08-11T23:49:30.4001430-03:00" endTime="2025-08-11T23:49:30.4001850-03:00" testType="13cdc9d9-ddb5-4fa4-a97d-d965ccfc6d4b" outcome="Passed" testListId="8c84fa94-04c1-424b-9868-57a2d4851a1d" relativeResultsDirectory="1130c138-075b-41d1-961d-23101ba871da" />
    <UnitTestResult executionId="edd463ee-f855-4329-ae85-7499d0b2de98" testId="0879aeff-9eea-f072-4fd3-f308a5ff4abd" testName="FileContentRenamer.Tests.Services.ImageProcessorTests.CanProcess_WithImageExtensions_ShouldReturnTrue(extension: &quot;.jpg&quot;)" computerName="MacBook-Pro" duration="00:00:00.0316962" startTime="2025-08-11T23:49:30.7224010-03:00" endTime="2025-08-11T23:49:30.7321440-03:00" testType="13cdc9d9-ddb5-4fa4-a97d-d965ccfc6d4b" outcome="Passed" testListId="8c84fa94-04c1-424b-9868-57a2d4851a1d" relativeResultsDirectory="edd463ee-f855-4329-ae85-7499d0b2de98" />
    <UnitTestResult executionId="c71ba455-4a79-4abd-b77d-50d2d708afdb" testId="019703dd-2e5c-665b-f543-025b13ca7b6d" testName="FileContentRenamer.Tests.Services.FilenameGeneratorTests.GenerateFilename_WithNullDirectory_ShouldReturnOriginalFilename" computerName="MacBook-Pro" duration="00:00:00.0015159" startTime="2025-08-11T23:49:30.4881800-03:00" endTime="2025-08-11T23:49:30.4895650-03:00" testType="13cdc9d9-ddb5-4fa4-a97d-d965ccfc6d4b" outcome="Passed" testListId="8c84fa94-04c1-424b-9868-57a2d4851a1d" relativeResultsDirectory="c71ba455-4a79-4abd-b77d-50d2d708afdb" />
    <UnitTestResult executionId="ef7bc9a6-28b6-4ae2-9653-d1623b4d783d" testId="1ae426c8-73f8-48b1-c4fd-f2736013951b" testName="FileContentRenamer.Tests.Services.TextProcessorTests.ExtractContentAsync_WithNonExistentFile_ShouldReturnEmptyString" computerName="MacBook-Pro" duration="00:00:00.0006711" startTime="2025-08-11T23:49:30.3644710-03:00" endTime="2025-08-11T23:49:30.3707880-03:00" testType="13cdc9d9-ddb5-4fa4-a97d-d965ccfc6d4b" outcome="Passed" testListId="8c84fa94-04c1-424b-9868-57a2d4851a1d" relativeResultsDirectory="ef7bc9a6-28b6-4ae2-9653-d1623b4d783d" />
    <UnitTestResult executionId="c9c0b920-28f4-4dd6-b662-2740db59f082" testId="079ffdd2-77ff-69de-b8c6-9423e86a8bc9" testName="FileContentRenamer.Tests.Services.DirectoryOrganizerTests.GetMonthName_WithInvalidMonth_ShouldReturnUnknown(monthNumber: -1)" computerName="MacBook-Pro" duration="00:00:00.0012969" startTime="2025-08-11T23:49:30.3634020-03:00" endTime="2025-08-11T23:49:30.3645190-03:00" testType="13cdc9d9-ddb5-4fa4-a97d-d965ccfc6d4b" outcome="Passed" testListId="8c84fa94-04c1-424b-9868-57a2d4851a1d" relativeResultsDirectory="c9c0b920-28f4-4dd6-b662-2740db59f082" />
    <UnitTestResult executionId="9123657b-ea16-4065-b93d-fdb73118c826" testId="72cdf8b5-0c4a-e649-1b33-3003eb144b1a" testName="FileContentRenamer.Tests.Services.TextProcessorTests.CanProcess_WithNonTxtExtension_ShouldReturnFalse(filename: &quot;test.docx&quot;)" computerName="MacBook-Pro" duration="00:00:00.0000931" startTime="2025-08-11T23:49:30.4008110-03:00" endTime="2025-08-11T23:49:30.4008540-03:00" testType="13cdc9d9-ddb5-4fa4-a97d-d965ccfc6d4b" outcome="Passed" testListId="8c84fa94-04c1-424b-9868-57a2d4851a1d" relativeResultsDirectory="9123657b-ea16-4065-b93d-fdb73118c826" />
    <UnitTestResult executionId="f499d43b-b705-4397-9ac6-085802561470" testId="673ac6d3-d960-9ab3-69aa-92efadf19225" testName="FileContentRenamer.Tests.Models.NamingRuleTests.Matches_WithMissingKeywords_ShouldReturnFalse" computerName="MacBook-Pro" duration="00:00:00.0081321" startTime="2025-08-11T23:49:30.0202290-03:00" endTime="2025-08-11T23:49:30.0208410-03:00" testType="13cdc9d9-ddb5-4fa4-a97d-d965ccfc6d4b" outcome="Passed" testListId="8c84fa94-04c1-424b-9868-57a2d4851a1d" relativeResultsDirectory="f499d43b-b705-4397-9ac6-085802561470" />
    <UnitTestResult executionId="bf9dd19f-3e33-45c3-97ab-29c75f5db5b2" testId="5350316f-15de-b350-a21b-48de21601546" testName="FileContentRenamer.Tests.Services.PdfProcessorTests.CanProcess_WithNonPdfExtension_ShouldReturnFalse(filename: &quot;test&quot;)" computerName="MacBook-Pro" duration="00:00:00.0009601" startTime="2025-08-11T23:49:30.4860300-03:00" endTime="2025-08-11T23:49:30.4869490-03:00" testType="13cdc9d9-ddb5-4fa4-a97d-d965ccfc6d4b" outcome="Passed" testListId="8c84fa94-04c1-424b-9868-57a2d4851a1d" relativeResultsDirectory="bf9dd19f-3e33-45c3-97ab-29c75f5db5b2" />
    <UnitTestResult executionId="6d58c3ea-0fe9-4360-8432-fce425a710ec" testId="af647e92-1ce2-064d-3a84-3476cb46d127" testName="FileContentRenamer.Tests.Services.TextProcessorTests.CanProcess_WithNonTxtExtension_ShouldReturnFalse(filename: &quot;test.pdf&quot;)" computerName="MacBook-Pro" duration="00:00:00.0002521" startTime="2025-08-11T23:49:30.3995260-03:00" endTime="2025-08-11T23:49:30.3995700-03:00" testType="13cdc9d9-ddb5-4fa4-a97d-d965ccfc6d4b" outcome="Passed" testListId="8c84fa94-04c1-424b-9868-57a2d4851a1d" relativeResultsDirectory="6d58c3ea-0fe9-4360-8432-fce425a710ec" />
    <UnitTestResult executionId="5bafdfe0-3bf1-4a1a-8b68-b72a45d1d2ea" testId="3a8b252e-af29-2782-c8cf-4c2dc2637787" testName="FileContentRenamer.Tests.Services.DirectoryOrganizerTests.GetMonthName_WithValidMonth_ShouldReturnSpanishName(monthNumber: 8, expected: &quot;agosto&quot;)" computerName="MacBook-Pro" duration="00:00:00.0001023" startTime="2025-08-11T23:49:30.3572870-03:00" endTime="2025-08-11T23:49:30.3573380-03:00" testType="13cdc9d9-ddb5-4fa4-a97d-d965ccfc6d4b" outcome="Passed" testListId="8c84fa94-04c1-424b-9868-57a2d4851a1d" relativeResultsDirectory="5bafdfe0-3bf1-4a1a-8b68-b72a45d1d2ea" />
    <UnitTestResult executionId="ed474e53-6244-4c54-bba2-0cc5950df064" testId="62f5d1dd-bd59-22f3-6b49-8433f76fa54e" testName="FileContentRenamer.Tests.Services.DateExtractorTests.ExtractDateFromFilename_WithVariousValidFormats_ShouldReturnCorrectDates(filename: &quot;invoice_2025-06-15_bank&quot;, expected: &quot;2025-06-15&quot;)" computerName="MacBook-Pro" duration="00:00:00.0000530" startTime="2025-08-11T23:49:30.3181940-03:00" endTime="2025-08-11T23:49:30.3183810-03:00" testType="13cdc9d9-ddb5-4fa4-a97d-d965ccfc6d4b" outcome="Passed" testListId="8c84fa94-04c1-424b-9868-57a2d4851a1d" relativeResultsDirectory="ed474e53-6244-4c54-bba2-0cc5950df064" />
    <UnitTestResult executionId="4aa2cfc6-101a-4933-9e60-dcc9de4d2716" testId="e2ab17d6-1636-8e4d-ad78-a6d89568282f" testName="FileContentRenamer.Tests.Services.FilenameGeneratorTests.CleanupFileName_WithVariousInputs_ShouldReturnCleanedName(input: &quot;file&lt;&gt;name&quot;, expected: &quot;file&lt;&gt;name&quot;)" computerName="MacBook-Pro" duration="00:00:00.0000099" startTime="2025-08-11T23:49:30.2374050-03:00" endTime="2025-08-11T23:49:30.2374340-03:00" testType="13cdc9d9-ddb5-4fa4-a97d-d965ccfc6d4b" outcome="Passed" testListId="8c84fa94-04c1-424b-9868-57a2d4851a1d" relativeResultsDirectory="4aa2cfc6-101a-4933-9e60-dcc9de4d2716" />
    <UnitTestResult executionId="89e65e74-bd2a-44ae-abad-fc8240c13ffe" testId="3573ba78-e31a-2e6c-5278-821f59ce87a6" testName="FileContentRenamer.Tests.Services.ImageProcessorTests.CanProcess_WithVariousCases_ShouldReturnCorrectResult(extension: &quot;.TIF&quot;)" computerName="MacBook-Pro" duration="00:00:00.0270427" startTime="2025-08-11T23:49:31.2197910-03:00" endTime="2025-08-11T23:49:31.2278100-03:00" testType="13cdc9d9-ddb5-4fa4-a97d-d965ccfc6d4b" outcome="Passed" testListId="8c84fa94-04c1-424b-9868-57a2d4851a1d" relativeResultsDirectory="89e65e74-bd2a-44ae-abad-fc8240c13ffe" />
    <UnitTestResult executionId="940434bb-59a3-461c-abfe-35615522e7e6" testId="d406e03e-ed03-b142-d7d1-88f454f977cb" testName="FileContentRenamer.Tests.Services.ImageProcessorTests.CanProcess_WithNonImageExtension_ShouldReturnFalse(extension: &quot;test&quot;)" computerName="MacBook-Pro" duration="00:00:00.0308394" startTime="2025-08-11T23:49:30.5611900-03:00" endTime="2025-08-11T23:49:30.5633940-03:00" testType="13cdc9d9-ddb5-4fa4-a97d-d965ccfc6d4b" outcome="Passed" testListId="8c84fa94-04c1-424b-9868-57a2d4851a1d" relativeResultsDirectory="940434bb-59a3-461c-abfe-35615522e7e6" />
    <UnitTestResult executionId="b5813953-a94e-4c50-b4c4-c44e807bb4c0" testId="4cd48cba-1ee4-9efa-c790-541706c3159b" testName="FileContentRenamer.Tests.Services.FileValidatorTests.ValidateFileSize_WithLargeFile_ShouldLogWarning" computerName="MacBook-Pro" duration="00:00:00.1105901" startTime="2025-08-11T23:49:30.2348700-03:00" endTime="2025-08-11T23:49:30.2777040-03:00" testType="13cdc9d9-ddb5-4fa4-a97d-d965ccfc6d4b" outcome="Passed" testListId="8c84fa94-04c1-424b-9868-57a2d4851a1d" relativeResultsDirectory="b5813953-a94e-4c50-b4c4-c44e807bb4c0" />
    <UnitTestResult executionId="b73845c9-8359-4d0e-b350-1087b0091086" testId="0316afba-cad9-583a-5a60-4cda40610283" testName="FileContentRenamer.Tests.Services.DateExtractorTests.ExtractDateFromFilename_WithVariousValidFormats_ShouldReturnCorrectDates(filename: &quot;service_2024-01-01_payment&quot;, expected: &quot;2024-01-01&quot;)" computerName="MacBook-Pro" duration="00:00:00.0002175" startTime="2025-08-11T23:49:30.3187850-03:00" endTime="2025-08-11T23:49:30.3190270-03:00" testType="13cdc9d9-ddb5-4fa4-a97d-d965ccfc6d4b" outcome="Passed" testListId="8c84fa94-04c1-424b-9868-57a2d4851a1d" relativeResultsDirectory="b73845c9-8359-4d0e-b350-1087b0091086" />
    <UnitTestResult executionId="446e94a6-8a95-4ad0-b54c-8901c2b8cf4c" testId="b9d72b25-82ca-6ec3-5870-6ffcc88918e2" testName="FileContentRenamer.Tests.Services.DirectoryOrganizerTests.GetMonthName_WithValidMonth_ShouldReturnSpanishName(monthNumber: 10, expected: &quot;octubre&quot;)" computerName="MacBook-Pro" duration="00:00:00.0002703" startTime="2025-08-11T23:49:30.3568590-03:00" endTime="2025-08-11T23:49:30.3569060-03:00" testType="13cdc9d9-ddb5-4fa4-a97d-d965ccfc6d4b" outcome="Passed" testListId="8c84fa94-04c1-424b-9868-57a2d4851a1d" relativeResultsDirectory="446e94a6-8a95-4ad0-b54c-8901c2b8cf4c" />
    <UnitTestResult executionId="a66e5595-1563-4455-a3f6-50b87992867e" testId="ba6808c0-f426-8a5b-0695-d6b57a217c84" testName="FileContentRenamer.Tests.Services.DateExtractorTests.ExtractDateFromContent_WithEmptyContent_ShouldReturnEmptyString" computerName="MacBook-Pro" duration="00:00:00.0000445" startTime="2025-08-11T23:49:30.3197580-03:00" endTime="2025-08-11T23:49:30.3197850-03:00" testType="13cdc9d9-ddb5-4fa4-a97d-d965ccfc6d4b" outcome="Passed" testListId="8c84fa94-04c1-424b-9868-57a2d4851a1d" relativeResultsDirectory="a66e5595-1563-4455-a3f6-50b87992867e" />
    <UnitTestResult executionId="71401497-0d2d-4bb8-95c9-6b2755ba0393" testId="80bc6a5a-eb03-5068-fdbc-47b2721cfaa4" testName="FileContentRenamer.Tests.Services.ImageProcessorTests.CanProcess_WithImageExtensionsDifferentCasing_ShouldReturnTrue(extension: &quot;.JPG&quot;)" computerName="MacBook-Pro" duration="00:00:00.0333489" startTime="2025-08-11T23:49:30.8533130-03:00" endTime="2025-08-11T23:49:30.8633780-03:00" testType="13cdc9d9-ddb5-4fa4-a97d-d965ccfc6d4b" outcome="Passed" testListId="8c84fa94-04c1-424b-9868-57a2d4851a1d" relativeResultsDirectory="71401497-0d2d-4bb8-95c9-6b2755ba0393" />
    <UnitTestResult executionId="c0604800-1a48-4738-a1c0-873bb3781eda" testId="44b78ff5-3e7b-b701-e798-52be3aafb6cb" testName="FileContentRenamer.Tests.Services.FilenameGeneratorTests.GenerateUniqueFilename_WithMultipleExistingFiles_ShouldReturnNextAvailableNumber" computerName="MacBook-Pro" duration="00:00:00.0036989" startTime="2025-08-11T23:49:30.4807620-03:00" endTime="2025-08-11T23:49:30.4834020-03:00" testType="13cdc9d9-ddb5-4fa4-a97d-d965ccfc6d4b" outcome="Passed" testListId="8c84fa94-04c1-424b-9868-57a2d4851a1d" relativeResultsDirectory="c0604800-1a48-4738-a1c0-873bb3781eda" />
    <UnitTestResult executionId="1e78fdfc-25a2-4398-89b5-540f03af2345" testId="5427cc3b-bb61-15d0-6750-2643c69cfab7" testName="FileContentRenamer.Tests.Models.AppConfigTests.Constructor_ShouldSetDefaultValues" computerName="MacBook-Pro" duration="00:00:00.0003051" startTime="2025-08-11T23:49:30.4845140-03:00" endTime="2025-08-11T23:49:30.4861600-03:00" testType="13cdc9d9-ddb5-4fa4-a97d-d965ccfc6d4b" outcome="Passed" testListId="8c84fa94-04c1-424b-9868-57a2d4851a1d" relativeResultsDirectory="1e78fdfc-25a2-4398-89b5-540f03af2345" />
    <UnitTestResult executionId="ffe4cf7b-d480-41d9-b760-c9f14f74ca49" testId="a0ca8000-3ed1-5654-296c-23ca811068ca" testName="FileContentRenamer.Tests.Services.DateExtractorTests.ExtractDateFromContent_WithVariousGenericDates_ShouldReturnCorrectDates(content: &quot;01/01/2025&quot;, expected: &quot;2025-01-01&quot;)" computerName="MacBook-Pro" duration="00:00:00.0000061" startTime="2025-08-11T23:49:30.3542650-03:00" endTime="2025-08-11T23:49:30.3542960-03:00" testType="13cdc9d9-ddb5-4fa4-a97d-d965ccfc6d4b" outcome="Passed" testListId="8c84fa94-04c1-424b-9868-57a2d4851a1d" relativeResultsDirectory="ffe4cf7b-d480-41d9-b760-c9f14f74ca49" />
    <UnitTestResult executionId="e486b7be-edcc-4522-9838-496f119a98fd" testId="de5e6aa9-ab12-14ed-551c-79528da15404" testName="FileContentRenamer.Tests.Services.PdfProcessorTests.ExtractContentAsync_WithNonPdfFile_ShouldThrowException" computerName="MacBook-Pro" duration="00:00:00.0028665" startTime="2025-08-11T23:49:30.5405660-03:00" endTime="2025-08-11T23:49:30.5593820-03:00" testType="13cdc9d9-ddb5-4fa4-a97d-d965ccfc6d4b" outcome="Passed" testListId="8c84fa94-04c1-424b-9868-57a2d4851a1d" relativeResultsDirectory="e486b7be-edcc-4522-9838-496f119a98fd" />
    <UnitTestResult executionId="585bc36a-a965-4d3d-9f9d-3795ce5c1c5d" testId="5126ad9e-208d-14c5-d223-4d3af568be87" testName="FileContentRenamer.Tests.Services.FilenameGeneratorTests.GenerateFilename_WithNoDateInContent_ShouldUseCurrentDate" computerName="MacBook-Pro" duration="00:00:00.0215527" startTime="2025-08-11T23:49:30.2429400-03:00" endTime="2025-08-11T23:49:30.2429670-03:00" testType="13cdc9d9-ddb5-4fa4-a97d-d965ccfc6d4b" outcome="Passed" testListId="8c84fa94-04c1-424b-9868-57a2d4851a1d" relativeResultsDirectory="585bc36a-a965-4d3d-9f9d-3795ce5c1c5d" />
    <UnitTestResult executionId="49090dfd-3d85-4b0b-8660-f9d7506d7823" testId="871d08c9-a126-7256-6ea3-61a20f361a2f" testName="FileContentRenamer.Tests.Services.ImageProcessorTests.ExtractContentAsync_WithInvalidTesseractDataPath_ShouldReturnEmpty" computerName="MacBook-Pro" duration="00:00:00.0567579" startTime="2025-08-11T23:49:31.7234450-03:00" endTime="2025-08-11T23:49:31.7606620-03:00" testType="13cdc9d9-ddb5-4fa4-a97d-d965ccfc6d4b" outcome="Passed" testListId="8c84fa94-04c1-424b-9868-57a2d4851a1d" relativeResultsDirectory="49090dfd-3d85-4b0b-8660-f9d7506d7823" />
    <UnitTestResult executionId="7a0f4882-c172-495a-bb4c-b4ce2e8a5822" testId="5a50abd3-c508-1b87-194f-cbac6ded3d5c" testName="FileContentRenamer.Tests.Services.PdfProcessorTests.ExtractContentAsync_WithValidPdfFile_ShouldProcessPagesUpToLimit" computerName="MacBook-Pro" duration="00:00:00.1196706" startTime="2025-08-11T23:49:30.2918680-03:00" endTime="2025-08-11T23:49:30.4801140-03:00" testType="13cdc9d9-ddb5-4fa4-a97d-d965ccfc6d4b" outcome="Passed" testListId="8c84fa94-04c1-424b-9868-57a2d4851a1d" relativeResultsDirectory="7a0f4882-c172-495a-bb4c-b4ce2e8a5822" />
    <UnitTestResult executionId="57314908-b128-4265-aec3-bcd49ee3c1af" testId="30667a3d-da81-f223-5d62-6b3c054e0a23" testName="FileContentRenamer.Tests.Services.PdfProcessorTests.CanProcess_WithPdfExtensionDifferentCasing_ShouldReturnTrue(filename: &quot;test.pDf&quot;)" computerName="MacBook-Pro" duration="00:00:00.0001163" startTime="2025-08-11T23:49:30.4823140-03:00" endTime="2025-08-11T23:49:30.4823630-03:00" testType="13cdc9d9-ddb5-4fa4-a97d-d965ccfc6d4b" outcome="Passed" testListId="8c84fa94-04c1-424b-9868-57a2d4851a1d" relativeResultsDirectory="57314908-b128-4265-aec3-bcd49ee3c1af" />
    <UnitTestResult executionId="5b21fbf8-fe68-4a78-8143-b5d56f86dafa" testId="4a85101f-96ab-da99-c27c-46820deea64a" testName="FileContentRenamer.Tests.Services.FilenameGeneratorTests.CleanupFileName_WithVariousInputs_ShouldReturnCleanedName(input: &quot;valid_filename&quot;, expected: &quot;valid_filename&quot;)" computerName="MacBook-Pro" duration="00:00:00.0000081" startTime="2025-08-11T23:49:30.2368130-03:00" endTime="2025-08-11T23:49:30.2368400-03:00" testType="13cdc9d9-ddb5-4fa4-a97d-d965ccfc6d4b" outcome="Passed" testListId="8c84fa94-04c1-424b-9868-57a2d4851a1d" relativeResultsDirectory="5b21fbf8-fe68-4a78-8143-b5d56f86dafa" />
    <UnitTestResult executionId="97260489-a637-453f-8318-1e115542b991" testId="f8b329c4-164a-78d1-46cd-26aea567ce35" testName="FileContentRenamer.Tests.Services.ImageProcessorTests.CanProcess_WithNonImageExtension_ShouldReturnFalse(extension: &quot;.pdf&quot;)" computerName="MacBook-Pro" duration="00:00:00.0511354" startTime="2025-08-11T23:49:30.5636570-03:00" endTime="2025-08-11T23:49:30.5641820-03:00" testType="13cdc9d9-ddb5-4fa4-a97d-d965ccfc6d4b" outcome="Passed" testListId="8c84fa94-04c1-424b-9868-57a2d4851a1d" relativeResultsDirectory="97260489-a637-453f-8318-1e115542b991" />
    <UnitTestResult executionId="001528d7-bb3e-40e0-b99f-9046b45e46bd" testId="ff7c2091-3327-e767-4933-31644bd21f67" testName="FileContentRenamer.Tests.Configuration.ServiceConfigurationTests.ConfigureServices_ShouldRegisterAllServices" computerName="MacBook-Pro" duration="00:00:00.0760097" startTime="2025-08-11T23:49:30.1732470-03:00" endTime="2025-08-11T23:49:30.2439670-03:00" testType="13cdc9d9-ddb5-4fa4-a97d-d965ccfc6d4b" outcome="Passed" testListId="8c84fa94-04c1-424b-9868-57a2d4851a1d" relativeResultsDirectory="001528d7-bb3e-40e0-b99f-9046b45e46bd" />
    <UnitTestResult executionId="1a8a45dc-2166-41c1-a559-bea0bdfd8f4d" testId="7135bf06-d0f7-d1fd-424d-aa321ae4fc62" testName="FileContentRenamer.Tests.Services.DateExtractorTests.ExtractDateFromContent_WithDueDateFormat_ShouldReturnCorrectDate" computerName="MacBook-Pro" duration="00:00:00.0001218" startTime="2025-08-11T23:49:30.3158460-03:00" endTime="2025-08-11T23:49:30.3162920-03:00" testType="13cdc9d9-ddb5-4fa4-a97d-d965ccfc6d4b" outcome="Passed" testListId="8c84fa94-04c1-424b-9868-57a2d4851a1d" relativeResultsDirectory="1a8a45dc-2166-41c1-a559-bea0bdfd8f4d" />
    <UnitTestResult executionId="67a2991d-32d7-4db6-a5e2-81f27796ea8f" testId="f3287b07-b05f-116b-412b-e12a39926f98" testName="FileContentRenamer.Tests.Services.PdfProcessorTests.ExtractContentAsync_WithCorruptedPdfFile_ShouldReturnEmptyString" computerName="MacBook-Pro" duration="00:00:00.0034058" startTime="2025-08-11T23:49:30.4893150-03:00" endTime="2025-08-11T23:49:30.5128860-03:00" testType="13cdc9d9-ddb5-4fa4-a97d-d965ccfc6d4b" outcome="Passed" testListId="8c84fa94-04c1-424b-9868-57a2d4851a1d" relativeResultsDirectory="67a2991d-32d7-4db6-a5e2-81f27796ea8f" />
    <UnitTestResult executionId="9b591be7-e2bb-4015-a29c-fb74bd69782d" testId="1fee9821-3919-b84e-fa07-8bc4fb6625e5" testName="FileContentRenamer.Tests.Services.FileValidatorTests.ShouldProcessFile_WithDifferentCasing_ShouldBeCaseInsensitive(filename: &quot;test.Pdf&quot;)" computerName="MacBook-Pro" duration="00:00:00.0009471" startTime="2025-08-11T23:49:30.2829030-03:00" endTime="2025-08-11T23:49:30.2829460-03:00" testType="13cdc9d9-ddb5-4fa4-a97d-d965ccfc6d4b" outcome="Passed" testListId="8c84fa94-04c1-424b-9868-57a2d4851a1d" relativeResultsDirectory="9b591be7-e2bb-4015-a29c-fb74bd69782d" />
    <UnitTestResult executionId="04be973a-97c9-4b3f-b61f-41eedf4b935c" testId="1f6f6946-e988-6d1a-ad4a-0a9338273d33" testName="FileContentRenamer.Tests.Services.FileServiceTests.ProcessFilesAsync_WithSubdirectories_ShouldProcessAllFiles" computerName="MacBook-Pro" duration="00:00:00.0244722" startTime="2025-08-11T23:49:30.5592850-03:00" endTime="2025-08-11T23:49:30.5618490-03:00" testType="13cdc9d9-ddb5-4fa4-a97d-d965ccfc6d4b" outcome="Passed" testListId="8c84fa94-04c1-424b-9868-57a2d4851a1d" relativeResultsDirectory="04be973a-97c9-4b3f-b61f-41eedf4b935c" />
    <UnitTestResult executionId="6e693bac-90c6-44ed-b485-13ae52f37557" testId="74c0392b-8615-24d3-2fd0-e6af46d2098a" testName="FileContentRenamer.Tests.Models.NamingRulesTests.Constructor_WithParameters_ShouldSetValues" computerName="MacBook-Pro" duration="00:00:00.0371312" startTime="2025-08-11T23:49:30.1706750-03:00" endTime="2025-08-11T23:49:30.1707000-03:00" testType="13cdc9d9-ddb5-4fa4-a97d-d965ccfc6d4b" outcome="Passed" testListId="8c84fa94-04c1-424b-9868-57a2d4851a1d" relativeResultsDirectory="6e693bac-90c6-44ed-b485-13ae52f37557" />
    <UnitTestResult executionId="4e3ee2c1-f8d9-4245-8ffa-8cbf9c2c5b58" testId="52b61247-c43f-6660-c9e8-5fe03f0a7cdc" testName="FileContentRenamer.Tests.Services.FileServiceTests.ProcessFilesAsync_WithException_ShouldContinueProcessing" computerName="MacBook-Pro" duration="00:00:00.0405155" startTime="2025-08-11T23:49:30.4054920-03:00" endTime="2025-08-11T23:49:30.5117670-03:00" testType="13cdc9d9-ddb5-4fa4-a97d-d965ccfc6d4b" outcome="Passed" testListId="8c84fa94-04c1-424b-9868-57a2d4851a1d" relativeResultsDirectory="4e3ee2c1-f8d9-4245-8ffa-8cbf9c2c5b58" />
    <UnitTestResult executionId="e3aeaa93-ca51-484a-8e43-b8afe72ff564" testId="a8222741-473a-8061-b947-f4446415fedc" testName="FileContentRenamer.Tests.Services.FileValidatorTests.ValidateFileSize_WithNonExistentFile_ShouldNotThrow" computerName="MacBook-Pro" duration="00:00:00.0008102" startTime="2025-08-11T23:49:30.2825080-03:00" endTime="2025-08-11T23:49:30.2825600-03:00" testType="13cdc9d9-ddb5-4fa4-a97d-d965ccfc6d4b" outcome="Passed" testListId="8c84fa94-04c1-424b-9868-57a2d4851a1d" relativeResultsDirectory="e3aeaa93-ca51-484a-8e43-b8afe72ff564" />
    <UnitTestResult executionId="87dd4b29-600a-470c-a78f-77563917dd55" testId="5f70f144-9947-887e-d6e7-1aeb2f4f79bb" testName="FileContentRenamer.Tests.Services.ImageProcessorTests.CanProcess_WithNonImageExtension_ShouldReturnFalse(extension: &quot;.txt&quot;)" computerName="MacBook-Pro" duration="00:00:00.0285312" startTime="2025-08-11T23:49:30.5644890-03:00" endTime="2025-08-11T23:49:30.5691970-03:00" testType="13cdc9d9-ddb5-4fa4-a97d-d965ccfc6d4b" outcome="Passed" testListId="8c84fa94-04c1-424b-9868-57a2d4851a1d" relativeResultsDirectory="87dd4b29-600a-470c-a78f-77563917dd55" />
    <UnitTestResult executionId="b963928c-1ed4-447e-93a5-58e7d98f4ac5" testId="9f3779e0-204e-fe43-610e-1a907c82fa52" testName="FileContentRenamer.Tests.Services.FilenameGeneratorTests.IsAlreadyNamedFilename_WithCorrectFormat_ShouldReturnTrue" computerName="MacBook-Pro" duration="00:00:00.0002261" startTime="2025-08-11T23:49:30.4800640-03:00" endTime="2025-08-11T23:49:30.4804780-03:00" testType="13cdc9d9-ddb5-4fa4-a97d-d965ccfc6d4b" outcome="Passed" testListId="8c84fa94-04c1-424b-9868-57a2d4851a1d" relativeResultsDirectory="b963928c-1ed4-447e-93a5-58e7d98f4ac5" />
    <UnitTestResult executionId="b916e97f-b09c-4f9e-8a4f-402ced3bd067" testId="5d659f4c-0006-5095-6e01-261fba69eeb2" testName="FileContentRenamer.Tests.Services.FileValidatorTests.ShouldProcessFile_WithInvalidExtensions_ShouldReturnFalse(extension: &quot;.xlsx&quot;)" computerName="MacBook-Pro" duration="00:00:00.0340825" startTime="2025-08-11T23:49:30.1735980-03:00" endTime="2025-08-11T23:49:30.1736410-03:00" testType="13cdc9d9-ddb5-4fa4-a97d-d965ccfc6d4b" outcome="Passed" testListId="8c84fa94-04c1-424b-9868-57a2d4851a1d" relativeResultsDirectory="b916e97f-b09c-4f9e-8a4f-402ced3bd067" />
    <UnitTestResult executionId="fbefcc00-ba28-41b4-81b6-e77b2171bd63" testId="50fa8f71-8d78-c5b2-6484-06fffd5546d4" testName="FileContentRenamer.Tests.Services.FilenameGeneratorTests.GenerateUniqueFilename_WithExistingFile_ShouldReturnNumberedVersion" computerName="MacBook-Pro" duration="00:00:00.0006051" startTime="2025-08-11T23:49:30.4848290-03:00" endTime="2025-08-11T23:49:30.4865880-03:00" testType="13cdc9d9-ddb5-4fa4-a97d-d965ccfc6d4b" outcome="Passed" testListId="8c84fa94-04c1-424b-9868-57a2d4851a1d" relativeResultsDirectory="fbefcc00-ba28-41b4-81b6-e77b2171bd63" />
    <UnitTestResult executionId="ad94d400-6971-440c-9222-49370e66c4e9" testId="8bf8da02-6c6e-2191-c936-6121db66d388" testName="FileContentRenamer.Tests.Services.PdfProcessorTests.CanProcess_WithPdfExtensionVariations_ShouldReturnTrue(filename: &quot;DOCUMENT.PDF&quot;)" computerName="MacBook-Pro" duration="00:00:00.0002328" startTime="2025-08-11T23:49:30.5598530-03:00" endTime="2025-08-11T23:49:30.5599060-03:00" testType="13cdc9d9-ddb5-4fa4-a97d-d965ccfc6d4b" outcome="Passed" testListId="8c84fa94-04c1-424b-9868-57a2d4851a1d" relativeResultsDirectory="ad94d400-6971-440c-9222-49370e66c4e9" />
    <UnitTestResult executionId="10e6fed6-6525-454c-a0d0-eab5ef9f2bfa" testId="f7bbc740-e3de-3780-77bc-e74850eb0f4f" testName="FileContentRenamer.Tests.Models.AppConfigTests.SaveLastUsedPath_ShouldUpdateConfigFile" computerName="MacBook-Pro" duration="00:00:00.1255590" startTime="2025-08-11T23:49:30.6979740-03:00" endTime="2025-08-11T23:49:30.8213080-03:00" testType="13cdc9d9-ddb5-4fa4-a97d-d965ccfc6d4b" outcome="Passed" testListId="8c84fa94-04c1-424b-9868-57a2d4851a1d" relativeResultsDirectory="10e6fed6-6525-454c-a0d0-eab5ef9f2bfa" />
    <UnitTestResult executionId="e4cd9ae1-9aa8-45e4-9cec-7ceef17530e5" testId="1d19ec21-e870-5f10-f860-7ea25dd398b9" testName="FileContentRenamer.Tests.Services.DateExtractorTests.ExtractDateFromContent_WithVariousGenericDates_ShouldReturnCorrectDates(content: &quot;15/03/2024&quot;, expected: &quot;2024-03-15&quot;)" computerName="MacBook-Pro" duration="00:00:00.0000849" startTime="2025-08-11T23:49:30.3535490-03:00" endTime="2025-08-11T23:49:30.3536010-03:00" testType="13cdc9d9-ddb5-4fa4-a97d-d965ccfc6d4b" outcome="Passed" testListId="8c84fa94-04c1-424b-9868-57a2d4851a1d" relativeResultsDirectory="e4cd9ae1-9aa8-45e4-9cec-7ceef17530e5" />
    <UnitTestResult executionId="d5efee8d-e225-410c-9c6e-d02462d3b096" testId="ddd37070-3a26-e09f-cfe8-adfb9adc29e7" testName="FileContentRenamer.Tests.Configuration.ServiceConfigurationTests.ConfigureServices_WithValidConfig_ShouldRegisterSingletonAppConfig" computerName="MacBook-Pro" duration="00:00:00.0019085" startTime="2025-08-11T23:49:30.1728680-03:00" endTime="2025-08-11T23:49:30.1729320-03:00" testType="13cdc9d9-ddb5-4fa4-a97d-d965ccfc6d4b" outcome="Passed" testListId="8c84fa94-04c1-424b-9868-57a2d4851a1d" relativeResultsDirectory="d5efee8d-e225-410c-9c6e-d02462d3b096" />
    <UnitTestResult executionId="4e91930f-d103-4eb7-aedd-f8df6fdde512" testId="75b52445-788c-0c2d-ad1d-9437d196417b" testName="FileContentRenamer.Tests.Services.TextProcessorTests.ExtractContentAsync_WithMultilineContent_ShouldReturnContent" computerName="MacBook-Pro" duration="00:00:00.0058592" startTime="2025-08-11T23:49:30.3940040-03:00" endTime="2025-08-11T23:49:30.3957530-03:00" testType="13cdc9d9-ddb5-4fa4-a97d-d965ccfc6d4b" outcome="Passed" testListId="8c84fa94-04c1-424b-9868-57a2d4851a1d" relativeResultsDirectory="4e91930f-d103-4eb7-aedd-f8df6fdde512" />
    <UnitTestResult executionId="edffca28-e3c0-454d-816a-2f34350be503" testId="67877ab3-cd79-0712-f2c5-84dba6ba53b5" testName="FileContentRenamer.Tests.Services.FileValidatorTests.ShouldProcessFile_WithNullPath_ShouldReturnFalse" computerName="MacBook-Pro" duration="00:00:00.0003654" startTime="2025-08-11T23:49:30.3178670-03:00" endTime="2025-08-11T23:49:30.3182280-03:00" testType="13cdc9d9-ddb5-4fa4-a97d-d965ccfc6d4b" outcome="Passed" testListId="8c84fa94-04c1-424b-9868-57a2d4851a1d" relativeResultsDirectory="edffca28-e3c0-454d-816a-2f34350be503" />
    <UnitTestResult executionId="3bac95ed-855a-4fa2-9762-614163e86a22" testId="1f3ff8e1-e91a-ea79-b96f-cb3e726fda8c" testName="FileContentRenamer.Tests.Services.DirectoryOrganizerTests.OrganizeFileIntoDirectoryStructure_AlreadyInCorrectStructure_ShouldReturnSamePath" computerName="MacBook-Pro" duration="00:00:00.0006139" startTime="2025-08-11T23:49:30.4810700-03:00" endTime="2025-08-11T23:49:30.4814230-03:00" testType="13cdc9d9-ddb5-4fa4-a97d-d965ccfc6d4b" outcome="Passed" testListId="8c84fa94-04c1-424b-9868-57a2d4851a1d" relativeResultsDirectory="3bac95ed-855a-4fa2-9762-614163e86a22" />
    <UnitTestResult executionId="fc54a4f3-67fb-4bc4-b316-e9eccb3a4e31" testId="999b4cf4-0fb5-ec67-530a-d59638da1c9d" testName="FileContentRenamer.Tests.Services.DateExtractorTests.ExtractDateFromContent_WithInvalidSpanishMonth_ShouldFallbackToOtherFormats" computerName="MacBook-Pro" duration="00:00:00.0000608" startTime="2025-08-11T23:49:30.3285720-03:00" endTime="2025-08-11T23:49:30.3286710-03:00" testType="13cdc9d9-ddb5-4fa4-a97d-d965ccfc6d4b" outcome="Passed" testListId="8c84fa94-04c1-424b-9868-57a2d4851a1d" relativeResultsDirectory="fc54a4f3-67fb-4bc4-b316-e9eccb3a4e31" />
    <UnitTestResult executionId="7b002b67-9dda-493e-ae80-51b433e18ef6" testId="fde0012a-20a9-aebc-bee1-b5bf65a4ee27" testName="FileContentRenamer.Tests.Models.NamingRulesTests.FindMatchingRule_WithFirstRuleMatching_ShouldReturnFirstRule" computerName="MacBook-Pro" duration="00:00:00.0002191" startTime="2025-08-11T23:49:30.1712740-03:00" endTime="2025-08-11T23:49:30.1713010-03:00" testType="13cdc9d9-ddb5-4fa4-a97d-d965ccfc6d4b" outcome="Passed" testListId="8c84fa94-04c1-424b-9868-57a2d4851a1d" relativeResultsDirectory="7b002b67-9dda-493e-ae80-51b433e18ef6" />
    <UnitTestResult executionId="8a91ec72-8cd5-45a6-9fa2-5d1ad6880e1b" testId="70962b03-3000-68e4-fd2c-d9ce13588e5d" testName="FileContentRenamer.Tests.Services.TextProcessorTests.CanProcess_WithTxtExtensionDifferentCasing_ShouldReturnTrue(filename: &quot;test.tXt&quot;)" computerName="MacBook-Pro" duration="00:00:00.0002361" startTime="2025-08-11T23:49:30.4027060-03:00" endTime="2025-08-11T23:49:30.4027730-03:00" testType="13cdc9d9-ddb5-4fa4-a97d-d965ccfc6d4b" outcome="Passed" testListId="8c84fa94-04c1-424b-9868-57a2d4851a1d" relativeResultsDirectory="8a91ec72-8cd5-45a6-9fa2-5d1ad6880e1b" />
    <UnitTestResult executionId="7eb4fc5e-6b4a-4855-ba2d-4c8507589960" testId="8a90efb2-6fff-e39e-99bc-4c5b85d7b70e" testName="FileContentRenamer.Tests.Services.DirectoryOrganizerTests.GetMonthName_WithValidMonth_ShouldReturnSpanishName(monthNumber: 6, expected: &quot;junio&quot;)" computerName="MacBook-Pro" duration="00:00:00.0001051" startTime="2025-08-11T23:49:30.3585630-03:00" endTime="2025-08-11T23:49:30.3586130-03:00" testType="13cdc9d9-ddb5-4fa4-a97d-d965ccfc6d4b" outcome="Passed" testListId="8c84fa94-04c1-424b-9868-57a2d4851a1d" relativeResultsDirectory="7eb4fc5e-6b4a-4855-ba2d-4c8507589960" />
    <UnitTestResult executionId="fd69945b-cc41-48ff-b500-9c05b9f34be8" testId="003f2eb1-16a9-1fca-9f6b-de2c702ff29c" testName="FileContentRenamer.Tests.Services.FilenameGeneratorTests.CleanupFileName_WithVariousInputs_ShouldReturnCleanedName(input: &quot;___&quot;, expected: &quot;cleaned_file&quot;)" computerName="MacBook-Pro" duration="00:00:00.0073894" startTime="2025-08-11T23:49:30.1751070-03:00" endTime="2025-08-11T23:49:30.2349070-03:00" testType="13cdc9d9-ddb5-4fa4-a97d-d965ccfc6d4b" outcome="Passed" testListId="8c84fa94-04c1-424b-9868-57a2d4851a1d" relativeResultsDirectory="fd69945b-cc41-48ff-b500-9c05b9f34be8" />
    <UnitTestResult executionId="72d30cfd-84c4-4267-9dc1-bf31427da9e4" testId="a3da5712-1fc6-1483-5013-eb15e94741bb" testName="FileContentRenamer.Tests.Models.AppConfigTests.LoadFromConfiguration_WithMissingFileExtensions_ShouldThrowException" computerName="MacBook-Pro" duration="00:00:00.1638978" startTime="2025-08-11T23:49:30.9588990-03:00" endTime="2025-08-11T23:49:31.0940030-03:00" testType="13cdc9d9-ddb5-4fa4-a97d-d965ccfc6d4b" outcome="Failed" testListId="8c84fa94-04c1-424b-9868-57a2d4851a1d" relativeResultsDirectory="72d30cfd-84c4-4267-9dc1-bf31427da9e4">
      <Output>
        <ErrorInfo>
          <Message>Expected a &lt;System.InvalidOperationException&gt; to be thrown, but no exception was thrown.</Message>
          <StackTrace>   at FluentAssertions.Execution.XUnit2TestFramework.Throw(String message)
   at FluentAssertions.Execution.TestFrameworkProvider.Throw(String message)
   at FluentAssertions.Execution.DefaultAssertionStrategy.HandleFailure(String message)
   at FluentAssertions.Execution.AssertionScope.FailWith(Func`1 failReasonFunc)
   at FluentAssertions.Execution.AssertionScope.FailWith(Func`1 failReasonFunc)
   at FluentAssertions.Execution.AssertionScope.FailWith(String message)
   at FluentAssertions.Specialized.DelegateAssertionsBase`2.ThrowInternal[TException](Exception exception, String because, Object[] becauseArgs)
   at FluentAssertions.Specialized.DelegateAssertions`2.Throw[TException](String because, Object[] becauseArgs)
   at FileContentRenamer.Tests.Models.AppConfigTests.LoadFromConfiguration_WithMissingFileExtensions_ShouldThrowException() in /Users/santibraida/Workspace/comprobantes/FileContentRenamer.Tests/Models/AppConfigTests.cs:line 260
   at System.RuntimeMethodHandle.InvokeMethod(Object target, Void** arguments, Signature sig, Boolean isConstructor)
   at System.Reflection.MethodBaseInvoker.InvokeWithNoArgs(Object obj, BindingFlags invokeAttr)</StackTrace>
        </ErrorInfo>
      </Output>
    </UnitTestResult>
    <UnitTestResult executionId="4e544a0c-d11e-4d20-a578-ab63eaa87f91" testId="e47068f5-ce83-2091-31a6-2a3fb625188b" testName="FileContentRenamer.Tests.Services.DirectoryOrganizerTests.IsInYearMonthStructure_WithNonExistentPath_ShouldReturnFalse" computerName="MacBook-Pro" duration="00:00:00.0002153" startTime="2025-08-11T23:49:30.3952330-03:00" endTime="2025-08-11T23:49:30.3952850-03:00" testType="13cdc9d9-ddb5-4fa4-a97d-d965ccfc6d4b" outcome="Passed" testListId="8c84fa94-04c1-424b-9868-57a2d4851a1d" relativeResultsDirectory="4e544a0c-d11e-4d20-a578-ab63eaa87f91" />
    <UnitTestResult executionId="5b3b15c0-9e70-438e-9c73-0b5e3a338755" testId="3a993a67-299c-3f87-5430-509e79a52fc2" testName="FileContentRenamer.Tests.Services.ImageProcessorTests.Constructor_WithNullTesseractDataPath_ShouldNotThrow" computerName="MacBook-Pro" duration="00:00:00.0573478" startTime="2025-08-11T23:49:31.8728940-03:00" endTime="2025-08-11T23:49:31.9088810-03:00" testType="13cdc9d9-ddb5-4fa4-a97d-d965ccfc6d4b" outcome="Passed" testListId="8c84fa94-04c1-424b-9868-57a2d4851a1d" relativeResultsDirectory="5b3b15c0-9e70-438e-9c73-0b5e3a338755" />
    <UnitTestResult executionId="9bf72c22-193a-4b46-b575-78303fde6c99" testId="ae46ec5c-7f7f-c8d8-b22b-c6a93692a055" testName="FileContentRenamer.Tests.Services.TextProcessorTests.ExtractContentAsync_WithExactly1000Characters_ShouldReturnAllContent" computerName="MacBook-Pro" duration="00:00:00.0026487" startTime="2025-08-11T23:49:30.3965090-03:00" endTime="2025-08-11T23:49:30.3969210-03:00" testType="13cdc9d9-ddb5-4fa4-a97d-d965ccfc6d4b" outcome="Passed" testListId="8c84fa94-04c1-424b-9868-57a2d4851a1d" relativeResultsDirectory="9bf72c22-193a-4b46-b575-78303fde6c99" />
    <UnitTestResult executionId="1b6439b3-3142-4e32-ba24-9a977e74aad6" testId="3ef96430-2ab3-5a48-be56-e156f8c42b82" testName="FileContentRenamer.Tests.Services.PdfProcessorTests.ExtractContentAsync_WithEmptyFile_ShouldReturnEmptyString" computerName="MacBook-Pro" duration="00:00:00.0199009" startTime="2025-08-11T23:49:30.5608750-03:00" endTime="2025-08-11T23:49:30.5612260-03:00" testType="13cdc9d9-ddb5-4fa4-a97d-d965ccfc6d4b" outcome="Passed" testListId="8c84fa94-04c1-424b-9868-57a2d4851a1d" relativeResultsDirectory="1b6439b3-3142-4e32-ba24-9a977e74aad6" />
    <UnitTestResult executionId="c1528433-b0c3-4003-be18-c1a180e8344c" testId="8b0489e4-2aca-7279-af69-b44674c9e8bb" testName="FileContentRenamer.Tests.Services.ImageProcessorTests.CanProcess_WithImageExtensionsDifferentCasing_ShouldReturnTrue(extension: &quot;.TIFF&quot;)" computerName="MacBook-Pro" duration="00:00:00.0326186" startTime="2025-08-11T23:49:30.8186780-03:00" endTime="2025-08-11T23:49:30.8299400-03:00" testType="13cdc9d9-ddb5-4fa4-a97d-d965ccfc6d4b" outcome="Passed" testListId="8c84fa94-04c1-424b-9868-57a2d4851a1d" relativeResultsDirectory="c1528433-b0c3-4003-be18-c1a180e8344c" />
    <UnitTestResult executionId="173e758a-c2b5-4ff4-9f58-c46335a48d9f" testId="63753db1-a700-4ddb-bad0-85dcc6fc1038" testName="FileContentRenamer.Tests.Services.DirectoryOrganizerTests.OrganizeFileIntoDirectoryStructure_ThreadSafety_ShouldHandleConcurrentCalls" computerName="MacBook-Pro" duration="00:00:00.0057215" startTime="2025-08-11T23:49:30.4817000-03:00" endTime="2025-08-11T23:49:30.4893730-03:00" testType="13cdc9d9-ddb5-4fa4-a97d-d965ccfc6d4b" outcome="Passed" testListId="8c84fa94-04c1-424b-9868-57a2d4851a1d" relativeResultsDirectory="173e758a-c2b5-4ff4-9f58-c46335a48d9f" />
    <UnitTestResult executionId="1ee27757-cd47-4836-b173-5e571075c93a" testId="ebc6b45b-0fe4-e4c2-6b7e-a061ba64a1b2" testName="FileContentRenamer.Tests.Services.DirectoryOrganizerTests.GetMonthName_WithValidMonth_ShouldReturnSpanishName(monthNumber: 9, expected: &quot;septiembre&quot;)" computerName="MacBook-Pro" duration="00:00:00.0000915" startTime="2025-08-11T23:49:30.3576220-03:00" endTime="2025-08-11T23:49:30.3576670-03:00" testType="13cdc9d9-ddb5-4fa4-a97d-d965ccfc6d4b" outcome="Passed" testListId="8c84fa94-04c1-424b-9868-57a2d4851a1d" relativeResultsDirectory="1ee27757-cd47-4836-b173-5e571075c93a" />
    <UnitTestResult executionId="12705786-2ec7-44e0-b4b0-90a311fa3fd4" testId="6d87e1fd-55be-eef4-fa85-511734dc705c" testName="FileContentRenamer.Tests.Services.PdfProcessorTests.CanProcess_WithPdfExtensionVariations_ShouldReturnTrue(filename: &quot;document.pdf&quot;)" computerName="MacBook-Pro" duration="00:00:00.0002329" startTime="2025-08-11T23:49:30.5601980-03:00" endTime="2025-08-11T23:49:30.5602550-03:00" testType="13cdc9d9-ddb5-4fa4-a97d-d965ccfc6d4b" outcome="Passed" testListId="8c84fa94-04c1-424b-9868-57a2d4851a1d" relativeResultsDirectory="12705786-2ec7-44e0-b4b0-90a311fa3fd4" />
    <UnitTestResult executionId="8710f224-bc6c-4312-b6eb-aaf18eba7b84" testId="5be72c0f-bb2d-feba-e528-7ed830f5c677" testName="FileContentRenamer.Tests.Services.DateExtractorTests.ExtractDateFromContent_WithVariousSpanishDates_ShouldReturnCorrectDates(content: &quot;31 de diciembre de 2023&quot;, expected: &quot;2023-12-31&quot;)" computerName="MacBook-Pro" duration="00:00:00.0000843" startTime="2025-08-11T23:49:30.3226790-03:00" endTime="2025-08-11T23:49:30.3227110-03:00" testType="13cdc9d9-ddb5-4fa4-a97d-d965ccfc6d4b" outcome="Passed" testListId="8c84fa94-04c1-424b-9868-57a2d4851a1d" relativeResultsDirectory="8710f224-bc6c-4312-b6eb-aaf18eba7b84" />
    <UnitTestResult executionId="20342c99-3368-442e-8f51-5bbcba4370f9" testId="9a26edef-7dd2-4e60-c205-9ce214074484" testName="FileContentRenamer.Tests.Services.DirectoryOrganizerTests.OrganizeFileIntoDirectoryStructure_WithDifferentYears_ShouldCreateNewYearStructure" computerName="MacBook-Pro" duration="00:00:00.0014218" startTime="2025-08-11T23:49:30.3948420-03:00" endTime="2025-08-11T23:49:30.3949010-03:00" testType="13cdc9d9-ddb5-4fa4-a97d-d965ccfc6d4b" outcome="Passed" testListId="8c84fa94-04c1-424b-9868-57a2d4851a1d" relativeResultsDirectory="20342c99-3368-442e-8f51-5bbcba4370f9" />
    <UnitTestResult executionId="299a6537-4ae3-4b6b-81a5-da6597dc88cb" testId="fa21426d-34f2-265b-fd21-637426cd5f3c" testName="FileContentRenamer.Tests.Models.NamingRulesTests.GenerateFilename_WithNoMatchingRule_ShouldUseDefaults" computerName="MacBook-Pro" duration="00:00:00.0001357" startTime="2025-08-11T23:49:30.1653260-03:00" endTime="2025-08-11T23:49:30.1653520-03:00" testType="13cdc9d9-ddb5-4fa4-a97d-d965ccfc6d4b" outcome="Passed" testListId="8c84fa94-04c1-424b-9868-57a2d4851a1d" relativeResultsDirectory="299a6537-4ae3-4b6b-81a5-da6597dc88cb" />
    <UnitTestResult executionId="0df10aba-a165-4b80-abe6-c8b764014d83" testId="f0195bc9-b668-8b5d-b703-9a52aa1e98e6" testName="FileContentRenamer.Tests.Services.FileValidatorTests.ValidateConfiguration_WithNullBasePath_ShouldReturnFalse" computerName="MacBook-Pro" duration="00:00:00.0002500" startTime="2025-08-11T23:49:30.2904590-03:00" endTime="2025-08-11T23:49:30.2905070-03:00" testType="13cdc9d9-ddb5-4fa4-a97d-d965ccfc6d4b" outcome="Passed" testListId="8c84fa94-04c1-424b-9868-57a2d4851a1d" relativeResultsDirectory="0df10aba-a165-4b80-abe6-c8b764014d83" />
    <UnitTestResult executionId="915f4c28-94dc-4538-b0c0-25e66aadd03e" testId="2256e44b-d5c1-25c7-1712-2e03764de95a" testName="FileContentRenamer.Tests.Services.FileValidatorTests.ShouldProcessFile_WithValidFile_ShouldReturnTrue" computerName="MacBook-Pro" duration="00:00:00.0003676" startTime="2025-08-11T23:49:30.2878040-03:00" endTime="2025-08-11T23:49:30.2878470-03:00" testType="13cdc9d9-ddb5-4fa4-a97d-d965ccfc6d4b" outcome="Passed" testListId="8c84fa94-04c1-424b-9868-57a2d4851a1d" relativeResultsDirectory="915f4c28-94dc-4538-b0c0-25e66aadd03e" />
    <UnitTestResult executionId="40d7acda-8419-410f-925b-2965f31df364" testId="d138724c-8941-27f5-b1cb-688759806790" testName="FileContentRenamer.Tests.Services.PdfProcessorTests.ExtractContentAsync_WithDirectoryPath_ShouldReturnEmpty" computerName="MacBook-Pro" duration="00:00:00.0013859" startTime="2025-08-11T23:49:30.4833570-03:00" endTime="2025-08-11T23:49:30.4848780-03:00" testType="13cdc9d9-ddb5-4fa4-a97d-d965ccfc6d4b" outcome="Passed" testListId="8c84fa94-04c1-424b-9868-57a2d4851a1d" relativeResultsDirectory="40d7acda-8419-410f-925b-2965f31df364" />
    <UnitTestResult executionId="e27f783e-292d-4c26-a300-1c2f948bcade" testId="51c5dd4c-3587-911b-8de8-02b3003da056" testName="FileContentRenamer.Tests.Services.FileValidatorTests.ValidateConfiguration_WithEmptyFileExtensions_ShouldReturnFalse" computerName="MacBook-Pro" duration="00:00:00.0002746" startTime="2025-08-11T23:49:30.2784230-03:00" endTime="2025-08-11T23:49:30.2784880-03:00" testType="13cdc9d9-ddb5-4fa4-a97d-d965ccfc6d4b" outcome="Passed" testListId="8c84fa94-04c1-424b-9868-57a2d4851a1d" relativeResultsDirectory="e27f783e-292d-4c26-a300-1c2f948bcade" />
    <UnitTestResult executionId="5b052a0f-8806-4691-aaed-621e9e140774" testId="30177b80-4255-9855-fa20-76724e89c280" testName="FileContentRenamer.Tests.Services.PdfProcessorTests.CanProcess_WithPdfExtensionDifferentCasing_ShouldReturnTrue(filename: &quot;test.Pdf&quot;)" computerName="MacBook-Pro" duration="00:00:00.0006726" startTime="2025-08-11T23:49:30.4804400-03:00" endTime="2025-08-11T23:49:30.4811290-03:00" testType="13cdc9d9-ddb5-4fa4-a97d-d965ccfc6d4b" outcome="Passed" testListId="8c84fa94-04c1-424b-9868-57a2d4851a1d" relativeResultsDirectory="5b052a0f-8806-4691-aaed-621e9e140774" />
    <UnitTestResult executionId="09f87ce2-7694-4840-aa06-07242d65836a" testId="6547cbe5-cb2c-b29f-9137-0cf0b96d8b18" testName="FileContentRenamer.Tests.Models.AppConfigTests.LoadFromConfiguration_WithPartialConfig_ShouldUseDefaultsForMissingValues" computerName="MacBook-Pro" duration="00:00:00.0650407" startTime="2025-08-11T23:49:30.6311970-03:00" endTime="2025-08-11T23:49:30.6956370-03:00" testType="13cdc9d9-ddb5-4fa4-a97d-d965ccfc6d4b" outcome="Failed" testListId="8c84fa94-04c1-424b-9868-57a2d4851a1d" relativeResultsDirectory="09f87ce2-7694-4840-aa06-07242d65836a">
      <Output>
        <ErrorInfo>
          <Message>Expected result.ForceReprocessAlreadyNamed to be False, but found True.</Message>
          <StackTrace>   at FluentAssertions.Execution.XUnit2TestFramework.Throw(String message)
   at FluentAssertions.Execution.TestFrameworkProvider.Throw(String message)
   at FluentAssertions.Execution.DefaultAssertionStrategy.HandleFailure(String message)
   at FluentAssertions.Execution.AssertionScope.FailWith(Func`1 failReasonFunc)
   at FluentAssertions.Execution.AssertionScope.FailWith(Func`1 failReasonFunc)
   at FluentAssertions.Execution.AssertionScope.FailWith(String message, Object[] args)
   at FluentAssertions.Primitives.BooleanAssertions`1.BeFalse(String because, Object[] becauseArgs)
   at FileContentRenamer.Tests.Models.AppConfigTests.LoadFromConfiguration_WithPartialConfig_ShouldUseDefaultsForMissingValues() in /Users/santibraida/Workspace/comprobantes/FileContentRenamer.Tests/Models/AppConfigTests.cs:line 196
   at System.RuntimeMethodHandle.InvokeMethod(Object target, Void** arguments, Signature sig, Boolean isConstructor)
   at System.Reflection.MethodBaseInvoker.InvokeWithNoArgs(Object obj, BindingFlags invokeAttr)</StackTrace>
        </ErrorInfo>
      </Output>
    </UnitTestResult>
    <UnitTestResult executionId="9272216e-a7ce-40a8-9210-01f8fab63539" testId="b72ed067-d3bd-e26d-3bed-f7f45c913059" testName="FileContentRenamer.Tests.Services.FilenameGeneratorTests.GenerateFilename_WithDifferentExtension_ShouldPreserveExtension" computerName="MacBook-Pro" duration="00:00:00.0008842" startTime="2025-08-11T23:49:30.4868990-03:00" endTime="2025-08-11T23:49:30.4878890-03:00" testType="13cdc9d9-ddb5-4fa4-a97d-d965ccfc6d4b" outcome="Passed" testListId="8c84fa94-04c1-424b-9868-57a2d4851a1d" relativeResultsDirectory="9272216e-a7ce-40a8-9210-01f8fab63539" />
    <UnitTestResult executionId="26912ac2-4280-4b6e-9126-8e257d07a955" testId="8031668c-d19b-b8db-0235-3b555a1ef3fc" testName="FileContentRenamer.Tests.Services.PdfProcessorTests.CanProcess_WithNonPdfExtension_ShouldReturnFalse(filename: &quot;test.txt&quot;)" computerName="MacBook-Pro" duration="00:00:00.0000922" startTime="2025-08-11T23:49:30.4878690-03:00" endTime="2025-08-11T23:49:30.4885880-03:00" testType="13cdc9d9-ddb5-4fa4-a97d-d965ccfc6d4b" outcome="Passed" testListId="8c84fa94-04c1-424b-9868-57a2d4851a1d" relativeResultsDirectory="26912ac2-4280-4b6e-9126-8e257d07a955" />
    <UnitTestResult executionId="bbcf6ecf-ca57-43db-9b63-18ed6e9d998b" testId="08a52aeb-79ca-913a-5dc9-ebd6568dcfe7" testName="FileContentRenamer.Tests.Services.ImageProcessorTests.Constructor_WithNewTesseractDataPath_ShouldCreateDirectory" computerName="MacBook-Pro" duration="00:00:00.0558442" startTime="2025-08-11T23:49:31.4354000-03:00" endTime="2025-08-11T23:49:31.4721050-03:00" testType="13cdc9d9-ddb5-4fa4-a97d-d965ccfc6d4b" outcome="Passed" testListId="8c84fa94-04c1-424b-9868-57a2d4851a1d" relativeResultsDirectory="bbcf6ecf-ca57-43db-9b63-18ed6e9d998b" />
    <UnitTestResult executionId="8f50c024-f579-41c8-ac1b-aede51dcab8c" testId="85677dc2-59d0-24ec-6909-57399a83a6f9" testName="FileContentRenamer.Tests.Configuration.ServiceConfigurationTests.ConfigureServices_ShouldRegisterFileProcessors" computerName="MacBook-Pro" duration="00:00:00.0875962" startTime="2025-08-11T23:49:30.0203650-03:00" endTime="2025-08-11T23:49:30.1721720-03:00" testType="13cdc9d9-ddb5-4fa4-a97d-d965ccfc6d4b" outcome="Passed" testListId="8c84fa94-04c1-424b-9868-57a2d4851a1d" relativeResultsDirectory="8f50c024-f579-41c8-ac1b-aede51dcab8c" />
    <UnitTestResult executionId="fbeec95f-2543-499b-a2e6-edb56b30e0c0" testId="34f0a146-8932-4124-920d-b39c3eb45d5b" testName="FileContentRenamer.Tests.Services.FileServiceTests.ProcessFilesAsync_WithAlreadyNamedFile_ShouldSkipRenaming" computerName="MacBook-Pro" duration="00:00:00.0074409" startTime="2025-08-11T23:49:30.5625090-03:00" endTime="2025-08-11T23:49:30.5636830-03:00" testType="13cdc9d9-ddb5-4fa4-a97d-d965ccfc6d4b" outcome="Passed" testListId="8c84fa94-04c1-424b-9868-57a2d4851a1d" relativeResultsDirectory="fbeec95f-2543-499b-a2e6-edb56b30e0c0" />
    <UnitTestResult executionId="94177650-ca7c-49f4-bf9a-283b3d244ad7" testId="cf2ff463-604f-4bdf-13f9-b9c49d510424" testName="FileContentRenamer.Tests.Services.FileValidatorTests.ValidateConfiguration_WithNonExistentBasePath_ShouldReturnFalse" computerName="MacBook-Pro" duration="00:00:00.0001916" startTime="2025-08-11T23:49:30.2808080-03:00" endTime="2025-08-11T23:49:30.2810010-03:00" testType="13cdc9d9-ddb5-4fa4-a97d-d965ccfc6d4b" outcome="Passed" testListId="8c84fa94-04c1-424b-9868-57a2d4851a1d" relativeResultsDirectory="94177650-ca7c-49f4-bf9a-283b3d244ad7" />
    <UnitTestResult executionId="880a8615-e73a-4972-b664-1e765fa2305f" testId="3ecade73-7761-1f4e-e941-925f13343fbf" testName="FileContentRenamer.Tests.Services.ImageProcessorTests.CanProcess_WithNonImageExtension_ShouldReturnFalse(extension: &quot;.docx&quot;)" computerName="MacBook-Pro" duration="00:00:00.0348711" startTime="2025-08-11T23:49:30.6267800-03:00" endTime="2025-08-11T23:49:30.6368540-03:00" testType="13cdc9d9-ddb5-4fa4-a97d-d965ccfc6d4b" outcome="Passed" testListId="8c84fa94-04c1-424b-9868-57a2d4851a1d" relativeResultsDirectory="880a8615-e73a-4972-b664-1e765fa2305f" />
    <UnitTestResult executionId="8ec7a65d-37d6-49c5-a233-ded64e765467" testId="2a25c3ee-59d0-2484-ec0d-75637450d1ba" testName="FileContentRenamer.Tests.Services.ImageProcessorTests.CanProcess_WithImageExtensionsDifferentCasing_ShouldReturnTrue(extension: &quot;.TIF&quot;)" computerName="MacBook-Pro" duration="00:00:00.0375631" startTime="2025-08-11T23:49:30.9594670-03:00" endTime="2025-08-11T23:49:30.9680420-03:00" testType="13cdc9d9-ddb5-4fa4-a97d-d965ccfc6d4b" outcome="Passed" testListId="8c84fa94-04c1-424b-9868-57a2d4851a1d" relativeResultsDirectory="8ec7a65d-37d6-49c5-a233-ded64e765467" />
    <UnitTestResult executionId="ff50aff9-a513-4a10-8f26-8f442075297b" testId="04613884-8eea-2162-7b68-af1197b3a19b" testName="FileContentRenamer.Tests.Models.AppConfigTests.LoadFromConfiguration_WithInvalidJson_ShouldThrowException" computerName="MacBook-Pro" duration="00:00:00.0657087" startTime="2025-08-11T23:49:30.5658030-03:00" endTime="2025-08-11T23:49:30.6304870-03:00" testType="13cdc9d9-ddb5-4fa4-a97d-d965ccfc6d4b" outcome="Failed" testListId="8c84fa94-04c1-424b-9868-57a2d4851a1d" relativeResultsDirectory="ff50aff9-a513-4a10-8f26-8f442075297b">
      <Output>
        <ErrorInfo>
          <Message>Expected a &lt;System.Exception&gt; to be thrown, but no exception was thrown.</Message>
          <StackTrace>   at FluentAssertions.Execution.XUnit2TestFramework.Throw(String message)
   at FluentAssertions.Execution.TestFrameworkProvider.Throw(String message)
   at FluentAssertions.Execution.DefaultAssertionStrategy.HandleFailure(String message)
   at FluentAssertions.Execution.AssertionScope.FailWith(Func`1 failReasonFunc)
   at FluentAssertions.Execution.AssertionScope.FailWith(Func`1 failReasonFunc)
   at FluentAssertions.Execution.AssertionScope.FailWith(String message)
   at FluentAssertions.Specialized.DelegateAssertionsBase`2.ThrowInternal[TException](Exception exception, String because, Object[] becauseArgs)
   at FluentAssertions.Specialized.DelegateAssertions`2.Throw[TException](String because, Object[] becauseArgs)
   at FileContentRenamer.Tests.Models.AppConfigTests.LoadFromConfiguration_WithInvalidJson_ShouldThrowException() in /Users/santibraida/Workspace/comprobantes/FileContentRenamer.Tests/Models/AppConfigTests.cs:line 141
   at System.RuntimeMethodHandle.InvokeMethod(Object target, Void** arguments, Signature sig, Boolean isConstructor)
   at System.Reflection.MethodBaseInvoker.InvokeWithNoArgs(Object obj, BindingFlags invokeAttr)</StackTrace>
        </ErrorInfo>
      </Output>
    </UnitTestResult>
    <UnitTestResult executionId="f0ae948e-3f7b-4d3d-a4fa-388f1a662d7a" testId="52175725-e6d4-0cad-c3ec-c7f17827962e" testName="FileContentRenamer.Tests.Services.ImageProcessorTests.CanProcess_WithVariousCases_ShouldReturnCorrectResult(extension: &quot;.jpg&quot;)" computerName="MacBook-Pro" duration="00:00:00.0307683" startTime="2025-08-11T23:49:31.1612050-03:00" endTime="2025-08-11T23:49:31.1701940-03:00" testType="13cdc9d9-ddb5-4fa4-a97d-d965ccfc6d4b" outcome="Passed" testListId="8c84fa94-04c1-424b-9868-57a2d4851a1d" relativeResultsDirectory="f0ae948e-3f7b-4d3d-a4fa-388f1a662d7a" />
    <UnitTestResult executionId="749c4bac-84a4-4ad3-b1f2-33db06b934a9" testId="8b50f6a7-4d32-7ee6-c298-95c6826dd2dd" testName="FileContentRenamer.Tests.Services.ImageProcessorTests.CanProcess_WithImageExtensions_ShouldReturnTrue(extension: &quot;.png&quot;)" computerName="MacBook-Pro" duration="00:00:00.0333006" startTime="2025-08-11T23:49:30.7564030-03:00" endTime="2025-08-11T23:49:30.7654960-03:00" testType="13cdc9d9-ddb5-4fa4-a97d-d965ccfc6d4b" outcome="Passed" testListId="8c84fa94-04c1-424b-9868-57a2d4851a1d" relativeResultsDirectory="749c4bac-84a4-4ad3-b1f2-33db06b934a9" />
    <UnitTestResult executionId="c60ffcfa-bec5-4fe9-907a-0313ea9314e6" testId="57d1cda9-e9e5-f000-1823-6cc75a3cb199" testName="FileContentRenamer.Tests.Services.TextProcessorTests.ExtractContentAsync_WithUnicodeContent_ShouldReturnContent" computerName="MacBook-Pro" duration="00:00:00.0016615" startTime="2025-08-11T23:49:30.3991810-03:00" endTime="2025-08-11T23:49:30.3992230-03:00" testType="13cdc9d9-ddb5-4fa4-a97d-d965ccfc6d4b" outcome="Passed" testListId="8c84fa94-04c1-424b-9868-57a2d4851a1d" relativeResultsDirectory="c60ffcfa-bec5-4fe9-907a-0313ea9314e6" />
    <UnitTestResult executionId="f19187de-aeb2-43ad-be6e-db27d20b578a" testId="2baaf6a6-6812-8b99-5d21-fa95ac740bec" testName="FileContentRenamer.Tests.Models.AppConfigTests.SaveLastUsedPath_WithInvalidPath_ShouldNotThrow" computerName="MacBook-Pro" duration="00:00:00.0689724" startTime="2025-08-11T23:49:31.0948940-03:00" endTime="2025-08-11T23:49:31.1630670-03:00" testType="13cdc9d9-ddb5-4fa4-a97d-d965ccfc6d4b" outcome="Passed" testListId="8c84fa94-04c1-424b-9868-57a2d4851a1d" relativeResultsDirectory="f19187de-aeb2-43ad-be6e-db27d20b578a" />
    <UnitTestResult executionId="836b0bda-ad93-49e8-b776-eb146b84f73e" testId="013af074-e0c5-bb27-30f4-779070d7fe10" testName="FileContentRenamer.Tests.Services.DateExtractorTests.ExtractDateFromFilename_WithInvalidFormat_ShouldReturnEmptyString" computerName="MacBook-Pro" duration="00:00:00.0004155" startTime="2025-08-11T23:49:30.3175290-03:00" endTime="2025-08-11T23:49:30.3179030-03:00" testType="13cdc9d9-ddb5-4fa4-a97d-d965ccfc6d4b" outcome="Passed" testListId="8c84fa94-04c1-424b-9868-57a2d4851a1d" relativeResultsDirectory="836b0bda-ad93-49e8-b776-eb146b84f73e" />
    <UnitTestResult executionId="0a8c7577-6234-451c-a662-8cbfd86b2ac5" testId="0877987f-a018-03de-71dc-2e8ff937b395" testName="FileContentRenamer.Tests.Services.DateExtractorTests.ExtractDateFromContent_WithVariousDueDateFormats_ShouldReturnCorrectDates(content: &quot;Vence: 31/12/2023&quot;, expected: &quot;2023-12-31&quot;)" computerName="MacBook-Pro" duration="00:00:00.0000611" startTime="2025-08-11T23:49:30.2455210-03:00" endTime="2025-08-11T23:49:30.2455480-03:00" testType="13cdc9d9-ddb5-4fa4-a97d-d965ccfc6d4b" outcome="Passed" testListId="8c84fa94-04c1-424b-9868-57a2d4851a1d" relativeResultsDirectory="0a8c7577-6234-451c-a662-8cbfd86b2ac5" />
    <UnitTestResult executionId="68b5de06-3dc7-4745-8974-234a0f6a127c" testId="f7704aaa-e660-9ea3-e9fc-e4f0ba02380e" testName="FileContentRenamer.Tests.Services.FileValidatorTests.ShouldProcessFile_WithMixedCaseExtension_ShouldReturnTrue" computerName="MacBook-Pro" duration="00:00:00.0003294" startTime="2025-08-11T23:49:30.2814930-03:00" endTime="2025-08-11T23:49:30.2815880-03:00" testType="13cdc9d9-ddb5-4fa4-a97d-d965ccfc6d4b" outcome="Passed" testListId="8c84fa94-04c1-424b-9868-57a2d4851a1d" relativeResultsDirectory="68b5de06-3dc7-4745-8974-234a0f6a127c" />
    <UnitTestResult executionId="0ae61a26-13d6-433d-8ab9-67945da8fd6b" testId="6d7beee1-1275-7fbd-2196-741c8c2b81ed" testName="FileContentRenamer.Tests.Models.NamingRulesTests.FindMatchingRule_WithEmptyContent_ShouldReturnNull" computerName="MacBook-Pro" duration="00:00:00.0001380" startTime="2025-08-11T23:49:30.1660420-03:00" endTime="2025-08-11T23:49:30.1660750-03:00" testType="13cdc9d9-ddb5-4fa4-a97d-d965ccfc6d4b" outcome="Passed" testListId="8c84fa94-04c1-424b-9868-57a2d4851a1d" relativeResultsDirectory="0ae61a26-13d6-433d-8ab9-67945da8fd6b" />
    <UnitTestResult executionId="2c18d155-37a7-4def-ad0d-a4da43ea8fed" testId="730c03ae-3d59-370f-6166-c801ea6b544e" testName="FileContentRenamer.Tests.Services.FilenameGeneratorTests.GenerateUniqueFilename_WithNonExistingFile_ShouldReturnOriginalPath" computerName="MacBook-Pro" duration="00:00:00.0001197" startTime="2025-08-11T23:49:30.4836970-03:00" endTime="2025-08-11T23:49:30.4845440-03:00" testType="13cdc9d9-ddb5-4fa4-a97d-d965ccfc6d4b" outcome="Passed" testListId="8c84fa94-04c1-424b-9868-57a2d4851a1d" relativeResultsDirectory="2c18d155-37a7-4def-ad0d-a4da43ea8fed" />
    <UnitTestResult executionId="cbb80f8c-178c-445c-9498-22b1dc736f73" testId="19f9e186-a4aa-4850-0176-aa961f311415" testName="FileContentRenamer.Tests.Services.DirectoryOrganizerTests.OrganizeFileIntoDirectoryStructure_WithInvalidDate_ShouldReturnOriginalPath" computerName="MacBook-Pro" duration="00:00:00.0004878" startTime="2025-08-11T23:49:30.3653540-03:00" endTime="2025-08-11T23:49:30.3654080-03:00" testType="13cdc9d9-ddb5-4fa4-a97d-d965ccfc6d4b" outcome="Passed" testListId="8c84fa94-04c1-424b-9868-57a2d4851a1d" relativeResultsDirectory="cbb80f8c-178c-445c-9498-22b1dc736f73" />
    <UnitTestResult executionId="49ce451b-d1ee-4943-80bd-a1f2c59b2257" testId="0fcf9b9b-b820-ecc4-eb7d-d476c5dd956f" testName="FileContentRenamer.Tests.Services.FileServiceTests.ProcessFilesAsync_WithNoFiles_ShouldCompleteSuccessfully" computerName="MacBook-Pro" duration="00:00:00.0028693" startTime="2025-08-11T23:49:30.4026830-03:00" endTime="2025-08-11T23:49:30.4046500-03:00" testType="13cdc9d9-ddb5-4fa4-a97d-d965ccfc6d4b" outcome="Passed" testListId="8c84fa94-04c1-424b-9868-57a2d4851a1d" relativeResultsDirectory="49ce451b-d1ee-4943-80bd-a1f2c59b2257" />
    <UnitTestResult executionId="9f48086a-5f15-4650-98cd-1b000a1936ec" testId="aab50796-093f-3ad1-51eb-ff5551165480" testName="FileContentRenamer.Tests.Services.PdfProcessorTests.ExtractContentAsync_WithNonExistentFile_ShouldReturnEmptyString" computerName="MacBook-Pro" duration="00:00:00.0016076" startTime="2025-08-11T23:49:30.4830110-03:00" endTime="2025-08-11T23:49:30.4830590-03:00" testType="13cdc9d9-ddb5-4fa4-a97d-d965ccfc6d4b" outcome="Passed" testListId="8c84fa94-04c1-424b-9868-57a2d4851a1d" relativeResultsDirectory="9f48086a-5f15-4650-98cd-1b000a1936ec" />
    <UnitTestResult executionId="4c68b182-7d4c-4792-b112-1efa1ceb5549" testId="6f2af002-27a0-bce9-8dd8-c05215b58bbb" testName="FileContentRenamer.Tests.Services.DirectoryOrganizerTests.OrganizeFileIntoDirectoryStructure_WithEmptyDate_ShouldReturnOriginalPath" computerName="MacBook-Pro" duration="00:00:00.0005856" startTime="2025-08-11T23:49:30.4583930-03:00" endTime="2025-08-11T23:49:30.4585440-03:00" testType="13cdc9d9-ddb5-4fa4-a97d-d965ccfc6d4b" outcome="Passed" testListId="8c84fa94-04c1-424b-9868-57a2d4851a1d" relativeResultsDirectory="4c68b182-7d4c-4792-b112-1efa1ceb5549" />
    <UnitTestResult executionId="22c2c3e3-80fa-423e-90fe-242db990e5d6" testId="aa7a6137-3efe-902b-7df5-672c2c4d55d3" testName="FileContentRenamer.Tests.Services.PdfProcessorTests.CanProcess_WithNonPdfExtension_ShouldReturnFalse(filename: &quot;test.docx&quot;)" computerName="MacBook-Pro" duration="00:00:00.0002511" startTime="2025-08-11T23:49:30.4872370-03:00" endTime="2025-08-11T23:49:30.4872820-03:00" testType="13cdc9d9-ddb5-4fa4-a97d-d965ccfc6d4b" outcome="Passed" testListId="8c84fa94-04c1-424b-9868-57a2d4851a1d" relativeResultsDirectory="22c2c3e3-80fa-423e-90fe-242db990e5d6" />
    <UnitTestResult executionId="62df0a07-6e4d-43d9-9c0f-78bf612aa0b6" testId="795f8691-da02-dc90-c006-df2b05e484b8" testName="FileContentRenamer.Tests.Services.DirectoryOrganizerTests.IsInYearMonthStructure_WithYearFolder_ShouldReturnTrue" computerName="MacBook-Pro" duration="00:00:00.0004031" startTime="2025-08-11T23:49:30.4789370-03:00" endTime="2025-08-11T23:49:30.4807890-03:00" testType="13cdc9d9-ddb5-4fa4-a97d-d965ccfc6d4b" outcome="Passed" testListId="8c84fa94-04c1-424b-9868-57a2d4851a1d" relativeResultsDirectory="62df0a07-6e4d-43d9-9c0f-78bf612aa0b6" />
    <UnitTestResult executionId="49448047-d6ed-42c9-bcbc-14560239955d" testId="f23379d7-78c4-9613-54fe-537fd665f06d" testName="FileContentRenamer.Tests.Models.NamingRuleTests.Matches_WithEmptyContent_ShouldReturnFalse" computerName="MacBook-Pro" duration="00:00:00.0002523" startTime="2025-08-11T23:49:30.1634030-03:00" endTime="2025-08-11T23:49:30.1634330-03:00" testType="13cdc9d9-ddb5-4fa4-a97d-d965ccfc6d4b" outcome="Passed" testListId="8c84fa94-04c1-424b-9868-57a2d4851a1d" relativeResultsDirectory="49448047-d6ed-42c9-bcbc-14560239955d" />
    <UnitTestResult executionId="6df0c20b-a619-4d76-9b71-c3cf4308375c" testId="2266e366-c62d-09c9-ded7-1e7b5d0da037" testName="FileContentRenamer.Tests.Services.DirectoryOrganizerTests.IsInYearMonthStructure_WithInvalidStructure_ShouldReturnFalse(folderName: &quot;03_marzo_not_in_year&quot;)" computerName="MacBook-Pro" duration="00:00:00.0003169" startTime="2025-08-11T23:49:30.3615000-03:00" endTime="2025-08-11T23:49:30.3617030-03:00" testType="13cdc9d9-ddb5-4fa4-a97d-d965ccfc6d4b" outcome="Passed" testListId="8c84fa94-04c1-424b-9868-57a2d4851a1d" relativeResultsDirectory="6df0c20b-a619-4d76-9b71-c3cf4308375c" />
    <UnitTestResult executionId="78de95ac-6bff-425f-bdc9-4b1934ee6f9a" testId="1a12a91e-b03d-45d3-fd2d-061c9630072a" testName="FileContentRenamer.Tests.Services.FilenameGeneratorTests.GenerateUniqueFilename_ThreadSafety_ShouldHandleConcurrentCalls" computerName="MacBook-Pro" duration="00:00:00.2213933" startTime="2025-08-11T23:49:30.2449160-03:00" endTime="2025-08-11T23:49:30.4789720-03:00" testType="13cdc9d9-ddb5-4fa4-a97d-d965ccfc6d4b" outcome="Failed" testListId="8c84fa94-04c1-424b-9868-57a2d4851a1d" relativeResultsDirectory="78de95ac-6bff-425f-bdc9-4b1934ee6f9a">
      <Output>
        <ErrorInfo>
          <Message>Expected resultList to only have unique items, but item "/var/folders/x1/bt0l1hlj3xxfgmlll69gmfr40000gn/T/5f6ae757-c487-47b2-b74f-614e5a75252a/concurrent_test_2.txt" is not unique.</Message>
          <StackTrace>   at FluentAssertions.Execution.XUnit2TestFramework.Throw(String message)
   at FluentAssertions.Execution.TestFrameworkProvider.Throw(String message)
   at FluentAssertions.Execution.DefaultAssertionStrategy.HandleFailure(String message)
   at FluentAssertions.Execution.AssertionScope.FailWith(Func`1 failReasonFunc)
   at FluentAssertions.Execution.AssertionScope.FailWith(Func`1 failReasonFunc)
   at FluentAssertions.Execution.AssertionScope.FailWith(String message, Object[] args)
   at FluentAssertions.Collections.GenericCollectionAssertions`3.OnlyHaveUniqueItems(String because, Object[] becauseArgs)
   at FileContentRenamer.Tests.Services.FilenameGeneratorTests.GenerateUniqueFilename_ThreadSafety_ShouldHandleConcurrentCalls() in /Users/santibraida/Workspace/comprobantes/FileContentRenamer.Tests/Services/FilenameGeneratorTests.cs:line 285
--- End of stack trace from previous location ---</StackTrace>
        </ErrorInfo>
      </Output>
    </UnitTestResult>
    <UnitTestResult executionId="aa389fbd-164c-4cef-b5d3-7ad45dd4b62e" testId="7eff9737-dcfc-63b6-3d57-04bd941b7068" testName="FileContentRenamer.Tests.Services.ImageProcessorTests.ExtractContentAsync_WithEmptyFile_ShouldReturnEmptyString" computerName="MacBook-Pro" duration="00:00:00.0905432" startTime="2025-08-11T23:49:31.7803880-03:00" endTime="2025-08-11T23:49:31.8514120-03:00" testType="13cdc9d9-ddb5-4fa4-a97d-d965ccfc6d4b" outcome="Passed" testListId="8c84fa94-04c1-424b-9868-57a2d4851a1d" relativeResultsDirectory="aa389fbd-164c-4cef-b5d3-7ad45dd4b62e" />
    <UnitTestResult executionId="c829d557-5675-4386-8fa0-b0966028fd91" testId="a78a0985-6ddf-5e1e-7544-6efb88194c31" testName="FileContentRenamer.Tests.Services.FilenameGeneratorTests.GenerateFilename_WithValidContentAndDate_ShouldReturnCorrectFilename" computerName="MacBook-Pro" duration="00:00:00.0017055" startTime="2025-08-11T23:49:30.2437330-03:00" endTime="2025-08-11T23:49:30.2445970-03:00" testType="13cdc9d9-ddb5-4fa4-a97d-d965ccfc6d4b" outcome="Passed" testListId="8c84fa94-04c1-424b-9868-57a2d4851a1d" relativeResultsDirectory="c829d557-5675-4386-8fa0-b0966028fd91" />
    <UnitTestResult executionId="7767c369-35b4-4b63-9a58-7137bbe40368" testId="ae4c83e6-0f4d-65f8-22c1-23c6464f33a2" testName="FileContentRenamer.Tests.Services.TextProcessorTests.CanProcess_WithTxtExtensionDifferentCasing_ShouldReturnTrue(filename: &quot;test.Txt&quot;)" computerName="MacBook-Pro" duration="00:00:00.0000918" startTime="2025-08-11T23:49:30.4042070-03:00" endTime="2025-08-11T23:49:30.4042610-03:00" testType="13cdc9d9-ddb5-4fa4-a97d-d965ccfc6d4b" outcome="Passed" testListId="8c84fa94-04c1-424b-9868-57a2d4851a1d" relativeResultsDirectory="7767c369-35b4-4b63-9a58-7137bbe40368" />
    <UnitTestResult executionId="dfcbca1b-77af-4f83-90a3-4d983f8fc83f" testId="f567e5a6-a665-67c2-8449-b66348dc3570" testName="FileContentRenamer.Tests.Services.DirectoryOrganizerTests.OrganizeFileIntoDirectoryStructure_WithMultipleDuplicates_ShouldCreateUniqueFilename" computerName="MacBook-Pro" duration="00:00:00.0012918" startTime="2025-08-11T23:49:30.3707150-03:00" endTime="2025-08-11T23:49:30.3940700-03:00" testType="13cdc9d9-ddb5-4fa4-a97d-d965ccfc6d4b" outcome="Passed" testListId="8c84fa94-04c1-424b-9868-57a2d4851a1d" relativeResultsDirectory="dfcbca1b-77af-4f83-90a3-4d983f8fc83f" />
    <UnitTestResult executionId="17a42684-8c37-4a3e-ba86-4a32aa23ee46" testId="f0b07320-4d8e-00cc-a232-a17246b4be02" testName="FileContentRenamer.Tests.Services.FileServiceTests.ProcessFilesAsync_WithValidFiles_ShouldProcessFiles" computerName="MacBook-Pro" duration="00:00:00.0095697" startTime="2025-08-11T23:49:30.3616770-03:00" endTime="2025-08-11T23:49:30.3965590-03:00" testType="13cdc9d9-ddb5-4fa4-a97d-d965ccfc6d4b" outcome="Passed" testListId="8c84fa94-04c1-424b-9868-57a2d4851a1d" relativeResultsDirectory="17a42684-8c37-4a3e-ba86-4a32aa23ee46" />
    <UnitTestResult executionId="14472887-adcd-4e67-a53d-664141002335" testId="4216934b-235a-6efa-b1f2-737b953f21df" testName="FileContentRenamer.Tests.Models.AppConfigTests.LoadFromConfiguration_WithEmptyConfig_ShouldThrowException" computerName="MacBook-Pro" duration="00:00:00.1084322" startTime="2025-08-11T23:49:30.8218150-03:00" endTime="2025-08-11T23:49:30.9299440-03:00" testType="13cdc9d9-ddb5-4fa4-a97d-d965ccfc6d4b" outcome="Failed" testListId="8c84fa94-04c1-424b-9868-57a2d4851a1d" relativeResultsDirectory="14472887-adcd-4e67-a53d-664141002335">
      <Output>
        <ErrorInfo>
          <Message>Expected a &lt;System.InvalidOperationException&gt; to be thrown, but no exception was thrown.</Message>
          <StackTrace>   at FluentAssertions.Execution.XUnit2TestFramework.Throw(String message)
   at FluentAssertions.Execution.TestFrameworkProvider.Throw(String message)
   at FluentAssertions.Execution.DefaultAssertionStrategy.HandleFailure(String message)
   at FluentAssertions.Execution.AssertionScope.FailWith(Func`1 failReasonFunc)
   at FluentAssertions.Execution.AssertionScope.FailWith(Func`1 failReasonFunc)
   at FluentAssertions.Execution.AssertionScope.FailWith(String message)
   at FluentAssertions.Specialized.DelegateAssertionsBase`2.ThrowInternal[TException](Exception exception, String because, Object[] becauseArgs)
   at FluentAssertions.Specialized.DelegateAssertions`2.Throw[TException](String because, Object[] becauseArgs)
   at FileContentRenamer.Tests.Models.AppConfigTests.LoadFromConfiguration_WithEmptyConfig_ShouldThrowException() in /Users/santibraida/Workspace/comprobantes/FileContentRenamer.Tests/Models/AppConfigTests.cs:line 161
   at System.RuntimeMethodHandle.InvokeMethod(Object target, Void** arguments, Signature sig, Boolean isConstructor)
   at System.Reflection.MethodBaseInvoker.InvokeWithNoArgs(Object obj, BindingFlags invokeAttr)</StackTrace>
        </ErrorInfo>
      </Output>
    </UnitTestResult>
    <UnitTestResult executionId="4c38064b-99ff-4428-a174-fd11da44874f" testId="0d10a7ac-0e5b-dd5d-82c4-53603840d067" testName="FileContentRenamer.Tests.Services.FileValidatorTests.ShouldSkipAlreadyNamedFile_WithForceReprocessEnabled_ShouldReturnFalse" computerName="MacBook-Pro" duration="00:00:00.0001972" startTime="2025-08-11T23:49:30.3171830-03:00" endTime="2025-08-11T23:49:30.3175760-03:00" testType="13cdc9d9-ddb5-4fa4-a97d-d965ccfc6d4b" outcome="Passed" testListId="8c84fa94-04c1-424b-9868-57a2d4851a1d" relativeResultsDirectory="4c38064b-99ff-4428-a174-fd11da44874f" />
    <UnitTestResult executionId="c2f4520a-a440-4d6d-b1bc-4f38a65f4127" testId="f705c669-0318-6f5e-e8e5-1b4eaa9f9880" testName="FileContentRenamer.Tests.Models.AppConfigTests.AppConfig_Properties_ShouldBeSettable" computerName="MacBook-Pro" duration="00:00:00.0013607" startTime="2025-08-11T23:49:30.4127200-03:00" endTime="2025-08-11T23:49:30.4570060-03:00" testType="13cdc9d9-ddb5-4fa4-a97d-d965ccfc6d4b" outcome="Passed" testListId="8c84fa94-04c1-424b-9868-57a2d4851a1d" relativeResultsDirectory="c2f4520a-a440-4d6d-b1bc-4f38a65f4127" />
    <UnitTestResult executionId="78346e71-f860-4c3b-ade9-dbf843d852eb" testId="cb98919d-41c2-f114-3856-49dce9ef8634" testName="FileContentRenamer.Tests.Services.ImageProcessorTests.ExtractContentAsync_WithInvalidImageFile_ShouldReturnEmptyString" computerName="MacBook-Pro" duration="00:00:00.1047093" startTime="2025-08-11T23:49:31.0586530-03:00" endTime="2025-08-11T23:49:31.1394160-03:00" testType="13cdc9d9-ddb5-4fa4-a97d-d965ccfc6d4b" outcome="Passed" testListId="8c84fa94-04c1-424b-9868-57a2d4851a1d" relativeResultsDirectory="78346e71-f860-4c3b-ade9-dbf843d852eb" />
    <UnitTestResult executionId="47448ae0-934f-4a90-ac8e-f40152b8a26f" testId="b3c39b3e-760b-5274-9a96-a8ea10710638" testName="FileContentRenamer.Tests.Services.DirectoryOrganizerTests.GetMonthName_WithValidMonth_ShouldReturnSpanishName(monthNumber: 11, expected: &quot;noviembre&quot;)" computerName="MacBook-Pro" duration="00:00:00.0003675" startTime="2025-08-11T23:49:30.3560950-03:00" endTime="2025-08-11T23:49:30.3561590-03:00" testType="13cdc9d9-ddb5-4fa4-a97d-d965ccfc6d4b" outcome="Passed" testListId="8c84fa94-04c1-424b-9868-57a2d4851a1d" relativeResultsDirectory="47448ae0-934f-4a90-ac8e-f40152b8a26f" />
    <UnitTestResult executionId="54afca2b-c6e6-4759-9a9b-5916ed02cc76" testId="c14045dd-f91b-3e98-d221-a8a83ca7b93f" testName="FileContentRenamer.Tests.Services.FileServiceTests.ProcessFilesAsync_WithParallelProcessing_ShouldProcessMultipleFiles" computerName="MacBook-Pro" duration="00:00:00.2841446" startTime="2025-08-11T23:49:30.0203190-03:00" endTime="2025-08-11T23:49:30.3610880-03:00" testType="13cdc9d9-ddb5-4fa4-a97d-d965ccfc6d4b" outcome="Passed" testListId="8c84fa94-04c1-424b-9868-57a2d4851a1d" relativeResultsDirectory="54afca2b-c6e6-4759-9a9b-5916ed02cc76" />
    <UnitTestResult executionId="b036bcac-1755-49e4-a2aa-af1c26c383c1" testId="6cb1a840-6047-af3c-c464-8f4bf5b097d2" testName="FileContentRenamer.Tests.Services.FileValidatorTests.ValidateConfiguration_WithNullFileExtensions_ShouldReturnFalse" computerName="MacBook-Pro" duration="00:00:00.0007343" startTime="2025-08-11T23:49:30.2901070-03:00" endTime="2025-08-11T23:49:30.2901530-03:00" testType="13cdc9d9-ddb5-4fa4-a97d-d965ccfc6d4b" outcome="Passed" testListId="8c84fa94-04c1-424b-9868-57a2d4851a1d" relativeResultsDirectory="b036bcac-1755-49e4-a2aa-af1c26c383c1" />
    <UnitTestResult executionId="6e18ba13-43c0-4e1c-800e-53d73ebab1d5" testId="ee980d6a-c8f2-fb3c-69f5-92dd6531facb" testName="FileContentRenamer.Tests.Services.DirectoryOrganizerTests.GetMonthName_WithValidMonth_ShouldReturnSpanishName(monthNumber: 2, expected: &quot;febrero&quot;)" computerName="MacBook-Pro" duration="00:00:00.0000938" startTime="2025-08-11T23:49:30.3594740-03:00" endTime="2025-08-11T23:49:30.3595140-03:00" testType="13cdc9d9-ddb5-4fa4-a97d-d965ccfc6d4b" outcome="Passed" testListId="8c84fa94-04c1-424b-9868-57a2d4851a1d" relativeResultsDirectory="6e18ba13-43c0-4e1c-800e-53d73ebab1d5" />
    <UnitTestResult executionId="60d7b987-7811-41e0-be13-9fe1bc299a14" testId="10d7715a-d53b-4b8e-fcec-78d41ef67dac" testName="FileContentRenamer.Tests.Services.TextProcessorTests.CanProcess_WithTxtExtension_ShouldReturnTrue" computerName="MacBook-Pro" duration="00:00:00.0003189" startTime="2025-08-11T23:49:30.5126190-03:00" endTime="2025-08-11T23:49:30.5126770-03:00" testType="13cdc9d9-ddb5-4fa4-a97d-d965ccfc6d4b" outcome="Passed" testListId="8c84fa94-04c1-424b-9868-57a2d4851a1d" relativeResultsDirectory="60d7b987-7811-41e0-be13-9fe1bc299a14" />
    <UnitTestResult executionId="6f20ce9f-d5cf-41b0-ac73-72ce3c327429" testId="55667650-7485-4ca3-fd19-23d2a7a126c7" testName="FileContentRenamer.Tests.Models.NamingRulesTests.GenerateFilename_WithMinimalGenericContent_ShouldUseOriginalDate" computerName="MacBook-Pro" duration="00:00:00.0002554" startTime="2025-08-11T23:49:30.1696890-03:00" endTime="2025-08-11T23:49:30.1697320-03:00" testType="13cdc9d9-ddb5-4fa4-a97d-d965ccfc6d4b" outcome="Passed" testListId="8c84fa94-04c1-424b-9868-57a2d4851a1d" relativeResultsDirectory="6f20ce9f-d5cf-41b0-ac73-72ce3c327429" />
    <UnitTestResult executionId="24a25752-7144-4aff-adbd-c03d6f2aac57" testId="d0d2c3b5-6a63-09c0-0a9b-894aa7a6f45d" testName="FileContentRenamer.Tests.Services.FileServiceTests.ProcessFilesAsync_WithInvalidConfiguration_ShouldReturnEarly" computerName="MacBook-Pro" duration="00:00:00.0229294" startTime="2025-08-11T23:49:30.5639600-03:00" endTime="2025-08-11T23:49:30.5639990-03:00" testType="13cdc9d9-ddb5-4fa4-a97d-d965ccfc6d4b" outcome="Passed" testListId="8c84fa94-04c1-424b-9868-57a2d4851a1d" relativeResultsDirectory="24a25752-7144-4aff-adbd-c03d6f2aac57" />
    <UnitTestResult executionId="c06e0808-4566-462c-9b12-a66874c4de81" testId="6c106499-e2c3-a0a7-eafe-eacf56794202" testName="FileContentRenamer.Tests.Services.DirectoryOrganizerTests.GetMonthName_WithInvalidMonth_ShouldReturnUnknown(monthNumber: 13)" computerName="MacBook-Pro" duration="00:00:00.0001045" startTime="2025-08-11T23:49:30.3647970-03:00" endTime="2025-08-11T23:49:30.3648390-03:00" testType="13cdc9d9-ddb5-4fa4-a97d-d965ccfc6d4b" outcome="Passed" testListId="8c84fa94-04c1-424b-9868-57a2d4851a1d" relativeResultsDirectory="c06e0808-4566-462c-9b12-a66874c4de81" />
    <UnitTestResult executionId="845fe0f8-71f4-49aa-9e32-508320a8e352" testId="0585f1ec-f642-09e1-866f-6d3653426f93" testName="FileContentRenamer.Tests.Services.FileValidatorTests.ShouldSkipAlreadyNamedFile_WithNotAlreadyNamedFile_ShouldReturnFalse" computerName="MacBook-Pro" duration="00:00:00.0002646" startTime="2025-08-11T23:49:30.2881420-03:00" endTime="2025-08-11T23:49:30.2881840-03:00" testType="13cdc9d9-ddb5-4fa4-a97d-d965ccfc6d4b" outcome="Passed" testListId="8c84fa94-04c1-424b-9868-57a2d4851a1d" relativeResultsDirectory="845fe0f8-71f4-49aa-9e32-508320a8e352" />
    <UnitTestResult executionId="69f01e11-0546-4ec6-ac0d-82032d08008b" testId="cd9462e7-2aeb-f1cd-df73-927f31a7638d" testName="FileContentRenamer.Tests.Services.DateExtractorTests.ExtractDateFromContent_WithNoDate_ShouldReturnEmptyString" computerName="MacBook-Pro" duration="00:00:00.0000883" startTime="2025-08-11T23:49:30.3302310-03:00" endTime="2025-08-11T23:49:30.3302600-03:00" testType="13cdc9d9-ddb5-4fa4-a97d-d965ccfc6d4b" outcome="Passed" testListId="8c84fa94-04c1-424b-9868-57a2d4851a1d" relativeResultsDirectory="69f01e11-0546-4ec6-ac0d-82032d08008b" />
    <UnitTestResult executionId="4b8c60d1-442a-46db-ba1a-e4e5870b2a46" testId="193486f8-7638-5e27-f7c4-f2239a7e9f22" testName="FileContentRenamer.Tests.Services.FilenameGeneratorTests.CleanupFileName_WithVariousInputs_ShouldReturnCleanedName(input: &quot;file:name&quot;, expected: &quot;file:name&quot;)" computerName="MacBook-Pro" duration="00:00:00.0002160" startTime="2025-08-11T23:49:30.2353660-03:00" endTime="2025-08-11T23:49:30.2354050-03:00" testType="13cdc9d9-ddb5-4fa4-a97d-d965ccfc6d4b" outcome="Passed" testListId="8c84fa94-04c1-424b-9868-57a2d4851a1d" relativeResultsDirectory="4b8c60d1-442a-46db-ba1a-e4e5870b2a46" />
    <UnitTestResult executionId="e1ee1ac2-0501-4d34-907e-f29c7d1cd826" testId="f74a6a94-f390-b5f6-1cb3-44e2f343eb63" testName="FileContentRenamer.Tests.Models.NamingRulesTests.GenerateFilename_WithDateOverrideButRichContent_ShouldUseOriginalDate" computerName="MacBook-Pro" duration="00:00:00.0022984" startTime="2025-08-11T23:49:30.1664180-03:00" endTime="2025-08-11T23:49:30.1664450-03:00" testType="13cdc9d9-ddb5-4fa4-a97d-d965ccfc6d4b" outcome="Passed" testListId="8c84fa94-04c1-424b-9868-57a2d4851a1d" relativeResultsDirectory="e1ee1ac2-0501-4d34-907e-f29c7d1cd826" />
    <UnitTestResult executionId="d2cf0235-380f-4013-8e69-31875f872c4b" testId="411f59f3-34f9-62ac-9b26-0c3528e0b2f7" testName="FileContentRenamer.Tests.Services.FilenameGeneratorTests.IsAlreadyNamedFilename_WithInvalidFormats_ShouldReturnFalse(filename: &quot;service_15-03-2024_payment&quot;)" computerName="MacBook-Pro" duration="00:00:00.0000124" startTime="2025-08-11T23:49:30.2420440-03:00" endTime="2025-08-11T23:49:30.2420710-03:00" testType="13cdc9d9-ddb5-4fa4-a97d-d965ccfc6d4b" outcome="Passed" testListId="8c84fa94-04c1-424b-9868-57a2d4851a1d" relativeResultsDirectory="d2cf0235-380f-4013-8e69-31875f872c4b" />
    <UnitTestResult executionId="71bff8db-ace6-4913-a840-54e1bedebcee" testId="032ef3ac-363e-da8d-efab-865406d6fd71" testName="FileContentRenamer.Tests.Services.DirectoryOrganizerTests.GetMonthName_WithInvalidMonth_ShouldReturnUnknown(monthNumber: 0)" computerName="MacBook-Pro" duration="00:00:00.0001590" startTime="2025-08-11T23:49:30.3629280-03:00" endTime="2025-08-11T23:49:30.3630000-03:00" testType="13cdc9d9-ddb5-4fa4-a97d-d965ccfc6d4b" outcome="Passed" testListId="8c84fa94-04c1-424b-9868-57a2d4851a1d" relativeResultsDirectory="71bff8db-ace6-4913-a840-54e1bedebcee" />
    <UnitTestResult executionId="efab100e-0fa4-464c-ba98-68946e25ebf2" testId="ea32b4ee-de29-bcf5-9e6a-b7b5b963e16b" testName="FileContentRenamer.Tests.Services.FileValidatorTests.ShouldProcessFile_WithInvalidExtensions_ShouldReturnFalse(extension: &quot;.png&quot;)" computerName="MacBook-Pro" duration="00:00:00.0019733" startTime="2025-08-11T23:49:30.1739140-03:00" endTime="2025-08-11T23:49:30.1751620-03:00" testType="13cdc9d9-ddb5-4fa4-a97d-d965ccfc6d4b" outcome="Passed" testListId="8c84fa94-04c1-424b-9868-57a2d4851a1d" relativeResultsDirectory="efab100e-0fa4-464c-ba98-68946e25ebf2" />
    <UnitTestResult executionId="00c34e65-9c90-4df7-8d69-17198819de60" testId="33f7c76c-bb78-6b08-abcd-e808bcbcf4f9" testName="FileContentRenamer.Tests.Services.TextProcessorTests.ExtractContentAsync_WithOnlyWhitespace_ShouldReturnWhitespace" computerName="MacBook-Pro" duration="00:00:00.0025710" startTime="2025-08-11T23:49:30.4841900-03:00" endTime="2025-08-11T23:49:30.5122880-03:00" testType="13cdc9d9-ddb5-4fa4-a97d-d965ccfc6d4b" outcome="Passed" testListId="8c84fa94-04c1-424b-9868-57a2d4851a1d" relativeResultsDirectory="00c34e65-9c90-4df7-8d69-17198819de60" />
    <UnitTestResult executionId="895d7beb-26c4-43fa-a50a-b7f1e0409b10" testId="df0ff2b1-bb1d-04f9-1b59-ee245aa596c1" testName="FileContentRenamer.Tests.Services.FileValidatorTests.ShouldSkipAlreadyNamedFile_WithAlreadyNamedFile_ShouldReturnTrue" computerName="MacBook-Pro" duration="00:00:00.0005937" startTime="2025-08-11T23:49:30.2872050-03:00" endTime="2025-08-11T23:49:30.2873650-03:00" testType="13cdc9d9-ddb5-4fa4-a97d-d965ccfc6d4b" outcome="Passed" testListId="8c84fa94-04c1-424b-9868-57a2d4851a1d" relativeResultsDirectory="895d7beb-26c4-43fa-a50a-b7f1e0409b10" />
    <UnitTestResult executionId="4b8a97e1-2cc3-49eb-bb5d-d8e3ad28fa72" testId="74ad0e4c-d0dd-e8ed-f2c1-43d4f1994c9f" testName="FileContentRenamer.Tests.Services.ImageProcessorTests.CanProcess_WithVariousCases_ShouldReturnCorrectResult(extension: &quot;.Png&quot;)" computerName="MacBook-Pro" duration="00:00:00.0287910" startTime="2025-08-11T23:49:31.2468770-03:00" endTime="2025-08-11T23:49:31.2566950-03:00" testType="13cdc9d9-ddb5-4fa4-a97d-d965ccfc6d4b" outcome="Passed" testListId="8c84fa94-04c1-424b-9868-57a2d4851a1d" relativeResultsDirectory="4b8a97e1-2cc3-49eb-bb5d-d8e3ad28fa72" />
    <UnitTestResult executionId="3e37bf87-b05e-4642-af0c-3c6e3a6596de" testId="b0606947-aad7-eee5-1152-2a1ec56d9255" testName="FileContentRenamer.Tests.Services.DirectoryOrganizerTests.IsInYearMonthStructure_WithInvalidStructure_ShouldReturnFalse(folderName: &quot;regular_folder&quot;)" computerName="MacBook-Pro" duration="00:00:00.0003477" startTime="2025-08-11T23:49:30.3607510-03:00" endTime="2025-08-11T23:49:30.3607920-03:00" testType="13cdc9d9-ddb5-4fa4-a97d-d965ccfc6d4b" outcome="Passed" testListId="8c84fa94-04c1-424b-9868-57a2d4851a1d" relativeResultsDirectory="3e37bf87-b05e-4642-af0c-3c6e3a6596de" />
    <UnitTestResult executionId="ab92d37b-17a3-4b0b-acdf-cbfe2bafe544" testId="2c747d1f-f1c9-2115-b65f-2b6f4087b146" testName="FileContentRenamer.Tests.Services.FilenameGeneratorTests.IsAlreadyNamedFilename_WithValidFormats_ShouldReturnTrue(filename: &quot;test_2023-12-31_card&quot;)" computerName="MacBook-Pro" duration="00:00:00.0000305" startTime="2025-08-11T23:49:30.1745390-03:00" endTime="2025-08-11T23:49:30.1745640-03:00" testType="13cdc9d9-ddb5-4fa4-a97d-d965ccfc6d4b" outcome="Passed" testListId="8c84fa94-04c1-424b-9868-57a2d4851a1d" relativeResultsDirectory="ab92d37b-17a3-4b0b-acdf-cbfe2bafe544" />
    <UnitTestResult executionId="02298815-de88-4a97-b6b1-b46ed1bd872b" testId="5203fca7-8d46-0785-3587-4e70c16ca73b" testName="FileContentRenamer.Tests.Services.PdfProcessorTests.ExtractContentAsync_WithInvalidPdfFile_ShouldReturnEmptyString" computerName="MacBook-Pro" duration="00:00:00.0084849" startTime="2025-08-11T23:49:30.5618060-03:00" endTime="2025-08-11T23:49:30.5628830-03:00" testType="13cdc9d9-ddb5-4fa4-a97d-d965ccfc6d4b" outcome="Passed" testListId="8c84fa94-04c1-424b-9868-57a2d4851a1d" relativeResultsDirectory="02298815-de88-4a97-b6b1-b46ed1bd872b" />
    <UnitTestResult executionId="d5a3a242-87b7-4fe9-89d4-99ca6f22c51c" testId="be38a0d7-e0e2-fccd-c5e6-b3a3fded648e" testName="FileContentRenamer.Tests.Models.NamingRuleTests.Matches_WithAllKeywordsPresent_ShouldReturnTrue" computerName="MacBook-Pro" duration="00:00:00.0001789" startTime="2025-08-11T23:49:30.0664860-03:00" endTime="2025-08-11T23:49:30.0665710-03:00" testType="13cdc9d9-ddb5-4fa4-a97d-d965ccfc6d4b" outcome="Passed" testListId="8c84fa94-04c1-424b-9868-57a2d4851a1d" relativeResultsDirectory="d5a3a242-87b7-4fe9-89d4-99ca6f22c51c" />
    <UnitTestResult executionId="25af3210-cecd-4b06-8e00-6cb874503fb0" testId="b8e09496-6d7b-6d6d-0f84-90360e0cb28c" testName="FileContentRenamer.Tests.Services.ImageProcessorTests.CanProcess_WithImageExtensionsDifferentCasing_ShouldReturnTrue(extension: &quot;.PNG&quot;)" computerName="MacBook-Pro" duration="00:00:00.0334161" startTime="2025-08-11T23:49:30.9198630-03:00" endTime="2025-08-11T23:49:30.9589770-03:00" testType="13cdc9d9-ddb5-4fa4-a97d-d965ccfc6d4b" outcome="Passed" testListId="8c84fa94-04c1-424b-9868-57a2d4851a1d" relativeResultsDirectory="25af3210-cecd-4b06-8e00-6cb874503fb0" />
    <UnitTestResult executionId="32d3a92b-0414-4e17-b637-64889b3ed602" testId="3bc1972c-43c3-09f6-6b21-23df0274286b" testName="FileContentRenamer.Tests.Models.NamingRulesTests.Constructor_WithDefaultValues_ShouldInitializeCorrectly" computerName="MacBook-Pro" duration="00:00:00.0017105" startTime="2025-08-11T23:49:30.1700670-03:00" endTime="2025-08-11T23:49:30.1700940-03:00" testType="13cdc9d9-ddb5-4fa4-a97d-d965ccfc6d4b" outcome="Passed" testListId="8c84fa94-04c1-424b-9868-57a2d4851a1d" relativeResultsDirectory="32d3a92b-0414-4e17-b637-64889b3ed602" />
    <UnitTestResult executionId="eed568e8-fddd-4c9a-9dfb-d211b595366c" testId="63740491-dbe7-68e1-03c8-149486e0c4ce" testName="FileContentRenamer.Tests.Services.DirectoryOrganizerTests.IsInYearMonthStructure_WithMonthInYearFolder_ShouldReturnTrue" computerName="MacBook-Pro" duration="00:00:00.0005298" startTime="2025-08-11T23:49:30.4782940-03:00" endTime="2025-08-11T23:49:30.4783520-03:00" testType="13cdc9d9-ddb5-4fa4-a97d-d965ccfc6d4b" outcome="Passed" testListId="8c84fa94-04c1-424b-9868-57a2d4851a1d" relativeResultsDirectory="eed568e8-fddd-4c9a-9dfb-d211b595366c" />
    <UnitTestResult executionId="99b3e8bb-5cac-4832-892e-908154edd925" testId="b3f5716b-ac2d-a73d-5199-29412e45cde1" testName="FileContentRenamer.Tests.Services.FilenameGeneratorTests.CleanupFileName_WithVariousInputs_ShouldReturnCleanedName(input: &quot;&quot;, expected: &quot;unknown_file&quot;)" computerName="MacBook-Pro" duration="00:00:00.0000090" startTime="2025-08-11T23:49:30.2371120-03:00" endTime="2025-08-11T23:49:30.2371380-03:00" testType="13cdc9d9-ddb5-4fa4-a97d-d965ccfc6d4b" outcome="Passed" testListId="8c84fa94-04c1-424b-9868-57a2d4851a1d" relativeResultsDirectory="99b3e8bb-5cac-4832-892e-908154edd925" />
    <UnitTestResult executionId="fe7a6ab1-249f-46ce-b898-e13dbbd4b12b" testId="d6d3d886-1a00-8e52-5627-e1236e6e1c62" testName="FileContentRenamer.Tests.Services.FilenameGeneratorTests.IsAlreadyNamedFilename_WithInvalidFormats_ShouldReturnFalse(filename: &quot;service_payment&quot;)" computerName="MacBook-Pro" duration="00:00:00.0001555" startTime="2025-08-11T23:49:30.2417370-03:00" endTime="2025-08-11T23:49:30.2417670-03:00" testType="13cdc9d9-ddb5-4fa4-a97d-d965ccfc6d4b" outcome="Passed" testListId="8c84fa94-04c1-424b-9868-57a2d4851a1d" relativeResultsDirectory="fe7a6ab1-249f-46ce-b898-e13dbbd4b12b" />
    <UnitTestResult executionId="a2582151-668f-4f46-adb4-2baaae989dc5" testId="01a2041b-e2e4-e363-0b4d-3c74dc73e548" testName="FileContentRenamer.Tests.Services.FileValidatorTests.ValidateFileSize_WithNormalFile_ShouldNotThrow" computerName="MacBook-Pro" duration="00:00:00.0007410" startTime="2025-08-11T23:49:30.2911990-03:00" endTime="2025-08-11T23:49:30.2912540-03:00" testType="13cdc9d9-ddb5-4fa4-a97d-d965ccfc6d4b" outcome="Passed" testListId="8c84fa94-04c1-424b-9868-57a2d4851a1d" relativeResultsDirectory="a2582151-668f-4f46-adb4-2baaae989dc5" />
    <UnitTestResult executionId="75b245d8-1e67-4aa1-9e1d-7fbd00e8622d" testId="26656131-c125-7680-eabe-b2347d65af76" testName="FileContentRenamer.Tests.Services.TextProcessorTests.ExtractContentAsync_WithLockedFile_ShouldReturnEmptyString" computerName="MacBook-Pro" duration="00:00:00.0030336" startTime="2025-08-11T23:49:30.4046000-03:00" endTime="2025-08-11T23:49:30.4057390-03:00" testType="13cdc9d9-ddb5-4fa4-a97d-d965ccfc6d4b" outcome="Passed" testListId="8c84fa94-04c1-424b-9868-57a2d4851a1d" relativeResultsDirectory="75b245d8-1e67-4aa1-9e1d-7fbd00e8622d" />
    <UnitTestResult executionId="ac576964-6138-42a5-8330-bd4b20069e71" testId="923e4fe8-a8e9-3d7b-512d-479873b8f571" testName="FileContentRenamer.Tests.Models.NamingRuleTests.Matches_WithNullKeywords_ShouldReturnFalse" computerName="MacBook-Pro" duration="00:00:00.0001454" startTime="2025-08-11T23:49:30.0675000-03:00" endTime="2025-08-11T23:49:30.0675430-03:00" testType="13cdc9d9-ddb5-4fa4-a97d-d965ccfc6d4b" outcome="Passed" testListId="8c84fa94-04c1-424b-9868-57a2d4851a1d" relativeResultsDirectory="ac576964-6138-42a5-8330-bd4b20069e71" />
    <UnitTestResult executionId="256932b1-8dda-4175-a8ae-078cfb7ac6d4" testId="7e3a9744-91b7-a2b9-ebb3-73a79e07c25d" testName="FileContentRenamer.Tests.Services.FileValidatorTests.ShouldProcessFile_WithInvalidExtensions_ShouldReturnFalse(extension: &quot;.doc&quot;)" computerName="MacBook-Pro" duration="00:00:00.0004488" startTime="2025-08-11T23:49:30.2337660-03:00" endTime="2025-08-11T23:49:30.2341050-03:00" testType="13cdc9d9-ddb5-4fa4-a97d-d965ccfc6d4b" outcome="Passed" testListId="8c84fa94-04c1-424b-9868-57a2d4851a1d" relativeResultsDirectory="256932b1-8dda-4175-a8ae-078cfb7ac6d4" />
    <UnitTestResult executionId="ae3823ed-ca96-406b-b9b0-7a122b04208b" testId="2ff40e02-cd90-e19e-c947-03dc2242a050" testName="FileContentRenamer.Tests.Models.NamingRulesTests.GenerateFilename_WithDateOverrideAndMinimalContent_ShouldUseDateOverride" computerName="MacBook-Pro" duration="00:00:00.0002627" startTime="2025-08-11T23:49:30.1703730-03:00" endTime="2025-08-11T23:49:30.1703990-03:00" testType="13cdc9d9-ddb5-4fa4-a97d-d965ccfc6d4b" outcome="Passed" testListId="8c84fa94-04c1-424b-9868-57a2d4851a1d" relativeResultsDirectory="ae3823ed-ca96-406b-b9b0-7a122b04208b" />
    <UnitTestResult executionId="fc9764b2-e1dd-4f77-9743-d0e1e8a431ef" testId="6d7a483b-6c01-6e31-c6bf-ec0c2f6ad577" testName="FileContentRenamer.Tests.Services.PdfProcessorTests.CanProcess_WithPdfExtensionDifferentCasing_ShouldReturnTrue(filename: &quot;test.PDF&quot;)" computerName="MacBook-Pro" duration="00:00:00.0001884" startTime="2025-08-11T23:49:30.4813900-03:00" endTime="2025-08-11T23:49:30.4819410-03:00" testType="13cdc9d9-ddb5-4fa4-a97d-d965ccfc6d4b" outcome="Passed" testListId="8c84fa94-04c1-424b-9868-57a2d4851a1d" relativeResultsDirectory="fc9764b2-e1dd-4f77-9743-d0e1e8a431ef" />
    <UnitTestResult executionId="2eea91de-b14f-4cab-918e-ea873b5a4f99" testId="653d3743-7cb8-b116-b4af-cf8e20bba6f6" testName="FileContentRenamer.Tests.Models.NamingRulesTests.GenerateFilename_WithRuleWithEmptyPaymentMethod_ShouldUseDefault" computerName="MacBook-Pro" duration="00:00:00.0003819" startTime="2025-08-11T23:49:30.1709700-03:00" endTime="2025-08-11T23:49:30.1709960-03:00" testType="13cdc9d9-ddb5-4fa4-a97d-d965ccfc6d4b" outcome="Passed" testListId="8c84fa94-04c1-424b-9868-57a2d4851a1d" relativeResultsDirectory="2eea91de-b14f-4cab-918e-ea873b5a4f99" />
    <UnitTestResult executionId="e08648bf-9e0d-42d1-8699-3423257e1a72" testId="b48ede63-7bd8-9337-3a73-3e2097747548" testName="FileContentRenamer.Tests.Services.PdfProcessorTests.ExtractContentAsync_WithNullOrEmptyPath_ShouldHandleGracefully" computerName="MacBook-Pro" duration="00:00:00.0020206" startTime="2025-08-11T23:49:30.5401420-03:00" endTime="2025-08-11T23:49:30.5402030-03:00" testType="13cdc9d9-ddb5-4fa4-a97d-d965ccfc6d4b" outcome="Passed" testListId="8c84fa94-04c1-424b-9868-57a2d4851a1d" relativeResultsDirectory="e08648bf-9e0d-42d1-8699-3423257e1a72" />
    <UnitTestResult executionId="14e54e58-d759-48b5-88e7-178e1c49d654" testId="ab791beb-155a-2340-25c5-938aea845fff" testName="FileContentRenamer.Tests.Services.TextProcessorTests.ExtractContentAsync_WithSpecialCharacters_ShouldReturnContent" computerName="MacBook-Pro" duration="00:00:00.0241874" startTime="2025-08-11T23:49:30.3980550-03:00" endTime="2025-08-11T23:49:30.3988690-03:00" testType="13cdc9d9-ddb5-4fa4-a97d-d965ccfc6d4b" outcome="Passed" testListId="8c84fa94-04c1-424b-9868-57a2d4851a1d" relativeResultsDirectory="14e54e58-d759-48b5-88e7-178e1c49d654" />
    <UnitTestResult executionId="67a96e85-313b-4519-af55-4c9ad2504407" testId="7f685fe8-e8c1-84de-476c-7b3537eb652d" testName="FileContentRenamer.Tests.Services.DateExtractorTests.ExtractDateFromFilename_WithNullFilename_ShouldThrowArgumentNullException" computerName="MacBook-Pro" duration="00:00:00.0005290" startTime="2025-08-11T23:49:30.3243570-03:00" endTime="2025-08-11T23:49:30.3243860-03:00" testType="13cdc9d9-ddb5-4fa4-a97d-d965ccfc6d4b" outcome="Passed" testListId="8c84fa94-04c1-424b-9868-57a2d4851a1d" relativeResultsDirectory="67a96e85-313b-4519-af55-4c9ad2504407" />
    <UnitTestResult executionId="d908caa4-4cbf-4420-9a72-12dfa66445d8" testId="6c872214-13da-be98-a0a3-0db5c2d92720" testName="FileContentRenamer.Tests.Services.ImageProcessorTests.ExtractContentAsync_WithMissingTessdataPath_ShouldReturnEmpty" computerName="MacBook-Pro" duration="00:00:00.0541404" startTime="2025-08-11T23:49:31.4913220-03:00" endTime="2025-08-11T23:49:31.5263450-03:00" testType="13cdc9d9-ddb5-4fa4-a97d-d965ccfc6d4b" outcome="Passed" testListId="8c84fa94-04c1-424b-9868-57a2d4851a1d" relativeResultsDirectory="d908caa4-4cbf-4420-9a72-12dfa66445d8" />
    <UnitTestResult executionId="19883747-9c59-44d4-a97a-b5105d7ebc78" testId="c8e339c4-495d-6682-fb59-508814014af3" testName="FileContentRenamer.Tests.Models.AppConfigTests.AppConfig_DefaultValues_ShouldBeSetCorrectly" computerName="MacBook-Pro" duration="00:00:00.0003591" startTime="2025-08-11T23:49:31.1642220-03:00" endTime="2025-08-11T23:49:31.1643080-03:00" testType="13cdc9d9-ddb5-4fa4-a97d-d965ccfc6d4b" outcome="Passed" testListId="8c84fa94-04c1-424b-9868-57a2d4851a1d" relativeResultsDirectory="19883747-9c59-44d4-a97a-b5105d7ebc78" />
    <UnitTestResult executionId="073ba7ed-8a6b-473e-8261-749a94f3967d" testId="26bd4e72-4ac6-a5cc-eeb0-2da92faec007" testName="FileContentRenamer.Tests.Models.AppConfigTests.SaveLastUsedPath_WithValidPath_ShouldUpdateProperty" computerName="MacBook-Pro" duration="00:00:00.0039611" startTime="2025-08-11T23:49:30.5654590-03:00" endTime="2025-08-11T23:49:30.5655100-03:00" testType="13cdc9d9-ddb5-4fa4-a97d-d965ccfc6d4b" outcome="Passed" testListId="8c84fa94-04c1-424b-9868-57a2d4851a1d" relativeResultsDirectory="073ba7ed-8a6b-473e-8261-749a94f3967d" />
    <UnitTestResult executionId="7c62378f-12cf-4811-831e-5eee22fe9a8c" testId="735ac008-1cbd-a429-fd29-015f19236116" testName="FileContentRenamer.Tests.Models.NamingRuleTests.Matches_WithNoKeywords_ShouldReturnFalse" computerName="MacBook-Pro" duration="00:00:00.0001451" startTime="2025-08-11T23:49:30.1628220-03:00" endTime="2025-08-11T23:49:30.1628690-03:00" testType="13cdc9d9-ddb5-4fa4-a97d-d965ccfc6d4b" outcome="Passed" testListId="8c84fa94-04c1-424b-9868-57a2d4851a1d" relativeResultsDirectory="7c62378f-12cf-4811-831e-5eee22fe9a8c" />
    <UnitTestResult executionId="603fabbb-6f50-4efe-b640-b1c07c4057d4" testId="5ba61b11-551a-10ce-86ec-bdc1ee67e90e" testName="FileContentRenamer.Tests.Services.FileValidatorTests.ValidateConfiguration_WithEmptyBasePath_ShouldReturnFalse" computerName="MacBook-Pro" duration="00:00:00.0004736" startTime="2025-08-11T23:49:30.2915410-03:00" endTime="2025-08-11T23:49:30.2918930-03:00" testType="13cdc9d9-ddb5-4fa4-a97d-d965ccfc6d4b" outcome="Passed" testListId="8c84fa94-04c1-424b-9868-57a2d4851a1d" relativeResultsDirectory="603fabbb-6f50-4efe-b640-b1c07c4057d4" />
    <UnitTestResult executionId="1d962409-786e-43ca-b1ea-9742e996df49" testId="d928fd2c-924f-38de-6b58-5c8ead779399" testName="FileContentRenamer.Tests.Services.ImageProcessorTests.CanProcess_WithImageExtensions_ShouldReturnTrue(extension: &quot;.tiff&quot;)" computerName="MacBook-Pro" duration="00:00:00.0315763" startTime="2025-08-11T23:49:30.7874650-03:00" endTime="2025-08-11T23:49:30.7972050-03:00" testType="13cdc9d9-ddb5-4fa4-a97d-d965ccfc6d4b" outcome="Passed" testListId="8c84fa94-04c1-424b-9868-57a2d4851a1d" relativeResultsDirectory="1d962409-786e-43ca-b1ea-9742e996df49" />
    <UnitTestResult executionId="5a502903-582e-4aad-917a-9055f90347d7" testId="66a19620-a3b0-afbc-935a-264e635ffa8f" testName="FileContentRenamer.Tests.Services.FilenameGeneratorTests.IsAlreadyNamedFilename_WithInvalidFormats_ShouldReturnFalse(filename: &quot;service_2024-03-15&quot;)" computerName="MacBook-Pro" duration="00:00:00.0000074" startTime="2025-08-11T23:49:30.2426240-03:00" endTime="2025-08-11T23:49:30.2426490-03:00" testType="13cdc9d9-ddb5-4fa4-a97d-d965ccfc6d4b" outcome="Passed" testListId="8c84fa94-04c1-424b-9868-57a2d4851a1d" relativeResultsDirectory="5a502903-582e-4aad-917a-9055f90347d7" />
    <UnitTestResult executionId="94fbc9b9-0dd9-439b-93ba-2c95b0df04fa" testId="a74078ad-01de-0282-292f-78f3a891fdb1" testName="FileContentRenamer.Tests.Services.FileValidatorTests.ShouldProcessFile_WithNonExistentFile_ShouldReturnFalse" computerName="MacBook-Pro" duration="00:00:00.0006609" startTime="2025-08-11T23:49:30.3136030-03:00" endTime="2025-08-11T23:49:30.3136830-03:00" testType="13cdc9d9-ddb5-4fa4-a97d-d965ccfc6d4b" outcome="Passed" testListId="8c84fa94-04c1-424b-9868-57a2d4851a1d" relativeResultsDirectory="94fbc9b9-0dd9-439b-93ba-2c95b0df04fa" />
    <UnitTestResult executionId="75834cbb-02a6-4d3b-9425-5c7f241367d3" testId="5782f6c4-4818-df21-281e-6b620d8a99e2" testName="FileContentRenamer.Tests.Services.FilenameGeneratorTests.IsAlreadyNamedFilename_WithInvalidFormats_ShouldReturnFalse(filename: &quot;2024-03-15&quot;)" computerName="MacBook-Pro" duration="00:00:00.0038901" startTime="2025-08-11T23:49:30.2413250-03:00" endTime="2025-08-11T23:49:30.2413780-03:00" testType="13cdc9d9-ddb5-4fa4-a97d-d965ccfc6d4b" outcome="Passed" testListId="8c84fa94-04c1-424b-9868-57a2d4851a1d" relativeResultsDirectory="75834cbb-02a6-4d3b-9425-5c7f241367d3" />
    <UnitTestResult executionId="c5f5cf19-7d57-47a9-a017-282191ea4d3f" testId="9bb1b165-fd97-aa53-8141-e435492ae22a" testName="FileContentRenamer.Tests.Services.ImageProcessorTests.ExtractContentAsync_WithComplexLanguageConfig_ShouldHandleLanguageParsing" computerName="MacBook-Pro" duration="00:00:00.1138123" startTime="2025-08-11T23:49:31.6102660-03:00" endTime="2025-08-11T23:49:31.7037750-03:00" testType="13cdc9d9-ddb5-4fa4-a97d-d965ccfc6d4b" outcome="Passed" testListId="8c84fa94-04c1-424b-9868-57a2d4851a1d" relativeResultsDirectory="c5f5cf19-7d57-47a9-a017-282191ea4d3f" />
    <UnitTestResult executionId="c749d861-d263-4c8d-9f02-04e588c92de8" testId="b88cda59-316a-d792-4d81-e490d0212c2d" testName="FileContentRenamer.Tests.Services.DirectoryOrganizerTests.GetMonthName_WithValidMonth_ShouldReturnSpanishName(monthNumber: 3, expected: &quot;marzo&quot;)" computerName="MacBook-Pro" duration="00:00:00.0002000" startTime="2025-08-11T23:49:30.3588700-03:00" endTime="2025-08-11T23:49:30.3589200-03:00" testType="13cdc9d9-ddb5-4fa4-a97d-d965ccfc6d4b" outcome="Passed" testListId="8c84fa94-04c1-424b-9868-57a2d4851a1d" relativeResultsDirectory="c749d861-d263-4c8d-9f02-04e588c92de8" />
    <UnitTestResult executionId="1d8b0de7-efaa-43ef-b2d2-36173524263e" testId="ef0ba115-bb03-098e-48b3-8914fb59fb7f" testName="FileContentRenamer.Tests.Services.DirectoryOrganizerTests.GetMonthName_WithValidMonth_ShouldReturnSpanishName(monthNumber: 1, expected: &quot;enero&quot;)" computerName="MacBook-Pro" duration="00:00:00.0000986" startTime="2025-08-11T23:49:30.3579400-03:00" endTime="2025-08-11T23:49:30.3579850-03:00" testType="13cdc9d9-ddb5-4fa4-a97d-d965ccfc6d4b" outcome="Passed" testListId="8c84fa94-04c1-424b-9868-57a2d4851a1d" relativeResultsDirectory="1d8b0de7-efaa-43ef-b2d2-36173524263e" />
    <UnitTestResult executionId="5db3350c-4324-45ef-b5db-2e8ebe972096" testId="2c7c7876-b123-f6b1-1eae-db6f6476f552" testName="FileContentRenamer.Tests.Services.PdfProcessorTests.ExtractContentAsync_WithNonExistentPdfFile_ShouldReturnEmptyString" computerName="MacBook-Pro" duration="00:00:00.1854135" startTime="2025-08-11T23:49:30.1720070-03:00" endTime="2025-08-11T23:49:30.2915770-03:00" testType="13cdc9d9-ddb5-4fa4-a97d-d965ccfc6d4b" outcome="Passed" testListId="8c84fa94-04c1-424b-9868-57a2d4851a1d" relativeResultsDirectory="5db3350c-4324-45ef-b5db-2e8ebe972096" />
    <UnitTestResult executionId="45792d8e-a3ad-4472-b213-3e048ab8c954" testId="0228ec1a-cf44-e616-5aa7-aefd86959073" testName="FileContentRenamer.Tests.Services.FileServiceTests.ProcessFilesAsync_WithSameFilename_ShouldOrganizeOnly" computerName="MacBook-Pro" duration="00:00:00.0493810" startTime="2025-08-11T23:49:30.5122490-03:00" endTime="2025-08-11T23:49:30.5406150-03:00" testType="13cdc9d9-ddb5-4fa4-a97d-d965ccfc6d4b" outcome="Passed" testListId="8c84fa94-04c1-424b-9868-57a2d4851a1d" relativeResultsDirectory="45792d8e-a3ad-4472-b213-3e048ab8c954" />
    <UnitTestResult executionId="c9c4423d-9a12-442f-b548-f2852d85a1e8" testId="924a2837-bdda-5ff7-8002-b76459c46087" testName="FileContentRenamer.Tests.Services.FileServiceTests.ProcessFilesAsync_WithEmptyContent_ShouldSkipFile" computerName="MacBook-Pro" duration="00:00:00.0076550" startTime="2025-08-11T23:49:30.3988170-03:00" endTime="2025-08-11T23:49:30.4013490-03:00" testType="13cdc9d9-ddb5-4fa4-a97d-d965ccfc6d4b" outcome="Passed" testListId="8c84fa94-04c1-424b-9868-57a2d4851a1d" relativeResultsDirectory="c9c4423d-9a12-442f-b548-f2852d85a1e8" />
    <UnitTestResult executionId="16951bd7-37e9-406f-8bc6-b785fa85802e" testId="00d05e1f-7d72-418e-9c9e-a769436ab485" testName="FileContentRenamer.Tests.Services.FileValidatorTests.ShouldProcessFile_WithValidExtensions_ShouldReturnTrue(extension: &quot;.pdf&quot;)" computerName="MacBook-Pro" duration="00:00:00.0003213" startTime="2025-08-11T23:49:30.2801350-03:00" endTime="2025-08-11T23:49:30.2801780-03:00" testType="13cdc9d9-ddb5-4fa4-a97d-d965ccfc6d4b" outcome="Passed" testListId="8c84fa94-04c1-424b-9868-57a2d4851a1d" relativeResultsDirectory="16951bd7-37e9-406f-8bc6-b785fa85802e" />
    <UnitTestResult executionId="0d73a68d-4c2a-4c67-95d3-fb84120758a9" testId="c5db792d-e049-7e4c-45a4-ac95e98dbc54" testName="FileContentRenamer.Tests.Services.DirectoryOrganizerTests.GetMonthName_WithValidMonth_ShouldReturnSpanishName(monthNumber: 4, expected: &quot;abril&quot;)" computerName="MacBook-Pro" duration="00:00:00.0000914" startTime="2025-08-11T23:49:30.3604250-03:00" endTime="2025-08-11T23:49:30.3604660-03:00" testType="13cdc9d9-ddb5-4fa4-a97d-d965ccfc6d4b" outcome="Passed" testListId="8c84fa94-04c1-424b-9868-57a2d4851a1d" relativeResultsDirectory="0d73a68d-4c2a-4c67-95d3-fb84120758a9" />
    <UnitTestResult executionId="94d7e395-03a2-4aa0-b195-92735f763846" testId="62c33e58-2f83-26ac-2ae0-9b8229cc93ab" testName="FileContentRenamer.Tests.Services.FileValidatorTests.ValidateFileSize_WithEmptyFile_ShouldLogWarning" computerName="MacBook-Pro" duration="00:00:00.0006360" startTime="2025-08-11T23:49:30.2789010-03:00" endTime="2025-08-11T23:49:30.2789660-03:00" testType="13cdc9d9-ddb5-4fa4-a97d-d965ccfc6d4b" outcome="Passed" testListId="8c84fa94-04c1-424b-9868-57a2d4851a1d" relativeResultsDirectory="94d7e395-03a2-4aa0-b195-92735f763846" />
    <UnitTestResult executionId="d8aceb17-bb70-4d91-b4f3-15c2c120a5c3" testId="fe7b897c-fd2e-f8e6-f880-7f5c0aaede02" testName="FileContentRenamer.Tests.Services.DateExtractorTests.ExtractDateFromContent_WithVariousGenericDates_ShouldReturnCorrectDates(content: &quot;31/12/2023&quot;, expected: &quot;2023-12-31&quot;)" computerName="MacBook-Pro" duration="00:00:00.0000474" startTime="2025-08-11T23:49:30.3305610-03:00" endTime="2025-08-11T23:49:30.3305890-03:00" testType="13cdc9d9-ddb5-4fa4-a97d-d965ccfc6d4b" outcome="Passed" testListId="8c84fa94-04c1-424b-9868-57a2d4851a1d" relativeResultsDirectory="d8aceb17-bb70-4d91-b4f3-15c2c120a5c3" />
    <UnitTestResult executionId="5835eccc-2fbf-4e99-89cc-19ca77d74ecd" testId="a86e36e4-e94e-5f42-8494-d796a058bcf2" testName="FileContentRenamer.Tests.Services.DirectoryOrganizerTests.IsInYearMonthStructure_WithInvalidStructure_ShouldReturnFalse(folderName: &quot;2024_not_year&quot;)" computerName="MacBook-Pro" duration="00:00:00.0007825" startTime="2025-08-11T23:49:30.3610540-03:00" endTime="2025-08-11T23:49:30.3612410-03:00" testType="13cdc9d9-ddb5-4fa4-a97d-d965ccfc6d4b" outcome="Passed" testListId="8c84fa94-04c1-424b-9868-57a2d4851a1d" relativeResultsDirectory="5835eccc-2fbf-4e99-89cc-19ca77d74ecd" />
    <UnitTestResult executionId="dc433c23-9f29-4e38-9d92-1a9d76b19471" testId="31f3b2f4-1b28-6746-2403-d25f9fbdfdf8" testName="FileContentRenamer.Tests.Services.DirectoryOrganizerTests.OrganizeFileIntoDirectoryStructure_InYearFolderDifferentMonth_ShouldMoveToCorrectMonth" computerName="MacBook-Pro" duration="00:00:00.0235048" startTime="2025-08-11T23:49:30.3556930-03:00" endTime="2025-08-11T23:49:30.3557540-03:00" testType="13cdc9d9-ddb5-4fa4-a97d-d965ccfc6d4b" outcome="Passed" testListId="8c84fa94-04c1-424b-9868-57a2d4851a1d" relativeResultsDirectory="dc433c23-9f29-4e38-9d92-1a9d76b19471" />
    <UnitTestResult executionId="67f2a488-6e7c-48ec-a5ff-7b953a91e40b" testId="d1416a64-bf78-25ec-aee2-d5b8b18bc3dc" testName="FileContentRenamer.Tests.Services.DirectoryOrganizerTests.GetMonthName_WithValidMonth_ShouldReturnSpanishName(monthNumber: 5, expected: &quot;mayo&quot;)" computerName="MacBook-Pro" duration="00:00:00.0000965" startTime="2025-08-11T23:49:30.3582560-03:00" endTime="2025-08-11T23:49:30.3582990-03:00" testType="13cdc9d9-ddb5-4fa4-a97d-d965ccfc6d4b" outcome="Passed" testListId="8c84fa94-04c1-424b-9868-57a2d4851a1d" relativeResultsDirectory="67f2a488-6e7c-48ec-a5ff-7b953a91e40b" />
    <UnitTestResult executionId="bc87b6e7-fd08-4848-9816-b964c2fa78bb" testId="7fc03f6c-44c6-760a-ff15-5a01859458b0" testName="FileContentRenamer.Tests.Services.DirectoryOrganizerTests.OrganizeFileIntoDirectoryStructure_AlreadyInYearFolder_ShouldMoveToMonthFolder" computerName="MacBook-Pro" duration="00:00:00.0716364" startTime="2025-08-11T23:49:30.3956920-03:00" endTime="2025-08-11T23:49:30.4127850-03:00" testType="13cdc9d9-ddb5-4fa4-a97d-d965ccfc6d4b" outcome="Failed" testListId="8c84fa94-04c1-424b-9868-57a2d4851a1d" relativeResultsDirectory="bc87b6e7-fd08-4848-9816-b964c2fa78bb">
      <Output>
        <ErrorInfo>
          <Message>Expected result to be "/var/folders/x1/bt0l1hlj3xxfgmlll69gmfr40000gn/T/7824f1be-a49d-48b7-b40b-d87a172d1910/2024/03_marzo/test_2.pdf" with a length of 110, but "/var/folders/x1/bt0l1hlj3xxfgmlll69gmfr40000gn/T/2024/03_marzo/test_8.pdf" has a length of 73, differs near "202" (index 49).</Message>
          <StackTrace>   at FluentAssertions.Execution.XUnit2TestFramework.Throw(String message)
   at FluentAssertions.Execution.TestFrameworkProvider.Throw(String message)
   at FluentAssertions.Execution.DefaultAssertionStrategy.HandleFailure(String message)
   at FluentAssertions.Execution.AssertionScope.FailWith(Func`1 failReasonFunc)
   at FluentAssertions.Execution.AssertionScope.FailWith(Func`1 failReasonFunc)
   at FluentAssertions.Primitives.StringEqualityValidator.ValidateAgainstLengthDifferences()
   at FluentAssertions.Primitives.StringValidator.Validate()
   at FluentAssertions.Primitives.StringAssertions`1.Be(String expected, String because, Object[] becauseArgs)
   at FileContentRenamer.Tests.Services.DirectoryOrganizerTests.OrganizeFileIntoDirectoryStructure_AlreadyInYearFolder_ShouldMoveToMonthFolder() in /Users/santibraida/Workspace/comprobantes/FileContentRenamer.Tests/Services/DirectoryOrganizerTests.cs:line 223
   at System.RuntimeMethodHandle.InvokeMethod(Object target, Void** arguments, Signature sig, Boolean isConstructor)
   at System.Reflection.MethodBaseInvoker.InvokeWithNoArgs(Object obj, BindingFlags invokeAttr)</StackTrace>
        </ErrorInfo>
      </Output>
    </UnitTestResult>
    <UnitTestResult executionId="e901b7a7-4a17-40ab-b0ec-68ec365b25a0" testId="b99c1952-4b8a-6e7b-be83-1febd897689d" testName="FileContentRenamer.Tests.Services.DirectoryOrganizerTests.GetMonthName_WithValidMonth_ShouldReturnSpanishName(monthNumber: 12, expected: &quot;diciembre&quot;)" computerName="MacBook-Pro" duration="00:00:00.0001113" startTime="2025-08-11T23:49:30.3601170-03:00" endTime="2025-08-11T23:49:30.3601610-03:00" testType="13cdc9d9-ddb5-4fa4-a97d-d965ccfc6d4b" outcome="Passed" testListId="8c84fa94-04c1-424b-9868-57a2d4851a1d" relativeResultsDirectory="e901b7a7-4a17-40ab-b0ec-68ec365b25a0" />
    <UnitTestResult executionId="267164c4-d20f-4530-a5fc-7bef5a93e8dd" testId="8f2c1c6f-2d06-5c80-db10-fbc31b9e4155" testName="FileContentRenamer.Tests.Services.DirectoryOrganizerTests.OrganizeFileIntoDirectoryStructure_WithValidDate_ShouldCreateStructureAndMoveFile" computerName="MacBook-Pro" duration="00:00:00.0086607" startTime="2025-08-11T23:49:30.3190070-03:00" endTime="2025-08-11T23:49:30.3547370-03:00" testType="13cdc9d9-ddb5-4fa4-a97d-d965ccfc6d4b" outcome="Passed" testListId="8c84fa94-04c1-424b-9868-57a2d4851a1d" relativeResultsDirectory="267164c4-d20f-4530-a5fc-7bef5a93e8dd" />
    <UnitTestResult executionId="e9b57282-717b-410c-9b33-1ab6aa7845af" testId="8642e301-1a01-c43f-5457-781e9082a823" testName="FileContentRenamer.Tests.Services.PdfProcessorTests.CanProcess_WithPdfExtensionVariations_ShouldReturnTrue(filename: &quot;document.PDF&quot;)" computerName="MacBook-Pro" duration="00:00:00.0001608" startTime="2025-08-11T23:49:30.5605380-03:00" endTime="2025-08-11T23:49:30.5605820-03:00" testType="13cdc9d9-ddb5-4fa4-a97d-d965ccfc6d4b" outcome="Passed" testListId="8c84fa94-04c1-424b-9868-57a2d4851a1d" relativeResultsDirectory="e9b57282-717b-410c-9b33-1ab6aa7845af" />
    <UnitTestResult executionId="0f1d2ebc-2c92-4c19-9aff-66400af04ece" testId="2044c162-1147-8fb8-adb8-ab6044bfdf21" testName="FileContentRenamer.Tests.Models.NamingRulesTests.FindMatchingRule_WithMatchingRule_ShouldReturnRule" computerName="MacBook-Pro" duration="00:00:00.0007208" startTime="2025-08-11T23:49:30.1650390-03:00" endTime="2025-08-11T23:49:30.1650650-03:00" testType="13cdc9d9-ddb5-4fa4-a97d-d965ccfc6d4b" outcome="Passed" testListId="8c84fa94-04c1-424b-9868-57a2d4851a1d" relativeResultsDirectory="0f1d2ebc-2c92-4c19-9aff-66400af04ece" />
    <UnitTestResult executionId="e8f147d1-3701-4501-8b51-33b0aaaa56c2" testId="5611fb35-7f75-b2a9-be17-8e2f5c001e43" testName="FileContentRenamer.Tests.Services.FilenameGeneratorTests.CleanupFileName_WithVariousInputs_ShouldReturnCleanedName(input: &quot;file|name&quot;, expected: &quot;file|name&quot;)" computerName="MacBook-Pro" duration="00:00:00.0000152" startTime="2025-08-11T23:49:30.2361590-03:00" endTime="2025-08-11T23:49:30.2361940-03:00" testType="13cdc9d9-ddb5-4fa4-a97d-d965ccfc6d4b" outcome="Passed" testListId="8c84fa94-04c1-424b-9868-57a2d4851a1d" relativeResultsDirectory="e8f147d1-3701-4501-8b51-33b0aaaa56c2" />
    <UnitTestResult executionId="f400dec6-968b-4283-9eef-0a5ae6ccd7c1" testId="ab0172d5-f8de-2bd2-5705-f61f86ff407f" testName="FileContentRenamer.Tests.Services.DateExtractorTests.ExtractDateFromContent_WithMultipleDates_ShouldReturnFirstFound" computerName="MacBook-Pro" duration="00:00:00.0000452" startTime="2025-08-11T23:49:30.3297450-03:00" endTime="2025-08-11T23:49:30.3298300-03:00" testType="13cdc9d9-ddb5-4fa4-a97d-d965ccfc6d4b" outcome="Passed" testListId="8c84fa94-04c1-424b-9868-57a2d4851a1d" relativeResultsDirectory="f400dec6-968b-4283-9eef-0a5ae6ccd7c1" />
    <UnitTestResult executionId="8c5cce58-c549-440f-9eab-21d31b1ddce5" testId="aab26939-6c58-dafe-eca6-6d66c1372e38" testName="FileContentRenamer.Tests.Services.DateExtractorTests.ExtractDateFromContent_WithVariousSpanishDates_ShouldReturnCorrectDates(content: &quot;15 de junio de 2025&quot;, expected: &quot;2025-06-15&quot;)" computerName="MacBook-Pro" duration="00:00:00.0000051" startTime="2025-08-11T23:49:30.3236780-03:00" endTime="2025-08-11T23:49:30.3237110-03:00" testType="13cdc9d9-ddb5-4fa4-a97d-d965ccfc6d4b" outcome="Passed" testListId="8c84fa94-04c1-424b-9868-57a2d4851a1d" relativeResultsDirectory="8c5cce58-c549-440f-9eab-21d31b1ddce5" />
    <UnitTestResult executionId="fcdfce2d-da68-4475-8ec4-3c4fd012d582" testId="b4180071-1e06-f3bd-f0e2-c5c49975b30c" testName="FileContentRenamer.Tests.Services.ImageProcessorTests.Constructor_WithNullConfig_ShouldThrowArgumentNullException" computerName="MacBook-Pro" duration="00:00:00.0280029" startTime="2025-08-11T23:49:31.4073590-03:00" endTime="2025-08-11T23:49:31.4161520-03:00" testType="13cdc9d9-ddb5-4fa4-a97d-d965ccfc6d4b" outcome="Passed" testListId="8c84fa94-04c1-424b-9868-57a2d4851a1d" relativeResultsDirectory="fcdfce2d-da68-4475-8ec4-3c4fd012d582" />
    <UnitTestResult executionId="b60c30e6-6320-48f5-80c7-fe468872ab6d" testId="a973dd7a-7c46-af87-44cd-7bf4a36abf9b" testName="FileContentRenamer.Tests.Services.DateExtractorTests.ExtractDateFromFilename_WithVariousValidFormats_ShouldReturnCorrectDates(filename: &quot;test_2023-12-31_method&quot;, expected: &quot;2023-12-31&quot;)" computerName="MacBook-Pro" duration="00:00:00.0000036" startTime="2025-08-11T23:49:30.3194210-03:00" endTime="2025-08-11T23:49:30.3194500-03:00" testType="13cdc9d9-ddb5-4fa4-a97d-d965ccfc6d4b" outcome="Passed" testListId="8c84fa94-04c1-424b-9868-57a2d4851a1d" relativeResultsDirectory="b60c30e6-6320-48f5-80c7-fe468872ab6d" />
    <UnitTestResult executionId="4a43acd4-0d01-40ba-992a-35a733cacf1f" testId="89411942-d38a-5bb6-81ec-67e7fdba9fc2" testName="FileContentRenamer.Tests.Services.FileValidatorTests.ShouldProcessFile_WithValidExtensions_ShouldReturnTrue(extension: &quot;.txt&quot;)" computerName="MacBook-Pro" duration="00:00:00.0004197" startTime="2025-08-11T23:49:30.2797670-03:00" endTime="2025-08-11T23:49:30.2798170-03:00" testType="13cdc9d9-ddb5-4fa4-a97d-d965ccfc6d4b" outcome="Passed" testListId="8c84fa94-04c1-424b-9868-57a2d4851a1d" relativeResultsDirectory="4a43acd4-0d01-40ba-992a-35a733cacf1f" />
    <UnitTestResult executionId="2620186d-152a-49f8-bc73-81dc90fcecff" testId="a6c25b56-b57f-3f67-b38d-a26d924007e0" testName="FileContentRenamer.Tests.Models.AppConfigTests.SaveLastUsedPath_WithEmptyPath_ShouldReturnEarly" computerName="MacBook-Pro" duration="00:00:00.0001831" startTime="2025-08-11T23:49:31.1636620-03:00" endTime="2025-08-11T23:49:31.1637450-03:00" testType="13cdc9d9-ddb5-4fa4-a97d-d965ccfc6d4b" outcome="Passed" testListId="8c84fa94-04c1-424b-9868-57a2d4851a1d" relativeResultsDirectory="2620186d-152a-49f8-bc73-81dc90fcecff" />
    <UnitTestResult executionId="03a1d25b-db8e-4484-a831-00460184315c" testId="43108df8-7f9e-e70a-a456-a12f9dd6bbcf" testName="FileContentRenamer.Tests.Services.DateExtractorTests.ExtractDateFromContent_WithNullContent_ShouldReturnEmptyString" computerName="MacBook-Pro" duration="00:00:00.0000435" startTime="2025-08-11T23:49:30.3171630-03:00" endTime="2025-08-11T23:49:30.3172200-03:00" testType="13cdc9d9-ddb5-4fa4-a97d-d965ccfc6d4b" outcome="Passed" testListId="8c84fa94-04c1-424b-9868-57a2d4851a1d" relativeResultsDirectory="03a1d25b-db8e-4484-a831-00460184315c" />
    <UnitTestResult executionId="c286d78e-75ae-485e-9cfc-f0b8e316938b" testId="3890aa01-b165-5f49-b90e-3db1a4c16e7b" testName="FileContentRenamer.Tests.Services.FileValidatorTests.ValidateFileSize_WithInvalidPath_ShouldNotThrow" computerName="MacBook-Pro" duration="00:00:00.0005226" startTime="2025-08-11T23:49:30.2884690-03:00" endTime="2025-08-11T23:49:30.2885210-03:00" testType="13cdc9d9-ddb5-4fa4-a97d-d965ccfc6d4b" outcome="Passed" testListId="8c84fa94-04c1-424b-9868-57a2d4851a1d" relativeResultsDirectory="c286d78e-75ae-485e-9cfc-f0b8e316938b" />
    <UnitTestResult executionId="a693ac19-c244-47ac-9016-77f6d7a33a83" testId="fb01cc7e-d5fa-72c9-434f-db0e51b7acf2" testName="FileContentRenamer.Tests.Services.ImageProcessorTests.CanProcess_WithVariousCases_ShouldReturnCorrectResult(extension: &quot;.JPEG&quot;)" computerName="MacBook-Pro" duration="00:00:00.0303632" startTime="2025-08-11T23:49:31.1927640-03:00" endTime="2025-08-11T23:49:31.2006660-03:00" testType="13cdc9d9-ddb5-4fa4-a97d-d965ccfc6d4b" outcome="Passed" testListId="8c84fa94-04c1-424b-9868-57a2d4851a1d" relativeResultsDirectory="a693ac19-c244-47ac-9016-77f6d7a33a83" />
    <UnitTestResult executionId="276e54b3-34b5-4285-9d59-288e04d9ac14" testId="2096051f-0719-d6b7-7ba6-a9c6fbdaed26" testName="FileContentRenamer.Tests.Services.ImageProcessorTests.ExtractContentAsync_WithNonExistentFile_ShouldReturnEmptyString" computerName="MacBook-Pro" duration="00:00:00.0998266" startTime="2025-08-11T23:49:31.3117310-03:00" endTime="2025-08-11T23:49:31.3880580-03:00" testType="13cdc9d9-ddb5-4fa4-a97d-d965ccfc6d4b" outcome="Passed" testListId="8c84fa94-04c1-424b-9868-57a2d4851a1d" relativeResultsDirectory="276e54b3-34b5-4285-9d59-288e04d9ac14" />
    <UnitTestResult executionId="af0b0150-470f-4281-bd6f-c30619d7bcf4" testId="75799e7f-c8b2-eb49-e7fc-7e63546cf626" testName="FileContentRenamer.Tests.Services.ImageProcessorTests.CanProcess_WithImageExtensions_ShouldReturnTrue(extension: &quot;.tif&quot;)" computerName="MacBook-Pro" duration="00:00:00.0304386" startTime="2025-08-11T23:49:30.6908350-03:00" endTime="2025-08-11T23:49:30.7003320-03:00" testType="13cdc9d9-ddb5-4fa4-a97d-d965ccfc6d4b" outcome="Passed" testListId="8c84fa94-04c1-424b-9868-57a2d4851a1d" relativeResultsDirectory="af0b0150-470f-4281-bd6f-c30619d7bcf4" />
    <UnitTestResult executionId="b9a3bfff-2b8b-4191-85e0-f06898347a7f" testId="18d4c37f-1583-f497-ec0c-ad5f807ccb48" testName="FileContentRenamer.Tests.Services.DateExtractorTests.ExtractDateFromContent_WithVariousDueDateFormats_ShouldReturnCorrectDates(content: &quot;vencimiento 01/01/2025&quot;, expected: &quot;2025-01-01&quot;)" computerName="MacBook-Pro" duration="00:00:00.0002084" startTime="2025-08-11T23:49:30.2452250-03:00" endTime="2025-08-11T23:49:30.2452510-03:00" testType="13cdc9d9-ddb5-4fa4-a97d-d965ccfc6d4b" outcome="Passed" testListId="8c84fa94-04c1-424b-9868-57a2d4851a1d" relativeResultsDirectory="b9a3bfff-2b8b-4191-85e0-f06898347a7f" />
    <UnitTestResult executionId="c62299f1-2e68-4d92-8aa0-d4b083037121" testId="f4d3ad23-32ef-7284-391b-46eb33d6f78f" testName="FileContentRenamer.Tests.Services.FileValidatorTests.ShouldProcessFile_WithFileExtensionsContainingNulls_ShouldHandleGracefully" computerName="MacBook-Pro" duration="00:00:00.0217849" startTime="2025-08-11T23:49:30.2893660-03:00" endTime="2025-08-11T23:49:30.2897760-03:00" testType="13cdc9d9-ddb5-4fa4-a97d-d965ccfc6d4b" outcome="Passed" testListId="8c84fa94-04c1-424b-9868-57a2d4851a1d" relativeResultsDirectory="c62299f1-2e68-4d92-8aa0-d4b083037121" />
    <UnitTestResult executionId="1bba69f5-aae2-4ac9-814a-b41b3340d9f2" testId="99010084-55ec-2d67-80ac-70f30d045fef" testName="FileContentRenamer.Tests.Services.FilenameGeneratorTests.CleanupFileName_WithVariousInputs_ShouldReturnCleanedName(input: &quot;__file__name__&quot;, expected: &quot;file_name&quot;)" computerName="MacBook-Pro" duration="00:00:00.0000232" startTime="2025-08-11T23:49:30.2365090-03:00" endTime="2025-08-11T23:49:30.2365390-03:00" testType="13cdc9d9-ddb5-4fa4-a97d-d965ccfc6d4b" outcome="Passed" testListId="8c84fa94-04c1-424b-9868-57a2d4851a1d" relativeResultsDirectory="1bba69f5-aae2-4ac9-814a-b41b3340d9f2" />
    <UnitTestResult executionId="e4b1223f-37df-47e6-9000-8a4ed9acef59" testId="c1072614-89d7-ecfa-6ece-76abc08d540d" testName="FileContentRenamer.Tests.Services.FilenameGeneratorTests.IsAlreadyNamedFilename_WithInvalidFormats_ShouldReturnFalse(filename: &quot;&quot;)" computerName="MacBook-Pro" duration="00:00:00.0000074" startTime="2025-08-11T23:49:30.2423330-03:00" endTime="2025-08-11T23:49:30.2423600-03:00" testType="13cdc9d9-ddb5-4fa4-a97d-d965ccfc6d4b" outcome="Passed" testListId="8c84fa94-04c1-424b-9868-57a2d4851a1d" relativeResultsDirectory="e4b1223f-37df-47e6-9000-8a4ed9acef59" />
    <UnitTestResult executionId="ec5d7a7d-f9ab-47b8-9dfa-f30f83d06fb2" testId="929aa209-e3f7-852b-9884-da4d7850f9c4" testName="FileContentRenamer.Tests.Services.TextProcessorTests.ExtractContentAsync_WithValidTextFile_ShouldReturnContent" computerName="MacBook-Pro" duration="00:00:00.0088696" startTime="2025-08-11T23:49:30.3220670-03:00" endTime="2025-08-11T23:49:30.3635120-03:00" testType="13cdc9d9-ddb5-4fa4-a97d-d965ccfc6d4b" outcome="Passed" testListId="8c84fa94-04c1-424b-9868-57a2d4851a1d" relativeResultsDirectory="ec5d7a7d-f9ab-47b8-9dfa-f30f83d06fb2" />
    <UnitTestResult executionId="2065882b-a08d-49ca-935a-6e714058e7d6" testId="8788403a-0d19-e088-1175-07bf39207809" testName="FileContentRenamer.Tests.Services.PdfProcessorTests.CanProcess_WithNonPdfExtension_ShouldReturnFalse(filename: &quot;test.jpg&quot;)" computerName="MacBook-Pro" duration="00:00:00.0001033" startTime="2025-08-11T23:49:30.4875580-03:00" endTime="2025-08-11T23:49:30.4876020-03:00" testType="13cdc9d9-ddb5-4fa4-a97d-d965ccfc6d4b" outcome="Passed" testListId="8c84fa94-04c1-424b-9868-57a2d4851a1d" relativeResultsDirectory="2065882b-a08d-49ca-935a-6e714058e7d6" />
    <UnitTestResult executionId="0dbf3577-a3fc-4624-9956-faa277e45dfb" testId="fd75bf1b-7547-e469-5bac-5caae1974719" testName="FileContentRenamer.Tests.Services.FilenameGeneratorTests.IsAlreadyNamedFilename_WithValidFormats_ShouldReturnTrue(filename: &quot;service_2024-03-15_payment&quot;)" computerName="MacBook-Pro" duration="00:00:00.1300905" startTime="2025-08-11T23:49:30.0203530-03:00" endTime="2025-08-11T23:49:30.1739680-03:00" testType="13cdc9d9-ddb5-4fa4-a97d-d965ccfc6d4b" outcome="Passed" testListId="8c84fa94-04c1-424b-9868-57a2d4851a1d" relativeResultsDirectory="0dbf3577-a3fc-4624-9956-faa277e45dfb" />
    <UnitTestResult executionId="caccea50-86cf-437c-824c-09ce227223a0" testId="15d0df81-8794-5fa5-b2c8-6331ce7be91e" testName="FileContentRenamer.Tests.Services.TextProcessorTests.ExtractContentAsync_WithLargeFile_ShouldReturnFirst1000Characters" computerName="MacBook-Pro" duration="00:00:00.0087664" startTime="2025-08-11T23:49:30.4076000-03:00" endTime="2025-08-11T23:49:30.4837330-03:00" testType="13cdc9d9-ddb5-4fa4-a97d-d965ccfc6d4b" outcome="Passed" testListId="8c84fa94-04c1-424b-9868-57a2d4851a1d" relativeResultsDirectory="caccea50-86cf-437c-824c-09ce227223a0" />
    <UnitTestResult executionId="4835b3f8-0d1f-4fa2-b1e6-c9646203779d" testId="d0aa19eb-08b4-b4f4-8874-599c8e5e451d" testName="FileContentRenamer.Tests.Services.FileValidatorTests.ShouldProcessFile_WithDifferentCasing_ShouldBeCaseInsensitive(filename: &quot;test.PDF&quot;)" computerName="MacBook-Pro" duration="00:00:00.0002780" startTime="2025-08-11T23:49:30.2837720-03:00" endTime="2025-08-11T23:49:30.2838240-03:00" testType="13cdc9d9-ddb5-4fa4-a97d-d965ccfc6d4b" outcome="Passed" testListId="8c84fa94-04c1-424b-9868-57a2d4851a1d" relativeResultsDirectory="4835b3f8-0d1f-4fa2-b1e6-c9646203779d" />
    <UnitTestResult executionId="90e321d7-ca11-4cb5-9ea2-83be51d4db01" testId="9729a039-440f-b038-cbbc-13699377547c" testName="FileContentRenamer.Tests.Services.PdfProcessorTests.CanProcess_WithPdfExtension_ShouldReturnTrue" computerName="MacBook-Pro" duration="00:00:00.0004226" startTime="2025-08-11T23:49:30.5615000-03:00" endTime="2025-08-11T23:49:30.5615410-03:00" testType="13cdc9d9-ddb5-4fa4-a97d-d965ccfc6d4b" outcome="Passed" testListId="8c84fa94-04c1-424b-9868-57a2d4851a1d" relativeResultsDirectory="90e321d7-ca11-4cb5-9ea2-83be51d4db01" />
    <UnitTestResult executionId="90f1fadb-3798-4126-83d4-bee3c2ece859" testId="d4537562-1c96-4e07-3939-b2da6a34e9fc" testName="FileContentRenamer.Tests.Services.DateExtractorTests.ExtractDateFromFilename_WithValidFormat_ShouldReturnCorrectDate" computerName="MacBook-Pro" duration="00:00:00.0000643" startTime="2025-08-11T23:49:30.3271190-03:00" endTime="2025-08-11T23:49:30.3271630-03:00" testType="13cdc9d9-ddb5-4fa4-a97d-d965ccfc6d4b" outcome="Passed" testListId="8c84fa94-04c1-424b-9868-57a2d4851a1d" relativeResultsDirectory="90f1fadb-3798-4126-83d4-bee3c2ece859" />
    <UnitTestResult executionId="4b071a93-6689-4429-a79b-f52b26c74aaa" testId="66363822-7849-72a3-af25-779ac72e5857" testName="FileContentRenamer.Tests.Services.TextProcessorTests.CanProcess_WithTxtExtensionDifferentCasing_ShouldReturnTrue(filename: &quot;test.TXT&quot;)" computerName="MacBook-Pro" duration="00:00:00.0001971" startTime="2025-08-11T23:49:30.4030980-03:00" endTime="2025-08-11T23:49:30.4031450-03:00" testType="13cdc9d9-ddb5-4fa4-a97d-d965ccfc6d4b" outcome="Passed" testListId="8c84fa94-04c1-424b-9868-57a2d4851a1d" relativeResultsDirectory="4b071a93-6689-4429-a79b-f52b26c74aaa" />
    <UnitTestResult executionId="939695c9-6ab2-4087-b2c2-f7b082c3b40a" testId="c98d8a8b-c350-72b5-2be4-aa500796a5e0" testName="FileContentRenamer.Tests.Models.NamingRulesTests.GenerateFilename_WithMatchingRule_ShouldUseRuleValues" computerName="MacBook-Pro" duration="00:00:00.0018189" startTime="2025-08-11T23:49:30.1647360-03:00" endTime="2025-08-11T23:49:30.1647650-03:00" testType="13cdc9d9-ddb5-4fa4-a97d-d965ccfc6d4b" outcome="Passed" testListId="8c84fa94-04c1-424b-9868-57a2d4851a1d" relativeResultsDirectory="939695c9-6ab2-4087-b2c2-f7b082c3b40a" />
    <UnitTestResult executionId="9da40baf-fce7-49e8-8b5d-c308f99858bf" testId="4d791645-14ca-671e-50ed-7143a80c7959" testName="FileContentRenamer.Tests.Services.DateExtractorTests.ExtractDateFromContent_WithGenericDateFormat_ShouldReturnCorrectDate" computerName="MacBook-Pro" duration="00:00:00.0001522" startTime="2025-08-11T23:49:30.3208160-03:00" endTime="2025-08-11T23:49:30.3209000-03:00" testType="13cdc9d9-ddb5-4fa4-a97d-d965ccfc6d4b" outcome="Passed" testListId="8c84fa94-04c1-424b-9868-57a2d4851a1d" relativeResultsDirectory="9da40baf-fce7-49e8-8b5d-c308f99858bf" />
    <UnitTestResult executionId="86625e68-586c-4733-b532-666985a867a2" testId="95464817-3328-92d5-e9f2-a7a51a663358" testName="FileContentRenamer.Tests.Services.FilenameGeneratorTests.IsAlreadyNamedFilename_WithValidFormats_ShouldReturnTrue(filename: &quot;company_2025-01-01_bank&quot;)" computerName="MacBook-Pro" duration="00:00:00.0001883" startTime="2025-08-11T23:49:30.1742410-03:00" endTime="2025-08-11T23:49:30.1742680-03:00" testType="13cdc9d9-ddb5-4fa4-a97d-d965ccfc6d4b" outcome="Passed" testListId="8c84fa94-04c1-424b-9868-57a2d4851a1d" relativeResultsDirectory="86625e68-586c-4733-b532-666985a867a2" />
    <UnitTestResult executionId="8156ca40-1d60-44d0-97e5-a99faa8589e7" testId="6802e4b7-d13f-9fd7-e900-410b7d9a430f" testName="FileContentRenamer.Tests.Services.PdfProcessorTests.ExtractContentAsync_WithEmptyPdfFile_ShouldReturnEmptyString" computerName="MacBook-Pro" duration="00:00:00.0008623" startTime="2025-08-11T23:49:30.5631580-03:00" endTime="2025-08-11T23:49:30.5631980-03:00" testType="13cdc9d9-ddb5-4fa4-a97d-d965ccfc6d4b" outcome="Passed" testListId="8c84fa94-04c1-424b-9868-57a2d4851a1d" relativeResultsDirectory="8156ca40-1d60-44d0-97e5-a99faa8589e7" />
    <UnitTestResult executionId="88435d4f-3e74-4824-a6d6-be0fd806777d" testId="8294d7f7-2da1-4ee0-8cd3-c37ff5907cd4" testName="FileContentRenamer.Tests.Services.DateExtractorTests.ExtractDateFromContent_WithSpanishDateFormat_ShouldReturnCorrectDate" computerName="MacBook-Pro" duration="00:00:00.0051117" startTime="2025-08-11T23:49:30.3213250-03:00" endTime="2025-08-11T23:49:30.3221020-03:00" testType="13cdc9d9-ddb5-4fa4-a97d-d965ccfc6d4b" outcome="Passed" testListId="8c84fa94-04c1-424b-9868-57a2d4851a1d" relativeResultsDirectory="88435d4f-3e74-4824-a6d6-be0fd806777d" />
    <UnitTestResult executionId="5e353810-ad83-4467-9dda-cfbd1cc9af9e" testId="8ff3c0db-187d-d0d0-7eb2-736414974987" testName="FileContentRenamer.Tests.Services.DirectoryOrganizerTests.OrganizeFileIntoDirectoryStructure_WithDuplicateFile_ShouldCreateUniqueFilename" computerName="MacBook-Pro" duration="00:00:00.0012313" startTime="2025-08-11T23:49:30.4569550-03:00" endTime="2025-08-11T23:49:30.4574000-03:00" testType="13cdc9d9-ddb5-4fa4-a97d-d965ccfc6d4b" outcome="Passed" testListId="8c84fa94-04c1-424b-9868-57a2d4851a1d" relativeResultsDirectory="5e353810-ad83-4467-9dda-cfbd1cc9af9e" />
  </Results>
  <TestDefinitions>
    <UnitTest name="FileContentRenamer.Tests.Services.FileValidatorTests.ShouldProcessFile_WithInvalidExtensions_ShouldReturnFalse(extension: &quot;.png&quot;)" storage="/users/santibraida/workspace/comprobantes/filecontentrenamer.tests/bin/debug/net9.0/filecontentrenamer.tests.dll" id="ea32b4ee-de29-bcf5-9e6a-b7b5b963e16b">
      <Execution id="efab100e-0fa4-464c-ba98-68946e25ebf2" />
      <TestMethod codeBase="/Users/santibraida/Workspace/comprobantes/FileContentRenamer.Tests/bin/Debug/net9.0/FileContentRenamer.Tests.dll" adapterTypeName="executor://xunit/VsTestRunner3/netcore/" className="FileContentRenamer.Tests.Services.FileValidatorTests" name="ShouldProcessFile_WithInvalidExtensions_ShouldReturnFalse" />
    </UnitTest>
    <UnitTest name="FileContentRenamer.Tests.Models.AppConfigTests.LoadFromConfiguration_WithMissingConfigFile_ShouldThrowException" storage="/users/santibraida/workspace/comprobantes/filecontentrenamer.tests/bin/debug/net9.0/filecontentrenamer.tests.dll" id="e6f8099a-7c83-15b0-1a09-13322c0e5611">
      <Execution id="8d56f26a-edc0-41c0-9e94-aa827f6d7888" />
      <TestMethod codeBase="/Users/santibraida/Workspace/comprobantes/FileContentRenamer.Tests/bin/Debug/net9.0/FileContentRenamer.Tests.dll" adapterTypeName="executor://xunit/VsTestRunner3/netcore/" className="FileContentRenamer.Tests.Models.AppConfigTests" name="LoadFromConfiguration_WithMissingConfigFile_ShouldThrowException" />
    </UnitTest>
    <UnitTest name="FileContentRenamer.Tests.Services.FilenameGeneratorTests.GenerateFilename_WithNullDate_ShouldUseCurrentDate" storage="/users/santibraida/workspace/comprobantes/filecontentrenamer.tests/bin/debug/net9.0/filecontentrenamer.tests.dll" id="eff1fee9-aafb-67b9-c268-648d008d92e6">
      <Execution id="86a32f5d-bf03-410c-b397-f21caba6d4a5" />
      <TestMethod codeBase="/Users/santibraida/Workspace/comprobantes/FileContentRenamer.Tests/bin/Debug/net9.0/FileContentRenamer.Tests.dll" adapterTypeName="executor://xunit/VsTestRunner3/netcore/" className="FileContentRenamer.Tests.Services.FilenameGeneratorTests" name="GenerateFilename_WithNullDate_ShouldUseCurrentDate" />
    </UnitTest>
    <UnitTest name="FileContentRenamer.Tests.Services.PdfProcessorTests.ExtractContentAsync_WithInvalidPdfFile_ShouldReturnEmptyString" storage="/users/santibraida/workspace/comprobantes/filecontentrenamer.tests/bin/debug/net9.0/filecontentrenamer.tests.dll" id="5203fca7-8d46-0785-3587-4e70c16ca73b">
      <Execution id="02298815-de88-4a97-b6b1-b46ed1bd872b" />
      <TestMethod codeBase="/Users/santibraida/Workspace/comprobantes/FileContentRenamer.Tests/bin/Debug/net9.0/FileContentRenamer.Tests.dll" adapterTypeName="executor://xunit/VsTestRunner3/netcore/" className="FileContentRenamer.Tests.Services.PdfProcessorTests" name="ExtractContentAsync_WithInvalidPdfFile_ShouldReturnEmptyString" />
    </UnitTest>
    <UnitTest name="FileContentRenamer.Tests.Services.DirectoryOrganizerTests.OrganizeFileIntoDirectoryStructure_InYearFolderDifferentMonth_ShouldMoveToCorrectMonth" storage="/users/santibraida/workspace/comprobantes/filecontentrenamer.tests/bin/debug/net9.0/filecontentrenamer.tests.dll" id="31f3b2f4-1b28-6746-2403-d25f9fbdfdf8">
      <Execution id="dc433c23-9f29-4e38-9d92-1a9d76b19471" />
      <TestMethod codeBase="/Users/santibraida/Workspace/comprobantes/FileContentRenamer.Tests/bin/Debug/net9.0/FileContentRenamer.Tests.dll" adapterTypeName="executor://xunit/VsTestRunner3/netcore/" className="FileContentRenamer.Tests.Services.DirectoryOrganizerTests" name="OrganizeFileIntoDirectoryStructure_InYearFolderDifferentMonth_ShouldMoveToCorrectMonth" />
    </UnitTest>
    <UnitTest name="FileContentRenamer.Tests.Services.FilenameGeneratorTests.GenerateUniqueFilename_WithMultipleExistingFiles_ShouldReturnNextAvailableNumber" storage="/users/santibraida/workspace/comprobantes/filecontentrenamer.tests/bin/debug/net9.0/filecontentrenamer.tests.dll" id="44b78ff5-3e7b-b701-e798-52be3aafb6cb">
      <Execution id="c0604800-1a48-4738-a1c0-873bb3781eda" />
      <TestMethod codeBase="/Users/santibraida/Workspace/comprobantes/FileContentRenamer.Tests/bin/Debug/net9.0/FileContentRenamer.Tests.dll" adapterTypeName="executor://xunit/VsTestRunner3/netcore/" className="FileContentRenamer.Tests.Services.FilenameGeneratorTests" name="GenerateUniqueFilename_WithMultipleExistingFiles_ShouldReturnNextAvailableNumber" />
    </UnitTest>
    <UnitTest name="FileContentRenamer.Tests.Models.AppConfigTests.Properties_ShouldBeSettable" storage="/users/santibraida/workspace/comprobantes/filecontentrenamer.tests/bin/debug/net9.0/filecontentrenamer.tests.dll" id="5ae8a96a-c13f-5288-d649-6a496b108bc8">
      <Execution id="279451cd-beb1-4464-b704-2e46a648d315" />
      <TestMethod codeBase="/Users/santibraida/Workspace/comprobantes/FileContentRenamer.Tests/bin/Debug/net9.0/FileContentRenamer.Tests.dll" adapterTypeName="executor://xunit/VsTestRunner3/netcore/" className="FileContentRenamer.Tests.Models.AppConfigTests" name="Properties_ShouldBeSettable" />
    </UnitTest>
    <UnitTest name="FileContentRenamer.Tests.Services.DirectoryOrganizerTests.GetMonthName_WithValidMonth_ShouldReturnSpanishName(monthNumber: 4, expected: &quot;abril&quot;)" storage="/users/santibraida/workspace/comprobantes/filecontentrenamer.tests/bin/debug/net9.0/filecontentrenamer.tests.dll" id="c5db792d-e049-7e4c-45a4-ac95e98dbc54">
      <Execution id="0d73a68d-4c2a-4c67-95d3-fb84120758a9" />
      <TestMethod codeBase="/Users/santibraida/Workspace/comprobantes/FileContentRenamer.Tests/bin/Debug/net9.0/FileContentRenamer.Tests.dll" adapterTypeName="executor://xunit/VsTestRunner3/netcore/" className="FileContentRenamer.Tests.Services.DirectoryOrganizerTests" name="GetMonthName_WithValidMonth_ShouldReturnSpanishName" />
    </UnitTest>
    <UnitTest name="FileContentRenamer.Tests.Services.DirectoryOrganizerTests.GetMonthName_WithValidMonth_ShouldReturnSpanishName(monthNumber: 9, expected: &quot;septiembre&quot;)" storage="/users/santibraida/workspace/comprobantes/filecontentrenamer.tests/bin/debug/net9.0/filecontentrenamer.tests.dll" id="ebc6b45b-0fe4-e4c2-6b7e-a061ba64a1b2">
      <Execution id="1ee27757-cd47-4836-b173-5e571075c93a" />
      <TestMethod codeBase="/Users/santibraida/Workspace/comprobantes/FileContentRenamer.Tests/bin/Debug/net9.0/FileContentRenamer.Tests.dll" adapterTypeName="executor://xunit/VsTestRunner3/netcore/" className="FileContentRenamer.Tests.Services.DirectoryOrganizerTests" name="GetMonthName_WithValidMonth_ShouldReturnSpanishName" />
    </UnitTest>
    <UnitTest name="FileContentRenamer.Tests.Services.ImageProcessorTests.ExtractContentAsync_WithMissingTesseractDataPath_ShouldReturnEmpty" storage="/users/santibraida/workspace/comprobantes/filecontentrenamer.tests/bin/debug/net9.0/filecontentrenamer.tests.dll" id="5c3e394b-5635-340f-a8f3-3c152e9b2b47">
      <Execution id="081e8dfc-18c5-4aa1-926a-434d89c48a76" />
      <TestMethod codeBase="/Users/santibraida/Workspace/comprobantes/FileContentRenamer.Tests/bin/Debug/net9.0/FileContentRenamer.Tests.dll" adapterTypeName="executor://xunit/VsTestRunner3/netcore/" className="FileContentRenamer.Tests.Services.ImageProcessorTests" name="ExtractContentAsync_WithMissingTesseractDataPath_ShouldReturnEmpty" />
    </UnitTest>
    <UnitTest name="FileContentRenamer.Tests.Services.TextProcessorTests.CanProcess_WithNonTxtExtension_ShouldReturnFalse(filename: &quot;test.docx&quot;)" storage="/users/santibraida/workspace/comprobantes/filecontentrenamer.tests/bin/debug/net9.0/filecontentrenamer.tests.dll" id="72cdf8b5-0c4a-e649-1b33-3003eb144b1a">
      <Execution id="9123657b-ea16-4065-b93d-fdb73118c826" />
      <TestMethod codeBase="/Users/santibraida/Workspace/comprobantes/FileContentRenamer.Tests/bin/Debug/net9.0/FileContentRenamer.Tests.dll" adapterTypeName="executor://xunit/VsTestRunner3/netcore/" className="FileContentRenamer.Tests.Services.TextProcessorTests" name="CanProcess_WithNonTxtExtension_ShouldReturnFalse" />
    </UnitTest>
    <UnitTest name="FileContentRenamer.Tests.Services.ImageProcessorTests.Constructor_WithNewTesseractDataPath_ShouldCreateDirectory" storage="/users/santibraida/workspace/comprobantes/filecontentrenamer.tests/bin/debug/net9.0/filecontentrenamer.tests.dll" id="08a52aeb-79ca-913a-5dc9-ebd6568dcfe7">
      <Execution id="bbcf6ecf-ca57-43db-9b63-18ed6e9d998b" />
      <TestMethod codeBase="/Users/santibraida/Workspace/comprobantes/FileContentRenamer.Tests/bin/Debug/net9.0/FileContentRenamer.Tests.dll" adapterTypeName="executor://xunit/VsTestRunner3/netcore/" className="FileContentRenamer.Tests.Services.ImageProcessorTests" name="Constructor_WithNewTesseractDataPath_ShouldCreateDirectory" />
    </UnitTest>
    <UnitTest name="FileContentRenamer.Tests.Services.DateExtractorTests.ExtractDateFromFilename_WithNullFilename_ShouldThrowArgumentNullException" storage="/users/santibraida/workspace/comprobantes/filecontentrenamer.tests/bin/debug/net9.0/filecontentrenamer.tests.dll" id="7f685fe8-e8c1-84de-476c-7b3537eb652d">
      <Execution id="67a96e85-313b-4519-af55-4c9ad2504407" />
      <TestMethod codeBase="/Users/santibraida/Workspace/comprobantes/FileContentRenamer.Tests/bin/Debug/net9.0/FileContentRenamer.Tests.dll" adapterTypeName="executor://xunit/VsTestRunner3/netcore/" className="FileContentRenamer.Tests.Services.DateExtractorTests" name="ExtractDateFromFilename_WithNullFilename_ShouldThrowArgumentNullException" />
    </UnitTest>
    <UnitTest name="FileContentRenamer.Tests.Services.PdfProcessorTests.ExtractContentAsync_WithValidPdfFile_ShouldProcessPagesUpToLimit" storage="/users/santibraida/workspace/comprobantes/filecontentrenamer.tests/bin/debug/net9.0/filecontentrenamer.tests.dll" id="5a50abd3-c508-1b87-194f-cbac6ded3d5c">
      <Execution id="7a0f4882-c172-495a-bb4c-b4ce2e8a5822" />
      <TestMethod codeBase="/Users/santibraida/Workspace/comprobantes/FileContentRenamer.Tests/bin/Debug/net9.0/FileContentRenamer.Tests.dll" adapterTypeName="executor://xunit/VsTestRunner3/netcore/" className="FileContentRenamer.Tests.Services.PdfProcessorTests" name="ExtractContentAsync_WithValidPdfFile_ShouldProcessPagesUpToLimit" />
    </UnitTest>
    <UnitTest name="FileContentRenamer.Tests.Services.FileValidatorTests.ShouldProcessFile_WithFileExtensionsContainingNulls_ShouldHandleGracefully" storage="/users/santibraida/workspace/comprobantes/filecontentrenamer.tests/bin/debug/net9.0/filecontentrenamer.tests.dll" id="f4d3ad23-32ef-7284-391b-46eb33d6f78f">
      <Execution id="c62299f1-2e68-4d92-8aa0-d4b083037121" />
      <TestMethod codeBase="/Users/santibraida/Workspace/comprobantes/FileContentRenamer.Tests/bin/Debug/net9.0/FileContentRenamer.Tests.dll" adapterTypeName="executor://xunit/VsTestRunner3/netcore/" className="FileContentRenamer.Tests.Services.FileValidatorTests" name="ShouldProcessFile_WithFileExtensionsContainingNulls_ShouldHandleGracefully" />
    </UnitTest>
    <UnitTest name="FileContentRenamer.Tests.Services.FilenameGeneratorTests.GenerateFilename_WithNullDirectory_ShouldReturnOriginalFilename" storage="/users/santibraida/workspace/comprobantes/filecontentrenamer.tests/bin/debug/net9.0/filecontentrenamer.tests.dll" id="019703dd-2e5c-665b-f543-025b13ca7b6d">
      <Execution id="c71ba455-4a79-4abd-b77d-50d2d708afdb" />
      <TestMethod codeBase="/Users/santibraida/Workspace/comprobantes/FileContentRenamer.Tests/bin/Debug/net9.0/FileContentRenamer.Tests.dll" adapterTypeName="executor://xunit/VsTestRunner3/netcore/" className="FileContentRenamer.Tests.Services.FilenameGeneratorTests" name="GenerateFilename_WithNullDirectory_ShouldReturnOriginalFilename" />
    </UnitTest>
    <UnitTest name="FileContentRenamer.Tests.Services.FileValidatorTests.ShouldProcessFile_WithValidExtensions_ShouldReturnTrue(extension: &quot;.pdf&quot;)" storage="/users/santibraida/workspace/comprobantes/filecontentrenamer.tests/bin/debug/net9.0/filecontentrenamer.tests.dll" id="00d05e1f-7d72-418e-9c9e-a769436ab485">
      <Execution id="16951bd7-37e9-406f-8bc6-b785fa85802e" />
      <TestMethod codeBase="/Users/santibraida/Workspace/comprobantes/FileContentRenamer.Tests/bin/Debug/net9.0/FileContentRenamer.Tests.dll" adapterTypeName="executor://xunit/VsTestRunner3/netcore/" className="FileContentRenamer.Tests.Services.FileValidatorTests" name="ShouldProcessFile_WithValidExtensions_ShouldReturnTrue" />
    </UnitTest>
    <UnitTest name="FileContentRenamer.Tests.Models.NamingRulesTests.GenerateFilename_WithNoMatchingRule_ShouldUseDefaults" storage="/users/santibraida/workspace/comprobantes/filecontentrenamer.tests/bin/debug/net9.0/filecontentrenamer.tests.dll" id="fa21426d-34f2-265b-fd21-637426cd5f3c">
      <Execution id="299a6537-4ae3-4b6b-81a5-da6597dc88cb" />
      <TestMethod codeBase="/Users/santibraida/Workspace/comprobantes/FileContentRenamer.Tests/bin/Debug/net9.0/FileContentRenamer.Tests.dll" adapterTypeName="executor://xunit/VsTestRunner3/netcore/" className="FileContentRenamer.Tests.Models.NamingRulesTests" name="GenerateFilename_WithNoMatchingRule_ShouldUseDefaults" />
    </UnitTest>
    <UnitTest name="FileContentRenamer.Tests.Services.FileValidatorTests.ValidateConfiguration_WithNullBasePath_ShouldReturnFalse" storage="/users/santibraida/workspace/comprobantes/filecontentrenamer.tests/bin/debug/net9.0/filecontentrenamer.tests.dll" id="f0195bc9-b668-8b5d-b703-9a52aa1e98e6">
      <Execution id="0df10aba-a165-4b80-abe6-c8b764014d83" />
      <TestMethod codeBase="/Users/santibraida/Workspace/comprobantes/FileContentRenamer.Tests/bin/Debug/net9.0/FileContentRenamer.Tests.dll" adapterTypeName="executor://xunit/VsTestRunner3/netcore/" className="FileContentRenamer.Tests.Services.FileValidatorTests" name="ValidateConfiguration_WithNullBasePath_ShouldReturnFalse" />
    </UnitTest>
    <UnitTest name="FileContentRenamer.Tests.Services.FileValidatorTests.ShouldProcessFile_WithInvalidExtensions_ShouldReturnFalse(extension: &quot;.xlsx&quot;)" storage="/users/santibraida/workspace/comprobantes/filecontentrenamer.tests/bin/debug/net9.0/filecontentrenamer.tests.dll" id="5d659f4c-0006-5095-6e01-261fba69eeb2">
      <Execution id="b916e97f-b09c-4f9e-8a4f-402ced3bd067" />
      <TestMethod codeBase="/Users/santibraida/Workspace/comprobantes/FileContentRenamer.Tests/bin/Debug/net9.0/FileContentRenamer.Tests.dll" adapterTypeName="executor://xunit/VsTestRunner3/netcore/" className="FileContentRenamer.Tests.Services.FileValidatorTests" name="ShouldProcessFile_WithInvalidExtensions_ShouldReturnFalse" />
    </UnitTest>
    <UnitTest name="FileContentRenamer.Tests.Services.PdfProcessorTests.ExtractContentAsync_WithDirectoryPath_ShouldReturnEmpty" storage="/users/santibraida/workspace/comprobantes/filecontentrenamer.tests/bin/debug/net9.0/filecontentrenamer.tests.dll" id="d138724c-8941-27f5-b1cb-688759806790">
      <Execution id="40d7acda-8419-410f-925b-2965f31df364" />
      <TestMethod codeBase="/Users/santibraida/Workspace/comprobantes/FileContentRenamer.Tests/bin/Debug/net9.0/FileContentRenamer.Tests.dll" adapterTypeName="executor://xunit/VsTestRunner3/netcore/" className="FileContentRenamer.Tests.Services.PdfProcessorTests" name="ExtractContentAsync_WithDirectoryPath_ShouldReturnEmpty" />
    </UnitTest>
    <UnitTest name="FileContentRenamer.Tests.Models.AppConfigTests.LoadFromConfiguration_WithEmptyConfig_ShouldThrowException" storage="/users/santibraida/workspace/comprobantes/filecontentrenamer.tests/bin/debug/net9.0/filecontentrenamer.tests.dll" id="4216934b-235a-6efa-b1f2-737b953f21df">
      <Execution id="14472887-adcd-4e67-a53d-664141002335" />
      <TestMethod codeBase="/Users/santibraida/Workspace/comprobantes/FileContentRenamer.Tests/bin/Debug/net9.0/FileContentRenamer.Tests.dll" adapterTypeName="executor://xunit/VsTestRunner3/netcore/" className="FileContentRenamer.Tests.Models.AppConfigTests" name="LoadFromConfiguration_WithEmptyConfig_ShouldThrowException" />
    </UnitTest>
    <UnitTest name="FileContentRenamer.Tests.Services.FileValidatorTests.ValidateFileSize_WithNormalFile_ShouldNotThrow" storage="/users/santibraida/workspace/comprobantes/filecontentrenamer.tests/bin/debug/net9.0/filecontentrenamer.tests.dll" id="01a2041b-e2e4-e363-0b4d-3c74dc73e548">
      <Execution id="a2582151-668f-4f46-adb4-2baaae989dc5" />
      <TestMethod codeBase="/Users/santibraida/Workspace/comprobantes/FileContentRenamer.Tests/bin/Debug/net9.0/FileContentRenamer.Tests.dll" adapterTypeName="executor://xunit/VsTestRunner3/netcore/" className="FileContentRenamer.Tests.Services.FileValidatorTests" name="ValidateFileSize_WithNormalFile_ShouldNotThrow" />
    </UnitTest>
    <UnitTest name="FileContentRenamer.Tests.Services.DirectoryOrganizerTests.GetMonthName_WithValidMonth_ShouldReturnSpanishName(monthNumber: 11, expected: &quot;noviembre&quot;)" storage="/users/santibraida/workspace/comprobantes/filecontentrenamer.tests/bin/debug/net9.0/filecontentrenamer.tests.dll" id="b3c39b3e-760b-5274-9a96-a8ea10710638">
      <Execution id="47448ae0-934f-4a90-ac8e-f40152b8a26f" />
      <TestMethod codeBase="/Users/santibraida/Workspace/comprobantes/FileContentRenamer.Tests/bin/Debug/net9.0/FileContentRenamer.Tests.dll" adapterTypeName="executor://xunit/VsTestRunner3/netcore/" className="FileContentRenamer.Tests.Services.DirectoryOrganizerTests" name="GetMonthName_WithValidMonth_ShouldReturnSpanishName" />
    </UnitTest>
    <UnitTest name="FileContentRenamer.Tests.Services.PdfProcessorTests.CanProcess_WithNonPdfExtension_ShouldReturnFalse(filename: &quot;test.docx&quot;)" storage="/users/santibraida/workspace/comprobantes/filecontentrenamer.tests/bin/debug/net9.0/filecontentrenamer.tests.dll" id="aa7a6137-3efe-902b-7df5-672c2c4d55d3">
      <Execution id="22c2c3e3-80fa-423e-90fe-242db990e5d6" />
      <TestMethod codeBase="/Users/santibraida/Workspace/comprobantes/FileContentRenamer.Tests/bin/Debug/net9.0/FileContentRenamer.Tests.dll" adapterTypeName="executor://xunit/VsTestRunner3/netcore/" className="FileContentRenamer.Tests.Services.PdfProcessorTests" name="CanProcess_WithNonPdfExtension_ShouldReturnFalse" />
    </UnitTest>
    <UnitTest name="FileContentRenamer.Tests.Services.FilenameGeneratorTests.IsAlreadyNamedFilename_WithInvalidFormats_ShouldReturnFalse(filename: &quot;service_15-03-2024_payment&quot;)" storage="/users/santibraida/workspace/comprobantes/filecontentrenamer.tests/bin/debug/net9.0/filecontentrenamer.tests.dll" id="411f59f3-34f9-62ac-9b26-0c3528e0b2f7">
      <Execution id="d2cf0235-380f-4013-8e69-31875f872c4b" />
      <TestMethod codeBase="/Users/santibraida/Workspace/comprobantes/FileContentRenamer.Tests/bin/Debug/net9.0/FileContentRenamer.Tests.dll" adapterTypeName="executor://xunit/VsTestRunner3/netcore/" className="FileContentRenamer.Tests.Services.FilenameGeneratorTests" name="IsAlreadyNamedFilename_WithInvalidFormats_ShouldReturnFalse" />
    </UnitTest>
    <UnitTest name="FileContentRenamer.Tests.Services.DateExtractorTests.ExtractDateFromContent_WithDueDateFormat_ShouldReturnCorrectDate" storage="/users/santibraida/workspace/comprobantes/filecontentrenamer.tests/bin/debug/net9.0/filecontentrenamer.tests.dll" id="7135bf06-d0f7-d1fd-424d-aa321ae4fc62">
      <Execution id="1a8a45dc-2166-41c1-a559-bea0bdfd8f4d" />
      <TestMethod codeBase="/Users/santibraida/Workspace/comprobantes/FileContentRenamer.Tests/bin/Debug/net9.0/FileContentRenamer.Tests.dll" adapterTypeName="executor://xunit/VsTestRunner3/netcore/" className="FileContentRenamer.Tests.Services.DateExtractorTests" name="ExtractDateFromContent_WithDueDateFormat_ShouldReturnCorrectDate" />
    </UnitTest>
    <UnitTest name="FileContentRenamer.Tests.Models.NamingRulesTests.FindMatchingRule_WithMatchingRule_ShouldReturnRule" storage="/users/santibraida/workspace/comprobantes/filecontentrenamer.tests/bin/debug/net9.0/filecontentrenamer.tests.dll" id="2044c162-1147-8fb8-adb8-ab6044bfdf21">
      <Execution id="0f1d2ebc-2c92-4c19-9aff-66400af04ece" />
      <TestMethod codeBase="/Users/santibraida/Workspace/comprobantes/FileContentRenamer.Tests/bin/Debug/net9.0/FileContentRenamer.Tests.dll" adapterTypeName="executor://xunit/VsTestRunner3/netcore/" className="FileContentRenamer.Tests.Models.NamingRulesTests" name="FindMatchingRule_WithMatchingRule_ShouldReturnRule" />
    </UnitTest>
    <UnitTest name="FileContentRenamer.Tests.Services.DateExtractorTests.ExtractDateFromContent_WithVariousSpanishDates_ShouldReturnCorrectDates(content: &quot;1 de enero de 2024&quot;, expected: &quot;2024-01-01&quot;)" storage="/users/santibraida/workspace/comprobantes/filecontentrenamer.tests/bin/debug/net9.0/filecontentrenamer.tests.dll" id="8f9706bb-c4e8-83d9-78e0-248eda84983c">
      <Execution id="4f96d595-4942-4749-b8f9-2df6bb34b144" />
      <TestMethod codeBase="/Users/santibraida/Workspace/comprobantes/FileContentRenamer.Tests/bin/Debug/net9.0/FileContentRenamer.Tests.dll" adapterTypeName="executor://xunit/VsTestRunner3/netcore/" className="FileContentRenamer.Tests.Services.DateExtractorTests" name="ExtractDateFromContent_WithVariousSpanishDates_ShouldReturnCorrectDates" />
    </UnitTest>
    <UnitTest name="FileContentRenamer.Tests.Services.DirectoryOrganizerTests.GetMonthName_WithInvalidMonth_ShouldReturnUnknown(monthNumber: 13)" storage="/users/santibraida/workspace/comprobantes/filecontentrenamer.tests/bin/debug/net9.0/filecontentrenamer.tests.dll" id="6c106499-e2c3-a0a7-eafe-eacf56794202">
      <Execution id="c06e0808-4566-462c-9b12-a66874c4de81" />
      <TestMethod codeBase="/Users/santibraida/Workspace/comprobantes/FileContentRenamer.Tests/bin/Debug/net9.0/FileContentRenamer.Tests.dll" adapterTypeName="executor://xunit/VsTestRunner3/netcore/" className="FileContentRenamer.Tests.Services.DirectoryOrganizerTests" name="GetMonthName_WithInvalidMonth_ShouldReturnUnknown" />
    </UnitTest>
    <UnitTest name="FileContentRenamer.Tests.Services.DateExtractorTests.ExtractDateFromContent_WithVariousDueDateFormats_ShouldReturnCorrectDates(content: &quot;Vto.:15/03/2024&quot;, expected: &quot;2024-03-15&quot;)" storage="/users/santibraida/workspace/comprobantes/filecontentrenamer.tests/bin/debug/net9.0/filecontentrenamer.tests.dll" id="a4d26202-1548-77e4-c6ee-466955cdb771">
      <Execution id="90cf7d00-277e-4149-b9a4-4742e316ea3d" />
      <TestMethod codeBase="/Users/santibraida/Workspace/comprobantes/FileContentRenamer.Tests/bin/Debug/net9.0/FileContentRenamer.Tests.dll" adapterTypeName="executor://xunit/VsTestRunner3/netcore/" className="FileContentRenamer.Tests.Services.DateExtractorTests" name="ExtractDateFromContent_WithVariousDueDateFormats_ShouldReturnCorrectDates" />
    </UnitTest>
    <UnitTest name="FileContentRenamer.Tests.Services.DirectoryOrganizerTests.IsInYearMonthStructure_WithInvalidStructure_ShouldReturnFalse(folderName: &quot;03_marzo_not_in_year&quot;)" storage="/users/santibraida/workspace/comprobantes/filecontentrenamer.tests/bin/debug/net9.0/filecontentrenamer.tests.dll" id="2266e366-c62d-09c9-ded7-1e7b5d0da037">
      <Execution id="6df0c20b-a619-4d76-9b71-c3cf4308375c" />
      <TestMethod codeBase="/Users/santibraida/Workspace/comprobantes/FileContentRenamer.Tests/bin/Debug/net9.0/FileContentRenamer.Tests.dll" adapterTypeName="executor://xunit/VsTestRunner3/netcore/" className="FileContentRenamer.Tests.Services.DirectoryOrganizerTests" name="IsInYearMonthStructure_WithInvalidStructure_ShouldReturnFalse" />
    </UnitTest>
    <UnitTest name="FileContentRenamer.Tests.Services.DirectoryOrganizerTests.GetMonthName_WithInvalidMonth_ShouldReturnUnknown(monthNumber: -1)" storage="/users/santibraida/workspace/comprobantes/filecontentrenamer.tests/bin/debug/net9.0/filecontentrenamer.tests.dll" id="079ffdd2-77ff-69de-b8c6-9423e86a8bc9">
      <Execution id="c9c0b920-28f4-4dd6-b662-2740db59f082" />
      <TestMethod codeBase="/Users/santibraida/Workspace/comprobantes/FileContentRenamer.Tests/bin/Debug/net9.0/FileContentRenamer.Tests.dll" adapterTypeName="executor://xunit/VsTestRunner3/netcore/" className="FileContentRenamer.Tests.Services.DirectoryOrganizerTests" name="GetMonthName_WithInvalidMonth_ShouldReturnUnknown" />
    </UnitTest>
    <UnitTest name="FileContentRenamer.Tests.Services.FileValidatorTests.ShouldProcessFile_WithValidExtensions_ShouldReturnTrue(extension: &quot;.jpg&quot;)" storage="/users/santibraida/workspace/comprobantes/filecontentrenamer.tests/bin/debug/net9.0/filecontentrenamer.tests.dll" id="6d830e63-8fcb-8140-fe0b-9a127d46ab00">
      <Execution id="3a8b3428-3426-4c5b-be9b-cbbfb974d7de" />
      <TestMethod codeBase="/Users/santibraida/Workspace/comprobantes/FileContentRenamer.Tests/bin/Debug/net9.0/FileContentRenamer.Tests.dll" adapterTypeName="executor://xunit/VsTestRunner3/netcore/" className="FileContentRenamer.Tests.Services.FileValidatorTests" name="ShouldProcessFile_WithValidExtensions_ShouldReturnTrue" />
    </UnitTest>
    <UnitTest name="FileContentRenamer.Tests.Services.FileValidatorTests.ShouldProcessFile_WithDifferentCasing_ShouldBeCaseInsensitive(filename: &quot;test.PDF&quot;)" storage="/users/santibraida/workspace/comprobantes/filecontentrenamer.tests/bin/debug/net9.0/filecontentrenamer.tests.dll" id="d0aa19eb-08b4-b4f4-8874-599c8e5e451d">
      <Execution id="4835b3f8-0d1f-4fa2-b1e6-c9646203779d" />
      <TestMethod codeBase="/Users/santibraida/Workspace/comprobantes/FileContentRenamer.Tests/bin/Debug/net9.0/FileContentRenamer.Tests.dll" adapterTypeName="executor://xunit/VsTestRunner3/netcore/" className="FileContentRenamer.Tests.Services.FileValidatorTests" name="ShouldProcessFile_WithDifferentCasing_ShouldBeCaseInsensitive" />
    </UnitTest>
    <UnitTest name="FileContentRenamer.Tests.Models.AppConfigTests.LoadFromConfiguration_WithNoBasePath_ShouldUseCurrentDirectory" storage="/users/santibraida/workspace/comprobantes/filecontentrenamer.tests/bin/debug/net9.0/filecontentrenamer.tests.dll" id="c781d212-7be9-917b-2eb4-49e5e562dd6d">
      <Execution id="42c536db-9074-4f7b-b176-f8c02126a784" />
      <TestMethod codeBase="/Users/santibraida/Workspace/comprobantes/FileContentRenamer.Tests/bin/Debug/net9.0/FileContentRenamer.Tests.dll" adapterTypeName="executor://xunit/VsTestRunner3/netcore/" className="FileContentRenamer.Tests.Models.AppConfigTests" name="LoadFromConfiguration_WithNoBasePath_ShouldUseCurrentDirectory" />
    </UnitTest>
    <UnitTest name="FileContentRenamer.Tests.Services.ImageProcessorTests.CanProcess_WithVariousCases_ShouldReturnCorrectResult(extension: &quot;.tiff&quot;)" storage="/users/santibraida/workspace/comprobantes/filecontentrenamer.tests/bin/debug/net9.0/filecontentrenamer.tests.dll" id="676f3c6c-0dc6-c09d-c183-6e86f532e720">
      <Execution id="55fb4fc5-f7fe-45e9-abcf-0a440e248ae8" />
      <TestMethod codeBase="/Users/santibraida/Workspace/comprobantes/FileContentRenamer.Tests/bin/Debug/net9.0/FileContentRenamer.Tests.dll" adapterTypeName="executor://xunit/VsTestRunner3/netcore/" className="FileContentRenamer.Tests.Services.ImageProcessorTests" name="CanProcess_WithVariousCases_ShouldReturnCorrectResult" />
    </UnitTest>
    <UnitTest name="FileContentRenamer.Tests.Services.TextProcessorTests.ExtractContentAsync_WithUnicodeContent_ShouldReturnContent" storage="/users/santibraida/workspace/comprobantes/filecontentrenamer.tests/bin/debug/net9.0/filecontentrenamer.tests.dll" id="57d1cda9-e9e5-f000-1823-6cc75a3cb199">
      <Execution id="c60ffcfa-bec5-4fe9-907a-0313ea9314e6" />
      <TestMethod codeBase="/Users/santibraida/Workspace/comprobantes/FileContentRenamer.Tests/bin/Debug/net9.0/FileContentRenamer.Tests.dll" adapterTypeName="executor://xunit/VsTestRunner3/netcore/" className="FileContentRenamer.Tests.Services.TextProcessorTests" name="ExtractContentAsync_WithUnicodeContent_ShouldReturnContent" />
    </UnitTest>
    <UnitTest name="FileContentRenamer.Tests.Services.ImageProcessorTests.CanProcess_WithImageExtensionsDifferentCasing_ShouldReturnTrue(extension: &quot;.TIFF&quot;)" storage="/users/santibraida/workspace/comprobantes/filecontentrenamer.tests/bin/debug/net9.0/filecontentrenamer.tests.dll" id="8b0489e4-2aca-7279-af69-b44674c9e8bb">
      <Execution id="c1528433-b0c3-4003-be18-c1a180e8344c" />
      <TestMethod codeBase="/Users/santibraida/Workspace/comprobantes/FileContentRenamer.Tests/bin/Debug/net9.0/FileContentRenamer.Tests.dll" adapterTypeName="executor://xunit/VsTestRunner3/netcore/" className="FileContentRenamer.Tests.Services.ImageProcessorTests" name="CanProcess_WithImageExtensionsDifferentCasing_ShouldReturnTrue" />
    </UnitTest>
    <UnitTest name="FileContentRenamer.Tests.Services.ImageProcessorTests.Constructor_WithNullTesseractDataPath_ShouldNotThrow" storage="/users/santibraida/workspace/comprobantes/filecontentrenamer.tests/bin/debug/net9.0/filecontentrenamer.tests.dll" id="3a993a67-299c-3f87-5430-509e79a52fc2">
      <Execution id="5b3b15c0-9e70-438e-9c73-0b5e3a338755" />
      <TestMethod codeBase="/Users/santibraida/Workspace/comprobantes/FileContentRenamer.Tests/bin/Debug/net9.0/FileContentRenamer.Tests.dll" adapterTypeName="executor://xunit/VsTestRunner3/netcore/" className="FileContentRenamer.Tests.Services.ImageProcessorTests" name="Constructor_WithNullTesseractDataPath_ShouldNotThrow" />
    </UnitTest>
    <UnitTest name="FileContentRenamer.Tests.Services.ImageProcessorTests.CanProcess_WithNonImageExtension_ShouldReturnFalse(extension: &quot;test&quot;)" storage="/users/santibraida/workspace/comprobantes/filecontentrenamer.tests/bin/debug/net9.0/filecontentrenamer.tests.dll" id="d406e03e-ed03-b142-d7d1-88f454f977cb">
      <Execution id="940434bb-59a3-461c-abfe-35615522e7e6" />
      <TestMethod codeBase="/Users/santibraida/Workspace/comprobantes/FileContentRenamer.Tests/bin/Debug/net9.0/FileContentRenamer.Tests.dll" adapterTypeName="executor://xunit/VsTestRunner3/netcore/" className="FileContentRenamer.Tests.Services.ImageProcessorTests" name="CanProcess_WithNonImageExtension_ShouldReturnFalse" />
    </UnitTest>
    <UnitTest name="FileContentRenamer.Tests.Models.NamingRulesTests.GenerateFilename_WithRuleWithEmptyPaymentMethod_ShouldUseDefault" storage="/users/santibraida/workspace/comprobantes/filecontentrenamer.tests/bin/debug/net9.0/filecontentrenamer.tests.dll" id="653d3743-7cb8-b116-b4af-cf8e20bba6f6">
      <Execution id="2eea91de-b14f-4cab-918e-ea873b5a4f99" />
      <TestMethod codeBase="/Users/santibraida/Workspace/comprobantes/FileContentRenamer.Tests/bin/Debug/net9.0/FileContentRenamer.Tests.dll" adapterTypeName="executor://xunit/VsTestRunner3/netcore/" className="FileContentRenamer.Tests.Models.NamingRulesTests" name="GenerateFilename_WithRuleWithEmptyPaymentMethod_ShouldUseDefault" />
    </UnitTest>
    <UnitTest name="FileContentRenamer.Tests.Services.DirectoryOrganizerTests.IsInYearMonthStructure_WithInvalidStructure_ShouldReturnFalse(folderName: &quot;regular_folder&quot;)" storage="/users/santibraida/workspace/comprobantes/filecontentrenamer.tests/bin/debug/net9.0/filecontentrenamer.tests.dll" id="b0606947-aad7-eee5-1152-2a1ec56d9255">
      <Execution id="3e37bf87-b05e-4642-af0c-3c6e3a6596de" />
      <TestMethod codeBase="/Users/santibraida/Workspace/comprobantes/FileContentRenamer.Tests/bin/Debug/net9.0/FileContentRenamer.Tests.dll" adapterTypeName="executor://xunit/VsTestRunner3/netcore/" className="FileContentRenamer.Tests.Services.DirectoryOrganizerTests" name="IsInYearMonthStructure_WithInvalidStructure_ShouldReturnFalse" />
    </UnitTest>
    <UnitTest name="FileContentRenamer.Tests.Models.AppConfigTests.AppConfig_Properties_ShouldBeSettable" storage="/users/santibraida/workspace/comprobantes/filecontentrenamer.tests/bin/debug/net9.0/filecontentrenamer.tests.dll" id="f705c669-0318-6f5e-e8e5-1b4eaa9f9880">
      <Execution id="c2f4520a-a440-4d6d-b1bc-4f38a65f4127" />
      <TestMethod codeBase="/Users/santibraida/Workspace/comprobantes/FileContentRenamer.Tests/bin/Debug/net9.0/FileContentRenamer.Tests.dll" adapterTypeName="executor://xunit/VsTestRunner3/netcore/" className="FileContentRenamer.Tests.Models.AppConfigTests" name="AppConfig_Properties_ShouldBeSettable" />
    </UnitTest>
    <UnitTest name="FileContentRenamer.Tests.Services.PdfProcessorTests.ExtractContentAsync_WithEmptyPdfFile_ShouldReturnEmptyString" storage="/users/santibraida/workspace/comprobantes/filecontentrenamer.tests/bin/debug/net9.0/filecontentrenamer.tests.dll" id="6802e4b7-d13f-9fd7-e900-410b7d9a430f">
      <Execution id="8156ca40-1d60-44d0-97e5-a99faa8589e7" />
      <TestMethod codeBase="/Users/santibraida/Workspace/comprobantes/FileContentRenamer.Tests/bin/Debug/net9.0/FileContentRenamer.Tests.dll" adapterTypeName="executor://xunit/VsTestRunner3/netcore/" className="FileContentRenamer.Tests.Services.PdfProcessorTests" name="ExtractContentAsync_WithEmptyPdfFile_ShouldReturnEmptyString" />
    </UnitTest>
    <UnitTest name="FileContentRenamer.Tests.Services.DateExtractorTests.ExtractDateFromContent_WithVariousGenericDates_ShouldReturnCorrectDates(content: &quot;15/03/2024&quot;, expected: &quot;2024-03-15&quot;)" storage="/users/santibraida/workspace/comprobantes/filecontentrenamer.tests/bin/debug/net9.0/filecontentrenamer.tests.dll" id="1d19ec21-e870-5f10-f860-7ea25dd398b9">
      <Execution id="e4cd9ae1-9aa8-45e4-9cec-7ceef17530e5" />
      <TestMethod codeBase="/Users/santibraida/Workspace/comprobantes/FileContentRenamer.Tests/bin/Debug/net9.0/FileContentRenamer.Tests.dll" adapterTypeName="executor://xunit/VsTestRunner3/netcore/" className="FileContentRenamer.Tests.Services.DateExtractorTests" name="ExtractDateFromContent_WithVariousGenericDates_ShouldReturnCorrectDates" />
    </UnitTest>
    <UnitTest name="FileContentRenamer.Tests.Services.FilenameGeneratorTests.GenerateFilename_WithValidContentAndDate_ShouldReturnCorrectFilename" storage="/users/santibraida/workspace/comprobantes/filecontentrenamer.tests/bin/debug/net9.0/filecontentrenamer.tests.dll" id="a78a0985-6ddf-5e1e-7544-6efb88194c31">
      <Execution id="c829d557-5675-4386-8fa0-b0966028fd91" />
      <TestMethod codeBase="/Users/santibraida/Workspace/comprobantes/FileContentRenamer.Tests/bin/Debug/net9.0/FileContentRenamer.Tests.dll" adapterTypeName="executor://xunit/VsTestRunner3/netcore/" className="FileContentRenamer.Tests.Services.FilenameGeneratorTests" name="GenerateFilename_WithValidContentAndDate_ShouldReturnCorrectFilename" />
    </UnitTest>
    <UnitTest name="FileContentRenamer.Tests.Services.FilenameGeneratorTests.IsAlreadyNamedFilename_WithCorrectFormat_ShouldReturnTrue" storage="/users/santibraida/workspace/comprobantes/filecontentrenamer.tests/bin/debug/net9.0/filecontentrenamer.tests.dll" id="9f3779e0-204e-fe43-610e-1a907c82fa52">
      <Execution id="b963928c-1ed4-447e-93a5-58e7d98f4ac5" />
      <TestMethod codeBase="/Users/santibraida/Workspace/comprobantes/FileContentRenamer.Tests/bin/Debug/net9.0/FileContentRenamer.Tests.dll" adapterTypeName="executor://xunit/VsTestRunner3/netcore/" className="FileContentRenamer.Tests.Services.FilenameGeneratorTests" name="IsAlreadyNamedFilename_WithCorrectFormat_ShouldReturnTrue" />
    </UnitTest>
    <UnitTest name="FileContentRenamer.Tests.Models.NamingRulesTests.FindMatchingRule_WithEmptyContent_ShouldReturnNull" storage="/users/santibraida/workspace/comprobantes/filecontentrenamer.tests/bin/debug/net9.0/filecontentrenamer.tests.dll" id="6d7beee1-1275-7fbd-2196-741c8c2b81ed">
      <Execution id="0ae61a26-13d6-433d-8ab9-67945da8fd6b" />
      <TestMethod codeBase="/Users/santibraida/Workspace/comprobantes/FileContentRenamer.Tests/bin/Debug/net9.0/FileContentRenamer.Tests.dll" adapterTypeName="executor://xunit/VsTestRunner3/netcore/" className="FileContentRenamer.Tests.Models.NamingRulesTests" name="FindMatchingRule_WithEmptyContent_ShouldReturnNull" />
    </UnitTest>
    <UnitTest name="FileContentRenamer.Tests.Services.FilenameGeneratorTests.IsAlreadyNamedFilename_WithInvalidFormats_ShouldReturnFalse(filename: &quot;&quot;)" storage="/users/santibraida/workspace/comprobantes/filecontentrenamer.tests/bin/debug/net9.0/filecontentrenamer.tests.dll" id="c1072614-89d7-ecfa-6ece-76abc08d540d">
      <Execution id="e4b1223f-37df-47e6-9000-8a4ed9acef59" />
      <TestMethod codeBase="/Users/santibraida/Workspace/comprobantes/FileContentRenamer.Tests/bin/Debug/net9.0/FileContentRenamer.Tests.dll" adapterTypeName="executor://xunit/VsTestRunner3/netcore/" className="FileContentRenamer.Tests.Services.FilenameGeneratorTests" name="IsAlreadyNamedFilename_WithInvalidFormats_ShouldReturnFalse" />
    </UnitTest>
    <UnitTest name="FileContentRenamer.Tests.Services.FileValidatorTests.ValidateFileSize_WithInvalidPath_ShouldNotThrow" storage="/users/santibraida/workspace/comprobantes/filecontentrenamer.tests/bin/debug/net9.0/filecontentrenamer.tests.dll" id="3890aa01-b165-5f49-b90e-3db1a4c16e7b">
      <Execution id="c286d78e-75ae-485e-9cfc-f0b8e316938b" />
      <TestMethod codeBase="/Users/santibraida/Workspace/comprobantes/FileContentRenamer.Tests/bin/Debug/net9.0/FileContentRenamer.Tests.dll" adapterTypeName="executor://xunit/VsTestRunner3/netcore/" className="FileContentRenamer.Tests.Services.FileValidatorTests" name="ValidateFileSize_WithInvalidPath_ShouldNotThrow" />
    </UnitTest>
    <UnitTest name="FileContentRenamer.Tests.Services.DirectoryOrganizerTests.OrganizeFileIntoDirectoryStructure_AlreadyInCorrectStructure_ShouldReturnSamePath" storage="/users/santibraida/workspace/comprobantes/filecontentrenamer.tests/bin/debug/net9.0/filecontentrenamer.tests.dll" id="1f3ff8e1-e91a-ea79-b96f-cb3e726fda8c">
      <Execution id="3bac95ed-855a-4fa2-9762-614163e86a22" />
      <TestMethod codeBase="/Users/santibraida/Workspace/comprobantes/FileContentRenamer.Tests/bin/Debug/net9.0/FileContentRenamer.Tests.dll" adapterTypeName="executor://xunit/VsTestRunner3/netcore/" className="FileContentRenamer.Tests.Services.DirectoryOrganizerTests" name="OrganizeFileIntoDirectoryStructure_AlreadyInCorrectStructure_ShouldReturnSamePath" />
    </UnitTest>
    <UnitTest name="FileContentRenamer.Tests.Services.DirectoryOrganizerTests.GetMonthName_WithValidMonth_ShouldReturnSpanishName(monthNumber: 5, expected: &quot;mayo&quot;)" storage="/users/santibraida/workspace/comprobantes/filecontentrenamer.tests/bin/debug/net9.0/filecontentrenamer.tests.dll" id="d1416a64-bf78-25ec-aee2-d5b8b18bc3dc">
      <Execution id="67f2a488-6e7c-48ec-a5ff-7b953a91e40b" />
      <TestMethod codeBase="/Users/santibraida/Workspace/comprobantes/FileContentRenamer.Tests/bin/Debug/net9.0/FileContentRenamer.Tests.dll" adapterTypeName="executor://xunit/VsTestRunner3/netcore/" className="FileContentRenamer.Tests.Services.DirectoryOrganizerTests" name="GetMonthName_WithValidMonth_ShouldReturnSpanishName" />
    </UnitTest>
    <UnitTest name="FileContentRenamer.Tests.Models.NamingRulesTests.GenerateFilename_WithDateOverrideButRichContent_ShouldUseOriginalDate" storage="/users/santibraida/workspace/comprobantes/filecontentrenamer.tests/bin/debug/net9.0/filecontentrenamer.tests.dll" id="f74a6a94-f390-b5f6-1cb3-44e2f343eb63">
      <Execution id="e1ee1ac2-0501-4d34-907e-f29c7d1cd826" />
      <TestMethod codeBase="/Users/santibraida/Workspace/comprobantes/FileContentRenamer.Tests/bin/Debug/net9.0/FileContentRenamer.Tests.dll" adapterTypeName="executor://xunit/VsTestRunner3/netcore/" className="FileContentRenamer.Tests.Models.NamingRulesTests" name="GenerateFilename_WithDateOverrideButRichContent_ShouldUseOriginalDate" />
    </UnitTest>
    <UnitTest name="FileContentRenamer.Tests.Services.ImageProcessorTests.Constructor_WithNonExistentTesseractDataPath_ShouldCreateDirectory" storage="/users/santibraida/workspace/comprobantes/filecontentrenamer.tests/bin/debug/net9.0/filecontentrenamer.tests.dll" id="7511a43c-a4b1-13d6-6238-776526db53ad">
      <Execution id="b87b57fc-a7f7-474b-b266-ef575cfbd12c" />
      <TestMethod codeBase="/Users/santibraida/Workspace/comprobantes/FileContentRenamer.Tests/bin/Debug/net9.0/FileContentRenamer.Tests.dll" adapterTypeName="executor://xunit/VsTestRunner3/netcore/" className="FileContentRenamer.Tests.Services.ImageProcessorTests" name="Constructor_WithNonExistentTesseractDataPath_ShouldCreateDirectory" />
    </UnitTest>
    <UnitTest name="FileContentRenamer.Tests.Services.FilenameGeneratorTests.GenerateFilename_WithNoDateInContent_ShouldUseCurrentDate" storage="/users/santibraida/workspace/comprobantes/filecontentrenamer.tests/bin/debug/net9.0/filecontentrenamer.tests.dll" id="5126ad9e-208d-14c5-d223-4d3af568be87">
      <Execution id="585bc36a-a965-4d3d-9f9d-3795ce5c1c5d" />
      <TestMethod codeBase="/Users/santibraida/Workspace/comprobantes/FileContentRenamer.Tests/bin/Debug/net9.0/FileContentRenamer.Tests.dll" adapterTypeName="executor://xunit/VsTestRunner3/netcore/" className="FileContentRenamer.Tests.Services.FilenameGeneratorTests" name="GenerateFilename_WithNoDateInContent_ShouldUseCurrentDate" />
    </UnitTest>
    <UnitTest name="FileContentRenamer.Tests.Services.ImageProcessorTests.CanProcess_WithNonImageExtension_ShouldReturnFalse(extension: &quot;.docx&quot;)" storage="/users/santibraida/workspace/comprobantes/filecontentrenamer.tests/bin/debug/net9.0/filecontentrenamer.tests.dll" id="3ecade73-7761-1f4e-e941-925f13343fbf">
      <Execution id="880a8615-e73a-4972-b664-1e765fa2305f" />
      <TestMethod codeBase="/Users/santibraida/Workspace/comprobantes/FileContentRenamer.Tests/bin/Debug/net9.0/FileContentRenamer.Tests.dll" adapterTypeName="executor://xunit/VsTestRunner3/netcore/" className="FileContentRenamer.Tests.Services.ImageProcessorTests" name="CanProcess_WithNonImageExtension_ShouldReturnFalse" />
    </UnitTest>
    <UnitTest name="FileContentRenamer.Tests.Services.FileValidatorTests.ValidateConfiguration_WithValidConfig_ShouldReturnTrue" storage="/users/santibraida/workspace/comprobantes/filecontentrenamer.tests/bin/debug/net9.0/filecontentrenamer.tests.dll" id="a366a934-60e2-7009-7a6f-f68837f539c2">
      <Execution id="4f0dd7a6-3972-4136-866c-e5cbc64906d0" />
      <TestMethod codeBase="/Users/santibraida/Workspace/comprobantes/FileContentRenamer.Tests/bin/Debug/net9.0/FileContentRenamer.Tests.dll" adapterTypeName="executor://xunit/VsTestRunner3/netcore/" className="FileContentRenamer.Tests.Services.FileValidatorTests" name="ValidateConfiguration_WithValidConfig_ShouldReturnTrue" />
    </UnitTest>
    <UnitTest name="FileContentRenamer.Tests.Services.FileServiceTests.ProcessFilesAsync_WithInvalidConfiguration_ShouldReturnEarly" storage="/users/santibraida/workspace/comprobantes/filecontentrenamer.tests/bin/debug/net9.0/filecontentrenamer.tests.dll" id="d0d2c3b5-6a63-09c0-0a9b-894aa7a6f45d">
      <Execution id="24a25752-7144-4aff-adbd-c03d6f2aac57" />
      <TestMethod codeBase="/Users/santibraida/Workspace/comprobantes/FileContentRenamer.Tests/bin/Debug/net9.0/FileContentRenamer.Tests.dll" adapterTypeName="executor://xunit/VsTestRunner3/netcore/" className="FileContentRenamer.Tests.Services.FileServiceTests" name="ProcessFilesAsync_WithInvalidConfiguration_ShouldReturnEarly" />
    </UnitTest>
    <UnitTest name="FileContentRenamer.Tests.Services.DirectoryOrganizerTests.GetMonthName_WithValidMonth_ShouldReturnSpanishName(monthNumber: 12, expected: &quot;diciembre&quot;)" storage="/users/santibraida/workspace/comprobantes/filecontentrenamer.tests/bin/debug/net9.0/filecontentrenamer.tests.dll" id="b99c1952-4b8a-6e7b-be83-1febd897689d">
      <Execution id="e901b7a7-4a17-40ab-b0ec-68ec365b25a0" />
      <TestMethod codeBase="/Users/santibraida/Workspace/comprobantes/FileContentRenamer.Tests/bin/Debug/net9.0/FileContentRenamer.Tests.dll" adapterTypeName="executor://xunit/VsTestRunner3/netcore/" className="FileContentRenamer.Tests.Services.DirectoryOrganizerTests" name="GetMonthName_WithValidMonth_ShouldReturnSpanishName" />
    </UnitTest>
    <UnitTest name="FileContentRenamer.Tests.Models.NamingRuleTests.Matches_WithNullKeywords_ShouldReturnFalse" storage="/users/santibraida/workspace/comprobantes/filecontentrenamer.tests/bin/debug/net9.0/filecontentrenamer.tests.dll" id="923e4fe8-a8e9-3d7b-512d-479873b8f571">
      <Execution id="ac576964-6138-42a5-8330-bd4b20069e71" />
      <TestMethod codeBase="/Users/santibraida/Workspace/comprobantes/FileContentRenamer.Tests/bin/Debug/net9.0/FileContentRenamer.Tests.dll" adapterTypeName="executor://xunit/VsTestRunner3/netcore/" className="FileContentRenamer.Tests.Models.NamingRuleTests" name="Matches_WithNullKeywords_ShouldReturnFalse" />
    </UnitTest>
    <UnitTest name="FileContentRenamer.Tests.Services.DateExtractorTests.ExtractDateFromContent_WithMultipleDates_ShouldReturnFirstFound" storage="/users/santibraida/workspace/comprobantes/filecontentrenamer.tests/bin/debug/net9.0/filecontentrenamer.tests.dll" id="ab0172d5-f8de-2bd2-5705-f61f86ff407f">
      <Execution id="f400dec6-968b-4283-9eef-0a5ae6ccd7c1" />
      <TestMethod codeBase="/Users/santibraida/Workspace/comprobantes/FileContentRenamer.Tests/bin/Debug/net9.0/FileContentRenamer.Tests.dll" adapterTypeName="executor://xunit/VsTestRunner3/netcore/" className="FileContentRenamer.Tests.Services.DateExtractorTests" name="ExtractDateFromContent_WithMultipleDates_ShouldReturnFirstFound" />
    </UnitTest>
    <UnitTest name="FileContentRenamer.Tests.Services.TextProcessorTests.ExtractContentAsync_WithExactly1000Characters_ShouldReturnAllContent" storage="/users/santibraida/workspace/comprobantes/filecontentrenamer.tests/bin/debug/net9.0/filecontentrenamer.tests.dll" id="ae46ec5c-7f7f-c8d8-b22b-c6a93692a055">
      <Execution id="9bf72c22-193a-4b46-b575-78303fde6c99" />
      <TestMethod codeBase="/Users/santibraida/Workspace/comprobantes/FileContentRenamer.Tests/bin/Debug/net9.0/FileContentRenamer.Tests.dll" adapterTypeName="executor://xunit/VsTestRunner3/netcore/" className="FileContentRenamer.Tests.Services.TextProcessorTests" name="ExtractContentAsync_WithExactly1000Characters_ShouldReturnAllContent" />
    </UnitTest>
    <UnitTest name="FileContentRenamer.Tests.Services.PdfProcessorTests.CanProcess_WithNonPdfExtension_ShouldReturnFalse(filename: &quot;test&quot;)" storage="/users/santibraida/workspace/comprobantes/filecontentrenamer.tests/bin/debug/net9.0/filecontentrenamer.tests.dll" id="5350316f-15de-b350-a21b-48de21601546">
      <Execution id="bf9dd19f-3e33-45c3-97ab-29c75f5db5b2" />
      <TestMethod codeBase="/Users/santibraida/Workspace/comprobantes/FileContentRenamer.Tests/bin/Debug/net9.0/FileContentRenamer.Tests.dll" adapterTypeName="executor://xunit/VsTestRunner3/netcore/" className="FileContentRenamer.Tests.Services.PdfProcessorTests" name="CanProcess_WithNonPdfExtension_ShouldReturnFalse" />
    </UnitTest>
    <UnitTest name="FileContentRenamer.Tests.Models.NamingRulesTests.GenerateFilename_WithMinimalGenericContent_ShouldUseOriginalDate" storage="/users/santibraida/workspace/comprobantes/filecontentrenamer.tests/bin/debug/net9.0/filecontentrenamer.tests.dll" id="55667650-7485-4ca3-fd19-23d2a7a126c7">
      <Execution id="6f20ce9f-d5cf-41b0-ac73-72ce3c327429" />
      <TestMethod codeBase="/Users/santibraida/Workspace/comprobantes/FileContentRenamer.Tests/bin/Debug/net9.0/FileContentRenamer.Tests.dll" adapterTypeName="executor://xunit/VsTestRunner3/netcore/" className="FileContentRenamer.Tests.Models.NamingRulesTests" name="GenerateFilename_WithMinimalGenericContent_ShouldUseOriginalDate" />
    </UnitTest>
    <UnitTest name="FileContentRenamer.Tests.Models.NamingRulesTests.GenerateFilename_WithMatchingRule_ShouldUseRuleValues" storage="/users/santibraida/workspace/comprobantes/filecontentrenamer.tests/bin/debug/net9.0/filecontentrenamer.tests.dll" id="c98d8a8b-c350-72b5-2be4-aa500796a5e0">
      <Execution id="939695c9-6ab2-4087-b2c2-f7b082c3b40a" />
      <TestMethod codeBase="/Users/santibraida/Workspace/comprobantes/FileContentRenamer.Tests/bin/Debug/net9.0/FileContentRenamer.Tests.dll" adapterTypeName="executor://xunit/VsTestRunner3/netcore/" className="FileContentRenamer.Tests.Models.NamingRulesTests" name="GenerateFilename_WithMatchingRule_ShouldUseRuleValues" />
    </UnitTest>
    <UnitTest name="FileContentRenamer.Tests.Services.DateExtractorTests.ExtractDateFromContent_WithNullContent_ShouldReturnEmptyString" storage="/users/santibraida/workspace/comprobantes/filecontentrenamer.tests/bin/debug/net9.0/filecontentrenamer.tests.dll" id="43108df8-7f9e-e70a-a456-a12f9dd6bbcf">
      <Execution id="03a1d25b-db8e-4484-a831-00460184315c" />
      <TestMethod codeBase="/Users/santibraida/Workspace/comprobantes/FileContentRenamer.Tests/bin/Debug/net9.0/FileContentRenamer.Tests.dll" adapterTypeName="executor://xunit/VsTestRunner3/netcore/" className="FileContentRenamer.Tests.Services.DateExtractorTests" name="ExtractDateFromContent_WithNullContent_ShouldReturnEmptyString" />
    </UnitTest>
    <UnitTest name="FileContentRenamer.Tests.Services.ImageProcessorTests.CanProcess_WithNonImageExtension_ShouldReturnFalse(extension: &quot;.pdf&quot;)" storage="/users/santibraida/workspace/comprobantes/filecontentrenamer.tests/bin/debug/net9.0/filecontentrenamer.tests.dll" id="f8b329c4-164a-78d1-46cd-26aea567ce35">
      <Execution id="97260489-a637-453f-8318-1e115542b991" />
      <TestMethod codeBase="/Users/santibraida/Workspace/comprobantes/FileContentRenamer.Tests/bin/Debug/net9.0/FileContentRenamer.Tests.dll" adapterTypeName="executor://xunit/VsTestRunner3/netcore/" className="FileContentRenamer.Tests.Services.ImageProcessorTests" name="CanProcess_WithNonImageExtension_ShouldReturnFalse" />
    </UnitTest>
    <UnitTest name="FileContentRenamer.Tests.Services.ImageProcessorTests.CanProcess_WithImageExtensions_ShouldReturnTrue(extension: &quot;.tif&quot;)" storage="/users/santibraida/workspace/comprobantes/filecontentrenamer.tests/bin/debug/net9.0/filecontentrenamer.tests.dll" id="75799e7f-c8b2-eb49-e7fc-7e63546cf626">
      <Execution id="af0b0150-470f-4281-bd6f-c30619d7bcf4" />
      <TestMethod codeBase="/Users/santibraida/Workspace/comprobantes/FileContentRenamer.Tests/bin/Debug/net9.0/FileContentRenamer.Tests.dll" adapterTypeName="executor://xunit/VsTestRunner3/netcore/" className="FileContentRenamer.Tests.Services.ImageProcessorTests" name="CanProcess_WithImageExtensions_ShouldReturnTrue" />
    </UnitTest>
    <UnitTest name="FileContentRenamer.Tests.Services.DirectoryOrganizerTests.OrganizeFileIntoDirectoryStructure_WithEmptyDate_ShouldReturnOriginalPath" storage="/users/santibraida/workspace/comprobantes/filecontentrenamer.tests/bin/debug/net9.0/filecontentrenamer.tests.dll" id="6f2af002-27a0-bce9-8dd8-c05215b58bbb">
      <Execution id="4c68b182-7d4c-4792-b112-1efa1ceb5549" />
      <TestMethod codeBase="/Users/santibraida/Workspace/comprobantes/FileContentRenamer.Tests/bin/Debug/net9.0/FileContentRenamer.Tests.dll" adapterTypeName="executor://xunit/VsTestRunner3/netcore/" className="FileContentRenamer.Tests.Services.DirectoryOrganizerTests" name="OrganizeFileIntoDirectoryStructure_WithEmptyDate_ShouldReturnOriginalPath" />
    </UnitTest>
    <UnitTest name="FileContentRenamer.Tests.Services.FilenameGeneratorTests.IsAlreadyNamedFilename_WithInvalidFormats_ShouldReturnFalse(filename: &quot;service_2024-03-15&quot;)" storage="/users/santibraida/workspace/comprobantes/filecontentrenamer.tests/bin/debug/net9.0/filecontentrenamer.tests.dll" id="66a19620-a3b0-afbc-935a-264e635ffa8f">
      <Execution id="5a502903-582e-4aad-917a-9055f90347d7" />
      <TestMethod codeBase="/Users/santibraida/Workspace/comprobantes/FileContentRenamer.Tests/bin/Debug/net9.0/FileContentRenamer.Tests.dll" adapterTypeName="executor://xunit/VsTestRunner3/netcore/" className="FileContentRenamer.Tests.Services.FilenameGeneratorTests" name="IsAlreadyNamedFilename_WithInvalidFormats_ShouldReturnFalse" />
    </UnitTest>
    <UnitTest name="FileContentRenamer.Tests.Models.NamingRulesTests.Constructor_WithParameters_ShouldSetValues" storage="/users/santibraida/workspace/comprobantes/filecontentrenamer.tests/bin/debug/net9.0/filecontentrenamer.tests.dll" id="74c0392b-8615-24d3-2fd0-e6af46d2098a">
      <Execution id="6e693bac-90c6-44ed-b485-13ae52f37557" />
      <TestMethod codeBase="/Users/santibraida/Workspace/comprobantes/FileContentRenamer.Tests/bin/Debug/net9.0/FileContentRenamer.Tests.dll" adapterTypeName="executor://xunit/VsTestRunner3/netcore/" className="FileContentRenamer.Tests.Models.NamingRulesTests" name="Constructor_WithParameters_ShouldSetValues" />
    </UnitTest>
    <UnitTest name="FileContentRenamer.Tests.Services.PdfProcessorTests.CanProcess_WithPdfExtensionVariations_ShouldReturnTrue(filename: &quot;document.pdf&quot;)" storage="/users/santibraida/workspace/comprobantes/filecontentrenamer.tests/bin/debug/net9.0/filecontentrenamer.tests.dll" id="6d87e1fd-55be-eef4-fa85-511734dc705c">
      <Execution id="12705786-2ec7-44e0-b4b0-90a311fa3fd4" />
      <TestMethod codeBase="/Users/santibraida/Workspace/comprobantes/FileContentRenamer.Tests/bin/Debug/net9.0/FileContentRenamer.Tests.dll" adapterTypeName="executor://xunit/VsTestRunner3/netcore/" className="FileContentRenamer.Tests.Services.PdfProcessorTests" name="CanProcess_WithPdfExtensionVariations_ShouldReturnTrue" />
    </UnitTest>
    <UnitTest name="FileContentRenamer.Tests.Models.AppConfigTests.Constructor_ShouldSetDefaultValues" storage="/users/santibraida/workspace/comprobantes/filecontentrenamer.tests/bin/debug/net9.0/filecontentrenamer.tests.dll" id="5427cc3b-bb61-15d0-6750-2643c69cfab7">
      <Execution id="1e78fdfc-25a2-4398-89b5-540f03af2345" />
      <TestMethod codeBase="/Users/santibraida/Workspace/comprobantes/FileContentRenamer.Tests/bin/Debug/net9.0/FileContentRenamer.Tests.dll" adapterTypeName="executor://xunit/VsTestRunner3/netcore/" className="FileContentRenamer.Tests.Models.AppConfigTests" name="Constructor_ShouldSetDefaultValues" />
    </UnitTest>
    <UnitTest name="FileContentRenamer.Tests.Services.FileServiceTests.ProcessFilesAsync_WithSameFilename_ShouldOrganizeOnly" storage="/users/santibraida/workspace/comprobantes/filecontentrenamer.tests/bin/debug/net9.0/filecontentrenamer.tests.dll" id="0228ec1a-cf44-e616-5aa7-aefd86959073">
      <Execution id="45792d8e-a3ad-4472-b213-3e048ab8c954" />
      <TestMethod codeBase="/Users/santibraida/Workspace/comprobantes/FileContentRenamer.Tests/bin/Debug/net9.0/FileContentRenamer.Tests.dll" adapterTypeName="executor://xunit/VsTestRunner3/netcore/" className="FileContentRenamer.Tests.Services.FileServiceTests" name="ProcessFilesAsync_WithSameFilename_ShouldOrganizeOnly" />
    </UnitTest>
    <UnitTest name="FileContentRenamer.Tests.Services.PdfProcessorTests.CanProcess_WithPdfExtensionDifferentCasing_ShouldReturnTrue(filename: &quot;test.Pdf&quot;)" storage="/users/santibraida/workspace/comprobantes/filecontentrenamer.tests/bin/debug/net9.0/filecontentrenamer.tests.dll" id="30177b80-4255-9855-fa20-76724e89c280">
      <Execution id="5b052a0f-8806-4691-aaed-621e9e140774" />
      <TestMethod codeBase="/Users/santibraida/Workspace/comprobantes/FileContentRenamer.Tests/bin/Debug/net9.0/FileContentRenamer.Tests.dll" adapterTypeName="executor://xunit/VsTestRunner3/netcore/" className="FileContentRenamer.Tests.Services.PdfProcessorTests" name="CanProcess_WithPdfExtensionDifferentCasing_ShouldReturnTrue" />
    </UnitTest>
    <UnitTest name="FileContentRenamer.Tests.Services.FilenameGeneratorTests.IsAlreadyNamedFilename_WithInvalidFormats_ShouldReturnFalse(filename: &quot;service_payment&quot;)" storage="/users/santibraida/workspace/comprobantes/filecontentrenamer.tests/bin/debug/net9.0/filecontentrenamer.tests.dll" id="d6d3d886-1a00-8e52-5627-e1236e6e1c62">
      <Execution id="fe7a6ab1-249f-46ce-b898-e13dbbd4b12b" />
      <TestMethod codeBase="/Users/santibraida/Workspace/comprobantes/FileContentRenamer.Tests/bin/Debug/net9.0/FileContentRenamer.Tests.dll" adapterTypeName="executor://xunit/VsTestRunner3/netcore/" className="FileContentRenamer.Tests.Services.FilenameGeneratorTests" name="IsAlreadyNamedFilename_WithInvalidFormats_ShouldReturnFalse" />
    </UnitTest>
    <UnitTest name="FileContentRenamer.Tests.Services.ImageProcessorTests.CanProcess_WithVariousCases_ShouldReturnCorrectResult(extension: &quot;.TIF&quot;)" storage="/users/santibraida/workspace/comprobantes/filecontentrenamer.tests/bin/debug/net9.0/filecontentrenamer.tests.dll" id="3573ba78-e31a-2e6c-5278-821f59ce87a6">
      <Execution id="89e65e74-bd2a-44ae-abad-fc8240c13ffe" />
      <TestMethod codeBase="/Users/santibraida/Workspace/comprobantes/FileContentRenamer.Tests/bin/Debug/net9.0/FileContentRenamer.Tests.dll" adapterTypeName="executor://xunit/VsTestRunner3/netcore/" className="FileContentRenamer.Tests.Services.ImageProcessorTests" name="CanProcess_WithVariousCases_ShouldReturnCorrectResult" />
    </UnitTest>
    <UnitTest name="FileContentRenamer.Tests.Services.FilenameGeneratorTests.CleanupFileName_WithVariousInputs_ShouldReturnCleanedName(input: &quot;file&lt;&gt;name&quot;, expected: &quot;file&lt;&gt;name&quot;)" storage="/users/santibraida/workspace/comprobantes/filecontentrenamer.tests/bin/debug/net9.0/filecontentrenamer.tests.dll" id="e2ab17d6-1636-8e4d-ad78-a6d89568282f">
      <Execution id="4aa2cfc6-101a-4933-9e60-dcc9de4d2716" />
      <TestMethod codeBase="/Users/santibraida/Workspace/comprobantes/FileContentRenamer.Tests/bin/Debug/net9.0/FileContentRenamer.Tests.dll" adapterTypeName="executor://xunit/VsTestRunner3/netcore/" className="FileContentRenamer.Tests.Services.FilenameGeneratorTests" name="CleanupFileName_WithVariousInputs_ShouldReturnCleanedName" />
    </UnitTest>
    <UnitTest name="FileContentRenamer.Tests.Services.ImageProcessorTests.ExtractContentAsync_WithInvalidImageFile_ShouldReturnEmptyString" storage="/users/santibraida/workspace/comprobantes/filecontentrenamer.tests/bin/debug/net9.0/filecontentrenamer.tests.dll" id="cb98919d-41c2-f114-3856-49dce9ef8634">
      <Execution id="78346e71-f860-4c3b-ade9-dbf843d852eb" />
      <TestMethod codeBase="/Users/santibraida/Workspace/comprobantes/FileContentRenamer.Tests/bin/Debug/net9.0/FileContentRenamer.Tests.dll" adapterTypeName="executor://xunit/VsTestRunner3/netcore/" className="FileContentRenamer.Tests.Services.ImageProcessorTests" name="ExtractContentAsync_WithInvalidImageFile_ShouldReturnEmptyString" />
    </UnitTest>
    <UnitTest name="FileContentRenamer.Tests.Services.FileValidatorTests.ShouldProcessFile_WithInvalidExtensions_ShouldReturnFalse(extension: &quot;.doc&quot;)" storage="/users/santibraida/workspace/comprobantes/filecontentrenamer.tests/bin/debug/net9.0/filecontentrenamer.tests.dll" id="7e3a9744-91b7-a2b9-ebb3-73a79e07c25d">
      <Execution id="256932b1-8dda-4175-a8ae-078cfb7ac6d4" />
      <TestMethod codeBase="/Users/santibraida/Workspace/comprobantes/FileContentRenamer.Tests/bin/Debug/net9.0/FileContentRenamer.Tests.dll" adapterTypeName="executor://xunit/VsTestRunner3/netcore/" className="FileContentRenamer.Tests.Services.FileValidatorTests" name="ShouldProcessFile_WithInvalidExtensions_ShouldReturnFalse" />
    </UnitTest>
    <UnitTest name="FileContentRenamer.Tests.Services.TextProcessorTests.ExtractContentAsync_WithMultilineContent_ShouldReturnContent" storage="/users/santibraida/workspace/comprobantes/filecontentrenamer.tests/bin/debug/net9.0/filecontentrenamer.tests.dll" id="75b52445-788c-0c2d-ad1d-9437d196417b">
      <Execution id="4e91930f-d103-4eb7-aedd-f8df6fdde512" />
      <TestMethod codeBase="/Users/santibraida/Workspace/comprobantes/FileContentRenamer.Tests/bin/Debug/net9.0/FileContentRenamer.Tests.dll" adapterTypeName="executor://xunit/VsTestRunner3/netcore/" className="FileContentRenamer.Tests.Services.TextProcessorTests" name="ExtractContentAsync_WithMultilineContent_ShouldReturnContent" />
    </UnitTest>
    <UnitTest name="FileContentRenamer.Tests.Services.ImageProcessorTests.CanProcess_WithVariousCases_ShouldReturnCorrectResult(extension: &quot;.JPEG&quot;)" storage="/users/santibraida/workspace/comprobantes/filecontentrenamer.tests/bin/debug/net9.0/filecontentrenamer.tests.dll" id="fb01cc7e-d5fa-72c9-434f-db0e51b7acf2">
      <Execution id="a693ac19-c244-47ac-9016-77f6d7a33a83" />
      <TestMethod codeBase="/Users/santibraida/Workspace/comprobantes/FileContentRenamer.Tests/bin/Debug/net9.0/FileContentRenamer.Tests.dll" adapterTypeName="executor://xunit/VsTestRunner3/netcore/" className="FileContentRenamer.Tests.Services.ImageProcessorTests" name="CanProcess_WithVariousCases_ShouldReturnCorrectResult" />
    </UnitTest>
    <UnitTest name="FileContentRenamer.Tests.Models.NamingRuleTests.Matches_WithNoKeywords_ShouldReturnFalse" storage="/users/santibraida/workspace/comprobantes/filecontentrenamer.tests/bin/debug/net9.0/filecontentrenamer.tests.dll" id="735ac008-1cbd-a429-fd29-015f19236116">
      <Execution id="7c62378f-12cf-4811-831e-5eee22fe9a8c" />
      <TestMethod codeBase="/Users/santibraida/Workspace/comprobantes/FileContentRenamer.Tests/bin/Debug/net9.0/FileContentRenamer.Tests.dll" adapterTypeName="executor://xunit/VsTestRunner3/netcore/" className="FileContentRenamer.Tests.Models.NamingRuleTests" name="Matches_WithNoKeywords_ShouldReturnFalse" />
    </UnitTest>
    <UnitTest name="FileContentRenamer.Tests.Services.DateExtractorTests.ExtractDateFromContent_WithVariousGenericDates_ShouldReturnCorrectDates(content: &quot;31/12/2023&quot;, expected: &quot;2023-12-31&quot;)" storage="/users/santibraida/workspace/comprobantes/filecontentrenamer.tests/bin/debug/net9.0/filecontentrenamer.tests.dll" id="fe7b897c-fd2e-f8e6-f880-7f5c0aaede02">
      <Execution id="d8aceb17-bb70-4d91-b4f3-15c2c120a5c3" />
      <TestMethod codeBase="/Users/santibraida/Workspace/comprobantes/FileContentRenamer.Tests/bin/Debug/net9.0/FileContentRenamer.Tests.dll" adapterTypeName="executor://xunit/VsTestRunner3/netcore/" className="FileContentRenamer.Tests.Services.DateExtractorTests" name="ExtractDateFromContent_WithVariousGenericDates_ShouldReturnCorrectDates" />
    </UnitTest>
    <UnitTest name="FileContentRenamer.Tests.Services.DirectoryOrganizerTests.IsInYearMonthStructure_WithMonthInYearFolder_ShouldReturnTrue" storage="/users/santibraida/workspace/comprobantes/filecontentrenamer.tests/bin/debug/net9.0/filecontentrenamer.tests.dll" id="63740491-dbe7-68e1-03c8-149486e0c4ce">
      <Execution id="eed568e8-fddd-4c9a-9dfb-d211b595366c" />
      <TestMethod codeBase="/Users/santibraida/Workspace/comprobantes/FileContentRenamer.Tests/bin/Debug/net9.0/FileContentRenamer.Tests.dll" adapterTypeName="executor://xunit/VsTestRunner3/netcore/" className="FileContentRenamer.Tests.Services.DirectoryOrganizerTests" name="IsInYearMonthStructure_WithMonthInYearFolder_ShouldReturnTrue" />
    </UnitTest>
    <UnitTest name="FileContentRenamer.Tests.Services.DateExtractorTests.ExtractDateFromContent_WithVariousDueDateFormats_ShouldReturnCorrectDates(content: &quot;Vence: 31/12/2023&quot;, expected: &quot;2023-12-31&quot;)" storage="/users/santibraida/workspace/comprobantes/filecontentrenamer.tests/bin/debug/net9.0/filecontentrenamer.tests.dll" id="0877987f-a018-03de-71dc-2e8ff937b395">
      <Execution id="0a8c7577-6234-451c-a662-8cbfd86b2ac5" />
      <TestMethod codeBase="/Users/santibraida/Workspace/comprobantes/FileContentRenamer.Tests/bin/Debug/net9.0/FileContentRenamer.Tests.dll" adapterTypeName="executor://xunit/VsTestRunner3/netcore/" className="FileContentRenamer.Tests.Services.DateExtractorTests" name="ExtractDateFromContent_WithVariousDueDateFormats_ShouldReturnCorrectDates" />
    </UnitTest>
    <UnitTest name="FileContentRenamer.Tests.Services.TextProcessorTests.CanProcess_WithNonTxtExtension_ShouldReturnFalse(filename: &quot;test.jpg&quot;)" storage="/users/santibraida/workspace/comprobantes/filecontentrenamer.tests/bin/debug/net9.0/filecontentrenamer.tests.dll" id="d60b51ff-35d6-643f-09d4-bd5f7bbab23c">
      <Execution id="c39c84d8-b25c-4e14-b197-f0d76f9de775" />
      <TestMethod codeBase="/Users/santibraida/Workspace/comprobantes/FileContentRenamer.Tests/bin/Debug/net9.0/FileContentRenamer.Tests.dll" adapterTypeName="executor://xunit/VsTestRunner3/netcore/" className="FileContentRenamer.Tests.Services.TextProcessorTests" name="CanProcess_WithNonTxtExtension_ShouldReturnFalse" />
    </UnitTest>
    <UnitTest name="FileContentRenamer.Tests.Services.DateExtractorTests.ExtractDateFromContent_WithNoDate_ShouldReturnEmptyString" storage="/users/santibraida/workspace/comprobantes/filecontentrenamer.tests/bin/debug/net9.0/filecontentrenamer.tests.dll" id="cd9462e7-2aeb-f1cd-df73-927f31a7638d">
      <Execution id="69f01e11-0546-4ec6-ac0d-82032d08008b" />
      <TestMethod codeBase="/Users/santibraida/Workspace/comprobantes/FileContentRenamer.Tests/bin/Debug/net9.0/FileContentRenamer.Tests.dll" adapterTypeName="executor://xunit/VsTestRunner3/netcore/" className="FileContentRenamer.Tests.Services.DateExtractorTests" name="ExtractDateFromContent_WithNoDate_ShouldReturnEmptyString" />
    </UnitTest>
    <UnitTest name="FileContentRenamer.Tests.Services.DateExtractorTests.ExtractDateFromFilename_WithVariousValidFormats_ShouldReturnCorrectDates(filename: &quot;test_2023-12-31_method&quot;, expected: &quot;2023-12-31&quot;)" storage="/users/santibraida/workspace/comprobantes/filecontentrenamer.tests/bin/debug/net9.0/filecontentrenamer.tests.dll" id="a973dd7a-7c46-af87-44cd-7bf4a36abf9b">
      <Execution id="b60c30e6-6320-48f5-80c7-fe468872ab6d" />
      <TestMethod codeBase="/Users/santibraida/Workspace/comprobantes/FileContentRenamer.Tests/bin/Debug/net9.0/FileContentRenamer.Tests.dll" adapterTypeName="executor://xunit/VsTestRunner3/netcore/" className="FileContentRenamer.Tests.Services.DateExtractorTests" name="ExtractDateFromFilename_WithVariousValidFormats_ShouldReturnCorrectDates" />
    </UnitTest>
    <UnitTest name="FileContentRenamer.Tests.Services.DirectoryOrganizerTests.IsInYearMonthStructure_WithYearFolder_ShouldReturnTrue" storage="/users/santibraida/workspace/comprobantes/filecontentrenamer.tests/bin/debug/net9.0/filecontentrenamer.tests.dll" id="795f8691-da02-dc90-c006-df2b05e484b8">
      <Execution id="62df0a07-6e4d-43d9-9c0f-78bf612aa0b6" />
      <TestMethod codeBase="/Users/santibraida/Workspace/comprobantes/FileContentRenamer.Tests/bin/Debug/net9.0/FileContentRenamer.Tests.dll" adapterTypeName="executor://xunit/VsTestRunner3/netcore/" className="FileContentRenamer.Tests.Services.DirectoryOrganizerTests" name="IsInYearMonthStructure_WithYearFolder_ShouldReturnTrue" />
    </UnitTest>
    <UnitTest name="FileContentRenamer.Tests.Services.FilenameGeneratorTests.GenerateUniqueFilename_WithNonExistingFile_ShouldReturnOriginalPath" storage="/users/santibraida/workspace/comprobantes/filecontentrenamer.tests/bin/debug/net9.0/filecontentrenamer.tests.dll" id="730c03ae-3d59-370f-6166-c801ea6b544e">
      <Execution id="2c18d155-37a7-4def-ad0d-a4da43ea8fed" />
      <TestMethod codeBase="/Users/santibraida/Workspace/comprobantes/FileContentRenamer.Tests/bin/Debug/net9.0/FileContentRenamer.Tests.dll" adapterTypeName="executor://xunit/VsTestRunner3/netcore/" className="FileContentRenamer.Tests.Services.FilenameGeneratorTests" name="GenerateUniqueFilename_WithNonExistingFile_ShouldReturnOriginalPath" />
    </UnitTest>
    <UnitTest name="FileContentRenamer.Tests.Models.AppConfigTests.LoadFromConfiguration_WithInvalidJson_ShouldThrowException" storage="/users/santibraida/workspace/comprobantes/filecontentrenamer.tests/bin/debug/net9.0/filecontentrenamer.tests.dll" id="04613884-8eea-2162-7b68-af1197b3a19b">
      <Execution id="ff50aff9-a513-4a10-8f26-8f442075297b" />
      <TestMethod codeBase="/Users/santibraida/Workspace/comprobantes/FileContentRenamer.Tests/bin/Debug/net9.0/FileContentRenamer.Tests.dll" adapterTypeName="executor://xunit/VsTestRunner3/netcore/" className="FileContentRenamer.Tests.Models.AppConfigTests" name="LoadFromConfiguration_WithInvalidJson_ShouldThrowException" />
    </UnitTest>
    <UnitTest name="FileContentRenamer.Tests.Services.FileValidatorTests.ShouldProcessFile_WithValidExtensions_ShouldReturnTrue(extension: &quot;.txt&quot;)" storage="/users/santibraida/workspace/comprobantes/filecontentrenamer.tests/bin/debug/net9.0/filecontentrenamer.tests.dll" id="89411942-d38a-5bb6-81ec-67e7fdba9fc2">
      <Execution id="4a43acd4-0d01-40ba-992a-35a733cacf1f" />
      <TestMethod codeBase="/Users/santibraida/Workspace/comprobantes/FileContentRenamer.Tests/bin/Debug/net9.0/FileContentRenamer.Tests.dll" adapterTypeName="executor://xunit/VsTestRunner3/netcore/" className="FileContentRenamer.Tests.Services.FileValidatorTests" name="ShouldProcessFile_WithValidExtensions_ShouldReturnTrue" />
    </UnitTest>
    <UnitTest name="FileContentRenamer.Tests.Services.FilenameGeneratorTests.CleanupFileName_WithVariousInputs_ShouldReturnCleanedName(input: &quot;___&quot;, expected: &quot;cleaned_file&quot;)" storage="/users/santibraida/workspace/comprobantes/filecontentrenamer.tests/bin/debug/net9.0/filecontentrenamer.tests.dll" id="003f2eb1-16a9-1fca-9f6b-de2c702ff29c">
      <Execution id="fd69945b-cc41-48ff-b500-9c05b9f34be8" />
      <TestMethod codeBase="/Users/santibraida/Workspace/comprobantes/FileContentRenamer.Tests/bin/Debug/net9.0/FileContentRenamer.Tests.dll" adapterTypeName="executor://xunit/VsTestRunner3/netcore/" className="FileContentRenamer.Tests.Services.FilenameGeneratorTests" name="CleanupFileName_WithVariousInputs_ShouldReturnCleanedName" />
    </UnitTest>
    <UnitTest name="FileContentRenamer.Tests.Services.TextProcessorTests.ExtractContentAsync_WithSpecialCharacters_ShouldReturnContent" storage="/users/santibraida/workspace/comprobantes/filecontentrenamer.tests/bin/debug/net9.0/filecontentrenamer.tests.dll" id="ab791beb-155a-2340-25c5-938aea845fff">
      <Execution id="14e54e58-d759-48b5-88e7-178e1c49d654" />
      <TestMethod codeBase="/Users/santibraida/Workspace/comprobantes/FileContentRenamer.Tests/bin/Debug/net9.0/FileContentRenamer.Tests.dll" adapterTypeName="executor://xunit/VsTestRunner3/netcore/" className="FileContentRenamer.Tests.Services.TextProcessorTests" name="ExtractContentAsync_WithSpecialCharacters_ShouldReturnContent" />
    </UnitTest>
    <UnitTest name="FileContentRenamer.Tests.Services.FileServiceTests.ProcessFilesAsync_WithAlreadyNamedFile_ShouldSkipRenaming" storage="/users/santibraida/workspace/comprobantes/filecontentrenamer.tests/bin/debug/net9.0/filecontentrenamer.tests.dll" id="34f0a146-8932-4124-920d-b39c3eb45d5b">
      <Execution id="fbeec95f-2543-499b-a2e6-edb56b30e0c0" />
      <TestMethod codeBase="/Users/santibraida/Workspace/comprobantes/FileContentRenamer.Tests/bin/Debug/net9.0/FileContentRenamer.Tests.dll" adapterTypeName="executor://xunit/VsTestRunner3/netcore/" className="FileContentRenamer.Tests.Services.FileServiceTests" name="ProcessFilesAsync_WithAlreadyNamedFile_ShouldSkipRenaming" />
    </UnitTest>
    <UnitTest name="FileContentRenamer.Tests.Services.PdfProcessorTests.CanProcess_WithPdfExtensionVariations_ShouldReturnTrue(filename: &quot;DOCUMENT.PDF&quot;)" storage="/users/santibraida/workspace/comprobantes/filecontentrenamer.tests/bin/debug/net9.0/filecontentrenamer.tests.dll" id="8bf8da02-6c6e-2191-c936-6121db66d388">
      <Execution id="ad94d400-6971-440c-9222-49370e66c4e9" />
      <TestMethod codeBase="/Users/santibraida/Workspace/comprobantes/FileContentRenamer.Tests/bin/Debug/net9.0/FileContentRenamer.Tests.dll" adapterTypeName="executor://xunit/VsTestRunner3/netcore/" className="FileContentRenamer.Tests.Services.PdfProcessorTests" name="CanProcess_WithPdfExtensionVariations_ShouldReturnTrue" />
    </UnitTest>
    <UnitTest name="FileContentRenamer.Tests.Services.PdfProcessorTests.CanProcess_WithNonPdfExtension_ShouldReturnFalse(filename: &quot;test.jpg&quot;)" storage="/users/santibraida/workspace/comprobantes/filecontentrenamer.tests/bin/debug/net9.0/filecontentrenamer.tests.dll" id="8788403a-0d19-e088-1175-07bf39207809">
      <Execution id="2065882b-a08d-49ca-935a-6e714058e7d6" />
      <TestMethod codeBase="/Users/santibraida/Workspace/comprobantes/FileContentRenamer.Tests/bin/Debug/net9.0/FileContentRenamer.Tests.dll" adapterTypeName="executor://xunit/VsTestRunner3/netcore/" className="FileContentRenamer.Tests.Services.PdfProcessorTests" name="CanProcess_WithNonPdfExtension_ShouldReturnFalse" />
    </UnitTest>
    <UnitTest name="FileContentRenamer.Tests.Services.PdfProcessorTests.CanProcess_WithPdfExtension_ShouldReturnTrue" storage="/users/santibraida/workspace/comprobantes/filecontentrenamer.tests/bin/debug/net9.0/filecontentrenamer.tests.dll" id="9729a039-440f-b038-cbbc-13699377547c">
      <Execution id="90e321d7-ca11-4cb5-9ea2-83be51d4db01" />
      <TestMethod codeBase="/Users/santibraida/Workspace/comprobantes/FileContentRenamer.Tests/bin/Debug/net9.0/FileContentRenamer.Tests.dll" adapterTypeName="executor://xunit/VsTestRunner3/netcore/" className="FileContentRenamer.Tests.Services.PdfProcessorTests" name="CanProcess_WithPdfExtension_ShouldReturnTrue" />
    </UnitTest>
    <UnitTest name="FileContentRenamer.Tests.Services.TextProcessorTests.CanProcess_WithNonTxtExtension_ShouldReturnFalse(filename: &quot;test.pdf&quot;)" storage="/users/santibraida/workspace/comprobantes/filecontentrenamer.tests/bin/debug/net9.0/filecontentrenamer.tests.dll" id="af647e92-1ce2-064d-3a84-3476cb46d127">
      <Execution id="6d58c3ea-0fe9-4360-8432-fce425a710ec" />
      <TestMethod codeBase="/Users/santibraida/Workspace/comprobantes/FileContentRenamer.Tests/bin/Debug/net9.0/FileContentRenamer.Tests.dll" adapterTypeName="executor://xunit/VsTestRunner3/netcore/" className="FileContentRenamer.Tests.Services.TextProcessorTests" name="CanProcess_WithNonTxtExtension_ShouldReturnFalse" />
    </UnitTest>
    <UnitTest name="FileContentRenamer.Tests.Services.TextProcessorTests.CanProcess_WithTxtExtensionDifferentCasing_ShouldReturnTrue(filename: &quot;test.tXt&quot;)" storage="/users/santibraida/workspace/comprobantes/filecontentrenamer.tests/bin/debug/net9.0/filecontentrenamer.tests.dll" id="70962b03-3000-68e4-fd2c-d9ce13588e5d">
      <Execution id="8a91ec72-8cd5-45a6-9fa2-5d1ad6880e1b" />
      <TestMethod codeBase="/Users/santibraida/Workspace/comprobantes/FileContentRenamer.Tests/bin/Debug/net9.0/FileContentRenamer.Tests.dll" adapterTypeName="executor://xunit/VsTestRunner3/netcore/" className="FileContentRenamer.Tests.Services.TextProcessorTests" name="CanProcess_WithTxtExtensionDifferentCasing_ShouldReturnTrue" />
    </UnitTest>
    <UnitTest name="FileContentRenamer.Tests.Services.DateExtractorTests.ExtractDateFromFilename_WithVariousValidFormats_ShouldReturnCorrectDates(filename: &quot;service_2024-01-01_payment&quot;, expected: &quot;2024-01-01&quot;)" storage="/users/santibraida/workspace/comprobantes/filecontentrenamer.tests/bin/debug/net9.0/filecontentrenamer.tests.dll" id="0316afba-cad9-583a-5a60-4cda40610283">
      <Execution id="b73845c9-8359-4d0e-b350-1087b0091086" />
      <TestMethod codeBase="/Users/santibraida/Workspace/comprobantes/FileContentRenamer.Tests/bin/Debug/net9.0/FileContentRenamer.Tests.dll" adapterTypeName="executor://xunit/VsTestRunner3/netcore/" className="FileContentRenamer.Tests.Services.DateExtractorTests" name="ExtractDateFromFilename_WithVariousValidFormats_ShouldReturnCorrectDates" />
    </UnitTest>
    <UnitTest name="FileContentRenamer.Tests.Services.ImageProcessorTests.CanProcess_WithImageExtensions_ShouldReturnTrue(extension: &quot;.jpeg&quot;)" storage="/users/santibraida/workspace/comprobantes/filecontentrenamer.tests/bin/debug/net9.0/filecontentrenamer.tests.dll" id="97a9732c-79a7-6428-f306-649df62803fe">
      <Execution id="239e3001-99b0-4d60-b5c5-c3d9e7e2e096" />
      <TestMethod codeBase="/Users/santibraida/Workspace/comprobantes/FileContentRenamer.Tests/bin/Debug/net9.0/FileContentRenamer.Tests.dll" adapterTypeName="executor://xunit/VsTestRunner3/netcore/" className="FileContentRenamer.Tests.Services.ImageProcessorTests" name="CanProcess_WithImageExtensions_ShouldReturnTrue" />
    </UnitTest>
    <UnitTest name="FileContentRenamer.Tests.Services.ImageProcessorTests.CanProcess_WithImageExtensionsDifferentCasing_ShouldReturnTrue(extension: &quot;.JPEG&quot;)" storage="/users/santibraida/workspace/comprobantes/filecontentrenamer.tests/bin/debug/net9.0/filecontentrenamer.tests.dll" id="2fcf9509-91d2-8211-d6e4-a72c7870e72f">
      <Execution id="c7790a3d-234a-4a84-b686-a2a584a95e96" />
      <TestMethod codeBase="/Users/santibraida/Workspace/comprobantes/FileContentRenamer.Tests/bin/Debug/net9.0/FileContentRenamer.Tests.dll" adapterTypeName="executor://xunit/VsTestRunner3/netcore/" className="FileContentRenamer.Tests.Services.ImageProcessorTests" name="CanProcess_WithImageExtensionsDifferentCasing_ShouldReturnTrue" />
    </UnitTest>
    <UnitTest name="FileContentRenamer.Tests.Services.FilenameGeneratorTests.CleanupFileName_WithVariousInputs_ShouldReturnCleanedName(input: &quot;file:name&quot;, expected: &quot;file:name&quot;)" storage="/users/santibraida/workspace/comprobantes/filecontentrenamer.tests/bin/debug/net9.0/filecontentrenamer.tests.dll" id="193486f8-7638-5e27-f7c4-f2239a7e9f22">
      <Execution id="4b8c60d1-442a-46db-ba1a-e4e5870b2a46" />
      <TestMethod codeBase="/Users/santibraida/Workspace/comprobantes/FileContentRenamer.Tests/bin/Debug/net9.0/FileContentRenamer.Tests.dll" adapterTypeName="executor://xunit/VsTestRunner3/netcore/" className="FileContentRenamer.Tests.Services.FilenameGeneratorTests" name="CleanupFileName_WithVariousInputs_ShouldReturnCleanedName" />
    </UnitTest>
    <UnitTest name="FileContentRenamer.Tests.Models.AppConfigTests.LoadFromConfiguration_WithMissingFileExtensions_ShouldThrowException" storage="/users/santibraida/workspace/comprobantes/filecontentrenamer.tests/bin/debug/net9.0/filecontentrenamer.tests.dll" id="a3da5712-1fc6-1483-5013-eb15e94741bb">
      <Execution id="72d30cfd-84c4-4267-9dc1-bf31427da9e4" />
      <TestMethod codeBase="/Users/santibraida/Workspace/comprobantes/FileContentRenamer.Tests/bin/Debug/net9.0/FileContentRenamer.Tests.dll" adapterTypeName="executor://xunit/VsTestRunner3/netcore/" className="FileContentRenamer.Tests.Models.AppConfigTests" name="LoadFromConfiguration_WithMissingFileExtensions_ShouldThrowException" />
    </UnitTest>
    <UnitTest name="FileContentRenamer.Tests.Services.ImageProcessorTests.CanProcess_WithNonImageExtension_ShouldReturnFalse(extension: &quot;.mp4&quot;)" storage="/users/santibraida/workspace/comprobantes/filecontentrenamer.tests/bin/debug/net9.0/filecontentrenamer.tests.dll" id="8c36f3a4-ca31-a9e9-241d-dbc70385ef49">
      <Execution id="6e07a467-1454-4d72-b619-583fdce64aad" />
      <TestMethod codeBase="/Users/santibraida/Workspace/comprobantes/FileContentRenamer.Tests/bin/Debug/net9.0/FileContentRenamer.Tests.dll" adapterTypeName="executor://xunit/VsTestRunner3/netcore/" className="FileContentRenamer.Tests.Services.ImageProcessorTests" name="CanProcess_WithNonImageExtension_ShouldReturnFalse" />
    </UnitTest>
    <UnitTest name="FileContentRenamer.Tests.Services.FilenameGeneratorTests.GenerateUniqueFilename_WithExistingFile_ShouldReturnNumberedVersion" storage="/users/santibraida/workspace/comprobantes/filecontentrenamer.tests/bin/debug/net9.0/filecontentrenamer.tests.dll" id="50fa8f71-8d78-c5b2-6484-06fffd5546d4">
      <Execution id="fbefcc00-ba28-41b4-81b6-e77b2171bd63" />
      <TestMethod codeBase="/Users/santibraida/Workspace/comprobantes/FileContentRenamer.Tests/bin/Debug/net9.0/FileContentRenamer.Tests.dll" adapterTypeName="executor://xunit/VsTestRunner3/netcore/" className="FileContentRenamer.Tests.Services.FilenameGeneratorTests" name="GenerateUniqueFilename_WithExistingFile_ShouldReturnNumberedVersion" />
    </UnitTest>
    <UnitTest name="FileContentRenamer.Tests.Services.FilenameGeneratorTests.CleanupFileName_WithVariousInputs_ShouldReturnCleanedName(input: &quot;file|name&quot;, expected: &quot;file|name&quot;)" storage="/users/santibraida/workspace/comprobantes/filecontentrenamer.tests/bin/debug/net9.0/filecontentrenamer.tests.dll" id="5611fb35-7f75-b2a9-be17-8e2f5c001e43">
      <Execution id="e8f147d1-3701-4501-8b51-33b0aaaa56c2" />
      <TestMethod codeBase="/Users/santibraida/Workspace/comprobantes/FileContentRenamer.Tests/bin/Debug/net9.0/FileContentRenamer.Tests.dll" adapterTypeName="executor://xunit/VsTestRunner3/netcore/" className="FileContentRenamer.Tests.Services.FilenameGeneratorTests" name="CleanupFileName_WithVariousInputs_ShouldReturnCleanedName" />
    </UnitTest>
    <UnitTest name="FileContentRenamer.Tests.Services.DateExtractorTests.ExtractDateFromContent_WithGenericDateFormat_ShouldReturnCorrectDate" storage="/users/santibraida/workspace/comprobantes/filecontentrenamer.tests/bin/debug/net9.0/filecontentrenamer.tests.dll" id="4d791645-14ca-671e-50ed-7143a80c7959">
      <Execution id="9da40baf-fce7-49e8-8b5d-c308f99858bf" />
      <TestMethod codeBase="/Users/santibraida/Workspace/comprobantes/FileContentRenamer.Tests/bin/Debug/net9.0/FileContentRenamer.Tests.dll" adapterTypeName="executor://xunit/VsTestRunner3/netcore/" className="FileContentRenamer.Tests.Services.DateExtractorTests" name="ExtractDateFromContent_WithGenericDateFormat_ShouldReturnCorrectDate" />
    </UnitTest>
    <UnitTest name="FileContentRenamer.Tests.Models.NamingRulesTests.FindMatchingRule_WithFirstRuleMatching_ShouldReturnFirstRule" storage="/users/santibraida/workspace/comprobantes/filecontentrenamer.tests/bin/debug/net9.0/filecontentrenamer.tests.dll" id="fde0012a-20a9-aebc-bee1-b5bf65a4ee27">
      <Execution id="7b002b67-9dda-493e-ae80-51b433e18ef6" />
      <TestMethod codeBase="/Users/santibraida/Workspace/comprobantes/FileContentRenamer.Tests/bin/Debug/net9.0/FileContentRenamer.Tests.dll" adapterTypeName="executor://xunit/VsTestRunner3/netcore/" className="FileContentRenamer.Tests.Models.NamingRulesTests" name="FindMatchingRule_WithFirstRuleMatching_ShouldReturnFirstRule" />
    </UnitTest>
    <UnitTest name="FileContentRenamer.Tests.Services.FileServiceTests.ProcessFilesAsync_WithParallelProcessing_ShouldProcessMultipleFiles" storage="/users/santibraida/workspace/comprobantes/filecontentrenamer.tests/bin/debug/net9.0/filecontentrenamer.tests.dll" id="c14045dd-f91b-3e98-d221-a8a83ca7b93f">
      <Execution id="54afca2b-c6e6-4759-9a9b-5916ed02cc76" />
      <TestMethod codeBase="/Users/santibraida/Workspace/comprobantes/FileContentRenamer.Tests/bin/Debug/net9.0/FileContentRenamer.Tests.dll" adapterTypeName="executor://xunit/VsTestRunner3/netcore/" className="FileContentRenamer.Tests.Services.FileServiceTests" name="ProcessFilesAsync_WithParallelProcessing_ShouldProcessMultipleFiles" />
    </UnitTest>
    <UnitTest name="FileContentRenamer.Tests.Models.AppConfigTests.AppConfig_DefaultValues_ShouldBeSetCorrectly" storage="/users/santibraida/workspace/comprobantes/filecontentrenamer.tests/bin/debug/net9.0/filecontentrenamer.tests.dll" id="c8e339c4-495d-6682-fb59-508814014af3">
      <Execution id="19883747-9c59-44d4-a97a-b5105d7ebc78" />
      <TestMethod codeBase="/Users/santibraida/Workspace/comprobantes/FileContentRenamer.Tests/bin/Debug/net9.0/FileContentRenamer.Tests.dll" adapterTypeName="executor://xunit/VsTestRunner3/netcore/" className="FileContentRenamer.Tests.Models.AppConfigTests" name="AppConfig_DefaultValues_ShouldBeSetCorrectly" />
    </UnitTest>
    <UnitTest name="FileContentRenamer.Tests.Services.FileServiceTests.ProcessFilesAsync_WithValidFiles_ShouldProcessFiles" storage="/users/santibraida/workspace/comprobantes/filecontentrenamer.tests/bin/debug/net9.0/filecontentrenamer.tests.dll" id="f0b07320-4d8e-00cc-a232-a17246b4be02">
      <Execution id="17a42684-8c37-4a3e-ba86-4a32aa23ee46" />
      <TestMethod codeBase="/Users/santibraida/Workspace/comprobantes/FileContentRenamer.Tests/bin/Debug/net9.0/FileContentRenamer.Tests.dll" adapterTypeName="executor://xunit/VsTestRunner3/netcore/" className="FileContentRenamer.Tests.Services.FileServiceTests" name="ProcessFilesAsync_WithValidFiles_ShouldProcessFiles" />
    </UnitTest>
    <UnitTest name="FileContentRenamer.Tests.Services.PdfProcessorTests.CanProcess_WithNonPdfExtension_ShouldReturnFalse(filename: &quot;test.txt&quot;)" storage="/users/santibraida/workspace/comprobantes/filecontentrenamer.tests/bin/debug/net9.0/filecontentrenamer.tests.dll" id="8031668c-d19b-b8db-0235-3b555a1ef3fc">
      <Execution id="26912ac2-4280-4b6e-9126-8e257d07a955" />
      <TestMethod codeBase="/Users/santibraida/Workspace/comprobantes/FileContentRenamer.Tests/bin/Debug/net9.0/FileContentRenamer.Tests.dll" adapterTypeName="executor://xunit/VsTestRunner3/netcore/" className="FileContentRenamer.Tests.Services.PdfProcessorTests" name="CanProcess_WithNonPdfExtension_ShouldReturnFalse" />
    </UnitTest>
    <UnitTest name="FileContentRenamer.Tests.Services.ImageProcessorTests.CanProcess_WithImageExtensionsDifferentCasing_ShouldReturnTrue(extension: &quot;.PNG&quot;)" storage="/users/santibraida/workspace/comprobantes/filecontentrenamer.tests/bin/debug/net9.0/filecontentrenamer.tests.dll" id="b8e09496-6d7b-6d6d-0f84-90360e0cb28c">
      <Execution id="25af3210-cecd-4b06-8e00-6cb874503fb0" />
      <TestMethod codeBase="/Users/santibraida/Workspace/comprobantes/FileContentRenamer.Tests/bin/Debug/net9.0/FileContentRenamer.Tests.dll" adapterTypeName="executor://xunit/VsTestRunner3/netcore/" className="FileContentRenamer.Tests.Services.ImageProcessorTests" name="CanProcess_WithImageExtensionsDifferentCasing_ShouldReturnTrue" />
    </UnitTest>
    <UnitTest name="FileContentRenamer.Tests.Services.ImageProcessorTests.ExtractContentAsync_WithInvalidTesseractDataPath_ShouldReturnEmpty" storage="/users/santibraida/workspace/comprobantes/filecontentrenamer.tests/bin/debug/net9.0/filecontentrenamer.tests.dll" id="871d08c9-a126-7256-6ea3-61a20f361a2f">
      <Execution id="49090dfd-3d85-4b0b-8660-f9d7506d7823" />
      <TestMethod codeBase="/Users/santibraida/Workspace/comprobantes/FileContentRenamer.Tests/bin/Debug/net9.0/FileContentRenamer.Tests.dll" adapterTypeName="executor://xunit/VsTestRunner3/netcore/" className="FileContentRenamer.Tests.Services.ImageProcessorTests" name="ExtractContentAsync_WithInvalidTesseractDataPath_ShouldReturnEmpty" />
    </UnitTest>
    <UnitTest name="FileContentRenamer.Tests.Services.DateExtractorTests.ExtractDateFromContent_WithVariousSpanishDates_ShouldReturnCorrectDates(content: &quot;15 de junio de 2025&quot;, expected: &quot;2025-06-15&quot;)" storage="/users/santibraida/workspace/comprobantes/filecontentrenamer.tests/bin/debug/net9.0/filecontentrenamer.tests.dll" id="aab26939-6c58-dafe-eca6-6d66c1372e38">
      <Execution id="8c5cce58-c549-440f-9eab-21d31b1ddce5" />
      <TestMethod codeBase="/Users/santibraida/Workspace/comprobantes/FileContentRenamer.Tests/bin/Debug/net9.0/FileContentRenamer.Tests.dll" adapterTypeName="executor://xunit/VsTestRunner3/netcore/" className="FileContentRenamer.Tests.Services.DateExtractorTests" name="ExtractDateFromContent_WithVariousSpanishDates_ShouldReturnCorrectDates" />
    </UnitTest>
    <UnitTest name="FileContentRenamer.Tests.Models.NamingRuleTests.Matches_WithNullContent_ShouldReturnFalse" storage="/users/santibraida/workspace/comprobantes/filecontentrenamer.tests/bin/debug/net9.0/filecontentrenamer.tests.dll" id="154b1187-a8fe-288a-dff0-88f9c1f03683">
      <Execution id="9420e005-5269-4953-8e50-b31c1884449d" />
      <TestMethod codeBase="/Users/santibraida/Workspace/comprobantes/FileContentRenamer.Tests/bin/Debug/net9.0/FileContentRenamer.Tests.dll" adapterTypeName="executor://xunit/VsTestRunner3/netcore/" className="FileContentRenamer.Tests.Models.NamingRuleTests" name="Matches_WithNullContent_ShouldReturnFalse" />
    </UnitTest>
    <UnitTest name="FileContentRenamer.Tests.Services.PdfProcessorTests.ExtractContentAsync_WithNullOrEmptyPath_ShouldHandleGracefully" storage="/users/santibraida/workspace/comprobantes/filecontentrenamer.tests/bin/debug/net9.0/filecontentrenamer.tests.dll" id="b48ede63-7bd8-9337-3a73-3e2097747548">
      <Execution id="e08648bf-9e0d-42d1-8699-3423257e1a72" />
      <TestMethod codeBase="/Users/santibraida/Workspace/comprobantes/FileContentRenamer.Tests/bin/Debug/net9.0/FileContentRenamer.Tests.dll" adapterTypeName="executor://xunit/VsTestRunner3/netcore/" className="FileContentRenamer.Tests.Services.PdfProcessorTests" name="ExtractContentAsync_WithNullOrEmptyPath_ShouldHandleGracefully" />
    </UnitTest>
    <UnitTest name="FileContentRenamer.Tests.Services.DateExtractorTests.ExtractDateFromContent_WithSpanishDateFormat_ShouldReturnCorrectDate" storage="/users/santibraida/workspace/comprobantes/filecontentrenamer.tests/bin/debug/net9.0/filecontentrenamer.tests.dll" id="8294d7f7-2da1-4ee0-8cd3-c37ff5907cd4">
      <Execution id="88435d4f-3e74-4824-a6d6-be0fd806777d" />
      <TestMethod codeBase="/Users/santibraida/Workspace/comprobantes/FileContentRenamer.Tests/bin/Debug/net9.0/FileContentRenamer.Tests.dll" adapterTypeName="executor://xunit/VsTestRunner3/netcore/" className="FileContentRenamer.Tests.Services.DateExtractorTests" name="ExtractDateFromContent_WithSpanishDateFormat_ShouldReturnCorrectDate" />
    </UnitTest>
    <UnitTest name="FileContentRenamer.Tests.Services.TextProcessorTests.ExtractContentAsync_WithEmptyFile_ShouldReturnEmptyString" storage="/users/santibraida/workspace/comprobantes/filecontentrenamer.tests/bin/debug/net9.0/filecontentrenamer.tests.dll" id="19ed11aa-a710-6873-89bb-77d5892f3032">
      <Execution id="23df0795-f006-4ff5-b871-8ab03055fd7b" />
      <TestMethod codeBase="/Users/santibraida/Workspace/comprobantes/FileContentRenamer.Tests/bin/Debug/net9.0/FileContentRenamer.Tests.dll" adapterTypeName="executor://xunit/VsTestRunner3/netcore/" className="FileContentRenamer.Tests.Services.TextProcessorTests" name="ExtractContentAsync_WithEmptyFile_ShouldReturnEmptyString" />
    </UnitTest>
    <UnitTest name="FileContentRenamer.Tests.Models.NamingRulesTests.GenerateFilename_WithDateOverrideAndMinimalContent_ShouldUseDateOverride" storage="/users/santibraida/workspace/comprobantes/filecontentrenamer.tests/bin/debug/net9.0/filecontentrenamer.tests.dll" id="2ff40e02-cd90-e19e-c947-03dc2242a050">
      <Execution id="ae3823ed-ca96-406b-b9b0-7a122b04208b" />
      <TestMethod codeBase="/Users/santibraida/Workspace/comprobantes/FileContentRenamer.Tests/bin/Debug/net9.0/FileContentRenamer.Tests.dll" adapterTypeName="executor://xunit/VsTestRunner3/netcore/" className="FileContentRenamer.Tests.Models.NamingRulesTests" name="GenerateFilename_WithDateOverrideAndMinimalContent_ShouldUseDateOverride" />
    </UnitTest>
    <UnitTest name="FileContentRenamer.Tests.Services.PdfProcessorTests.ExtractContentAsync_WithNonExistentPdfFile_ShouldReturnEmptyString" storage="/users/santibraida/workspace/comprobantes/filecontentrenamer.tests/bin/debug/net9.0/filecontentrenamer.tests.dll" id="2c7c7876-b123-f6b1-1eae-db6f6476f552">
      <Execution id="5db3350c-4324-45ef-b5db-2e8ebe972096" />
      <TestMethod codeBase="/Users/santibraida/Workspace/comprobantes/FileContentRenamer.Tests/bin/Debug/net9.0/FileContentRenamer.Tests.dll" adapterTypeName="executor://xunit/VsTestRunner3/netcore/" className="FileContentRenamer.Tests.Services.PdfProcessorTests" name="ExtractContentAsync_WithNonExistentPdfFile_ShouldReturnEmptyString" />
    </UnitTest>
    <UnitTest name="FileContentRenamer.Tests.Services.DirectoryOrganizerTests.IsInYearMonthStructure_WithNonExistentPath_ShouldReturnFalse" storage="/users/santibraida/workspace/comprobantes/filecontentrenamer.tests/bin/debug/net9.0/filecontentrenamer.tests.dll" id="e47068f5-ce83-2091-31a6-2a3fb625188b">
      <Execution id="4e544a0c-d11e-4d20-a578-ab63eaa87f91" />
      <TestMethod codeBase="/Users/santibraida/Workspace/comprobantes/FileContentRenamer.Tests/bin/Debug/net9.0/FileContentRenamer.Tests.dll" adapterTypeName="executor://xunit/VsTestRunner3/netcore/" className="FileContentRenamer.Tests.Services.DirectoryOrganizerTests" name="IsInYearMonthStructure_WithNonExistentPath_ShouldReturnFalse" />
    </UnitTest>
    <UnitTest name="FileContentRenamer.Tests.Services.ImageProcessorTests.Constructor_WithNullConfig_ShouldThrowArgumentNullException" storage="/users/santibraida/workspace/comprobantes/filecontentrenamer.tests/bin/debug/net9.0/filecontentrenamer.tests.dll" id="b4180071-1e06-f3bd-f0e2-c5c49975b30c">
      <Execution id="fcdfce2d-da68-4475-8ec4-3c4fd012d582" />
      <TestMethod codeBase="/Users/santibraida/Workspace/comprobantes/FileContentRenamer.Tests/bin/Debug/net9.0/FileContentRenamer.Tests.dll" adapterTypeName="executor://xunit/VsTestRunner3/netcore/" className="FileContentRenamer.Tests.Services.ImageProcessorTests" name="Constructor_WithNullConfig_ShouldThrowArgumentNullException" />
    </UnitTest>
    <UnitTest name="FileContentRenamer.Tests.Services.DateExtractorTests.ExtractDateFromFilename_WithVariousValidFormats_ShouldReturnCorrectDates(filename: &quot;invoice_2025-06-15_bank&quot;, expected: &quot;2025-06-15&quot;)" storage="/users/santibraida/workspace/comprobantes/filecontentrenamer.tests/bin/debug/net9.0/filecontentrenamer.tests.dll" id="62f5d1dd-bd59-22f3-6b49-8433f76fa54e">
      <Execution id="ed474e53-6244-4c54-bba2-0cc5950df064" />
      <TestMethod codeBase="/Users/santibraida/Workspace/comprobantes/FileContentRenamer.Tests/bin/Debug/net9.0/FileContentRenamer.Tests.dll" adapterTypeName="executor://xunit/VsTestRunner3/netcore/" className="FileContentRenamer.Tests.Services.DateExtractorTests" name="ExtractDateFromFilename_WithVariousValidFormats_ShouldReturnCorrectDates" />
    </UnitTest>
    <UnitTest name="FileContentRenamer.Tests.Services.PdfProcessorTests.ExtractContentAsync_WithCorruptedPdfFile_ShouldReturnEmptyString" storage="/users/santibraida/workspace/comprobantes/filecontentrenamer.tests/bin/debug/net9.0/filecontentrenamer.tests.dll" id="f3287b07-b05f-116b-412b-e12a39926f98">
      <Execution id="67a2991d-32d7-4db6-a5e2-81f27796ea8f" />
      <TestMethod codeBase="/Users/santibraida/Workspace/comprobantes/FileContentRenamer.Tests/bin/Debug/net9.0/FileContentRenamer.Tests.dll" adapterTypeName="executor://xunit/VsTestRunner3/netcore/" className="FileContentRenamer.Tests.Services.PdfProcessorTests" name="ExtractContentAsync_WithCorruptedPdfFile_ShouldReturnEmptyString" />
    </UnitTest>
    <UnitTest name="FileContentRenamer.Tests.Services.ImageProcessorTests.ExtractContentAsync_WithNonExistentFile_ShouldReturnEmptyString" storage="/users/santibraida/workspace/comprobantes/filecontentrenamer.tests/bin/debug/net9.0/filecontentrenamer.tests.dll" id="2096051f-0719-d6b7-7ba6-a9c6fbdaed26">
      <Execution id="276e54b3-34b5-4285-9d59-288e04d9ac14" />
      <TestMethod codeBase="/Users/santibraida/Workspace/comprobantes/FileContentRenamer.Tests/bin/Debug/net9.0/FileContentRenamer.Tests.dll" adapterTypeName="executor://xunit/VsTestRunner3/netcore/" className="FileContentRenamer.Tests.Services.ImageProcessorTests" name="ExtractContentAsync_WithNonExistentFile_ShouldReturnEmptyString" />
    </UnitTest>
    <UnitTest name="FileContentRenamer.Tests.Services.ImageProcessorTests.CanProcess_WithImageExtensions_ShouldReturnTrue(extension: &quot;.jpg&quot;)" storage="/users/santibraida/workspace/comprobantes/filecontentrenamer.tests/bin/debug/net9.0/filecontentrenamer.tests.dll" id="0879aeff-9eea-f072-4fd3-f308a5ff4abd">
      <Execution id="edd463ee-f855-4329-ae85-7499d0b2de98" />
      <TestMethod codeBase="/Users/santibraida/Workspace/comprobantes/FileContentRenamer.Tests/bin/Debug/net9.0/FileContentRenamer.Tests.dll" adapterTypeName="executor://xunit/VsTestRunner3/netcore/" className="FileContentRenamer.Tests.Services.ImageProcessorTests" name="CanProcess_WithImageExtensions_ShouldReturnTrue" />
    </UnitTest>
    <UnitTest name="FileContentRenamer.Tests.Services.TextProcessorTests.CanProcess_WithTxtExtensionDifferentCasing_ShouldReturnTrue(filename: &quot;test.TXT&quot;)" storage="/users/santibraida/workspace/comprobantes/filecontentrenamer.tests/bin/debug/net9.0/filecontentrenamer.tests.dll" id="66363822-7849-72a3-af25-779ac72e5857">
      <Execution id="4b071a93-6689-4429-a79b-f52b26c74aaa" />
      <TestMethod codeBase="/Users/santibraida/Workspace/comprobantes/FileContentRenamer.Tests/bin/Debug/net9.0/FileContentRenamer.Tests.dll" adapterTypeName="executor://xunit/VsTestRunner3/netcore/" className="FileContentRenamer.Tests.Services.TextProcessorTests" name="CanProcess_WithTxtExtensionDifferentCasing_ShouldReturnTrue" />
    </UnitTest>
    <UnitTest name="FileContentRenamer.Tests.Services.DirectoryOrganizerTests.OrganizeFileIntoDirectoryStructure_WithValidDate_ShouldCreateStructureAndMoveFile" storage="/users/santibraida/workspace/comprobantes/filecontentrenamer.tests/bin/debug/net9.0/filecontentrenamer.tests.dll" id="8f2c1c6f-2d06-5c80-db10-fbc31b9e4155">
      <Execution id="267164c4-d20f-4530-a5fc-7bef5a93e8dd" />
      <TestMethod codeBase="/Users/santibraida/Workspace/comprobantes/FileContentRenamer.Tests/bin/Debug/net9.0/FileContentRenamer.Tests.dll" adapterTypeName="executor://xunit/VsTestRunner3/netcore/" className="FileContentRenamer.Tests.Services.DirectoryOrganizerTests" name="OrganizeFileIntoDirectoryStructure_WithValidDate_ShouldCreateStructureAndMoveFile" />
    </UnitTest>
    <UnitTest name="FileContentRenamer.Tests.Services.DirectoryOrganizerTests.GetMonthName_WithValidMonth_ShouldReturnSpanishName(monthNumber: 8, expected: &quot;agosto&quot;)" storage="/users/santibraida/workspace/comprobantes/filecontentrenamer.tests/bin/debug/net9.0/filecontentrenamer.tests.dll" id="3a8b252e-af29-2782-c8cf-4c2dc2637787">
      <Execution id="5bafdfe0-3bf1-4a1a-8b68-b72a45d1d2ea" />
      <TestMethod codeBase="/Users/santibraida/Workspace/comprobantes/FileContentRenamer.Tests/bin/Debug/net9.0/FileContentRenamer.Tests.dll" adapterTypeName="executor://xunit/VsTestRunner3/netcore/" className="FileContentRenamer.Tests.Services.DirectoryOrganizerTests" name="GetMonthName_WithValidMonth_ShouldReturnSpanishName" />
    </UnitTest>
    <UnitTest name="FileContentRenamer.Tests.Services.DateExtractorTests.ExtractDateFromFilename_WithInvalidFormat_ShouldReturnEmptyString" storage="/users/santibraida/workspace/comprobantes/filecontentrenamer.tests/bin/debug/net9.0/filecontentrenamer.tests.dll" id="013af074-e0c5-bb27-30f4-779070d7fe10">
      <Execution id="836b0bda-ad93-49e8-b776-eb146b84f73e" />
      <TestMethod codeBase="/Users/santibraida/Workspace/comprobantes/FileContentRenamer.Tests/bin/Debug/net9.0/FileContentRenamer.Tests.dll" adapterTypeName="executor://xunit/VsTestRunner3/netcore/" className="FileContentRenamer.Tests.Services.DateExtractorTests" name="ExtractDateFromFilename_WithInvalidFormat_ShouldReturnEmptyString" />
    </UnitTest>
    <UnitTest name="FileContentRenamer.Tests.Services.ImageProcessorTests.ExtractContentAsync_WithEmptyFile_ShouldReturnEmptyString" storage="/users/santibraida/workspace/comprobantes/filecontentrenamer.tests/bin/debug/net9.0/filecontentrenamer.tests.dll" id="7eff9737-dcfc-63b6-3d57-04bd941b7068">
      <Execution id="aa389fbd-164c-4cef-b5d3-7ad45dd4b62e" />
      <TestMethod codeBase="/Users/santibraida/Workspace/comprobantes/FileContentRenamer.Tests/bin/Debug/net9.0/FileContentRenamer.Tests.dll" adapterTypeName="executor://xunit/VsTestRunner3/netcore/" className="FileContentRenamer.Tests.Services.ImageProcessorTests" name="ExtractContentAsync_WithEmptyFile_ShouldReturnEmptyString" />
    </UnitTest>
    <UnitTest name="FileContentRenamer.Tests.Services.FilenameGeneratorTests.GenerateUniqueFilename_ThreadSafety_ShouldHandleConcurrentCalls" storage="/users/santibraida/workspace/comprobantes/filecontentrenamer.tests/bin/debug/net9.0/filecontentrenamer.tests.dll" id="1a12a91e-b03d-45d3-fd2d-061c9630072a">
      <Execution id="78de95ac-6bff-425f-bdc9-4b1934ee6f9a" />
      <TestMethod codeBase="/Users/santibraida/Workspace/comprobantes/FileContentRenamer.Tests/bin/Debug/net9.0/FileContentRenamer.Tests.dll" adapterTypeName="executor://xunit/VsTestRunner3/netcore/" className="FileContentRenamer.Tests.Services.FilenameGeneratorTests" name="GenerateUniqueFilename_ThreadSafety_ShouldHandleConcurrentCalls" />
    </UnitTest>
    <UnitTest name="FileContentRenamer.Tests.Services.FilenameGeneratorTests.CleanupFileName_WithVariousInputs_ShouldReturnCleanedName(input: &quot;&quot;, expected: &quot;unknown_file&quot;)" storage="/users/santibraida/workspace/comprobantes/filecontentrenamer.tests/bin/debug/net9.0/filecontentrenamer.tests.dll" id="b3f5716b-ac2d-a73d-5199-29412e45cde1">
      <Execution id="99b3e8bb-5cac-4832-892e-908154edd925" />
      <TestMethod codeBase="/Users/santibraida/Workspace/comprobantes/FileContentRenamer.Tests/bin/Debug/net9.0/FileContentRenamer.Tests.dll" adapterTypeName="executor://xunit/VsTestRunner3/netcore/" className="FileContentRenamer.Tests.Services.FilenameGeneratorTests" name="CleanupFileName_WithVariousInputs_ShouldReturnCleanedName" />
    </UnitTest>
    <UnitTest name="FileContentRenamer.Tests.Services.DirectoryOrganizerTests.GetMonthName_WithInvalidMonth_ShouldReturnUnknown(monthNumber: 0)" storage="/users/santibraida/workspace/comprobantes/filecontentrenamer.tests/bin/debug/net9.0/filecontentrenamer.tests.dll" id="032ef3ac-363e-da8d-efab-865406d6fd71">
      <Execution id="71bff8db-ace6-4913-a840-54e1bedebcee" />
      <TestMethod codeBase="/Users/santibraida/Workspace/comprobantes/FileContentRenamer.Tests/bin/Debug/net9.0/FileContentRenamer.Tests.dll" adapterTypeName="executor://xunit/VsTestRunner3/netcore/" className="FileContentRenamer.Tests.Services.DirectoryOrganizerTests" name="GetMonthName_WithInvalidMonth_ShouldReturnUnknown" />
    </UnitTest>
    <UnitTest name="FileContentRenamer.Tests.Services.ImageProcessorTests.ExtractContentAsync_WithNonExistentTessdataPath_ShouldReturnEmpty" storage="/users/santibraida/workspace/comprobantes/filecontentrenamer.tests/bin/debug/net9.0/filecontentrenamer.tests.dll" id="b03481c9-a037-f1b2-2c67-0334afa09a62">
      <Execution id="46e1c8f8-f357-4ce8-aa95-95fe1e129c32" />
      <TestMethod codeBase="/Users/santibraida/Workspace/comprobantes/FileContentRenamer.Tests/bin/Debug/net9.0/FileContentRenamer.Tests.dll" adapterTypeName="executor://xunit/VsTestRunner3/netcore/" className="FileContentRenamer.Tests.Services.ImageProcessorTests" name="ExtractContentAsync_WithNonExistentTessdataPath_ShouldReturnEmpty" />
    </UnitTest>
    <UnitTest name="FileContentRenamer.Tests.Services.DirectoryOrganizerTests.OrganizeFileIntoDirectoryStructure_WithDuplicateFile_ShouldCreateUniqueFilename" storage="/users/santibraida/workspace/comprobantes/filecontentrenamer.tests/bin/debug/net9.0/filecontentrenamer.tests.dll" id="8ff3c0db-187d-d0d0-7eb2-736414974987">
      <Execution id="5e353810-ad83-4467-9dda-cfbd1cc9af9e" />
      <TestMethod codeBase="/Users/santibraida/Workspace/comprobantes/FileContentRenamer.Tests/bin/Debug/net9.0/FileContentRenamer.Tests.dll" adapterTypeName="executor://xunit/VsTestRunner3/netcore/" className="FileContentRenamer.Tests.Services.DirectoryOrganizerTests" name="OrganizeFileIntoDirectoryStructure_WithDuplicateFile_ShouldCreateUniqueFilename" />
    </UnitTest>
    <UnitTest name="FileContentRenamer.Tests.Services.TextProcessorTests.ExtractContentAsync_WithOnlyWhitespace_ShouldReturnWhitespace" storage="/users/santibraida/workspace/comprobantes/filecontentrenamer.tests/bin/debug/net9.0/filecontentrenamer.tests.dll" id="33f7c76c-bb78-6b08-abcd-e808bcbcf4f9">
      <Execution id="00c34e65-9c90-4df7-8d69-17198819de60" />
      <TestMethod codeBase="/Users/santibraida/Workspace/comprobantes/FileContentRenamer.Tests/bin/Debug/net9.0/FileContentRenamer.Tests.dll" adapterTypeName="executor://xunit/VsTestRunner3/netcore/" className="FileContentRenamer.Tests.Services.TextProcessorTests" name="ExtractContentAsync_WithOnlyWhitespace_ShouldReturnWhitespace" />
    </UnitTest>
    <UnitTest name="FileContentRenamer.Tests.Services.FileValidatorTests.ValidateConfiguration_WithNullFileExtensions_ShouldReturnFalse" storage="/users/santibraida/workspace/comprobantes/filecontentrenamer.tests/bin/debug/net9.0/filecontentrenamer.tests.dll" id="6cb1a840-6047-af3c-c464-8f4bf5b097d2">
      <Execution id="b036bcac-1755-49e4-a2aa-af1c26c383c1" />
      <TestMethod codeBase="/Users/santibraida/Workspace/comprobantes/FileContentRenamer.Tests/bin/Debug/net9.0/FileContentRenamer.Tests.dll" adapterTypeName="executor://xunit/VsTestRunner3/netcore/" className="FileContentRenamer.Tests.Services.FileValidatorTests" name="ValidateConfiguration_WithNullFileExtensions_ShouldReturnFalse" />
    </UnitTest>
    <UnitTest name="FileContentRenamer.Tests.Services.FilenameGeneratorTests.IsAlreadyNamedFilename_WithValidFormats_ShouldReturnTrue(filename: &quot;service_2024-03-15_payment&quot;)" storage="/users/santibraida/workspace/comprobantes/filecontentrenamer.tests/bin/debug/net9.0/filecontentrenamer.tests.dll" id="fd75bf1b-7547-e469-5bac-5caae1974719">
      <Execution id="0dbf3577-a3fc-4624-9956-faa277e45dfb" />
      <TestMethod codeBase="/Users/santibraida/Workspace/comprobantes/FileContentRenamer.Tests/bin/Debug/net9.0/FileContentRenamer.Tests.dll" adapterTypeName="executor://xunit/VsTestRunner3/netcore/" className="FileContentRenamer.Tests.Services.FilenameGeneratorTests" name="IsAlreadyNamedFilename_WithValidFormats_ShouldReturnTrue" />
    </UnitTest>
    <UnitTest name="FileContentRenamer.Tests.Services.FileValidatorTests.ValidateFileSize_WithLargeFile_ShouldLogWarning" storage="/users/santibraida/workspace/comprobantes/filecontentrenamer.tests/bin/debug/net9.0/filecontentrenamer.tests.dll" id="4cd48cba-1ee4-9efa-c790-541706c3159b">
      <Execution id="b5813953-a94e-4c50-b4c4-c44e807bb4c0" />
      <TestMethod codeBase="/Users/santibraida/Workspace/comprobantes/FileContentRenamer.Tests/bin/Debug/net9.0/FileContentRenamer.Tests.dll" adapterTypeName="executor://xunit/VsTestRunner3/netcore/" className="FileContentRenamer.Tests.Services.FileValidatorTests" name="ValidateFileSize_WithLargeFile_ShouldLogWarning" />
    </UnitTest>
    <UnitTest name="FileContentRenamer.Tests.Models.AppConfigTests.LoadFromConfiguration_WithPartialConfig_ShouldUseDefaultsForMissingValues" storage="/users/santibraida/workspace/comprobantes/filecontentrenamer.tests/bin/debug/net9.0/filecontentrenamer.tests.dll" id="6547cbe5-cb2c-b29f-9137-0cf0b96d8b18">
      <Execution id="09f87ce2-7694-4840-aa06-07242d65836a" />
      <TestMethod codeBase="/Users/santibraida/Workspace/comprobantes/FileContentRenamer.Tests/bin/Debug/net9.0/FileContentRenamer.Tests.dll" adapterTypeName="executor://xunit/VsTestRunner3/netcore/" className="FileContentRenamer.Tests.Models.AppConfigTests" name="LoadFromConfiguration_WithPartialConfig_ShouldUseDefaultsForMissingValues" />
    </UnitTest>
    <UnitTest name="FileContentRenamer.Tests.Services.PdfProcessorTests.CanProcess_WithPdfExtensionDifferentCasing_ShouldReturnTrue(filename: &quot;test.PDF&quot;)" storage="/users/santibraida/workspace/comprobantes/filecontentrenamer.tests/bin/debug/net9.0/filecontentrenamer.tests.dll" id="6d7a483b-6c01-6e31-c6bf-ec0c2f6ad577">
      <Execution id="fc9764b2-e1dd-4f77-9743-d0e1e8a431ef" />
      <TestMethod codeBase="/Users/santibraida/Workspace/comprobantes/FileContentRenamer.Tests/bin/Debug/net9.0/FileContentRenamer.Tests.dll" adapterTypeName="executor://xunit/VsTestRunner3/netcore/" className="FileContentRenamer.Tests.Services.PdfProcessorTests" name="CanProcess_WithPdfExtensionDifferentCasing_ShouldReturnTrue" />
    </UnitTest>
    <UnitTest name="FileContentRenamer.Tests.Services.FileValidatorTests.ValidateFileSize_WithEmptyFile_ShouldLogWarning" storage="/users/santibraida/workspace/comprobantes/filecontentrenamer.tests/bin/debug/net9.0/filecontentrenamer.tests.dll" id="62c33e58-2f83-26ac-2ae0-9b8229cc93ab">
      <Execution id="94d7e395-03a2-4aa0-b195-92735f763846" />
      <TestMethod codeBase="/Users/santibraida/Workspace/comprobantes/FileContentRenamer.Tests/bin/Debug/net9.0/FileContentRenamer.Tests.dll" adapterTypeName="executor://xunit/VsTestRunner3/netcore/" className="FileContentRenamer.Tests.Services.FileValidatorTests" name="ValidateFileSize_WithEmptyFile_ShouldLogWarning" />
    </UnitTest>
    <UnitTest name="FileContentRenamer.Tests.Services.FileServiceTests.ProcessFilesAsync_WithNoFiles_ShouldCompleteSuccessfully" storage="/users/santibraida/workspace/comprobantes/filecontentrenamer.tests/bin/debug/net9.0/filecontentrenamer.tests.dll" id="0fcf9b9b-b820-ecc4-eb7d-d476c5dd956f">
      <Execution id="49ce451b-d1ee-4943-80bd-a1f2c59b2257" />
      <TestMethod codeBase="/Users/santibraida/Workspace/comprobantes/FileContentRenamer.Tests/bin/Debug/net9.0/FileContentRenamer.Tests.dll" adapterTypeName="executor://xunit/VsTestRunner3/netcore/" className="FileContentRenamer.Tests.Services.FileServiceTests" name="ProcessFilesAsync_WithNoFiles_ShouldCompleteSuccessfully" />
    </UnitTest>
    <UnitTest name="FileContentRenamer.Tests.Models.AppConfigTests.SaveLastUsedPath_WithEmptyPath_ShouldReturnEarly" storage="/users/santibraida/workspace/comprobantes/filecontentrenamer.tests/bin/debug/net9.0/filecontentrenamer.tests.dll" id="a6c25b56-b57f-3f67-b38d-a26d924007e0">
      <Execution id="2620186d-152a-49f8-bc73-81dc90fcecff" />
      <TestMethod codeBase="/Users/santibraida/Workspace/comprobantes/FileContentRenamer.Tests/bin/Debug/net9.0/FileContentRenamer.Tests.dll" adapterTypeName="executor://xunit/VsTestRunner3/netcore/" className="FileContentRenamer.Tests.Models.AppConfigTests" name="SaveLastUsedPath_WithEmptyPath_ShouldReturnEarly" />
    </UnitTest>
    <UnitTest name="FileContentRenamer.Tests.Services.FileValidatorTests.ValidateConfiguration_WithNonExistentBasePath_ShouldReturnFalse" storage="/users/santibraida/workspace/comprobantes/filecontentrenamer.tests/bin/debug/net9.0/filecontentrenamer.tests.dll" id="cf2ff463-604f-4bdf-13f9-b9c49d510424">
      <Execution id="94177650-ca7c-49f4-bf9a-283b3d244ad7" />
      <TestMethod codeBase="/Users/santibraida/Workspace/comprobantes/FileContentRenamer.Tests/bin/Debug/net9.0/FileContentRenamer.Tests.dll" adapterTypeName="executor://xunit/VsTestRunner3/netcore/" className="FileContentRenamer.Tests.Services.FileValidatorTests" name="ValidateConfiguration_WithNonExistentBasePath_ShouldReturnFalse" />
    </UnitTest>
    <UnitTest name="FileContentRenamer.Tests.Services.FileValidatorTests.ValidateFileSize_WithNonExistentFile_ShouldNotThrow" storage="/users/santibraida/workspace/comprobantes/filecontentrenamer.tests/bin/debug/net9.0/filecontentrenamer.tests.dll" id="a8222741-473a-8061-b947-f4446415fedc">
      <Execution id="e3aeaa93-ca51-484a-8e43-b8afe72ff564" />
      <TestMethod codeBase="/Users/santibraida/Workspace/comprobantes/FileContentRenamer.Tests/bin/Debug/net9.0/FileContentRenamer.Tests.dll" adapterTypeName="executor://xunit/VsTestRunner3/netcore/" className="FileContentRenamer.Tests.Services.FileValidatorTests" name="ValidateFileSize_WithNonExistentFile_ShouldNotThrow" />
    </UnitTest>
    <UnitTest name="FileContentRenamer.Tests.Services.DirectoryOrganizerTests.OrganizeFileIntoDirectoryStructure_AlreadyInYearFolder_ShouldMoveToMonthFolder" storage="/users/santibraida/workspace/comprobantes/filecontentrenamer.tests/bin/debug/net9.0/filecontentrenamer.tests.dll" id="7fc03f6c-44c6-760a-ff15-5a01859458b0">
      <Execution id="bc87b6e7-fd08-4848-9816-b964c2fa78bb" />
      <TestMethod codeBase="/Users/santibraida/Workspace/comprobantes/FileContentRenamer.Tests/bin/Debug/net9.0/FileContentRenamer.Tests.dll" adapterTypeName="executor://xunit/VsTestRunner3/netcore/" className="FileContentRenamer.Tests.Services.DirectoryOrganizerTests" name="OrganizeFileIntoDirectoryStructure_AlreadyInYearFolder_ShouldMoveToMonthFolder" />
    </UnitTest>
    <UnitTest name="FileContentRenamer.Tests.Services.ImageProcessorTests.CanProcess_WithVariousCases_ShouldReturnCorrectResult(extension: &quot;.jpg&quot;)" storage="/users/santibraida/workspace/comprobantes/filecontentrenamer.tests/bin/debug/net9.0/filecontentrenamer.tests.dll" id="52175725-e6d4-0cad-c3ec-c7f17827962e">
      <Execution id="f0ae948e-3f7b-4d3d-a4fa-388f1a662d7a" />
      <TestMethod codeBase="/Users/santibraida/Workspace/comprobantes/FileContentRenamer.Tests/bin/Debug/net9.0/FileContentRenamer.Tests.dll" adapterTypeName="executor://xunit/VsTestRunner3/netcore/" className="FileContentRenamer.Tests.Services.ImageProcessorTests" name="CanProcess_WithVariousCases_ShouldReturnCorrectResult" />
    </UnitTest>
    <UnitTest name="FileContentRenamer.Tests.Services.PdfProcessorTests.ExtractContentAsync_WithEmptyFile_ShouldReturnEmptyString" storage="/users/santibraida/workspace/comprobantes/filecontentrenamer.tests/bin/debug/net9.0/filecontentrenamer.tests.dll" id="3ef96430-2ab3-5a48-be56-e156f8c42b82">
      <Execution id="1b6439b3-3142-4e32-ba24-9a977e74aad6" />
      <TestMethod codeBase="/Users/santibraida/Workspace/comprobantes/FileContentRenamer.Tests/bin/Debug/net9.0/FileContentRenamer.Tests.dll" adapterTypeName="executor://xunit/VsTestRunner3/netcore/" className="FileContentRenamer.Tests.Services.PdfProcessorTests" name="ExtractContentAsync_WithEmptyFile_ShouldReturnEmptyString" />
    </UnitTest>
    <UnitTest name="FileContentRenamer.Tests.Services.FileValidatorTests.ShouldSkipAlreadyNamedFile_WithForceReprocessEnabled_ShouldReturnFalse" storage="/users/santibraida/workspace/comprobantes/filecontentrenamer.tests/bin/debug/net9.0/filecontentrenamer.tests.dll" id="0d10a7ac-0e5b-dd5d-82c4-53603840d067">
      <Execution id="4c38064b-99ff-4428-a174-fd11da44874f" />
      <TestMethod codeBase="/Users/santibraida/Workspace/comprobantes/FileContentRenamer.Tests/bin/Debug/net9.0/FileContentRenamer.Tests.dll" adapterTypeName="executor://xunit/VsTestRunner3/netcore/" className="FileContentRenamer.Tests.Services.FileValidatorTests" name="ShouldSkipAlreadyNamedFile_WithForceReprocessEnabled_ShouldReturnFalse" />
    </UnitTest>
    <UnitTest name="FileContentRenamer.Tests.Models.NamingRuleTests.Matches_WithAllKeywordsPresent_ShouldReturnTrue" storage="/users/santibraida/workspace/comprobantes/filecontentrenamer.tests/bin/debug/net9.0/filecontentrenamer.tests.dll" id="be38a0d7-e0e2-fccd-c5e6-b3a3fded648e">
      <Execution id="d5a3a242-87b7-4fe9-89d4-99ca6f22c51c" />
      <TestMethod codeBase="/Users/santibraida/Workspace/comprobantes/FileContentRenamer.Tests/bin/Debug/net9.0/FileContentRenamer.Tests.dll" adapterTypeName="executor://xunit/VsTestRunner3/netcore/" className="FileContentRenamer.Tests.Models.NamingRuleTests" name="Matches_WithAllKeywordsPresent_ShouldReturnTrue" />
    </UnitTest>
    <UnitTest name="FileContentRenamer.Tests.Services.ImageProcessorTests.ExtractContentAsync_WithComplexLanguageConfig_ShouldHandleLanguageParsing" storage="/users/santibraida/workspace/comprobantes/filecontentrenamer.tests/bin/debug/net9.0/filecontentrenamer.tests.dll" id="9bb1b165-fd97-aa53-8141-e435492ae22a">
      <Execution id="c5f5cf19-7d57-47a9-a017-282191ea4d3f" />
      <TestMethod codeBase="/Users/santibraida/Workspace/comprobantes/FileContentRenamer.Tests/bin/Debug/net9.0/FileContentRenamer.Tests.dll" adapterTypeName="executor://xunit/VsTestRunner3/netcore/" className="FileContentRenamer.Tests.Services.ImageProcessorTests" name="ExtractContentAsync_WithComplexLanguageConfig_ShouldHandleLanguageParsing" />
    </UnitTest>
    <UnitTest name="FileContentRenamer.Tests.Services.FileValidatorTests.ShouldProcessFile_WithDifferentCasing_ShouldBeCaseInsensitive(filename: &quot;test.pDf&quot;)" storage="/users/santibraida/workspace/comprobantes/filecontentrenamer.tests/bin/debug/net9.0/filecontentrenamer.tests.dll" id="77219b7a-0f6b-514e-c829-c9674c2f30c4">
      <Execution id="9c067070-8771-4171-8041-2a7bd7b6d0d5" />
      <TestMethod codeBase="/Users/santibraida/Workspace/comprobantes/FileContentRenamer.Tests/bin/Debug/net9.0/FileContentRenamer.Tests.dll" adapterTypeName="executor://xunit/VsTestRunner3/netcore/" className="FileContentRenamer.Tests.Services.FileValidatorTests" name="ShouldProcessFile_WithDifferentCasing_ShouldBeCaseInsensitive" />
    </UnitTest>
    <UnitTest name="FileContentRenamer.Tests.Services.FileServiceTests.ProcessFilesAsync_WithException_ShouldContinueProcessing" storage="/users/santibraida/workspace/comprobantes/filecontentrenamer.tests/bin/debug/net9.0/filecontentrenamer.tests.dll" id="52b61247-c43f-6660-c9e8-5fe03f0a7cdc">
      <Execution id="4e3ee2c1-f8d9-4245-8ffa-8cbf9c2c5b58" />
      <TestMethod codeBase="/Users/santibraida/Workspace/comprobantes/FileContentRenamer.Tests/bin/Debug/net9.0/FileContentRenamer.Tests.dll" adapterTypeName="executor://xunit/VsTestRunner3/netcore/" className="FileContentRenamer.Tests.Services.FileServiceTests" name="ProcessFilesAsync_WithException_ShouldContinueProcessing" />
    </UnitTest>
    <UnitTest name="FileContentRenamer.Tests.Models.AppConfigTests.SaveLastUsedPath_ShouldUpdateConfigFile" storage="/users/santibraida/workspace/comprobantes/filecontentrenamer.tests/bin/debug/net9.0/filecontentrenamer.tests.dll" id="f7bbc740-e3de-3780-77bc-e74850eb0f4f">
      <Execution id="10e6fed6-6525-454c-a0d0-eab5ef9f2bfa" />
      <TestMethod codeBase="/Users/santibraida/Workspace/comprobantes/FileContentRenamer.Tests/bin/Debug/net9.0/FileContentRenamer.Tests.dll" adapterTypeName="executor://xunit/VsTestRunner3/netcore/" className="FileContentRenamer.Tests.Models.AppConfigTests" name="SaveLastUsedPath_ShouldUpdateConfigFile" />
    </UnitTest>
    <UnitTest name="FileContentRenamer.Tests.Models.AppConfigTests.SaveLastUsedPath_WithValidPath_ShouldUpdateProperty" storage="/users/santibraida/workspace/comprobantes/filecontentrenamer.tests/bin/debug/net9.0/filecontentrenamer.tests.dll" id="26bd4e72-4ac6-a5cc-eeb0-2da92faec007">
      <Execution id="073ba7ed-8a6b-473e-8261-749a94f3967d" />
      <TestMethod codeBase="/Users/santibraida/Workspace/comprobantes/FileContentRenamer.Tests/bin/Debug/net9.0/FileContentRenamer.Tests.dll" adapterTypeName="executor://xunit/VsTestRunner3/netcore/" className="FileContentRenamer.Tests.Models.AppConfigTests" name="SaveLastUsedPath_WithValidPath_ShouldUpdateProperty" />
    </UnitTest>
    <UnitTest name="FileContentRenamer.Tests.Services.ImageProcessorTests.CanProcess_WithNonImageExtension_ShouldReturnFalse(extension: &quot;.txt&quot;)" storage="/users/santibraida/workspace/comprobantes/filecontentrenamer.tests/bin/debug/net9.0/filecontentrenamer.tests.dll" id="5f70f144-9947-887e-d6e7-1aeb2f4f79bb">
      <Execution id="87dd4b29-600a-470c-a78f-77563917dd55" />
      <TestMethod codeBase="/Users/santibraida/Workspace/comprobantes/FileContentRenamer.Tests/bin/Debug/net9.0/FileContentRenamer.Tests.dll" adapterTypeName="executor://xunit/VsTestRunner3/netcore/" className="FileContentRenamer.Tests.Services.ImageProcessorTests" name="CanProcess_WithNonImageExtension_ShouldReturnFalse" />
    </UnitTest>
    <UnitTest name="FileContentRenamer.Tests.Services.ImageProcessorTests.Constructor_WithExistingTessdataPath_ShouldLogInformation" storage="/users/santibraida/workspace/comprobantes/filecontentrenamer.tests/bin/debug/net9.0/filecontentrenamer.tests.dll" id="d2b73dd7-fca3-9997-7025-63c5332128cb">
      <Execution id="32fd6edc-2862-43bd-bd53-3f774cb8edae" />
      <TestMethod codeBase="/Users/santibraida/Workspace/comprobantes/FileContentRenamer.Tests/bin/Debug/net9.0/FileContentRenamer.Tests.dll" adapterTypeName="executor://xunit/VsTestRunner3/netcore/" className="FileContentRenamer.Tests.Services.ImageProcessorTests" name="Constructor_WithExistingTessdataPath_ShouldLogInformation" />
    </UnitTest>
    <UnitTest name="FileContentRenamer.Tests.Services.FilenameGeneratorTests.CleanupFileName_WithVariousInputs_ShouldReturnCleanedName(input: &quot;__file__name__&quot;, expected: &quot;file_name&quot;)" storage="/users/santibraida/workspace/comprobantes/filecontentrenamer.tests/bin/debug/net9.0/filecontentrenamer.tests.dll" id="99010084-55ec-2d67-80ac-70f30d045fef">
      <Execution id="1bba69f5-aae2-4ac9-814a-b41b3340d9f2" />
      <TestMethod codeBase="/Users/santibraida/Workspace/comprobantes/FileContentRenamer.Tests/bin/Debug/net9.0/FileContentRenamer.Tests.dll" adapterTypeName="executor://xunit/VsTestRunner3/netcore/" className="FileContentRenamer.Tests.Services.FilenameGeneratorTests" name="CleanupFileName_WithVariousInputs_ShouldReturnCleanedName" />
    </UnitTest>
    <UnitTest name="FileContentRenamer.Tests.Configuration.ServiceConfigurationTests.ConfigureServices_ShouldRegisterFileProcessors" storage="/users/santibraida/workspace/comprobantes/filecontentrenamer.tests/bin/debug/net9.0/filecontentrenamer.tests.dll" id="85677dc2-59d0-24ec-6909-57399a83a6f9">
      <Execution id="8f50c024-f579-41c8-ac1b-aede51dcab8c" />
      <TestMethod codeBase="/Users/santibraida/Workspace/comprobantes/FileContentRenamer.Tests/bin/Debug/net9.0/FileContentRenamer.Tests.dll" adapterTypeName="executor://xunit/VsTestRunner3/netcore/" className="FileContentRenamer.Tests.Configuration.ServiceConfigurationTests" name="ConfigureServices_ShouldRegisterFileProcessors" />
    </UnitTest>
    <UnitTest name="FileContentRenamer.Tests.Configuration.ServiceConfigurationTests.ConfigureServices_ShouldRegisterAllServices" storage="/users/santibraida/workspace/comprobantes/filecontentrenamer.tests/bin/debug/net9.0/filecontentrenamer.tests.dll" id="ff7c2091-3327-e767-4933-31644bd21f67">
      <Execution id="001528d7-bb3e-40e0-b99f-9046b45e46bd" />
      <TestMethod codeBase="/Users/santibraida/Workspace/comprobantes/FileContentRenamer.Tests/bin/Debug/net9.0/FileContentRenamer.Tests.dll" adapterTypeName="executor://xunit/VsTestRunner3/netcore/" className="FileContentRenamer.Tests.Configuration.ServiceConfigurationTests" name="ConfigureServices_ShouldRegisterAllServices" />
    </UnitTest>
    <UnitTest name="FileContentRenamer.Tests.Services.DirectoryOrganizerTests.GetMonthName_WithValidMonth_ShouldReturnSpanishName(monthNumber: 7, expected: &quot;julio&quot;)" storage="/users/santibraida/workspace/comprobantes/filecontentrenamer.tests/bin/debug/net9.0/filecontentrenamer.tests.dll" id="824839a8-20c1-e236-c120-b27a5f944d83">
      <Execution id="928487ff-d937-4000-a483-4c13c790a73d" />
      <TestMethod codeBase="/Users/santibraida/Workspace/comprobantes/FileContentRenamer.Tests/bin/Debug/net9.0/FileContentRenamer.Tests.dll" adapterTypeName="executor://xunit/VsTestRunner3/netcore/" className="FileContentRenamer.Tests.Services.DirectoryOrganizerTests" name="GetMonthName_WithValidMonth_ShouldReturnSpanishName" />
    </UnitTest>
    <UnitTest name="FileContentRenamer.Tests.Services.FileServiceTests.ProcessFilesAsync_WithNoProcessorAvailable_ShouldSkipFile" storage="/users/santibraida/workspace/comprobantes/filecontentrenamer.tests/bin/debug/net9.0/filecontentrenamer.tests.dll" id="4bf9f205-774f-fb42-8d24-b7d8013c94d1">
      <Execution id="5889e5ab-5bb3-4523-b402-85aef2860d30" />
      <TestMethod codeBase="/Users/santibraida/Workspace/comprobantes/FileContentRenamer.Tests/bin/Debug/net9.0/FileContentRenamer.Tests.dll" adapterTypeName="executor://xunit/VsTestRunner3/netcore/" className="FileContentRenamer.Tests.Services.FileServiceTests" name="ProcessFilesAsync_WithNoProcessorAvailable_ShouldSkipFile" />
    </UnitTest>
    <UnitTest name="FileContentRenamer.Tests.Services.DirectoryOrganizerTests.OrganizeFileIntoDirectoryStructure_WithMultipleDuplicates_ShouldCreateUniqueFilename" storage="/users/santibraida/workspace/comprobantes/filecontentrenamer.tests/bin/debug/net9.0/filecontentrenamer.tests.dll" id="f567e5a6-a665-67c2-8449-b66348dc3570">
      <Execution id="dfcbca1b-77af-4f83-90a3-4d983f8fc83f" />
      <TestMethod codeBase="/Users/santibraida/Workspace/comprobantes/FileContentRenamer.Tests/bin/Debug/net9.0/FileContentRenamer.Tests.dll" adapterTypeName="executor://xunit/VsTestRunner3/netcore/" className="FileContentRenamer.Tests.Services.DirectoryOrganizerTests" name="OrganizeFileIntoDirectoryStructure_WithMultipleDuplicates_ShouldCreateUniqueFilename" />
    </UnitTest>
    <UnitTest name="FileContentRenamer.Tests.Services.FileServiceTests.ProcessFilesAsync_WithSubdirectories_ShouldProcessAllFiles" storage="/users/santibraida/workspace/comprobantes/filecontentrenamer.tests/bin/debug/net9.0/filecontentrenamer.tests.dll" id="1f6f6946-e988-6d1a-ad4a-0a9338273d33">
      <Execution id="04be973a-97c9-4b3f-b61f-41eedf4b935c" />
      <TestMethod codeBase="/Users/santibraida/Workspace/comprobantes/FileContentRenamer.Tests/bin/Debug/net9.0/FileContentRenamer.Tests.dll" adapterTypeName="executor://xunit/VsTestRunner3/netcore/" className="FileContentRenamer.Tests.Services.FileServiceTests" name="ProcessFilesAsync_WithSubdirectories_ShouldProcessAllFiles" />
    </UnitTest>
    <UnitTest name="FileContentRenamer.Tests.Services.FileValidatorTests.ShouldProcessFile_WithNullPath_ShouldReturnFalse" storage="/users/santibraida/workspace/comprobantes/filecontentrenamer.tests/bin/debug/net9.0/filecontentrenamer.tests.dll" id="67877ab3-cd79-0712-f2c5-84dba6ba53b5">
      <Execution id="edffca28-e3c0-454d-816a-2f34350be503" />
      <TestMethod codeBase="/Users/santibraida/Workspace/comprobantes/FileContentRenamer.Tests/bin/Debug/net9.0/FileContentRenamer.Tests.dll" adapterTypeName="executor://xunit/VsTestRunner3/netcore/" className="FileContentRenamer.Tests.Services.FileValidatorTests" name="ShouldProcessFile_WithNullPath_ShouldReturnFalse" />
    </UnitTest>
    <UnitTest name="FileContentRenamer.Tests.Models.NamingRuleTests.Matches_WithCaseInsensitiveKeywords_ShouldReturnTrue" storage="/users/santibraida/workspace/comprobantes/filecontentrenamer.tests/bin/debug/net9.0/filecontentrenamer.tests.dll" id="eda4a5c5-8fa3-8699-5242-449863672e55">
      <Execution id="adec08f4-bb67-42b5-904b-3b362fb2ddbc" />
      <TestMethod codeBase="/Users/santibraida/Workspace/comprobantes/FileContentRenamer.Tests/bin/Debug/net9.0/FileContentRenamer.Tests.dll" adapterTypeName="executor://xunit/VsTestRunner3/netcore/" className="FileContentRenamer.Tests.Models.NamingRuleTests" name="Matches_WithCaseInsensitiveKeywords_ShouldReturnTrue" />
    </UnitTest>
    <UnitTest name="FileContentRenamer.Tests.Models.AppConfigTests.LoadFromConfiguration_WithValidConfigFile_ShouldLoadCorrectly" storage="/users/santibraida/workspace/comprobantes/filecontentrenamer.tests/bin/debug/net9.0/filecontentrenamer.tests.dll" id="2df2278f-2596-2f16-dbea-2fed2d64436a">
      <Execution id="add15c55-46dc-489e-be28-b759b97b6e23" />
      <TestMethod codeBase="/Users/santibraida/Workspace/comprobantes/FileContentRenamer.Tests/bin/Debug/net9.0/FileContentRenamer.Tests.dll" adapterTypeName="executor://xunit/VsTestRunner3/netcore/" className="FileContentRenamer.Tests.Models.AppConfigTests" name="LoadFromConfiguration_WithValidConfigFile_ShouldLoadCorrectly" />
    </UnitTest>
    <UnitTest name="FileContentRenamer.Tests.Services.FileValidatorTests.ShouldSkipAlreadyNamedFile_WithAlreadyNamedFile_ShouldReturnTrue" storage="/users/santibraida/workspace/comprobantes/filecontentrenamer.tests/bin/debug/net9.0/filecontentrenamer.tests.dll" id="df0ff2b1-bb1d-04f9-1b59-ee245aa596c1">
      <Execution id="895d7beb-26c4-43fa-a50a-b7f1e0409b10" />
      <TestMethod codeBase="/Users/santibraida/Workspace/comprobantes/FileContentRenamer.Tests/bin/Debug/net9.0/FileContentRenamer.Tests.dll" adapterTypeName="executor://xunit/VsTestRunner3/netcore/" className="FileContentRenamer.Tests.Services.FileValidatorTests" name="ShouldSkipAlreadyNamedFile_WithAlreadyNamedFile_ShouldReturnTrue" />
    </UnitTest>
    <UnitTest name="FileContentRenamer.Tests.Services.ImageProcessorTests.CanProcess_WithImageExtensions_ShouldReturnTrue(extension: &quot;.png&quot;)" storage="/users/santibraida/workspace/comprobantes/filecontentrenamer.tests/bin/debug/net9.0/filecontentrenamer.tests.dll" id="8b50f6a7-4d32-7ee6-c298-95c6826dd2dd">
      <Execution id="749c4bac-84a4-4ad3-b1f2-33db06b934a9" />
      <TestMethod codeBase="/Users/santibraida/Workspace/comprobantes/FileContentRenamer.Tests/bin/Debug/net9.0/FileContentRenamer.Tests.dll" adapterTypeName="executor://xunit/VsTestRunner3/netcore/" className="FileContentRenamer.Tests.Services.ImageProcessorTests" name="CanProcess_WithImageExtensions_ShouldReturnTrue" />
    </UnitTest>
    <UnitTest name="FileContentRenamer.Tests.Services.DirectoryOrganizerTests.OrganizeFileIntoDirectoryStructure_ThreadSafety_ShouldHandleConcurrentCalls" storage="/users/santibraida/workspace/comprobantes/filecontentrenamer.tests/bin/debug/net9.0/filecontentrenamer.tests.dll" id="63753db1-a700-4ddb-bad0-85dcc6fc1038">
      <Execution id="173e758a-c2b5-4ff4-9f58-c46335a48d9f" />
      <TestMethod codeBase="/Users/santibraida/Workspace/comprobantes/FileContentRenamer.Tests/bin/Debug/net9.0/FileContentRenamer.Tests.dll" adapterTypeName="executor://xunit/VsTestRunner3/netcore/" className="FileContentRenamer.Tests.Services.DirectoryOrganizerTests" name="OrganizeFileIntoDirectoryStructure_ThreadSafety_ShouldHandleConcurrentCalls" />
    </UnitTest>
    <UnitTest name="FileContentRenamer.Tests.Services.FileValidatorTests.ShouldProcessFile_WithEmptyPath_ShouldReturnFalse" storage="/users/santibraida/workspace/comprobantes/filecontentrenamer.tests/bin/debug/net9.0/filecontentrenamer.tests.dll" id="9ceef6d7-c6e7-377c-fe84-df2fd32fca20">
      <Execution id="4f1cdf4f-ca0f-40c3-850a-d90ba04395a7" />
      <TestMethod codeBase="/Users/santibraida/Workspace/comprobantes/FileContentRenamer.Tests/bin/Debug/net9.0/FileContentRenamer.Tests.dll" adapterTypeName="executor://xunit/VsTestRunner3/netcore/" className="FileContentRenamer.Tests.Services.FileValidatorTests" name="ShouldProcessFile_WithEmptyPath_ShouldReturnFalse" />
    </UnitTest>
    <UnitTest name="FileContentRenamer.Tests.Models.NamingRuleTests.Matches_WithEmptyContent_ShouldReturnFalse" storage="/users/santibraida/workspace/comprobantes/filecontentrenamer.tests/bin/debug/net9.0/filecontentrenamer.tests.dll" id="f23379d7-78c4-9613-54fe-537fd665f06d">
      <Execution id="49448047-d6ed-42c9-bcbc-14560239955d" />
      <TestMethod codeBase="/Users/santibraida/Workspace/comprobantes/FileContentRenamer.Tests/bin/Debug/net9.0/FileContentRenamer.Tests.dll" adapterTypeName="executor://xunit/VsTestRunner3/netcore/" className="FileContentRenamer.Tests.Models.NamingRuleTests" name="Matches_WithEmptyContent_ShouldReturnFalse" />
    </UnitTest>
    <UnitTest name="FileContentRenamer.Tests.Services.FileValidatorTests.ShouldProcessFile_WithNonExistentFile_ShouldReturnFalse" storage="/users/santibraida/workspace/comprobantes/filecontentrenamer.tests/bin/debug/net9.0/filecontentrenamer.tests.dll" id="a74078ad-01de-0282-292f-78f3a891fdb1">
      <Execution id="94fbc9b9-0dd9-439b-93ba-2c95b0df04fa" />
      <TestMethod codeBase="/Users/santibraida/Workspace/comprobantes/FileContentRenamer.Tests/bin/Debug/net9.0/FileContentRenamer.Tests.dll" adapterTypeName="executor://xunit/VsTestRunner3/netcore/" className="FileContentRenamer.Tests.Services.FileValidatorTests" name="ShouldProcessFile_WithNonExistentFile_ShouldReturnFalse" />
    </UnitTest>
    <UnitTest name="FileContentRenamer.Tests.Services.FileValidatorTests.ShouldProcessFile_WithMixedCaseExtension_ShouldReturnTrue" storage="/users/santibraida/workspace/comprobantes/filecontentrenamer.tests/bin/debug/net9.0/filecontentrenamer.tests.dll" id="f7704aaa-e660-9ea3-e9fc-e4f0ba02380e">
      <Execution id="68b5de06-3dc7-4745-8974-234a0f6a127c" />
      <TestMethod codeBase="/Users/santibraida/Workspace/comprobantes/FileContentRenamer.Tests/bin/Debug/net9.0/FileContentRenamer.Tests.dll" adapterTypeName="executor://xunit/VsTestRunner3/netcore/" className="FileContentRenamer.Tests.Services.FileValidatorTests" name="ShouldProcessFile_WithMixedCaseExtension_ShouldReturnTrue" />
    </UnitTest>
    <UnitTest name="FileContentRenamer.Tests.Services.DirectoryOrganizerTests.GetMonthName_WithValidMonth_ShouldReturnSpanishName(monthNumber: 1, expected: &quot;enero&quot;)" storage="/users/santibraida/workspace/comprobantes/filecontentrenamer.tests/bin/debug/net9.0/filecontentrenamer.tests.dll" id="ef0ba115-bb03-098e-48b3-8914fb59fb7f">
      <Execution id="1d8b0de7-efaa-43ef-b2d2-36173524263e" />
      <TestMethod codeBase="/Users/santibraida/Workspace/comprobantes/FileContentRenamer.Tests/bin/Debug/net9.0/FileContentRenamer.Tests.dll" adapterTypeName="executor://xunit/VsTestRunner3/netcore/" className="FileContentRenamer.Tests.Services.DirectoryOrganizerTests" name="GetMonthName_WithValidMonth_ShouldReturnSpanishName" />
    </UnitTest>
    <UnitTest name="FileContentRenamer.Tests.Services.FilenameGeneratorTests.CleanupFileName_WithVariousInputs_ShouldReturnCleanedName(input: &quot;valid_filename&quot;, expected: &quot;valid_filename&quot;)" storage="/users/santibraida/workspace/comprobantes/filecontentrenamer.tests/bin/debug/net9.0/filecontentrenamer.tests.dll" id="4a85101f-96ab-da99-c27c-46820deea64a">
      <Execution id="5b21fbf8-fe68-4a78-8143-b5d56f86dafa" />
      <TestMethod codeBase="/Users/santibraida/Workspace/comprobantes/FileContentRenamer.Tests/bin/Debug/net9.0/FileContentRenamer.Tests.dll" adapterTypeName="executor://xunit/VsTestRunner3/netcore/" className="FileContentRenamer.Tests.Services.FilenameGeneratorTests" name="CleanupFileName_WithVariousInputs_ShouldReturnCleanedName" />
    </UnitTest>
    <UnitTest name="FileContentRenamer.Tests.Models.NamingRulesTests.Constructor_WithDefaultValues_ShouldInitializeCorrectly" storage="/users/santibraida/workspace/comprobantes/filecontentrenamer.tests/bin/debug/net9.0/filecontentrenamer.tests.dll" id="3bc1972c-43c3-09f6-6b21-23df0274286b">
      <Execution id="32d3a92b-0414-4e17-b637-64889b3ed602" />
      <TestMethod codeBase="/Users/santibraida/Workspace/comprobantes/FileContentRenamer.Tests/bin/Debug/net9.0/FileContentRenamer.Tests.dll" adapterTypeName="executor://xunit/VsTestRunner3/netcore/" className="FileContentRenamer.Tests.Models.NamingRulesTests" name="Constructor_WithDefaultValues_ShouldInitializeCorrectly" />
    </UnitTest>
    <UnitTest name="FileContentRenamer.Tests.Services.DirectoryOrganizerTests.OrganizeFileIntoDirectoryStructure_WithInvalidDate_ShouldReturnOriginalPath" storage="/users/santibraida/workspace/comprobantes/filecontentrenamer.tests/bin/debug/net9.0/filecontentrenamer.tests.dll" id="19f9e186-a4aa-4850-0176-aa961f311415">
      <Execution id="cbb80f8c-178c-445c-9498-22b1dc736f73" />
      <TestMethod codeBase="/Users/santibraida/Workspace/comprobantes/FileContentRenamer.Tests/bin/Debug/net9.0/FileContentRenamer.Tests.dll" adapterTypeName="executor://xunit/VsTestRunner3/netcore/" className="FileContentRenamer.Tests.Services.DirectoryOrganizerTests" name="OrganizeFileIntoDirectoryStructure_WithInvalidDate_ShouldReturnOriginalPath" />
    </UnitTest>
    <UnitTest name="FileContentRenamer.Tests.Services.TextProcessorTests.CanProcess_WithNonTxtExtension_ShouldReturnFalse(filename: &quot;test&quot;)" storage="/users/santibraida/workspace/comprobantes/filecontentrenamer.tests/bin/debug/net9.0/filecontentrenamer.tests.dll" id="ee802fc6-9af0-1284-c4b7-a8377911ec00">
      <Execution id="1130c138-075b-41d1-961d-23101ba871da" />
      <TestMethod codeBase="/Users/santibraida/Workspace/comprobantes/FileContentRenamer.Tests/bin/Debug/net9.0/FileContentRenamer.Tests.dll" adapterTypeName="executor://xunit/VsTestRunner3/netcore/" className="FileContentRenamer.Tests.Services.TextProcessorTests" name="CanProcess_WithNonTxtExtension_ShouldReturnFalse" />
    </UnitTest>
    <UnitTest name="FileContentRenamer.Tests.Services.FileValidatorTests.ValidateConfiguration_WithEmptyBasePath_ShouldReturnFalse" storage="/users/santibraida/workspace/comprobantes/filecontentrenamer.tests/bin/debug/net9.0/filecontentrenamer.tests.dll" id="5ba61b11-551a-10ce-86ec-bdc1ee67e90e">
      <Execution id="603fabbb-6f50-4efe-b640-b1c07c4057d4" />
      <TestMethod codeBase="/Users/santibraida/Workspace/comprobantes/FileContentRenamer.Tests/bin/Debug/net9.0/FileContentRenamer.Tests.dll" adapterTypeName="executor://xunit/VsTestRunner3/netcore/" className="FileContentRenamer.Tests.Services.FileValidatorTests" name="ValidateConfiguration_WithEmptyBasePath_ShouldReturnFalse" />
    </UnitTest>
    <UnitTest name="FileContentRenamer.Tests.Configuration.ServiceConfigurationTests.ConfigureServices_WithValidConfig_ShouldRegisterSingletonAppConfig" storage="/users/santibraida/workspace/comprobantes/filecontentrenamer.tests/bin/debug/net9.0/filecontentrenamer.tests.dll" id="ddd37070-3a26-e09f-cfe8-adfb9adc29e7">
      <Execution id="d5efee8d-e225-410c-9c6e-d02462d3b096" />
      <TestMethod codeBase="/Users/santibraida/Workspace/comprobantes/FileContentRenamer.Tests/bin/Debug/net9.0/FileContentRenamer.Tests.dll" adapterTypeName="executor://xunit/VsTestRunner3/netcore/" className="FileContentRenamer.Tests.Configuration.ServiceConfigurationTests" name="ConfigureServices_WithValidConfig_ShouldRegisterSingletonAppConfig" />
    </UnitTest>
    <UnitTest name="FileContentRenamer.Tests.Services.TextProcessorTests.ExtractContentAsync_WithNonExistentFile_ShouldReturnEmptyString" storage="/users/santibraida/workspace/comprobantes/filecontentrenamer.tests/bin/debug/net9.0/filecontentrenamer.tests.dll" id="1ae426c8-73f8-48b1-c4fd-f2736013951b">
      <Execution id="ef7bc9a6-28b6-4ae2-9653-d1623b4d783d" />
      <TestMethod codeBase="/Users/santibraida/Workspace/comprobantes/FileContentRenamer.Tests/bin/Debug/net9.0/FileContentRenamer.Tests.dll" adapterTypeName="executor://xunit/VsTestRunner3/netcore/" className="FileContentRenamer.Tests.Services.TextProcessorTests" name="ExtractContentAsync_WithNonExistentFile_ShouldReturnEmptyString" />
    </UnitTest>
    <UnitTest name="FileContentRenamer.Tests.Services.DirectoryOrganizerTests.GetMonthName_WithValidMonth_ShouldReturnSpanishName(monthNumber: 10, expected: &quot;octubre&quot;)" storage="/users/santibraida/workspace/comprobantes/filecontentrenamer.tests/bin/debug/net9.0/filecontentrenamer.tests.dll" id="b9d72b25-82ca-6ec3-5870-6ffcc88918e2">
      <Execution id="446e94a6-8a95-4ad0-b54c-8901c2b8cf4c" />
      <TestMethod codeBase="/Users/santibraida/Workspace/comprobantes/FileContentRenamer.Tests/bin/Debug/net9.0/FileContentRenamer.Tests.dll" adapterTypeName="executor://xunit/VsTestRunner3/netcore/" className="FileContentRenamer.Tests.Services.DirectoryOrganizerTests" name="GetMonthName_WithValidMonth_ShouldReturnSpanishName" />
    </UnitTest>
    <UnitTest name="FileContentRenamer.Tests.Services.DateExtractorTests.ExtractDateFromContent_WithVariousGenericDates_ShouldReturnCorrectDates(content: &quot;01/01/2025&quot;, expected: &quot;2025-01-01&quot;)" storage="/users/santibraida/workspace/comprobantes/filecontentrenamer.tests/bin/debug/net9.0/filecontentrenamer.tests.dll" id="a0ca8000-3ed1-5654-296c-23ca811068ca">
      <Execution id="ffe4cf7b-d480-41d9-b760-c9f14f74ca49" />
      <TestMethod codeBase="/Users/santibraida/Workspace/comprobantes/FileContentRenamer.Tests/bin/Debug/net9.0/FileContentRenamer.Tests.dll" adapterTypeName="executor://xunit/VsTestRunner3/netcore/" className="FileContentRenamer.Tests.Services.DateExtractorTests" name="ExtractDateFromContent_WithVariousGenericDates_ShouldReturnCorrectDates" />
    </UnitTest>
    <UnitTest name="FileContentRenamer.Tests.Services.DateExtractorTests.ExtractDateFromContent_WithVariousDueDateFormats_ShouldReturnCorrectDates(content: &quot;vencimiento 01/01/2025&quot;, expected: &quot;2025-01-01&quot;)" storage="/users/santibraida/workspace/comprobantes/filecontentrenamer.tests/bin/debug/net9.0/filecontentrenamer.tests.dll" id="18d4c37f-1583-f497-ec0c-ad5f807ccb48">
      <Execution id="b9a3bfff-2b8b-4191-85e0-f06898347a7f" />
      <TestMethod codeBase="/Users/santibraida/Workspace/comprobantes/FileContentRenamer.Tests/bin/Debug/net9.0/FileContentRenamer.Tests.dll" adapterTypeName="executor://xunit/VsTestRunner3/netcore/" className="FileContentRenamer.Tests.Services.DateExtractorTests" name="ExtractDateFromContent_WithVariousDueDateFormats_ShouldReturnCorrectDates" />
    </UnitTest>
    <UnitTest name="FileContentRenamer.Tests.Services.PdfProcessorTests.ExtractContentAsync_WithNonPdfFile_ShouldThrowException" storage="/users/santibraida/workspace/comprobantes/filecontentrenamer.tests/bin/debug/net9.0/filecontentrenamer.tests.dll" id="de5e6aa9-ab12-14ed-551c-79528da15404">
      <Execution id="e486b7be-edcc-4522-9838-496f119a98fd" />
      <TestMethod codeBase="/Users/santibraida/Workspace/comprobantes/FileContentRenamer.Tests/bin/Debug/net9.0/FileContentRenamer.Tests.dll" adapterTypeName="executor://xunit/VsTestRunner3/netcore/" className="FileContentRenamer.Tests.Services.PdfProcessorTests" name="ExtractContentAsync_WithNonPdfFile_ShouldThrowException" />
    </UnitTest>
    <UnitTest name="FileContentRenamer.Tests.Services.FileValidatorTests.ShouldProcessFile_WithValidFile_ShouldReturnTrue" storage="/users/santibraida/workspace/comprobantes/filecontentrenamer.tests/bin/debug/net9.0/filecontentrenamer.tests.dll" id="2256e44b-d5c1-25c7-1712-2e03764de95a">
      <Execution id="915f4c28-94dc-4538-b0c0-25e66aadd03e" />
      <TestMethod codeBase="/Users/santibraida/Workspace/comprobantes/FileContentRenamer.Tests/bin/Debug/net9.0/FileContentRenamer.Tests.dll" adapterTypeName="executor://xunit/VsTestRunner3/netcore/" className="FileContentRenamer.Tests.Services.FileValidatorTests" name="ShouldProcessFile_WithValidFile_ShouldReturnTrue" />
    </UnitTest>
    <UnitTest name="FileContentRenamer.Tests.Services.FilenameGeneratorTests.IsAlreadyNamedFilename_WithInvalidFormats_ShouldReturnFalse(filename: &quot;2024-03-15&quot;)" storage="/users/santibraida/workspace/comprobantes/filecontentrenamer.tests/bin/debug/net9.0/filecontentrenamer.tests.dll" id="5782f6c4-4818-df21-281e-6b620d8a99e2">
      <Execution id="75834cbb-02a6-4d3b-9425-5c7f241367d3" />
      <TestMethod codeBase="/Users/santibraida/Workspace/comprobantes/FileContentRenamer.Tests/bin/Debug/net9.0/FileContentRenamer.Tests.dll" adapterTypeName="executor://xunit/VsTestRunner3/netcore/" className="FileContentRenamer.Tests.Services.FilenameGeneratorTests" name="IsAlreadyNamedFilename_WithInvalidFormats_ShouldReturnFalse" />
    </UnitTest>
    <UnitTest name="FileContentRenamer.Tests.Services.FilenameGeneratorTests.GenerateFilename_WithDifferentExtension_ShouldPreserveExtension" storage="/users/santibraida/workspace/comprobantes/filecontentrenamer.tests/bin/debug/net9.0/filecontentrenamer.tests.dll" id="b72ed067-d3bd-e26d-3bed-f7f45c913059">
      <Execution id="9272216e-a7ce-40a8-9210-01f8fab63539" />
      <TestMethod codeBase="/Users/santibraida/Workspace/comprobantes/FileContentRenamer.Tests/bin/Debug/net9.0/FileContentRenamer.Tests.dll" adapterTypeName="executor://xunit/VsTestRunner3/netcore/" className="FileContentRenamer.Tests.Services.FilenameGeneratorTests" name="GenerateFilename_WithDifferentExtension_ShouldPreserveExtension" />
    </UnitTest>
    <UnitTest name="FileContentRenamer.Tests.Services.TextProcessorTests.CanProcess_WithTxtExtensionDifferentCasing_ShouldReturnTrue(filename: &quot;test.Txt&quot;)" storage="/users/santibraida/workspace/comprobantes/filecontentrenamer.tests/bin/debug/net9.0/filecontentrenamer.tests.dll" id="ae4c83e6-0f4d-65f8-22c1-23c6464f33a2">
      <Execution id="7767c369-35b4-4b63-9a58-7137bbe40368" />
      <TestMethod codeBase="/Users/santibraida/Workspace/comprobantes/FileContentRenamer.Tests/bin/Debug/net9.0/FileContentRenamer.Tests.dll" adapterTypeName="executor://xunit/VsTestRunner3/netcore/" className="FileContentRenamer.Tests.Services.TextProcessorTests" name="CanProcess_WithTxtExtensionDifferentCasing_ShouldReturnTrue" />
    </UnitTest>
    <UnitTest name="FileContentRenamer.Tests.Services.FileValidatorTests.ValidateConfiguration_WithEmptyFileExtensions_ShouldReturnFalse" storage="/users/santibraida/workspace/comprobantes/filecontentrenamer.tests/bin/debug/net9.0/filecontentrenamer.tests.dll" id="51c5dd4c-3587-911b-8de8-02b3003da056">
      <Execution id="e27f783e-292d-4c26-a300-1c2f948bcade" />
      <TestMethod codeBase="/Users/santibraida/Workspace/comprobantes/FileContentRenamer.Tests/bin/Debug/net9.0/FileContentRenamer.Tests.dll" adapterTypeName="executor://xunit/VsTestRunner3/netcore/" className="FileContentRenamer.Tests.Services.FileValidatorTests" name="ValidateConfiguration_WithEmptyFileExtensions_ShouldReturnFalse" />
    </UnitTest>
    <UnitTest name="FileContentRenamer.Tests.Services.FileValidatorTests.ShouldSkipAlreadyNamedFile_WithNotAlreadyNamedFile_ShouldReturnFalse" storage="/users/santibraida/workspace/comprobantes/filecontentrenamer.tests/bin/debug/net9.0/filecontentrenamer.tests.dll" id="0585f1ec-f642-09e1-866f-6d3653426f93">
      <Execution id="845fe0f8-71f4-49aa-9e32-508320a8e352" />
      <TestMethod codeBase="/Users/santibraida/Workspace/comprobantes/FileContentRenamer.Tests/bin/Debug/net9.0/FileContentRenamer.Tests.dll" adapterTypeName="executor://xunit/VsTestRunner3/netcore/" className="FileContentRenamer.Tests.Services.FileValidatorTests" name="ShouldSkipAlreadyNamedFile_WithNotAlreadyNamedFile_ShouldReturnFalse" />
    </UnitTest>
    <UnitTest name="FileContentRenamer.Tests.Services.PdfProcessorTests.CanProcess_WithPdfExtensionVariations_ShouldReturnTrue(filename: &quot;document.PDF&quot;)" storage="/users/santibraida/workspace/comprobantes/filecontentrenamer.tests/bin/debug/net9.0/filecontentrenamer.tests.dll" id="8642e301-1a01-c43f-5457-781e9082a823">
      <Execution id="e9b57282-717b-410c-9b33-1ab6aa7845af" />
      <TestMethod codeBase="/Users/santibraida/Workspace/comprobantes/FileContentRenamer.Tests/bin/Debug/net9.0/FileContentRenamer.Tests.dll" adapterTypeName="executor://xunit/VsTestRunner3/netcore/" className="FileContentRenamer.Tests.Services.PdfProcessorTests" name="CanProcess_WithPdfExtensionVariations_ShouldReturnTrue" />
    </UnitTest>
    <UnitTest name="FileContentRenamer.Tests.Services.DateExtractorTests.ExtractDateFromFilename_WithEmptyFilename_ShouldReturnEmptyString" storage="/users/santibraida/workspace/comprobantes/filecontentrenamer.tests/bin/debug/net9.0/filecontentrenamer.tests.dll" id="b0162767-b0d5-ac8c-e6c1-f87ef88a8da6">
      <Execution id="52ea4d11-c659-438f-b931-066ce9b99d54" />
      <TestMethod codeBase="/Users/santibraida/Workspace/comprobantes/FileContentRenamer.Tests/bin/Debug/net9.0/FileContentRenamer.Tests.dll" adapterTypeName="executor://xunit/VsTestRunner3/netcore/" className="FileContentRenamer.Tests.Services.DateExtractorTests" name="ExtractDateFromFilename_WithEmptyFilename_ShouldReturnEmptyString" />
    </UnitTest>
    <UnitTest name="FileContentRenamer.Tests.Models.AppConfigTests.SaveLastUsedPath_WithInvalidPath_ShouldNotThrow" storage="/users/santibraida/workspace/comprobantes/filecontentrenamer.tests/bin/debug/net9.0/filecontentrenamer.tests.dll" id="2baaf6a6-6812-8b99-5d21-fa95ac740bec">
      <Execution id="f19187de-aeb2-43ad-be6e-db27d20b578a" />
      <TestMethod codeBase="/Users/santibraida/Workspace/comprobantes/FileContentRenamer.Tests/bin/Debug/net9.0/FileContentRenamer.Tests.dll" adapterTypeName="executor://xunit/VsTestRunner3/netcore/" className="FileContentRenamer.Tests.Models.AppConfigTests" name="SaveLastUsedPath_WithInvalidPath_ShouldNotThrow" />
    </UnitTest>
    <UnitTest name="FileContentRenamer.Tests.Services.ImageProcessorTests.CanProcess_WithImageExtensionsDifferentCasing_ShouldReturnTrue(extension: &quot;.JPG&quot;)" storage="/users/santibraida/workspace/comprobantes/filecontentrenamer.tests/bin/debug/net9.0/filecontentrenamer.tests.dll" id="80bc6a5a-eb03-5068-fdbc-47b2721cfaa4">
      <Execution id="71401497-0d2d-4bb8-95c9-6b2755ba0393" />
      <TestMethod codeBase="/Users/santibraida/Workspace/comprobantes/FileContentRenamer.Tests/bin/Debug/net9.0/FileContentRenamer.Tests.dll" adapterTypeName="executor://xunit/VsTestRunner3/netcore/" className="FileContentRenamer.Tests.Services.ImageProcessorTests" name="CanProcess_WithImageExtensionsDifferentCasing_ShouldReturnTrue" />
    </UnitTest>
    <UnitTest name="FileContentRenamer.Tests.Services.DateExtractorTests.ExtractDateFromContent_WithVariousSpanishDates_ShouldReturnCorrectDates(content: &quot;31 de diciembre de 2023&quot;, expected: &quot;2023-12-31&quot;)" storage="/users/santibraida/workspace/comprobantes/filecontentrenamer.tests/bin/debug/net9.0/filecontentrenamer.tests.dll" id="5be72c0f-bb2d-feba-e528-7ed830f5c677">
      <Execution id="8710f224-bc6c-4312-b6eb-aaf18eba7b84" />
      <TestMethod codeBase="/Users/santibraida/Workspace/comprobantes/FileContentRenamer.Tests/bin/Debug/net9.0/FileContentRenamer.Tests.dll" adapterTypeName="executor://xunit/VsTestRunner3/netcore/" className="FileContentRenamer.Tests.Services.DateExtractorTests" name="ExtractDateFromContent_WithVariousSpanishDates_ShouldReturnCorrectDates" />
    </UnitTest>
    <UnitTest name="FileContentRenamer.Tests.Services.FileServiceTests.ProcessFilesAsync_WithEmptyContent_ShouldSkipFile" storage="/users/santibraida/workspace/comprobantes/filecontentrenamer.tests/bin/debug/net9.0/filecontentrenamer.tests.dll" id="924a2837-bdda-5ff7-8002-b76459c46087">
      <Execution id="c9c4423d-9a12-442f-b548-f2852d85a1e8" />
      <TestMethod codeBase="/Users/santibraida/Workspace/comprobantes/FileContentRenamer.Tests/bin/Debug/net9.0/FileContentRenamer.Tests.dll" adapterTypeName="executor://xunit/VsTestRunner3/netcore/" className="FileContentRenamer.Tests.Services.FileServiceTests" name="ProcessFilesAsync_WithEmptyContent_ShouldSkipFile" />
    </UnitTest>
    <UnitTest name="FileContentRenamer.Tests.Services.TextProcessorTests.ExtractContentAsync_WithValidTextFile_ShouldReturnContent" storage="/users/santibraida/workspace/comprobantes/filecontentrenamer.tests/bin/debug/net9.0/filecontentrenamer.tests.dll" id="929aa209-e3f7-852b-9884-da4d7850f9c4">
      <Execution id="ec5d7a7d-f9ab-47b8-9dfa-f30f83d06fb2" />
      <TestMethod codeBase="/Users/santibraida/Workspace/comprobantes/FileContentRenamer.Tests/bin/Debug/net9.0/FileContentRenamer.Tests.dll" adapterTypeName="executor://xunit/VsTestRunner3/netcore/" className="FileContentRenamer.Tests.Services.TextProcessorTests" name="ExtractContentAsync_WithValidTextFile_ShouldReturnContent" />
    </UnitTest>
    <UnitTest name="FileContentRenamer.Tests.Services.DateExtractorTests.ExtractDateFromFilename_WithValidFormat_ShouldReturnCorrectDate" storage="/users/santibraida/workspace/comprobantes/filecontentrenamer.tests/bin/debug/net9.0/filecontentrenamer.tests.dll" id="d4537562-1c96-4e07-3939-b2da6a34e9fc">
      <Execution id="90f1fadb-3798-4126-83d4-bee3c2ece859" />
      <TestMethod codeBase="/Users/santibraida/Workspace/comprobantes/FileContentRenamer.Tests/bin/Debug/net9.0/FileContentRenamer.Tests.dll" adapterTypeName="executor://xunit/VsTestRunner3/netcore/" className="FileContentRenamer.Tests.Services.DateExtractorTests" name="ExtractDateFromFilename_WithValidFormat_ShouldReturnCorrectDate" />
    </UnitTest>
    <UnitTest name="FileContentRenamer.Tests.Services.TextProcessorTests.ExtractContentAsync_WithLockedFile_ShouldReturnEmptyString" storage="/users/santibraida/workspace/comprobantes/filecontentrenamer.tests/bin/debug/net9.0/filecontentrenamer.tests.dll" id="26656131-c125-7680-eabe-b2347d65af76">
      <Execution id="75b245d8-1e67-4aa1-9e1d-7fbd00e8622d" />
      <TestMethod codeBase="/Users/santibraida/Workspace/comprobantes/FileContentRenamer.Tests/bin/Debug/net9.0/FileContentRenamer.Tests.dll" adapterTypeName="executor://xunit/VsTestRunner3/netcore/" className="FileContentRenamer.Tests.Services.TextProcessorTests" name="ExtractContentAsync_WithLockedFile_ShouldReturnEmptyString" />
    </UnitTest>
    <UnitTest name="FileContentRenamer.Tests.Services.PdfProcessorTests.ExtractContentAsync_WithNonExistentFile_ShouldReturnEmptyString" storage="/users/santibraida/workspace/comprobantes/filecontentrenamer.tests/bin/debug/net9.0/filecontentrenamer.tests.dll" id="aab50796-093f-3ad1-51eb-ff5551165480">
      <Execution id="9f48086a-5f15-4650-98cd-1b000a1936ec" />
      <TestMethod codeBase="/Users/santibraida/Workspace/comprobantes/FileContentRenamer.Tests/bin/Debug/net9.0/FileContentRenamer.Tests.dll" adapterTypeName="executor://xunit/VsTestRunner3/netcore/" className="FileContentRenamer.Tests.Services.PdfProcessorTests" name="ExtractContentAsync_WithNonExistentFile_ShouldReturnEmptyString" />
    </UnitTest>
    <UnitTest name="FileContentRenamer.Tests.Services.FileValidatorTests.ShouldProcessFile_WithDifferentCasing_ShouldBeCaseInsensitive(filename: &quot;test.Pdf&quot;)" storage="/users/santibraida/workspace/comprobantes/filecontentrenamer.tests/bin/debug/net9.0/filecontentrenamer.tests.dll" id="1fee9821-3919-b84e-fa07-8bc4fb6625e5">
      <Execution id="9b591be7-e2bb-4015-a29c-fb74bd69782d" />
      <TestMethod codeBase="/Users/santibraida/Workspace/comprobantes/FileContentRenamer.Tests/bin/Debug/net9.0/FileContentRenamer.Tests.dll" adapterTypeName="executor://xunit/VsTestRunner3/netcore/" className="FileContentRenamer.Tests.Services.FileValidatorTests" name="ShouldProcessFile_WithDifferentCasing_ShouldBeCaseInsensitive" />
    </UnitTest>
    <UnitTest name="FileContentRenamer.Tests.Models.NamingRulesTests.FindMatchingRule_WithNoMatchingRule_ShouldReturnNull" storage="/users/santibraida/workspace/comprobantes/filecontentrenamer.tests/bin/debug/net9.0/filecontentrenamer.tests.dll" id="2ce66dbc-f5ab-5500-4273-caffb3bf4e5f">
      <Execution id="cc58f6b1-fdbd-4a1e-b7e0-507a5f7fa952" />
      <TestMethod codeBase="/Users/santibraida/Workspace/comprobantes/FileContentRenamer.Tests/bin/Debug/net9.0/FileContentRenamer.Tests.dll" adapterTypeName="executor://xunit/VsTestRunner3/netcore/" className="FileContentRenamer.Tests.Models.NamingRulesTests" name="FindMatchingRule_WithNoMatchingRule_ShouldReturnNull" />
    </UnitTest>
    <UnitTest name="FileContentRenamer.Tests.Services.ImageProcessorTests.ExtractContentAsync_WithMissingTessdataPath_ShouldReturnEmpty" storage="/users/santibraida/workspace/comprobantes/filecontentrenamer.tests/bin/debug/net9.0/filecontentrenamer.tests.dll" id="6c872214-13da-be98-a0a3-0db5c2d92720">
      <Execution id="d908caa4-4cbf-4420-9a72-12dfa66445d8" />
      <TestMethod codeBase="/Users/santibraida/Workspace/comprobantes/FileContentRenamer.Tests/bin/Debug/net9.0/FileContentRenamer.Tests.dll" adapterTypeName="executor://xunit/VsTestRunner3/netcore/" className="FileContentRenamer.Tests.Services.ImageProcessorTests" name="ExtractContentAsync_WithMissingTessdataPath_ShouldReturnEmpty" />
    </UnitTest>
    <UnitTest name="FileContentRenamer.Tests.Services.FilenameGeneratorTests.IsAlreadyNamedFilename_WithValidFormats_ShouldReturnTrue(filename: &quot;company_2025-01-01_bank&quot;)" storage="/users/santibraida/workspace/comprobantes/filecontentrenamer.tests/bin/debug/net9.0/filecontentrenamer.tests.dll" id="95464817-3328-92d5-e9f2-a7a51a663358">
      <Execution id="86625e68-586c-4733-b532-666985a867a2" />
      <TestMethod codeBase="/Users/santibraida/Workspace/comprobantes/FileContentRenamer.Tests/bin/Debug/net9.0/FileContentRenamer.Tests.dll" adapterTypeName="executor://xunit/VsTestRunner3/netcore/" className="FileContentRenamer.Tests.Services.FilenameGeneratorTests" name="IsAlreadyNamedFilename_WithValidFormats_ShouldReturnTrue" />
    </UnitTest>
    <UnitTest name="FileContentRenamer.Tests.Services.ImageProcessorTests.CanProcess_WithVariousCases_ShouldReturnCorrectResult(extension: &quot;.Png&quot;)" storage="/users/santibraida/workspace/comprobantes/filecontentrenamer.tests/bin/debug/net9.0/filecontentrenamer.tests.dll" id="74ad0e4c-d0dd-e8ed-f2c1-43d4f1994c9f">
      <Execution id="4b8a97e1-2cc3-49eb-bb5d-d8e3ad28fa72" />
      <TestMethod codeBase="/Users/santibraida/Workspace/comprobantes/FileContentRenamer.Tests/bin/Debug/net9.0/FileContentRenamer.Tests.dll" adapterTypeName="executor://xunit/VsTestRunner3/netcore/" className="FileContentRenamer.Tests.Services.ImageProcessorTests" name="CanProcess_WithVariousCases_ShouldReturnCorrectResult" />
    </UnitTest>
    <UnitTest name="FileContentRenamer.Tests.Services.DirectoryOrganizerTests.GetMonthName_WithValidMonth_ShouldReturnSpanishName(monthNumber: 6, expected: &quot;junio&quot;)" storage="/users/santibraida/workspace/comprobantes/filecontentrenamer.tests/bin/debug/net9.0/filecontentrenamer.tests.dll" id="8a90efb2-6fff-e39e-99bc-4c5b85d7b70e">
      <Execution id="7eb4fc5e-6b4a-4855-ba2d-4c8507589960" />
      <TestMethod codeBase="/Users/santibraida/Workspace/comprobantes/FileContentRenamer.Tests/bin/Debug/net9.0/FileContentRenamer.Tests.dll" adapterTypeName="executor://xunit/VsTestRunner3/netcore/" className="FileContentRenamer.Tests.Services.DirectoryOrganizerTests" name="GetMonthName_WithValidMonth_ShouldReturnSpanishName" />
    </UnitTest>
    <UnitTest name="FileContentRenamer.Tests.Services.TextProcessorTests.ExtractContentAsync_WithLargeFile_ShouldReturnFirst1000Characters" storage="/users/santibraida/workspace/comprobantes/filecontentrenamer.tests/bin/debug/net9.0/filecontentrenamer.tests.dll" id="15d0df81-8794-5fa5-b2c8-6331ce7be91e">
      <Execution id="caccea50-86cf-437c-824c-09ce227223a0" />
      <TestMethod codeBase="/Users/santibraida/Workspace/comprobantes/FileContentRenamer.Tests/bin/Debug/net9.0/FileContentRenamer.Tests.dll" adapterTypeName="executor://xunit/VsTestRunner3/netcore/" className="FileContentRenamer.Tests.Services.TextProcessorTests" name="ExtractContentAsync_WithLargeFile_ShouldReturnFirst1000Characters" />
    </UnitTest>
    <UnitTest name="FileContentRenamer.Tests.Services.FilenameGeneratorTests.IsAlreadyNamedFilename_WithValidFormats_ShouldReturnTrue(filename: &quot;test_2023-12-31_card&quot;)" storage="/users/santibraida/workspace/comprobantes/filecontentrenamer.tests/bin/debug/net9.0/filecontentrenamer.tests.dll" id="2c747d1f-f1c9-2115-b65f-2b6f4087b146">
      <Execution id="ab92d37b-17a3-4b0b-acdf-cbfe2bafe544" />
      <TestMethod codeBase="/Users/santibraida/Workspace/comprobantes/FileContentRenamer.Tests/bin/Debug/net9.0/FileContentRenamer.Tests.dll" adapterTypeName="executor://xunit/VsTestRunner3/netcore/" className="FileContentRenamer.Tests.Services.FilenameGeneratorTests" name="IsAlreadyNamedFilename_WithValidFormats_ShouldReturnTrue" />
    </UnitTest>
    <UnitTest name="FileContentRenamer.Tests.Services.DirectoryOrganizerTests.IsInYearMonthStructure_WithInvalidStructure_ShouldReturnFalse(folderName: &quot;2024_not_year&quot;)" storage="/users/santibraida/workspace/comprobantes/filecontentrenamer.tests/bin/debug/net9.0/filecontentrenamer.tests.dll" id="a86e36e4-e94e-5f42-8494-d796a058bcf2">
      <Execution id="5835eccc-2fbf-4e99-89cc-19ca77d74ecd" />
      <TestMethod codeBase="/Users/santibraida/Workspace/comprobantes/FileContentRenamer.Tests/bin/Debug/net9.0/FileContentRenamer.Tests.dll" adapterTypeName="executor://xunit/VsTestRunner3/netcore/" className="FileContentRenamer.Tests.Services.DirectoryOrganizerTests" name="IsInYearMonthStructure_WithInvalidStructure_ShouldReturnFalse" />
    </UnitTest>
    <UnitTest name="FileContentRenamer.Tests.Services.DirectoryOrganizerTests.GetMonthName_WithValidMonth_ShouldReturnSpanishName(monthNumber: 3, expected: &quot;marzo&quot;)" storage="/users/santibraida/workspace/comprobantes/filecontentrenamer.tests/bin/debug/net9.0/filecontentrenamer.tests.dll" id="b88cda59-316a-d792-4d81-e490d0212c2d">
      <Execution id="c749d861-d263-4c8d-9f02-04e588c92de8" />
      <TestMethod codeBase="/Users/santibraida/Workspace/comprobantes/FileContentRenamer.Tests/bin/Debug/net9.0/FileContentRenamer.Tests.dll" adapterTypeName="executor://xunit/VsTestRunner3/netcore/" className="FileContentRenamer.Tests.Services.DirectoryOrganizerTests" name="GetMonthName_WithValidMonth_ShouldReturnSpanishName" />
    </UnitTest>
    <UnitTest name="FileContentRenamer.Tests.Services.ImageProcessorTests.CanProcess_WithImageExtensionsDifferentCasing_ShouldReturnTrue(extension: &quot;.TIF&quot;)" storage="/users/santibraida/workspace/comprobantes/filecontentrenamer.tests/bin/debug/net9.0/filecontentrenamer.tests.dll" id="2a25c3ee-59d0-2484-ec0d-75637450d1ba">
      <Execution id="8ec7a65d-37d6-49c5-a233-ded64e765467" />
      <TestMethod codeBase="/Users/santibraida/Workspace/comprobantes/FileContentRenamer.Tests/bin/Debug/net9.0/FileContentRenamer.Tests.dll" adapterTypeName="executor://xunit/VsTestRunner3/netcore/" className="FileContentRenamer.Tests.Services.ImageProcessorTests" name="CanProcess_WithImageExtensionsDifferentCasing_ShouldReturnTrue" />
    </UnitTest>
    <UnitTest name="FileContentRenamer.Tests.Services.PdfProcessorTests.CanProcess_WithPdfExtensionDifferentCasing_ShouldReturnTrue(filename: &quot;test.pDf&quot;)" storage="/users/santibraida/workspace/comprobantes/filecontentrenamer.tests/bin/debug/net9.0/filecontentrenamer.tests.dll" id="30667a3d-da81-f223-5d62-6b3c054e0a23">
      <Execution id="57314908-b128-4265-aec3-bcd49ee3c1af" />
      <TestMethod codeBase="/Users/santibraida/Workspace/comprobantes/FileContentRenamer.Tests/bin/Debug/net9.0/FileContentRenamer.Tests.dll" adapterTypeName="executor://xunit/VsTestRunner3/netcore/" className="FileContentRenamer.Tests.Services.PdfProcessorTests" name="CanProcess_WithPdfExtensionDifferentCasing_ShouldReturnTrue" />
    </UnitTest>
    <UnitTest name="FileContentRenamer.Tests.Services.DateExtractorTests.ExtractDateFromContent_WithEmptyContent_ShouldReturnEmptyString" storage="/users/santibraida/workspace/comprobantes/filecontentrenamer.tests/bin/debug/net9.0/filecontentrenamer.tests.dll" id="ba6808c0-f426-8a5b-0695-d6b57a217c84">
      <Execution id="a66e5595-1563-4455-a3f6-50b87992867e" />
      <TestMethod codeBase="/Users/santibraida/Workspace/comprobantes/FileContentRenamer.Tests/bin/Debug/net9.0/FileContentRenamer.Tests.dll" adapterTypeName="executor://xunit/VsTestRunner3/netcore/" className="FileContentRenamer.Tests.Services.DateExtractorTests" name="ExtractDateFromContent_WithEmptyContent_ShouldReturnEmptyString" />
    </UnitTest>
    <UnitTest name="FileContentRenamer.Tests.Services.ImageProcessorTests.CanProcess_WithImageExtensions_ShouldReturnTrue(extension: &quot;.tiff&quot;)" storage="/users/santibraida/workspace/comprobantes/filecontentrenamer.tests/bin/debug/net9.0/filecontentrenamer.tests.dll" id="d928fd2c-924f-38de-6b58-5c8ead779399">
      <Execution id="1d962409-786e-43ca-b1ea-9742e996df49" />
      <TestMethod codeBase="/Users/santibraida/Workspace/comprobantes/FileContentRenamer.Tests/bin/Debug/net9.0/FileContentRenamer.Tests.dll" adapterTypeName="executor://xunit/VsTestRunner3/netcore/" className="FileContentRenamer.Tests.Services.ImageProcessorTests" name="CanProcess_WithImageExtensions_ShouldReturnTrue" />
    </UnitTest>
    <UnitTest name="FileContentRenamer.Tests.Services.DateExtractorTests.ExtractDateFromContent_WithInvalidSpanishMonth_ShouldFallbackToOtherFormats" storage="/users/santibraida/workspace/comprobantes/filecontentrenamer.tests/bin/debug/net9.0/filecontentrenamer.tests.dll" id="999b4cf4-0fb5-ec67-530a-d59638da1c9d">
      <Execution id="fc54a4f3-67fb-4bc4-b316-e9eccb3a4e31" />
      <TestMethod codeBase="/Users/santibraida/Workspace/comprobantes/FileContentRenamer.Tests/bin/Debug/net9.0/FileContentRenamer.Tests.dll" adapterTypeName="executor://xunit/VsTestRunner3/netcore/" className="FileContentRenamer.Tests.Services.DateExtractorTests" name="ExtractDateFromContent_WithInvalidSpanishMonth_ShouldFallbackToOtherFormats" />
    </UnitTest>
    <UnitTest name="FileContentRenamer.Tests.Services.DirectoryOrganizerTests.OrganizeFileIntoDirectoryStructure_WithDifferentYears_ShouldCreateNewYearStructure" storage="/users/santibraida/workspace/comprobantes/filecontentrenamer.tests/bin/debug/net9.0/filecontentrenamer.tests.dll" id="9a26edef-7dd2-4e60-c205-9ce214074484">
      <Execution id="20342c99-3368-442e-8f51-5bbcba4370f9" />
      <TestMethod codeBase="/Users/santibraida/Workspace/comprobantes/FileContentRenamer.Tests/bin/Debug/net9.0/FileContentRenamer.Tests.dll" adapterTypeName="executor://xunit/VsTestRunner3/netcore/" className="FileContentRenamer.Tests.Services.DirectoryOrganizerTests" name="OrganizeFileIntoDirectoryStructure_WithDifferentYears_ShouldCreateNewYearStructure" />
    </UnitTest>
    <UnitTest name="FileContentRenamer.Tests.Services.TextProcessorTests.CanProcess_WithTxtExtension_ShouldReturnTrue" storage="/users/santibraida/workspace/comprobantes/filecontentrenamer.tests/bin/debug/net9.0/filecontentrenamer.tests.dll" id="10d7715a-d53b-4b8e-fcec-78d41ef67dac">
      <Execution id="60d7b987-7811-41e0-be13-9fe1bc299a14" />
      <TestMethod codeBase="/Users/santibraida/Workspace/comprobantes/FileContentRenamer.Tests/bin/Debug/net9.0/FileContentRenamer.Tests.dll" adapterTypeName="executor://xunit/VsTestRunner3/netcore/" className="FileContentRenamer.Tests.Services.TextProcessorTests" name="CanProcess_WithTxtExtension_ShouldReturnTrue" />
    </UnitTest>
    <UnitTest name="FileContentRenamer.Tests.Services.DateExtractorTests.ExtractDateFromContent_WithEmissionDateFormat_ShouldReturnCorrectDate" storage="/users/santibraida/workspace/comprobantes/filecontentrenamer.tests/bin/debug/net9.0/filecontentrenamer.tests.dll" id="9bedcbf1-e681-ce6a-b113-25e2deb4a524">
      <Execution id="dca727cd-f8d7-4cb4-8a1b-d3bfbf1a3afe" />
      <TestMethod codeBase="/Users/santibraida/Workspace/comprobantes/FileContentRenamer.Tests/bin/Debug/net9.0/FileContentRenamer.Tests.dll" adapterTypeName="executor://xunit/VsTestRunner3/netcore/" className="FileContentRenamer.Tests.Services.DateExtractorTests" name="ExtractDateFromContent_WithEmissionDateFormat_ShouldReturnCorrectDate" />
    </UnitTest>
    <UnitTest name="FileContentRenamer.Tests.Models.NamingRuleTests.Matches_WithMissingKeywords_ShouldReturnFalse" storage="/users/santibraida/workspace/comprobantes/filecontentrenamer.tests/bin/debug/net9.0/filecontentrenamer.tests.dll" id="673ac6d3-d960-9ab3-69aa-92efadf19225">
      <Execution id="f499d43b-b705-4397-9ac6-085802561470" />
      <TestMethod codeBase="/Users/santibraida/Workspace/comprobantes/FileContentRenamer.Tests/bin/Debug/net9.0/FileContentRenamer.Tests.dll" adapterTypeName="executor://xunit/VsTestRunner3/netcore/" className="FileContentRenamer.Tests.Models.NamingRuleTests" name="Matches_WithMissingKeywords_ShouldReturnFalse" />
    </UnitTest>
    <UnitTest name="FileContentRenamer.Tests.Services.DirectoryOrganizerTests.GetMonthName_WithValidMonth_ShouldReturnSpanishName(monthNumber: 2, expected: &quot;febrero&quot;)" storage="/users/santibraida/workspace/comprobantes/filecontentrenamer.tests/bin/debug/net9.0/filecontentrenamer.tests.dll" id="ee980d6a-c8f2-fb3c-69f5-92dd6531facb">
      <Execution id="6e18ba13-43c0-4e1c-800e-53d73ebab1d5" />
      <TestMethod codeBase="/Users/santibraida/Workspace/comprobantes/FileContentRenamer.Tests/bin/Debug/net9.0/FileContentRenamer.Tests.dll" adapterTypeName="executor://xunit/VsTestRunner3/netcore/" className="FileContentRenamer.Tests.Services.DirectoryOrganizerTests" name="GetMonthName_WithValidMonth_ShouldReturnSpanishName" />
    </UnitTest>
  </TestDefinitions>
  <TestEntries>
    <TestEntry testId="8f9706bb-c4e8-83d9-78e0-248eda84983c" executionId="4f96d595-4942-4749-b8f9-2df6bb34b144" testListId="8c84fa94-04c1-424b-9868-57a2d4851a1d" />
    <TestEntry testId="5c3e394b-5635-340f-a8f3-3c152e9b2b47" executionId="081e8dfc-18c5-4aa1-926a-434d89c48a76" testListId="8c84fa94-04c1-424b-9868-57a2d4851a1d" />
    <TestEntry testId="a4d26202-1548-77e4-c6ee-466955cdb771" executionId="90cf7d00-277e-4149-b9a4-4742e316ea3d" testListId="8c84fa94-04c1-424b-9868-57a2d4851a1d" />
    <TestEntry testId="d60b51ff-35d6-643f-09d4-bd5f7bbab23c" executionId="c39c84d8-b25c-4e14-b197-f0d76f9de775" testListId="8c84fa94-04c1-424b-9868-57a2d4851a1d" />
    <TestEntry testId="8c36f3a4-ca31-a9e9-241d-dbc70385ef49" executionId="6e07a467-1454-4d72-b619-583fdce64aad" testListId="8c84fa94-04c1-424b-9868-57a2d4851a1d" />
    <TestEntry testId="2df2278f-2596-2f16-dbea-2fed2d64436a" executionId="add15c55-46dc-489e-be28-b759b97b6e23" testListId="8c84fa94-04c1-424b-9868-57a2d4851a1d" />
    <TestEntry testId="4bf9f205-774f-fb42-8d24-b7d8013c94d1" executionId="5889e5ab-5bb3-4523-b402-85aef2860d30" testListId="8c84fa94-04c1-424b-9868-57a2d4851a1d" />
    <TestEntry testId="eda4a5c5-8fa3-8699-5242-449863672e55" executionId="adec08f4-bb67-42b5-904b-3b362fb2ddbc" testListId="8c84fa94-04c1-424b-9868-57a2d4851a1d" />
    <TestEntry testId="2ce66dbc-f5ab-5500-4273-caffb3bf4e5f" executionId="cc58f6b1-fdbd-4a1e-b7e0-507a5f7fa952" testListId="8c84fa94-04c1-424b-9868-57a2d4851a1d" />
    <TestEntry testId="b0162767-b0d5-ac8c-e6c1-f87ef88a8da6" executionId="52ea4d11-c659-438f-b931-066ce9b99d54" testListId="8c84fa94-04c1-424b-9868-57a2d4851a1d" />
    <TestEntry testId="e6f8099a-7c83-15b0-1a09-13322c0e5611" executionId="8d56f26a-edc0-41c0-9e94-aa827f6d7888" testListId="8c84fa94-04c1-424b-9868-57a2d4851a1d" />
    <TestEntry testId="c781d212-7be9-917b-2eb4-49e5e562dd6d" executionId="42c536db-9074-4f7b-b176-f8c02126a784" testListId="8c84fa94-04c1-424b-9868-57a2d4851a1d" />
    <TestEntry testId="9bedcbf1-e681-ce6a-b113-25e2deb4a524" executionId="dca727cd-f8d7-4cb4-8a1b-d3bfbf1a3afe" testListId="8c84fa94-04c1-424b-9868-57a2d4851a1d" />
    <TestEntry testId="b03481c9-a037-f1b2-2c67-0334afa09a62" executionId="46e1c8f8-f357-4ce8-aa95-95fe1e129c32" testListId="8c84fa94-04c1-424b-9868-57a2d4851a1d" />
    <TestEntry testId="676f3c6c-0dc6-c09d-c183-6e86f532e720" executionId="55fb4fc5-f7fe-45e9-abcf-0a440e248ae8" testListId="8c84fa94-04c1-424b-9868-57a2d4851a1d" />
    <TestEntry testId="a366a934-60e2-7009-7a6f-f68837f539c2" executionId="4f0dd7a6-3972-4136-866c-e5cbc64906d0" testListId="8c84fa94-04c1-424b-9868-57a2d4851a1d" />
    <TestEntry testId="5ae8a96a-c13f-5288-d649-6a496b108bc8" executionId="279451cd-beb1-4464-b704-2e46a648d315" testListId="8c84fa94-04c1-424b-9868-57a2d4851a1d" />
    <TestEntry testId="7511a43c-a4b1-13d6-6238-776526db53ad" executionId="b87b57fc-a7f7-474b-b266-ef575cfbd12c" testListId="8c84fa94-04c1-424b-9868-57a2d4851a1d" />
    <TestEntry testId="6d830e63-8fcb-8140-fe0b-9a127d46ab00" executionId="3a8b3428-3426-4c5b-be9b-cbbfb974d7de" testListId="8c84fa94-04c1-424b-9868-57a2d4851a1d" />
    <TestEntry testId="97a9732c-79a7-6428-f306-649df62803fe" executionId="239e3001-99b0-4d60-b5c5-c3d9e7e2e096" testListId="8c84fa94-04c1-424b-9868-57a2d4851a1d" />
    <TestEntry testId="d2b73dd7-fca3-9997-7025-63c5332128cb" executionId="32fd6edc-2862-43bd-bd53-3f774cb8edae" testListId="8c84fa94-04c1-424b-9868-57a2d4851a1d" />
    <TestEntry testId="154b1187-a8fe-288a-dff0-88f9c1f03683" executionId="9420e005-5269-4953-8e50-b31c1884449d" testListId="8c84fa94-04c1-424b-9868-57a2d4851a1d" />
    <TestEntry testId="77219b7a-0f6b-514e-c829-c9674c2f30c4" executionId="9c067070-8771-4171-8041-2a7bd7b6d0d5" testListId="8c84fa94-04c1-424b-9868-57a2d4851a1d" />
    <TestEntry testId="19ed11aa-a710-6873-89bb-77d5892f3032" executionId="23df0795-f006-4ff5-b871-8ab03055fd7b" testListId="8c84fa94-04c1-424b-9868-57a2d4851a1d" />
    <TestEntry testId="eff1fee9-aafb-67b9-c268-648d008d92e6" executionId="86a32f5d-bf03-410c-b397-f21caba6d4a5" testListId="8c84fa94-04c1-424b-9868-57a2d4851a1d" />
    <TestEntry testId="9ceef6d7-c6e7-377c-fe84-df2fd32fca20" executionId="4f1cdf4f-ca0f-40c3-850a-d90ba04395a7" testListId="8c84fa94-04c1-424b-9868-57a2d4851a1d" />
    <TestEntry testId="2fcf9509-91d2-8211-d6e4-a72c7870e72f" executionId="c7790a3d-234a-4a84-b686-a2a584a95e96" testListId="8c84fa94-04c1-424b-9868-57a2d4851a1d" />
    <TestEntry testId="824839a8-20c1-e236-c120-b27a5f944d83" executionId="928487ff-d937-4000-a483-4c13c790a73d" testListId="8c84fa94-04c1-424b-9868-57a2d4851a1d" />
    <TestEntry testId="ee802fc6-9af0-1284-c4b7-a8377911ec00" executionId="1130c138-075b-41d1-961d-23101ba871da" testListId="8c84fa94-04c1-424b-9868-57a2d4851a1d" />
    <TestEntry testId="0879aeff-9eea-f072-4fd3-f308a5ff4abd" executionId="edd463ee-f855-4329-ae85-7499d0b2de98" testListId="8c84fa94-04c1-424b-9868-57a2d4851a1d" />
    <TestEntry testId="019703dd-2e5c-665b-f543-025b13ca7b6d" executionId="c71ba455-4a79-4abd-b77d-50d2d708afdb" testListId="8c84fa94-04c1-424b-9868-57a2d4851a1d" />
    <TestEntry testId="1ae426c8-73f8-48b1-c4fd-f2736013951b" executionId="ef7bc9a6-28b6-4ae2-9653-d1623b4d783d" testListId="8c84fa94-04c1-424b-9868-57a2d4851a1d" />
    <TestEntry testId="079ffdd2-77ff-69de-b8c6-9423e86a8bc9" executionId="c9c0b920-28f4-4dd6-b662-2740db59f082" testListId="8c84fa94-04c1-424b-9868-57a2d4851a1d" />
    <TestEntry testId="72cdf8b5-0c4a-e649-1b33-3003eb144b1a" executionId="9123657b-ea16-4065-b93d-fdb73118c826" testListId="8c84fa94-04c1-424b-9868-57a2d4851a1d" />
    <TestEntry testId="673ac6d3-d960-9ab3-69aa-92efadf19225" executionId="f499d43b-b705-4397-9ac6-085802561470" testListId="8c84fa94-04c1-424b-9868-57a2d4851a1d" />
    <TestEntry testId="5350316f-15de-b350-a21b-48de21601546" executionId="bf9dd19f-3e33-45c3-97ab-29c75f5db5b2" testListId="8c84fa94-04c1-424b-9868-57a2d4851a1d" />
    <TestEntry testId="af647e92-1ce2-064d-3a84-3476cb46d127" executionId="6d58c3ea-0fe9-4360-8432-fce425a710ec" testListId="8c84fa94-04c1-424b-9868-57a2d4851a1d" />
    <TestEntry testId="3a8b252e-af29-2782-c8cf-4c2dc2637787" executionId="5bafdfe0-3bf1-4a1a-8b68-b72a45d1d2ea" testListId="8c84fa94-04c1-424b-9868-57a2d4851a1d" />
    <TestEntry testId="62f5d1dd-bd59-22f3-6b49-8433f76fa54e" executionId="ed474e53-6244-4c54-bba2-0cc5950df064" testListId="8c84fa94-04c1-424b-9868-57a2d4851a1d" />
    <TestEntry testId="e2ab17d6-1636-8e4d-ad78-a6d89568282f" executionId="4aa2cfc6-101a-4933-9e60-dcc9de4d2716" testListId="8c84fa94-04c1-424b-9868-57a2d4851a1d" />
    <TestEntry testId="3573ba78-e31a-2e6c-5278-821f59ce87a6" executionId="89e65e74-bd2a-44ae-abad-fc8240c13ffe" testListId="8c84fa94-04c1-424b-9868-57a2d4851a1d" />
    <TestEntry testId="d406e03e-ed03-b142-d7d1-88f454f977cb" executionId="940434bb-59a3-461c-abfe-35615522e7e6" testListId="8c84fa94-04c1-424b-9868-57a2d4851a1d" />
    <TestEntry testId="4cd48cba-1ee4-9efa-c790-541706c3159b" executionId="b5813953-a94e-4c50-b4c4-c44e807bb4c0" testListId="8c84fa94-04c1-424b-9868-57a2d4851a1d" />
    <TestEntry testId="0316afba-cad9-583a-5a60-4cda40610283" executionId="b73845c9-8359-4d0e-b350-1087b0091086" testListId="8c84fa94-04c1-424b-9868-57a2d4851a1d" />
    <TestEntry testId="b9d72b25-82ca-6ec3-5870-6ffcc88918e2" executionId="446e94a6-8a95-4ad0-b54c-8901c2b8cf4c" testListId="8c84fa94-04c1-424b-9868-57a2d4851a1d" />
    <TestEntry testId="ba6808c0-f426-8a5b-0695-d6b57a217c84" executionId="a66e5595-1563-4455-a3f6-50b87992867e" testListId="8c84fa94-04c1-424b-9868-57a2d4851a1d" />
    <TestEntry testId="80bc6a5a-eb03-5068-fdbc-47b2721cfaa4" executionId="71401497-0d2d-4bb8-95c9-6b2755ba0393" testListId="8c84fa94-04c1-424b-9868-57a2d4851a1d" />
    <TestEntry testId="44b78ff5-3e7b-b701-e798-52be3aafb6cb" executionId="c0604800-1a48-4738-a1c0-873bb3781eda" testListId="8c84fa94-04c1-424b-9868-57a2d4851a1d" />
    <TestEntry testId="5427cc3b-bb61-15d0-6750-2643c69cfab7" executionId="1e78fdfc-25a2-4398-89b5-540f03af2345" testListId="8c84fa94-04c1-424b-9868-57a2d4851a1d" />
    <TestEntry testId="a0ca8000-3ed1-5654-296c-23ca811068ca" executionId="ffe4cf7b-d480-41d9-b760-c9f14f74ca49" testListId="8c84fa94-04c1-424b-9868-57a2d4851a1d" />
    <TestEntry testId="de5e6aa9-ab12-14ed-551c-79528da15404" executionId="e486b7be-edcc-4522-9838-496f119a98fd" testListId="8c84fa94-04c1-424b-9868-57a2d4851a1d" />
    <TestEntry testId="5126ad9e-208d-14c5-d223-4d3af568be87" executionId="585bc36a-a965-4d3d-9f9d-3795ce5c1c5d" testListId="8c84fa94-04c1-424b-9868-57a2d4851a1d" />
    <TestEntry testId="871d08c9-a126-7256-6ea3-61a20f361a2f" executionId="49090dfd-3d85-4b0b-8660-f9d7506d7823" testListId="8c84fa94-04c1-424b-9868-57a2d4851a1d" />
    <TestEntry testId="5a50abd3-c508-1b87-194f-cbac6ded3d5c" executionId="7a0f4882-c172-495a-bb4c-b4ce2e8a5822" testListId="8c84fa94-04c1-424b-9868-57a2d4851a1d" />
    <TestEntry testId="30667a3d-da81-f223-5d62-6b3c054e0a23" executionId="57314908-b128-4265-aec3-bcd49ee3c1af" testListId="8c84fa94-04c1-424b-9868-57a2d4851a1d" />
    <TestEntry testId="4a85101f-96ab-da99-c27c-46820deea64a" executionId="5b21fbf8-fe68-4a78-8143-b5d56f86dafa" testListId="8c84fa94-04c1-424b-9868-57a2d4851a1d" />
    <TestEntry testId="f8b329c4-164a-78d1-46cd-26aea567ce35" executionId="97260489-a637-453f-8318-1e115542b991" testListId="8c84fa94-04c1-424b-9868-57a2d4851a1d" />
    <TestEntry testId="ff7c2091-3327-e767-4933-31644bd21f67" executionId="001528d7-bb3e-40e0-b99f-9046b45e46bd" testListId="8c84fa94-04c1-424b-9868-57a2d4851a1d" />
    <TestEntry testId="7135bf06-d0f7-d1fd-424d-aa321ae4fc62" executionId="1a8a45dc-2166-41c1-a559-bea0bdfd8f4d" testListId="8c84fa94-04c1-424b-9868-57a2d4851a1d" />
    <TestEntry testId="f3287b07-b05f-116b-412b-e12a39926f98" executionId="67a2991d-32d7-4db6-a5e2-81f27796ea8f" testListId="8c84fa94-04c1-424b-9868-57a2d4851a1d" />
    <TestEntry testId="1fee9821-3919-b84e-fa07-8bc4fb6625e5" executionId="9b591be7-e2bb-4015-a29c-fb74bd69782d" testListId="8c84fa94-04c1-424b-9868-57a2d4851a1d" />
    <TestEntry testId="1f6f6946-e988-6d1a-ad4a-0a9338273d33" executionId="04be973a-97c9-4b3f-b61f-41eedf4b935c" testListId="8c84fa94-04c1-424b-9868-57a2d4851a1d" />
    <TestEntry testId="74c0392b-8615-24d3-2fd0-e6af46d2098a" executionId="6e693bac-90c6-44ed-b485-13ae52f37557" testListId="8c84fa94-04c1-424b-9868-57a2d4851a1d" />
    <TestEntry testId="52b61247-c43f-6660-c9e8-5fe03f0a7cdc" executionId="4e3ee2c1-f8d9-4245-8ffa-8cbf9c2c5b58" testListId="8c84fa94-04c1-424b-9868-57a2d4851a1d" />
    <TestEntry testId="a8222741-473a-8061-b947-f4446415fedc" executionId="e3aeaa93-ca51-484a-8e43-b8afe72ff564" testListId="8c84fa94-04c1-424b-9868-57a2d4851a1d" />
    <TestEntry testId="5f70f144-9947-887e-d6e7-1aeb2f4f79bb" executionId="87dd4b29-600a-470c-a78f-77563917dd55" testListId="8c84fa94-04c1-424b-9868-57a2d4851a1d" />
    <TestEntry testId="9f3779e0-204e-fe43-610e-1a907c82fa52" executionId="b963928c-1ed4-447e-93a5-58e7d98f4ac5" testListId="8c84fa94-04c1-424b-9868-57a2d4851a1d" />
    <TestEntry testId="5d659f4c-0006-5095-6e01-261fba69eeb2" executionId="b916e97f-b09c-4f9e-8a4f-402ced3bd067" testListId="8c84fa94-04c1-424b-9868-57a2d4851a1d" />
    <TestEntry testId="50fa8f71-8d78-c5b2-6484-06fffd5546d4" executionId="fbefcc00-ba28-41b4-81b6-e77b2171bd63" testListId="8c84fa94-04c1-424b-9868-57a2d4851a1d" />
    <TestEntry testId="8bf8da02-6c6e-2191-c936-6121db66d388" executionId="ad94d400-6971-440c-9222-49370e66c4e9" testListId="8c84fa94-04c1-424b-9868-57a2d4851a1d" />
    <TestEntry testId="f7bbc740-e3de-3780-77bc-e74850eb0f4f" executionId="10e6fed6-6525-454c-a0d0-eab5ef9f2bfa" testListId="8c84fa94-04c1-424b-9868-57a2d4851a1d" />
    <TestEntry testId="1d19ec21-e870-5f10-f860-7ea25dd398b9" executionId="e4cd9ae1-9aa8-45e4-9cec-7ceef17530e5" testListId="8c84fa94-04c1-424b-9868-57a2d4851a1d" />
    <TestEntry testId="ddd37070-3a26-e09f-cfe8-adfb9adc29e7" executionId="d5efee8d-e225-410c-9c6e-d02462d3b096" testListId="8c84fa94-04c1-424b-9868-57a2d4851a1d" />
    <TestEntry testId="75b52445-788c-0c2d-ad1d-9437d196417b" executionId="4e91930f-d103-4eb7-aedd-f8df6fdde512" testListId="8c84fa94-04c1-424b-9868-57a2d4851a1d" />
    <TestEntry testId="67877ab3-cd79-0712-f2c5-84dba6ba53b5" executionId="edffca28-e3c0-454d-816a-2f34350be503" testListId="8c84fa94-04c1-424b-9868-57a2d4851a1d" />
    <TestEntry testId="1f3ff8e1-e91a-ea79-b96f-cb3e726fda8c" executionId="3bac95ed-855a-4fa2-9762-614163e86a22" testListId="8c84fa94-04c1-424b-9868-57a2d4851a1d" />
    <TestEntry testId="999b4cf4-0fb5-ec67-530a-d59638da1c9d" executionId="fc54a4f3-67fb-4bc4-b316-e9eccb3a4e31" testListId="8c84fa94-04c1-424b-9868-57a2d4851a1d" />
    <TestEntry testId="fde0012a-20a9-aebc-bee1-b5bf65a4ee27" executionId="7b002b67-9dda-493e-ae80-51b433e18ef6" testListId="8c84fa94-04c1-424b-9868-57a2d4851a1d" />
    <TestEntry testId="70962b03-3000-68e4-fd2c-d9ce13588e5d" executionId="8a91ec72-8cd5-45a6-9fa2-5d1ad6880e1b" testListId="8c84fa94-04c1-424b-9868-57a2d4851a1d" />
    <TestEntry testId="8a90efb2-6fff-e39e-99bc-4c5b85d7b70e" executionId="7eb4fc5e-6b4a-4855-ba2d-4c8507589960" testListId="8c84fa94-04c1-424b-9868-57a2d4851a1d" />
    <TestEntry testId="003f2eb1-16a9-1fca-9f6b-de2c702ff29c" executionId="fd69945b-cc41-48ff-b500-9c05b9f34be8" testListId="8c84fa94-04c1-424b-9868-57a2d4851a1d" />
    <TestEntry testId="a3da5712-1fc6-1483-5013-eb15e94741bb" executionId="72d30cfd-84c4-4267-9dc1-bf31427da9e4" testListId="8c84fa94-04c1-424b-9868-57a2d4851a1d" />
    <TestEntry testId="e47068f5-ce83-2091-31a6-2a3fb625188b" executionId="4e544a0c-d11e-4d20-a578-ab63eaa87f91" testListId="8c84fa94-04c1-424b-9868-57a2d4851a1d" />
    <TestEntry testId="3a993a67-299c-3f87-5430-509e79a52fc2" executionId="5b3b15c0-9e70-438e-9c73-0b5e3a338755" testListId="8c84fa94-04c1-424b-9868-57a2d4851a1d" />
    <TestEntry testId="ae46ec5c-7f7f-c8d8-b22b-c6a93692a055" executionId="9bf72c22-193a-4b46-b575-78303fde6c99" testListId="8c84fa94-04c1-424b-9868-57a2d4851a1d" />
    <TestEntry testId="3ef96430-2ab3-5a48-be56-e156f8c42b82" executionId="1b6439b3-3142-4e32-ba24-9a977e74aad6" testListId="8c84fa94-04c1-424b-9868-57a2d4851a1d" />
    <TestEntry testId="8b0489e4-2aca-7279-af69-b44674c9e8bb" executionId="c1528433-b0c3-4003-be18-c1a180e8344c" testListId="8c84fa94-04c1-424b-9868-57a2d4851a1d" />
    <TestEntry testId="63753db1-a700-4ddb-bad0-85dcc6fc1038" executionId="173e758a-c2b5-4ff4-9f58-c46335a48d9f" testListId="8c84fa94-04c1-424b-9868-57a2d4851a1d" />
    <TestEntry testId="ebc6b45b-0fe4-e4c2-6b7e-a061ba64a1b2" executionId="1ee27757-cd47-4836-b173-5e571075c93a" testListId="8c84fa94-04c1-424b-9868-57a2d4851a1d" />
    <TestEntry testId="6d87e1fd-55be-eef4-fa85-511734dc705c" executionId="12705786-2ec7-44e0-b4b0-90a311fa3fd4" testListId="8c84fa94-04c1-424b-9868-57a2d4851a1d" />
    <TestEntry testId="5be72c0f-bb2d-feba-e528-7ed830f5c677" executionId="8710f224-bc6c-4312-b6eb-aaf18eba7b84" testListId="8c84fa94-04c1-424b-9868-57a2d4851a1d" />
    <TestEntry testId="9a26edef-7dd2-4e60-c205-9ce214074484" executionId="20342c99-3368-442e-8f51-5bbcba4370f9" testListId="8c84fa94-04c1-424b-9868-57a2d4851a1d" />
    <TestEntry testId="fa21426d-34f2-265b-fd21-637426cd5f3c" executionId="299a6537-4ae3-4b6b-81a5-da6597dc88cb" testListId="8c84fa94-04c1-424b-9868-57a2d4851a1d" />
    <TestEntry testId="f0195bc9-b668-8b5d-b703-9a52aa1e98e6" executionId="0df10aba-a165-4b80-abe6-c8b764014d83" testListId="8c84fa94-04c1-424b-9868-57a2d4851a1d" />
    <TestEntry testId="2256e44b-d5c1-25c7-1712-2e03764de95a" executionId="915f4c28-94dc-4538-b0c0-25e66aadd03e" testListId="8c84fa94-04c1-424b-9868-57a2d4851a1d" />
    <TestEntry testId="d138724c-8941-27f5-b1cb-688759806790" executionId="40d7acda-8419-410f-925b-2965f31df364" testListId="8c84fa94-04c1-424b-9868-57a2d4851a1d" />
    <TestEntry testId="51c5dd4c-3587-911b-8de8-02b3003da056" executionId="e27f783e-292d-4c26-a300-1c2f948bcade" testListId="8c84fa94-04c1-424b-9868-57a2d4851a1d" />
    <TestEntry testId="30177b80-4255-9855-fa20-76724e89c280" executionId="5b052a0f-8806-4691-aaed-621e9e140774" testListId="8c84fa94-04c1-424b-9868-57a2d4851a1d" />
    <TestEntry testId="6547cbe5-cb2c-b29f-9137-0cf0b96d8b18" executionId="09f87ce2-7694-4840-aa06-07242d65836a" testListId="8c84fa94-04c1-424b-9868-57a2d4851a1d" />
    <TestEntry testId="b72ed067-d3bd-e26d-3bed-f7f45c913059" executionId="9272216e-a7ce-40a8-9210-01f8fab63539" testListId="8c84fa94-04c1-424b-9868-57a2d4851a1d" />
    <TestEntry testId="8031668c-d19b-b8db-0235-3b555a1ef3fc" executionId="26912ac2-4280-4b6e-9126-8e257d07a955" testListId="8c84fa94-04c1-424b-9868-57a2d4851a1d" />
    <TestEntry testId="08a52aeb-79ca-913a-5dc9-ebd6568dcfe7" executionId="bbcf6ecf-ca57-43db-9b63-18ed6e9d998b" testListId="8c84fa94-04c1-424b-9868-57a2d4851a1d" />
    <TestEntry testId="85677dc2-59d0-24ec-6909-57399a83a6f9" executionId="8f50c024-f579-41c8-ac1b-aede51dcab8c" testListId="8c84fa94-04c1-424b-9868-57a2d4851a1d" />
    <TestEntry testId="34f0a146-8932-4124-920d-b39c3eb45d5b" executionId="fbeec95f-2543-499b-a2e6-edb56b30e0c0" testListId="8c84fa94-04c1-424b-9868-57a2d4851a1d" />
    <TestEntry testId="cf2ff463-604f-4bdf-13f9-b9c49d510424" executionId="94177650-ca7c-49f4-bf9a-283b3d244ad7" testListId="8c84fa94-04c1-424b-9868-57a2d4851a1d" />
    <TestEntry testId="3ecade73-7761-1f4e-e941-925f13343fbf" executionId="880a8615-e73a-4972-b664-1e765fa2305f" testListId="8c84fa94-04c1-424b-9868-57a2d4851a1d" />
    <TestEntry testId="2a25c3ee-59d0-2484-ec0d-75637450d1ba" executionId="8ec7a65d-37d6-49c5-a233-ded64e765467" testListId="8c84fa94-04c1-424b-9868-57a2d4851a1d" />
    <TestEntry testId="04613884-8eea-2162-7b68-af1197b3a19b" executionId="ff50aff9-a513-4a10-8f26-8f442075297b" testListId="8c84fa94-04c1-424b-9868-57a2d4851a1d" />
    <TestEntry testId="52175725-e6d4-0cad-c3ec-c7f17827962e" executionId="f0ae948e-3f7b-4d3d-a4fa-388f1a662d7a" testListId="8c84fa94-04c1-424b-9868-57a2d4851a1d" />
    <TestEntry testId="8b50f6a7-4d32-7ee6-c298-95c6826dd2dd" executionId="749c4bac-84a4-4ad3-b1f2-33db06b934a9" testListId="8c84fa94-04c1-424b-9868-57a2d4851a1d" />
    <TestEntry testId="57d1cda9-e9e5-f000-1823-6cc75a3cb199" executionId="c60ffcfa-bec5-4fe9-907a-0313ea9314e6" testListId="8c84fa94-04c1-424b-9868-57a2d4851a1d" />
    <TestEntry testId="2baaf6a6-6812-8b99-5d21-fa95ac740bec" executionId="f19187de-aeb2-43ad-be6e-db27d20b578a" testListId="8c84fa94-04c1-424b-9868-57a2d4851a1d" />
    <TestEntry testId="013af074-e0c5-bb27-30f4-779070d7fe10" executionId="836b0bda-ad93-49e8-b776-eb146b84f73e" testListId="8c84fa94-04c1-424b-9868-57a2d4851a1d" />
    <TestEntry testId="0877987f-a018-03de-71dc-2e8ff937b395" executionId="0a8c7577-6234-451c-a662-8cbfd86b2ac5" testListId="8c84fa94-04c1-424b-9868-57a2d4851a1d" />
    <TestEntry testId="f7704aaa-e660-9ea3-e9fc-e4f0ba02380e" executionId="68b5de06-3dc7-4745-8974-234a0f6a127c" testListId="8c84fa94-04c1-424b-9868-57a2d4851a1d" />
    <TestEntry testId="6d7beee1-1275-7fbd-2196-741c8c2b81ed" executionId="0ae61a26-13d6-433d-8ab9-67945da8fd6b" testListId="8c84fa94-04c1-424b-9868-57a2d4851a1d" />
    <TestEntry testId="730c03ae-3d59-370f-6166-c801ea6b544e" executionId="2c18d155-37a7-4def-ad0d-a4da43ea8fed" testListId="8c84fa94-04c1-424b-9868-57a2d4851a1d" />
    <TestEntry testId="19f9e186-a4aa-4850-0176-aa961f311415" executionId="cbb80f8c-178c-445c-9498-22b1dc736f73" testListId="8c84fa94-04c1-424b-9868-57a2d4851a1d" />
    <TestEntry testId="0fcf9b9b-b820-ecc4-eb7d-d476c5dd956f" executionId="49ce451b-d1ee-4943-80bd-a1f2c59b2257" testListId="8c84fa94-04c1-424b-9868-57a2d4851a1d" />
    <TestEntry testId="aab50796-093f-3ad1-51eb-ff5551165480" executionId="9f48086a-5f15-4650-98cd-1b000a1936ec" testListId="8c84fa94-04c1-424b-9868-57a2d4851a1d" />
    <TestEntry testId="6f2af002-27a0-bce9-8dd8-c05215b58bbb" executionId="4c68b182-7d4c-4792-b112-1efa1ceb5549" testListId="8c84fa94-04c1-424b-9868-57a2d4851a1d" />
    <TestEntry testId="aa7a6137-3efe-902b-7df5-672c2c4d55d3" executionId="22c2c3e3-80fa-423e-90fe-242db990e5d6" testListId="8c84fa94-04c1-424b-9868-57a2d4851a1d" />
    <TestEntry testId="795f8691-da02-dc90-c006-df2b05e484b8" executionId="62df0a07-6e4d-43d9-9c0f-78bf612aa0b6" testListId="8c84fa94-04c1-424b-9868-57a2d4851a1d" />
    <TestEntry testId="f23379d7-78c4-9613-54fe-537fd665f06d" executionId="49448047-d6ed-42c9-bcbc-14560239955d" testListId="8c84fa94-04c1-424b-9868-57a2d4851a1d" />
    <TestEntry testId="2266e366-c62d-09c9-ded7-1e7b5d0da037" executionId="6df0c20b-a619-4d76-9b71-c3cf4308375c" testListId="8c84fa94-04c1-424b-9868-57a2d4851a1d" />
    <TestEntry testId="1a12a91e-b03d-45d3-fd2d-061c9630072a" executionId="78de95ac-6bff-425f-bdc9-4b1934ee6f9a" testListId="8c84fa94-04c1-424b-9868-57a2d4851a1d" />
    <TestEntry testId="7eff9737-dcfc-63b6-3d57-04bd941b7068" executionId="aa389fbd-164c-4cef-b5d3-7ad45dd4b62e" testListId="8c84fa94-04c1-424b-9868-57a2d4851a1d" />
    <TestEntry testId="a78a0985-6ddf-5e1e-7544-6efb88194c31" executionId="c829d557-5675-4386-8fa0-b0966028fd91" testListId="8c84fa94-04c1-424b-9868-57a2d4851a1d" />
    <TestEntry testId="ae4c83e6-0f4d-65f8-22c1-23c6464f33a2" executionId="7767c369-35b4-4b63-9a58-7137bbe40368" testListId="8c84fa94-04c1-424b-9868-57a2d4851a1d" />
    <TestEntry testId="f567e5a6-a665-67c2-8449-b66348dc3570" executionId="dfcbca1b-77af-4f83-90a3-4d983f8fc83f" testListId="8c84fa94-04c1-424b-9868-57a2d4851a1d" />
    <TestEntry testId="f0b07320-4d8e-00cc-a232-a17246b4be02" executionId="17a42684-8c37-4a3e-ba86-4a32aa23ee46" testListId="8c84fa94-04c1-424b-9868-57a2d4851a1d" />
    <TestEntry testId="4216934b-235a-6efa-b1f2-737b953f21df" executionId="14472887-adcd-4e67-a53d-664141002335" testListId="8c84fa94-04c1-424b-9868-57a2d4851a1d" />
    <TestEntry testId="0d10a7ac-0e5b-dd5d-82c4-53603840d067" executionId="4c38064b-99ff-4428-a174-fd11da44874f" testListId="8c84fa94-04c1-424b-9868-57a2d4851a1d" />
    <TestEntry testId="f705c669-0318-6f5e-e8e5-1b4eaa9f9880" executionId="c2f4520a-a440-4d6d-b1bc-4f38a65f4127" testListId="8c84fa94-04c1-424b-9868-57a2d4851a1d" />
    <TestEntry testId="cb98919d-41c2-f114-3856-49dce9ef8634" executionId="78346e71-f860-4c3b-ade9-dbf843d852eb" testListId="8c84fa94-04c1-424b-9868-57a2d4851a1d" />
    <TestEntry testId="b3c39b3e-760b-5274-9a96-a8ea10710638" executionId="47448ae0-934f-4a90-ac8e-f40152b8a26f" testListId="8c84fa94-04c1-424b-9868-57a2d4851a1d" />
    <TestEntry testId="c14045dd-f91b-3e98-d221-a8a83ca7b93f" executionId="54afca2b-c6e6-4759-9a9b-5916ed02cc76" testListId="8c84fa94-04c1-424b-9868-57a2d4851a1d" />
    <TestEntry testId="6cb1a840-6047-af3c-c464-8f4bf5b097d2" executionId="b036bcac-1755-49e4-a2aa-af1c26c383c1" testListId="8c84fa94-04c1-424b-9868-57a2d4851a1d" />
    <TestEntry testId="ee980d6a-c8f2-fb3c-69f5-92dd6531facb" executionId="6e18ba13-43c0-4e1c-800e-53d73ebab1d5" testListId="8c84fa94-04c1-424b-9868-57a2d4851a1d" />
    <TestEntry testId="10d7715a-d53b-4b8e-fcec-78d41ef67dac" executionId="60d7b987-7811-41e0-be13-9fe1bc299a14" testListId="8c84fa94-04c1-424b-9868-57a2d4851a1d" />
    <TestEntry testId="55667650-7485-4ca3-fd19-23d2a7a126c7" executionId="6f20ce9f-d5cf-41b0-ac73-72ce3c327429" testListId="8c84fa94-04c1-424b-9868-57a2d4851a1d" />
    <TestEntry testId="d0d2c3b5-6a63-09c0-0a9b-894aa7a6f45d" executionId="24a25752-7144-4aff-adbd-c03d6f2aac57" testListId="8c84fa94-04c1-424b-9868-57a2d4851a1d" />
    <TestEntry testId="6c106499-e2c3-a0a7-eafe-eacf56794202" executionId="c06e0808-4566-462c-9b12-a66874c4de81" testListId="8c84fa94-04c1-424b-9868-57a2d4851a1d" />
    <TestEntry testId="0585f1ec-f642-09e1-866f-6d3653426f93" executionId="845fe0f8-71f4-49aa-9e32-508320a8e352" testListId="8c84fa94-04c1-424b-9868-57a2d4851a1d" />
    <TestEntry testId="cd9462e7-2aeb-f1cd-df73-927f31a7638d" executionId="69f01e11-0546-4ec6-ac0d-82032d08008b" testListId="8c84fa94-04c1-424b-9868-57a2d4851a1d" />
    <TestEntry testId="193486f8-7638-5e27-f7c4-f2239a7e9f22" executionId="4b8c60d1-442a-46db-ba1a-e4e5870b2a46" testListId="8c84fa94-04c1-424b-9868-57a2d4851a1d" />
    <TestEntry testId="f74a6a94-f390-b5f6-1cb3-44e2f343eb63" executionId="e1ee1ac2-0501-4d34-907e-f29c7d1cd826" testListId="8c84fa94-04c1-424b-9868-57a2d4851a1d" />
    <TestEntry testId="411f59f3-34f9-62ac-9b26-0c3528e0b2f7" executionId="d2cf0235-380f-4013-8e69-31875f872c4b" testListId="8c84fa94-04c1-424b-9868-57a2d4851a1d" />
    <TestEntry testId="032ef3ac-363e-da8d-efab-865406d6fd71" executionId="71bff8db-ace6-4913-a840-54e1bedebcee" testListId="8c84fa94-04c1-424b-9868-57a2d4851a1d" />
    <TestEntry testId="ea32b4ee-de29-bcf5-9e6a-b7b5b963e16b" executionId="efab100e-0fa4-464c-ba98-68946e25ebf2" testListId="8c84fa94-04c1-424b-9868-57a2d4851a1d" />
    <TestEntry testId="33f7c76c-bb78-6b08-abcd-e808bcbcf4f9" executionId="00c34e65-9c90-4df7-8d69-17198819de60" testListId="8c84fa94-04c1-424b-9868-57a2d4851a1d" />
    <TestEntry testId="df0ff2b1-bb1d-04f9-1b59-ee245aa596c1" executionId="895d7beb-26c4-43fa-a50a-b7f1e0409b10" testListId="8c84fa94-04c1-424b-9868-57a2d4851a1d" />
    <TestEntry testId="74ad0e4c-d0dd-e8ed-f2c1-43d4f1994c9f" executionId="4b8a97e1-2cc3-49eb-bb5d-d8e3ad28fa72" testListId="8c84fa94-04c1-424b-9868-57a2d4851a1d" />
    <TestEntry testId="b0606947-aad7-eee5-1152-2a1ec56d9255" executionId="3e37bf87-b05e-4642-af0c-3c6e3a6596de" testListId="8c84fa94-04c1-424b-9868-57a2d4851a1d" />
    <TestEntry testId="2c747d1f-f1c9-2115-b65f-2b6f4087b146" executionId="ab92d37b-17a3-4b0b-acdf-cbfe2bafe544" testListId="8c84fa94-04c1-424b-9868-57a2d4851a1d" />
    <TestEntry testId="5203fca7-8d46-0785-3587-4e70c16ca73b" executionId="02298815-de88-4a97-b6b1-b46ed1bd872b" testListId="8c84fa94-04c1-424b-9868-57a2d4851a1d" />
    <TestEntry testId="be38a0d7-e0e2-fccd-c5e6-b3a3fded648e" executionId="d5a3a242-87b7-4fe9-89d4-99ca6f22c51c" testListId="8c84fa94-04c1-424b-9868-57a2d4851a1d" />
    <TestEntry testId="b8e09496-6d7b-6d6d-0f84-90360e0cb28c" executionId="25af3210-cecd-4b06-8e00-6cb874503fb0" testListId="8c84fa94-04c1-424b-9868-57a2d4851a1d" />
    <TestEntry testId="3bc1972c-43c3-09f6-6b21-23df0274286b" executionId="32d3a92b-0414-4e17-b637-64889b3ed602" testListId="8c84fa94-04c1-424b-9868-57a2d4851a1d" />
    <TestEntry testId="63740491-dbe7-68e1-03c8-149486e0c4ce" executionId="eed568e8-fddd-4c9a-9dfb-d211b595366c" testListId="8c84fa94-04c1-424b-9868-57a2d4851a1d" />
    <TestEntry testId="b3f5716b-ac2d-a73d-5199-29412e45cde1" executionId="99b3e8bb-5cac-4832-892e-908154edd925" testListId="8c84fa94-04c1-424b-9868-57a2d4851a1d" />
    <TestEntry testId="d6d3d886-1a00-8e52-5627-e1236e6e1c62" executionId="fe7a6ab1-249f-46ce-b898-e13dbbd4b12b" testListId="8c84fa94-04c1-424b-9868-57a2d4851a1d" />
    <TestEntry testId="01a2041b-e2e4-e363-0b4d-3c74dc73e548" executionId="a2582151-668f-4f46-adb4-2baaae989dc5" testListId="8c84fa94-04c1-424b-9868-57a2d4851a1d" />
    <TestEntry testId="26656131-c125-7680-eabe-b2347d65af76" executionId="75b245d8-1e67-4aa1-9e1d-7fbd00e8622d" testListId="8c84fa94-04c1-424b-9868-57a2d4851a1d" />
    <TestEntry testId="923e4fe8-a8e9-3d7b-512d-479873b8f571" executionId="ac576964-6138-42a5-8330-bd4b20069e71" testListId="8c84fa94-04c1-424b-9868-57a2d4851a1d" />
    <TestEntry testId="7e3a9744-91b7-a2b9-ebb3-73a79e07c25d" executionId="256932b1-8dda-4175-a8ae-078cfb7ac6d4" testListId="8c84fa94-04c1-424b-9868-57a2d4851a1d" />
    <TestEntry testId="2ff40e02-cd90-e19e-c947-03dc2242a050" executionId="ae3823ed-ca96-406b-b9b0-7a122b04208b" testListId="8c84fa94-04c1-424b-9868-57a2d4851a1d" />
    <TestEntry testId="6d7a483b-6c01-6e31-c6bf-ec0c2f6ad577" executionId="fc9764b2-e1dd-4f77-9743-d0e1e8a431ef" testListId="8c84fa94-04c1-424b-9868-57a2d4851a1d" />
    <TestEntry testId="653d3743-7cb8-b116-b4af-cf8e20bba6f6" executionId="2eea91de-b14f-4cab-918e-ea873b5a4f99" testListId="8c84fa94-04c1-424b-9868-57a2d4851a1d" />
    <TestEntry testId="b48ede63-7bd8-9337-3a73-3e2097747548" executionId="e08648bf-9e0d-42d1-8699-3423257e1a72" testListId="8c84fa94-04c1-424b-9868-57a2d4851a1d" />
    <TestEntry testId="ab791beb-155a-2340-25c5-938aea845fff" executionId="14e54e58-d759-48b5-88e7-178e1c49d654" testListId="8c84fa94-04c1-424b-9868-57a2d4851a1d" />
    <TestEntry testId="7f685fe8-e8c1-84de-476c-7b3537eb652d" executionId="67a96e85-313b-4519-af55-4c9ad2504407" testListId="8c84fa94-04c1-424b-9868-57a2d4851a1d" />
    <TestEntry testId="6c872214-13da-be98-a0a3-0db5c2d92720" executionId="d908caa4-4cbf-4420-9a72-12dfa66445d8" testListId="8c84fa94-04c1-424b-9868-57a2d4851a1d" />
    <TestEntry testId="c8e339c4-495d-6682-fb59-508814014af3" executionId="19883747-9c59-44d4-a97a-b5105d7ebc78" testListId="8c84fa94-04c1-424b-9868-57a2d4851a1d" />
    <TestEntry testId="26bd4e72-4ac6-a5cc-eeb0-2da92faec007" executionId="073ba7ed-8a6b-473e-8261-749a94f3967d" testListId="8c84fa94-04c1-424b-9868-57a2d4851a1d" />
    <TestEntry testId="735ac008-1cbd-a429-fd29-015f19236116" executionId="7c62378f-12cf-4811-831e-5eee22fe9a8c" testListId="8c84fa94-04c1-424b-9868-57a2d4851a1d" />
    <TestEntry testId="5ba61b11-551a-10ce-86ec-bdc1ee67e90e" executionId="603fabbb-6f50-4efe-b640-b1c07c4057d4" testListId="8c84fa94-04c1-424b-9868-57a2d4851a1d" />
    <TestEntry testId="d928fd2c-924f-38de-6b58-5c8ead779399" executionId="1d962409-786e-43ca-b1ea-9742e996df49" testListId="8c84fa94-04c1-424b-9868-57a2d4851a1d" />
    <TestEntry testId="66a19620-a3b0-afbc-935a-264e635ffa8f" executionId="5a502903-582e-4aad-917a-9055f90347d7" testListId="8c84fa94-04c1-424b-9868-57a2d4851a1d" />
    <TestEntry testId="a74078ad-01de-0282-292f-78f3a891fdb1" executionId="94fbc9b9-0dd9-439b-93ba-2c95b0df04fa" testListId="8c84fa94-04c1-424b-9868-57a2d4851a1d" />
    <TestEntry testId="5782f6c4-4818-df21-281e-6b620d8a99e2" executionId="75834cbb-02a6-4d3b-9425-5c7f241367d3" testListId="8c84fa94-04c1-424b-9868-57a2d4851a1d" />
    <TestEntry testId="9bb1b165-fd97-aa53-8141-e435492ae22a" executionId="c5f5cf19-7d57-47a9-a017-282191ea4d3f" testListId="8c84fa94-04c1-424b-9868-57a2d4851a1d" />
    <TestEntry testId="b88cda59-316a-d792-4d81-e490d0212c2d" executionId="c749d861-d263-4c8d-9f02-04e588c92de8" testListId="8c84fa94-04c1-424b-9868-57a2d4851a1d" />
    <TestEntry testId="ef0ba115-bb03-098e-48b3-8914fb59fb7f" executionId="1d8b0de7-efaa-43ef-b2d2-36173524263e" testListId="8c84fa94-04c1-424b-9868-57a2d4851a1d" />
    <TestEntry testId="2c7c7876-b123-f6b1-1eae-db6f6476f552" executionId="5db3350c-4324-45ef-b5db-2e8ebe972096" testListId="8c84fa94-04c1-424b-9868-57a2d4851a1d" />
    <TestEntry testId="0228ec1a-cf44-e616-5aa7-aefd86959073" executionId="45792d8e-a3ad-4472-b213-3e048ab8c954" testListId="8c84fa94-04c1-424b-9868-57a2d4851a1d" />
    <TestEntry testId="924a2837-bdda-5ff7-8002-b76459c46087" executionId="c9c4423d-9a12-442f-b548-f2852d85a1e8" testListId="8c84fa94-04c1-424b-9868-57a2d4851a1d" />
    <TestEntry testId="00d05e1f-7d72-418e-9c9e-a769436ab485" executionId="16951bd7-37e9-406f-8bc6-b785fa85802e" testListId="8c84fa94-04c1-424b-9868-57a2d4851a1d" />
    <TestEntry testId="c5db792d-e049-7e4c-45a4-ac95e98dbc54" executionId="0d73a68d-4c2a-4c67-95d3-fb84120758a9" testListId="8c84fa94-04c1-424b-9868-57a2d4851a1d" />
    <TestEntry testId="62c33e58-2f83-26ac-2ae0-9b8229cc93ab" executionId="94d7e395-03a2-4aa0-b195-92735f763846" testListId="8c84fa94-04c1-424b-9868-57a2d4851a1d" />
    <TestEntry testId="fe7b897c-fd2e-f8e6-f880-7f5c0aaede02" executionId="d8aceb17-bb70-4d91-b4f3-15c2c120a5c3" testListId="8c84fa94-04c1-424b-9868-57a2d4851a1d" />
    <TestEntry testId="a86e36e4-e94e-5f42-8494-d796a058bcf2" executionId="5835eccc-2fbf-4e99-89cc-19ca77d74ecd" testListId="8c84fa94-04c1-424b-9868-57a2d4851a1d" />
    <TestEntry testId="31f3b2f4-1b28-6746-2403-d25f9fbdfdf8" executionId="dc433c23-9f29-4e38-9d92-1a9d76b19471" testListId="8c84fa94-04c1-424b-9868-57a2d4851a1d" />
    <TestEntry testId="d1416a64-bf78-25ec-aee2-d5b8b18bc3dc" executionId="67f2a488-6e7c-48ec-a5ff-7b953a91e40b" testListId="8c84fa94-04c1-424b-9868-57a2d4851a1d" />
    <TestEntry testId="7fc03f6c-44c6-760a-ff15-5a01859458b0" executionId="bc87b6e7-fd08-4848-9816-b964c2fa78bb" testListId="8c84fa94-04c1-424b-9868-57a2d4851a1d" />
    <TestEntry testId="b99c1952-4b8a-6e7b-be83-1febd897689d" executionId="e901b7a7-4a17-40ab-b0ec-68ec365b25a0" testListId="8c84fa94-04c1-424b-9868-57a2d4851a1d" />
    <TestEntry testId="8f2c1c6f-2d06-5c80-db10-fbc31b9e4155" executionId="267164c4-d20f-4530-a5fc-7bef5a93e8dd" testListId="8c84fa94-04c1-424b-9868-57a2d4851a1d" />
    <TestEntry testId="8642e301-1a01-c43f-5457-781e9082a823" executionId="e9b57282-717b-410c-9b33-1ab6aa7845af" testListId="8c84fa94-04c1-424b-9868-57a2d4851a1d" />
    <TestEntry testId="2044c162-1147-8fb8-adb8-ab6044bfdf21" executionId="0f1d2ebc-2c92-4c19-9aff-66400af04ece" testListId="8c84fa94-04c1-424b-9868-57a2d4851a1d" />
    <TestEntry testId="5611fb35-7f75-b2a9-be17-8e2f5c001e43" executionId="e8f147d1-3701-4501-8b51-33b0aaaa56c2" testListId="8c84fa94-04c1-424b-9868-57a2d4851a1d" />
    <TestEntry testId="ab0172d5-f8de-2bd2-5705-f61f86ff407f" executionId="f400dec6-968b-4283-9eef-0a5ae6ccd7c1" testListId="8c84fa94-04c1-424b-9868-57a2d4851a1d" />
    <TestEntry testId="aab26939-6c58-dafe-eca6-6d66c1372e38" executionId="8c5cce58-c549-440f-9eab-21d31b1ddce5" testListId="8c84fa94-04c1-424b-9868-57a2d4851a1d" />
    <TestEntry testId="b4180071-1e06-f3bd-f0e2-c5c49975b30c" executionId="fcdfce2d-da68-4475-8ec4-3c4fd012d582" testListId="8c84fa94-04c1-424b-9868-57a2d4851a1d" />
    <TestEntry testId="a973dd7a-7c46-af87-44cd-7bf4a36abf9b" executionId="b60c30e6-6320-48f5-80c7-fe468872ab6d" testListId="8c84fa94-04c1-424b-9868-57a2d4851a1d" />
    <TestEntry testId="89411942-d38a-5bb6-81ec-67e7fdba9fc2" executionId="4a43acd4-0d01-40ba-992a-35a733cacf1f" testListId="8c84fa94-04c1-424b-9868-57a2d4851a1d" />
    <TestEntry testId="a6c25b56-b57f-3f67-b38d-a26d924007e0" executionId="2620186d-152a-49f8-bc73-81dc90fcecff" testListId="8c84fa94-04c1-424b-9868-57a2d4851a1d" />
    <TestEntry testId="43108df8-7f9e-e70a-a456-a12f9dd6bbcf" executionId="03a1d25b-db8e-4484-a831-00460184315c" testListId="8c84fa94-04c1-424b-9868-57a2d4851a1d" />
    <TestEntry testId="3890aa01-b165-5f49-b90e-3db1a4c16e7b" executionId="c286d78e-75ae-485e-9cfc-f0b8e316938b" testListId="8c84fa94-04c1-424b-9868-57a2d4851a1d" />
    <TestEntry testId="fb01cc7e-d5fa-72c9-434f-db0e51b7acf2" executionId="a693ac19-c244-47ac-9016-77f6d7a33a83" testListId="8c84fa94-04c1-424b-9868-57a2d4851a1d" />
    <TestEntry testId="2096051f-0719-d6b7-7ba6-a9c6fbdaed26" executionId="276e54b3-34b5-4285-9d59-288e04d9ac14" testListId="8c84fa94-04c1-424b-9868-57a2d4851a1d" />
    <TestEntry testId="75799e7f-c8b2-eb49-e7fc-7e63546cf626" executionId="af0b0150-470f-4281-bd6f-c30619d7bcf4" testListId="8c84fa94-04c1-424b-9868-57a2d4851a1d" />
    <TestEntry testId="18d4c37f-1583-f497-ec0c-ad5f807ccb48" executionId="b9a3bfff-2b8b-4191-85e0-f06898347a7f" testListId="8c84fa94-04c1-424b-9868-57a2d4851a1d" />
    <TestEntry testId="f4d3ad23-32ef-7284-391b-46eb33d6f78f" executionId="c62299f1-2e68-4d92-8aa0-d4b083037121" testListId="8c84fa94-04c1-424b-9868-57a2d4851a1d" />
    <TestEntry testId="99010084-55ec-2d67-80ac-70f30d045fef" executionId="1bba69f5-aae2-4ac9-814a-b41b3340d9f2" testListId="8c84fa94-04c1-424b-9868-57a2d4851a1d" />
    <TestEntry testId="c1072614-89d7-ecfa-6ece-76abc08d540d" executionId="e4b1223f-37df-47e6-9000-8a4ed9acef59" testListId="8c84fa94-04c1-424b-9868-57a2d4851a1d" />
    <TestEntry testId="929aa209-e3f7-852b-9884-da4d7850f9c4" executionId="ec5d7a7d-f9ab-47b8-9dfa-f30f83d06fb2" testListId="8c84fa94-04c1-424b-9868-57a2d4851a1d" />
    <TestEntry testId="8788403a-0d19-e088-1175-07bf39207809" executionId="2065882b-a08d-49ca-935a-6e714058e7d6" testListId="8c84fa94-04c1-424b-9868-57a2d4851a1d" />
    <TestEntry testId="fd75bf1b-7547-e469-5bac-5caae1974719" executionId="0dbf3577-a3fc-4624-9956-faa277e45dfb" testListId="8c84fa94-04c1-424b-9868-57a2d4851a1d" />
    <TestEntry testId="15d0df81-8794-5fa5-b2c8-6331ce7be91e" executionId="caccea50-86cf-437c-824c-09ce227223a0" testListId="8c84fa94-04c1-424b-9868-57a2d4851a1d" />
    <TestEntry testId="d0aa19eb-08b4-b4f4-8874-599c8e5e451d" executionId="4835b3f8-0d1f-4fa2-b1e6-c9646203779d" testListId="8c84fa94-04c1-424b-9868-57a2d4851a1d" />
    <TestEntry testId="9729a039-440f-b038-cbbc-13699377547c" executionId="90e321d7-ca11-4cb5-9ea2-83be51d4db01" testListId="8c84fa94-04c1-424b-9868-57a2d4851a1d" />
    <TestEntry testId="d4537562-1c96-4e07-3939-b2da6a34e9fc" executionId="90f1fadb-3798-4126-83d4-bee3c2ece859" testListId="8c84fa94-04c1-424b-9868-57a2d4851a1d" />
    <TestEntry testId="66363822-7849-72a3-af25-779ac72e5857" executionId="4b071a93-6689-4429-a79b-f52b26c74aaa" testListId="8c84fa94-04c1-424b-9868-57a2d4851a1d" />
    <TestEntry testId="c98d8a8b-c350-72b5-2be4-aa500796a5e0" executionId="939695c9-6ab2-4087-b2c2-f7b082c3b40a" testListId="8c84fa94-04c1-424b-9868-57a2d4851a1d" />
    <TestEntry testId="4d791645-14ca-671e-50ed-7143a80c7959" executionId="9da40baf-fce7-49e8-8b5d-c308f99858bf" testListId="8c84fa94-04c1-424b-9868-57a2d4851a1d" />
    <TestEntry testId="95464817-3328-92d5-e9f2-a7a51a663358" executionId="86625e68-586c-4733-b532-666985a867a2" testListId="8c84fa94-04c1-424b-9868-57a2d4851a1d" />
    <TestEntry testId="6802e4b7-d13f-9fd7-e900-410b7d9a430f" executionId="8156ca40-1d60-44d0-97e5-a99faa8589e7" testListId="8c84fa94-04c1-424b-9868-57a2d4851a1d" />
    <TestEntry testId="8294d7f7-2da1-4ee0-8cd3-c37ff5907cd4" executionId="88435d4f-3e74-4824-a6d6-be0fd806777d" testListId="8c84fa94-04c1-424b-9868-57a2d4851a1d" />
    <TestEntry testId="8ff3c0db-187d-d0d0-7eb2-736414974987" executionId="5e353810-ad83-4467-9dda-cfbd1cc9af9e" testListId="8c84fa94-04c1-424b-9868-57a2d4851a1d" />
  </TestEntries>
  <TestLists>
    <TestList name="Results Not in a List" id="8c84fa94-04c1-424b-9868-57a2d4851a1d" />
    <TestList name="All Loaded Results" id="19431567-8539-422a-85d7-44ee4e166bda" />
  </TestLists>
  <ResultSummary outcome="Failed">
    <Counters total="229" executed="229" passed="221" failed="8" error="0" timeout="0" aborted="0" inconclusive="0" passedButRunAborted="0" notRunnable="0" notExecuted="0" disconnected="0" warning="0" completed="0" inProgress="0" pending="0" />
    <Output>
      <StdOut>[xUnit.net 00:00:00.00] xUnit.net VSTest Adapter v3.0.0+e341b939fe (64-bit .NET 9.0.5)
[xUnit.net 00:00:00.04]   Discovering: FileContentRenamer.Tests
[xUnit.net 00:00:00.07]   Discovered:  FileContentRenamer.Tests
[xUnit.net 00:00:00.10]   Starting:    FileContentRenamer.Tests
[xUnit.net 00:00:00.52]       Expected a &lt;System.IO.FileNotFoundException&gt; to be thrown, but no exception was thrown.
[xUnit.net 00:00:00.52]       Stack Trace:
[xUnit.net 00:00:00.52]            at FluentAssertions.Execution.XUnit2TestFramework.Throw(String message)
[xUnit.net 00:00:00.52]            at FluentAssertions.Execution.TestFrameworkProvider.Throw(String message)
[xUnit.net 00:00:00.52]            at FluentAssertions.Execution.DefaultAssertionStrategy.HandleFailure(String message)
[xUnit.net 00:00:00.52]            at FluentAssertions.Execution.AssertionScope.FailWith(Func`1 failReasonFunc)
[xUnit.net 00:00:00.52]            at FluentAssertions.Execution.AssertionScope.FailWith(Func`1 failReasonFunc)
[xUnit.net 00:00:00.52]            at FluentAssertions.Execution.AssertionScope.FailWith(String message)
[xUnit.net 00:00:00.52]            at FluentAssertions.Specialized.DelegateAssertionsBase`2.ThrowInternal[TException](Exception exception, String because, Object[] becauseArgs)
[xUnit.net 00:00:00.52]            at FluentAssertions.Specialized.DelegateAssertions`2.Throw[TException](String because, Object[] becauseArgs)
[xUnit.net 00:00:00.52]         /Users/santibraida/Workspace/comprobantes/FileContentRenamer.Tests/Models/AppConfigTests.cs(116,0): at FileContentRenamer.Tests.Models.AppConfigTests.LoadFromConfiguration_WithMissingConfigFile_ShouldThrowException()
[xUnit.net 00:00:00.52]            at System.RuntimeMethodHandle.InvokeMethod(Object target, Void** arguments, Signature sig, Boolean isConstructor)
[xUnit.net 00:00:00.52]            at System.Reflection.MethodBaseInvoker.InvokeWithNoArgs(Object obj, BindingFlags invokeAttr)
[xUnit.net 00:00:00.52]       Expected result to be "/var/folders/x1/bt0l1hlj3xxfgmlll69gmfr40000gn/T/7824f1be-a49d-48b7-b40b-d87a172d1910/2024/03_marzo/test_2.pdf" with a length of 110, but "/var/folders/x1/bt0l1hlj3xxfgmlll69gmfr40000gn/T/2024/03_marzo/test_8.pdf" has a length of 73, differs near "202" (index 49).
[xUnit.net 00:00:00.52]       Stack Trace:
[xUnit.net 00:00:00.52]            at FluentAssertions.Execution.XUnit2TestFramework.Throw(String message)
[xUnit.net 00:00:00.52]            at FluentAssertions.Execution.TestFrameworkProvider.Throw(String message)
[xUnit.net 00:00:00.52]            at FluentAssertions.Execution.DefaultAssertionStrategy.HandleFailure(String message)
[xUnit.net 00:00:00.52]            at FluentAssertions.Execution.AssertionScope.FailWith(Func`1 failReasonFunc)
[xUnit.net 00:00:00.52]            at FluentAssertions.Execution.AssertionScope.FailWith(Func`1 failReasonFunc)
[xUnit.net 00:00:00.52]            at FluentAssertions.Primitives.StringEqualityValidator.ValidateAgainstLengthDifferences()
[xUnit.net 00:00:00.52]            at FluentAssertions.Primitives.StringValidator.Validate()
[xUnit.net 00:00:00.52]            at FluentAssertions.Primitives.StringAssertions`1.Be(String expected, String because, Object[] becauseArgs)
[xUnit.net 00:00:00.52]         /Users/santibraida/Workspace/comprobantes/FileContentRenamer.Tests/Services/DirectoryOrganizerTests.cs(223,0): at FileContentRenamer.Tests.Services.DirectoryOrganizerTests.OrganizeFileIntoDirectoryStructure_AlreadyInYearFolder_ShouldMoveToMonthFolder()
[xUnit.net 00:00:00.52]            at System.RuntimeMethodHandle.InvokeMethod(Object target, Void** arguments, Signature sig, Boolean isConstructor)
[xUnit.net 00:00:00.52]            at System.Reflection.MethodBaseInvoker.InvokeWithNoArgs(Object obj, BindingFlags invokeAttr)
[xUnit.net 00:00:00.58]       Expected resultList to only have unique items, but item "/var/folders/x1/bt0l1hlj3xxfgmlll69gmfr40000gn/T/5f6ae757-c487-47b2-b74f-614e5a75252a/concurrent_test_2.txt" is not unique.
[xUnit.net 00:00:00.58]       Stack Trace:
[xUnit.net 00:00:00.58]            at FluentAssertions.Execution.XUnit2TestFramework.Throw(String message)
[xUnit.net 00:00:00.58]            at FluentAssertions.Execution.TestFrameworkProvider.Throw(String message)
[xUnit.net 00:00:00.58]            at FluentAssertions.Execution.DefaultAssertionStrategy.HandleFailure(String message)
[xUnit.net 00:00:00.58]            at FluentAssertions.Execution.AssertionScope.FailWith(Func`1 failReasonFunc)
[xUnit.net 00:00:00.58]            at FluentAssertions.Execution.AssertionScope.FailWith(Func`1 failReasonFunc)
[xUnit.net 00:00:00.58]            at FluentAssertions.Execution.AssertionScope.FailWith(String message, Object[] args)
[xUnit.net 00:00:00.58]            at FluentAssertions.Collections.GenericCollectionAssertions`3.OnlyHaveUniqueItems(String because, Object[] becauseArgs)
[xUnit.net 00:00:00.58]         /Users/santibraida/Workspace/comprobantes/FileContentRenamer.Tests/Services/FilenameGeneratorTests.cs(285,0): at FileContentRenamer.Tests.Services.FilenameGeneratorTests.GenerateUniqueFilename_ThreadSafety_ShouldHandleConcurrentCalls()
[xUnit.net 00:00:00.58]         --- End of stack trace from previous location ---
[xUnit.net 00:00:00.67]       Expected result.LastUsedPath to be "/var/folders/x1/bt0l1hlj3xxfgmlll69gmfr40000gn/T/98f443b8-dd76-4dc0-9a2e-dc47f077a6f1" with a length of 85, but "" has a length of 0, differs near "" (index 0).
[xUnit.net 00:00:00.67]       Stack Trace:
[xUnit.net 00:00:00.67]            at FluentAssertions.Execution.XUnit2TestFramework.Throw(String message)
[xUnit.net 00:00:00.67]            at FluentAssertions.Execution.TestFrameworkProvider.Throw(String message)
[xUnit.net 00:00:00.67]            at FluentAssertions.Execution.DefaultAssertionStrategy.HandleFailure(String message)
[xUnit.net 00:00:00.67]            at FluentAssertions.Execution.AssertionScope.FailWith(Func`1 failReasonFunc)
[xUnit.net 00:00:00.67]            at FluentAssertions.Execution.AssertionScope.FailWith(Func`1 failReasonFunc)
[xUnit.net 00:00:00.67]            at FluentAssertions.Primitives.StringEqualityValidator.ValidateAgainstLengthDifferences()
[xUnit.net 00:00:00.67]            at FluentAssertions.Primitives.StringValidator.Validate()
[xUnit.net 00:00:00.67]            at FluentAssertions.Primitives.StringAssertions`1.Be(String expected, String because, Object[] becauseArgs)
[xUnit.net 00:00:00.67]         /Users/santibraida/Workspace/comprobantes/FileContentRenamer.Tests/Models/AppConfigTests.cs(94,0): at FileContentRenamer.Tests.Models.AppConfigTests.LoadFromConfiguration_WithValidConfigFile_ShouldLoadCorrectly()
[xUnit.net 00:00:00.67]            at System.RuntimeMethodHandle.InvokeMethod(Object target, Void** arguments, Signature sig, Boolean isConstructor)
[xUnit.net 00:00:00.67]            at System.Reflection.MethodBaseInvoker.InvokeWithNoArgs(Object obj, BindingFlags invokeAttr)
[xUnit.net 00:00:00.74]       Expected a &lt;System.Exception&gt; to be thrown, but no exception was thrown.
[xUnit.net 00:00:00.74]       Stack Trace:
[xUnit.net 00:00:00.74]            at FluentAssertions.Execution.XUnit2TestFramework.Throw(String message)
[xUnit.net 00:00:00.74]            at FluentAssertions.Execution.TestFrameworkProvider.Throw(String message)
[xUnit.net 00:00:00.74]            at FluentAssertions.Execution.DefaultAssertionStrategy.HandleFailure(String message)
[xUnit.net 00:00:00.74]            at FluentAssertions.Execution.AssertionScope.FailWith(Func`1 failReasonFunc)
[xUnit.net 00:00:00.74]            at FluentAssertions.Execution.AssertionScope.FailWith(Func`1 failReasonFunc)
[xUnit.net 00:00:00.74]            at FluentAssertions.Execution.AssertionScope.FailWith(String message)
[xUnit.net 00:00:00.74]            at FluentAssertions.Specialized.DelegateAssertionsBase`2.ThrowInternal[TException](Exception exception, String because, Object[] becauseArgs)
[xUnit.net 00:00:00.74]            at FluentAssertions.Specialized.DelegateAssertions`2.Throw[TException](String because, Object[] becauseArgs)
[xUnit.net 00:00:00.74]         /Users/santibraida/Workspace/comprobantes/FileContentRenamer.Tests/Models/AppConfigTests.cs(141,0): at FileContentRenamer.Tests.Models.AppConfigTests.LoadFromConfiguration_WithInvalidJson_ShouldThrowException()
[xUnit.net 00:00:00.74]            at System.RuntimeMethodHandle.InvokeMethod(Object target, Void** arguments, Signature sig, Boolean isConstructor)
[xUnit.net 00:00:00.74]            at System.Reflection.MethodBaseInvoker.InvokeWithNoArgs(Object obj, BindingFlags invokeAttr)
[xUnit.net 00:00:00.80]       Expected result.ForceReprocessAlreadyNamed to be False, but found True.
[xUnit.net 00:00:00.80]       Stack Trace:
[xUnit.net 00:00:00.80]            at FluentAssertions.Execution.XUnit2TestFramework.Throw(String message)
[xUnit.net 00:00:00.80]            at FluentAssertions.Execution.TestFrameworkProvider.Throw(String message)
[xUnit.net 00:00:00.80]            at FluentAssertions.Execution.DefaultAssertionStrategy.HandleFailure(String message)
[xUnit.net 00:00:00.80]            at FluentAssertions.Execution.AssertionScope.FailWith(Func`1 failReasonFunc)
[xUnit.net 00:00:00.80]            at FluentAssertions.Execution.AssertionScope.FailWith(Func`1 failReasonFunc)
[xUnit.net 00:00:00.80]            at FluentAssertions.Execution.AssertionScope.FailWith(String message, Object[] args)
[xUnit.net 00:00:00.80]            at FluentAssertions.Primitives.BooleanAssertions`1.BeFalse(String because, Object[] becauseArgs)
[xUnit.net 00:00:00.80]         /Users/santibraida/Workspace/comprobantes/FileContentRenamer.Tests/Models/AppConfigTests.cs(196,0): at FileContentRenamer.Tests.Models.AppConfigTests.LoadFromConfiguration_WithPartialConfig_ShouldUseDefaultsForMissingValues()
[xUnit.net 00:00:00.80]            at System.RuntimeMethodHandle.InvokeMethod(Object target, Void** arguments, Signature sig, Boolean isConstructor)
[xUnit.net 00:00:00.80]            at System.Reflection.MethodBaseInvoker.InvokeWithNoArgs(Object obj, BindingFlags invokeAttr)
[xUnit.net 00:00:01.04]       Expected a &lt;System.InvalidOperationException&gt; to be thrown, but no exception was thrown.
[xUnit.net 00:00:01.04]       Stack Trace:
[xUnit.net 00:00:01.04]            at FluentAssertions.Execution.XUnit2TestFramework.Throw(String message)
[xUnit.net 00:00:01.04]            at FluentAssertions.Execution.TestFrameworkProvider.Throw(String message)
[xUnit.net 00:00:01.04]            at FluentAssertions.Execution.DefaultAssertionStrategy.HandleFailure(String message)
[xUnit.net 00:00:01.04]            at FluentAssertions.Execution.AssertionScope.FailWith(Func`1 failReasonFunc)
[xUnit.net 00:00:01.04]            at FluentAssertions.Execution.AssertionScope.FailWith(Func`1 failReasonFunc)
[xUnit.net 00:00:01.04]            at FluentAssertions.Execution.AssertionScope.FailWith(String message)
[xUnit.net 00:00:01.04]            at FluentAssertions.Specialized.DelegateAssertionsBase`2.ThrowInternal[TException](Exception exception, String because, Object[] becauseArgs)
[xUnit.net 00:00:01.04]            at FluentAssertions.Specialized.DelegateAssertions`2.Throw[TException](String because, Object[] becauseArgs)
[xUnit.net 00:00:01.04]         /Users/santibraida/Workspace/comprobantes/FileContentRenamer.Tests/Models/AppConfigTests.cs(161,0): at FileContentRenamer.Tests.Models.AppConfigTests.LoadFromConfiguration_WithEmptyConfig_ShouldThrowException()
[xUnit.net 00:00:01.04]            at System.RuntimeMethodHandle.InvokeMethod(Object target, Void** arguments, Signature sig, Boolean isConstructor)
[xUnit.net 00:00:01.04]            at System.Reflection.MethodBaseInvoker.InvokeWithNoArgs(Object obj, BindingFlags invokeAttr)
[xUnit.net 00:00:01.20]       Expected a &lt;System.InvalidOperationException&gt; to be thrown, but no exception was thrown.
[xUnit.net 00:00:01.20]       Stack Trace:
[xUnit.net 00:00:01.20]            at FluentAssertions.Execution.XUnit2TestFramework.Throw(String message)
[xUnit.net 00:00:01.20]            at FluentAssertions.Execution.TestFrameworkProvider.Throw(String message)
[xUnit.net 00:00:01.20]            at FluentAssertions.Execution.DefaultAssertionStrategy.HandleFailure(String message)
[xUnit.net 00:00:01.20]            at FluentAssertions.Execution.AssertionScope.FailWith(Func`1 failReasonFunc)
[xUnit.net 00:00:01.20]            at FluentAssertions.Execution.AssertionScope.FailWith(Func`1 failReasonFunc)
[xUnit.net 00:00:01.20]            at FluentAssertions.Execution.AssertionScope.FailWith(String message)
[xUnit.net 00:00:01.20]            at FluentAssertions.Specialized.DelegateAssertionsBase`2.ThrowInternal[TException](Exception exception, String because, Object[] becauseArgs)
[xUnit.net 00:00:01.20]            at FluentAssertions.Specialized.DelegateAssertions`2.Throw[TException](String because, Object[] becauseArgs)
[xUnit.net 00:00:01.20]         /Users/santibraida/Workspace/comprobantes/FileContentRenamer.Tests/Models/AppConfigTests.cs(260,0): at FileContentRenamer.Tests.Models.AppConfigTests.LoadFromConfiguration_WithMissingFileExtensions_ShouldThrowException()
[xUnit.net 00:00:01.20]            at System.RuntimeMethodHandle.InvokeMethod(Object target, Void** arguments, Signature sig, Boolean isConstructor)
[xUnit.net 00:00:01.20]            at System.Reflection.MethodBaseInvoker.InvokeWithNoArgs(Object obj, BindingFlags invokeAttr)
[xUnit.net 00:00:02.02]   Finished:    FileContentRenamer.Tests
</StdOut>
    </Output>
    <RunInfos>
      <RunInfo computerName="MacBook-Pro" outcome="Error" timestamp="2025-08-11T23:49:30.4112840-03:00">
        <Text>[xUnit.net 00:00:00.52]     FileContentRenamer.Tests.Models.AppConfigTests.LoadFromConfiguration_WithMissingConfigFile_ShouldThrowException [FAIL]</Text>
      </RunInfo>
      <RunInfo computerName="MacBook-Pro" outcome="Error" timestamp="2025-08-11T23:49:30.4130550-03:00">
        <Text>[xUnit.net 00:00:00.52]     FileContentRenamer.Tests.Services.DirectoryOrganizerTests.OrganizeFileIntoDirectoryStructure_AlreadyInYearFolder_ShouldMoveToMonthFolder [FAIL]</Text>
      </RunInfo>
      <RunInfo computerName="MacBook-Pro" outcome="Error" timestamp="2025-08-11T23:49:30.4794770-03:00">
        <Text>[xUnit.net 00:00:00.58]     FileContentRenamer.Tests.Services.FilenameGeneratorTests.GenerateUniqueFilename_ThreadSafety_ShouldHandleConcurrentCalls [FAIL]</Text>
      </RunInfo>
      <RunInfo computerName="MacBook-Pro" outcome="Error" timestamp="2025-08-11T23:49:30.5649500-03:00">
        <Text>[xUnit.net 00:00:00.67]     FileContentRenamer.Tests.Models.AppConfigTests.LoadFromConfiguration_WithValidConfigFile_ShouldLoadCorrectly [FAIL]</Text>
      </RunInfo>
      <RunInfo computerName="MacBook-Pro" outcome="Error" timestamp="2025-08-11T23:49:30.6308680-03:00">
        <Text>[xUnit.net 00:00:00.74]     FileContentRenamer.Tests.Models.AppConfigTests.LoadFromConfiguration_WithInvalidJson_ShouldThrowException [FAIL]</Text>
      </RunInfo>
      <RunInfo computerName="MacBook-Pro" outcome="Error" timestamp="2025-08-11T23:49:30.6959420-03:00">
        <Text>[xUnit.net 00:00:00.80]     FileContentRenamer.Tests.Models.AppConfigTests.LoadFromConfiguration_WithPartialConfig_ShouldUseDefaultsForMissingValues [FAIL]</Text>
      </RunInfo>
      <RunInfo computerName="MacBook-Pro" outcome="Error" timestamp="2025-08-11T23:49:30.9303970-03:00">
        <Text>[xUnit.net 00:00:01.04]     FileContentRenamer.Tests.Models.AppConfigTests.LoadFromConfiguration_WithEmptyConfig_ShouldThrowException [FAIL]</Text>
      </RunInfo>
      <RunInfo computerName="MacBook-Pro" outcome="Error" timestamp="2025-08-11T23:49:31.0944230-03:00">
        <Text>[xUnit.net 00:00:01.20]     FileContentRenamer.Tests.Models.AppConfigTests.LoadFromConfiguration_WithMissingFileExtensions_ShouldThrowException [FAIL]</Text>
      </RunInfo>
    </RunInfos>
    <CollectorDataEntries>
      <Collector agentName="MacBook-Pro" uri="datacollector://microsoft/CoverletCodeCoverage/1.0" collectorDisplayName="XPlat code coverage">
        <UriAttachments>
          <UriAttachment>
            <A href="MacBook-Pro/coverage.cobertura.xml"></A>
          </UriAttachment>
        </UriAttachments>
      </Collector>
    </CollectorDataEntries>
  </ResultSummary>
</TestRun>