<?xml version="1.0" encoding="utf-8"?>
<TestRun id="981017e5-c30b-4518-bb11-ce4068e3258b" name="@MacBook-Pro 2025-08-11 23:39:57" xmlns="http://microsoft.com/schemas/VisualStudio/TeamTest/2010">
  <Times creation="2025-08-11T23:39:57.9269530-03:00" queuing="2025-08-11T23:39:57.9269530-03:00" start="2025-08-11T23:39:56.9249980-03:00" finish="2025-08-11T23:39:59.9471280-03:00" />
  <TestSettings name="default" id="14cc6455-5d12-492d-8f33-699e2fdfbc45">
    <Deployment runDeploymentRoot="_MacBook-Pro_2025-08-11_23_39_57" />
  </TestSettings>
  <Results>
    <UnitTestResult executionId="ed614403-6cca-40a2-bb24-f16a5bdabf54" testId="e47068f5-ce83-2091-31a6-2a3fb625188b" testName="FileContentRenamer.Tests.Services.DirectoryOrganizerTests.IsInYearMonthStructure_WithNonExistentPath_ShouldReturnFalse" computerName="MacBook-Pro" duration="00:00:00.0001929" startTime="2025-08-11T23:39:58.0801150-03:00" endTime="2025-08-11T23:39:58.0802810-03:00" testType="13cdc9d9-ddb5-4fa4-a97d-d965ccfc6d4b" outcome="Passed" testListId="8c84fa94-04c1-424b-9868-57a2d4851a1d" relativeResultsDirectory="ed614403-6cca-40a2-bb24-f16a5bdabf54" />
    <UnitTestResult executionId="e0d7fa38-1f02-4bb2-b676-9d84eb7e08c8" testId="99010084-55ec-2d67-80ac-70f30d045fef" testName="FileContentRenamer.Tests.Services.FilenameGeneratorTests.CleanupFileName_WithVariousInputs_ShouldReturnCleanedName(input: &quot;__file__name__&quot;, expected: &quot;file_name&quot;)" computerName="MacBook-Pro" duration="00:00:00.0000631" startTime="2025-08-11T23:39:58.2766240-03:00" endTime="2025-08-11T23:39:58.2766510-03:00" testType="13cdc9d9-ddb5-4fa4-a97d-d965ccfc6d4b" outcome="Passed" testListId="8c84fa94-04c1-424b-9868-57a2d4851a1d" relativeResultsDirectory="e0d7fa38-1f02-4bb2-b676-9d84eb7e08c8" />
    <UnitTestResult executionId="2ddd7c6e-3f35-4fce-afb0-50827cc81089" testId="8bf8da02-6c6e-2191-c936-6121db66d388" testName="FileContentRenamer.Tests.Services.PdfProcessorTests.CanProcess_WithPdfExtensionVariations_ShouldReturnTrue(filename: &quot;DOCUMENT.PDF&quot;)" computerName="MacBook-Pro" duration="00:00:00.0003115" startTime="2025-08-11T23:39:58.1191470-03:00" endTime="2025-08-11T23:39:58.1752050-03:00" testType="13cdc9d9-ddb5-4fa4-a97d-d965ccfc6d4b" outcome="Passed" testListId="8c84fa94-04c1-424b-9868-57a2d4851a1d" relativeResultsDirectory="2ddd7c6e-3f35-4fce-afb0-50827cc81089" />
    <UnitTestResult executionId="29b529f7-2b4e-43b6-af1b-a8af89730702" testId="cd9462e7-2aeb-f1cd-df73-927f31a7638d" testName="FileContentRenamer.Tests.Services.DateExtractorTests.ExtractDateFromContent_WithNoDate_ShouldReturnEmptyString" computerName="MacBook-Pro" duration="00:00:00.0000769" startTime="2025-08-11T23:39:57.9712310-03:00" endTime="2025-08-11T23:39:57.9712570-03:00" testType="13cdc9d9-ddb5-4fa4-a97d-d965ccfc6d4b" outcome="Passed" testListId="8c84fa94-04c1-424b-9868-57a2d4851a1d" relativeResultsDirectory="29b529f7-2b4e-43b6-af1b-a8af89730702" />
    <UnitTestResult executionId="4a204c3d-db4b-4363-9ec8-e0881d24899e" testId="df0ff2b1-bb1d-04f9-1b59-ee245aa596c1" testName="FileContentRenamer.Tests.Services.FileValidatorTests.ShouldSkipAlreadyNamedFile_WithAlreadyNamedFile_ShouldReturnTrue" computerName="MacBook-Pro" duration="00:00:00.0006554" startTime="2025-08-11T23:39:58.3532150-03:00" endTime="2025-08-11T23:39:58.3532630-03:00" testType="13cdc9d9-ddb5-4fa4-a97d-d965ccfc6d4b" outcome="Passed" testListId="8c84fa94-04c1-424b-9868-57a2d4851a1d" relativeResultsDirectory="4a204c3d-db4b-4363-9ec8-e0881d24899e" />
    <UnitTestResult executionId="8ee0533a-b3a9-4d5d-a320-4d7ab8e82aea" testId="f7704aaa-e660-9ea3-e9fc-e4f0ba02380e" testName="FileContentRenamer.Tests.Services.FileValidatorTests.ShouldProcessFile_WithMixedCaseExtension_ShouldReturnTrue" computerName="MacBook-Pro" duration="00:00:00.0005248" startTime="2025-08-11T23:39:58.3505970-03:00" endTime="2025-08-11T23:39:58.3506380-03:00" testType="13cdc9d9-ddb5-4fa4-a97d-d965ccfc6d4b" outcome="Passed" testListId="8c84fa94-04c1-424b-9868-57a2d4851a1d" relativeResultsDirectory="8ee0533a-b3a9-4d5d-a320-4d7ab8e82aea" />
    <UnitTestResult executionId="578813e6-e7a8-40f6-91f1-dc00ef60b889" testId="50fa8f71-8d78-c5b2-6484-06fffd5546d4" testName="FileContentRenamer.Tests.Services.FilenameGeneratorTests.GenerateUniqueFilename_WithExistingFile_ShouldReturnNumberedVersion" computerName="MacBook-Pro" duration="00:00:00.0013615" startTime="2025-08-11T23:39:58.4051540-03:00" endTime="2025-08-11T23:39:58.4057260-03:00" testType="13cdc9d9-ddb5-4fa4-a97d-d965ccfc6d4b" outcome="Passed" testListId="8c84fa94-04c1-424b-9868-57a2d4851a1d" relativeResultsDirectory="578813e6-e7a8-40f6-91f1-dc00ef60b889" />
    <UnitTestResult executionId="9bd77873-1727-4f5d-b71c-6fda36b423c6" testId="923e4fe8-a8e9-3d7b-512d-479873b8f571" testName="FileContentRenamer.Tests.Models.NamingRuleTests.Matches_WithNullKeywords_ShouldReturnFalse" computerName="MacBook-Pro" duration="00:00:00.0001432" startTime="2025-08-11T23:39:57.8219380-03:00" endTime="2025-08-11T23:39:57.8219690-03:00" testType="13cdc9d9-ddb5-4fa4-a97d-d965ccfc6d4b" outcome="Passed" testListId="8c84fa94-04c1-424b-9868-57a2d4851a1d" relativeResultsDirectory="9bd77873-1727-4f5d-b71c-6fda36b423c6" />
    <UnitTestResult executionId="706cd063-2e5b-4d24-8ea7-0a2a131be5ae" testId="77219b7a-0f6b-514e-c829-c9674c2f30c4" testName="FileContentRenamer.Tests.Services.FileValidatorTests.ShouldProcessFile_WithDifferentCasing_ShouldBeCaseInsensitive(filename: &quot;test.pDf&quot;)" computerName="MacBook-Pro" duration="00:00:00.0005061" startTime="2025-08-11T23:39:58.3515390-03:00" endTime="2025-08-11T23:39:58.3515870-03:00" testType="13cdc9d9-ddb5-4fa4-a97d-d965ccfc6d4b" outcome="Passed" testListId="8c84fa94-04c1-424b-9868-57a2d4851a1d" relativeResultsDirectory="706cd063-2e5b-4d24-8ea7-0a2a131be5ae" />
    <UnitTestResult executionId="6d679c77-1160-473a-ac0d-3314340f10e6" testId="c98d8a8b-c350-72b5-2be4-aa500796a5e0" testName="FileContentRenamer.Tests.Models.NamingRulesTests.GenerateFilename_WithMatchingRule_ShouldUseRuleValues" computerName="MacBook-Pro" duration="00:00:00.0007530" startTime="2025-08-11T23:39:57.9194320-03:00" endTime="2025-08-11T23:39:57.9407850-03:00" testType="13cdc9d9-ddb5-4fa4-a97d-d965ccfc6d4b" outcome="Passed" testListId="8c84fa94-04c1-424b-9868-57a2d4851a1d" relativeResultsDirectory="6d679c77-1160-473a-ac0d-3314340f10e6" />
    <UnitTestResult executionId="918eec47-1fc6-46f1-bd9d-391bd6f069e8" testId="0316afba-cad9-583a-5a60-4cda40610283" testName="FileContentRenamer.Tests.Services.DateExtractorTests.ExtractDateFromFilename_WithVariousValidFormats_ShouldReturnCorrectDates(filename: &quot;service_2024-01-01_payment&quot;, expected: &quot;2024-01-01&quot;)" computerName="MacBook-Pro" duration="00:00:00.0000824" startTime="2025-08-11T23:39:57.9227220-03:00" endTime="2025-08-11T23:39:57.9227480-03:00" testType="13cdc9d9-ddb5-4fa4-a97d-d965ccfc6d4b" outcome="Passed" testListId="8c84fa94-04c1-424b-9868-57a2d4851a1d" relativeResultsDirectory="918eec47-1fc6-46f1-bd9d-391bd6f069e8" />
    <UnitTestResult executionId="5cdad372-f951-46f3-82dc-b11b6b668f43" testId="a86e36e4-e94e-5f42-8494-d796a058bcf2" testName="FileContentRenamer.Tests.Services.DirectoryOrganizerTests.IsInYearMonthStructure_WithInvalidStructure_ShouldReturnFalse(folderName: &quot;2024_not_year&quot;)" computerName="MacBook-Pro" duration="00:00:00.0004200" startTime="2025-08-11T23:39:58.0358230-03:00" endTime="2025-08-11T23:39:58.0366610-03:00" testType="13cdc9d9-ddb5-4fa4-a97d-d965ccfc6d4b" outcome="Passed" testListId="8c84fa94-04c1-424b-9868-57a2d4851a1d" relativeResultsDirectory="5cdad372-f951-46f3-82dc-b11b6b668f43" />
    <UnitTestResult executionId="cd6dbc2c-e5e3-4a4b-bd76-20f957fca189" testId="5126ad9e-208d-14c5-d223-4d3af568be87" testName="FileContentRenamer.Tests.Services.FilenameGeneratorTests.GenerateFilename_WithNoDateInContent_ShouldUseCurrentDate" computerName="MacBook-Pro" duration="00:00:00.0549895" startTime="2025-08-11T23:39:58.3039790-03:00" endTime="2025-08-11T23:39:58.3065170-03:00" testType="13cdc9d9-ddb5-4fa4-a97d-d965ccfc6d4b" outcome="Passed" testListId="8c84fa94-04c1-424b-9868-57a2d4851a1d" relativeResultsDirectory="cd6dbc2c-e5e3-4a4b-bd76-20f957fca189" />
    <UnitTestResult executionId="9b133958-2c43-4cbb-922e-4093eadec475" testId="3ef96430-2ab3-5a48-be56-e156f8c42b82" testName="FileContentRenamer.Tests.Services.PdfProcessorTests.ExtractContentAsync_WithEmptyFile_ShouldReturnEmptyString" computerName="MacBook-Pro" duration="00:00:00.0037649" startTime="2025-08-11T23:39:58.1945120-03:00" endTime="2025-08-11T23:39:58.1946870-03:00" testType="13cdc9d9-ddb5-4fa4-a97d-d965ccfc6d4b" outcome="Passed" testListId="8c84fa94-04c1-424b-9868-57a2d4851a1d" relativeResultsDirectory="9b133958-2c43-4cbb-922e-4093eadec475" />
    <UnitTestResult executionId="c6bd6199-cdc9-4309-8ed1-3eed9a32e5a4" testId="ef0ba115-bb03-098e-48b3-8914fb59fb7f" testName="FileContentRenamer.Tests.Services.DirectoryOrganizerTests.GetMonthName_WithValidMonth_ShouldReturnSpanishName(monthNumber: 1, expected: &quot;enero&quot;)" computerName="MacBook-Pro" duration="00:00:00.0000910" startTime="2025-08-11T23:39:57.9788830-03:00" endTime="2025-08-11T23:39:57.9789380-03:00" testType="13cdc9d9-ddb5-4fa4-a97d-d965ccfc6d4b" outcome="Passed" testListId="8c84fa94-04c1-424b-9868-57a2d4851a1d" relativeResultsDirectory="c6bd6199-cdc9-4309-8ed1-3eed9a32e5a4" />
    <UnitTestResult executionId="b98450e8-8656-4e79-91ed-914346d38d65" testId="6d7a483b-6c01-6e31-c6bf-ec0c2f6ad577" testName="FileContentRenamer.Tests.Services.PdfProcessorTests.CanProcess_WithPdfExtensionDifferentCasing_ShouldReturnTrue(filename: &quot;test.PDF&quot;)" computerName="MacBook-Pro" duration="00:00:00.0059713" startTime="2025-08-11T23:39:58.0845020-03:00" endTime="2025-08-11T23:39:58.0855580-03:00" testType="13cdc9d9-ddb5-4fa4-a97d-d965ccfc6d4b" outcome="Passed" testListId="8c84fa94-04c1-424b-9868-57a2d4851a1d" relativeResultsDirectory="b98450e8-8656-4e79-91ed-914346d38d65" />
    <UnitTestResult executionId="1804e770-52b9-4e31-bfdf-1fc54eea7208" testId="cf2ff463-604f-4bdf-13f9-b9c49d510424" testName="FileContentRenamer.Tests.Services.FileValidatorTests.ValidateConfiguration_WithNonExistentBasePath_ShouldReturnFalse" computerName="MacBook-Pro" duration="00:00:00.0002932" startTime="2025-08-11T23:39:58.3502700-03:00" endTime="2025-08-11T23:39:58.3503130-03:00" testType="13cdc9d9-ddb5-4fa4-a97d-d965ccfc6d4b" outcome="Passed" testListId="8c84fa94-04c1-424b-9868-57a2d4851a1d" relativeResultsDirectory="1804e770-52b9-4e31-bfdf-1fc54eea7208" />
    <UnitTestResult executionId="5cb470f7-a2b7-4fcf-a996-7f8d29e5dacc" testId="eda4a5c5-8fa3-8699-5242-449863672e55" testName="FileContentRenamer.Tests.Models.NamingRuleTests.Matches_WithCaseInsensitiveKeywords_ShouldReturnTrue" computerName="MacBook-Pro" duration="00:00:00.0000783" startTime="2025-08-11T23:39:57.9162310-03:00" endTime="2025-08-11T23:39:57.9167190-03:00" testType="13cdc9d9-ddb5-4fa4-a97d-d965ccfc6d4b" outcome="Passed" testListId="8c84fa94-04c1-424b-9868-57a2d4851a1d" relativeResultsDirectory="5cb470f7-a2b7-4fcf-a996-7f8d29e5dacc" />
    <UnitTestResult executionId="f49b8f5e-c481-44be-a0ae-c0e2989e50f9" testId="5203fca7-8d46-0785-3587-4e70c16ca73b" testName="FileContentRenamer.Tests.Services.PdfProcessorTests.ExtractContentAsync_WithInvalidPdfFile_ShouldReturnEmptyString" computerName="MacBook-Pro" duration="00:00:00.0037390" startTime="2025-08-11T23:39:58.1966240-03:00" endTime="2025-08-11T23:39:58.2002940-03:00" testType="13cdc9d9-ddb5-4fa4-a97d-d965ccfc6d4b" outcome="Passed" testListId="8c84fa94-04c1-424b-9868-57a2d4851a1d" relativeResultsDirectory="f49b8f5e-c481-44be-a0ae-c0e2989e50f9" />
    <UnitTestResult executionId="2d879417-12be-463a-a008-14edb25c9041" testId="4a85101f-96ab-da99-c27c-46820deea64a" testName="FileContentRenamer.Tests.Services.FilenameGeneratorTests.CleanupFileName_WithVariousInputs_ShouldReturnCleanedName(input: &quot;valid_filename&quot;, expected: &quot;valid_filename&quot;)" computerName="MacBook-Pro" duration="00:00:00.0000109" startTime="2025-08-11T23:39:58.2769390-03:00" endTime="2025-08-11T23:39:58.2769640-03:00" testType="13cdc9d9-ddb5-4fa4-a97d-d965ccfc6d4b" outcome="Passed" testListId="8c84fa94-04c1-424b-9868-57a2d4851a1d" relativeResultsDirectory="2d879417-12be-463a-a008-14edb25c9041" />
    <UnitTestResult executionId="c5b3e54f-f6bd-4a11-9de6-4184545fe865" testId="2266e366-c62d-09c9-ded7-1e7b5d0da037" testName="FileContentRenamer.Tests.Services.DirectoryOrganizerTests.IsInYearMonthStructure_WithInvalidStructure_ShouldReturnFalse(folderName: &quot;03_marzo_not_in_year&quot;)" computerName="MacBook-Pro" duration="00:00:00.0003113" startTime="2025-08-11T23:39:58.0369460-03:00" endTime="2025-08-11T23:39:58.0369970-03:00" testType="13cdc9d9-ddb5-4fa4-a97d-d965ccfc6d4b" outcome="Passed" testListId="8c84fa94-04c1-424b-9868-57a2d4851a1d" relativeResultsDirectory="c5b3e54f-f6bd-4a11-9de6-4184545fe865" />
    <UnitTestResult executionId="8627f08c-7d26-4623-b20c-997bfc97434a" testId="8b50f6a7-4d32-7ee6-c298-95c6826dd2dd" testName="FileContentRenamer.Tests.Services.ImageProcessorTests.CanProcess_WithImageExtensions_ShouldReturnTrue(extension: &quot;.png&quot;)" computerName="MacBook-Pro" duration="00:00:00.0322163" startTime="2025-08-11T23:39:58.4566800-03:00" endTime="2025-08-11T23:39:58.4683930-03:00" testType="13cdc9d9-ddb5-4fa4-a97d-d965ccfc6d4b" outcome="Passed" testListId="8c84fa94-04c1-424b-9868-57a2d4851a1d" relativeResultsDirectory="8627f08c-7d26-4623-b20c-997bfc97434a" />
    <UnitTestResult executionId="aa6aef94-7b27-4e5b-a1b4-19cc01a2bb65" testId="c1072614-89d7-ecfa-6ece-76abc08d540d" testName="FileContentRenamer.Tests.Services.FilenameGeneratorTests.IsAlreadyNamedFilename_WithInvalidFormats_ShouldReturnFalse(filename: &quot;&quot;)" computerName="MacBook-Pro" duration="00:00:00.0000830" startTime="2025-08-11T23:39:58.2831430-03:00" endTime="2025-08-11T23:39:58.2831840-03:00" testType="13cdc9d9-ddb5-4fa4-a97d-d965ccfc6d4b" outcome="Passed" testListId="8c84fa94-04c1-424b-9868-57a2d4851a1d" relativeResultsDirectory="aa6aef94-7b27-4e5b-a1b4-19cc01a2bb65" />
    <UnitTestResult executionId="32f57de5-a73a-46d5-a2fa-d4469d4cd366" testId="5be72c0f-bb2d-feba-e528-7ed830f5c677" testName="FileContentRenamer.Tests.Services.DateExtractorTests.ExtractDateFromContent_WithVariousSpanishDates_ShouldReturnCorrectDates(content: &quot;31 de diciembre de 2023&quot;, expected: &quot;2023-12-31&quot;)" computerName="MacBook-Pro" duration="00:00:00.0000683" startTime="2025-08-11T23:39:57.9431170-03:00" endTime="2025-08-11T23:39:57.9436190-03:00" testType="13cdc9d9-ddb5-4fa4-a97d-d965ccfc6d4b" outcome="Passed" testListId="8c84fa94-04c1-424b-9868-57a2d4851a1d" relativeResultsDirectory="32f57de5-a73a-46d5-a2fa-d4469d4cd366" />
    <UnitTestResult executionId="614ea297-cea2-48fe-9354-f2a30673088b" testId="aab50796-093f-3ad1-51eb-ff5551165480" testName="FileContentRenamer.Tests.Services.PdfProcessorTests.ExtractContentAsync_WithNonExistentFile_ShouldReturnEmptyString" computerName="MacBook-Pro" duration="00:00:00.0224220" startTime="2025-08-11T23:39:58.0863110-03:00" endTime="2025-08-11T23:39:58.0863600-03:00" testType="13cdc9d9-ddb5-4fa4-a97d-d965ccfc6d4b" outcome="Passed" testListId="8c84fa94-04c1-424b-9868-57a2d4851a1d" relativeResultsDirectory="614ea297-cea2-48fe-9354-f2a30673088b" />
    <UnitTestResult executionId="a0a088f4-9cdf-4118-a02f-bc29ba4b5f9f" testId="8642e301-1a01-c43f-5457-781e9082a823" testName="FileContentRenamer.Tests.Services.PdfProcessorTests.CanProcess_WithPdfExtensionVariations_ShouldReturnTrue(filename: &quot;document.PDF&quot;)" computerName="MacBook-Pro" duration="00:00:00.0000961" startTime="2025-08-11T23:39:58.1938190-03:00" endTime="2025-08-11T23:39:58.1939660-03:00" testType="13cdc9d9-ddb5-4fa4-a97d-d965ccfc6d4b" outcome="Passed" testListId="8c84fa94-04c1-424b-9868-57a2d4851a1d" relativeResultsDirectory="a0a088f4-9cdf-4118-a02f-bc29ba4b5f9f" />
    <UnitTestResult executionId="66f7b073-480e-403b-8035-96a71bfa98cc" testId="f0b07320-4d8e-00cc-a232-a17246b4be02" testName="FileContentRenamer.Tests.Services.FileServiceTests.ProcessFilesAsync_WithValidFiles_ShouldProcessFiles" computerName="MacBook-Pro" duration="00:00:00.1049381" startTime="2025-08-11T23:39:58.2517400-03:00" endTime="2025-08-11T23:39:58.3518790-03:00" testType="13cdc9d9-ddb5-4fa4-a97d-d965ccfc6d4b" outcome="Passed" testListId="8c84fa94-04c1-424b-9868-57a2d4851a1d" relativeResultsDirectory="66f7b073-480e-403b-8035-96a71bfa98cc" />
    <UnitTestResult executionId="43b81be4-1731-4b1e-a8a7-74ea09d13fc4" testId="63740491-dbe7-68e1-03c8-149486e0c4ce" testName="FileContentRenamer.Tests.Services.DirectoryOrganizerTests.IsInYearMonthStructure_WithMonthInYearFolder_ShouldReturnTrue" computerName="MacBook-Pro" duration="00:00:00.0208041" startTime="2025-08-11T23:39:58.2808890-03:00" endTime="2025-08-11T23:39:58.2825170-03:00" testType="13cdc9d9-ddb5-4fa4-a97d-d965ccfc6d4b" outcome="Passed" testListId="8c84fa94-04c1-424b-9868-57a2d4851a1d" relativeResultsDirectory="43b81be4-1731-4b1e-a8a7-74ea09d13fc4" />
    <UnitTestResult executionId="5aeb49fa-f457-4ef9-bb31-489f0e85d3e8" testId="6f2af002-27a0-bce9-8dd8-c05215b58bbb" testName="FileContentRenamer.Tests.Services.DirectoryOrganizerTests.OrganizeFileIntoDirectoryStructure_WithEmptyDate_ShouldReturnOriginalPath" computerName="MacBook-Pro" duration="00:00:00.0006463" startTime="2025-08-11T23:39:58.2785580-03:00" endTime="2025-08-11T23:39:58.2805940-03:00" testType="13cdc9d9-ddb5-4fa4-a97d-d965ccfc6d4b" outcome="Passed" testListId="8c84fa94-04c1-424b-9868-57a2d4851a1d" relativeResultsDirectory="5aeb49fa-f457-4ef9-bb31-489f0e85d3e8" />
    <UnitTestResult executionId="fa3fed4d-6a48-4b6a-aaab-49d2278d8eb8" testId="2fcf9509-91d2-8211-d6e4-a72c7870e72f" testName="FileContentRenamer.Tests.Services.ImageProcessorTests.CanProcess_WithImageExtensionsDifferentCasing_ShouldReturnTrue(extension: &quot;.JPEG&quot;)" computerName="MacBook-Pro" duration="00:00:00.0314851" startTime="2025-08-11T23:39:58.5891850-03:00" endTime="2025-08-11T23:39:58.6002220-03:00" testType="13cdc9d9-ddb5-4fa4-a97d-d965ccfc6d4b" outcome="Passed" testListId="8c84fa94-04c1-424b-9868-57a2d4851a1d" relativeResultsDirectory="fa3fed4d-6a48-4b6a-aaab-49d2278d8eb8" />
    <UnitTestResult executionId="eff597bc-05ba-4cd8-b597-3b7349b36d3a" testId="7f685fe8-e8c1-84de-476c-7b3537eb652d" testName="FileContentRenamer.Tests.Services.DateExtractorTests.ExtractDateFromFilename_WithNullFilename_ShouldThrowArgumentNullException" computerName="MacBook-Pro" duration="00:00:00.0025082" startTime="2025-08-11T23:39:57.9656820-03:00" endTime="2025-08-11T23:39:57.9667500-03:00" testType="13cdc9d9-ddb5-4fa4-a97d-d965ccfc6d4b" outcome="Passed" testListId="8c84fa94-04c1-424b-9868-57a2d4851a1d" relativeResultsDirectory="eff597bc-05ba-4cd8-b597-3b7349b36d3a" />
    <UnitTestResult executionId="5ae1586b-a4c3-42d9-9911-69252e30b5af" testId="f0195bc9-b668-8b5d-b703-9a52aa1e98e6" testName="FileContentRenamer.Tests.Services.FileValidatorTests.ValidateConfiguration_WithNullBasePath_ShouldReturnFalse" computerName="MacBook-Pro" duration="00:00:00.0001572" startTime="2025-08-11T23:39:58.3555180-03:00" endTime="2025-08-11T23:39:58.3557440-03:00" testType="13cdc9d9-ddb5-4fa4-a97d-d965ccfc6d4b" outcome="Passed" testListId="8c84fa94-04c1-424b-9868-57a2d4851a1d" relativeResultsDirectory="5ae1586b-a4c3-42d9-9911-69252e30b5af" />
    <UnitTestResult executionId="8f95b289-bdcd-4ef1-8b16-6a9970b6a97d" testId="8788403a-0d19-e088-1175-07bf39207809" testName="FileContentRenamer.Tests.Services.PdfProcessorTests.CanProcess_WithNonPdfExtension_ShouldReturnFalse(filename: &quot;test.jpg&quot;)" computerName="MacBook-Pro" duration="00:00:00.0001341" startTime="2025-08-11T23:39:58.0874590-03:00" endTime="2025-08-11T23:39:58.0875180-03:00" testType="13cdc9d9-ddb5-4fa4-a97d-d965ccfc6d4b" outcome="Passed" testListId="8c84fa94-04c1-424b-9868-57a2d4851a1d" relativeResultsDirectory="8f95b289-bdcd-4ef1-8b16-6a9970b6a97d" />
    <UnitTestResult executionId="d11324b3-48cb-4a2f-96b8-1f9c214f22f7" testId="ee802fc6-9af0-1284-c4b7-a8377911ec00" testName="FileContentRenamer.Tests.Services.TextProcessorTests.CanProcess_WithNonTxtExtension_ShouldReturnFalse(filename: &quot;test&quot;)" computerName="MacBook-Pro" duration="00:00:00.0001081" startTime="2025-08-11T23:39:58.1995560-03:00" endTime="2025-08-11T23:39:58.1996040-03:00" testType="13cdc9d9-ddb5-4fa4-a97d-d965ccfc6d4b" outcome="Passed" testListId="8c84fa94-04c1-424b-9868-57a2d4851a1d" relativeResultsDirectory="d11324b3-48cb-4a2f-96b8-1f9c214f22f7" />
    <UnitTestResult executionId="f6b7ec9a-c168-493e-a047-f1f7b8968590" testId="ab0172d5-f8de-2bd2-5705-f61f86ff407f" testName="FileContentRenamer.Tests.Services.DateExtractorTests.ExtractDateFromContent_WithMultipleDates_ShouldReturnFirstFound" computerName="MacBook-Pro" duration="00:00:00.0000497" startTime="2025-08-11T23:39:57.9708970-03:00" endTime="2025-08-11T23:39:57.9709290-03:00" testType="13cdc9d9-ddb5-4fa4-a97d-d965ccfc6d4b" outcome="Passed" testListId="8c84fa94-04c1-424b-9868-57a2d4851a1d" relativeResultsDirectory="f6b7ec9a-c168-493e-a047-f1f7b8968590" />
    <UnitTestResult executionId="9cfea712-0a5f-4256-aa10-ae59980512a8" testId="30177b80-4255-9855-fa20-76724e89c280" testName="FileContentRenamer.Tests.Services.PdfProcessorTests.CanProcess_WithPdfExtensionDifferentCasing_ShouldReturnTrue(filename: &quot;test.Pdf&quot;)" computerName="MacBook-Pro" duration="00:00:00.0008227" startTime="2025-08-11T23:39:58.0825970-03:00" endTime="2025-08-11T23:39:58.0842030-03:00" testType="13cdc9d9-ddb5-4fa4-a97d-d965ccfc6d4b" outcome="Passed" testListId="8c84fa94-04c1-424b-9868-57a2d4851a1d" relativeResultsDirectory="9cfea712-0a5f-4256-aa10-ae59980512a8" />
    <UnitTestResult executionId="01bdebdc-bb46-46b3-8f7b-e7b40ac63dbd" testId="999b4cf4-0fb5-ec67-530a-d59638da1c9d" testName="FileContentRenamer.Tests.Services.DateExtractorTests.ExtractDateFromContent_WithInvalidSpanishMonth_ShouldFallbackToOtherFormats" computerName="MacBook-Pro" duration="00:00:00.0001081" startTime="2025-08-11T23:39:57.9674660-03:00" endTime="2025-08-11T23:39:57.9704610-03:00" testType="13cdc9d9-ddb5-4fa4-a97d-d965ccfc6d4b" outcome="Passed" testListId="8c84fa94-04c1-424b-9868-57a2d4851a1d" relativeResultsDirectory="01bdebdc-bb46-46b3-8f7b-e7b40ac63dbd" />
    <UnitTestResult executionId="f69f5669-ab0b-4cf9-bd89-2a503968e586" testId="929aa209-e3f7-852b-9884-da4d7850f9c4" testName="FileContentRenamer.Tests.Services.TextProcessorTests.ExtractContentAsync_WithValidTextFile_ShouldReturnContent" computerName="MacBook-Pro" duration="00:00:00.0224568" startTime="2025-08-11T23:39:57.8075470-03:00" endTime="2025-08-11T23:39:57.9766410-03:00" testType="13cdc9d9-ddb5-4fa4-a97d-d965ccfc6d4b" outcome="Passed" testListId="8c84fa94-04c1-424b-9868-57a2d4851a1d" relativeResultsDirectory="f69f5669-ab0b-4cf9-bd89-2a503968e586" />
    <UnitTestResult executionId="398953d3-61c1-48d3-a64d-d769c71a5512" testId="013af074-e0c5-bb27-30f4-779070d7fe10" testName="FileContentRenamer.Tests.Services.DateExtractorTests.ExtractDateFromFilename_WithInvalidFormat_ShouldReturnEmptyString" computerName="MacBook-Pro" duration="00:00:00.0000505" startTime="2025-08-11T23:39:57.9221210-03:00" endTime="2025-08-11T23:39:57.9221480-03:00" testType="13cdc9d9-ddb5-4fa4-a97d-d965ccfc6d4b" outcome="Passed" testListId="8c84fa94-04c1-424b-9868-57a2d4851a1d" relativeResultsDirectory="398953d3-61c1-48d3-a64d-d769c71a5512" />
    <UnitTestResult executionId="38f65d35-5341-4b46-b7a2-741f22e27d28" testId="8ff3c0db-187d-d0d0-7eb2-736414974987" testName="FileContentRenamer.Tests.Services.DirectoryOrganizerTests.OrganizeFileIntoDirectoryStructure_WithDuplicateFile_ShouldCreateUniqueFilename" computerName="MacBook-Pro" duration="00:00:00.0038572" startTime="2025-08-11T23:39:58.2755250-03:00" endTime="2025-08-11T23:39:58.2773430-03:00" testType="13cdc9d9-ddb5-4fa4-a97d-d965ccfc6d4b" outcome="Passed" testListId="8c84fa94-04c1-424b-9868-57a2d4851a1d" relativeResultsDirectory="38f65d35-5341-4b46-b7a2-741f22e27d28" />
    <UnitTestResult executionId="4a80e077-bc95-4c24-a8ff-53806c516b39" testId="ff7c2091-3327-e767-4933-31644bd21f67" testName="FileContentRenamer.Tests.Configuration.ServiceConfigurationTests.ConfigureServices_ShouldRegisterAllServices" computerName="MacBook-Pro" duration="00:00:00.0509731" startTime="2025-08-11T23:39:58.0952870-03:00" endTime="2025-08-11T23:39:58.1966790-03:00" testType="13cdc9d9-ddb5-4fa4-a97d-d965ccfc6d4b" outcome="Passed" testListId="8c84fa94-04c1-424b-9868-57a2d4851a1d" relativeResultsDirectory="4a80e077-bc95-4c24-a8ff-53806c516b39" />
    <UnitTestResult executionId="55250047-fe57-455d-8323-3e295fa33a1a" testId="0879aeff-9eea-f072-4fd3-f308a5ff4abd" testName="FileContentRenamer.Tests.Services.ImageProcessorTests.CanProcess_WithImageExtensions_ShouldReturnTrue(extension: &quot;.jpg&quot;)" computerName="MacBook-Pro" duration="00:00:00.0311410" startTime="2025-08-11T23:39:58.4283510-03:00" endTime="2025-08-11T23:39:58.4360520-03:00" testType="13cdc9d9-ddb5-4fa4-a97d-d965ccfc6d4b" outcome="Passed" testListId="8c84fa94-04c1-424b-9868-57a2d4851a1d" relativeResultsDirectory="55250047-fe57-455d-8323-3e295fa33a1a" />
    <UnitTestResult executionId="91c14f1d-6832-43fc-b497-1d2141d17ea7" testId="4cd48cba-1ee4-9efa-c790-541706c3159b" testName="FileContentRenamer.Tests.Services.FileValidatorTests.ValidateFileSize_WithLargeFile_ShouldLogWarning" computerName="MacBook-Pro" duration="00:00:00.1208594" startTime="2025-08-11T23:39:58.2046190-03:00" endTime="2025-08-11T23:39:58.2812460-03:00" testType="13cdc9d9-ddb5-4fa4-a97d-d965ccfc6d4b" outcome="Passed" testListId="8c84fa94-04c1-424b-9868-57a2d4851a1d" relativeResultsDirectory="91c14f1d-6832-43fc-b497-1d2141d17ea7" />
    <UnitTestResult executionId="4bcbaeec-52e2-4ad9-8506-fe3319b5e114" testId="b9d72b25-82ca-6ec3-5870-6ffcc88918e2" testName="FileContentRenamer.Tests.Services.DirectoryOrganizerTests.GetMonthName_WithValidMonth_ShouldReturnSpanishName(monthNumber: 10, expected: &quot;octubre&quot;)" computerName="MacBook-Pro" duration="00:00:00.0006861" startTime="2025-08-11T23:39:57.9770380-03:00" endTime="2025-08-11T23:39:57.9772190-03:00" testType="13cdc9d9-ddb5-4fa4-a97d-d965ccfc6d4b" outcome="Passed" testListId="8c84fa94-04c1-424b-9868-57a2d4851a1d" relativeResultsDirectory="4bcbaeec-52e2-4ad9-8506-fe3319b5e114" />
    <UnitTestResult executionId="7b7c6c0f-772a-4188-a046-e1fba0fe9e0a" testId="b88cda59-316a-d792-4d81-e490d0212c2d" testName="FileContentRenamer.Tests.Services.DirectoryOrganizerTests.GetMonthName_WithValidMonth_ShouldReturnSpanishName(monthNumber: 3, expected: &quot;marzo&quot;)" computerName="MacBook-Pro" duration="00:00:00.0000949" startTime="2025-08-11T23:39:58.0327700-03:00" endTime="2025-08-11T23:39:58.0330020-03:00" testType="13cdc9d9-ddb5-4fa4-a97d-d965ccfc6d4b" outcome="Passed" testListId="8c84fa94-04c1-424b-9868-57a2d4851a1d" relativeResultsDirectory="7b7c6c0f-772a-4188-a046-e1fba0fe9e0a" />
    <UnitTestResult executionId="1230a1d5-10b4-4142-80b6-421de30fecdd" testId="18d4c37f-1583-f497-ec0c-ad5f807ccb48" testName="FileContentRenamer.Tests.Services.DateExtractorTests.ExtractDateFromContent_WithVariousDueDateFormats_ShouldReturnCorrectDates(content: &quot;vencimiento 01/01/2025&quot;, expected: &quot;2025-01-01&quot;)" computerName="MacBook-Pro" duration="00:00:00.0007463" startTime="2025-08-11T23:39:57.8201060-03:00" endTime="2025-08-11T23:39:57.9153700-03:00" testType="13cdc9d9-ddb5-4fa4-a97d-d965ccfc6d4b" outcome="Passed" testListId="8c84fa94-04c1-424b-9868-57a2d4851a1d" relativeResultsDirectory="1230a1d5-10b4-4142-80b6-421de30fecdd" />
    <UnitTestResult executionId="998c2dd3-98c0-433e-8f93-25c07d31a184" testId="795f8691-da02-dc90-c006-df2b05e484b8" testName="FileContentRenamer.Tests.Services.DirectoryOrganizerTests.IsInYearMonthStructure_WithYearFolder_ShouldReturnTrue" computerName="MacBook-Pro" duration="00:00:00.0005370" startTime="2025-08-11T23:39:58.2828390-03:00" endTime="2025-08-11T23:39:58.3047490-03:00" testType="13cdc9d9-ddb5-4fa4-a97d-d965ccfc6d4b" outcome="Passed" testListId="8c84fa94-04c1-424b-9868-57a2d4851a1d" relativeResultsDirectory="998c2dd3-98c0-433e-8f93-25c07d31a184" />
    <UnitTestResult executionId="cb956d36-f577-4bcc-9ada-bbd0c0378ac6" testId="2c747d1f-f1c9-2115-b65f-2b6f4087b146" testName="FileContentRenamer.Tests.Services.FilenameGeneratorTests.IsAlreadyNamedFilename_WithValidFormats_ShouldReturnTrue(filename: &quot;test_2023-12-31_card&quot;)" computerName="MacBook-Pro" duration="00:00:00.0000284" startTime="2025-08-11T23:39:58.0837970-03:00" endTime="2025-08-11T23:39:58.0838270-03:00" testType="13cdc9d9-ddb5-4fa4-a97d-d965ccfc6d4b" outcome="Passed" testListId="8c84fa94-04c1-424b-9868-57a2d4851a1d" relativeResultsDirectory="cb956d36-f577-4bcc-9ada-bbd0c0378ac6" />
    <UnitTestResult executionId="dc2fed72-2424-48a1-84b6-f74db7affbde" testId="7eff9737-dcfc-63b6-3d57-04bd941b7068" testName="FileContentRenamer.Tests.Services.ImageProcessorTests.ExtractContentAsync_WithEmptyFile_ShouldReturnEmptyString" computerName="MacBook-Pro" duration="00:00:00.0823171" startTime="2025-08-11T23:39:59.6324040-03:00" endTime="2025-08-11T23:39:59.6972820-03:00" testType="13cdc9d9-ddb5-4fa4-a97d-d965ccfc6d4b" outcome="Passed" testListId="8c84fa94-04c1-424b-9868-57a2d4851a1d" relativeResultsDirectory="dc2fed72-2424-48a1-84b6-f74db7affbde" />
    <UnitTestResult executionId="bab34e1b-0b62-4259-b964-8ae72849744f" testId="a3da5712-1fc6-1483-5013-eb15e94741bb" testName="FileContentRenamer.Tests.Models.AppConfigTests.LoadFromConfiguration_WithMissingFileExtensions_ShouldThrowException" computerName="MacBook-Pro" duration="00:00:00.0616274" startTime="2025-08-11T23:39:58.8204580-03:00" endTime="2025-08-11T23:39:58.8541210-03:00" testType="13cdc9d9-ddb5-4fa4-a97d-d965ccfc6d4b" outcome="Failed" testListId="8c84fa94-04c1-424b-9868-57a2d4851a1d" relativeResultsDirectory="bab34e1b-0b62-4259-b964-8ae72849744f">
      <Output>
        <ErrorInfo>
          <Message>Expected a &lt;System.InvalidOperationException&gt; to be thrown, but no exception was thrown.</Message>
          <StackTrace>   at FluentAssertions.Execution.XUnit2TestFramework.Throw(String message)
   at FluentAssertions.Execution.TestFrameworkProvider.Throw(String message)
   at FluentAssertions.Execution.DefaultAssertionStrategy.HandleFailure(String message)
   at FluentAssertions.Execution.AssertionScope.FailWith(Func`1 failReasonFunc)
   at FluentAssertions.Execution.AssertionScope.FailWith(Func`1 failReasonFunc)
   at FluentAssertions.Execution.AssertionScope.FailWith(String message)
   at FluentAssertions.Specialized.DelegateAssertionsBase`2.ThrowInternal[TException](Exception exception, String because, Object[] becauseArgs)
   at FluentAssertions.Specialized.DelegateAssertions`2.Throw[TException](String because, Object[] becauseArgs)
   at FileContentRenamer.Tests.Models.AppConfigTests.LoadFromConfiguration_WithMissingFileExtensions_ShouldThrowException() in /Users/santibraida/Workspace/comprobantes/FileContentRenamer.Tests/Models/AppConfigTests.cs:line 260
   at System.RuntimeMethodHandle.InvokeMethod(Object target, Void** arguments, Signature sig, Boolean isConstructor)
   at System.Reflection.MethodBaseInvoker.InvokeWithNoArgs(Object obj, BindingFlags invokeAttr)</StackTrace>
        </ErrorInfo>
      </Output>
    </UnitTestResult>
    <UnitTestResult executionId="92459b83-9066-4db3-a7b9-1f26092c9cb9" testId="80bc6a5a-eb03-5068-fdbc-47b2721cfaa4" testName="FileContentRenamer.Tests.Services.ImageProcessorTests.CanProcess_WithImageExtensionsDifferentCasing_ShouldReturnTrue(extension: &quot;.JPG&quot;)" computerName="MacBook-Pro" duration="00:00:00.0325582" startTime="2025-08-11T23:39:58.5569150-03:00" endTime="2025-08-11T23:39:58.5686540-03:00" testType="13cdc9d9-ddb5-4fa4-a97d-d965ccfc6d4b" outcome="Passed" testListId="8c84fa94-04c1-424b-9868-57a2d4851a1d" relativeResultsDirectory="92459b83-9066-4db3-a7b9-1f26092c9cb9" />
    <UnitTestResult executionId="8599117c-c164-4a17-bef5-9d3c7c03cf37" testId="ae46ec5c-7f7f-c8d8-b22b-c6a93692a055" testName="FileContentRenamer.Tests.Services.TextProcessorTests.ExtractContentAsync_WithExactly1000Characters_ShouldReturnAllContent" computerName="MacBook-Pro" duration="00:00:00.0231656" startTime="2025-08-11T23:39:58.0935520-03:00" endTime="2025-08-11T23:39:58.0962650-03:00" testType="13cdc9d9-ddb5-4fa4-a97d-d965ccfc6d4b" outcome="Passed" testListId="8c84fa94-04c1-424b-9868-57a2d4851a1d" relativeResultsDirectory="8599117c-c164-4a17-bef5-9d3c7c03cf37" />
    <UnitTestResult executionId="d956d027-de8c-4ef5-9496-b4411655c915" testId="2ce66dbc-f5ab-5500-4273-caffb3bf4e5f" testName="FileContentRenamer.Tests.Models.NamingRulesTests.FindMatchingRule_WithNoMatchingRule_ShouldReturnNull" computerName="MacBook-Pro" duration="00:00:00.0001705" startTime="2025-08-11T23:39:57.9426180-03:00" endTime="2025-08-11T23:39:57.9428300-03:00" testType="13cdc9d9-ddb5-4fa4-a97d-d965ccfc6d4b" outcome="Passed" testListId="8c84fa94-04c1-424b-9868-57a2d4851a1d" relativeResultsDirectory="d956d027-de8c-4ef5-9496-b4411655c915" />
    <UnitTestResult executionId="18bf475b-c5ea-4d7e-81f6-cf425f10e62b" testId="9a26edef-7dd2-4e60-c205-9ce214074484" testName="FileContentRenamer.Tests.Services.DirectoryOrganizerTests.OrganizeFileIntoDirectoryStructure_WithDifferentYears_ShouldCreateNewYearStructure" computerName="MacBook-Pro" duration="00:00:00.0011300" startTime="2025-08-11T23:39:58.0479230-03:00" endTime="2025-08-11T23:39:58.0479810-03:00" testType="13cdc9d9-ddb5-4fa4-a97d-d965ccfc6d4b" outcome="Passed" testListId="8c84fa94-04c1-424b-9868-57a2d4851a1d" relativeResultsDirectory="18bf475b-c5ea-4d7e-81f6-cf425f10e62b" />
    <UnitTestResult executionId="e8c8b07f-2e04-4c4e-9a6b-8bf23186df8b" testId="62c33e58-2f83-26ac-2ae0-9b8229cc93ab" testName="FileContentRenamer.Tests.Services.FileValidatorTests.ValidateFileSize_WithEmptyFile_ShouldLogWarning" computerName="MacBook-Pro" duration="00:00:00.0545432" startTime="2025-08-11T23:39:58.3064520-03:00" endTime="2025-08-11T23:39:58.3068540-03:00" testType="13cdc9d9-ddb5-4fa4-a97d-d965ccfc6d4b" outcome="Passed" testListId="8c84fa94-04c1-424b-9868-57a2d4851a1d" relativeResultsDirectory="e8c8b07f-2e04-4c4e-9a6b-8bf23186df8b" />
    <UnitTestResult executionId="37dcc557-3560-4631-990a-0cdd8c9c5f43" testId="3890aa01-b165-5f49-b90e-3db1a4c16e7b" testName="FileContentRenamer.Tests.Services.FileValidatorTests.ValidateFileSize_WithInvalidPath_ShouldNotThrow" computerName="MacBook-Pro" duration="00:00:00.0005687" startTime="2025-08-11T23:39:58.3541870-03:00" endTime="2025-08-11T23:39:58.3542380-03:00" testType="13cdc9d9-ddb5-4fa4-a97d-d965ccfc6d4b" outcome="Passed" testListId="8c84fa94-04c1-424b-9868-57a2d4851a1d" relativeResultsDirectory="37dcc557-3560-4631-990a-0cdd8c9c5f43" />
    <UnitTestResult executionId="3c6e62c5-0f23-4b82-9677-47de1def83ed" testId="43108df8-7f9e-e70a-a456-a12f9dd6bbcf" testName="FileContentRenamer.Tests.Services.DateExtractorTests.ExtractDateFromContent_WithNullContent_ShouldReturnEmptyString" computerName="MacBook-Pro" duration="00:00:00.0000402" startTime="2025-08-11T23:39:57.9218050-03:00" endTime="2025-08-11T23:39:57.9218340-03:00" testType="13cdc9d9-ddb5-4fa4-a97d-d965ccfc6d4b" outcome="Passed" testListId="8c84fa94-04c1-424b-9868-57a2d4851a1d" relativeResultsDirectory="3c6e62c5-0f23-4b82-9677-47de1def83ed" />
    <UnitTestResult executionId="ea59d02d-1d83-408e-a98e-9d536ef5406b" testId="8b0489e4-2aca-7279-af69-b44674c9e8bb" testName="FileContentRenamer.Tests.Services.ImageProcessorTests.CanProcess_WithImageExtensionsDifferentCasing_ShouldReturnTrue(extension: &quot;.TIFF&quot;)" computerName="MacBook-Pro" duration="00:00:00.0342001" startTime="2025-08-11T23:39:58.5240940-03:00" endTime="2025-08-11T23:39:58.5360640-03:00" testType="13cdc9d9-ddb5-4fa4-a97d-d965ccfc6d4b" outcome="Passed" testListId="8c84fa94-04c1-424b-9868-57a2d4851a1d" relativeResultsDirectory="ea59d02d-1d83-408e-a98e-9d536ef5406b" />
    <UnitTestResult executionId="baf2e49a-13e9-4135-8b49-3cedab5d6425" testId="7e3a9744-91b7-a2b9-ebb3-73a79e07c25d" testName="FileContentRenamer.Tests.Services.FileValidatorTests.ShouldProcessFile_WithInvalidExtensions_ShouldReturnFalse(extension: &quot;.doc&quot;)" computerName="MacBook-Pro" duration="00:00:00.0003890" startTime="2025-08-11T23:39:58.2040210-03:00" endTime="2025-08-11T23:39:58.2040780-03:00" testType="13cdc9d9-ddb5-4fa4-a97d-d965ccfc6d4b" outcome="Passed" testListId="8c84fa94-04c1-424b-9868-57a2d4851a1d" relativeResultsDirectory="baf2e49a-13e9-4135-8b49-3cedab5d6425" />
    <UnitTestResult executionId="4fa3d80b-cde7-4da3-9c04-91bb0f5dea97" testId="3a8b252e-af29-2782-c8cf-4c2dc2637787" testName="FileContentRenamer.Tests.Services.DirectoryOrganizerTests.GetMonthName_WithValidMonth_ShouldReturnSpanishName(monthNumber: 8, expected: &quot;agosto&quot;)" computerName="MacBook-Pro" duration="00:00:00.0001367" startTime="2025-08-11T23:39:57.9775650-03:00" endTime="2025-08-11T23:39:57.9776100-03:00" testType="13cdc9d9-ddb5-4fa4-a97d-d965ccfc6d4b" outcome="Passed" testListId="8c84fa94-04c1-424b-9868-57a2d4851a1d" relativeResultsDirectory="4fa3d80b-cde7-4da3-9c04-91bb0f5dea97" />
    <UnitTestResult executionId="13eaf8f4-eb00-48f3-8611-e5c248ab8a3f" testId="84a9103c-97d7-5edf-a781-47d0dfd1a75b" testName="FileContentRenamer.Tests.Services.FilenameGeneratorTests.CleanupFileName_WithVariousInputs_ShouldReturnCleanedName(input: &quot;file|name&quot;, expected: &quot;file_name&quot;)" computerName="MacBook-Pro" duration="00:00:00.0006920" startTime="2025-08-11T23:39:58.2772960-03:00" endTime="2025-08-11T23:39:58.2786330-03:00" testType="13cdc9d9-ddb5-4fa4-a97d-d965ccfc6d4b" outcome="Failed" testListId="8c84fa94-04c1-424b-9868-57a2d4851a1d" relativeResultsDirectory="13eaf8f4-eb00-48f3-8611-e5c248ab8a3f">
      <Output>
        <ErrorInfo>
          <Message>Expected result to be "file_name", but found "file|name".</Message>
          <StackTrace>   at FluentAssertions.Execution.XUnit2TestFramework.Throw(String message)
   at FluentAssertions.Execution.TestFrameworkProvider.Throw(String message)
   at FluentAssertions.Execution.DefaultAssertionStrategy.HandleFailure(String message)
   at FluentAssertions.Execution.AssertionScope.FailWith(Func`1 failReasonFunc)
   at FluentAssertions.Execution.AssertionScope.FailWith(Func`1 failReasonFunc)
   at FluentAssertions.Execution.AssertionScope.FailWith(String message, Object[] args)
   at FluentAssertions.Primitives.ObjectAssertions`2.Be(TSubject expected, String because, Object[] becauseArgs)
   at FileContentRenamer.Tests.Services.FilenameGeneratorTests.CleanupFileName_WithVariousInputs_ShouldReturnCleanedName(String input, String expected) in /Users/santibraida/Workspace/comprobantes/FileContentRenamer.Tests/Services/FilenameGeneratorTests.cs:line 229
   at InvokeStub_FilenameGeneratorTests.CleanupFileName_WithVariousInputs_ShouldReturnCleanedName(Object, Span`1)
   at System.Reflection.MethodBaseInvoker.InvokeWithFewArgs(Object obj, BindingFlags invokeAttr, Binder binder, Object[] parameters, CultureInfo culture)</StackTrace>
        </ErrorInfo>
      </Output>
    </UnitTestResult>
    <UnitTestResult executionId="174dab27-905b-423c-b45d-390b004bb7d9" testId="a0ca8000-3ed1-5654-296c-23ca811068ca" testName="FileContentRenamer.Tests.Services.DateExtractorTests.ExtractDateFromContent_WithVariousGenericDates_ShouldReturnCorrectDates(content: &quot;01/01/2025&quot;, expected: &quot;2025-01-01&quot;)" computerName="MacBook-Pro" duration="00:00:00.0000052" startTime="2025-08-11T23:39:57.9732390-03:00" endTime="2025-08-11T23:39:57.9732660-03:00" testType="13cdc9d9-ddb5-4fa4-a97d-d965ccfc6d4b" outcome="Passed" testListId="8c84fa94-04c1-424b-9868-57a2d4851a1d" relativeResultsDirectory="174dab27-905b-423c-b45d-390b004bb7d9" />
    <UnitTestResult executionId="c652e7d9-f39f-4d18-aaa2-27e68f5bb7bd" testId="d0d2c3b5-6a63-09c0-0a9b-894aa7a6f45d" testName="FileContentRenamer.Tests.Services.FileServiceTests.ProcessFilesAsync_WithInvalidConfiguration_ShouldReturnEarly" computerName="MacBook-Pro" duration="00:00:00.0007728" startTime="2025-08-11T23:39:58.4278420-03:00" endTime="2025-08-11T23:39:58.4278850-03:00" testType="13cdc9d9-ddb5-4fa4-a97d-d965ccfc6d4b" outcome="Passed" testListId="8c84fa94-04c1-424b-9868-57a2d4851a1d" relativeResultsDirectory="c652e7d9-f39f-4d18-aaa2-27e68f5bb7bd" />
    <UnitTestResult executionId="9e4f388c-7a56-4e8d-ac78-e1dc998d576e" testId="0d10a7ac-0e5b-dd5d-82c4-53603840d067" testName="FileContentRenamer.Tests.Services.FileValidatorTests.ShouldSkipAlreadyNamedFile_WithForceReprocessEnabled_ShouldReturnFalse" computerName="MacBook-Pro" duration="00:00:00.0001501" startTime="2025-08-11T23:39:58.3572880-03:00" endTime="2025-08-11T23:39:58.3573290-03:00" testType="13cdc9d9-ddb5-4fa4-a97d-d965ccfc6d4b" outcome="Passed" testListId="8c84fa94-04c1-424b-9868-57a2d4851a1d" relativeResultsDirectory="9e4f388c-7a56-4e8d-ac78-e1dc998d576e" />
    <UnitTestResult executionId="664cc0b5-af61-46fb-8700-a610de8fd146" testId="30667a3d-da81-f223-5d62-6b3c054e0a23" testName="FileContentRenamer.Tests.Services.PdfProcessorTests.CanProcess_WithPdfExtensionDifferentCasing_ShouldReturnTrue(filename: &quot;test.pDf&quot;)" computerName="MacBook-Pro" duration="00:00:00.0004204" startTime="2025-08-11T23:39:58.0858920-03:00" endTime="2025-08-11T23:39:58.0859770-03:00" testType="13cdc9d9-ddb5-4fa4-a97d-d965ccfc6d4b" outcome="Passed" testListId="8c84fa94-04c1-424b-9868-57a2d4851a1d" relativeResultsDirectory="664cc0b5-af61-46fb-8700-a610de8fd146" />
    <UnitTestResult executionId="0d112da1-5bc8-4c65-a475-c9424bbc3967" testId="8294d7f7-2da1-4ee0-8cd3-c37ff5907cd4" testName="FileContentRenamer.Tests.Services.DateExtractorTests.ExtractDateFromContent_WithSpanishDateFormat_ShouldReturnCorrectDate" computerName="MacBook-Pro" duration="00:00:00.0014011" startTime="2025-08-11T23:39:57.9406820-03:00" endTime="2025-08-11T23:39:57.9426540-03:00" testType="13cdc9d9-ddb5-4fa4-a97d-d965ccfc6d4b" outcome="Passed" testListId="8c84fa94-04c1-424b-9868-57a2d4851a1d" relativeResultsDirectory="0d112da1-5bc8-4c65-a475-c9424bbc3967" />
    <UnitTestResult executionId="01e2a8b3-12d0-41a9-8e24-9c33f0f88a11" testId="5782f6c4-4818-df21-281e-6b620d8a99e2" testName="FileContentRenamer.Tests.Services.FilenameGeneratorTests.IsAlreadyNamedFilename_WithInvalidFormats_ShouldReturnFalse(filename: &quot;2024-03-15&quot;)" computerName="MacBook-Pro" duration="00:00:00.0002345" startTime="2025-08-11T23:39:58.2802290-03:00" endTime="2025-08-11T23:39:58.2809330-03:00" testType="13cdc9d9-ddb5-4fa4-a97d-d965ccfc6d4b" outcome="Passed" testListId="8c84fa94-04c1-424b-9868-57a2d4851a1d" relativeResultsDirectory="01e2a8b3-12d0-41a9-8e24-9c33f0f88a11" />
    <UnitTestResult executionId="e466664d-e978-4502-85b4-6999d9155937" testId="6d87e1fd-55be-eef4-fa85-511734dc705c" testName="FileContentRenamer.Tests.Services.PdfProcessorTests.CanProcess_WithPdfExtensionVariations_ShouldReturnTrue(filename: &quot;document.pdf&quot;)" computerName="MacBook-Pro" duration="00:00:00.0002067" startTime="2025-08-11T23:39:58.1755690-03:00" endTime="2025-08-11T23:39:58.1756540-03:00" testType="13cdc9d9-ddb5-4fa4-a97d-d965ccfc6d4b" outcome="Passed" testListId="8c84fa94-04c1-424b-9868-57a2d4851a1d" relativeResultsDirectory="e466664d-e978-4502-85b4-6999d9155937" />
    <UnitTestResult executionId="5a847f79-d92d-4f6c-9d6d-c92e558506c8" testId="d4537562-1c96-4e07-3939-b2da6a34e9fc" testName="FileContentRenamer.Tests.Services.DateExtractorTests.ExtractDateFromFilename_WithValidFormat_ShouldReturnCorrectDate" computerName="MacBook-Pro" duration="00:00:00.0000621" startTime="2025-08-11T23:39:57.9670390-03:00" endTime="2025-08-11T23:39:57.9670660-03:00" testType="13cdc9d9-ddb5-4fa4-a97d-d965ccfc6d4b" outcome="Passed" testListId="8c84fa94-04c1-424b-9868-57a2d4851a1d" relativeResultsDirectory="5a847f79-d92d-4f6c-9d6d-c92e558506c8" />
    <UnitTestResult executionId="de2f7d2a-14ce-49fc-9d52-b573027675ab" testId="824839a8-20c1-e236-c120-b27a5f944d83" testName="FileContentRenamer.Tests.Services.DirectoryOrganizerTests.GetMonthName_WithValidMonth_ShouldReturnSpanishName(monthNumber: 7, expected: &quot;julio&quot;)" computerName="MacBook-Pro" duration="00:00:00.0000950" startTime="2025-08-11T23:39:58.0338560-03:00" endTime="2025-08-11T23:39:58.0339190-03:00" testType="13cdc9d9-ddb5-4fa4-a97d-d965ccfc6d4b" outcome="Passed" testListId="8c84fa94-04c1-424b-9868-57a2d4851a1d" relativeResultsDirectory="de2f7d2a-14ce-49fc-9d52-b573027675ab" />
    <UnitTestResult executionId="48caed2a-c9a4-41a5-8ecd-ec51af01d162" testId="10d7715a-d53b-4b8e-fcec-78d41ef67dac" testName="FileContentRenamer.Tests.Services.TextProcessorTests.CanProcess_WithTxtExtension_ShouldReturnTrue" computerName="MacBook-Pro" duration="00:00:00.0002637" startTime="2025-08-11T23:39:58.2521060-03:00" endTime="2025-08-11T23:39:58.2521550-03:00" testType="13cdc9d9-ddb5-4fa4-a97d-d965ccfc6d4b" outcome="Passed" testListId="8c84fa94-04c1-424b-9868-57a2d4851a1d" relativeResultsDirectory="48caed2a-c9a4-41a5-8ecd-ec51af01d162" />
    <UnitTestResult executionId="e05775e3-9c0e-4380-824d-59ba3c46b9a5" testId="7fc03f6c-44c6-760a-ff15-5a01859458b0" testName="FileContentRenamer.Tests.Services.DirectoryOrganizerTests.OrganizeFileIntoDirectoryStructure_AlreadyInYearFolder_ShouldMoveToMonthFolder" computerName="MacBook-Pro" duration="00:00:00.2611267" startTime="2025-08-11T23:39:58.0812370-03:00" endTime="2025-08-11T23:39:58.2748510-03:00" testType="13cdc9d9-ddb5-4fa4-a97d-d965ccfc6d4b" outcome="Failed" testListId="8c84fa94-04c1-424b-9868-57a2d4851a1d" relativeResultsDirectory="e05775e3-9c0e-4380-824d-59ba3c46b9a5">
      <Output>
        <ErrorInfo>
          <Message>Expected result to be "/var/folders/x1/bt0l1hlj3xxfgmlll69gmfr40000gn/T/008cc646-54da-46e6-a021-67de7caaa138/2024/03_marzo/test_2.pdf" with a length of 110, but "/var/folders/x1/bt0l1hlj3xxfgmlll69gmfr40000gn/T/2024/03_marzo/test_4.pdf" has a length of 73, differs near "202" (index 49).</Message>
          <StackTrace>   at FluentAssertions.Execution.XUnit2TestFramework.Throw(String message)
   at FluentAssertions.Execution.TestFrameworkProvider.Throw(String message)
   at FluentAssertions.Execution.DefaultAssertionStrategy.HandleFailure(String message)
   at FluentAssertions.Execution.AssertionScope.FailWith(Func`1 failReasonFunc)
   at FluentAssertions.Execution.AssertionScope.FailWith(Func`1 failReasonFunc)
   at FluentAssertions.Primitives.StringEqualityValidator.ValidateAgainstLengthDifferences()
   at FluentAssertions.Primitives.StringValidator.Validate()
   at FluentAssertions.Primitives.StringAssertions`1.Be(String expected, String because, Object[] becauseArgs)
   at FileContentRenamer.Tests.Services.DirectoryOrganizerTests.OrganizeFileIntoDirectoryStructure_AlreadyInYearFolder_ShouldMoveToMonthFolder() in /Users/santibraida/Workspace/comprobantes/FileContentRenamer.Tests/Services/DirectoryOrganizerTests.cs:line 223
   at System.RuntimeMethodHandle.InvokeMethod(Object target, Void** arguments, Signature sig, Boolean isConstructor)
   at System.Reflection.MethodBaseInvoker.InvokeWithNoArgs(Object obj, BindingFlags invokeAttr)</StackTrace>
        </ErrorInfo>
      </Output>
    </UnitTestResult>
    <UnitTestResult executionId="8057a657-002e-49de-b960-7a4f848055f5" testId="d0aa19eb-08b4-b4f4-8874-599c8e5e451d" testName="FileContentRenamer.Tests.Services.FileValidatorTests.ShouldProcessFile_WithDifferentCasing_ShouldBeCaseInsensitive(filename: &quot;test.PDF&quot;)" computerName="MacBook-Pro" duration="00:00:00.0006604" startTime="2025-08-11T23:39:58.3518430-03:00" endTime="2025-08-11T23:39:58.3529270-03:00" testType="13cdc9d9-ddb5-4fa4-a97d-d965ccfc6d4b" outcome="Passed" testListId="8c84fa94-04c1-424b-9868-57a2d4851a1d" relativeResultsDirectory="8057a657-002e-49de-b960-7a4f848055f5" />
    <UnitTestResult executionId="e1387718-7b25-4273-9844-26c35ca7d3c8" testId="19f9e186-a4aa-4850-0176-aa961f311415" testName="FileContentRenamer.Tests.Services.DirectoryOrganizerTests.OrganizeFileIntoDirectoryStructure_WithInvalidDate_ShouldReturnOriginalPath" computerName="MacBook-Pro" duration="00:00:00.0008210" startTime="2025-08-11T23:39:58.0440490-03:00" endTime="2025-08-11T23:39:58.0441360-03:00" testType="13cdc9d9-ddb5-4fa4-a97d-d965ccfc6d4b" outcome="Passed" testListId="8c84fa94-04c1-424b-9868-57a2d4851a1d" relativeResultsDirectory="e1387718-7b25-4273-9844-26c35ca7d3c8" />
    <UnitTestResult executionId="cd0c5758-370a-4705-8f8a-eea1e536a3c2" testId="1f3ff8e1-e91a-ea79-b96f-cb3e726fda8c" testName="FileContentRenamer.Tests.Services.DirectoryOrganizerTests.OrganizeFileIntoDirectoryStructure_AlreadyInCorrectStructure_ShouldReturnSamePath" computerName="MacBook-Pro" duration="00:00:00.0557946" startTime="2025-08-11T23:39:58.3056460-03:00" endTime="2025-08-11T23:39:58.3315950-03:00" testType="13cdc9d9-ddb5-4fa4-a97d-d965ccfc6d4b" outcome="Passed" testListId="8c84fa94-04c1-424b-9868-57a2d4851a1d" relativeResultsDirectory="cd0c5758-370a-4705-8f8a-eea1e536a3c2" />
    <UnitTestResult executionId="6025891c-1039-41d9-b0df-c965854a834b" testId="08a52aeb-79ca-913a-5dc9-ebd6568dcfe7" testName="FileContentRenamer.Tests.Services.ImageProcessorTests.Constructor_WithNewTesseractDataPath_ShouldCreateDirectory" computerName="MacBook-Pro" duration="00:00:00.0565135" startTime="2025-08-11T23:39:59.5252700-03:00" endTime="2025-08-11T23:39:59.5625330-03:00" testType="13cdc9d9-ddb5-4fa4-a97d-d965ccfc6d4b" outcome="Passed" testListId="8c84fa94-04c1-424b-9868-57a2d4851a1d" relativeResultsDirectory="6025891c-1039-41d9-b0df-c965854a834b" />
    <UnitTestResult executionId="0c354dcc-ef60-43c2-90ad-c3bb069e96f8" testId="8a90efb2-6fff-e39e-99bc-4c5b85d7b70e" testName="FileContentRenamer.Tests.Services.DirectoryOrganizerTests.GetMonthName_WithValidMonth_ShouldReturnSpanishName(monthNumber: 6, expected: &quot;junio&quot;)" computerName="MacBook-Pro" duration="00:00:00.0001167" startTime="2025-08-11T23:39:57.9803550-03:00" endTime="2025-08-11T23:39:58.0321780-03:00" testType="13cdc9d9-ddb5-4fa4-a97d-d965ccfc6d4b" outcome="Passed" testListId="8c84fa94-04c1-424b-9868-57a2d4851a1d" relativeResultsDirectory="0c354dcc-ef60-43c2-90ad-c3bb069e96f8" />
    <UnitTestResult executionId="8057365e-4056-4dbf-a6fa-3172b7b3c05a" testId="b99c1952-4b8a-6e7b-be83-1febd897689d" testName="FileContentRenamer.Tests.Services.DirectoryOrganizerTests.GetMonthName_WithValidMonth_ShouldReturnSpanishName(monthNumber: 12, expected: &quot;diciembre&quot;)" computerName="MacBook-Pro" duration="00:00:00.0000886" startTime="2025-08-11T23:39:58.0346470-03:00" endTime="2025-08-11T23:39:58.0346920-03:00" testType="13cdc9d9-ddb5-4fa4-a97d-d965ccfc6d4b" outcome="Passed" testListId="8c84fa94-04c1-424b-9868-57a2d4851a1d" relativeResultsDirectory="8057365e-4056-4dbf-a6fa-3172b7b3c05a" />
    <UnitTestResult executionId="938309a1-e9c3-4911-a8f3-b4348f0243d6" testId="de5e6aa9-ab12-14ed-551c-79528da15404" testName="FileContentRenamer.Tests.Services.PdfProcessorTests.ExtractContentAsync_WithNonPdfFile_ShouldThrowException" computerName="MacBook-Pro" duration="00:00:00.0239200" startTime="2025-08-11T23:39:58.0961080-03:00" endTime="2025-08-11T23:39:58.0978210-03:00" testType="13cdc9d9-ddb5-4fa4-a97d-d965ccfc6d4b" outcome="Passed" testListId="8c84fa94-04c1-424b-9868-57a2d4851a1d" relativeResultsDirectory="938309a1-e9c3-4911-a8f3-b4348f0243d6" />
    <UnitTestResult executionId="34249899-98e2-4d64-98a0-5f6ead60ed23" testId="aab26939-6c58-dafe-eca6-6d66c1372e38" testName="FileContentRenamer.Tests.Services.DateExtractorTests.ExtractDateFromContent_WithVariousSpanishDates_ShouldReturnCorrectDates(content: &quot;15 de junio de 2025&quot;, expected: &quot;2025-06-15&quot;)" computerName="MacBook-Pro" duration="00:00:00.0000054" startTime="2025-08-11T23:39:57.9442060-03:00" endTime="2025-08-11T23:39:57.9442320-03:00" testType="13cdc9d9-ddb5-4fa4-a97d-d965ccfc6d4b" outcome="Passed" testListId="8c84fa94-04c1-424b-9868-57a2d4851a1d" relativeResultsDirectory="34249899-98e2-4d64-98a0-5f6ead60ed23" />
    <UnitTestResult executionId="077b54f8-c8df-45b4-b035-f67373728255" testId="04613884-8eea-2162-7b68-af1197b3a19b" testName="FileContentRenamer.Tests.Models.AppConfigTests.LoadFromConfiguration_WithInvalidJson_ShouldThrowException" computerName="MacBook-Pro" duration="00:00:00.0808395" startTime="2025-08-11T23:39:58.4068490-03:00" endTime="2025-08-11T23:39:58.4262280-03:00" testType="13cdc9d9-ddb5-4fa4-a97d-d965ccfc6d4b" outcome="Failed" testListId="8c84fa94-04c1-424b-9868-57a2d4851a1d" relativeResultsDirectory="077b54f8-c8df-45b4-b035-f67373728255">
      <Output>
        <ErrorInfo>
          <Message>Expected a &lt;System.Exception&gt; to be thrown, but no exception was thrown.</Message>
          <StackTrace>   at FluentAssertions.Execution.XUnit2TestFramework.Throw(String message)
   at FluentAssertions.Execution.TestFrameworkProvider.Throw(String message)
   at FluentAssertions.Execution.DefaultAssertionStrategy.HandleFailure(String message)
   at FluentAssertions.Execution.AssertionScope.FailWith(Func`1 failReasonFunc)
   at FluentAssertions.Execution.AssertionScope.FailWith(Func`1 failReasonFunc)
   at FluentAssertions.Execution.AssertionScope.FailWith(String message)
   at FluentAssertions.Specialized.DelegateAssertionsBase`2.ThrowInternal[TException](Exception exception, String because, Object[] becauseArgs)
   at FluentAssertions.Specialized.DelegateAssertions`2.Throw[TException](String because, Object[] becauseArgs)
   at FileContentRenamer.Tests.Models.AppConfigTests.LoadFromConfiguration_WithInvalidJson_ShouldThrowException() in /Users/santibraida/Workspace/comprobantes/FileContentRenamer.Tests/Models/AppConfigTests.cs:line 141
   at System.RuntimeMethodHandle.InvokeMethod(Object target, Void** arguments, Signature sig, Boolean isConstructor)
   at System.Reflection.MethodBaseInvoker.InvokeWithNoArgs(Object obj, BindingFlags invokeAttr)</StackTrace>
        </ErrorInfo>
      </Output>
    </UnitTestResult>
    <UnitTestResult executionId="06c4c642-316a-49cc-874f-0ca71b80d905" testId="66a19620-a3b0-afbc-935a-264e635ffa8f" testName="FileContentRenamer.Tests.Services.FilenameGeneratorTests.IsAlreadyNamedFilename_WithInvalidFormats_ShouldReturnFalse(filename: &quot;service_2024-03-15&quot;)" computerName="MacBook-Pro" duration="00:00:00.0000169" startTime="2025-08-11T23:39:58.2834690-03:00" endTime="2025-08-11T23:39:58.2834950-03:00" testType="13cdc9d9-ddb5-4fa4-a97d-d965ccfc6d4b" outcome="Passed" testListId="8c84fa94-04c1-424b-9868-57a2d4851a1d" relativeResultsDirectory="06c4c642-316a-49cc-874f-0ca71b80d905" />
    <UnitTestResult executionId="0d7e78e7-55ba-431f-ba7a-d72d9ab58aa4" testId="75799e7f-c8b2-eb49-e7fc-7e63546cf626" testName="FileContentRenamer.Tests.Services.ImageProcessorTests.CanProcess_WithImageExtensions_ShouldReturnTrue(extension: &quot;.tif&quot;)" computerName="MacBook-Pro" duration="00:00:00.0727590" startTime="2025-08-11T23:39:58.4089840-03:00" endTime="2025-08-11T23:39:58.4280830-03:00" testType="13cdc9d9-ddb5-4fa4-a97d-d965ccfc6d4b" outcome="Passed" testListId="8c84fa94-04c1-424b-9868-57a2d4851a1d" relativeResultsDirectory="0d7e78e7-55ba-431f-ba7a-d72d9ab58aa4" />
    <UnitTestResult executionId="923a9d8e-7053-490e-bd65-d434592c0ee3" testId="6c106499-e2c3-a0a7-eafe-eacf56794202" testName="FileContentRenamer.Tests.Services.DirectoryOrganizerTests.GetMonthName_WithInvalidMonth_ShouldReturnUnknown(monthNumber: 13)" computerName="MacBook-Pro" duration="00:00:00.0000992" startTime="2025-08-11T23:39:58.0421360-03:00" endTime="2025-08-11T23:39:58.0425440-03:00" testType="13cdc9d9-ddb5-4fa4-a97d-d965ccfc6d4b" outcome="Passed" testListId="8c84fa94-04c1-424b-9868-57a2d4851a1d" relativeResultsDirectory="923a9d8e-7053-490e-bd65-d434592c0ee3" />
    <UnitTestResult executionId="7240c9dd-924e-4884-ae43-2ef7bd09aff4" testId="b3c39b3e-760b-5274-9a96-a8ea10710638" testName="FileContentRenamer.Tests.Services.DirectoryOrganizerTests.GetMonthName_WithValidMonth_ShouldReturnSpanishName(monthNumber: 11, expected: &quot;noviembre&quot;)" computerName="MacBook-Pro" duration="00:00:00.0002290" startTime="2025-08-11T23:39:57.9766020-03:00" endTime="2025-08-11T23:39:57.9767780-03:00" testType="13cdc9d9-ddb5-4fa4-a97d-d965ccfc6d4b" outcome="Passed" testListId="8c84fa94-04c1-424b-9868-57a2d4851a1d" relativeResultsDirectory="7240c9dd-924e-4884-ae43-2ef7bd09aff4" />
    <UnitTestResult executionId="05e516bd-c876-4ada-8c0b-80784111c08b" testId="f705c669-0318-6f5e-e8e5-1b4eaa9f9880" testName="FileContentRenamer.Tests.Models.AppConfigTests.AppConfig_Properties_ShouldBeSettable" computerName="MacBook-Pro" duration="00:00:00.0254906" startTime="2025-08-11T23:39:58.2755500-03:00" endTime="2025-08-11T23:39:58.3040770-03:00" testType="13cdc9d9-ddb5-4fa4-a97d-d965ccfc6d4b" outcome="Passed" testListId="8c84fa94-04c1-424b-9868-57a2d4851a1d" relativeResultsDirectory="05e516bd-c876-4ada-8c0b-80784111c08b" />
    <UnitTestResult executionId="a02fa49c-2dd0-47f4-b6a5-4ce1dad1d234" testId="9f3779e0-204e-fe43-610e-1a907c82fa52" testName="FileContentRenamer.Tests.Services.FilenameGeneratorTests.IsAlreadyNamedFilename_WithCorrectFormat_ShouldReturnTrue" computerName="MacBook-Pro" duration="00:00:00.0000982" startTime="2025-08-11T23:39:58.3591020-03:00" endTime="2025-08-11T23:39:58.3591300-03:00" testType="13cdc9d9-ddb5-4fa4-a97d-d965ccfc6d4b" outcome="Passed" testListId="8c84fa94-04c1-424b-9868-57a2d4851a1d" relativeResultsDirectory="a02fa49c-2dd0-47f4-b6a5-4ce1dad1d234" />
    <UnitTestResult executionId="d0b2a6bc-d8ef-4059-95c4-4ccf22c4604b" testId="730c03ae-3d59-370f-6166-c801ea6b544e" testName="FileContentRenamer.Tests.Services.FilenameGeneratorTests.GenerateUniqueFilename_WithNonExistingFile_ShouldReturnOriginalPath" computerName="MacBook-Pro" duration="00:00:00.0002385" startTime="2025-08-11T23:39:58.4048400-03:00" endTime="2025-08-11T23:39:58.4048810-03:00" testType="13cdc9d9-ddb5-4fa4-a97d-d965ccfc6d4b" outcome="Passed" testListId="8c84fa94-04c1-424b-9868-57a2d4851a1d" relativeResultsDirectory="d0b2a6bc-d8ef-4059-95c4-4ccf22c4604b" />
    <UnitTestResult executionId="dd38f7df-ddcd-4713-ae8e-0d2bef207349" testId="eff1fee9-aafb-67b9-c268-648d008d92e6" testName="FileContentRenamer.Tests.Services.FilenameGeneratorTests.GenerateFilename_WithNullDate_ShouldUseCurrentDate" computerName="MacBook-Pro" duration="00:00:00.0005416" startTime="2025-08-11T23:39:58.3068190-03:00" endTime="2025-08-11T23:39:58.3071620-03:00" testType="13cdc9d9-ddb5-4fa4-a97d-d965ccfc6d4b" outcome="Passed" testListId="8c84fa94-04c1-424b-9868-57a2d4851a1d" relativeResultsDirectory="dd38f7df-ddcd-4713-ae8e-0d2bef207349" />
    <UnitTestResult executionId="8bdd76e8-7d11-4e29-a442-af1c31c3a72c" testId="673ac6d3-d960-9ab3-69aa-92efadf19225" testName="FileContentRenamer.Tests.Models.NamingRuleTests.Matches_WithMissingKeywords_ShouldReturnFalse" computerName="MacBook-Pro" duration="00:00:00.0102576" startTime="2025-08-11T23:39:57.8075230-03:00" endTime="2025-08-11T23:39:57.8082710-03:00" testType="13cdc9d9-ddb5-4fa4-a97d-d965ccfc6d4b" outcome="Passed" testListId="8c84fa94-04c1-424b-9868-57a2d4851a1d" relativeResultsDirectory="8bdd76e8-7d11-4e29-a442-af1c31c3a72c" />
    <UnitTestResult executionId="f61d700c-e78d-4f28-8ace-05266475a557" testId="67877ab3-cd79-0712-f2c5-84dba6ba53b5" testName="FileContentRenamer.Tests.Services.FileValidatorTests.ShouldProcessFile_WithNullPath_ShouldReturnFalse" computerName="MacBook-Pro" duration="00:00:00.0003849" startTime="2025-08-11T23:39:58.3576050-03:00" endTime="2025-08-11T23:39:58.3576440-03:00" testType="13cdc9d9-ddb5-4fa4-a97d-d965ccfc6d4b" outcome="Passed" testListId="8c84fa94-04c1-424b-9868-57a2d4851a1d" relativeResultsDirectory="f61d700c-e78d-4f28-8ace-05266475a557" />
    <UnitTestResult executionId="daa588d1-88c5-4d22-9ae6-fdb8dba794a8" testId="7b37b2f2-6969-770c-b013-e18381e7bb74" testName="FileContentRenamer.Tests.Services.FilenameGeneratorTests.CleanupFileName_WithVariousInputs_ShouldReturnCleanedName(input: &quot;&quot;, expected: &quot;cleaned_file&quot;)" computerName="MacBook-Pro" duration="00:00:00.0005697" startTime="2025-08-11T23:39:58.2760960-03:00" endTime="2025-08-11T23:39:58.2761340-03:00" testType="13cdc9d9-ddb5-4fa4-a97d-d965ccfc6d4b" outcome="Failed" testListId="8c84fa94-04c1-424b-9868-57a2d4851a1d" relativeResultsDirectory="daa588d1-88c5-4d22-9ae6-fdb8dba794a8">
      <Output>
        <ErrorInfo>
          <Message>Expected result to be "cleaned_file", but found "unknown_file".</Message>
          <StackTrace>   at FluentAssertions.Execution.XUnit2TestFramework.Throw(String message)
   at FluentAssertions.Execution.TestFrameworkProvider.Throw(String message)
   at FluentAssertions.Execution.DefaultAssertionStrategy.HandleFailure(String message)
   at FluentAssertions.Execution.AssertionScope.FailWith(Func`1 failReasonFunc)
   at FluentAssertions.Execution.AssertionScope.FailWith(Func`1 failReasonFunc)
   at FluentAssertions.Execution.AssertionScope.FailWith(String message, Object[] args)
   at FluentAssertions.Primitives.ObjectAssertions`2.Be(TSubject expected, String because, Object[] becauseArgs)
   at FileContentRenamer.Tests.Services.FilenameGeneratorTests.CleanupFileName_WithVariousInputs_ShouldReturnCleanedName(String input, String expected) in /Users/santibraida/Workspace/comprobantes/FileContentRenamer.Tests/Services/FilenameGeneratorTests.cs:line 229
   at InvokeStub_FilenameGeneratorTests.CleanupFileName_WithVariousInputs_ShouldReturnCleanedName(Object, Span`1)
   at System.Reflection.MethodBaseInvoker.InvokeWithFewArgs(Object obj, BindingFlags invokeAttr, Binder binder, Object[] parameters, CultureInfo culture)</StackTrace>
        </ErrorInfo>
      </Output>
    </UnitTestResult>
    <UnitTestResult executionId="7783b51f-3941-486a-bf58-3a3038ff80d0" testId="6cb1a840-6047-af3c-c464-8f4bf5b097d2" testName="FileContentRenamer.Tests.Services.FileValidatorTests.ValidateConfiguration_WithNullFileExtensions_ShouldReturnFalse" computerName="MacBook-Pro" duration="00:00:00.0001722" startTime="2025-08-11T23:39:58.3551820-03:00" endTime="2025-08-11T23:39:58.3552300-03:00" testType="13cdc9d9-ddb5-4fa4-a97d-d965ccfc6d4b" outcome="Passed" testListId="8c84fa94-04c1-424b-9868-57a2d4851a1d" relativeResultsDirectory="7783b51f-3941-486a-bf58-3a3038ff80d0" />
    <UnitTestResult executionId="672b0fe9-35b5-4bdd-884c-4457a55259fc" testId="c781d212-7be9-917b-2eb4-49e5e562dd6d" testName="FileContentRenamer.Tests.Models.AppConfigTests.LoadFromConfiguration_WithNoBasePath_ShouldUseCurrentDirectory" computerName="MacBook-Pro" duration="00:00:00.0779265" startTime="2025-08-11T23:39:58.3045490-03:00" endTime="2025-08-11T23:39:58.3524240-03:00" testType="13cdc9d9-ddb5-4fa4-a97d-d965ccfc6d4b" outcome="Passed" testListId="8c84fa94-04c1-424b-9868-57a2d4851a1d" relativeResultsDirectory="672b0fe9-35b5-4bdd-884c-4457a55259fc" />
    <UnitTestResult executionId="ae2be89b-e4a7-4611-9cb5-9b5ced1f470d" testId="d928fd2c-924f-38de-6b58-5c8ead779399" testName="FileContentRenamer.Tests.Services.ImageProcessorTests.CanProcess_WithImageExtensions_ShouldReturnTrue(extension: &quot;.tiff&quot;)" computerName="MacBook-Pro" duration="00:00:00.0332172" startTime="2025-08-11T23:39:58.4912310-03:00" endTime="2025-08-11T23:39:58.5017210-03:00" testType="13cdc9d9-ddb5-4fa4-a97d-d965ccfc6d4b" outcome="Passed" testListId="8c84fa94-04c1-424b-9868-57a2d4851a1d" relativeResultsDirectory="ae2be89b-e4a7-4611-9cb5-9b5ced1f470d" />
    <UnitTestResult executionId="1efc113c-6261-4bc1-bce8-562efbcd562c" testId="63753db1-a700-4ddb-bad0-85dcc6fc1038" testName="FileContentRenamer.Tests.Services.DirectoryOrganizerTests.OrganizeFileIntoDirectoryStructure_ThreadSafety_ShouldHandleConcurrentCalls" computerName="MacBook-Pro" duration="00:00:00.0248618" startTime="2025-08-11T23:39:58.3319660-03:00" endTime="2025-08-11T23:39:58.3555510-03:00" testType="13cdc9d9-ddb5-4fa4-a97d-d965ccfc6d4b" outcome="Passed" testListId="8c84fa94-04c1-424b-9868-57a2d4851a1d" relativeResultsDirectory="1efc113c-6261-4bc1-bce8-562efbcd562c" />
    <UnitTestResult executionId="5a6926e7-99f5-4ccb-b141-446001f69f1b" testId="74c0392b-8615-24d3-2fd0-e6af46d2098a" testName="FileContentRenamer.Tests.Models.NamingRulesTests.Constructor_WithParameters_ShouldSetValues" computerName="MacBook-Pro" duration="00:00:00.0000639" startTime="2025-08-11T23:39:57.9742890-03:00" endTime="2025-08-11T23:39:57.9743130-03:00" testType="13cdc9d9-ddb5-4fa4-a97d-d965ccfc6d4b" outcome="Passed" testListId="8c84fa94-04c1-424b-9868-57a2d4851a1d" relativeResultsDirectory="5a6926e7-99f5-4ccb-b141-446001f69f1b" />
    <UnitTestResult executionId="8f7ce384-7e64-4ac7-80b7-508d11a537b4" testId="154b1187-a8fe-288a-dff0-88f9c1f03683" testName="FileContentRenamer.Tests.Models.NamingRuleTests.Matches_WithNullContent_ShouldReturnFalse" computerName="MacBook-Pro" duration="00:00:00.0000670" startTime="2025-08-11T23:39:57.9142440-03:00" endTime="2025-08-11T23:39:57.9143410-03:00" testType="13cdc9d9-ddb5-4fa4-a97d-d965ccfc6d4b" outcome="Passed" testListId="8c84fa94-04c1-424b-9868-57a2d4851a1d" relativeResultsDirectory="8f7ce384-7e64-4ac7-80b7-508d11a537b4" />
    <UnitTestResult executionId="9961ace1-7468-413d-9987-46f7519df504" testId="6d7beee1-1275-7fbd-2196-741c8c2b81ed" testName="FileContentRenamer.Tests.Models.NamingRulesTests.FindMatchingRule_WithEmptyContent_ShouldReturnNull" computerName="MacBook-Pro" duration="00:00:00.0000755" startTime="2025-08-11T23:39:57.9432820-03:00" endTime="2025-08-11T23:39:57.9433090-03:00" testType="13cdc9d9-ddb5-4fa4-a97d-d965ccfc6d4b" outcome="Passed" testListId="8c84fa94-04c1-424b-9868-57a2d4851a1d" relativeResultsDirectory="9961ace1-7468-413d-9987-46f7519df504" />
    <UnitTestResult executionId="ccaeb5cc-2be0-42d5-8712-bc4cb46167df" testId="70962b03-3000-68e4-fd2c-d9ce13588e5d" testName="FileContentRenamer.Tests.Services.TextProcessorTests.CanProcess_WithTxtExtensionDifferentCasing_ShouldReturnTrue(filename: &quot;test.tXt&quot;)" computerName="MacBook-Pro" duration="00:00:00.0002109" startTime="2025-08-11T23:39:58.2025200-03:00" endTime="2025-08-11T23:39:58.2026810-03:00" testType="13cdc9d9-ddb5-4fa4-a97d-d965ccfc6d4b" outcome="Passed" testListId="8c84fa94-04c1-424b-9868-57a2d4851a1d" relativeResultsDirectory="ccaeb5cc-2be0-42d5-8712-bc4cb46167df" />
    <UnitTestResult executionId="b72d2e83-de47-46d0-80b5-431b1cb6a642" testId="62f5d1dd-bd59-22f3-6b49-8433f76fa54e" testName="FileContentRenamer.Tests.Services.DateExtractorTests.ExtractDateFromFilename_WithVariousValidFormats_ShouldReturnCorrectDates(filename: &quot;invoice_2025-06-15_bank&quot;, expected: &quot;2025-06-15&quot;)" computerName="MacBook-Pro" duration="00:00:00.0000450" startTime="2025-08-11T23:39:57.9224280-03:00" endTime="2025-08-11T23:39:57.9224540-03:00" testType="13cdc9d9-ddb5-4fa4-a97d-d965ccfc6d4b" outcome="Passed" testListId="8c84fa94-04c1-424b-9868-57a2d4851a1d" relativeResultsDirectory="b72d2e83-de47-46d0-80b5-431b1cb6a642" />
    <UnitTestResult executionId="0a5f5886-d9a5-4873-8379-eb121a20ae16" testId="1ae426c8-73f8-48b1-c4fd-f2736013951b" testName="FileContentRenamer.Tests.Services.TextProcessorTests.ExtractContentAsync_WithNonExistentFile_ShouldReturnEmptyString" computerName="MacBook-Pro" duration="00:00:00.0019068" startTime="2025-08-11T23:39:57.9774300-03:00" endTime="2025-08-11T23:39:58.0358780-03:00" testType="13cdc9d9-ddb5-4fa4-a97d-d965ccfc6d4b" outcome="Passed" testListId="8c84fa94-04c1-424b-9868-57a2d4851a1d" relativeResultsDirectory="0a5f5886-d9a5-4873-8379-eb121a20ae16" />
    <UnitTestResult executionId="3ec4e2e6-9633-4b35-9a18-dce94b1e28d5" testId="f74a6a94-f390-b5f6-1cb3-44e2f343eb63" testName="FileContentRenamer.Tests.Models.NamingRulesTests.GenerateFilename_WithDateOverrideButRichContent_ShouldUseOriginalDate" computerName="MacBook-Pro" duration="00:00:00.0013668" startTime="2025-08-11T23:39:57.9435930-03:00" endTime="2025-08-11T23:39:57.9657200-03:00" testType="13cdc9d9-ddb5-4fa4-a97d-d965ccfc6d4b" outcome="Passed" testListId="8c84fa94-04c1-424b-9868-57a2d4851a1d" relativeResultsDirectory="3ec4e2e6-9633-4b35-9a18-dce94b1e28d5" />
    <UnitTestResult executionId="67ed7a96-6d26-423d-8a81-b13c46b96d36" testId="4bf9f205-774f-fb42-8d24-b7d8013c94d1" testName="FileContentRenamer.Tests.Services.FileServiceTests.ProcessFilesAsync_WithNoProcessorAvailable_ShouldSkipFile" computerName="MacBook-Pro" duration="00:00:00.0050900" startTime="2025-08-11T23:39:58.3528930-03:00" endTime="2025-08-11T23:39:58.3578290-03:00" testType="13cdc9d9-ddb5-4fa4-a97d-d965ccfc6d4b" outcome="Passed" testListId="8c84fa94-04c1-424b-9868-57a2d4851a1d" relativeResultsDirectory="67ed7a96-6d26-423d-8a81-b13c46b96d36" />
    <UnitTestResult executionId="c502db53-a6cc-4816-8213-9bae30e42a60" testId="0fcf9b9b-b820-ecc4-eb7d-d476c5dd956f" testName="FileContentRenamer.Tests.Services.FileServiceTests.ProcessFilesAsync_WithNoFiles_ShouldCompleteSuccessfully" computerName="MacBook-Pro" duration="00:00:00.0190079" startTime="2025-08-11T23:39:58.4057040-03:00" endTime="2025-08-11T23:39:58.4075130-03:00" testType="13cdc9d9-ddb5-4fa4-a97d-d965ccfc6d4b" outcome="Passed" testListId="8c84fa94-04c1-424b-9868-57a2d4851a1d" relativeResultsDirectory="c502db53-a6cc-4816-8213-9bae30e42a60" />
    <UnitTestResult executionId="8ef29c28-4de1-4fbc-81c1-98fa2ba3f55c" testId="aa7a6137-3efe-902b-7df5-672c2c4d55d3" testName="FileContentRenamer.Tests.Services.PdfProcessorTests.CanProcess_WithNonPdfExtension_ShouldReturnFalse(filename: &quot;test.docx&quot;)" computerName="MacBook-Pro" duration="00:00:00.0004420" startTime="2025-08-11T23:39:58.0870060-03:00" endTime="2025-08-11T23:39:58.0870480-03:00" testType="13cdc9d9-ddb5-4fa4-a97d-d965ccfc6d4b" outcome="Passed" testListId="8c84fa94-04c1-424b-9868-57a2d4851a1d" relativeResultsDirectory="8ef29c28-4de1-4fbc-81c1-98fa2ba3f55c" />
    <UnitTestResult executionId="d1bea1e8-7198-49bb-993b-c3e6d9b5ad31" testId="0228ec1a-cf44-e616-5aa7-aefd86959073" testName="FileContentRenamer.Tests.Services.FileServiceTests.ProcessFilesAsync_WithSameFilename_ShouldOrganizeOnly" computerName="MacBook-Pro" duration="00:00:00.0459129" startTime="2025-08-11T23:39:58.4083660-03:00" endTime="2025-08-11T23:39:58.4256500-03:00" testType="13cdc9d9-ddb5-4fa4-a97d-d965ccfc6d4b" outcome="Passed" testListId="8c84fa94-04c1-424b-9868-57a2d4851a1d" relativeResultsDirectory="d1bea1e8-7198-49bb-993b-c3e6d9b5ad31" />
    <UnitTestResult executionId="9dbaeb00-c3c4-43f1-ac04-2c57a2c743c8" testId="8031668c-d19b-b8db-0235-3b555a1ef3fc" testName="FileContentRenamer.Tests.Services.PdfProcessorTests.CanProcess_WithNonPdfExtension_ShouldReturnFalse(filename: &quot;test.txt&quot;)" computerName="MacBook-Pro" duration="00:00:00.0001210" startTime="2025-08-11T23:39:58.0889900-03:00" endTime="2025-08-11T23:39:58.0891350-03:00" testType="13cdc9d9-ddb5-4fa4-a97d-d965ccfc6d4b" outcome="Passed" testListId="8c84fa94-04c1-424b-9868-57a2d4851a1d" relativeResultsDirectory="9dbaeb00-c3c4-43f1-ac04-2c57a2c743c8" />
    <UnitTestResult executionId="f94fd954-e1f6-4200-ba30-520c05acd749" testId="735ac008-1cbd-a429-fd29-015f19236116" testName="FileContentRenamer.Tests.Models.NamingRuleTests.Matches_WithNoKeywords_ShouldReturnFalse" computerName="MacBook-Pro" duration="00:00:00.0000581" startTime="2025-08-11T23:39:57.9149860-03:00" endTime="2025-08-11T23:39:57.9150160-03:00" testType="13cdc9d9-ddb5-4fa4-a97d-d965ccfc6d4b" outcome="Passed" testListId="8c84fa94-04c1-424b-9868-57a2d4851a1d" relativeResultsDirectory="f94fd954-e1f6-4200-ba30-520c05acd749" />
    <UnitTestResult executionId="5602862d-afd8-4c3d-848c-907cbc5963b8" testId="00d05e1f-7d72-418e-9c9e-a769436ab485" testName="FileContentRenamer.Tests.Services.FileValidatorTests.ShouldProcessFile_WithValidExtensions_ShouldReturnTrue(extension: &quot;.pdf&quot;)" computerName="MacBook-Pro" duration="00:00:00.0007289" startTime="2025-08-11T23:39:58.3495240-03:00" endTime="2025-08-11T23:39:58.3495810-03:00" testType="13cdc9d9-ddb5-4fa4-a97d-d965ccfc6d4b" outcome="Passed" testListId="8c84fa94-04c1-424b-9868-57a2d4851a1d" relativeResultsDirectory="5602862d-afd8-4c3d-848c-907cbc5963b8" />
    <UnitTestResult executionId="fb951285-9971-4c93-b215-13789e987d39" testId="a8222741-473a-8061-b947-f4446415fedc" testName="FileContentRenamer.Tests.Services.FileValidatorTests.ValidateFileSize_WithNonExistentFile_ShouldNotThrow" computerName="MacBook-Pro" duration="00:00:00.0010061" startTime="2025-08-11T23:39:58.3509220-03:00" endTime="2025-08-11T23:39:58.3509650-03:00" testType="13cdc9d9-ddb5-4fa4-a97d-d965ccfc6d4b" outcome="Passed" testListId="8c84fa94-04c1-424b-9868-57a2d4851a1d" relativeResultsDirectory="fb951285-9971-4c93-b215-13789e987d39" />
    <UnitTestResult executionId="2c1197ba-9f44-4fc8-b847-9ea7ead66ca9" testId="01a2041b-e2e4-e363-0b4d-3c74dc73e548" testName="FileContentRenamer.Tests.Services.FileValidatorTests.ValidateFileSize_WithNormalFile_ShouldNotThrow" computerName="MacBook-Pro" duration="00:00:00.0006719" startTime="2025-08-11T23:39:58.3560200-03:00" endTime="2025-08-11T23:39:58.3560610-03:00" testType="13cdc9d9-ddb5-4fa4-a97d-d965ccfc6d4b" outcome="Passed" testListId="8c84fa94-04c1-424b-9868-57a2d4851a1d" relativeResultsDirectory="2c1197ba-9f44-4fc8-b847-9ea7ead66ca9" />
    <UnitTestResult executionId="a1d06501-0cd2-464a-be2b-c445c4113320" testId="a366a934-60e2-7009-7a6f-f68837f539c2" testName="FileContentRenamer.Tests.Services.FileValidatorTests.ValidateConfiguration_WithValidConfig_ShouldReturnTrue" computerName="MacBook-Pro" duration="00:00:00.0012686" startTime="2025-08-11T23:39:58.1970430-03:00" endTime="2025-08-11T23:39:58.1984470-03:00" testType="13cdc9d9-ddb5-4fa4-a97d-d965ccfc6d4b" outcome="Passed" testListId="8c84fa94-04c1-424b-9868-57a2d4851a1d" relativeResultsDirectory="a1d06501-0cd2-464a-be2b-c445c4113320" />
    <UnitTestResult executionId="3046772e-1f19-4ab9-9e8a-13f2b3d97c22" testId="a4d26202-1548-77e4-c6ee-466955cdb771" testName="FileContentRenamer.Tests.Services.DateExtractorTests.ExtractDateFromContent_WithVariousDueDateFormats_ShouldReturnCorrectDates(content: &quot;Vto.:15/03/2024&quot;, expected: &quot;2024-03-15&quot;)" computerName="MacBook-Pro" duration="00:00:00.0115590" startTime="2025-08-11T23:39:57.8062350-03:00" endTime="2025-08-11T23:39:57.8167980-03:00" testType="13cdc9d9-ddb5-4fa4-a97d-d965ccfc6d4b" outcome="Passed" testListId="8c84fa94-04c1-424b-9868-57a2d4851a1d" relativeResultsDirectory="3046772e-1f19-4ab9-9e8a-13f2b3d97c22" />
    <UnitTestResult executionId="a70ed92f-8906-483d-a6fd-15e6a722ecce" testId="4d791645-14ca-671e-50ed-7143a80c7959" testName="FileContentRenamer.Tests.Services.DateExtractorTests.ExtractDateFromContent_WithGenericDateFormat_ShouldReturnCorrectDate" computerName="MacBook-Pro" duration="00:00:00.0000458" startTime="2025-08-11T23:39:57.9235950-03:00" endTime="2025-08-11T23:39:57.9236200-03:00" testType="13cdc9d9-ddb5-4fa4-a97d-d965ccfc6d4b" outcome="Passed" testListId="8c84fa94-04c1-424b-9868-57a2d4851a1d" relativeResultsDirectory="a70ed92f-8906-483d-a6fd-15e6a722ecce" />
    <UnitTestResult executionId="d9c054a8-ac0c-44d0-afb3-45587aa489e6" testId="ab791beb-155a-2340-25c5-938aea845fff" testName="FileContentRenamer.Tests.Services.TextProcessorTests.ExtractContentAsync_WithSpecialCharacters_ShouldReturnContent" computerName="MacBook-Pro" duration="00:00:00.0230071" startTime="2025-08-11T23:39:58.0976200-03:00" endTime="2025-08-11T23:39:58.1201630-03:00" testType="13cdc9d9-ddb5-4fa4-a97d-d965ccfc6d4b" outcome="Passed" testListId="8c84fa94-04c1-424b-9868-57a2d4851a1d" relativeResultsDirectory="d9c054a8-ac0c-44d0-afb3-45587aa489e6" />
    <UnitTestResult executionId="a6034093-4876-44b3-8893-49eb6eae6980" testId="032ef3ac-363e-da8d-efab-865406d6fd71" testName="FileContentRenamer.Tests.Services.DirectoryOrganizerTests.GetMonthName_WithInvalidMonth_ShouldReturnUnknown(monthNumber: 0)" computerName="MacBook-Pro" duration="00:00:00.0001699" startTime="2025-08-11T23:39:58.0410870-03:00" endTime="2025-08-11T23:39:58.0411540-03:00" testType="13cdc9d9-ddb5-4fa4-a97d-d965ccfc6d4b" outcome="Passed" testListId="8c84fa94-04c1-424b-9868-57a2d4851a1d" relativeResultsDirectory="a6034093-4876-44b3-8893-49eb6eae6980" />
    <UnitTestResult executionId="86eb567d-9693-43b6-abe4-494be0115e87" testId="2044c162-1147-8fb8-adb8-ab6044bfdf21" testName="FileContentRenamer.Tests.Models.NamingRulesTests.FindMatchingRule_WithMatchingRule_ShouldReturnRule" computerName="MacBook-Pro" duration="00:00:00.0010506" startTime="2025-08-11T23:39:57.9418630-03:00" endTime="2025-08-11T23:39:57.9419160-03:00" testType="13cdc9d9-ddb5-4fa4-a97d-d965ccfc6d4b" outcome="Passed" testListId="8c84fa94-04c1-424b-9868-57a2d4851a1d" relativeResultsDirectory="86eb567d-9693-43b6-abe4-494be0115e87" />
    <UnitTestResult executionId="0464c9da-9988-42ba-abe1-b3152a8de4fc" testId="871d08c9-a126-7256-6ea3-61a20f361a2f" testName="FileContentRenamer.Tests.Services.ImageProcessorTests.ExtractContentAsync_WithInvalidTesseractDataPath_ShouldReturnEmpty" computerName="MacBook-Pro" duration="00:00:00.0520950" startTime="2025-08-11T23:39:59.5810910-03:00" endTime="2025-08-11T23:39:59.6147550-03:00" testType="13cdc9d9-ddb5-4fa4-a97d-d965ccfc6d4b" outcome="Passed" testListId="8c84fa94-04c1-424b-9868-57a2d4851a1d" relativeResultsDirectory="0464c9da-9988-42ba-abe1-b3152a8de4fc" />
    <UnitTestResult executionId="b88e8074-44c1-4c43-9540-82403f5bae1d" testId="ebc6b45b-0fe4-e4c2-6b7e-a061ba64a1b2" testName="FileContentRenamer.Tests.Services.DirectoryOrganizerTests.GetMonthName_WithValidMonth_ShouldReturnSpanishName(monthNumber: 9, expected: &quot;septiembre&quot;)" computerName="MacBook-Pro" duration="00:00:00.0001052" startTime="2025-08-11T23:39:57.9784570-03:00" endTime="2025-08-11T23:39:57.9785130-03:00" testType="13cdc9d9-ddb5-4fa4-a97d-d965ccfc6d4b" outcome="Passed" testListId="8c84fa94-04c1-424b-9868-57a2d4851a1d" relativeResultsDirectory="b88e8074-44c1-4c43-9540-82403f5bae1d" />
    <UnitTestResult executionId="a0a9ca1c-07fb-417b-8f99-a848a7fb836b" testId="8c36f3a4-ca31-a9e9-241d-dbc70385ef49" testName="FileContentRenamer.Tests.Services.ImageProcessorTests.CanProcess_WithNonImageExtension_ShouldReturnFalse(extension: &quot;.mp4&quot;)" computerName="MacBook-Pro" duration="00:00:00.0769804" startTime="2025-08-11T23:39:58.3489490-03:00" endTime="2025-08-11T23:39:58.4051920-03:00" testType="13cdc9d9-ddb5-4fa4-a97d-d965ccfc6d4b" outcome="Passed" testListId="8c84fa94-04c1-424b-9868-57a2d4851a1d" relativeResultsDirectory="a0a9ca1c-07fb-417b-8f99-a848a7fb836b" />
    <UnitTestResult executionId="a526ac28-8d0e-454a-91f8-4aa4c488d0a0" testId="31f3b2f4-1b28-6746-2403-d25f9fbdfdf8" testName="FileContentRenamer.Tests.Services.DirectoryOrganizerTests.OrganizeFileIntoDirectoryStructure_InYearFolderDifferentMonth_ShouldMoveToCorrectMonth" computerName="MacBook-Pro" duration="00:00:00.0014293" startTime="2025-08-11T23:39:57.9762630-03:00" endTime="2025-08-11T23:39:57.9763080-03:00" testType="13cdc9d9-ddb5-4fa4-a97d-d965ccfc6d4b" outcome="Passed" testListId="8c84fa94-04c1-424b-9868-57a2d4851a1d" relativeResultsDirectory="a526ac28-8d0e-454a-91f8-4aa4c488d0a0" />
    <UnitTestResult executionId="c37d8761-aa01-45f2-8142-cf09e22e4903" testId="2c7c7876-b123-f6b1-1eae-db6f6476f552" testName="FileContentRenamer.Tests.Services.PdfProcessorTests.ExtractContentAsync_WithNonExistentPdfFile_ShouldReturnEmptyString" computerName="MacBook-Pro" duration="00:00:00.0918048" startTime="2025-08-11T23:39:57.8075350-03:00" endTime="2025-08-11T23:39:58.0814500-03:00" testType="13cdc9d9-ddb5-4fa4-a97d-d965ccfc6d4b" outcome="Passed" testListId="8c84fa94-04c1-424b-9868-57a2d4851a1d" relativeResultsDirectory="c37d8761-aa01-45f2-8142-cf09e22e4903" />
    <UnitTestResult executionId="a537be06-381c-445b-a0a2-aca437cb385b" testId="9729a039-440f-b038-cbbc-13699377547c" testName="FileContentRenamer.Tests.Services.PdfProcessorTests.CanProcess_WithPdfExtension_ShouldReturnTrue" computerName="MacBook-Pro" duration="00:00:00.0002413" startTime="2025-08-11T23:39:58.1959140-03:00" endTime="2025-08-11T23:39:58.1961290-03:00" testType="13cdc9d9-ddb5-4fa4-a97d-d965ccfc6d4b" outcome="Passed" testListId="8c84fa94-04c1-424b-9868-57a2d4851a1d" relativeResultsDirectory="a537be06-381c-445b-a0a2-aca437cb385b" />
    <UnitTestResult executionId="b028df03-432e-4a5c-8c78-be90cf85f098" testId="85677dc2-59d0-24ec-6909-57399a83a6f9" testName="FileContentRenamer.Tests.Configuration.ServiceConfigurationTests.ConfigureServices_ShouldRegisterFileProcessors" computerName="MacBook-Pro" duration="00:00:00.1041975" startTime="2025-08-11T23:39:57.9756110-03:00" endTime="2025-08-11T23:39:58.0937290-03:00" testType="13cdc9d9-ddb5-4fa4-a97d-d965ccfc6d4b" outcome="Passed" testListId="8c84fa94-04c1-424b-9868-57a2d4851a1d" relativeResultsDirectory="b028df03-432e-4a5c-8c78-be90cf85f098" />
    <UnitTestResult executionId="4b6eb45f-fa13-46a2-9684-f10c1cd1745f" testId="fd75bf1b-7547-e469-5bac-5caae1974719" testName="FileContentRenamer.Tests.Services.FilenameGeneratorTests.IsAlreadyNamedFilename_WithValidFormats_ShouldReturnTrue(filename: &quot;service_2024-03-15_payment&quot;)" computerName="MacBook-Pro" duration="00:00:00.0786831" startTime="2025-08-11T23:39:57.9170260-03:00" endTime="2025-08-11T23:39:58.0826690-03:00" testType="13cdc9d9-ddb5-4fa4-a97d-d965ccfc6d4b" outcome="Passed" testListId="8c84fa94-04c1-424b-9868-57a2d4851a1d" relativeResultsDirectory="4b6eb45f-fa13-46a2-9684-f10c1cd1745f" />
    <UnitTestResult executionId="35cdf93e-c4c7-4d25-8e4f-394e4856debf" testId="411f59f3-34f9-62ac-9b26-0c3528e0b2f7" testName="FileContentRenamer.Tests.Services.FilenameGeneratorTests.IsAlreadyNamedFilename_WithInvalidFormats_ShouldReturnFalse(filename: &quot;service_15-03-2024_payment&quot;)" computerName="MacBook-Pro" duration="00:00:00.0001185" startTime="2025-08-11T23:39:58.2824690-03:00" endTime="2025-08-11T23:39:58.2828600-03:00" testType="13cdc9d9-ddb5-4fa4-a97d-d965ccfc6d4b" outcome="Passed" testListId="8c84fa94-04c1-424b-9868-57a2d4851a1d" relativeResultsDirectory="35cdf93e-c4c7-4d25-8e4f-394e4856debf" />
    <UnitTestResult executionId="a7bb6bae-6638-4434-9dbc-5c7219869cf6" testId="34f0a146-8932-4124-920d-b39c3eb45d5b" testName="FileContentRenamer.Tests.Services.FileServiceTests.ProcessFilesAsync_WithAlreadyNamedFile_ShouldSkipRenaming" computerName="MacBook-Pro" duration="00:00:00.0036307" startTime="2025-08-11T23:39:58.4273990-03:00" endTime="2025-08-11T23:39:58.4274430-03:00" testType="13cdc9d9-ddb5-4fa4-a97d-d965ccfc6d4b" outcome="Passed" testListId="8c84fa94-04c1-424b-9868-57a2d4851a1d" relativeResultsDirectory="a7bb6bae-6638-4434-9dbc-5c7219869cf6" />
    <UnitTestResult executionId="039af6c9-74f5-4bb3-8a9d-7a4a09d506ef" testId="079ffdd2-77ff-69de-b8c6-9423e86a8bc9" testName="FileContentRenamer.Tests.Services.DirectoryOrganizerTests.GetMonthName_WithInvalidMonth_ShouldReturnUnknown(monthNumber: -1)" computerName="MacBook-Pro" duration="00:00:00.0002206" startTime="2025-08-11T23:39:58.0415020-03:00" endTime="2025-08-11T23:39:58.0415510-03:00" testType="13cdc9d9-ddb5-4fa4-a97d-d965ccfc6d4b" outcome="Passed" testListId="8c84fa94-04c1-424b-9868-57a2d4851a1d" relativeResultsDirectory="039af6c9-74f5-4bb3-8a9d-7a4a09d506ef" />
    <UnitTestResult executionId="38db90e4-0773-41ec-bc34-a4d06d80d9fb" testId="fe7b897c-fd2e-f8e6-f880-7f5c0aaede02" testName="FileContentRenamer.Tests.Services.DateExtractorTests.ExtractDateFromContent_WithVariousGenericDates_ShouldReturnCorrectDates(content: &quot;31/12/2023&quot;, expected: &quot;2023-12-31&quot;)" computerName="MacBook-Pro" duration="00:00:00.0000466" startTime="2025-08-11T23:39:57.9719170-03:00" endTime="2025-08-11T23:39:57.9719480-03:00" testType="13cdc9d9-ddb5-4fa4-a97d-d965ccfc6d4b" outcome="Passed" testListId="8c84fa94-04c1-424b-9868-57a2d4851a1d" relativeResultsDirectory="38db90e4-0773-41ec-bc34-a4d06d80d9fb" />
    <UnitTestResult executionId="62de44d4-b7d3-4be5-96b2-8391c86b1551" testId="75b52445-788c-0c2d-ad1d-9437d196417b" testName="FileContentRenamer.Tests.Services.TextProcessorTests.ExtractContentAsync_WithMultilineContent_ShouldReturnContent" computerName="MacBook-Pro" duration="00:00:00.0953667" startTime="2025-08-11T23:39:58.0366320-03:00" endTime="2025-08-11T23:39:58.0919850-03:00" testType="13cdc9d9-ddb5-4fa4-a97d-d965ccfc6d4b" outcome="Passed" testListId="8c84fa94-04c1-424b-9868-57a2d4851a1d" relativeResultsDirectory="62de44d4-b7d3-4be5-96b2-8391c86b1551" />
    <UnitTestResult executionId="dbbf6f5d-0a84-48cb-8da4-6ac2abef0287" testId="6d830e63-8fcb-8140-fe0b-9a127d46ab00" testName="FileContentRenamer.Tests.Services.FileValidatorTests.ShouldProcessFile_WithValidExtensions_ShouldReturnTrue(extension: &quot;.jpg&quot;)" computerName="MacBook-Pro" duration="00:00:00.0003574" startTime="2025-08-11T23:39:58.3499020-03:00" endTime="2025-08-11T23:39:58.3499490-03:00" testType="13cdc9d9-ddb5-4fa4-a97d-d965ccfc6d4b" outcome="Passed" testListId="8c84fa94-04c1-424b-9868-57a2d4851a1d" relativeResultsDirectory="dbbf6f5d-0a84-48cb-8da4-6ac2abef0287" />
    <UnitTestResult executionId="e068864d-ceff-407f-bb24-d8f34a14ef70" testId="f567e5a6-a665-67c2-8449-b66348dc3570" testName="FileContentRenamer.Tests.Services.DirectoryOrganizerTests.OrganizeFileIntoDirectoryStructure_WithMultipleDuplicates_ShouldCreateUniqueFilename" computerName="MacBook-Pro" duration="00:00:00.0036730" startTime="2025-08-11T23:39:58.0469760-03:00" endTime="2025-08-11T23:39:58.0470510-03:00" testType="13cdc9d9-ddb5-4fa4-a97d-d965ccfc6d4b" outcome="Passed" testListId="8c84fa94-04c1-424b-9868-57a2d4851a1d" relativeResultsDirectory="e068864d-ceff-407f-bb24-d8f34a14ef70" />
    <UnitTestResult executionId="56abb546-0773-4171-a02c-5ea2ef53c484" testId="6802e4b7-d13f-9fd7-e900-410b7d9a430f" testName="FileContentRenamer.Tests.Services.PdfProcessorTests.ExtractContentAsync_WithEmptyPdfFile_ShouldReturnEmptyString" computerName="MacBook-Pro" duration="00:00:00.0006625" startTime="2025-08-11T23:39:58.2010490-03:00" endTime="2025-08-11T23:39:58.2011060-03:00" testType="13cdc9d9-ddb5-4fa4-a97d-d965ccfc6d4b" outcome="Passed" testListId="8c84fa94-04c1-424b-9868-57a2d4851a1d" relativeResultsDirectory="56abb546-0773-4171-a02c-5ea2ef53c484" />
    <UnitTestResult executionId="72f1ed48-f525-451e-9afa-ac9ef3e016c1" testId="5c3e394b-5635-340f-a8f3-3c152e9b2b47" testName="FileContentRenamer.Tests.Services.ImageProcessorTests.ExtractContentAsync_WithMissingTesseractDataPath_ShouldReturnEmpty" computerName="MacBook-Pro" duration="00:00:00.0923821" startTime="2025-08-11T23:39:58.0851690-03:00" endTime="2025-08-11T23:39:58.2046730-03:00" testType="13cdc9d9-ddb5-4fa4-a97d-d965ccfc6d4b" outcome="Passed" testListId="8c84fa94-04c1-424b-9868-57a2d4851a1d" relativeResultsDirectory="72f1ed48-f525-451e-9afa-ac9ef3e016c1" />
    <UnitTestResult executionId="62cf5df7-586e-4b56-b6f1-11840246dab3" testId="f3287b07-b05f-116b-412b-e12a39926f98" testName="FileContentRenamer.Tests.Services.PdfProcessorTests.ExtractContentAsync_WithCorruptedPdfFile_ShouldReturnEmptyString" computerName="MacBook-Pro" duration="00:00:00.0075197" startTime="2025-08-11T23:39:58.0917870-03:00" endTime="2025-08-11T23:39:58.0953430-03:00" testType="13cdc9d9-ddb5-4fa4-a97d-d965ccfc6d4b" outcome="Passed" testListId="8c84fa94-04c1-424b-9868-57a2d4851a1d" relativeResultsDirectory="62cf5df7-586e-4b56-b6f1-11840246dab3" />
    <UnitTestResult executionId="35022ee9-a69d-4a4a-a740-3d2cced2c790" testId="d406e03e-ed03-b142-d7d1-88f454f977cb" testName="FileContentRenamer.Tests.Services.ImageProcessorTests.CanProcess_WithNonImageExtension_ShouldReturnFalse(extension: &quot;test&quot;)" computerName="MacBook-Pro" duration="00:00:00.0684571" startTime="2025-08-11T23:39:58.2053660-03:00" endTime="2025-08-11T23:39:58.2058050-03:00" testType="13cdc9d9-ddb5-4fa4-a97d-d965ccfc6d4b" outcome="Passed" testListId="8c84fa94-04c1-424b-9868-57a2d4851a1d" relativeResultsDirectory="35022ee9-a69d-4a4a-a740-3d2cced2c790" />
    <UnitTestResult executionId="8ca4e6e1-06e7-4463-9cc2-d110dfc336b9" testId="a973dd7a-7c46-af87-44cd-7bf4a36abf9b" testName="FileContentRenamer.Tests.Services.DateExtractorTests.ExtractDateFromFilename_WithVariousValidFormats_ShouldReturnCorrectDates(filename: &quot;test_2023-12-31_method&quot;, expected: &quot;2023-12-31&quot;)" computerName="MacBook-Pro" duration="00:00:00.0000035" startTime="2025-08-11T23:39:57.9230010-03:00" endTime="2025-08-11T23:39:57.9230260-03:00" testType="13cdc9d9-ddb5-4fa4-a97d-d965ccfc6d4b" outcome="Passed" testListId="8c84fa94-04c1-424b-9868-57a2d4851a1d" relativeResultsDirectory="8ca4e6e1-06e7-4463-9cc2-d110dfc336b9" />
    <UnitTestResult executionId="1499a57c-d672-475d-9c8c-186f2de771f8" testId="be38a0d7-e0e2-fccd-c5e6-b3a3fded648e" testName="FileContentRenamer.Tests.Models.NamingRuleTests.Matches_WithAllKeywordsPresent_ShouldReturnTrue" computerName="MacBook-Pro" duration="00:00:00.0001967" startTime="2025-08-11T23:39:57.8215020-03:00" endTime="2025-08-11T23:39:57.8215420-03:00" testType="13cdc9d9-ddb5-4fa4-a97d-d965ccfc6d4b" outcome="Passed" testListId="8c84fa94-04c1-424b-9868-57a2d4851a1d" relativeResultsDirectory="1499a57c-d672-475d-9c8c-186f2de771f8" />
    <UnitTestResult executionId="135bf740-c4e9-42d3-bcb3-2b93951eec6d" testId="d60b51ff-35d6-643f-09d4-bd5f7bbab23c" testName="FileContentRenamer.Tests.Services.TextProcessorTests.CanProcess_WithNonTxtExtension_ShouldReturnFalse(filename: &quot;test.jpg&quot;)" computerName="MacBook-Pro" duration="00:00:00.0001819" startTime="2025-08-11T23:39:58.1986090-03:00" endTime="2025-08-11T23:39:58.1988450-03:00" testType="13cdc9d9-ddb5-4fa4-a97d-d965ccfc6d4b" outcome="Passed" testListId="8c84fa94-04c1-424b-9868-57a2d4851a1d" relativeResultsDirectory="135bf740-c4e9-42d3-bcb3-2b93951eec6d" />
    <UnitTestResult executionId="2654589d-ab91-4b06-b2b2-9b3c326b8f91" testId="5ba61b11-551a-10ce-86ec-bdc1ee67e90e" testName="FileContentRenamer.Tests.Services.FileValidatorTests.ValidateConfiguration_WithEmptyBasePath_ShouldReturnFalse" computerName="MacBook-Pro" duration="00:00:00.0002064" startTime="2025-08-11T23:39:58.3563360-03:00" endTime="2025-08-11T23:39:58.3563770-03:00" testType="13cdc9d9-ddb5-4fa4-a97d-d965ccfc6d4b" outcome="Passed" testListId="8c84fa94-04c1-424b-9868-57a2d4851a1d" relativeResultsDirectory="2654589d-ab91-4b06-b2b2-9b3c326b8f91" />
    <UnitTestResult executionId="bfa6caba-08d4-4d6e-a542-6a05a002b7e0" testId="f23379d7-78c4-9613-54fe-537fd665f06d" testName="FileContentRenamer.Tests.Models.NamingRuleTests.Matches_WithEmptyContent_ShouldReturnFalse" computerName="MacBook-Pro" duration="00:00:00.0000576" startTime="2025-08-11T23:39:57.9153330-03:00" endTime="2025-08-11T23:39:57.9155490-03:00" testType="13cdc9d9-ddb5-4fa4-a97d-d965ccfc6d4b" outcome="Passed" testListId="8c84fa94-04c1-424b-9868-57a2d4851a1d" relativeResultsDirectory="bfa6caba-08d4-4d6e-a542-6a05a002b7e0" />
    <UnitTestResult executionId="7befa39e-2ddc-4807-a1cd-80b0faec6595" testId="9bedcbf1-e681-ce6a-b113-25e2deb4a524" testName="FileContentRenamer.Tests.Services.DateExtractorTests.ExtractDateFromContent_WithEmissionDateFormat_ShouldReturnCorrectDate" computerName="MacBook-Pro" duration="00:00:00.0000632" startTime="2025-08-11T23:39:57.9649720-03:00" endTime="2025-08-11T23:39:57.9650760-03:00" testType="13cdc9d9-ddb5-4fa4-a97d-d965ccfc6d4b" outcome="Passed" testListId="8c84fa94-04c1-424b-9868-57a2d4851a1d" relativeResultsDirectory="7befa39e-2ddc-4807-a1cd-80b0faec6595" />
    <UnitTestResult executionId="f823d423-3a80-48b4-a390-de4283dd817e" testId="5f70f144-9947-887e-d6e7-1aeb2f4f79bb" testName="FileContentRenamer.Tests.Services.ImageProcessorTests.CanProcess_WithNonImageExtension_ShouldReturnFalse(extension: &quot;.txt&quot;)" computerName="MacBook-Pro" duration="00:00:00.0773313" startTime="2025-08-11T23:39:58.2805620-03:00" endTime="2025-08-11T23:39:58.3320820-03:00" testType="13cdc9d9-ddb5-4fa4-a97d-d965ccfc6d4b" outcome="Passed" testListId="8c84fa94-04c1-424b-9868-57a2d4851a1d" relativeResultsDirectory="f823d423-3a80-48b4-a390-de4283dd817e" />
    <UnitTestResult executionId="166dcaf4-1681-4aa5-89ce-c5fa48d1e136" testId="44b78ff5-3e7b-b701-e798-52be3aafb6cb" testName="FileContentRenamer.Tests.Services.FilenameGeneratorTests.GenerateUniqueFilename_WithMultipleExistingFiles_ShouldReturnNextAvailableNumber" computerName="MacBook-Pro" duration="00:00:00.0465003" startTime="2025-08-11T23:39:58.4044180-03:00" endTime="2025-08-11T23:39:58.4044680-03:00" testType="13cdc9d9-ddb5-4fa4-a97d-d965ccfc6d4b" outcome="Passed" testListId="8c84fa94-04c1-424b-9868-57a2d4851a1d" relativeResultsDirectory="166dcaf4-1681-4aa5-89ce-c5fa48d1e136" />
    <UnitTestResult executionId="77e335b9-3bcb-4b5f-81da-3f60b82797a3" testId="66363822-7849-72a3-af25-779ac72e5857" testName="FileContentRenamer.Tests.Services.TextProcessorTests.CanProcess_WithTxtExtensionDifferentCasing_ShouldReturnTrue(filename: &quot;test.TXT&quot;)" computerName="MacBook-Pro" duration="00:00:00.0001979" startTime="2025-08-11T23:39:58.2030280-03:00" endTime="2025-08-11T23:39:58.2030770-03:00" testType="13cdc9d9-ddb5-4fa4-a97d-d965ccfc6d4b" outcome="Passed" testListId="8c84fa94-04c1-424b-9868-57a2d4851a1d" relativeResultsDirectory="77e335b9-3bcb-4b5f-81da-3f60b82797a3" />
    <UnitTestResult executionId="73c10675-d30c-4b58-8f53-d1211b9aff29" testId="2a25c3ee-59d0-2484-ec0d-75637450d1ba" testName="FileContentRenamer.Tests.Services.ImageProcessorTests.CanProcess_WithImageExtensionsDifferentCasing_ShouldReturnTrue(extension: &quot;.TIF&quot;)" computerName="MacBook-Pro" duration="00:00:00.0295088" startTime="2025-08-11T23:39:58.7895980-03:00" endTime="2025-08-11T23:39:58.8206920-03:00" testType="13cdc9d9-ddb5-4fa4-a97d-d965ccfc6d4b" outcome="Passed" testListId="8c84fa94-04c1-424b-9868-57a2d4851a1d" relativeResultsDirectory="73c10675-d30c-4b58-8f53-d1211b9aff29" />
    <UnitTestResult executionId="18379b49-23a2-43bf-88c3-6dcc2b6560ef" testId="3bc1972c-43c3-09f6-6b21-23df0274286b" testName="FileContentRenamer.Tests.Models.NamingRulesTests.Constructor_WithDefaultValues_ShouldInitializeCorrectly" computerName="MacBook-Pro" duration="00:00:00.0023458" startTime="2025-08-11T23:39:57.9667210-03:00" endTime="2025-08-11T23:39:57.9736820-03:00" testType="13cdc9d9-ddb5-4fa4-a97d-d965ccfc6d4b" outcome="Passed" testListId="8c84fa94-04c1-424b-9868-57a2d4851a1d" relativeResultsDirectory="18379b49-23a2-43bf-88c3-6dcc2b6560ef" />
    <UnitTestResult executionId="9ac5fb2d-0941-47de-9c3c-b8e5fb6ae0e9" testId="9ceef6d7-c6e7-377c-fe84-df2fd32fca20" testName="FileContentRenamer.Tests.Services.FileValidatorTests.ShouldProcessFile_WithEmptyPath_ShouldReturnFalse" computerName="MacBook-Pro" duration="00:00:00.0001354" startTime="2025-08-11T23:39:58.3569720-03:00" endTime="2025-08-11T23:39:58.3570140-03:00" testType="13cdc9d9-ddb5-4fa4-a97d-d965ccfc6d4b" outcome="Passed" testListId="8c84fa94-04c1-424b-9868-57a2d4851a1d" relativeResultsDirectory="9ac5fb2d-0941-47de-9c3c-b8e5fb6ae0e9" />
    <UnitTestResult executionId="e59bf930-5434-437e-b5d7-306bc2932e8a" testId="57d1cda9-e9e5-f000-1823-6cc75a3cb199" testName="FileContentRenamer.Tests.Services.TextProcessorTests.ExtractContentAsync_WithUnicodeContent_ShouldReturnContent" computerName="MacBook-Pro" duration="00:00:00.0064701" startTime="2025-08-11T23:39:58.1751650-03:00" endTime="2025-08-11T23:39:58.1970910-03:00" testType="13cdc9d9-ddb5-4fa4-a97d-d965ccfc6d4b" outcome="Passed" testListId="8c84fa94-04c1-424b-9868-57a2d4851a1d" relativeResultsDirectory="e59bf930-5434-437e-b5d7-306bc2932e8a" />
    <UnitTestResult executionId="4e6ed97c-cefa-4286-89c0-013976225552" testId="b0162767-b0d5-ac8c-e6c1-f87ef88a8da6" testName="FileContentRenamer.Tests.Services.DateExtractorTests.ExtractDateFromFilename_WithEmptyFilename_ShouldReturnEmptyString" computerName="MacBook-Pro" duration="00:00:00.0017898" startTime="2025-08-11T23:39:57.9166890-03:00" endTime="2025-08-11T23:39:57.9194690-03:00" testType="13cdc9d9-ddb5-4fa4-a97d-d965ccfc6d4b" outcome="Passed" testListId="8c84fa94-04c1-424b-9868-57a2d4851a1d" relativeResultsDirectory="4e6ed97c-cefa-4286-89c0-013976225552" />
    <UnitTestResult executionId="574353e9-fef6-418d-92a4-79d8b3ebf419" testId="1a12a91e-b03d-45d3-fd2d-061c9630072a" testName="FileContentRenamer.Tests.Services.FilenameGeneratorTests.GenerateUniqueFilename_ThreadSafety_ShouldHandleConcurrentCalls" computerName="MacBook-Pro" duration="00:00:00.0283027" startTime="2025-08-11T23:39:58.3315380-03:00" endTime="2025-08-11T23:39:58.3585420-03:00" testType="13cdc9d9-ddb5-4fa4-a97d-d965ccfc6d4b" outcome="Failed" testListId="8c84fa94-04c1-424b-9868-57a2d4851a1d" relativeResultsDirectory="574353e9-fef6-418d-92a4-79d8b3ebf419">
      <Output>
        <ErrorInfo>
          <Message>Expected resultList to only have unique items, but items {"/var/folders/x1/bt0l1hlj3xxfgmlll69gmfr40000gn/T/c03a962d-db01-41ab-a778-e0257f4ca72c/concurrent_test_4.txt", "/var/folders/x1/bt0l1hlj3xxfgmlll69gmfr40000gn/T/c03a962d-db01-41ab-a778-e0257f4ca72c/concurrent_test_2.txt"} are not unique.</Message>
          <StackTrace>   at FluentAssertions.Execution.XUnit2TestFramework.Throw(String message)
   at FluentAssertions.Execution.TestFrameworkProvider.Throw(String message)
   at FluentAssertions.Execution.DefaultAssertionStrategy.HandleFailure(String message)
   at FluentAssertions.Execution.AssertionScope.FailWith(Func`1 failReasonFunc)
   at FluentAssertions.Execution.AssertionScope.FailWith(Func`1 failReasonFunc)
   at FluentAssertions.Execution.AssertionScope.FailWith(String message, Object[] args)
   at FluentAssertions.Collections.GenericCollectionAssertions`3.OnlyHaveUniqueItems(String because, Object[] becauseArgs)
   at FileContentRenamer.Tests.Services.FilenameGeneratorTests.GenerateUniqueFilename_ThreadSafety_ShouldHandleConcurrentCalls() in /Users/santibraida/Workspace/comprobantes/FileContentRenamer.Tests/Services/FilenameGeneratorTests.cs:line 283
--- End of stack trace from previous location ---</StackTrace>
        </ErrorInfo>
      </Output>
    </UnitTestResult>
    <UnitTestResult executionId="116a3667-74eb-4c6c-9ea7-2874dc0c8560" testId="7511a43c-a4b1-13d6-6238-776526db53ad" testName="FileContentRenamer.Tests.Services.ImageProcessorTests.Constructor_WithNonExistentTesseractDataPath_ShouldCreateDirectory" computerName="MacBook-Pro" duration="00:00:00.0606552" startTime="2025-08-11T23:39:58.8215190-03:00" endTime="2025-08-11T23:39:58.8609720-03:00" testType="13cdc9d9-ddb5-4fa4-a97d-d965ccfc6d4b" outcome="Passed" testListId="8c84fa94-04c1-424b-9868-57a2d4851a1d" relativeResultsDirectory="116a3667-74eb-4c6c-9ea7-2874dc0c8560" />
    <UnitTestResult executionId="80ffff0b-9063-4237-adb9-e2e7336c69fd" testId="c5db792d-e049-7e4c-45a4-ac95e98dbc54" testName="FileContentRenamer.Tests.Services.DirectoryOrganizerTests.GetMonthName_WithValidMonth_ShouldReturnSpanishName(monthNumber: 4, expected: &quot;abril&quot;)" computerName="MacBook-Pro" duration="00:00:00.0000855" startTime="2025-08-11T23:39:58.0349860-03:00" endTime="2025-08-11T23:39:58.0351040-03:00" testType="13cdc9d9-ddb5-4fa4-a97d-d965ccfc6d4b" outcome="Passed" testListId="8c84fa94-04c1-424b-9868-57a2d4851a1d" relativeResultsDirectory="80ffff0b-9063-4237-adb9-e2e7336c69fd" />
    <UnitTestResult executionId="6a744902-ccf1-488c-8622-65bd85c568b2" testId="4bbcc3d2-5b9e-8537-8345-00f48a01da72" testName="FileContentRenamer.Tests.Services.FilenameGeneratorTests.CleanupFileName_WithVariousInputs_ShouldReturnCleanedName(input: &quot;file&lt;&gt;name&quot;, expected: &quot;file__name&quot;)" computerName="MacBook-Pro" duration="00:00:00.0029070" startTime="2025-08-11T23:39:58.2741400-03:00" endTime="2025-08-11T23:39:58.2755960-03:00" testType="13cdc9d9-ddb5-4fa4-a97d-d965ccfc6d4b" outcome="Failed" testListId="8c84fa94-04c1-424b-9868-57a2d4851a1d" relativeResultsDirectory="6a744902-ccf1-488c-8622-65bd85c568b2">
      <Output>
        <ErrorInfo>
          <Message>Expected result to be "file__name", but found "file&lt;&gt;name".</Message>
          <StackTrace>   at FluentAssertions.Execution.XUnit2TestFramework.Throw(String message)
   at FluentAssertions.Execution.TestFrameworkProvider.Throw(String message)
   at FluentAssertions.Execution.DefaultAssertionStrategy.HandleFailure(String message)
   at FluentAssertions.Execution.AssertionScope.FailWith(Func`1 failReasonFunc)
   at FluentAssertions.Execution.AssertionScope.FailWith(Func`1 failReasonFunc)
   at FluentAssertions.Execution.AssertionScope.FailWith(String message, Object[] args)
   at FluentAssertions.Primitives.ObjectAssertions`2.Be(TSubject expected, String because, Object[] becauseArgs)
   at FileContentRenamer.Tests.Services.FilenameGeneratorTests.CleanupFileName_WithVariousInputs_ShouldReturnCleanedName(String input, String expected) in /Users/santibraida/Workspace/comprobantes/FileContentRenamer.Tests/Services/FilenameGeneratorTests.cs:line 229
   at InvokeStub_FilenameGeneratorTests.CleanupFileName_WithVariousInputs_ShouldReturnCleanedName(Object, Span`1)
   at System.Reflection.MethodBaseInvoker.InvokeWithFewArgs(Object obj, BindingFlags invokeAttr, Binder binder, Object[] parameters, CultureInfo culture)</StackTrace>
        </ErrorInfo>
      </Output>
    </UnitTestResult>
    <UnitTestResult executionId="1affcbbb-47f2-44c2-89ee-5c76c8af0e29" testId="2df2278f-2596-2f16-dbea-2fed2d64436a" testName="FileContentRenamer.Tests.Models.AppConfigTests.LoadFromConfiguration_WithValidConfigFile_ShouldLoadCorrectly" computerName="MacBook-Pro" duration="00:00:00.0732812" startTime="2025-08-11T23:39:58.3527240-03:00" endTime="2025-08-11T23:39:58.4063510-03:00" testType="13cdc9d9-ddb5-4fa4-a97d-d965ccfc6d4b" outcome="Failed" testListId="8c84fa94-04c1-424b-9868-57a2d4851a1d" relativeResultsDirectory="1affcbbb-47f2-44c2-89ee-5c76c8af0e29">
      <Output>
        <ErrorInfo>
          <Message>Expected result.LastUsedPath to be "/var/folders/x1/bt0l1hlj3xxfgmlll69gmfr40000gn/T/615944b9-07f8-459f-a3cb-976f93a1835d" with a length of 85, but "/Users/santibraida/Downloads/__comprobantes/servicios" has a length of 53, differs near "Use" (index 1).</Message>
          <StackTrace>   at FluentAssertions.Execution.XUnit2TestFramework.Throw(String message)
   at FluentAssertions.Execution.TestFrameworkProvider.Throw(String message)
   at FluentAssertions.Execution.DefaultAssertionStrategy.HandleFailure(String message)
   at FluentAssertions.Execution.AssertionScope.FailWith(Func`1 failReasonFunc)
   at FluentAssertions.Execution.AssertionScope.FailWith(Func`1 failReasonFunc)
   at FluentAssertions.Primitives.StringEqualityValidator.ValidateAgainstLengthDifferences()
   at FluentAssertions.Primitives.StringValidator.Validate()
   at FluentAssertions.Primitives.StringAssertions`1.Be(String expected, String because, Object[] becauseArgs)
   at FileContentRenamer.Tests.Models.AppConfigTests.LoadFromConfiguration_WithValidConfigFile_ShouldLoadCorrectly() in /Users/santibraida/Workspace/comprobantes/FileContentRenamer.Tests/Models/AppConfigTests.cs:line 94
   at System.RuntimeMethodHandle.InvokeMethod(Object target, Void** arguments, Signature sig, Boolean isConstructor)
   at System.Reflection.MethodBaseInvoker.InvokeWithNoArgs(Object obj, BindingFlags invokeAttr)</StackTrace>
        </ErrorInfo>
      </Output>
    </UnitTestResult>
    <UnitTestResult executionId="cec321ff-fb70-4d38-b5bb-8a57ae3721ae" testId="fde0012a-20a9-aebc-bee1-b5bf65a4ee27" testName="FileContentRenamer.Tests.Models.NamingRulesTests.FindMatchingRule_WithFirstRuleMatching_ShouldReturnFirstRule" computerName="MacBook-Pro" duration="00:00:00.0001096" startTime="2025-08-11T23:39:57.9748970-03:00" endTime="2025-08-11T23:39:57.9749230-03:00" testType="13cdc9d9-ddb5-4fa4-a97d-d965ccfc6d4b" outcome="Passed" testListId="8c84fa94-04c1-424b-9868-57a2d4851a1d" relativeResultsDirectory="cec321ff-fb70-4d38-b5bb-8a57ae3721ae" />
    <UnitTestResult executionId="3bff9ecf-347c-463d-8bde-df0ee1e6d7f8" testId="4216934b-235a-6efa-b1f2-737b953f21df" testName="FileContentRenamer.Tests.Models.AppConfigTests.LoadFromConfiguration_WithEmptyConfig_ShouldThrowException" computerName="MacBook-Pro" duration="00:00:00.2286249" startTime="2025-08-11T23:39:58.5641840-03:00" endTime="2025-08-11T23:39:58.7922820-03:00" testType="13cdc9d9-ddb5-4fa4-a97d-d965ccfc6d4b" outcome="Failed" testListId="8c84fa94-04c1-424b-9868-57a2d4851a1d" relativeResultsDirectory="3bff9ecf-347c-463d-8bde-df0ee1e6d7f8">
      <Output>
        <ErrorInfo>
          <Message>Expected a &lt;System.InvalidOperationException&gt; to be thrown, but no exception was thrown.</Message>
          <StackTrace>   at FluentAssertions.Execution.XUnit2TestFramework.Throw(String message)
   at FluentAssertions.Execution.TestFrameworkProvider.Throw(String message)
   at FluentAssertions.Execution.DefaultAssertionStrategy.HandleFailure(String message)
   at FluentAssertions.Execution.AssertionScope.FailWith(Func`1 failReasonFunc)
   at FluentAssertions.Execution.AssertionScope.FailWith(Func`1 failReasonFunc)
   at FluentAssertions.Execution.AssertionScope.FailWith(String message)
   at FluentAssertions.Specialized.DelegateAssertionsBase`2.ThrowInternal[TException](Exception exception, String because, Object[] becauseArgs)
   at FluentAssertions.Specialized.DelegateAssertions`2.Throw[TException](String because, Object[] becauseArgs)
   at FileContentRenamer.Tests.Models.AppConfigTests.LoadFromConfiguration_WithEmptyConfig_ShouldThrowException() in /Users/santibraida/Workspace/comprobantes/FileContentRenamer.Tests/Models/AppConfigTests.cs:line 161
   at System.RuntimeMethodHandle.InvokeMethod(Object target, Void** arguments, Signature sig, Boolean isConstructor)
   at System.Reflection.MethodBaseInvoker.InvokeWithNoArgs(Object obj, BindingFlags invokeAttr)</StackTrace>
        </ErrorInfo>
      </Output>
    </UnitTestResult>
    <UnitTestResult executionId="77673bd7-b5f4-4e2b-8982-c0af42606e55" testId="97a9732c-79a7-6428-f306-649df62803fe" testName="FileContentRenamer.Tests.Services.ImageProcessorTests.CanProcess_WithImageExtensions_ShouldReturnTrue(extension: &quot;.jpeg&quot;)" computerName="MacBook-Pro" duration="00:00:00.0489837" startTime="2025-08-11T23:39:58.4080860-03:00" endTime="2025-08-11T23:39:58.4084080-03:00" testType="13cdc9d9-ddb5-4fa4-a97d-d965ccfc6d4b" outcome="Passed" testListId="8c84fa94-04c1-424b-9868-57a2d4851a1d" relativeResultsDirectory="77673bd7-b5f4-4e2b-8982-c0af42606e55" />
    <UnitTestResult executionId="4e791bba-72e2-441a-b505-5410b1c09d1d" testId="0877987f-a018-03de-71dc-2e8ff937b395" testName="FileContentRenamer.Tests.Services.DateExtractorTests.ExtractDateFromContent_WithVariousDueDateFormats_ShouldReturnCorrectDates(content: &quot;Vence: 31/12/2023&quot;, expected: &quot;2023-12-31&quot;)" computerName="MacBook-Pro" duration="00:00:00.0000550" startTime="2025-08-11T23:39:57.9162730-03:00" endTime="2025-08-11T23:39:57.9163030-03:00" testType="13cdc9d9-ddb5-4fa4-a97d-d965ccfc6d4b" outcome="Passed" testListId="8c84fa94-04c1-424b-9868-57a2d4851a1d" relativeResultsDirectory="4e791bba-72e2-441a-b505-5410b1c09d1d" />
    <UnitTestResult executionId="6399d379-2a3d-4948-a2db-6228dc6f3178" testId="b4180071-1e06-f3bd-f0e2-c5c49975b30c" testName="FileContentRenamer.Tests.Services.ImageProcessorTests.Constructor_WithNullConfig_ShouldThrowArgumentNullException" computerName="MacBook-Pro" duration="00:00:00.0294386" startTime="2025-08-11T23:39:59.4944280-03:00" endTime="2025-08-11T23:39:59.5057290-03:00" testType="13cdc9d9-ddb5-4fa4-a97d-d965ccfc6d4b" outcome="Failed" testListId="8c84fa94-04c1-424b-9868-57a2d4851a1d" relativeResultsDirectory="6399d379-2a3d-4948-a2db-6228dc6f3178">
      <Output>
        <ErrorInfo>
          <Message>Expected a &lt;System.ArgumentNullException&gt; to be thrown, but found &lt;System.NullReferenceException&gt;:
System.NullReferenceException: Object reference not set to an instance of an object.
   at FileContentRenamer.Services.ImageProcessor.VerifyTesseractAvailability() in /Users/santibraida/Workspace/comprobantes/FileContentRenamer/Services/ImageProcessor.cs:line 21
   at FileContentRenamer.Services.ImageProcessor..ctor(AppConfig config) in /Users/santibraida/Workspace/comprobantes/FileContentRenamer/Services/ImageProcessor.cs:line 15
   at FileContentRenamer.Tests.Services.ImageProcessorTests.&lt;&gt;c.&lt;Constructor_WithNullConfig_ShouldThrowArgumentNullException&gt;b__14_0() in /Users/santibraida/Workspace/comprobantes/FileContentRenamer.Tests/Services/ImageProcessorTests.cs:line 193
   at FluentAssertions.Specialized.ActionAssertions.InvokeSubject()
   at FluentAssertions.Specialized.DelegateAssertions`2.InvokeSubjectWithInterception().</Message>
          <StackTrace>   at FluentAssertions.Execution.XUnit2TestFramework.Throw(String message)
   at FluentAssertions.Execution.TestFrameworkProvider.Throw(String message)
   at FluentAssertions.Execution.DefaultAssertionStrategy.HandleFailure(String message)
   at FluentAssertions.Execution.AssertionScope.FailWith(Func`1 failReasonFunc)
   at FluentAssertions.Execution.AssertionScope.FailWith(Func`1 failReasonFunc)
   at FluentAssertions.Execution.AssertionScope.FailWith(String message, Object[] args)
   at FluentAssertions.Specialized.DelegateAssertionsBase`2.ThrowInternal[TException](Exception exception, String because, Object[] becauseArgs)
   at FluentAssertions.Specialized.DelegateAssertions`2.Throw[TException](String because, Object[] becauseArgs)
   at FileContentRenamer.Tests.Services.ImageProcessorTests.Constructor_WithNullConfig_ShouldThrowArgumentNullException() in /Users/santibraida/Workspace/comprobantes/FileContentRenamer.Tests/Services/ImageProcessorTests.cs:line 194
   at System.RuntimeMethodHandle.InvokeMethod(Object target, Void** arguments, Signature sig, Boolean isConstructor)
   at System.Reflection.MethodBaseInvoker.InvokeWithNoArgs(Object obj, BindingFlags invokeAttr)</StackTrace>
        </ErrorInfo>
      </Output>
    </UnitTestResult>
    <UnitTestResult executionId="5455c96f-6df7-4a9b-9fae-74a751b2449c" testId="2096051f-0719-d6b7-7ba6-a9c6fbdaed26" testName="FileContentRenamer.Tests.Services.ImageProcessorTests.ExtractContentAsync_WithNonExistentFile_ShouldReturnEmptyString" computerName="MacBook-Pro" duration="00:00:00.1935945" startTime="2025-08-11T23:39:59.3337680-03:00" endTime="2025-08-11T23:39:59.4761140-03:00" testType="13cdc9d9-ddb5-4fa4-a97d-d965ccfc6d4b" outcome="Passed" testListId="8c84fa94-04c1-424b-9868-57a2d4851a1d" relativeResultsDirectory="5455c96f-6df7-4a9b-9fae-74a751b2449c" />
    <UnitTestResult executionId="251d27c3-d479-4999-be49-9dc826b2ec09" testId="f4d3ad23-32ef-7284-391b-46eb33d6f78f" testName="FileContentRenamer.Tests.Services.FileValidatorTests.ShouldProcessFile_WithFileExtensionsContainingNulls_ShouldHandleGracefully" computerName="MacBook-Pro" duration="00:00:00.0005336" startTime="2025-08-11T23:39:58.3545140-03:00" endTime="2025-08-11T23:39:58.3545550-03:00" testType="13cdc9d9-ddb5-4fa4-a97d-d965ccfc6d4b" outcome="Passed" testListId="8c84fa94-04c1-424b-9868-57a2d4851a1d" relativeResultsDirectory="251d27c3-d479-4999-be49-9dc826b2ec09" />
    <UnitTestResult executionId="2de0f9e3-824e-4cfb-98db-6bce3a09719c" testId="1fee9821-3919-b84e-fa07-8bc4fb6625e5" testName="FileContentRenamer.Tests.Services.FileValidatorTests.ShouldProcessFile_WithDifferentCasing_ShouldBeCaseInsensitive(filename: &quot;test.Pdf&quot;)" computerName="MacBook-Pro" duration="00:00:00.0005884" startTime="2025-08-11T23:39:58.3512400-03:00" endTime="2025-08-11T23:39:58.3512810-03:00" testType="13cdc9d9-ddb5-4fa4-a97d-d965ccfc6d4b" outcome="Passed" testListId="8c84fa94-04c1-424b-9868-57a2d4851a1d" relativeResultsDirectory="2de0f9e3-824e-4cfb-98db-6bce3a09719c" />
    <UnitTestResult executionId="9a5193db-4d37-4432-a6e1-a665fd31d402" testId="af647e92-1ce2-064d-3a84-3476cb46d127" testName="FileContentRenamer.Tests.Services.TextProcessorTests.CanProcess_WithNonTxtExtension_ShouldReturnFalse(filename: &quot;test.pdf&quot;)" computerName="MacBook-Pro" duration="00:00:00.0002749" startTime="2025-08-11T23:39:58.1978700-03:00" endTime="2025-08-11T23:39:58.1979320-03:00" testType="13cdc9d9-ddb5-4fa4-a97d-d965ccfc6d4b" outcome="Passed" testListId="8c84fa94-04c1-424b-9868-57a2d4851a1d" relativeResultsDirectory="9a5193db-4d37-4432-a6e1-a665fd31d402" />
    <UnitTestResult executionId="b8a65530-279d-4a6a-9f18-bfd8d3ec78a1" testId="51c5dd4c-3587-911b-8de8-02b3003da056" testName="FileContentRenamer.Tests.Services.FileValidatorTests.ValidateConfiguration_WithEmptyFileExtensions_ShouldReturnFalse" computerName="MacBook-Pro" duration="00:00:00.0208189" startTime="2025-08-11T23:39:58.2815450-03:00" endTime="2025-08-11T23:39:58.3056960-03:00" testType="13cdc9d9-ddb5-4fa4-a97d-d965ccfc6d4b" outcome="Passed" testListId="8c84fa94-04c1-424b-9868-57a2d4851a1d" relativeResultsDirectory="b8a65530-279d-4a6a-9f18-bfd8d3ec78a1" />
    <UnitTestResult executionId="452c30bd-9eb6-4a48-9665-ca50c2662905" testId="2baaf6a6-6812-8b99-5d21-fa95ac740bec" testName="FileContentRenamer.Tests.Models.AppConfigTests.SaveLastUsedPath_WithInvalidPath_ShouldNotThrow" computerName="MacBook-Pro" duration="00:00:00.0636733" startTime="2025-08-11T23:39:58.8550900-03:00" endTime="2025-08-11T23:39:58.9178870-03:00" testType="13cdc9d9-ddb5-4fa4-a97d-d965ccfc6d4b" outcome="Passed" testListId="8c84fa94-04c1-424b-9868-57a2d4851a1d" relativeResultsDirectory="452c30bd-9eb6-4a48-9665-ca50c2662905" />
    <UnitTestResult executionId="d3c283d6-b771-4430-b82e-843cac509ce4" testId="b8e09496-6d7b-6d6d-0f84-90360e0cb28c" testName="FileContentRenamer.Tests.Services.ImageProcessorTests.CanProcess_WithImageExtensionsDifferentCasing_ShouldReturnTrue(extension: &quot;.PNG&quot;)" computerName="MacBook-Pro" duration="00:00:00.0322240" startTime="2025-08-11T23:39:58.6216470-03:00" endTime="2025-08-11T23:39:58.6325380-03:00" testType="13cdc9d9-ddb5-4fa4-a97d-d965ccfc6d4b" outcome="Passed" testListId="8c84fa94-04c1-424b-9868-57a2d4851a1d" relativeResultsDirectory="d3c283d6-b771-4430-b82e-843cac509ce4" />
    <UnitTestResult executionId="f15aaae1-bc98-4d6a-9635-7a251f599750" testId="a74078ad-01de-0282-292f-78f3a891fdb1" testName="FileContentRenamer.Tests.Services.FileValidatorTests.ShouldProcessFile_WithNonExistentFile_ShouldReturnFalse" computerName="MacBook-Pro" duration="00:00:00.0001655" startTime="2025-08-11T23:39:58.3566490-03:00" endTime="2025-08-11T23:39:58.3566920-03:00" testType="13cdc9d9-ddb5-4fa4-a97d-d965ccfc6d4b" outcome="Passed" testListId="8c84fa94-04c1-424b-9868-57a2d4851a1d" relativeResultsDirectory="f15aaae1-bc98-4d6a-9635-7a251f599750" />
    <UnitTestResult executionId="f0d36bf3-f8d7-43e8-8dc4-f7130776e8fd" testId="c8e339c4-495d-6682-fb59-508814014af3" testName="FileContentRenamer.Tests.Models.AppConfigTests.AppConfig_DefaultValues_ShouldBeSetCorrectly" computerName="MacBook-Pro" duration="00:00:00.0004083" startTime="2025-08-11T23:39:58.9184610-03:00" endTime="2025-08-11T23:39:58.9185210-03:00" testType="13cdc9d9-ddb5-4fa4-a97d-d965ccfc6d4b" outcome="Passed" testListId="8c84fa94-04c1-424b-9868-57a2d4851a1d" relativeResultsDirectory="f0d36bf3-f8d7-43e8-8dc4-f7130776e8fd" />
    <UnitTestResult executionId="832a24fb-6d2e-4128-b381-4247a8c8490e" testId="33f7c76c-bb78-6b08-abcd-e808bcbcf4f9" testName="FileContentRenamer.Tests.Services.TextProcessorTests.ExtractContentAsync_WithOnlyWhitespace_ShouldReturnWhitespace" computerName="MacBook-Pro" duration="00:00:00.0025492" startTime="2025-08-11T23:39:58.2064190-03:00" endTime="2025-08-11T23:39:58.2517820-03:00" testType="13cdc9d9-ddb5-4fa4-a97d-d965ccfc6d4b" outcome="Passed" testListId="8c84fa94-04c1-424b-9868-57a2d4851a1d" relativeResultsDirectory="832a24fb-6d2e-4128-b381-4247a8c8490e" />
    <UnitTestResult executionId="81bc7a95-4a8e-464b-9308-89dce2f44821" testId="653d3743-7cb8-b116-b4af-cf8e20bba6f6" testName="FileContentRenamer.Tests.Models.NamingRulesTests.GenerateFilename_WithRuleWithEmptyPaymentMethod_ShouldUseDefault" computerName="MacBook-Pro" duration="00:00:00.0000849" startTime="2025-08-11T23:39:57.9745930-03:00" endTime="2025-08-11T23:39:57.9746180-03:00" testType="13cdc9d9-ddb5-4fa4-a97d-d965ccfc6d4b" outcome="Passed" testListId="8c84fa94-04c1-424b-9868-57a2d4851a1d" relativeResultsDirectory="81bc7a95-4a8e-464b-9308-89dce2f44821" />
    <UnitTestResult executionId="487501b4-e232-4e44-b1b8-7664ccd0667f" testId="3ecade73-7761-1f4e-e941-925f13343fbf" testName="FileContentRenamer.Tests.Services.ImageProcessorTests.CanProcess_WithNonImageExtension_ShouldReturnFalse(extension: &quot;.docx&quot;)" computerName="MacBook-Pro" duration="00:00:00.0301577" startTime="2025-08-11T23:39:58.4054350-03:00" endTime="2025-08-11T23:39:58.4078260-03:00" testType="13cdc9d9-ddb5-4fa4-a97d-d965ccfc6d4b" outcome="Passed" testListId="8c84fa94-04c1-424b-9868-57a2d4851a1d" relativeResultsDirectory="487501b4-e232-4e44-b1b8-7664ccd0667f" />
    <UnitTestResult executionId="0f661402-b5be-4f8f-8322-4f576f22d26d" testId="ddd37070-3a26-e09f-cfe8-adfb9adc29e7" testName="FileContentRenamer.Tests.Configuration.ServiceConfigurationTests.ConfigureServices_WithValidConfig_ShouldRegisterSingletonAppConfig" computerName="MacBook-Pro" duration="00:00:00.0009062" startTime="2025-08-11T23:39:58.0948260-03:00" endTime="2025-08-11T23:39:58.0948930-03:00" testType="13cdc9d9-ddb5-4fa4-a97d-d965ccfc6d4b" outcome="Passed" testListId="8c84fa94-04c1-424b-9868-57a2d4851a1d" relativeResultsDirectory="0f661402-b5be-4f8f-8322-4f576f22d26d" />
    <UnitTestResult executionId="71addbaf-137d-4726-9791-61c8f5dc4677" testId="cb98919d-41c2-f114-3856-49dce9ef8634" testName="FileContentRenamer.Tests.Services.ImageProcessorTests.ExtractContentAsync_WithInvalidImageFile_ShouldReturnEmptyString" computerName="MacBook-Pro" duration="00:00:00.4202878" startTime="2025-08-11T23:39:58.8825550-03:00" endTime="2025-08-11T23:39:59.2822370-03:00" testType="13cdc9d9-ddb5-4fa4-a97d-d965ccfc6d4b" outcome="Passed" testListId="8c84fa94-04c1-424b-9868-57a2d4851a1d" relativeResultsDirectory="71addbaf-137d-4726-9791-61c8f5dc4677" />
    <UnitTestResult executionId="19cd2402-8137-456c-a454-4ae8a874add7" testId="2ff40e02-cd90-e19e-c947-03dc2242a050" testName="FileContentRenamer.Tests.Models.NamingRulesTests.GenerateFilename_WithDateOverrideAndMinimalContent_ShouldUseDateOverride" computerName="MacBook-Pro" duration="00:00:00.0001120" startTime="2025-08-11T23:39:57.9739780-03:00" endTime="2025-08-11T23:39:57.9740050-03:00" testType="13cdc9d9-ddb5-4fa4-a97d-d965ccfc6d4b" outcome="Passed" testListId="8c84fa94-04c1-424b-9868-57a2d4851a1d" relativeResultsDirectory="19cd2402-8137-456c-a454-4ae8a874add7" />
    <UnitTestResult executionId="76ae0253-7354-4cbb-b227-a1f7aa006719" testId="ee980d6a-c8f2-fb3c-69f5-92dd6531facb" testName="FileContentRenamer.Tests.Services.DirectoryOrganizerTests.GetMonthName_WithValidMonth_ShouldReturnSpanishName(monthNumber: 2, expected: &quot;febrero&quot;)" computerName="MacBook-Pro" duration="00:00:00.0000886" startTime="2025-08-11T23:39:58.0343020-03:00" endTime="2025-08-11T23:39:58.0343510-03:00" testType="13cdc9d9-ddb5-4fa4-a97d-d965ccfc6d4b" outcome="Passed" testListId="8c84fa94-04c1-424b-9868-57a2d4851a1d" relativeResultsDirectory="76ae0253-7354-4cbb-b227-a1f7aa006719" />
    <UnitTestResult executionId="a6a82b22-2c27-4d89-9ea9-f1940da82321" testId="ec24e8ad-adc6-d41a-59ac-e98e8c3163a5" testName="FileContentRenamer.Tests.Services.FilenameGeneratorTests.CleanupFileName_WithVariousInputs_ShouldReturnCleanedName(input: &quot;file:name&quot;, expected: &quot;file_name&quot;)" computerName="MacBook-Pro" duration="00:00:00.2024522" startTime="2025-08-11T23:39:58.0855130-03:00" endTime="2025-08-11T23:39:58.2526760-03:00" testType="13cdc9d9-ddb5-4fa4-a97d-d965ccfc6d4b" outcome="Failed" testListId="8c84fa94-04c1-424b-9868-57a2d4851a1d" relativeResultsDirectory="a6a82b22-2c27-4d89-9ea9-f1940da82321">
      <Output>
        <ErrorInfo>
          <Message>Expected result to be "file_name", but found "file:name".</Message>
          <StackTrace>   at FluentAssertions.Execution.XUnit2TestFramework.Throw(String message)
   at FluentAssertions.Execution.TestFrameworkProvider.Throw(String message)
   at FluentAssertions.Execution.DefaultAssertionStrategy.HandleFailure(String message)
   at FluentAssertions.Execution.AssertionScope.FailWith(Func`1 failReasonFunc)
   at FluentAssertions.Execution.AssertionScope.FailWith(Func`1 failReasonFunc)
   at FluentAssertions.Execution.AssertionScope.FailWith(String message, Object[] args)
   at FluentAssertions.Primitives.ObjectAssertions`2.Be(TSubject expected, String because, Object[] becauseArgs)
   at FileContentRenamer.Tests.Services.FilenameGeneratorTests.CleanupFileName_WithVariousInputs_ShouldReturnCleanedName(String input, String expected) in /Users/santibraida/Workspace/comprobantes/FileContentRenamer.Tests/Services/FilenameGeneratorTests.cs:line 229
   at InvokeStub_FilenameGeneratorTests.CleanupFileName_WithVariousInputs_ShouldReturnCleanedName(Object, Span`1)
   at System.Reflection.MethodBaseInvoker.InvokeWithFewArgs(Object obj, BindingFlags invokeAttr, Binder binder, Object[] parameters, CultureInfo culture)</StackTrace>
        </ErrorInfo>
      </Output>
    </UnitTestResult>
    <UnitTestResult executionId="caa44d3b-b310-44d5-9fd7-25821a3fcd5e" testId="72cdf8b5-0c4a-e649-1b33-3003eb144b1a" testName="FileContentRenamer.Tests.Services.TextProcessorTests.CanProcess_WithNonTxtExtension_ShouldReturnFalse(filename: &quot;test.docx&quot;)" computerName="MacBook-Pro" duration="00:00:00.0001025" startTime="2025-08-11T23:39:58.1998890-03:00" endTime="2025-08-11T23:39:58.1999320-03:00" testType="13cdc9d9-ddb5-4fa4-a97d-d965ccfc6d4b" outcome="Passed" testListId="8c84fa94-04c1-424b-9868-57a2d4851a1d" relativeResultsDirectory="caa44d3b-b310-44d5-9fd7-25821a3fcd5e" />
    <UnitTestResult executionId="ba566847-4a93-4a7d-a475-0c507e601ddf" testId="019703dd-2e5c-665b-f543-025b13ca7b6d" testName="FileContentRenamer.Tests.Services.FilenameGeneratorTests.GenerateFilename_WithNullDirectory_ShouldReturnOriginalFilename" computerName="MacBook-Pro" duration="00:00:00.0007394" startTime="2025-08-11T23:39:58.4071130-03:00" endTime="2025-08-11T23:39:58.4071430-03:00" testType="13cdc9d9-ddb5-4fa4-a97d-d965ccfc6d4b" outcome="Failed" testListId="8c84fa94-04c1-424b-9868-57a2d4851a1d" relativeResultsDirectory="ba566847-4a93-4a7d-a475-0c507e601ddf">
      <Output>
        <ErrorInfo>
          <Message>Expected result to be "test.pdf" with a length of 8, but "test_2025-08-11_card.pdf" has a length of 24, differs near "_20" (index 4).</Message>
          <StackTrace>   at FluentAssertions.Execution.XUnit2TestFramework.Throw(String message)
   at FluentAssertions.Execution.TestFrameworkProvider.Throw(String message)
   at FluentAssertions.Execution.DefaultAssertionStrategy.HandleFailure(String message)
   at FluentAssertions.Execution.AssertionScope.FailWith(Func`1 failReasonFunc)
   at FluentAssertions.Execution.AssertionScope.FailWith(Func`1 failReasonFunc)
   at FluentAssertions.Primitives.StringEqualityValidator.ValidateAgainstLengthDifferences()
   at FluentAssertions.Primitives.StringValidator.Validate()
   at FluentAssertions.Primitives.StringAssertions`1.Be(String expected, String because, Object[] becauseArgs)
   at FileContentRenamer.Tests.Services.FilenameGeneratorTests.GenerateFilename_WithNullDirectory_ShouldReturnOriginalFilename() in /Users/santibraida/Workspace/comprobantes/FileContentRenamer.Tests/Services/FilenameGeneratorTests.cs:line 245
   at System.RuntimeMethodHandle.InvokeMethod(Object target, Void** arguments, Signature sig, Boolean isConstructor)
   at System.Reflection.MethodBaseInvoker.InvokeWithNoArgs(Object obj, BindingFlags invokeAttr)</StackTrace>
        </ErrorInfo>
      </Output>
    </UnitTestResult>
    <UnitTestResult executionId="aa00e75d-faeb-498c-90d1-2dc047ee0199" testId="d6d3d886-1a00-8e52-5627-e1236e6e1c62" testName="FileContentRenamer.Tests.Services.FilenameGeneratorTests.IsAlreadyNamedFilename_WithInvalidFormats_ShouldReturnFalse(filename: &quot;service_payment&quot;)" computerName="MacBook-Pro" duration="00:00:00.0199101" startTime="2025-08-11T23:39:58.2812090-03:00" endTime="2025-08-11T23:39:58.2817380-03:00" testType="13cdc9d9-ddb5-4fa4-a97d-d965ccfc6d4b" outcome="Passed" testListId="8c84fa94-04c1-424b-9868-57a2d4851a1d" relativeResultsDirectory="aa00e75d-faeb-498c-90d1-2dc047ee0199" />
    <UnitTestResult executionId="438bb34c-cf40-4a3c-aa25-fc7e1c5bb446" testId="7135bf06-d0f7-d1fd-424d-aa321ae4fc62" testName="FileContentRenamer.Tests.Services.DateExtractorTests.ExtractDateFromContent_WithDueDateFormat_ShouldReturnCorrectDate" computerName="MacBook-Pro" duration="00:00:00.0000631" startTime="2025-08-11T23:39:57.9214440-03:00" endTime="2025-08-11T23:39:57.9214840-03:00" testType="13cdc9d9-ddb5-4fa4-a97d-d965ccfc6d4b" outcome="Passed" testListId="8c84fa94-04c1-424b-9868-57a2d4851a1d" relativeResultsDirectory="438bb34c-cf40-4a3c-aa25-fc7e1c5bb446" />
    <UnitTestResult executionId="323a2bc0-eb92-4dc4-8d30-a652cea51750" testId="8f2c1c6f-2d06-5c80-db10-fbc31b9e4155" testName="FileContentRenamer.Tests.Services.DirectoryOrganizerTests.OrganizeFileIntoDirectoryStructure_WithValidDate_ShouldCreateStructureAndMoveFile" computerName="MacBook-Pro" duration="00:00:00.0035856" startTime="2025-08-11T23:39:57.9736510-03:00" endTime="2025-08-11T23:39:57.9759550-03:00" testType="13cdc9d9-ddb5-4fa4-a97d-d965ccfc6d4b" outcome="Passed" testListId="8c84fa94-04c1-424b-9868-57a2d4851a1d" relativeResultsDirectory="323a2bc0-eb92-4dc4-8d30-a652cea51750" />
    <UnitTestResult executionId="26ddfc9f-1bb2-4a69-a5df-157815178ae2" testId="1f6f6946-e988-6d1a-ad4a-0a9338273d33" testName="FileContentRenamer.Tests.Services.FileServiceTests.ProcessFilesAsync_WithSubdirectories_ShouldProcessAllFiles" computerName="MacBook-Pro" duration="00:00:00.0038420" startTime="2025-08-11T23:39:58.4261660-03:00" endTime="2025-08-11T23:39:58.4269680-03:00" testType="13cdc9d9-ddb5-4fa4-a97d-d965ccfc6d4b" outcome="Passed" testListId="8c84fa94-04c1-424b-9868-57a2d4851a1d" relativeResultsDirectory="26ddfc9f-1bb2-4a69-a5df-157815178ae2" />
    <UnitTestResult executionId="493e12b3-48ad-431c-94c5-0dcf64dac02e" testId="1d19ec21-e870-5f10-f860-7ea25dd398b9" testName="FileContentRenamer.Tests.Services.DateExtractorTests.ExtractDateFromContent_WithVariousGenericDates_ShouldReturnCorrectDates(content: &quot;15/03/2024&quot;, expected: &quot;2024-03-15&quot;)" computerName="MacBook-Pro" duration="00:00:00.0000660" startTime="2025-08-11T23:39:57.9723500-03:00" endTime="2025-08-11T23:39:57.9724540-03:00" testType="13cdc9d9-ddb5-4fa4-a97d-d965ccfc6d4b" outcome="Passed" testListId="8c84fa94-04c1-424b-9868-57a2d4851a1d" relativeResultsDirectory="493e12b3-48ad-431c-94c5-0dcf64dac02e" />
    <UnitTestResult executionId="0757011d-ab2b-413d-892f-ac2420b0fb4b" testId="c14045dd-f91b-3e98-d221-a8a83ca7b93f" testName="FileContentRenamer.Tests.Services.FileServiceTests.ProcessFilesAsync_WithParallelProcessing_ShouldProcessMultipleFiles" computerName="MacBook-Pro" duration="00:00:00.2984332" startTime="2025-08-11T23:39:57.8074740-03:00" endTime="2025-08-11T23:39:58.2065080-03:00" testType="13cdc9d9-ddb5-4fa4-a97d-d965ccfc6d4b" outcome="Passed" testListId="8c84fa94-04c1-424b-9868-57a2d4851a1d" relativeResultsDirectory="0757011d-ab2b-413d-892f-ac2420b0fb4b" />
    <UnitTestResult executionId="37759a72-9a37-4edd-8bf9-dc28de777a44" testId="2256e44b-d5c1-25c7-1712-2e03764de95a" testName="FileContentRenamer.Tests.Services.FileValidatorTests.ShouldProcessFile_WithValidFile_ShouldReturnTrue" computerName="MacBook-Pro" duration="00:00:00.0004304" startTime="2025-08-11T23:39:58.3535400-03:00" endTime="2025-08-11T23:39:58.3535790-03:00" testType="13cdc9d9-ddb5-4fa4-a97d-d965ccfc6d4b" outcome="Passed" testListId="8c84fa94-04c1-424b-9868-57a2d4851a1d" relativeResultsDirectory="37759a72-9a37-4edd-8bf9-dc28de777a44" />
    <UnitTestResult executionId="af3273bc-548e-4d64-ab38-8c51f45f3d77" testId="924a2837-bdda-5ff7-8002-b76459c46087" testName="FileContentRenamer.Tests.Services.FileServiceTests.ProcessFilesAsync_WithEmptyContent_ShouldSkipFile" computerName="MacBook-Pro" duration="00:00:00.0488989" startTime="2025-08-11T23:39:58.3585080-03:00" endTime="2025-08-11T23:39:58.4054580-03:00" testType="13cdc9d9-ddb5-4fa4-a97d-d965ccfc6d4b" outcome="Passed" testListId="8c84fa94-04c1-424b-9868-57a2d4851a1d" relativeResultsDirectory="af3273bc-548e-4d64-ab38-8c51f45f3d77" />
    <UnitTestResult executionId="486dbe48-c90f-42f5-9ab3-3ac515315734" testId="b72ed067-d3bd-e26d-3bed-f7f45c913059" testName="FileContentRenamer.Tests.Services.FilenameGeneratorTests.GenerateFilename_WithDifferentExtension_ShouldPreserveExtension" computerName="MacBook-Pro" duration="00:00:00.0177188" startTime="2025-08-11T23:39:58.4063080-03:00" endTime="2025-08-11T23:39:58.4068640-03:00" testType="13cdc9d9-ddb5-4fa4-a97d-d965ccfc6d4b" outcome="Passed" testListId="8c84fa94-04c1-424b-9868-57a2d4851a1d" relativeResultsDirectory="486dbe48-c90f-42f5-9ab3-3ac515315734" />
    <UnitTestResult executionId="a8a1abbc-e30b-420d-84f5-c2968e81da79" testId="f7bbc740-e3de-3780-77bc-e74850eb0f4f" testName="FileContentRenamer.Tests.Models.AppConfigTests.SaveLastUsedPath_ShouldUpdateConfigFile" computerName="MacBook-Pro" duration="00:00:00.1332035" startTime="2025-08-11T23:39:58.4308380-03:00" endTime="2025-08-11T23:39:58.5636540-03:00" testType="13cdc9d9-ddb5-4fa4-a97d-d965ccfc6d4b" outcome="Passed" testListId="8c84fa94-04c1-424b-9868-57a2d4851a1d" relativeResultsDirectory="a8a1abbc-e30b-420d-84f5-c2968e81da79" />
    <UnitTestResult executionId="9c981ad3-9f6c-4b72-aa27-f2b9fcd6f12c" testId="fa21426d-34f2-265b-fd21-637426cd5f3c" testName="FileContentRenamer.Tests.Models.NamingRulesTests.GenerateFilename_WithNoMatchingRule_ShouldUseDefaults" computerName="MacBook-Pro" duration="00:00:00.0001270" startTime="2025-08-11T23:39:57.9422810-03:00" endTime="2025-08-11T23:39:57.9423100-03:00" testType="13cdc9d9-ddb5-4fa4-a97d-d965ccfc6d4b" outcome="Passed" testListId="8c84fa94-04c1-424b-9868-57a2d4851a1d" relativeResultsDirectory="9c981ad3-9f6c-4b72-aa27-f2b9fcd6f12c" />
    <UnitTestResult executionId="ca03f1ba-ba67-4bb1-bcbd-ebc20c3efbb3" testId="5d659f4c-0006-5095-6e01-261fba69eeb2" testName="FileContentRenamer.Tests.Services.FileValidatorTests.ShouldProcessFile_WithInvalidExtensions_ShouldReturnFalse(extension: &quot;.xlsx&quot;)" computerName="MacBook-Pro" duration="00:00:00.0022443" startTime="2025-08-11T23:39:58.1987970-03:00" endTime="2025-08-11T23:39:58.2012990-03:00" testType="13cdc9d9-ddb5-4fa4-a97d-d965ccfc6d4b" outcome="Passed" testListId="8c84fa94-04c1-424b-9868-57a2d4851a1d" relativeResultsDirectory="ca03f1ba-ba67-4bb1-bcbd-ebc20c3efbb3" />
    <UnitTestResult executionId="f59868be-3546-459a-91e3-e5087e4d80ab" testId="95464817-3328-92d5-e9f2-a7a51a663358" testName="FileContentRenamer.Tests.Services.FilenameGeneratorTests.IsAlreadyNamedFilename_WithValidFormats_ShouldReturnTrue(filename: &quot;company_2025-01-01_bank&quot;)" computerName="MacBook-Pro" duration="00:00:00.0001078" startTime="2025-08-11T23:39:58.0834240-03:00" endTime="2025-08-11T23:39:58.0834710-03:00" testType="13cdc9d9-ddb5-4fa4-a97d-d965ccfc6d4b" outcome="Passed" testListId="8c84fa94-04c1-424b-9868-57a2d4851a1d" relativeResultsDirectory="f59868be-3546-459a-91e3-e5087e4d80ab" />
    <UnitTestResult executionId="f6ec8107-e3cf-445f-9c8d-fb9a3390026f" testId="ae4c83e6-0f4d-65f8-22c1-23c6464f33a2" testName="FileContentRenamer.Tests.Services.TextProcessorTests.CanProcess_WithTxtExtensionDifferentCasing_ShouldReturnTrue(filename: &quot;test.Txt&quot;)" computerName="MacBook-Pro" duration="00:00:00.0001034" startTime="2025-08-11T23:39:58.2033630-03:00" endTime="2025-08-11T23:39:58.2034080-03:00" testType="13cdc9d9-ddb5-4fa4-a97d-d965ccfc6d4b" outcome="Passed" testListId="8c84fa94-04c1-424b-9868-57a2d4851a1d" relativeResultsDirectory="f6ec8107-e3cf-445f-9c8d-fb9a3390026f" />
    <UnitTestResult executionId="0d16251b-7389-4742-b5bc-2cddda87293a" testId="15d0df81-8794-5fa5-b2c8-6331ce7be91e" testName="FileContentRenamer.Tests.Services.TextProcessorTests.ExtractContentAsync_WithLargeFile_ShouldReturnFirst1000Characters" computerName="MacBook-Pro" duration="00:00:00.0471860" startTime="2025-08-11T23:39:58.2057210-03:00" endTime="2025-08-11T23:39:58.2061250-03:00" testType="13cdc9d9-ddb5-4fa4-a97d-d965ccfc6d4b" outcome="Passed" testListId="8c84fa94-04c1-424b-9868-57a2d4851a1d" relativeResultsDirectory="0d16251b-7389-4742-b5bc-2cddda87293a" />
    <UnitTestResult executionId="10e5a957-ceec-4037-ade5-4d71bfd9c3ac" testId="b0606947-aad7-eee5-1152-2a1ec56d9255" testName="FileContentRenamer.Tests.Services.DirectoryOrganizerTests.IsInYearMonthStructure_WithInvalidStructure_ShouldReturnFalse(folderName: &quot;regular_folder&quot;)" computerName="MacBook-Pro" duration="00:00:00.0003835" startTime="2025-08-11T23:39:58.0354290-03:00" endTime="2025-08-11T23:39:58.0355160-03:00" testType="13cdc9d9-ddb5-4fa4-a97d-d965ccfc6d4b" outcome="Passed" testListId="8c84fa94-04c1-424b-9868-57a2d4851a1d" relativeResultsDirectory="10e5a957-ceec-4037-ade5-4d71bfd9c3ac" />
    <UnitTestResult executionId="46acfd2d-da53-4897-8d14-5cf79976413c" testId="0585f1ec-f642-09e1-866f-6d3653426f93" testName="FileContentRenamer.Tests.Services.FileValidatorTests.ShouldSkipAlreadyNamedFile_WithNotAlreadyNamedFile_ShouldReturnFalse" computerName="MacBook-Pro" duration="00:00:00.0003173" startTime="2025-08-11T23:39:58.3538620-03:00" endTime="2025-08-11T23:39:58.3539060-03:00" testType="13cdc9d9-ddb5-4fa4-a97d-d965ccfc6d4b" outcome="Passed" testListId="8c84fa94-04c1-424b-9868-57a2d4851a1d" relativeResultsDirectory="46acfd2d-da53-4897-8d14-5cf79976413c" />
    <UnitTestResult executionId="62b9a5b2-6f3e-46ce-b252-07c21227e2c3" testId="ba6808c0-f426-8a5b-0695-d6b57a217c84" testName="FileContentRenamer.Tests.Services.DateExtractorTests.ExtractDateFromContent_WithEmptyContent_ShouldReturnEmptyString" computerName="MacBook-Pro" duration="00:00:00.0000391" startTime="2025-08-11T23:39:57.9232950-03:00" endTime="2025-08-11T23:39:57.9233210-03:00" testType="13cdc9d9-ddb5-4fa4-a97d-d965ccfc6d4b" outcome="Passed" testListId="8c84fa94-04c1-424b-9868-57a2d4851a1d" relativeResultsDirectory="62b9a5b2-6f3e-46ce-b252-07c21227e2c3" />
    <UnitTestResult executionId="0ba6e7db-ea12-4ac3-afd4-e32edcd9f771" testId="3a993a67-299c-3f87-5430-509e79a52fc2" testName="FileContentRenamer.Tests.Services.ImageProcessorTests.Constructor_WithNullTesseractDataPath_ShouldNotThrow" computerName="MacBook-Pro" duration="00:00:00.0707921" startTime="2025-08-11T23:39:59.7177020-03:00" endTime="2025-08-11T23:39:59.7682210-03:00" testType="13cdc9d9-ddb5-4fa4-a97d-d965ccfc6d4b" outcome="Passed" testListId="8c84fa94-04c1-424b-9868-57a2d4851a1d" relativeResultsDirectory="0ba6e7db-ea12-4ac3-afd4-e32edcd9f771" />
    <UnitTestResult executionId="1f4f4182-20b1-4b68-8f90-6c3d4b8a9e26" testId="f8b329c4-164a-78d1-46cd-26aea567ce35" testName="FileContentRenamer.Tests.Services.ImageProcessorTests.CanProcess_WithNonImageExtension_ShouldReturnFalse(extension: &quot;.pdf&quot;)" computerName="MacBook-Pro" duration="00:00:00.0501357" startTime="2025-08-11T23:39:58.2060880-03:00" endTime="2025-08-11T23:39:58.2802590-03:00" testType="13cdc9d9-ddb5-4fa4-a97d-d965ccfc6d4b" outcome="Passed" testListId="8c84fa94-04c1-424b-9868-57a2d4851a1d" relativeResultsDirectory="1f4f4182-20b1-4b68-8f90-6c3d4b8a9e26" />
    <UnitTestResult executionId="723246a3-6cb7-4625-a4d4-198fb6c92c5d" testId="52b61247-c43f-6660-c9e8-5fe03f0a7cdc" testName="FileContentRenamer.Tests.Services.FileServiceTests.ProcessFilesAsync_WithException_ShouldContinueProcessing" computerName="MacBook-Pro" duration="00:00:00.0315322" startTime="2025-08-11T23:39:58.4077770-03:00" endTime="2025-08-11T23:39:58.4081180-03:00" testType="13cdc9d9-ddb5-4fa4-a97d-d965ccfc6d4b" outcome="Passed" testListId="8c84fa94-04c1-424b-9868-57a2d4851a1d" relativeResultsDirectory="723246a3-6cb7-4625-a4d4-198fb6c92c5d" />
    <UnitTestResult executionId="8362db0d-505b-4739-8982-14e9a1a99e0a" testId="5350316f-15de-b350-a21b-48de21601546" testName="FileContentRenamer.Tests.Services.PdfProcessorTests.CanProcess_WithNonPdfExtension_ShouldReturnFalse(filename: &quot;test&quot;)" computerName="MacBook-Pro" duration="00:00:00.0002963" startTime="2025-08-11T23:39:58.0866590-03:00" endTime="2025-08-11T23:39:58.0867030-03:00" testType="13cdc9d9-ddb5-4fa4-a97d-d965ccfc6d4b" outcome="Passed" testListId="8c84fa94-04c1-424b-9868-57a2d4851a1d" relativeResultsDirectory="8362db0d-505b-4739-8982-14e9a1a99e0a" />
    <UnitTestResult executionId="37a1dab9-8073-4b27-9147-9be474831d70" testId="a78a0985-6ddf-5e1e-7544-6efb88194c31" testName="FileContentRenamer.Tests.Services.FilenameGeneratorTests.GenerateFilename_WithValidContentAndDate_ShouldReturnCorrectFilename" computerName="MacBook-Pro" duration="00:00:00.0003282" startTime="2025-08-11T23:39:58.3074410-03:00" endTime="2025-08-11T23:39:58.3074660-03:00" testType="13cdc9d9-ddb5-4fa4-a97d-d965ccfc6d4b" outcome="Passed" testListId="8c84fa94-04c1-424b-9868-57a2d4851a1d" relativeResultsDirectory="37a1dab9-8073-4b27-9147-9be474831d70" />
    <UnitTestResult executionId="1c03b656-65b1-4c44-b1d1-e24c3007c009" testId="d1416a64-bf78-25ec-aee2-d5b8b18bc3dc" testName="FileContentRenamer.Tests.Services.DirectoryOrganizerTests.GetMonthName_WithValidMonth_ShouldReturnSpanishName(monthNumber: 5, expected: &quot;mayo&quot;)" computerName="MacBook-Pro" duration="00:00:00.0000898" startTime="2025-08-11T23:39:57.9799590-03:00" endTime="2025-08-11T23:39:57.9800180-03:00" testType="13cdc9d9-ddb5-4fa4-a97d-d965ccfc6d4b" outcome="Passed" testListId="8c84fa94-04c1-424b-9868-57a2d4851a1d" relativeResultsDirectory="1c03b656-65b1-4c44-b1d1-e24c3007c009" />
    <UnitTestResult executionId="ad75d696-65cd-4d08-9cdf-f76c7dfa560d" testId="6547cbe5-cb2c-b29f-9137-0cf0b96d8b18" testName="FileContentRenamer.Tests.Models.AppConfigTests.LoadFromConfiguration_WithPartialConfig_ShouldUseDefaultsForMissingValues" computerName="MacBook-Pro" duration="00:00:00.0780618" startTime="2025-08-11T23:39:58.4269190-03:00" endTime="2025-08-11T23:39:58.4301550-03:00" testType="13cdc9d9-ddb5-4fa4-a97d-d965ccfc6d4b" outcome="Failed" testListId="8c84fa94-04c1-424b-9868-57a2d4851a1d" relativeResultsDirectory="ad75d696-65cd-4d08-9cdf-f76c7dfa560d">
      <Output>
        <ErrorInfo>
          <Message>Expected result.ForceReprocessAlreadyNamed to be False, but found True.</Message>
          <StackTrace>   at FluentAssertions.Execution.XUnit2TestFramework.Throw(String message)
   at FluentAssertions.Execution.TestFrameworkProvider.Throw(String message)
   at FluentAssertions.Execution.DefaultAssertionStrategy.HandleFailure(String message)
   at FluentAssertions.Execution.AssertionScope.FailWith(Func`1 failReasonFunc)
   at FluentAssertions.Execution.AssertionScope.FailWith(Func`1 failReasonFunc)
   at FluentAssertions.Execution.AssertionScope.FailWith(String message, Object[] args)
   at FluentAssertions.Primitives.BooleanAssertions`1.BeFalse(String because, Object[] becauseArgs)
   at FileContentRenamer.Tests.Models.AppConfigTests.LoadFromConfiguration_WithPartialConfig_ShouldUseDefaultsForMissingValues() in /Users/santibraida/Workspace/comprobantes/FileContentRenamer.Tests/Models/AppConfigTests.cs:line 196
   at System.RuntimeMethodHandle.InvokeMethod(Object target, Void** arguments, Signature sig, Boolean isConstructor)
   at System.Reflection.MethodBaseInvoker.InvokeWithNoArgs(Object obj, BindingFlags invokeAttr)</StackTrace>
        </ErrorInfo>
      </Output>
    </UnitTestResult>
    <UnitTestResult executionId="b5f6c8ec-eb67-46f2-b0a2-26295ab4a3e7" testId="ea32b4ee-de29-bcf5-9e6a-b7b5b963e16b" testName="FileContentRenamer.Tests.Services.FileValidatorTests.ShouldProcessFile_WithInvalidExtensions_ShouldReturnFalse(extension: &quot;.png&quot;)" computerName="MacBook-Pro" duration="00:00:00.0014137" startTime="2025-08-11T23:39:58.2019800-03:00" endTime="2025-08-11T23:39:58.2037360-03:00" testType="13cdc9d9-ddb5-4fa4-a97d-d965ccfc6d4b" outcome="Passed" testListId="8c84fa94-04c1-424b-9868-57a2d4851a1d" relativeResultsDirectory="b5f6c8ec-eb67-46f2-b0a2-26295ab4a3e7" />
    <UnitTestResult executionId="43fa3bca-086e-4888-a459-49f7341d4e54" testId="8f9706bb-c4e8-83d9-78e0-248eda84983c" testName="FileContentRenamer.Tests.Services.DateExtractorTests.ExtractDateFromContent_WithVariousSpanishDates_ShouldReturnCorrectDates(content: &quot;1 de enero de 2024&quot;, expected: &quot;2024-01-01&quot;)" computerName="MacBook-Pro" duration="00:00:00.0000771" startTime="2025-08-11T23:39:57.9438900-03:00" endTime="2025-08-11T23:39:57.9439260-03:00" testType="13cdc9d9-ddb5-4fa4-a97d-d965ccfc6d4b" outcome="Passed" testListId="8c84fa94-04c1-424b-9868-57a2d4851a1d" relativeResultsDirectory="43fa3bca-086e-4888-a459-49f7341d4e54" />
    <UnitTestResult executionId="d8aa8515-c0c9-432d-bca1-fba110e4a04a" testId="55667650-7485-4ca3-fd19-23d2a7a126c7" testName="FileContentRenamer.Tests.Models.NamingRulesTests.GenerateFilename_WithMinimalGenericContent_ShouldUseOriginalDate" computerName="MacBook-Pro" duration="00:00:00.0002805" startTime="2025-08-11T23:39:57.9663760-03:00" endTime="2025-08-11T23:39:57.9664080-03:00" testType="13cdc9d9-ddb5-4fa4-a97d-d965ccfc6d4b" outcome="Passed" testListId="8c84fa94-04c1-424b-9868-57a2d4851a1d" relativeResultsDirectory="d8aa8515-c0c9-432d-bca1-fba110e4a04a" />
    <UnitTestResult executionId="0edcf298-2979-47fe-8d29-a4c0a98d41c1" testId="26656131-c125-7680-eabe-b2347d65af76" testName="FileContentRenamer.Tests.Services.TextProcessorTests.ExtractContentAsync_WithLockedFile_ShouldReturnEmptyString" computerName="MacBook-Pro" duration="00:00:00.0637718" startTime="2025-08-11T23:39:58.2037080-03:00" endTime="2025-08-11T23:39:58.2054090-03:00" testType="13cdc9d9-ddb5-4fa4-a97d-d965ccfc6d4b" outcome="Passed" testListId="8c84fa94-04c1-424b-9868-57a2d4851a1d" relativeResultsDirectory="0edcf298-2979-47fe-8d29-a4c0a98d41c1" />
    <UnitTestResult executionId="360ffd32-3d6d-4812-b71e-9ce4e5728011" testId="89411942-d38a-5bb6-81ec-67e7fdba9fc2" testName="FileContentRenamer.Tests.Services.FileValidatorTests.ShouldProcessFile_WithValidExtensions_ShouldReturnTrue(extension: &quot;.txt&quot;)" computerName="MacBook-Pro" duration="00:00:00.0182198" startTime="2025-08-11T23:39:58.3071430-03:00" endTime="2025-08-11T23:39:58.3490730-03:00" testType="13cdc9d9-ddb5-4fa4-a97d-d965ccfc6d4b" outcome="Passed" testListId="8c84fa94-04c1-424b-9868-57a2d4851a1d" relativeResultsDirectory="360ffd32-3d6d-4812-b71e-9ce4e5728011" />
    <UnitTestResult executionId="187b2f15-fefd-450b-91cd-47b98ed4c99d" testId="e6f8099a-7c83-15b0-1a09-13322c0e5611" testName="FileContentRenamer.Tests.Models.AppConfigTests.LoadFromConfiguration_WithMissingConfigFile_ShouldThrowException" computerName="MacBook-Pro" duration="00:00:00.2971842" startTime="2025-08-11T23:39:57.8075090-03:00" endTime="2025-08-11T23:39:58.2743240-03:00" testType="13cdc9d9-ddb5-4fa4-a97d-d965ccfc6d4b" outcome="Failed" testListId="8c84fa94-04c1-424b-9868-57a2d4851a1d" relativeResultsDirectory="187b2f15-fefd-450b-91cd-47b98ed4c99d">
      <Output>
        <ErrorInfo>
          <Message>Expected a &lt;System.IO.FileNotFoundException&gt; to be thrown, but no exception was thrown.</Message>
          <StackTrace>   at FluentAssertions.Execution.XUnit2TestFramework.Throw(String message)
   at FluentAssertions.Execution.TestFrameworkProvider.Throw(String message)
   at FluentAssertions.Execution.DefaultAssertionStrategy.HandleFailure(String message)
   at FluentAssertions.Execution.AssertionScope.FailWith(Func`1 failReasonFunc)
   at FluentAssertions.Execution.AssertionScope.FailWith(Func`1 failReasonFunc)
   at FluentAssertions.Execution.AssertionScope.FailWith(String message)
   at FluentAssertions.Specialized.DelegateAssertionsBase`2.ThrowInternal[TException](Exception exception, String because, Object[] becauseArgs)
   at FluentAssertions.Specialized.DelegateAssertions`2.Throw[TException](String because, Object[] becauseArgs)
   at FileContentRenamer.Tests.Models.AppConfigTests.LoadFromConfiguration_WithMissingConfigFile_ShouldThrowException() in /Users/santibraida/Workspace/comprobantes/FileContentRenamer.Tests/Models/AppConfigTests.cs:line 116
   at System.RuntimeMethodHandle.InvokeMethod(Object target, Void** arguments, Signature sig, Boolean isConstructor)
   at System.Reflection.MethodBaseInvoker.InvokeWithNoArgs(Object obj, BindingFlags invokeAttr)</StackTrace>
        </ErrorInfo>
      </Output>
    </UnitTestResult>
    <UnitTestResult executionId="f40bc8a9-5f61-49df-8986-b1717191fc8f" testId="003f2eb1-16a9-1fca-9f6b-de2c702ff29c" testName="FileContentRenamer.Tests.Services.FilenameGeneratorTests.CleanupFileName_WithVariousInputs_ShouldReturnCleanedName(input: &quot;___&quot;, expected: &quot;cleaned_file&quot;)" computerName="MacBook-Pro" duration="00:00:00.0016113" startTime="2025-08-11T23:39:58.0841540-03:00" endTime="2025-08-11T23:39:58.0851940-03:00" testType="13cdc9d9-ddb5-4fa4-a97d-d965ccfc6d4b" outcome="Passed" testListId="8c84fa94-04c1-424b-9868-57a2d4851a1d" relativeResultsDirectory="f40bc8a9-5f61-49df-8986-b1717191fc8f" />
    <UnitTestResult executionId="818da6db-72fd-4ae7-b144-b8b22febe9fd" testId="19ed11aa-a710-6873-89bb-77d5892f3032" testName="FileContentRenamer.Tests.Services.TextProcessorTests.ExtractContentAsync_WithEmptyFile_ShouldReturnEmptyString" computerName="MacBook-Pro" duration="00:00:00.0020146" startTime="2025-08-11T23:39:58.2002350-03:00" endTime="2025-08-11T23:39:58.2020460-03:00" testType="13cdc9d9-ddb5-4fa4-a97d-d965ccfc6d4b" outcome="Passed" testListId="8c84fa94-04c1-424b-9868-57a2d4851a1d" relativeResultsDirectory="818da6db-72fd-4ae7-b144-b8b22febe9fd" />
  </Results>
  <TestDefinitions>
    <UnitTest name="FileContentRenamer.Tests.Services.FileValidatorTests.ShouldProcessFile_WithInvalidExtensions_ShouldReturnFalse(extension: &quot;.png&quot;)" storage="/users/santibraida/workspace/comprobantes/filecontentrenamer.tests/bin/debug/net9.0/filecontentrenamer.tests.dll" id="ea32b4ee-de29-bcf5-9e6a-b7b5b963e16b">
      <Execution id="b5f6c8ec-eb67-46f2-b0a2-26295ab4a3e7" />
      <TestMethod codeBase="/Users/santibraida/Workspace/comprobantes/FileContentRenamer.Tests/bin/Debug/net9.0/FileContentRenamer.Tests.dll" adapterTypeName="executor://xunit/VsTestRunner3/netcore/" className="FileContentRenamer.Tests.Services.FileValidatorTests" name="ShouldProcessFile_WithInvalidExtensions_ShouldReturnFalse" />
    </UnitTest>
    <UnitTest name="FileContentRenamer.Tests.Models.AppConfigTests.LoadFromConfiguration_WithMissingConfigFile_ShouldThrowException" storage="/users/santibraida/workspace/comprobantes/filecontentrenamer.tests/bin/debug/net9.0/filecontentrenamer.tests.dll" id="e6f8099a-7c83-15b0-1a09-13322c0e5611">
      <Execution id="187b2f15-fefd-450b-91cd-47b98ed4c99d" />
      <TestMethod codeBase="/Users/santibraida/Workspace/comprobantes/FileContentRenamer.Tests/bin/Debug/net9.0/FileContentRenamer.Tests.dll" adapterTypeName="executor://xunit/VsTestRunner3/netcore/" className="FileContentRenamer.Tests.Models.AppConfigTests" name="LoadFromConfiguration_WithMissingConfigFile_ShouldThrowException" />
    </UnitTest>
    <UnitTest name="FileContentRenamer.Tests.Services.FilenameGeneratorTests.GenerateFilename_WithNullDate_ShouldUseCurrentDate" storage="/users/santibraida/workspace/comprobantes/filecontentrenamer.tests/bin/debug/net9.0/filecontentrenamer.tests.dll" id="eff1fee9-aafb-67b9-c268-648d008d92e6">
      <Execution id="dd38f7df-ddcd-4713-ae8e-0d2bef207349" />
      <TestMethod codeBase="/Users/santibraida/Workspace/comprobantes/FileContentRenamer.Tests/bin/Debug/net9.0/FileContentRenamer.Tests.dll" adapterTypeName="executor://xunit/VsTestRunner3/netcore/" className="FileContentRenamer.Tests.Services.FilenameGeneratorTests" name="GenerateFilename_WithNullDate_ShouldUseCurrentDate" />
    </UnitTest>
    <UnitTest name="FileContentRenamer.Tests.Services.PdfProcessorTests.ExtractContentAsync_WithInvalidPdfFile_ShouldReturnEmptyString" storage="/users/santibraida/workspace/comprobantes/filecontentrenamer.tests/bin/debug/net9.0/filecontentrenamer.tests.dll" id="5203fca7-8d46-0785-3587-4e70c16ca73b">
      <Execution id="f49b8f5e-c481-44be-a0ae-c0e2989e50f9" />
      <TestMethod codeBase="/Users/santibraida/Workspace/comprobantes/FileContentRenamer.Tests/bin/Debug/net9.0/FileContentRenamer.Tests.dll" adapterTypeName="executor://xunit/VsTestRunner3/netcore/" className="FileContentRenamer.Tests.Services.PdfProcessorTests" name="ExtractContentAsync_WithInvalidPdfFile_ShouldReturnEmptyString" />
    </UnitTest>
    <UnitTest name="FileContentRenamer.Tests.Services.DirectoryOrganizerTests.OrganizeFileIntoDirectoryStructure_InYearFolderDifferentMonth_ShouldMoveToCorrectMonth" storage="/users/santibraida/workspace/comprobantes/filecontentrenamer.tests/bin/debug/net9.0/filecontentrenamer.tests.dll" id="31f3b2f4-1b28-6746-2403-d25f9fbdfdf8">
      <Execution id="a526ac28-8d0e-454a-91f8-4aa4c488d0a0" />
      <TestMethod codeBase="/Users/santibraida/Workspace/comprobantes/FileContentRenamer.Tests/bin/Debug/net9.0/FileContentRenamer.Tests.dll" adapterTypeName="executor://xunit/VsTestRunner3/netcore/" className="FileContentRenamer.Tests.Services.DirectoryOrganizerTests" name="OrganizeFileIntoDirectoryStructure_InYearFolderDifferentMonth_ShouldMoveToCorrectMonth" />
    </UnitTest>
    <UnitTest name="FileContentRenamer.Tests.Services.FilenameGeneratorTests.GenerateUniqueFilename_WithMultipleExistingFiles_ShouldReturnNextAvailableNumber" storage="/users/santibraida/workspace/comprobantes/filecontentrenamer.tests/bin/debug/net9.0/filecontentrenamer.tests.dll" id="44b78ff5-3e7b-b701-e798-52be3aafb6cb">
      <Execution id="166dcaf4-1681-4aa5-89ce-c5fa48d1e136" />
      <TestMethod codeBase="/Users/santibraida/Workspace/comprobantes/FileContentRenamer.Tests/bin/Debug/net9.0/FileContentRenamer.Tests.dll" adapterTypeName="executor://xunit/VsTestRunner3/netcore/" className="FileContentRenamer.Tests.Services.FilenameGeneratorTests" name="GenerateUniqueFilename_WithMultipleExistingFiles_ShouldReturnNextAvailableNumber" />
    </UnitTest>
    <UnitTest name="FileContentRenamer.Tests.Services.DirectoryOrganizerTests.GetMonthName_WithValidMonth_ShouldReturnSpanishName(monthNumber: 4, expected: &quot;abril&quot;)" storage="/users/santibraida/workspace/comprobantes/filecontentrenamer.tests/bin/debug/net9.0/filecontentrenamer.tests.dll" id="c5db792d-e049-7e4c-45a4-ac95e98dbc54">
      <Execution id="80ffff0b-9063-4237-adb9-e2e7336c69fd" />
      <TestMethod codeBase="/Users/santibraida/Workspace/comprobantes/FileContentRenamer.Tests/bin/Debug/net9.0/FileContentRenamer.Tests.dll" adapterTypeName="executor://xunit/VsTestRunner3/netcore/" className="FileContentRenamer.Tests.Services.DirectoryOrganizerTests" name="GetMonthName_WithValidMonth_ShouldReturnSpanishName" />
    </UnitTest>
    <UnitTest name="FileContentRenamer.Tests.Services.DirectoryOrganizerTests.GetMonthName_WithValidMonth_ShouldReturnSpanishName(monthNumber: 9, expected: &quot;septiembre&quot;)" storage="/users/santibraida/workspace/comprobantes/filecontentrenamer.tests/bin/debug/net9.0/filecontentrenamer.tests.dll" id="ebc6b45b-0fe4-e4c2-6b7e-a061ba64a1b2">
      <Execution id="b88e8074-44c1-4c43-9540-82403f5bae1d" />
      <TestMethod codeBase="/Users/santibraida/Workspace/comprobantes/FileContentRenamer.Tests/bin/Debug/net9.0/FileContentRenamer.Tests.dll" adapterTypeName="executor://xunit/VsTestRunner3/netcore/" className="FileContentRenamer.Tests.Services.DirectoryOrganizerTests" name="GetMonthName_WithValidMonth_ShouldReturnSpanishName" />
    </UnitTest>
    <UnitTest name="FileContentRenamer.Tests.Services.ImageProcessorTests.ExtractContentAsync_WithMissingTesseractDataPath_ShouldReturnEmpty" storage="/users/santibraida/workspace/comprobantes/filecontentrenamer.tests/bin/debug/net9.0/filecontentrenamer.tests.dll" id="5c3e394b-5635-340f-a8f3-3c152e9b2b47">
      <Execution id="72f1ed48-f525-451e-9afa-ac9ef3e016c1" />
      <TestMethod codeBase="/Users/santibraida/Workspace/comprobantes/FileContentRenamer.Tests/bin/Debug/net9.0/FileContentRenamer.Tests.dll" adapterTypeName="executor://xunit/VsTestRunner3/netcore/" className="FileContentRenamer.Tests.Services.ImageProcessorTests" name="ExtractContentAsync_WithMissingTesseractDataPath_ShouldReturnEmpty" />
    </UnitTest>
    <UnitTest name="FileContentRenamer.Tests.Services.TextProcessorTests.CanProcess_WithNonTxtExtension_ShouldReturnFalse(filename: &quot;test.docx&quot;)" storage="/users/santibraida/workspace/comprobantes/filecontentrenamer.tests/bin/debug/net9.0/filecontentrenamer.tests.dll" id="72cdf8b5-0c4a-e649-1b33-3003eb144b1a">
      <Execution id="caa44d3b-b310-44d5-9fd7-25821a3fcd5e" />
      <TestMethod codeBase="/Users/santibraida/Workspace/comprobantes/FileContentRenamer.Tests/bin/Debug/net9.0/FileContentRenamer.Tests.dll" adapterTypeName="executor://xunit/VsTestRunner3/netcore/" className="FileContentRenamer.Tests.Services.TextProcessorTests" name="CanProcess_WithNonTxtExtension_ShouldReturnFalse" />
    </UnitTest>
    <UnitTest name="FileContentRenamer.Tests.Services.ImageProcessorTests.Constructor_WithNewTesseractDataPath_ShouldCreateDirectory" storage="/users/santibraida/workspace/comprobantes/filecontentrenamer.tests/bin/debug/net9.0/filecontentrenamer.tests.dll" id="08a52aeb-79ca-913a-5dc9-ebd6568dcfe7">
      <Execution id="6025891c-1039-41d9-b0df-c965854a834b" />
      <TestMethod codeBase="/Users/santibraida/Workspace/comprobantes/FileContentRenamer.Tests/bin/Debug/net9.0/FileContentRenamer.Tests.dll" adapterTypeName="executor://xunit/VsTestRunner3/netcore/" className="FileContentRenamer.Tests.Services.ImageProcessorTests" name="Constructor_WithNewTesseractDataPath_ShouldCreateDirectory" />
    </UnitTest>
    <UnitTest name="FileContentRenamer.Tests.Services.DateExtractorTests.ExtractDateFromFilename_WithNullFilename_ShouldThrowArgumentNullException" storage="/users/santibraida/workspace/comprobantes/filecontentrenamer.tests/bin/debug/net9.0/filecontentrenamer.tests.dll" id="7f685fe8-e8c1-84de-476c-7b3537eb652d">
      <Execution id="eff597bc-05ba-4cd8-b597-3b7349b36d3a" />
      <TestMethod codeBase="/Users/santibraida/Workspace/comprobantes/FileContentRenamer.Tests/bin/Debug/net9.0/FileContentRenamer.Tests.dll" adapterTypeName="executor://xunit/VsTestRunner3/netcore/" className="FileContentRenamer.Tests.Services.DateExtractorTests" name="ExtractDateFromFilename_WithNullFilename_ShouldThrowArgumentNullException" />
    </UnitTest>
    <UnitTest name="FileContentRenamer.Tests.Services.FileValidatorTests.ShouldProcessFile_WithFileExtensionsContainingNulls_ShouldHandleGracefully" storage="/users/santibraida/workspace/comprobantes/filecontentrenamer.tests/bin/debug/net9.0/filecontentrenamer.tests.dll" id="f4d3ad23-32ef-7284-391b-46eb33d6f78f">
      <Execution id="251d27c3-d479-4999-be49-9dc826b2ec09" />
      <TestMethod codeBase="/Users/santibraida/Workspace/comprobantes/FileContentRenamer.Tests/bin/Debug/net9.0/FileContentRenamer.Tests.dll" adapterTypeName="executor://xunit/VsTestRunner3/netcore/" className="FileContentRenamer.Tests.Services.FileValidatorTests" name="ShouldProcessFile_WithFileExtensionsContainingNulls_ShouldHandleGracefully" />
    </UnitTest>
    <UnitTest name="FileContentRenamer.Tests.Services.FilenameGeneratorTests.GenerateFilename_WithNullDirectory_ShouldReturnOriginalFilename" storage="/users/santibraida/workspace/comprobantes/filecontentrenamer.tests/bin/debug/net9.0/filecontentrenamer.tests.dll" id="019703dd-2e5c-665b-f543-025b13ca7b6d">
      <Execution id="ba566847-4a93-4a7d-a475-0c507e601ddf" />
      <TestMethod codeBase="/Users/santibraida/Workspace/comprobantes/FileContentRenamer.Tests/bin/Debug/net9.0/FileContentRenamer.Tests.dll" adapterTypeName="executor://xunit/VsTestRunner3/netcore/" className="FileContentRenamer.Tests.Services.FilenameGeneratorTests" name="GenerateFilename_WithNullDirectory_ShouldReturnOriginalFilename" />
    </UnitTest>
    <UnitTest name="FileContentRenamer.Tests.Services.FileValidatorTests.ShouldProcessFile_WithValidExtensions_ShouldReturnTrue(extension: &quot;.pdf&quot;)" storage="/users/santibraida/workspace/comprobantes/filecontentrenamer.tests/bin/debug/net9.0/filecontentrenamer.tests.dll" id="00d05e1f-7d72-418e-9c9e-a769436ab485">
      <Execution id="5602862d-afd8-4c3d-848c-907cbc5963b8" />
      <TestMethod codeBase="/Users/santibraida/Workspace/comprobantes/FileContentRenamer.Tests/bin/Debug/net9.0/FileContentRenamer.Tests.dll" adapterTypeName="executor://xunit/VsTestRunner3/netcore/" className="FileContentRenamer.Tests.Services.FileValidatorTests" name="ShouldProcessFile_WithValidExtensions_ShouldReturnTrue" />
    </UnitTest>
    <UnitTest name="FileContentRenamer.Tests.Models.NamingRulesTests.GenerateFilename_WithNoMatchingRule_ShouldUseDefaults" storage="/users/santibraida/workspace/comprobantes/filecontentrenamer.tests/bin/debug/net9.0/filecontentrenamer.tests.dll" id="fa21426d-34f2-265b-fd21-637426cd5f3c">
      <Execution id="9c981ad3-9f6c-4b72-aa27-f2b9fcd6f12c" />
      <TestMethod codeBase="/Users/santibraida/Workspace/comprobantes/FileContentRenamer.Tests/bin/Debug/net9.0/FileContentRenamer.Tests.dll" adapterTypeName="executor://xunit/VsTestRunner3/netcore/" className="FileContentRenamer.Tests.Models.NamingRulesTests" name="GenerateFilename_WithNoMatchingRule_ShouldUseDefaults" />
    </UnitTest>
    <UnitTest name="FileContentRenamer.Tests.Services.FileValidatorTests.ValidateConfiguration_WithNullBasePath_ShouldReturnFalse" storage="/users/santibraida/workspace/comprobantes/filecontentrenamer.tests/bin/debug/net9.0/filecontentrenamer.tests.dll" id="f0195bc9-b668-8b5d-b703-9a52aa1e98e6">
      <Execution id="5ae1586b-a4c3-42d9-9911-69252e30b5af" />
      <TestMethod codeBase="/Users/santibraida/Workspace/comprobantes/FileContentRenamer.Tests/bin/Debug/net9.0/FileContentRenamer.Tests.dll" adapterTypeName="executor://xunit/VsTestRunner3/netcore/" className="FileContentRenamer.Tests.Services.FileValidatorTests" name="ValidateConfiguration_WithNullBasePath_ShouldReturnFalse" />
    </UnitTest>
    <UnitTest name="FileContentRenamer.Tests.Services.FileValidatorTests.ShouldProcessFile_WithInvalidExtensions_ShouldReturnFalse(extension: &quot;.xlsx&quot;)" storage="/users/santibraida/workspace/comprobantes/filecontentrenamer.tests/bin/debug/net9.0/filecontentrenamer.tests.dll" id="5d659f4c-0006-5095-6e01-261fba69eeb2">
      <Execution id="ca03f1ba-ba67-4bb1-bcbd-ebc20c3efbb3" />
      <TestMethod codeBase="/Users/santibraida/Workspace/comprobantes/FileContentRenamer.Tests/bin/Debug/net9.0/FileContentRenamer.Tests.dll" adapterTypeName="executor://xunit/VsTestRunner3/netcore/" className="FileContentRenamer.Tests.Services.FileValidatorTests" name="ShouldProcessFile_WithInvalidExtensions_ShouldReturnFalse" />
    </UnitTest>
    <UnitTest name="FileContentRenamer.Tests.Models.AppConfigTests.LoadFromConfiguration_WithEmptyConfig_ShouldThrowException" storage="/users/santibraida/workspace/comprobantes/filecontentrenamer.tests/bin/debug/net9.0/filecontentrenamer.tests.dll" id="4216934b-235a-6efa-b1f2-737b953f21df">
      <Execution id="3bff9ecf-347c-463d-8bde-df0ee1e6d7f8" />
      <TestMethod codeBase="/Users/santibraida/Workspace/comprobantes/FileContentRenamer.Tests/bin/Debug/net9.0/FileContentRenamer.Tests.dll" adapterTypeName="executor://xunit/VsTestRunner3/netcore/" className="FileContentRenamer.Tests.Models.AppConfigTests" name="LoadFromConfiguration_WithEmptyConfig_ShouldThrowException" />
    </UnitTest>
    <UnitTest name="FileContentRenamer.Tests.Services.FileValidatorTests.ValidateFileSize_WithNormalFile_ShouldNotThrow" storage="/users/santibraida/workspace/comprobantes/filecontentrenamer.tests/bin/debug/net9.0/filecontentrenamer.tests.dll" id="01a2041b-e2e4-e363-0b4d-3c74dc73e548">
      <Execution id="2c1197ba-9f44-4fc8-b847-9ea7ead66ca9" />
      <TestMethod codeBase="/Users/santibraida/Workspace/comprobantes/FileContentRenamer.Tests/bin/Debug/net9.0/FileContentRenamer.Tests.dll" adapterTypeName="executor://xunit/VsTestRunner3/netcore/" className="FileContentRenamer.Tests.Services.FileValidatorTests" name="ValidateFileSize_WithNormalFile_ShouldNotThrow" />
    </UnitTest>
    <UnitTest name="FileContentRenamer.Tests.Services.DirectoryOrganizerTests.GetMonthName_WithValidMonth_ShouldReturnSpanishName(monthNumber: 11, expected: &quot;noviembre&quot;)" storage="/users/santibraida/workspace/comprobantes/filecontentrenamer.tests/bin/debug/net9.0/filecontentrenamer.tests.dll" id="b3c39b3e-760b-5274-9a96-a8ea10710638">
      <Execution id="7240c9dd-924e-4884-ae43-2ef7bd09aff4" />
      <TestMethod codeBase="/Users/santibraida/Workspace/comprobantes/FileContentRenamer.Tests/bin/Debug/net9.0/FileContentRenamer.Tests.dll" adapterTypeName="executor://xunit/VsTestRunner3/netcore/" className="FileContentRenamer.Tests.Services.DirectoryOrganizerTests" name="GetMonthName_WithValidMonth_ShouldReturnSpanishName" />
    </UnitTest>
    <UnitTest name="FileContentRenamer.Tests.Services.PdfProcessorTests.CanProcess_WithNonPdfExtension_ShouldReturnFalse(filename: &quot;test.docx&quot;)" storage="/users/santibraida/workspace/comprobantes/filecontentrenamer.tests/bin/debug/net9.0/filecontentrenamer.tests.dll" id="aa7a6137-3efe-902b-7df5-672c2c4d55d3">
      <Execution id="8ef29c28-4de1-4fbc-81c1-98fa2ba3f55c" />
      <TestMethod codeBase="/Users/santibraida/Workspace/comprobantes/FileContentRenamer.Tests/bin/Debug/net9.0/FileContentRenamer.Tests.dll" adapterTypeName="executor://xunit/VsTestRunner3/netcore/" className="FileContentRenamer.Tests.Services.PdfProcessorTests" name="CanProcess_WithNonPdfExtension_ShouldReturnFalse" />
    </UnitTest>
    <UnitTest name="FileContentRenamer.Tests.Services.FilenameGeneratorTests.IsAlreadyNamedFilename_WithInvalidFormats_ShouldReturnFalse(filename: &quot;service_15-03-2024_payment&quot;)" storage="/users/santibraida/workspace/comprobantes/filecontentrenamer.tests/bin/debug/net9.0/filecontentrenamer.tests.dll" id="411f59f3-34f9-62ac-9b26-0c3528e0b2f7">
      <Execution id="35cdf93e-c4c7-4d25-8e4f-394e4856debf" />
      <TestMethod codeBase="/Users/santibraida/Workspace/comprobantes/FileContentRenamer.Tests/bin/Debug/net9.0/FileContentRenamer.Tests.dll" adapterTypeName="executor://xunit/VsTestRunner3/netcore/" className="FileContentRenamer.Tests.Services.FilenameGeneratorTests" name="IsAlreadyNamedFilename_WithInvalidFormats_ShouldReturnFalse" />
    </UnitTest>
    <UnitTest name="FileContentRenamer.Tests.Services.DateExtractorTests.ExtractDateFromContent_WithDueDateFormat_ShouldReturnCorrectDate" storage="/users/santibraida/workspace/comprobantes/filecontentrenamer.tests/bin/debug/net9.0/filecontentrenamer.tests.dll" id="7135bf06-d0f7-d1fd-424d-aa321ae4fc62">
      <Execution id="438bb34c-cf40-4a3c-aa25-fc7e1c5bb446" />
      <TestMethod codeBase="/Users/santibraida/Workspace/comprobantes/FileContentRenamer.Tests/bin/Debug/net9.0/FileContentRenamer.Tests.dll" adapterTypeName="executor://xunit/VsTestRunner3/netcore/" className="FileContentRenamer.Tests.Services.DateExtractorTests" name="ExtractDateFromContent_WithDueDateFormat_ShouldReturnCorrectDate" />
    </UnitTest>
    <UnitTest name="FileContentRenamer.Tests.Models.NamingRulesTests.FindMatchingRule_WithMatchingRule_ShouldReturnRule" storage="/users/santibraida/workspace/comprobantes/filecontentrenamer.tests/bin/debug/net9.0/filecontentrenamer.tests.dll" id="2044c162-1147-8fb8-adb8-ab6044bfdf21">
      <Execution id="86eb567d-9693-43b6-abe4-494be0115e87" />
      <TestMethod codeBase="/Users/santibraida/Workspace/comprobantes/FileContentRenamer.Tests/bin/Debug/net9.0/FileContentRenamer.Tests.dll" adapterTypeName="executor://xunit/VsTestRunner3/netcore/" className="FileContentRenamer.Tests.Models.NamingRulesTests" name="FindMatchingRule_WithMatchingRule_ShouldReturnRule" />
    </UnitTest>
    <UnitTest name="FileContentRenamer.Tests.Services.DateExtractorTests.ExtractDateFromContent_WithVariousSpanishDates_ShouldReturnCorrectDates(content: &quot;1 de enero de 2024&quot;, expected: &quot;2024-01-01&quot;)" storage="/users/santibraida/workspace/comprobantes/filecontentrenamer.tests/bin/debug/net9.0/filecontentrenamer.tests.dll" id="8f9706bb-c4e8-83d9-78e0-248eda84983c">
      <Execution id="43fa3bca-086e-4888-a459-49f7341d4e54" />
      <TestMethod codeBase="/Users/santibraida/Workspace/comprobantes/FileContentRenamer.Tests/bin/Debug/net9.0/FileContentRenamer.Tests.dll" adapterTypeName="executor://xunit/VsTestRunner3/netcore/" className="FileContentRenamer.Tests.Services.DateExtractorTests" name="ExtractDateFromContent_WithVariousSpanishDates_ShouldReturnCorrectDates" />
    </UnitTest>
    <UnitTest name="FileContentRenamer.Tests.Services.DirectoryOrganizerTests.GetMonthName_WithInvalidMonth_ShouldReturnUnknown(monthNumber: 13)" storage="/users/santibraida/workspace/comprobantes/filecontentrenamer.tests/bin/debug/net9.0/filecontentrenamer.tests.dll" id="6c106499-e2c3-a0a7-eafe-eacf56794202">
      <Execution id="923a9d8e-7053-490e-bd65-d434592c0ee3" />
      <TestMethod codeBase="/Users/santibraida/Workspace/comprobantes/FileContentRenamer.Tests/bin/Debug/net9.0/FileContentRenamer.Tests.dll" adapterTypeName="executor://xunit/VsTestRunner3/netcore/" className="FileContentRenamer.Tests.Services.DirectoryOrganizerTests" name="GetMonthName_WithInvalidMonth_ShouldReturnUnknown" />
    </UnitTest>
    <UnitTest name="FileContentRenamer.Tests.Services.DateExtractorTests.ExtractDateFromContent_WithVariousDueDateFormats_ShouldReturnCorrectDates(content: &quot;Vto.:15/03/2024&quot;, expected: &quot;2024-03-15&quot;)" storage="/users/santibraida/workspace/comprobantes/filecontentrenamer.tests/bin/debug/net9.0/filecontentrenamer.tests.dll" id="a4d26202-1548-77e4-c6ee-466955cdb771">
      <Execution id="3046772e-1f19-4ab9-9e8a-13f2b3d97c22" />
      <TestMethod codeBase="/Users/santibraida/Workspace/comprobantes/FileContentRenamer.Tests/bin/Debug/net9.0/FileContentRenamer.Tests.dll" adapterTypeName="executor://xunit/VsTestRunner3/netcore/" className="FileContentRenamer.Tests.Services.DateExtractorTests" name="ExtractDateFromContent_WithVariousDueDateFormats_ShouldReturnCorrectDates" />
    </UnitTest>
    <UnitTest name="FileContentRenamer.Tests.Services.DirectoryOrganizerTests.IsInYearMonthStructure_WithInvalidStructure_ShouldReturnFalse(folderName: &quot;03_marzo_not_in_year&quot;)" storage="/users/santibraida/workspace/comprobantes/filecontentrenamer.tests/bin/debug/net9.0/filecontentrenamer.tests.dll" id="2266e366-c62d-09c9-ded7-1e7b5d0da037">
      <Execution id="c5b3e54f-f6bd-4a11-9de6-4184545fe865" />
      <TestMethod codeBase="/Users/santibraida/Workspace/comprobantes/FileContentRenamer.Tests/bin/Debug/net9.0/FileContentRenamer.Tests.dll" adapterTypeName="executor://xunit/VsTestRunner3/netcore/" className="FileContentRenamer.Tests.Services.DirectoryOrganizerTests" name="IsInYearMonthStructure_WithInvalidStructure_ShouldReturnFalse" />
    </UnitTest>
    <UnitTest name="FileContentRenamer.Tests.Services.DirectoryOrganizerTests.GetMonthName_WithInvalidMonth_ShouldReturnUnknown(monthNumber: -1)" storage="/users/santibraida/workspace/comprobantes/filecontentrenamer.tests/bin/debug/net9.0/filecontentrenamer.tests.dll" id="079ffdd2-77ff-69de-b8c6-9423e86a8bc9">
      <Execution id="039af6c9-74f5-4bb3-8a9d-7a4a09d506ef" />
      <TestMethod codeBase="/Users/santibraida/Workspace/comprobantes/FileContentRenamer.Tests/bin/Debug/net9.0/FileContentRenamer.Tests.dll" adapterTypeName="executor://xunit/VsTestRunner3/netcore/" className="FileContentRenamer.Tests.Services.DirectoryOrganizerTests" name="GetMonthName_WithInvalidMonth_ShouldReturnUnknown" />
    </UnitTest>
    <UnitTest name="FileContentRenamer.Tests.Services.FileValidatorTests.ShouldProcessFile_WithValidExtensions_ShouldReturnTrue(extension: &quot;.jpg&quot;)" storage="/users/santibraida/workspace/comprobantes/filecontentrenamer.tests/bin/debug/net9.0/filecontentrenamer.tests.dll" id="6d830e63-8fcb-8140-fe0b-9a127d46ab00">
      <Execution id="dbbf6f5d-0a84-48cb-8da4-6ac2abef0287" />
      <TestMethod codeBase="/Users/santibraida/Workspace/comprobantes/FileContentRenamer.Tests/bin/Debug/net9.0/FileContentRenamer.Tests.dll" adapterTypeName="executor://xunit/VsTestRunner3/netcore/" className="FileContentRenamer.Tests.Services.FileValidatorTests" name="ShouldProcessFile_WithValidExtensions_ShouldReturnTrue" />
    </UnitTest>
    <UnitTest name="FileContentRenamer.Tests.Services.FileValidatorTests.ShouldProcessFile_WithDifferentCasing_ShouldBeCaseInsensitive(filename: &quot;test.PDF&quot;)" storage="/users/santibraida/workspace/comprobantes/filecontentrenamer.tests/bin/debug/net9.0/filecontentrenamer.tests.dll" id="d0aa19eb-08b4-b4f4-8874-599c8e5e451d">
      <Execution id="8057a657-002e-49de-b960-7a4f848055f5" />
      <TestMethod codeBase="/Users/santibraida/Workspace/comprobantes/FileContentRenamer.Tests/bin/Debug/net9.0/FileContentRenamer.Tests.dll" adapterTypeName="executor://xunit/VsTestRunner3/netcore/" className="FileContentRenamer.Tests.Services.FileValidatorTests" name="ShouldProcessFile_WithDifferentCasing_ShouldBeCaseInsensitive" />
    </UnitTest>
    <UnitTest name="FileContentRenamer.Tests.Models.AppConfigTests.LoadFromConfiguration_WithNoBasePath_ShouldUseCurrentDirectory" storage="/users/santibraida/workspace/comprobantes/filecontentrenamer.tests/bin/debug/net9.0/filecontentrenamer.tests.dll" id="c781d212-7be9-917b-2eb4-49e5e562dd6d">
      <Execution id="672b0fe9-35b5-4bdd-884c-4457a55259fc" />
      <TestMethod codeBase="/Users/santibraida/Workspace/comprobantes/FileContentRenamer.Tests/bin/Debug/net9.0/FileContentRenamer.Tests.dll" adapterTypeName="executor://xunit/VsTestRunner3/netcore/" className="FileContentRenamer.Tests.Models.AppConfigTests" name="LoadFromConfiguration_WithNoBasePath_ShouldUseCurrentDirectory" />
    </UnitTest>
    <UnitTest name="FileContentRenamer.Tests.Services.TextProcessorTests.ExtractContentAsync_WithUnicodeContent_ShouldReturnContent" storage="/users/santibraida/workspace/comprobantes/filecontentrenamer.tests/bin/debug/net9.0/filecontentrenamer.tests.dll" id="57d1cda9-e9e5-f000-1823-6cc75a3cb199">
      <Execution id="e59bf930-5434-437e-b5d7-306bc2932e8a" />
      <TestMethod codeBase="/Users/santibraida/Workspace/comprobantes/FileContentRenamer.Tests/bin/Debug/net9.0/FileContentRenamer.Tests.dll" adapterTypeName="executor://xunit/VsTestRunner3/netcore/" className="FileContentRenamer.Tests.Services.TextProcessorTests" name="ExtractContentAsync_WithUnicodeContent_ShouldReturnContent" />
    </UnitTest>
    <UnitTest name="FileContentRenamer.Tests.Services.ImageProcessorTests.CanProcess_WithImageExtensionsDifferentCasing_ShouldReturnTrue(extension: &quot;.TIFF&quot;)" storage="/users/santibraida/workspace/comprobantes/filecontentrenamer.tests/bin/debug/net9.0/filecontentrenamer.tests.dll" id="8b0489e4-2aca-7279-af69-b44674c9e8bb">
      <Execution id="ea59d02d-1d83-408e-a98e-9d536ef5406b" />
      <TestMethod codeBase="/Users/santibraida/Workspace/comprobantes/FileContentRenamer.Tests/bin/Debug/net9.0/FileContentRenamer.Tests.dll" adapterTypeName="executor://xunit/VsTestRunner3/netcore/" className="FileContentRenamer.Tests.Services.ImageProcessorTests" name="CanProcess_WithImageExtensionsDifferentCasing_ShouldReturnTrue" />
    </UnitTest>
    <UnitTest name="FileContentRenamer.Tests.Services.ImageProcessorTests.Constructor_WithNullTesseractDataPath_ShouldNotThrow" storage="/users/santibraida/workspace/comprobantes/filecontentrenamer.tests/bin/debug/net9.0/filecontentrenamer.tests.dll" id="3a993a67-299c-3f87-5430-509e79a52fc2">
      <Execution id="0ba6e7db-ea12-4ac3-afd4-e32edcd9f771" />
      <TestMethod codeBase="/Users/santibraida/Workspace/comprobantes/FileContentRenamer.Tests/bin/Debug/net9.0/FileContentRenamer.Tests.dll" adapterTypeName="executor://xunit/VsTestRunner3/netcore/" className="FileContentRenamer.Tests.Services.ImageProcessorTests" name="Constructor_WithNullTesseractDataPath_ShouldNotThrow" />
    </UnitTest>
    <UnitTest name="FileContentRenamer.Tests.Services.ImageProcessorTests.CanProcess_WithNonImageExtension_ShouldReturnFalse(extension: &quot;test&quot;)" storage="/users/santibraida/workspace/comprobantes/filecontentrenamer.tests/bin/debug/net9.0/filecontentrenamer.tests.dll" id="d406e03e-ed03-b142-d7d1-88f454f977cb">
      <Execution id="35022ee9-a69d-4a4a-a740-3d2cced2c790" />
      <TestMethod codeBase="/Users/santibraida/Workspace/comprobantes/FileContentRenamer.Tests/bin/Debug/net9.0/FileContentRenamer.Tests.dll" adapterTypeName="executor://xunit/VsTestRunner3/netcore/" className="FileContentRenamer.Tests.Services.ImageProcessorTests" name="CanProcess_WithNonImageExtension_ShouldReturnFalse" />
    </UnitTest>
    <UnitTest name="FileContentRenamer.Tests.Models.NamingRulesTests.GenerateFilename_WithRuleWithEmptyPaymentMethod_ShouldUseDefault" storage="/users/santibraida/workspace/comprobantes/filecontentrenamer.tests/bin/debug/net9.0/filecontentrenamer.tests.dll" id="653d3743-7cb8-b116-b4af-cf8e20bba6f6">
      <Execution id="81bc7a95-4a8e-464b-9308-89dce2f44821" />
      <TestMethod codeBase="/Users/santibraida/Workspace/comprobantes/FileContentRenamer.Tests/bin/Debug/net9.0/FileContentRenamer.Tests.dll" adapterTypeName="executor://xunit/VsTestRunner3/netcore/" className="FileContentRenamer.Tests.Models.NamingRulesTests" name="GenerateFilename_WithRuleWithEmptyPaymentMethod_ShouldUseDefault" />
    </UnitTest>
    <UnitTest name="FileContentRenamer.Tests.Services.DirectoryOrganizerTests.IsInYearMonthStructure_WithInvalidStructure_ShouldReturnFalse(folderName: &quot;regular_folder&quot;)" storage="/users/santibraida/workspace/comprobantes/filecontentrenamer.tests/bin/debug/net9.0/filecontentrenamer.tests.dll" id="b0606947-aad7-eee5-1152-2a1ec56d9255">
      <Execution id="10e5a957-ceec-4037-ade5-4d71bfd9c3ac" />
      <TestMethod codeBase="/Users/santibraida/Workspace/comprobantes/FileContentRenamer.Tests/bin/Debug/net9.0/FileContentRenamer.Tests.dll" adapterTypeName="executor://xunit/VsTestRunner3/netcore/" className="FileContentRenamer.Tests.Services.DirectoryOrganizerTests" name="IsInYearMonthStructure_WithInvalidStructure_ShouldReturnFalse" />
    </UnitTest>
    <UnitTest name="FileContentRenamer.Tests.Models.AppConfigTests.AppConfig_Properties_ShouldBeSettable" storage="/users/santibraida/workspace/comprobantes/filecontentrenamer.tests/bin/debug/net9.0/filecontentrenamer.tests.dll" id="f705c669-0318-6f5e-e8e5-1b4eaa9f9880">
      <Execution id="05e516bd-c876-4ada-8c0b-80784111c08b" />
      <TestMethod codeBase="/Users/santibraida/Workspace/comprobantes/FileContentRenamer.Tests/bin/Debug/net9.0/FileContentRenamer.Tests.dll" adapterTypeName="executor://xunit/VsTestRunner3/netcore/" className="FileContentRenamer.Tests.Models.AppConfigTests" name="AppConfig_Properties_ShouldBeSettable" />
    </UnitTest>
    <UnitTest name="FileContentRenamer.Tests.Services.PdfProcessorTests.ExtractContentAsync_WithEmptyPdfFile_ShouldReturnEmptyString" storage="/users/santibraida/workspace/comprobantes/filecontentrenamer.tests/bin/debug/net9.0/filecontentrenamer.tests.dll" id="6802e4b7-d13f-9fd7-e900-410b7d9a430f">
      <Execution id="56abb546-0773-4171-a02c-5ea2ef53c484" />
      <TestMethod codeBase="/Users/santibraida/Workspace/comprobantes/FileContentRenamer.Tests/bin/Debug/net9.0/FileContentRenamer.Tests.dll" adapterTypeName="executor://xunit/VsTestRunner3/netcore/" className="FileContentRenamer.Tests.Services.PdfProcessorTests" name="ExtractContentAsync_WithEmptyPdfFile_ShouldReturnEmptyString" />
    </UnitTest>
    <UnitTest name="FileContentRenamer.Tests.Services.DateExtractorTests.ExtractDateFromContent_WithVariousGenericDates_ShouldReturnCorrectDates(content: &quot;15/03/2024&quot;, expected: &quot;2024-03-15&quot;)" storage="/users/santibraida/workspace/comprobantes/filecontentrenamer.tests/bin/debug/net9.0/filecontentrenamer.tests.dll" id="1d19ec21-e870-5f10-f860-7ea25dd398b9">
      <Execution id="493e12b3-48ad-431c-94c5-0dcf64dac02e" />
      <TestMethod codeBase="/Users/santibraida/Workspace/comprobantes/FileContentRenamer.Tests/bin/Debug/net9.0/FileContentRenamer.Tests.dll" adapterTypeName="executor://xunit/VsTestRunner3/netcore/" className="FileContentRenamer.Tests.Services.DateExtractorTests" name="ExtractDateFromContent_WithVariousGenericDates_ShouldReturnCorrectDates" />
    </UnitTest>
    <UnitTest name="FileContentRenamer.Tests.Services.FilenameGeneratorTests.GenerateFilename_WithValidContentAndDate_ShouldReturnCorrectFilename" storage="/users/santibraida/workspace/comprobantes/filecontentrenamer.tests/bin/debug/net9.0/filecontentrenamer.tests.dll" id="a78a0985-6ddf-5e1e-7544-6efb88194c31">
      <Execution id="37a1dab9-8073-4b27-9147-9be474831d70" />
      <TestMethod codeBase="/Users/santibraida/Workspace/comprobantes/FileContentRenamer.Tests/bin/Debug/net9.0/FileContentRenamer.Tests.dll" adapterTypeName="executor://xunit/VsTestRunner3/netcore/" className="FileContentRenamer.Tests.Services.FilenameGeneratorTests" name="GenerateFilename_WithValidContentAndDate_ShouldReturnCorrectFilename" />
    </UnitTest>
    <UnitTest name="FileContentRenamer.Tests.Services.FilenameGeneratorTests.IsAlreadyNamedFilename_WithCorrectFormat_ShouldReturnTrue" storage="/users/santibraida/workspace/comprobantes/filecontentrenamer.tests/bin/debug/net9.0/filecontentrenamer.tests.dll" id="9f3779e0-204e-fe43-610e-1a907c82fa52">
      <Execution id="a02fa49c-2dd0-47f4-b6a5-4ce1dad1d234" />
      <TestMethod codeBase="/Users/santibraida/Workspace/comprobantes/FileContentRenamer.Tests/bin/Debug/net9.0/FileContentRenamer.Tests.dll" adapterTypeName="executor://xunit/VsTestRunner3/netcore/" className="FileContentRenamer.Tests.Services.FilenameGeneratorTests" name="IsAlreadyNamedFilename_WithCorrectFormat_ShouldReturnTrue" />
    </UnitTest>
    <UnitTest name="FileContentRenamer.Tests.Models.NamingRulesTests.FindMatchingRule_WithEmptyContent_ShouldReturnNull" storage="/users/santibraida/workspace/comprobantes/filecontentrenamer.tests/bin/debug/net9.0/filecontentrenamer.tests.dll" id="6d7beee1-1275-7fbd-2196-741c8c2b81ed">
      <Execution id="9961ace1-7468-413d-9987-46f7519df504" />
      <TestMethod codeBase="/Users/santibraida/Workspace/comprobantes/FileContentRenamer.Tests/bin/Debug/net9.0/FileContentRenamer.Tests.dll" adapterTypeName="executor://xunit/VsTestRunner3/netcore/" className="FileContentRenamer.Tests.Models.NamingRulesTests" name="FindMatchingRule_WithEmptyContent_ShouldReturnNull" />
    </UnitTest>
    <UnitTest name="FileContentRenamer.Tests.Services.FilenameGeneratorTests.IsAlreadyNamedFilename_WithInvalidFormats_ShouldReturnFalse(filename: &quot;&quot;)" storage="/users/santibraida/workspace/comprobantes/filecontentrenamer.tests/bin/debug/net9.0/filecontentrenamer.tests.dll" id="c1072614-89d7-ecfa-6ece-76abc08d540d">
      <Execution id="aa6aef94-7b27-4e5b-a1b4-19cc01a2bb65" />
      <TestMethod codeBase="/Users/santibraida/Workspace/comprobantes/FileContentRenamer.Tests/bin/Debug/net9.0/FileContentRenamer.Tests.dll" adapterTypeName="executor://xunit/VsTestRunner3/netcore/" className="FileContentRenamer.Tests.Services.FilenameGeneratorTests" name="IsAlreadyNamedFilename_WithInvalidFormats_ShouldReturnFalse" />
    </UnitTest>
    <UnitTest name="FileContentRenamer.Tests.Services.FileValidatorTests.ValidateFileSize_WithInvalidPath_ShouldNotThrow" storage="/users/santibraida/workspace/comprobantes/filecontentrenamer.tests/bin/debug/net9.0/filecontentrenamer.tests.dll" id="3890aa01-b165-5f49-b90e-3db1a4c16e7b">
      <Execution id="37dcc557-3560-4631-990a-0cdd8c9c5f43" />
      <TestMethod codeBase="/Users/santibraida/Workspace/comprobantes/FileContentRenamer.Tests/bin/Debug/net9.0/FileContentRenamer.Tests.dll" adapterTypeName="executor://xunit/VsTestRunner3/netcore/" className="FileContentRenamer.Tests.Services.FileValidatorTests" name="ValidateFileSize_WithInvalidPath_ShouldNotThrow" />
    </UnitTest>
    <UnitTest name="FileContentRenamer.Tests.Services.DirectoryOrganizerTests.OrganizeFileIntoDirectoryStructure_AlreadyInCorrectStructure_ShouldReturnSamePath" storage="/users/santibraida/workspace/comprobantes/filecontentrenamer.tests/bin/debug/net9.0/filecontentrenamer.tests.dll" id="1f3ff8e1-e91a-ea79-b96f-cb3e726fda8c">
      <Execution id="cd0c5758-370a-4705-8f8a-eea1e536a3c2" />
      <TestMethod codeBase="/Users/santibraida/Workspace/comprobantes/FileContentRenamer.Tests/bin/Debug/net9.0/FileContentRenamer.Tests.dll" adapterTypeName="executor://xunit/VsTestRunner3/netcore/" className="FileContentRenamer.Tests.Services.DirectoryOrganizerTests" name="OrganizeFileIntoDirectoryStructure_AlreadyInCorrectStructure_ShouldReturnSamePath" />
    </UnitTest>
    <UnitTest name="FileContentRenamer.Tests.Services.DirectoryOrganizerTests.GetMonthName_WithValidMonth_ShouldReturnSpanishName(monthNumber: 5, expected: &quot;mayo&quot;)" storage="/users/santibraida/workspace/comprobantes/filecontentrenamer.tests/bin/debug/net9.0/filecontentrenamer.tests.dll" id="d1416a64-bf78-25ec-aee2-d5b8b18bc3dc">
      <Execution id="1c03b656-65b1-4c44-b1d1-e24c3007c009" />
      <TestMethod codeBase="/Users/santibraida/Workspace/comprobantes/FileContentRenamer.Tests/bin/Debug/net9.0/FileContentRenamer.Tests.dll" adapterTypeName="executor://xunit/VsTestRunner3/netcore/" className="FileContentRenamer.Tests.Services.DirectoryOrganizerTests" name="GetMonthName_WithValidMonth_ShouldReturnSpanishName" />
    </UnitTest>
    <UnitTest name="FileContentRenamer.Tests.Models.NamingRulesTests.GenerateFilename_WithDateOverrideButRichContent_ShouldUseOriginalDate" storage="/users/santibraida/workspace/comprobantes/filecontentrenamer.tests/bin/debug/net9.0/filecontentrenamer.tests.dll" id="f74a6a94-f390-b5f6-1cb3-44e2f343eb63">
      <Execution id="3ec4e2e6-9633-4b35-9a18-dce94b1e28d5" />
      <TestMethod codeBase="/Users/santibraida/Workspace/comprobantes/FileContentRenamer.Tests/bin/Debug/net9.0/FileContentRenamer.Tests.dll" adapterTypeName="executor://xunit/VsTestRunner3/netcore/" className="FileContentRenamer.Tests.Models.NamingRulesTests" name="GenerateFilename_WithDateOverrideButRichContent_ShouldUseOriginalDate" />
    </UnitTest>
    <UnitTest name="FileContentRenamer.Tests.Services.ImageProcessorTests.Constructor_WithNonExistentTesseractDataPath_ShouldCreateDirectory" storage="/users/santibraida/workspace/comprobantes/filecontentrenamer.tests/bin/debug/net9.0/filecontentrenamer.tests.dll" id="7511a43c-a4b1-13d6-6238-776526db53ad">
      <Execution id="116a3667-74eb-4c6c-9ea7-2874dc0c8560" />
      <TestMethod codeBase="/Users/santibraida/Workspace/comprobantes/FileContentRenamer.Tests/bin/Debug/net9.0/FileContentRenamer.Tests.dll" adapterTypeName="executor://xunit/VsTestRunner3/netcore/" className="FileContentRenamer.Tests.Services.ImageProcessorTests" name="Constructor_WithNonExistentTesseractDataPath_ShouldCreateDirectory" />
    </UnitTest>
    <UnitTest name="FileContentRenamer.Tests.Services.FilenameGeneratorTests.GenerateFilename_WithNoDateInContent_ShouldUseCurrentDate" storage="/users/santibraida/workspace/comprobantes/filecontentrenamer.tests/bin/debug/net9.0/filecontentrenamer.tests.dll" id="5126ad9e-208d-14c5-d223-4d3af568be87">
      <Execution id="cd6dbc2c-e5e3-4a4b-bd76-20f957fca189" />
      <TestMethod codeBase="/Users/santibraida/Workspace/comprobantes/FileContentRenamer.Tests/bin/Debug/net9.0/FileContentRenamer.Tests.dll" adapterTypeName="executor://xunit/VsTestRunner3/netcore/" className="FileContentRenamer.Tests.Services.FilenameGeneratorTests" name="GenerateFilename_WithNoDateInContent_ShouldUseCurrentDate" />
    </UnitTest>
    <UnitTest name="FileContentRenamer.Tests.Services.ImageProcessorTests.CanProcess_WithNonImageExtension_ShouldReturnFalse(extension: &quot;.docx&quot;)" storage="/users/santibraida/workspace/comprobantes/filecontentrenamer.tests/bin/debug/net9.0/filecontentrenamer.tests.dll" id="3ecade73-7761-1f4e-e941-925f13343fbf">
      <Execution id="487501b4-e232-4e44-b1b8-7664ccd0667f" />
      <TestMethod codeBase="/Users/santibraida/Workspace/comprobantes/FileContentRenamer.Tests/bin/Debug/net9.0/FileContentRenamer.Tests.dll" adapterTypeName="executor://xunit/VsTestRunner3/netcore/" className="FileContentRenamer.Tests.Services.ImageProcessorTests" name="CanProcess_WithNonImageExtension_ShouldReturnFalse" />
    </UnitTest>
    <UnitTest name="FileContentRenamer.Tests.Services.FileValidatorTests.ValidateConfiguration_WithValidConfig_ShouldReturnTrue" storage="/users/santibraida/workspace/comprobantes/filecontentrenamer.tests/bin/debug/net9.0/filecontentrenamer.tests.dll" id="a366a934-60e2-7009-7a6f-f68837f539c2">
      <Execution id="a1d06501-0cd2-464a-be2b-c445c4113320" />
      <TestMethod codeBase="/Users/santibraida/Workspace/comprobantes/FileContentRenamer.Tests/bin/Debug/net9.0/FileContentRenamer.Tests.dll" adapterTypeName="executor://xunit/VsTestRunner3/netcore/" className="FileContentRenamer.Tests.Services.FileValidatorTests" name="ValidateConfiguration_WithValidConfig_ShouldReturnTrue" />
    </UnitTest>
    <UnitTest name="FileContentRenamer.Tests.Services.FileServiceTests.ProcessFilesAsync_WithInvalidConfiguration_ShouldReturnEarly" storage="/users/santibraida/workspace/comprobantes/filecontentrenamer.tests/bin/debug/net9.0/filecontentrenamer.tests.dll" id="d0d2c3b5-6a63-09c0-0a9b-894aa7a6f45d">
      <Execution id="c652e7d9-f39f-4d18-aaa2-27e68f5bb7bd" />
      <TestMethod codeBase="/Users/santibraida/Workspace/comprobantes/FileContentRenamer.Tests/bin/Debug/net9.0/FileContentRenamer.Tests.dll" adapterTypeName="executor://xunit/VsTestRunner3/netcore/" className="FileContentRenamer.Tests.Services.FileServiceTests" name="ProcessFilesAsync_WithInvalidConfiguration_ShouldReturnEarly" />
    </UnitTest>
    <UnitTest name="FileContentRenamer.Tests.Services.DirectoryOrganizerTests.GetMonthName_WithValidMonth_ShouldReturnSpanishName(monthNumber: 12, expected: &quot;diciembre&quot;)" storage="/users/santibraida/workspace/comprobantes/filecontentrenamer.tests/bin/debug/net9.0/filecontentrenamer.tests.dll" id="b99c1952-4b8a-6e7b-be83-1febd897689d">
      <Execution id="8057365e-4056-4dbf-a6fa-3172b7b3c05a" />
      <TestMethod codeBase="/Users/santibraida/Workspace/comprobantes/FileContentRenamer.Tests/bin/Debug/net9.0/FileContentRenamer.Tests.dll" adapterTypeName="executor://xunit/VsTestRunner3/netcore/" className="FileContentRenamer.Tests.Services.DirectoryOrganizerTests" name="GetMonthName_WithValidMonth_ShouldReturnSpanishName" />
    </UnitTest>
    <UnitTest name="FileContentRenamer.Tests.Models.NamingRuleTests.Matches_WithNullKeywords_ShouldReturnFalse" storage="/users/santibraida/workspace/comprobantes/filecontentrenamer.tests/bin/debug/net9.0/filecontentrenamer.tests.dll" id="923e4fe8-a8e9-3d7b-512d-479873b8f571">
      <Execution id="9bd77873-1727-4f5d-b71c-6fda36b423c6" />
      <TestMethod codeBase="/Users/santibraida/Workspace/comprobantes/FileContentRenamer.Tests/bin/Debug/net9.0/FileContentRenamer.Tests.dll" adapterTypeName="executor://xunit/VsTestRunner3/netcore/" className="FileContentRenamer.Tests.Models.NamingRuleTests" name="Matches_WithNullKeywords_ShouldReturnFalse" />
    </UnitTest>
    <UnitTest name="FileContentRenamer.Tests.Services.DateExtractorTests.ExtractDateFromContent_WithMultipleDates_ShouldReturnFirstFound" storage="/users/santibraida/workspace/comprobantes/filecontentrenamer.tests/bin/debug/net9.0/filecontentrenamer.tests.dll" id="ab0172d5-f8de-2bd2-5705-f61f86ff407f">
      <Execution id="f6b7ec9a-c168-493e-a047-f1f7b8968590" />
      <TestMethod codeBase="/Users/santibraida/Workspace/comprobantes/FileContentRenamer.Tests/bin/Debug/net9.0/FileContentRenamer.Tests.dll" adapterTypeName="executor://xunit/VsTestRunner3/netcore/" className="FileContentRenamer.Tests.Services.DateExtractorTests" name="ExtractDateFromContent_WithMultipleDates_ShouldReturnFirstFound" />
    </UnitTest>
    <UnitTest name="FileContentRenamer.Tests.Services.TextProcessorTests.ExtractContentAsync_WithExactly1000Characters_ShouldReturnAllContent" storage="/users/santibraida/workspace/comprobantes/filecontentrenamer.tests/bin/debug/net9.0/filecontentrenamer.tests.dll" id="ae46ec5c-7f7f-c8d8-b22b-c6a93692a055">
      <Execution id="8599117c-c164-4a17-bef5-9d3c7c03cf37" />
      <TestMethod codeBase="/Users/santibraida/Workspace/comprobantes/FileContentRenamer.Tests/bin/Debug/net9.0/FileContentRenamer.Tests.dll" adapterTypeName="executor://xunit/VsTestRunner3/netcore/" className="FileContentRenamer.Tests.Services.TextProcessorTests" name="ExtractContentAsync_WithExactly1000Characters_ShouldReturnAllContent" />
    </UnitTest>
    <UnitTest name="FileContentRenamer.Tests.Services.PdfProcessorTests.CanProcess_WithNonPdfExtension_ShouldReturnFalse(filename: &quot;test&quot;)" storage="/users/santibraida/workspace/comprobantes/filecontentrenamer.tests/bin/debug/net9.0/filecontentrenamer.tests.dll" id="5350316f-15de-b350-a21b-48de21601546">
      <Execution id="8362db0d-505b-4739-8982-14e9a1a99e0a" />
      <TestMethod codeBase="/Users/santibraida/Workspace/comprobantes/FileContentRenamer.Tests/bin/Debug/net9.0/FileContentRenamer.Tests.dll" adapterTypeName="executor://xunit/VsTestRunner3/netcore/" className="FileContentRenamer.Tests.Services.PdfProcessorTests" name="CanProcess_WithNonPdfExtension_ShouldReturnFalse" />
    </UnitTest>
    <UnitTest name="FileContentRenamer.Tests.Models.NamingRulesTests.GenerateFilename_WithMinimalGenericContent_ShouldUseOriginalDate" storage="/users/santibraida/workspace/comprobantes/filecontentrenamer.tests/bin/debug/net9.0/filecontentrenamer.tests.dll" id="55667650-7485-4ca3-fd19-23d2a7a126c7">
      <Execution id="d8aa8515-c0c9-432d-bca1-fba110e4a04a" />
      <TestMethod codeBase="/Users/santibraida/Workspace/comprobantes/FileContentRenamer.Tests/bin/Debug/net9.0/FileContentRenamer.Tests.dll" adapterTypeName="executor://xunit/VsTestRunner3/netcore/" className="FileContentRenamer.Tests.Models.NamingRulesTests" name="GenerateFilename_WithMinimalGenericContent_ShouldUseOriginalDate" />
    </UnitTest>
    <UnitTest name="FileContentRenamer.Tests.Models.NamingRulesTests.GenerateFilename_WithMatchingRule_ShouldUseRuleValues" storage="/users/santibraida/workspace/comprobantes/filecontentrenamer.tests/bin/debug/net9.0/filecontentrenamer.tests.dll" id="c98d8a8b-c350-72b5-2be4-aa500796a5e0">
      <Execution id="6d679c77-1160-473a-ac0d-3314340f10e6" />
      <TestMethod codeBase="/Users/santibraida/Workspace/comprobantes/FileContentRenamer.Tests/bin/Debug/net9.0/FileContentRenamer.Tests.dll" adapterTypeName="executor://xunit/VsTestRunner3/netcore/" className="FileContentRenamer.Tests.Models.NamingRulesTests" name="GenerateFilename_WithMatchingRule_ShouldUseRuleValues" />
    </UnitTest>
    <UnitTest name="FileContentRenamer.Tests.Services.DateExtractorTests.ExtractDateFromContent_WithNullContent_ShouldReturnEmptyString" storage="/users/santibraida/workspace/comprobantes/filecontentrenamer.tests/bin/debug/net9.0/filecontentrenamer.tests.dll" id="43108df8-7f9e-e70a-a456-a12f9dd6bbcf">
      <Execution id="3c6e62c5-0f23-4b82-9677-47de1def83ed" />
      <TestMethod codeBase="/Users/santibraida/Workspace/comprobantes/FileContentRenamer.Tests/bin/Debug/net9.0/FileContentRenamer.Tests.dll" adapterTypeName="executor://xunit/VsTestRunner3/netcore/" className="FileContentRenamer.Tests.Services.DateExtractorTests" name="ExtractDateFromContent_WithNullContent_ShouldReturnEmptyString" />
    </UnitTest>
    <UnitTest name="FileContentRenamer.Tests.Services.ImageProcessorTests.CanProcess_WithNonImageExtension_ShouldReturnFalse(extension: &quot;.pdf&quot;)" storage="/users/santibraida/workspace/comprobantes/filecontentrenamer.tests/bin/debug/net9.0/filecontentrenamer.tests.dll" id="f8b329c4-164a-78d1-46cd-26aea567ce35">
      <Execution id="1f4f4182-20b1-4b68-8f90-6c3d4b8a9e26" />
      <TestMethod codeBase="/Users/santibraida/Workspace/comprobantes/FileContentRenamer.Tests/bin/Debug/net9.0/FileContentRenamer.Tests.dll" adapterTypeName="executor://xunit/VsTestRunner3/netcore/" className="FileContentRenamer.Tests.Services.ImageProcessorTests" name="CanProcess_WithNonImageExtension_ShouldReturnFalse" />
    </UnitTest>
    <UnitTest name="FileContentRenamer.Tests.Services.ImageProcessorTests.CanProcess_WithImageExtensions_ShouldReturnTrue(extension: &quot;.tif&quot;)" storage="/users/santibraida/workspace/comprobantes/filecontentrenamer.tests/bin/debug/net9.0/filecontentrenamer.tests.dll" id="75799e7f-c8b2-eb49-e7fc-7e63546cf626">
      <Execution id="0d7e78e7-55ba-431f-ba7a-d72d9ab58aa4" />
      <TestMethod codeBase="/Users/santibraida/Workspace/comprobantes/FileContentRenamer.Tests/bin/Debug/net9.0/FileContentRenamer.Tests.dll" adapterTypeName="executor://xunit/VsTestRunner3/netcore/" className="FileContentRenamer.Tests.Services.ImageProcessorTests" name="CanProcess_WithImageExtensions_ShouldReturnTrue" />
    </UnitTest>
    <UnitTest name="FileContentRenamer.Tests.Services.DirectoryOrganizerTests.OrganizeFileIntoDirectoryStructure_WithEmptyDate_ShouldReturnOriginalPath" storage="/users/santibraida/workspace/comprobantes/filecontentrenamer.tests/bin/debug/net9.0/filecontentrenamer.tests.dll" id="6f2af002-27a0-bce9-8dd8-c05215b58bbb">
      <Execution id="5aeb49fa-f457-4ef9-bb31-489f0e85d3e8" />
      <TestMethod codeBase="/Users/santibraida/Workspace/comprobantes/FileContentRenamer.Tests/bin/Debug/net9.0/FileContentRenamer.Tests.dll" adapterTypeName="executor://xunit/VsTestRunner3/netcore/" className="FileContentRenamer.Tests.Services.DirectoryOrganizerTests" name="OrganizeFileIntoDirectoryStructure_WithEmptyDate_ShouldReturnOriginalPath" />
    </UnitTest>
    <UnitTest name="FileContentRenamer.Tests.Services.FilenameGeneratorTests.IsAlreadyNamedFilename_WithInvalidFormats_ShouldReturnFalse(filename: &quot;service_2024-03-15&quot;)" storage="/users/santibraida/workspace/comprobantes/filecontentrenamer.tests/bin/debug/net9.0/filecontentrenamer.tests.dll" id="66a19620-a3b0-afbc-935a-264e635ffa8f">
      <Execution id="06c4c642-316a-49cc-874f-0ca71b80d905" />
      <TestMethod codeBase="/Users/santibraida/Workspace/comprobantes/FileContentRenamer.Tests/bin/Debug/net9.0/FileContentRenamer.Tests.dll" adapterTypeName="executor://xunit/VsTestRunner3/netcore/" className="FileContentRenamer.Tests.Services.FilenameGeneratorTests" name="IsAlreadyNamedFilename_WithInvalidFormats_ShouldReturnFalse" />
    </UnitTest>
    <UnitTest name="FileContentRenamer.Tests.Models.NamingRulesTests.Constructor_WithParameters_ShouldSetValues" storage="/users/santibraida/workspace/comprobantes/filecontentrenamer.tests/bin/debug/net9.0/filecontentrenamer.tests.dll" id="74c0392b-8615-24d3-2fd0-e6af46d2098a">
      <Execution id="5a6926e7-99f5-4ccb-b141-446001f69f1b" />
      <TestMethod codeBase="/Users/santibraida/Workspace/comprobantes/FileContentRenamer.Tests/bin/Debug/net9.0/FileContentRenamer.Tests.dll" adapterTypeName="executor://xunit/VsTestRunner3/netcore/" className="FileContentRenamer.Tests.Models.NamingRulesTests" name="Constructor_WithParameters_ShouldSetValues" />
    </UnitTest>
    <UnitTest name="FileContentRenamer.Tests.Services.PdfProcessorTests.CanProcess_WithPdfExtensionVariations_ShouldReturnTrue(filename: &quot;document.pdf&quot;)" storage="/users/santibraida/workspace/comprobantes/filecontentrenamer.tests/bin/debug/net9.0/filecontentrenamer.tests.dll" id="6d87e1fd-55be-eef4-fa85-511734dc705c">
      <Execution id="e466664d-e978-4502-85b4-6999d9155937" />
      <TestMethod codeBase="/Users/santibraida/Workspace/comprobantes/FileContentRenamer.Tests/bin/Debug/net9.0/FileContentRenamer.Tests.dll" adapterTypeName="executor://xunit/VsTestRunner3/netcore/" className="FileContentRenamer.Tests.Services.PdfProcessorTests" name="CanProcess_WithPdfExtensionVariations_ShouldReturnTrue" />
    </UnitTest>
    <UnitTest name="FileContentRenamer.Tests.Services.FileServiceTests.ProcessFilesAsync_WithSameFilename_ShouldOrganizeOnly" storage="/users/santibraida/workspace/comprobantes/filecontentrenamer.tests/bin/debug/net9.0/filecontentrenamer.tests.dll" id="0228ec1a-cf44-e616-5aa7-aefd86959073">
      <Execution id="d1bea1e8-7198-49bb-993b-c3e6d9b5ad31" />
      <TestMethod codeBase="/Users/santibraida/Workspace/comprobantes/FileContentRenamer.Tests/bin/Debug/net9.0/FileContentRenamer.Tests.dll" adapterTypeName="executor://xunit/VsTestRunner3/netcore/" className="FileContentRenamer.Tests.Services.FileServiceTests" name="ProcessFilesAsync_WithSameFilename_ShouldOrganizeOnly" />
    </UnitTest>
    <UnitTest name="FileContentRenamer.Tests.Services.PdfProcessorTests.CanProcess_WithPdfExtensionDifferentCasing_ShouldReturnTrue(filename: &quot;test.Pdf&quot;)" storage="/users/santibraida/workspace/comprobantes/filecontentrenamer.tests/bin/debug/net9.0/filecontentrenamer.tests.dll" id="30177b80-4255-9855-fa20-76724e89c280">
      <Execution id="9cfea712-0a5f-4256-aa10-ae59980512a8" />
      <TestMethod codeBase="/Users/santibraida/Workspace/comprobantes/FileContentRenamer.Tests/bin/Debug/net9.0/FileContentRenamer.Tests.dll" adapterTypeName="executor://xunit/VsTestRunner3/netcore/" className="FileContentRenamer.Tests.Services.PdfProcessorTests" name="CanProcess_WithPdfExtensionDifferentCasing_ShouldReturnTrue" />
    </UnitTest>
    <UnitTest name="FileContentRenamer.Tests.Services.FilenameGeneratorTests.IsAlreadyNamedFilename_WithInvalidFormats_ShouldReturnFalse(filename: &quot;service_payment&quot;)" storage="/users/santibraida/workspace/comprobantes/filecontentrenamer.tests/bin/debug/net9.0/filecontentrenamer.tests.dll" id="d6d3d886-1a00-8e52-5627-e1236e6e1c62">
      <Execution id="aa00e75d-faeb-498c-90d1-2dc047ee0199" />
      <TestMethod codeBase="/Users/santibraida/Workspace/comprobantes/FileContentRenamer.Tests/bin/Debug/net9.0/FileContentRenamer.Tests.dll" adapterTypeName="executor://xunit/VsTestRunner3/netcore/" className="FileContentRenamer.Tests.Services.FilenameGeneratorTests" name="IsAlreadyNamedFilename_WithInvalidFormats_ShouldReturnFalse" />
    </UnitTest>
    <UnitTest name="FileContentRenamer.Tests.Services.ImageProcessorTests.ExtractContentAsync_WithInvalidImageFile_ShouldReturnEmptyString" storage="/users/santibraida/workspace/comprobantes/filecontentrenamer.tests/bin/debug/net9.0/filecontentrenamer.tests.dll" id="cb98919d-41c2-f114-3856-49dce9ef8634">
      <Execution id="71addbaf-137d-4726-9791-61c8f5dc4677" />
      <TestMethod codeBase="/Users/santibraida/Workspace/comprobantes/FileContentRenamer.Tests/bin/Debug/net9.0/FileContentRenamer.Tests.dll" adapterTypeName="executor://xunit/VsTestRunner3/netcore/" className="FileContentRenamer.Tests.Services.ImageProcessorTests" name="ExtractContentAsync_WithInvalidImageFile_ShouldReturnEmptyString" />
    </UnitTest>
    <UnitTest name="FileContentRenamer.Tests.Services.FileValidatorTests.ShouldProcessFile_WithInvalidExtensions_ShouldReturnFalse(extension: &quot;.doc&quot;)" storage="/users/santibraida/workspace/comprobantes/filecontentrenamer.tests/bin/debug/net9.0/filecontentrenamer.tests.dll" id="7e3a9744-91b7-a2b9-ebb3-73a79e07c25d">
      <Execution id="baf2e49a-13e9-4135-8b49-3cedab5d6425" />
      <TestMethod codeBase="/Users/santibraida/Workspace/comprobantes/FileContentRenamer.Tests/bin/Debug/net9.0/FileContentRenamer.Tests.dll" adapterTypeName="executor://xunit/VsTestRunner3/netcore/" className="FileContentRenamer.Tests.Services.FileValidatorTests" name="ShouldProcessFile_WithInvalidExtensions_ShouldReturnFalse" />
    </UnitTest>
    <UnitTest name="FileContentRenamer.Tests.Services.TextProcessorTests.ExtractContentAsync_WithMultilineContent_ShouldReturnContent" storage="/users/santibraida/workspace/comprobantes/filecontentrenamer.tests/bin/debug/net9.0/filecontentrenamer.tests.dll" id="75b52445-788c-0c2d-ad1d-9437d196417b">
      <Execution id="62de44d4-b7d3-4be5-96b2-8391c86b1551" />
      <TestMethod codeBase="/Users/santibraida/Workspace/comprobantes/FileContentRenamer.Tests/bin/Debug/net9.0/FileContentRenamer.Tests.dll" adapterTypeName="executor://xunit/VsTestRunner3/netcore/" className="FileContentRenamer.Tests.Services.TextProcessorTests" name="ExtractContentAsync_WithMultilineContent_ShouldReturnContent" />
    </UnitTest>
    <UnitTest name="FileContentRenamer.Tests.Models.NamingRuleTests.Matches_WithNoKeywords_ShouldReturnFalse" storage="/users/santibraida/workspace/comprobantes/filecontentrenamer.tests/bin/debug/net9.0/filecontentrenamer.tests.dll" id="735ac008-1cbd-a429-fd29-015f19236116">
      <Execution id="f94fd954-e1f6-4200-ba30-520c05acd749" />
      <TestMethod codeBase="/Users/santibraida/Workspace/comprobantes/FileContentRenamer.Tests/bin/Debug/net9.0/FileContentRenamer.Tests.dll" adapterTypeName="executor://xunit/VsTestRunner3/netcore/" className="FileContentRenamer.Tests.Models.NamingRuleTests" name="Matches_WithNoKeywords_ShouldReturnFalse" />
    </UnitTest>
    <UnitTest name="FileContentRenamer.Tests.Services.DateExtractorTests.ExtractDateFromContent_WithVariousGenericDates_ShouldReturnCorrectDates(content: &quot;31/12/2023&quot;, expected: &quot;2023-12-31&quot;)" storage="/users/santibraida/workspace/comprobantes/filecontentrenamer.tests/bin/debug/net9.0/filecontentrenamer.tests.dll" id="fe7b897c-fd2e-f8e6-f880-7f5c0aaede02">
      <Execution id="38db90e4-0773-41ec-bc34-a4d06d80d9fb" />
      <TestMethod codeBase="/Users/santibraida/Workspace/comprobantes/FileContentRenamer.Tests/bin/Debug/net9.0/FileContentRenamer.Tests.dll" adapterTypeName="executor://xunit/VsTestRunner3/netcore/" className="FileContentRenamer.Tests.Services.DateExtractorTests" name="ExtractDateFromContent_WithVariousGenericDates_ShouldReturnCorrectDates" />
    </UnitTest>
    <UnitTest name="FileContentRenamer.Tests.Services.DirectoryOrganizerTests.IsInYearMonthStructure_WithMonthInYearFolder_ShouldReturnTrue" storage="/users/santibraida/workspace/comprobantes/filecontentrenamer.tests/bin/debug/net9.0/filecontentrenamer.tests.dll" id="63740491-dbe7-68e1-03c8-149486e0c4ce">
      <Execution id="43b81be4-1731-4b1e-a8a7-74ea09d13fc4" />
      <TestMethod codeBase="/Users/santibraida/Workspace/comprobantes/FileContentRenamer.Tests/bin/Debug/net9.0/FileContentRenamer.Tests.dll" adapterTypeName="executor://xunit/VsTestRunner3/netcore/" className="FileContentRenamer.Tests.Services.DirectoryOrganizerTests" name="IsInYearMonthStructure_WithMonthInYearFolder_ShouldReturnTrue" />
    </UnitTest>
    <UnitTest name="FileContentRenamer.Tests.Services.DateExtractorTests.ExtractDateFromContent_WithVariousDueDateFormats_ShouldReturnCorrectDates(content: &quot;Vence: 31/12/2023&quot;, expected: &quot;2023-12-31&quot;)" storage="/users/santibraida/workspace/comprobantes/filecontentrenamer.tests/bin/debug/net9.0/filecontentrenamer.tests.dll" id="0877987f-a018-03de-71dc-2e8ff937b395">
      <Execution id="4e791bba-72e2-441a-b505-5410b1c09d1d" />
      <TestMethod codeBase="/Users/santibraida/Workspace/comprobantes/FileContentRenamer.Tests/bin/Debug/net9.0/FileContentRenamer.Tests.dll" adapterTypeName="executor://xunit/VsTestRunner3/netcore/" className="FileContentRenamer.Tests.Services.DateExtractorTests" name="ExtractDateFromContent_WithVariousDueDateFormats_ShouldReturnCorrectDates" />
    </UnitTest>
    <UnitTest name="FileContentRenamer.Tests.Services.TextProcessorTests.CanProcess_WithNonTxtExtension_ShouldReturnFalse(filename: &quot;test.jpg&quot;)" storage="/users/santibraida/workspace/comprobantes/filecontentrenamer.tests/bin/debug/net9.0/filecontentrenamer.tests.dll" id="d60b51ff-35d6-643f-09d4-bd5f7bbab23c">
      <Execution id="135bf740-c4e9-42d3-bcb3-2b93951eec6d" />
      <TestMethod codeBase="/Users/santibraida/Workspace/comprobantes/FileContentRenamer.Tests/bin/Debug/net9.0/FileContentRenamer.Tests.dll" adapterTypeName="executor://xunit/VsTestRunner3/netcore/" className="FileContentRenamer.Tests.Services.TextProcessorTests" name="CanProcess_WithNonTxtExtension_ShouldReturnFalse" />
    </UnitTest>
    <UnitTest name="FileContentRenamer.Tests.Services.DateExtractorTests.ExtractDateFromContent_WithNoDate_ShouldReturnEmptyString" storage="/users/santibraida/workspace/comprobantes/filecontentrenamer.tests/bin/debug/net9.0/filecontentrenamer.tests.dll" id="cd9462e7-2aeb-f1cd-df73-927f31a7638d">
      <Execution id="29b529f7-2b4e-43b6-af1b-a8af89730702" />
      <TestMethod codeBase="/Users/santibraida/Workspace/comprobantes/FileContentRenamer.Tests/bin/Debug/net9.0/FileContentRenamer.Tests.dll" adapterTypeName="executor://xunit/VsTestRunner3/netcore/" className="FileContentRenamer.Tests.Services.DateExtractorTests" name="ExtractDateFromContent_WithNoDate_ShouldReturnEmptyString" />
    </UnitTest>
    <UnitTest name="FileContentRenamer.Tests.Services.DateExtractorTests.ExtractDateFromFilename_WithVariousValidFormats_ShouldReturnCorrectDates(filename: &quot;test_2023-12-31_method&quot;, expected: &quot;2023-12-31&quot;)" storage="/users/santibraida/workspace/comprobantes/filecontentrenamer.tests/bin/debug/net9.0/filecontentrenamer.tests.dll" id="a973dd7a-7c46-af87-44cd-7bf4a36abf9b">
      <Execution id="8ca4e6e1-06e7-4463-9cc2-d110dfc336b9" />
      <TestMethod codeBase="/Users/santibraida/Workspace/comprobantes/FileContentRenamer.Tests/bin/Debug/net9.0/FileContentRenamer.Tests.dll" adapterTypeName="executor://xunit/VsTestRunner3/netcore/" className="FileContentRenamer.Tests.Services.DateExtractorTests" name="ExtractDateFromFilename_WithVariousValidFormats_ShouldReturnCorrectDates" />
    </UnitTest>
    <UnitTest name="FileContentRenamer.Tests.Services.DirectoryOrganizerTests.IsInYearMonthStructure_WithYearFolder_ShouldReturnTrue" storage="/users/santibraida/workspace/comprobantes/filecontentrenamer.tests/bin/debug/net9.0/filecontentrenamer.tests.dll" id="795f8691-da02-dc90-c006-df2b05e484b8">
      <Execution id="998c2dd3-98c0-433e-8f93-25c07d31a184" />
      <TestMethod codeBase="/Users/santibraida/Workspace/comprobantes/FileContentRenamer.Tests/bin/Debug/net9.0/FileContentRenamer.Tests.dll" adapterTypeName="executor://xunit/VsTestRunner3/netcore/" className="FileContentRenamer.Tests.Services.DirectoryOrganizerTests" name="IsInYearMonthStructure_WithYearFolder_ShouldReturnTrue" />
    </UnitTest>
    <UnitTest name="FileContentRenamer.Tests.Services.FilenameGeneratorTests.GenerateUniqueFilename_WithNonExistingFile_ShouldReturnOriginalPath" storage="/users/santibraida/workspace/comprobantes/filecontentrenamer.tests/bin/debug/net9.0/filecontentrenamer.tests.dll" id="730c03ae-3d59-370f-6166-c801ea6b544e">
      <Execution id="d0b2a6bc-d8ef-4059-95c4-4ccf22c4604b" />
      <TestMethod codeBase="/Users/santibraida/Workspace/comprobantes/FileContentRenamer.Tests/bin/Debug/net9.0/FileContentRenamer.Tests.dll" adapterTypeName="executor://xunit/VsTestRunner3/netcore/" className="FileContentRenamer.Tests.Services.FilenameGeneratorTests" name="GenerateUniqueFilename_WithNonExistingFile_ShouldReturnOriginalPath" />
    </UnitTest>
    <UnitTest name="FileContentRenamer.Tests.Models.AppConfigTests.LoadFromConfiguration_WithInvalidJson_ShouldThrowException" storage="/users/santibraida/workspace/comprobantes/filecontentrenamer.tests/bin/debug/net9.0/filecontentrenamer.tests.dll" id="04613884-8eea-2162-7b68-af1197b3a19b">
      <Execution id="077b54f8-c8df-45b4-b035-f67373728255" />
      <TestMethod codeBase="/Users/santibraida/Workspace/comprobantes/FileContentRenamer.Tests/bin/Debug/net9.0/FileContentRenamer.Tests.dll" adapterTypeName="executor://xunit/VsTestRunner3/netcore/" className="FileContentRenamer.Tests.Models.AppConfigTests" name="LoadFromConfiguration_WithInvalidJson_ShouldThrowException" />
    </UnitTest>
    <UnitTest name="FileContentRenamer.Tests.Services.FileValidatorTests.ShouldProcessFile_WithValidExtensions_ShouldReturnTrue(extension: &quot;.txt&quot;)" storage="/users/santibraida/workspace/comprobantes/filecontentrenamer.tests/bin/debug/net9.0/filecontentrenamer.tests.dll" id="89411942-d38a-5bb6-81ec-67e7fdba9fc2">
      <Execution id="360ffd32-3d6d-4812-b71e-9ce4e5728011" />
      <TestMethod codeBase="/Users/santibraida/Workspace/comprobantes/FileContentRenamer.Tests/bin/Debug/net9.0/FileContentRenamer.Tests.dll" adapterTypeName="executor://xunit/VsTestRunner3/netcore/" className="FileContentRenamer.Tests.Services.FileValidatorTests" name="ShouldProcessFile_WithValidExtensions_ShouldReturnTrue" />
    </UnitTest>
    <UnitTest name="FileContentRenamer.Tests.Services.FilenameGeneratorTests.CleanupFileName_WithVariousInputs_ShouldReturnCleanedName(input: &quot;___&quot;, expected: &quot;cleaned_file&quot;)" storage="/users/santibraida/workspace/comprobantes/filecontentrenamer.tests/bin/debug/net9.0/filecontentrenamer.tests.dll" id="003f2eb1-16a9-1fca-9f6b-de2c702ff29c">
      <Execution id="f40bc8a9-5f61-49df-8986-b1717191fc8f" />
      <TestMethod codeBase="/Users/santibraida/Workspace/comprobantes/FileContentRenamer.Tests/bin/Debug/net9.0/FileContentRenamer.Tests.dll" adapterTypeName="executor://xunit/VsTestRunner3/netcore/" className="FileContentRenamer.Tests.Services.FilenameGeneratorTests" name="CleanupFileName_WithVariousInputs_ShouldReturnCleanedName" />
    </UnitTest>
    <UnitTest name="FileContentRenamer.Tests.Services.TextProcessorTests.ExtractContentAsync_WithSpecialCharacters_ShouldReturnContent" storage="/users/santibraida/workspace/comprobantes/filecontentrenamer.tests/bin/debug/net9.0/filecontentrenamer.tests.dll" id="ab791beb-155a-2340-25c5-938aea845fff">
      <Execution id="d9c054a8-ac0c-44d0-afb3-45587aa489e6" />
      <TestMethod codeBase="/Users/santibraida/Workspace/comprobantes/FileContentRenamer.Tests/bin/Debug/net9.0/FileContentRenamer.Tests.dll" adapterTypeName="executor://xunit/VsTestRunner3/netcore/" className="FileContentRenamer.Tests.Services.TextProcessorTests" name="ExtractContentAsync_WithSpecialCharacters_ShouldReturnContent" />
    </UnitTest>
    <UnitTest name="FileContentRenamer.Tests.Services.FileServiceTests.ProcessFilesAsync_WithAlreadyNamedFile_ShouldSkipRenaming" storage="/users/santibraida/workspace/comprobantes/filecontentrenamer.tests/bin/debug/net9.0/filecontentrenamer.tests.dll" id="34f0a146-8932-4124-920d-b39c3eb45d5b">
      <Execution id="a7bb6bae-6638-4434-9dbc-5c7219869cf6" />
      <TestMethod codeBase="/Users/santibraida/Workspace/comprobantes/FileContentRenamer.Tests/bin/Debug/net9.0/FileContentRenamer.Tests.dll" adapterTypeName="executor://xunit/VsTestRunner3/netcore/" className="FileContentRenamer.Tests.Services.FileServiceTests" name="ProcessFilesAsync_WithAlreadyNamedFile_ShouldSkipRenaming" />
    </UnitTest>
    <UnitTest name="FileContentRenamer.Tests.Services.PdfProcessorTests.CanProcess_WithPdfExtensionVariations_ShouldReturnTrue(filename: &quot;DOCUMENT.PDF&quot;)" storage="/users/santibraida/workspace/comprobantes/filecontentrenamer.tests/bin/debug/net9.0/filecontentrenamer.tests.dll" id="8bf8da02-6c6e-2191-c936-6121db66d388">
      <Execution id="2ddd7c6e-3f35-4fce-afb0-50827cc81089" />
      <TestMethod codeBase="/Users/santibraida/Workspace/comprobantes/FileContentRenamer.Tests/bin/Debug/net9.0/FileContentRenamer.Tests.dll" adapterTypeName="executor://xunit/VsTestRunner3/netcore/" className="FileContentRenamer.Tests.Services.PdfProcessorTests" name="CanProcess_WithPdfExtensionVariations_ShouldReturnTrue" />
    </UnitTest>
    <UnitTest name="FileContentRenamer.Tests.Services.PdfProcessorTests.CanProcess_WithNonPdfExtension_ShouldReturnFalse(filename: &quot;test.jpg&quot;)" storage="/users/santibraida/workspace/comprobantes/filecontentrenamer.tests/bin/debug/net9.0/filecontentrenamer.tests.dll" id="8788403a-0d19-e088-1175-07bf39207809">
      <Execution id="8f95b289-bdcd-4ef1-8b16-6a9970b6a97d" />
      <TestMethod codeBase="/Users/santibraida/Workspace/comprobantes/FileContentRenamer.Tests/bin/Debug/net9.0/FileContentRenamer.Tests.dll" adapterTypeName="executor://xunit/VsTestRunner3/netcore/" className="FileContentRenamer.Tests.Services.PdfProcessorTests" name="CanProcess_WithNonPdfExtension_ShouldReturnFalse" />
    </UnitTest>
    <UnitTest name="FileContentRenamer.Tests.Services.PdfProcessorTests.CanProcess_WithPdfExtension_ShouldReturnTrue" storage="/users/santibraida/workspace/comprobantes/filecontentrenamer.tests/bin/debug/net9.0/filecontentrenamer.tests.dll" id="9729a039-440f-b038-cbbc-13699377547c">
      <Execution id="a537be06-381c-445b-a0a2-aca437cb385b" />
      <TestMethod codeBase="/Users/santibraida/Workspace/comprobantes/FileContentRenamer.Tests/bin/Debug/net9.0/FileContentRenamer.Tests.dll" adapterTypeName="executor://xunit/VsTestRunner3/netcore/" className="FileContentRenamer.Tests.Services.PdfProcessorTests" name="CanProcess_WithPdfExtension_ShouldReturnTrue" />
    </UnitTest>
    <UnitTest name="FileContentRenamer.Tests.Services.FilenameGeneratorTests.CleanupFileName_WithVariousInputs_ShouldReturnCleanedName(input: &quot;&quot;, expected: &quot;cleaned_file&quot;)" storage="/users/santibraida/workspace/comprobantes/filecontentrenamer.tests/bin/debug/net9.0/filecontentrenamer.tests.dll" id="7b37b2f2-6969-770c-b013-e18381e7bb74">
      <Execution id="daa588d1-88c5-4d22-9ae6-fdb8dba794a8" />
      <TestMethod codeBase="/Users/santibraida/Workspace/comprobantes/FileContentRenamer.Tests/bin/Debug/net9.0/FileContentRenamer.Tests.dll" adapterTypeName="executor://xunit/VsTestRunner3/netcore/" className="FileContentRenamer.Tests.Services.FilenameGeneratorTests" name="CleanupFileName_WithVariousInputs_ShouldReturnCleanedName" />
    </UnitTest>
    <UnitTest name="FileContentRenamer.Tests.Services.TextProcessorTests.CanProcess_WithNonTxtExtension_ShouldReturnFalse(filename: &quot;test.pdf&quot;)" storage="/users/santibraida/workspace/comprobantes/filecontentrenamer.tests/bin/debug/net9.0/filecontentrenamer.tests.dll" id="af647e92-1ce2-064d-3a84-3476cb46d127">
      <Execution id="9a5193db-4d37-4432-a6e1-a665fd31d402" />
      <TestMethod codeBase="/Users/santibraida/Workspace/comprobantes/FileContentRenamer.Tests/bin/Debug/net9.0/FileContentRenamer.Tests.dll" adapterTypeName="executor://xunit/VsTestRunner3/netcore/" className="FileContentRenamer.Tests.Services.TextProcessorTests" name="CanProcess_WithNonTxtExtension_ShouldReturnFalse" />
    </UnitTest>
    <UnitTest name="FileContentRenamer.Tests.Services.TextProcessorTests.CanProcess_WithTxtExtensionDifferentCasing_ShouldReturnTrue(filename: &quot;test.tXt&quot;)" storage="/users/santibraida/workspace/comprobantes/filecontentrenamer.tests/bin/debug/net9.0/filecontentrenamer.tests.dll" id="70962b03-3000-68e4-fd2c-d9ce13588e5d">
      <Execution id="ccaeb5cc-2be0-42d5-8712-bc4cb46167df" />
      <TestMethod codeBase="/Users/santibraida/Workspace/comprobantes/FileContentRenamer.Tests/bin/Debug/net9.0/FileContentRenamer.Tests.dll" adapterTypeName="executor://xunit/VsTestRunner3/netcore/" className="FileContentRenamer.Tests.Services.TextProcessorTests" name="CanProcess_WithTxtExtensionDifferentCasing_ShouldReturnTrue" />
    </UnitTest>
    <UnitTest name="FileContentRenamer.Tests.Services.DateExtractorTests.ExtractDateFromFilename_WithVariousValidFormats_ShouldReturnCorrectDates(filename: &quot;service_2024-01-01_payment&quot;, expected: &quot;2024-01-01&quot;)" storage="/users/santibraida/workspace/comprobantes/filecontentrenamer.tests/bin/debug/net9.0/filecontentrenamer.tests.dll" id="0316afba-cad9-583a-5a60-4cda40610283">
      <Execution id="918eec47-1fc6-46f1-bd9d-391bd6f069e8" />
      <TestMethod codeBase="/Users/santibraida/Workspace/comprobantes/FileContentRenamer.Tests/bin/Debug/net9.0/FileContentRenamer.Tests.dll" adapterTypeName="executor://xunit/VsTestRunner3/netcore/" className="FileContentRenamer.Tests.Services.DateExtractorTests" name="ExtractDateFromFilename_WithVariousValidFormats_ShouldReturnCorrectDates" />
    </UnitTest>
    <UnitTest name="FileContentRenamer.Tests.Services.ImageProcessorTests.CanProcess_WithImageExtensions_ShouldReturnTrue(extension: &quot;.jpeg&quot;)" storage="/users/santibraida/workspace/comprobantes/filecontentrenamer.tests/bin/debug/net9.0/filecontentrenamer.tests.dll" id="97a9732c-79a7-6428-f306-649df62803fe">
      <Execution id="77673bd7-b5f4-4e2b-8982-c0af42606e55" />
      <TestMethod codeBase="/Users/santibraida/Workspace/comprobantes/FileContentRenamer.Tests/bin/Debug/net9.0/FileContentRenamer.Tests.dll" adapterTypeName="executor://xunit/VsTestRunner3/netcore/" className="FileContentRenamer.Tests.Services.ImageProcessorTests" name="CanProcess_WithImageExtensions_ShouldReturnTrue" />
    </UnitTest>
    <UnitTest name="FileContentRenamer.Tests.Services.ImageProcessorTests.CanProcess_WithImageExtensionsDifferentCasing_ShouldReturnTrue(extension: &quot;.JPEG&quot;)" storage="/users/santibraida/workspace/comprobantes/filecontentrenamer.tests/bin/debug/net9.0/filecontentrenamer.tests.dll" id="2fcf9509-91d2-8211-d6e4-a72c7870e72f">
      <Execution id="fa3fed4d-6a48-4b6a-aaab-49d2278d8eb8" />
      <TestMethod codeBase="/Users/santibraida/Workspace/comprobantes/FileContentRenamer.Tests/bin/Debug/net9.0/FileContentRenamer.Tests.dll" adapterTypeName="executor://xunit/VsTestRunner3/netcore/" className="FileContentRenamer.Tests.Services.ImageProcessorTests" name="CanProcess_WithImageExtensionsDifferentCasing_ShouldReturnTrue" />
    </UnitTest>
    <UnitTest name="FileContentRenamer.Tests.Models.AppConfigTests.LoadFromConfiguration_WithMissingFileExtensions_ShouldThrowException" storage="/users/santibraida/workspace/comprobantes/filecontentrenamer.tests/bin/debug/net9.0/filecontentrenamer.tests.dll" id="a3da5712-1fc6-1483-5013-eb15e94741bb">
      <Execution id="bab34e1b-0b62-4259-b964-8ae72849744f" />
      <TestMethod codeBase="/Users/santibraida/Workspace/comprobantes/FileContentRenamer.Tests/bin/Debug/net9.0/FileContentRenamer.Tests.dll" adapterTypeName="executor://xunit/VsTestRunner3/netcore/" className="FileContentRenamer.Tests.Models.AppConfigTests" name="LoadFromConfiguration_WithMissingFileExtensions_ShouldThrowException" />
    </UnitTest>
    <UnitTest name="FileContentRenamer.Tests.Services.ImageProcessorTests.CanProcess_WithNonImageExtension_ShouldReturnFalse(extension: &quot;.mp4&quot;)" storage="/users/santibraida/workspace/comprobantes/filecontentrenamer.tests/bin/debug/net9.0/filecontentrenamer.tests.dll" id="8c36f3a4-ca31-a9e9-241d-dbc70385ef49">
      <Execution id="a0a9ca1c-07fb-417b-8f99-a848a7fb836b" />
      <TestMethod codeBase="/Users/santibraida/Workspace/comprobantes/FileContentRenamer.Tests/bin/Debug/net9.0/FileContentRenamer.Tests.dll" adapterTypeName="executor://xunit/VsTestRunner3/netcore/" className="FileContentRenamer.Tests.Services.ImageProcessorTests" name="CanProcess_WithNonImageExtension_ShouldReturnFalse" />
    </UnitTest>
    <UnitTest name="FileContentRenamer.Tests.Services.FilenameGeneratorTests.GenerateUniqueFilename_WithExistingFile_ShouldReturnNumberedVersion" storage="/users/santibraida/workspace/comprobantes/filecontentrenamer.tests/bin/debug/net9.0/filecontentrenamer.tests.dll" id="50fa8f71-8d78-c5b2-6484-06fffd5546d4">
      <Execution id="578813e6-e7a8-40f6-91f1-dc00ef60b889" />
      <TestMethod codeBase="/Users/santibraida/Workspace/comprobantes/FileContentRenamer.Tests/bin/Debug/net9.0/FileContentRenamer.Tests.dll" adapterTypeName="executor://xunit/VsTestRunner3/netcore/" className="FileContentRenamer.Tests.Services.FilenameGeneratorTests" name="GenerateUniqueFilename_WithExistingFile_ShouldReturnNumberedVersion" />
    </UnitTest>
    <UnitTest name="FileContentRenamer.Tests.Services.DateExtractorTests.ExtractDateFromContent_WithGenericDateFormat_ShouldReturnCorrectDate" storage="/users/santibraida/workspace/comprobantes/filecontentrenamer.tests/bin/debug/net9.0/filecontentrenamer.tests.dll" id="4d791645-14ca-671e-50ed-7143a80c7959">
      <Execution id="a70ed92f-8906-483d-a6fd-15e6a722ecce" />
      <TestMethod codeBase="/Users/santibraida/Workspace/comprobantes/FileContentRenamer.Tests/bin/Debug/net9.0/FileContentRenamer.Tests.dll" adapterTypeName="executor://xunit/VsTestRunner3/netcore/" className="FileContentRenamer.Tests.Services.DateExtractorTests" name="ExtractDateFromContent_WithGenericDateFormat_ShouldReturnCorrectDate" />
    </UnitTest>
    <UnitTest name="FileContentRenamer.Tests.Models.NamingRulesTests.FindMatchingRule_WithFirstRuleMatching_ShouldReturnFirstRule" storage="/users/santibraida/workspace/comprobantes/filecontentrenamer.tests/bin/debug/net9.0/filecontentrenamer.tests.dll" id="fde0012a-20a9-aebc-bee1-b5bf65a4ee27">
      <Execution id="cec321ff-fb70-4d38-b5bb-8a57ae3721ae" />
      <TestMethod codeBase="/Users/santibraida/Workspace/comprobantes/FileContentRenamer.Tests/bin/Debug/net9.0/FileContentRenamer.Tests.dll" adapterTypeName="executor://xunit/VsTestRunner3/netcore/" className="FileContentRenamer.Tests.Models.NamingRulesTests" name="FindMatchingRule_WithFirstRuleMatching_ShouldReturnFirstRule" />
    </UnitTest>
    <UnitTest name="FileContentRenamer.Tests.Services.FileServiceTests.ProcessFilesAsync_WithParallelProcessing_ShouldProcessMultipleFiles" storage="/users/santibraida/workspace/comprobantes/filecontentrenamer.tests/bin/debug/net9.0/filecontentrenamer.tests.dll" id="c14045dd-f91b-3e98-d221-a8a83ca7b93f">
      <Execution id="0757011d-ab2b-413d-892f-ac2420b0fb4b" />
      <TestMethod codeBase="/Users/santibraida/Workspace/comprobantes/FileContentRenamer.Tests/bin/Debug/net9.0/FileContentRenamer.Tests.dll" adapterTypeName="executor://xunit/VsTestRunner3/netcore/" className="FileContentRenamer.Tests.Services.FileServiceTests" name="ProcessFilesAsync_WithParallelProcessing_ShouldProcessMultipleFiles" />
    </UnitTest>
    <UnitTest name="FileContentRenamer.Tests.Models.AppConfigTests.AppConfig_DefaultValues_ShouldBeSetCorrectly" storage="/users/santibraida/workspace/comprobantes/filecontentrenamer.tests/bin/debug/net9.0/filecontentrenamer.tests.dll" id="c8e339c4-495d-6682-fb59-508814014af3">
      <Execution id="f0d36bf3-f8d7-43e8-8dc4-f7130776e8fd" />
      <TestMethod codeBase="/Users/santibraida/Workspace/comprobantes/FileContentRenamer.Tests/bin/Debug/net9.0/FileContentRenamer.Tests.dll" adapterTypeName="executor://xunit/VsTestRunner3/netcore/" className="FileContentRenamer.Tests.Models.AppConfigTests" name="AppConfig_DefaultValues_ShouldBeSetCorrectly" />
    </UnitTest>
    <UnitTest name="FileContentRenamer.Tests.Services.FileServiceTests.ProcessFilesAsync_WithValidFiles_ShouldProcessFiles" storage="/users/santibraida/workspace/comprobantes/filecontentrenamer.tests/bin/debug/net9.0/filecontentrenamer.tests.dll" id="f0b07320-4d8e-00cc-a232-a17246b4be02">
      <Execution id="66f7b073-480e-403b-8035-96a71bfa98cc" />
      <TestMethod codeBase="/Users/santibraida/Workspace/comprobantes/FileContentRenamer.Tests/bin/Debug/net9.0/FileContentRenamer.Tests.dll" adapterTypeName="executor://xunit/VsTestRunner3/netcore/" className="FileContentRenamer.Tests.Services.FileServiceTests" name="ProcessFilesAsync_WithValidFiles_ShouldProcessFiles" />
    </UnitTest>
    <UnitTest name="FileContentRenamer.Tests.Services.PdfProcessorTests.CanProcess_WithNonPdfExtension_ShouldReturnFalse(filename: &quot;test.txt&quot;)" storage="/users/santibraida/workspace/comprobantes/filecontentrenamer.tests/bin/debug/net9.0/filecontentrenamer.tests.dll" id="8031668c-d19b-b8db-0235-3b555a1ef3fc">
      <Execution id="9dbaeb00-c3c4-43f1-ac04-2c57a2c743c8" />
      <TestMethod codeBase="/Users/santibraida/Workspace/comprobantes/FileContentRenamer.Tests/bin/Debug/net9.0/FileContentRenamer.Tests.dll" adapterTypeName="executor://xunit/VsTestRunner3/netcore/" className="FileContentRenamer.Tests.Services.PdfProcessorTests" name="CanProcess_WithNonPdfExtension_ShouldReturnFalse" />
    </UnitTest>
    <UnitTest name="FileContentRenamer.Tests.Services.ImageProcessorTests.CanProcess_WithImageExtensionsDifferentCasing_ShouldReturnTrue(extension: &quot;.PNG&quot;)" storage="/users/santibraida/workspace/comprobantes/filecontentrenamer.tests/bin/debug/net9.0/filecontentrenamer.tests.dll" id="b8e09496-6d7b-6d6d-0f84-90360e0cb28c">
      <Execution id="d3c283d6-b771-4430-b82e-843cac509ce4" />
      <TestMethod codeBase="/Users/santibraida/Workspace/comprobantes/FileContentRenamer.Tests/bin/Debug/net9.0/FileContentRenamer.Tests.dll" adapterTypeName="executor://xunit/VsTestRunner3/netcore/" className="FileContentRenamer.Tests.Services.ImageProcessorTests" name="CanProcess_WithImageExtensionsDifferentCasing_ShouldReturnTrue" />
    </UnitTest>
    <UnitTest name="FileContentRenamer.Tests.Services.ImageProcessorTests.ExtractContentAsync_WithInvalidTesseractDataPath_ShouldReturnEmpty" storage="/users/santibraida/workspace/comprobantes/filecontentrenamer.tests/bin/debug/net9.0/filecontentrenamer.tests.dll" id="871d08c9-a126-7256-6ea3-61a20f361a2f">
      <Execution id="0464c9da-9988-42ba-abe1-b3152a8de4fc" />
      <TestMethod codeBase="/Users/santibraida/Workspace/comprobantes/FileContentRenamer.Tests/bin/Debug/net9.0/FileContentRenamer.Tests.dll" adapterTypeName="executor://xunit/VsTestRunner3/netcore/" className="FileContentRenamer.Tests.Services.ImageProcessorTests" name="ExtractContentAsync_WithInvalidTesseractDataPath_ShouldReturnEmpty" />
    </UnitTest>
    <UnitTest name="FileContentRenamer.Tests.Services.DateExtractorTests.ExtractDateFromContent_WithVariousSpanishDates_ShouldReturnCorrectDates(content: &quot;15 de junio de 2025&quot;, expected: &quot;2025-06-15&quot;)" storage="/users/santibraida/workspace/comprobantes/filecontentrenamer.tests/bin/debug/net9.0/filecontentrenamer.tests.dll" id="aab26939-6c58-dafe-eca6-6d66c1372e38">
      <Execution id="34249899-98e2-4d64-98a0-5f6ead60ed23" />
      <TestMethod codeBase="/Users/santibraida/Workspace/comprobantes/FileContentRenamer.Tests/bin/Debug/net9.0/FileContentRenamer.Tests.dll" adapterTypeName="executor://xunit/VsTestRunner3/netcore/" className="FileContentRenamer.Tests.Services.DateExtractorTests" name="ExtractDateFromContent_WithVariousSpanishDates_ShouldReturnCorrectDates" />
    </UnitTest>
    <UnitTest name="FileContentRenamer.Tests.Services.FilenameGeneratorTests.CleanupFileName_WithVariousInputs_ShouldReturnCleanedName(input: &quot;file:name&quot;, expected: &quot;file_name&quot;)" storage="/users/santibraida/workspace/comprobantes/filecontentrenamer.tests/bin/debug/net9.0/filecontentrenamer.tests.dll" id="ec24e8ad-adc6-d41a-59ac-e98e8c3163a5">
      <Execution id="a6a82b22-2c27-4d89-9ea9-f1940da82321" />
      <TestMethod codeBase="/Users/santibraida/Workspace/comprobantes/FileContentRenamer.Tests/bin/Debug/net9.0/FileContentRenamer.Tests.dll" adapterTypeName="executor://xunit/VsTestRunner3/netcore/" className="FileContentRenamer.Tests.Services.FilenameGeneratorTests" name="CleanupFileName_WithVariousInputs_ShouldReturnCleanedName" />
    </UnitTest>
    <UnitTest name="FileContentRenamer.Tests.Models.NamingRuleTests.Matches_WithNullContent_ShouldReturnFalse" storage="/users/santibraida/workspace/comprobantes/filecontentrenamer.tests/bin/debug/net9.0/filecontentrenamer.tests.dll" id="154b1187-a8fe-288a-dff0-88f9c1f03683">
      <Execution id="8f7ce384-7e64-4ac7-80b7-508d11a537b4" />
      <TestMethod codeBase="/Users/santibraida/Workspace/comprobantes/FileContentRenamer.Tests/bin/Debug/net9.0/FileContentRenamer.Tests.dll" adapterTypeName="executor://xunit/VsTestRunner3/netcore/" className="FileContentRenamer.Tests.Models.NamingRuleTests" name="Matches_WithNullContent_ShouldReturnFalse" />
    </UnitTest>
    <UnitTest name="FileContentRenamer.Tests.Services.DateExtractorTests.ExtractDateFromContent_WithSpanishDateFormat_ShouldReturnCorrectDate" storage="/users/santibraida/workspace/comprobantes/filecontentrenamer.tests/bin/debug/net9.0/filecontentrenamer.tests.dll" id="8294d7f7-2da1-4ee0-8cd3-c37ff5907cd4">
      <Execution id="0d112da1-5bc8-4c65-a475-c9424bbc3967" />
      <TestMethod codeBase="/Users/santibraida/Workspace/comprobantes/FileContentRenamer.Tests/bin/Debug/net9.0/FileContentRenamer.Tests.dll" adapterTypeName="executor://xunit/VsTestRunner3/netcore/" className="FileContentRenamer.Tests.Services.DateExtractorTests" name="ExtractDateFromContent_WithSpanishDateFormat_ShouldReturnCorrectDate" />
    </UnitTest>
    <UnitTest name="FileContentRenamer.Tests.Services.TextProcessorTests.ExtractContentAsync_WithEmptyFile_ShouldReturnEmptyString" storage="/users/santibraida/workspace/comprobantes/filecontentrenamer.tests/bin/debug/net9.0/filecontentrenamer.tests.dll" id="19ed11aa-a710-6873-89bb-77d5892f3032">
      <Execution id="818da6db-72fd-4ae7-b144-b8b22febe9fd" />
      <TestMethod codeBase="/Users/santibraida/Workspace/comprobantes/FileContentRenamer.Tests/bin/Debug/net9.0/FileContentRenamer.Tests.dll" adapterTypeName="executor://xunit/VsTestRunner3/netcore/" className="FileContentRenamer.Tests.Services.TextProcessorTests" name="ExtractContentAsync_WithEmptyFile_ShouldReturnEmptyString" />
    </UnitTest>
    <UnitTest name="FileContentRenamer.Tests.Models.NamingRulesTests.GenerateFilename_WithDateOverrideAndMinimalContent_ShouldUseDateOverride" storage="/users/santibraida/workspace/comprobantes/filecontentrenamer.tests/bin/debug/net9.0/filecontentrenamer.tests.dll" id="2ff40e02-cd90-e19e-c947-03dc2242a050">
      <Execution id="19cd2402-8137-456c-a454-4ae8a874add7" />
      <TestMethod codeBase="/Users/santibraida/Workspace/comprobantes/FileContentRenamer.Tests/bin/Debug/net9.0/FileContentRenamer.Tests.dll" adapterTypeName="executor://xunit/VsTestRunner3/netcore/" className="FileContentRenamer.Tests.Models.NamingRulesTests" name="GenerateFilename_WithDateOverrideAndMinimalContent_ShouldUseDateOverride" />
    </UnitTest>
    <UnitTest name="FileContentRenamer.Tests.Services.PdfProcessorTests.ExtractContentAsync_WithNonExistentPdfFile_ShouldReturnEmptyString" storage="/users/santibraida/workspace/comprobantes/filecontentrenamer.tests/bin/debug/net9.0/filecontentrenamer.tests.dll" id="2c7c7876-b123-f6b1-1eae-db6f6476f552">
      <Execution id="c37d8761-aa01-45f2-8142-cf09e22e4903" />
      <TestMethod codeBase="/Users/santibraida/Workspace/comprobantes/FileContentRenamer.Tests/bin/Debug/net9.0/FileContentRenamer.Tests.dll" adapterTypeName="executor://xunit/VsTestRunner3/netcore/" className="FileContentRenamer.Tests.Services.PdfProcessorTests" name="ExtractContentAsync_WithNonExistentPdfFile_ShouldReturnEmptyString" />
    </UnitTest>
    <UnitTest name="FileContentRenamer.Tests.Services.DirectoryOrganizerTests.IsInYearMonthStructure_WithNonExistentPath_ShouldReturnFalse" storage="/users/santibraida/workspace/comprobantes/filecontentrenamer.tests/bin/debug/net9.0/filecontentrenamer.tests.dll" id="e47068f5-ce83-2091-31a6-2a3fb625188b">
      <Execution id="ed614403-6cca-40a2-bb24-f16a5bdabf54" />
      <TestMethod codeBase="/Users/santibraida/Workspace/comprobantes/FileContentRenamer.Tests/bin/Debug/net9.0/FileContentRenamer.Tests.dll" adapterTypeName="executor://xunit/VsTestRunner3/netcore/" className="FileContentRenamer.Tests.Services.DirectoryOrganizerTests" name="IsInYearMonthStructure_WithNonExistentPath_ShouldReturnFalse" />
    </UnitTest>
    <UnitTest name="FileContentRenamer.Tests.Services.ImageProcessorTests.Constructor_WithNullConfig_ShouldThrowArgumentNullException" storage="/users/santibraida/workspace/comprobantes/filecontentrenamer.tests/bin/debug/net9.0/filecontentrenamer.tests.dll" id="b4180071-1e06-f3bd-f0e2-c5c49975b30c">
      <Execution id="6399d379-2a3d-4948-a2db-6228dc6f3178" />
      <TestMethod codeBase="/Users/santibraida/Workspace/comprobantes/FileContentRenamer.Tests/bin/Debug/net9.0/FileContentRenamer.Tests.dll" adapterTypeName="executor://xunit/VsTestRunner3/netcore/" className="FileContentRenamer.Tests.Services.ImageProcessorTests" name="Constructor_WithNullConfig_ShouldThrowArgumentNullException" />
    </UnitTest>
    <UnitTest name="FileContentRenamer.Tests.Services.DateExtractorTests.ExtractDateFromFilename_WithVariousValidFormats_ShouldReturnCorrectDates(filename: &quot;invoice_2025-06-15_bank&quot;, expected: &quot;2025-06-15&quot;)" storage="/users/santibraida/workspace/comprobantes/filecontentrenamer.tests/bin/debug/net9.0/filecontentrenamer.tests.dll" id="62f5d1dd-bd59-22f3-6b49-8433f76fa54e">
      <Execution id="b72d2e83-de47-46d0-80b5-431b1cb6a642" />
      <TestMethod codeBase="/Users/santibraida/Workspace/comprobantes/FileContentRenamer.Tests/bin/Debug/net9.0/FileContentRenamer.Tests.dll" adapterTypeName="executor://xunit/VsTestRunner3/netcore/" className="FileContentRenamer.Tests.Services.DateExtractorTests" name="ExtractDateFromFilename_WithVariousValidFormats_ShouldReturnCorrectDates" />
    </UnitTest>
    <UnitTest name="FileContentRenamer.Tests.Services.PdfProcessorTests.ExtractContentAsync_WithCorruptedPdfFile_ShouldReturnEmptyString" storage="/users/santibraida/workspace/comprobantes/filecontentrenamer.tests/bin/debug/net9.0/filecontentrenamer.tests.dll" id="f3287b07-b05f-116b-412b-e12a39926f98">
      <Execution id="62cf5df7-586e-4b56-b6f1-11840246dab3" />
      <TestMethod codeBase="/Users/santibraida/Workspace/comprobantes/FileContentRenamer.Tests/bin/Debug/net9.0/FileContentRenamer.Tests.dll" adapterTypeName="executor://xunit/VsTestRunner3/netcore/" className="FileContentRenamer.Tests.Services.PdfProcessorTests" name="ExtractContentAsync_WithCorruptedPdfFile_ShouldReturnEmptyString" />
    </UnitTest>
    <UnitTest name="FileContentRenamer.Tests.Services.ImageProcessorTests.ExtractContentAsync_WithNonExistentFile_ShouldReturnEmptyString" storage="/users/santibraida/workspace/comprobantes/filecontentrenamer.tests/bin/debug/net9.0/filecontentrenamer.tests.dll" id="2096051f-0719-d6b7-7ba6-a9c6fbdaed26">
      <Execution id="5455c96f-6df7-4a9b-9fae-74a751b2449c" />
      <TestMethod codeBase="/Users/santibraida/Workspace/comprobantes/FileContentRenamer.Tests/bin/Debug/net9.0/FileContentRenamer.Tests.dll" adapterTypeName="executor://xunit/VsTestRunner3/netcore/" className="FileContentRenamer.Tests.Services.ImageProcessorTests" name="ExtractContentAsync_WithNonExistentFile_ShouldReturnEmptyString" />
    </UnitTest>
    <UnitTest name="FileContentRenamer.Tests.Services.ImageProcessorTests.CanProcess_WithImageExtensions_ShouldReturnTrue(extension: &quot;.jpg&quot;)" storage="/users/santibraida/workspace/comprobantes/filecontentrenamer.tests/bin/debug/net9.0/filecontentrenamer.tests.dll" id="0879aeff-9eea-f072-4fd3-f308a5ff4abd">
      <Execution id="55250047-fe57-455d-8323-3e295fa33a1a" />
      <TestMethod codeBase="/Users/santibraida/Workspace/comprobantes/FileContentRenamer.Tests/bin/Debug/net9.0/FileContentRenamer.Tests.dll" adapterTypeName="executor://xunit/VsTestRunner3/netcore/" className="FileContentRenamer.Tests.Services.ImageProcessorTests" name="CanProcess_WithImageExtensions_ShouldReturnTrue" />
    </UnitTest>
    <UnitTest name="FileContentRenamer.Tests.Services.TextProcessorTests.CanProcess_WithTxtExtensionDifferentCasing_ShouldReturnTrue(filename: &quot;test.TXT&quot;)" storage="/users/santibraida/workspace/comprobantes/filecontentrenamer.tests/bin/debug/net9.0/filecontentrenamer.tests.dll" id="66363822-7849-72a3-af25-779ac72e5857">
      <Execution id="77e335b9-3bcb-4b5f-81da-3f60b82797a3" />
      <TestMethod codeBase="/Users/santibraida/Workspace/comprobantes/FileContentRenamer.Tests/bin/Debug/net9.0/FileContentRenamer.Tests.dll" adapterTypeName="executor://xunit/VsTestRunner3/netcore/" className="FileContentRenamer.Tests.Services.TextProcessorTests" name="CanProcess_WithTxtExtensionDifferentCasing_ShouldReturnTrue" />
    </UnitTest>
    <UnitTest name="FileContentRenamer.Tests.Services.DirectoryOrganizerTests.OrganizeFileIntoDirectoryStructure_WithValidDate_ShouldCreateStructureAndMoveFile" storage="/users/santibraida/workspace/comprobantes/filecontentrenamer.tests/bin/debug/net9.0/filecontentrenamer.tests.dll" id="8f2c1c6f-2d06-5c80-db10-fbc31b9e4155">
      <Execution id="323a2bc0-eb92-4dc4-8d30-a652cea51750" />
      <TestMethod codeBase="/Users/santibraida/Workspace/comprobantes/FileContentRenamer.Tests/bin/Debug/net9.0/FileContentRenamer.Tests.dll" adapterTypeName="executor://xunit/VsTestRunner3/netcore/" className="FileContentRenamer.Tests.Services.DirectoryOrganizerTests" name="OrganizeFileIntoDirectoryStructure_WithValidDate_ShouldCreateStructureAndMoveFile" />
    </UnitTest>
    <UnitTest name="FileContentRenamer.Tests.Services.DirectoryOrganizerTests.GetMonthName_WithValidMonth_ShouldReturnSpanishName(monthNumber: 8, expected: &quot;agosto&quot;)" storage="/users/santibraida/workspace/comprobantes/filecontentrenamer.tests/bin/debug/net9.0/filecontentrenamer.tests.dll" id="3a8b252e-af29-2782-c8cf-4c2dc2637787">
      <Execution id="4fa3d80b-cde7-4da3-9c04-91bb0f5dea97" />
      <TestMethod codeBase="/Users/santibraida/Workspace/comprobantes/FileContentRenamer.Tests/bin/Debug/net9.0/FileContentRenamer.Tests.dll" adapterTypeName="executor://xunit/VsTestRunner3/netcore/" className="FileContentRenamer.Tests.Services.DirectoryOrganizerTests" name="GetMonthName_WithValidMonth_ShouldReturnSpanishName" />
    </UnitTest>
    <UnitTest name="FileContentRenamer.Tests.Services.DateExtractorTests.ExtractDateFromFilename_WithInvalidFormat_ShouldReturnEmptyString" storage="/users/santibraida/workspace/comprobantes/filecontentrenamer.tests/bin/debug/net9.0/filecontentrenamer.tests.dll" id="013af074-e0c5-bb27-30f4-779070d7fe10">
      <Execution id="398953d3-61c1-48d3-a64d-d769c71a5512" />
      <TestMethod codeBase="/Users/santibraida/Workspace/comprobantes/FileContentRenamer.Tests/bin/Debug/net9.0/FileContentRenamer.Tests.dll" adapterTypeName="executor://xunit/VsTestRunner3/netcore/" className="FileContentRenamer.Tests.Services.DateExtractorTests" name="ExtractDateFromFilename_WithInvalidFormat_ShouldReturnEmptyString" />
    </UnitTest>
    <UnitTest name="FileContentRenamer.Tests.Services.ImageProcessorTests.ExtractContentAsync_WithEmptyFile_ShouldReturnEmptyString" storage="/users/santibraida/workspace/comprobantes/filecontentrenamer.tests/bin/debug/net9.0/filecontentrenamer.tests.dll" id="7eff9737-dcfc-63b6-3d57-04bd941b7068">
      <Execution id="dc2fed72-2424-48a1-84b6-f74db7affbde" />
      <TestMethod codeBase="/Users/santibraida/Workspace/comprobantes/FileContentRenamer.Tests/bin/Debug/net9.0/FileContentRenamer.Tests.dll" adapterTypeName="executor://xunit/VsTestRunner3/netcore/" className="FileContentRenamer.Tests.Services.ImageProcessorTests" name="ExtractContentAsync_WithEmptyFile_ShouldReturnEmptyString" />
    </UnitTest>
    <UnitTest name="FileContentRenamer.Tests.Services.FilenameGeneratorTests.CleanupFileName_WithVariousInputs_ShouldReturnCleanedName(input: &quot;file|name&quot;, expected: &quot;file_name&quot;)" storage="/users/santibraida/workspace/comprobantes/filecontentrenamer.tests/bin/debug/net9.0/filecontentrenamer.tests.dll" id="84a9103c-97d7-5edf-a781-47d0dfd1a75b">
      <Execution id="13eaf8f4-eb00-48f3-8611-e5c248ab8a3f" />
      <TestMethod codeBase="/Users/santibraida/Workspace/comprobantes/FileContentRenamer.Tests/bin/Debug/net9.0/FileContentRenamer.Tests.dll" adapterTypeName="executor://xunit/VsTestRunner3/netcore/" className="FileContentRenamer.Tests.Services.FilenameGeneratorTests" name="CleanupFileName_WithVariousInputs_ShouldReturnCleanedName" />
    </UnitTest>
    <UnitTest name="FileContentRenamer.Tests.Services.FilenameGeneratorTests.GenerateUniqueFilename_ThreadSafety_ShouldHandleConcurrentCalls" storage="/users/santibraida/workspace/comprobantes/filecontentrenamer.tests/bin/debug/net9.0/filecontentrenamer.tests.dll" id="1a12a91e-b03d-45d3-fd2d-061c9630072a">
      <Execution id="574353e9-fef6-418d-92a4-79d8b3ebf419" />
      <TestMethod codeBase="/Users/santibraida/Workspace/comprobantes/FileContentRenamer.Tests/bin/Debug/net9.0/FileContentRenamer.Tests.dll" adapterTypeName="executor://xunit/VsTestRunner3/netcore/" className="FileContentRenamer.Tests.Services.FilenameGeneratorTests" name="GenerateUniqueFilename_ThreadSafety_ShouldHandleConcurrentCalls" />
    </UnitTest>
    <UnitTest name="FileContentRenamer.Tests.Services.DirectoryOrganizerTests.GetMonthName_WithInvalidMonth_ShouldReturnUnknown(monthNumber: 0)" storage="/users/santibraida/workspace/comprobantes/filecontentrenamer.tests/bin/debug/net9.0/filecontentrenamer.tests.dll" id="032ef3ac-363e-da8d-efab-865406d6fd71">
      <Execution id="a6034093-4876-44b3-8893-49eb6eae6980" />
      <TestMethod codeBase="/Users/santibraida/Workspace/comprobantes/FileContentRenamer.Tests/bin/Debug/net9.0/FileContentRenamer.Tests.dll" adapterTypeName="executor://xunit/VsTestRunner3/netcore/" className="FileContentRenamer.Tests.Services.DirectoryOrganizerTests" name="GetMonthName_WithInvalidMonth_ShouldReturnUnknown" />
    </UnitTest>
    <UnitTest name="FileContentRenamer.Tests.Services.DirectoryOrganizerTests.OrganizeFileIntoDirectoryStructure_WithDuplicateFile_ShouldCreateUniqueFilename" storage="/users/santibraida/workspace/comprobantes/filecontentrenamer.tests/bin/debug/net9.0/filecontentrenamer.tests.dll" id="8ff3c0db-187d-d0d0-7eb2-736414974987">
      <Execution id="38f65d35-5341-4b46-b7a2-741f22e27d28" />
      <TestMethod codeBase="/Users/santibraida/Workspace/comprobantes/FileContentRenamer.Tests/bin/Debug/net9.0/FileContentRenamer.Tests.dll" adapterTypeName="executor://xunit/VsTestRunner3/netcore/" className="FileContentRenamer.Tests.Services.DirectoryOrganizerTests" name="OrganizeFileIntoDirectoryStructure_WithDuplicateFile_ShouldCreateUniqueFilename" />
    </UnitTest>
    <UnitTest name="FileContentRenamer.Tests.Services.TextProcessorTests.ExtractContentAsync_WithOnlyWhitespace_ShouldReturnWhitespace" storage="/users/santibraida/workspace/comprobantes/filecontentrenamer.tests/bin/debug/net9.0/filecontentrenamer.tests.dll" id="33f7c76c-bb78-6b08-abcd-e808bcbcf4f9">
      <Execution id="832a24fb-6d2e-4128-b381-4247a8c8490e" />
      <TestMethod codeBase="/Users/santibraida/Workspace/comprobantes/FileContentRenamer.Tests/bin/Debug/net9.0/FileContentRenamer.Tests.dll" adapterTypeName="executor://xunit/VsTestRunner3/netcore/" className="FileContentRenamer.Tests.Services.TextProcessorTests" name="ExtractContentAsync_WithOnlyWhitespace_ShouldReturnWhitespace" />
    </UnitTest>
    <UnitTest name="FileContentRenamer.Tests.Services.FileValidatorTests.ValidateConfiguration_WithNullFileExtensions_ShouldReturnFalse" storage="/users/santibraida/workspace/comprobantes/filecontentrenamer.tests/bin/debug/net9.0/filecontentrenamer.tests.dll" id="6cb1a840-6047-af3c-c464-8f4bf5b097d2">
      <Execution id="7783b51f-3941-486a-bf58-3a3038ff80d0" />
      <TestMethod codeBase="/Users/santibraida/Workspace/comprobantes/FileContentRenamer.Tests/bin/Debug/net9.0/FileContentRenamer.Tests.dll" adapterTypeName="executor://xunit/VsTestRunner3/netcore/" className="FileContentRenamer.Tests.Services.FileValidatorTests" name="ValidateConfiguration_WithNullFileExtensions_ShouldReturnFalse" />
    </UnitTest>
    <UnitTest name="FileContentRenamer.Tests.Services.FilenameGeneratorTests.IsAlreadyNamedFilename_WithValidFormats_ShouldReturnTrue(filename: &quot;service_2024-03-15_payment&quot;)" storage="/users/santibraida/workspace/comprobantes/filecontentrenamer.tests/bin/debug/net9.0/filecontentrenamer.tests.dll" id="fd75bf1b-7547-e469-5bac-5caae1974719">
      <Execution id="4b6eb45f-fa13-46a2-9684-f10c1cd1745f" />
      <TestMethod codeBase="/Users/santibraida/Workspace/comprobantes/FileContentRenamer.Tests/bin/Debug/net9.0/FileContentRenamer.Tests.dll" adapterTypeName="executor://xunit/VsTestRunner3/netcore/" className="FileContentRenamer.Tests.Services.FilenameGeneratorTests" name="IsAlreadyNamedFilename_WithValidFormats_ShouldReturnTrue" />
    </UnitTest>
    <UnitTest name="FileContentRenamer.Tests.Services.FileValidatorTests.ValidateFileSize_WithLargeFile_ShouldLogWarning" storage="/users/santibraida/workspace/comprobantes/filecontentrenamer.tests/bin/debug/net9.0/filecontentrenamer.tests.dll" id="4cd48cba-1ee4-9efa-c790-541706c3159b">
      <Execution id="91c14f1d-6832-43fc-b497-1d2141d17ea7" />
      <TestMethod codeBase="/Users/santibraida/Workspace/comprobantes/FileContentRenamer.Tests/bin/Debug/net9.0/FileContentRenamer.Tests.dll" adapterTypeName="executor://xunit/VsTestRunner3/netcore/" className="FileContentRenamer.Tests.Services.FileValidatorTests" name="ValidateFileSize_WithLargeFile_ShouldLogWarning" />
    </UnitTest>
    <UnitTest name="FileContentRenamer.Tests.Models.AppConfigTests.LoadFromConfiguration_WithPartialConfig_ShouldUseDefaultsForMissingValues" storage="/users/santibraida/workspace/comprobantes/filecontentrenamer.tests/bin/debug/net9.0/filecontentrenamer.tests.dll" id="6547cbe5-cb2c-b29f-9137-0cf0b96d8b18">
      <Execution id="ad75d696-65cd-4d08-9cdf-f76c7dfa560d" />
      <TestMethod codeBase="/Users/santibraida/Workspace/comprobantes/FileContentRenamer.Tests/bin/Debug/net9.0/FileContentRenamer.Tests.dll" adapterTypeName="executor://xunit/VsTestRunner3/netcore/" className="FileContentRenamer.Tests.Models.AppConfigTests" name="LoadFromConfiguration_WithPartialConfig_ShouldUseDefaultsForMissingValues" />
    </UnitTest>
    <UnitTest name="FileContentRenamer.Tests.Services.PdfProcessorTests.CanProcess_WithPdfExtensionDifferentCasing_ShouldReturnTrue(filename: &quot;test.PDF&quot;)" storage="/users/santibraida/workspace/comprobantes/filecontentrenamer.tests/bin/debug/net9.0/filecontentrenamer.tests.dll" id="6d7a483b-6c01-6e31-c6bf-ec0c2f6ad577">
      <Execution id="b98450e8-8656-4e79-91ed-914346d38d65" />
      <TestMethod codeBase="/Users/santibraida/Workspace/comprobantes/FileContentRenamer.Tests/bin/Debug/net9.0/FileContentRenamer.Tests.dll" adapterTypeName="executor://xunit/VsTestRunner3/netcore/" className="FileContentRenamer.Tests.Services.PdfProcessorTests" name="CanProcess_WithPdfExtensionDifferentCasing_ShouldReturnTrue" />
    </UnitTest>
    <UnitTest name="FileContentRenamer.Tests.Services.FileValidatorTests.ValidateFileSize_WithEmptyFile_ShouldLogWarning" storage="/users/santibraida/workspace/comprobantes/filecontentrenamer.tests/bin/debug/net9.0/filecontentrenamer.tests.dll" id="62c33e58-2f83-26ac-2ae0-9b8229cc93ab">
      <Execution id="e8c8b07f-2e04-4c4e-9a6b-8bf23186df8b" />
      <TestMethod codeBase="/Users/santibraida/Workspace/comprobantes/FileContentRenamer.Tests/bin/Debug/net9.0/FileContentRenamer.Tests.dll" adapterTypeName="executor://xunit/VsTestRunner3/netcore/" className="FileContentRenamer.Tests.Services.FileValidatorTests" name="ValidateFileSize_WithEmptyFile_ShouldLogWarning" />
    </UnitTest>
    <UnitTest name="FileContentRenamer.Tests.Services.FileServiceTests.ProcessFilesAsync_WithNoFiles_ShouldCompleteSuccessfully" storage="/users/santibraida/workspace/comprobantes/filecontentrenamer.tests/bin/debug/net9.0/filecontentrenamer.tests.dll" id="0fcf9b9b-b820-ecc4-eb7d-d476c5dd956f">
      <Execution id="c502db53-a6cc-4816-8213-9bae30e42a60" />
      <TestMethod codeBase="/Users/santibraida/Workspace/comprobantes/FileContentRenamer.Tests/bin/Debug/net9.0/FileContentRenamer.Tests.dll" adapterTypeName="executor://xunit/VsTestRunner3/netcore/" className="FileContentRenamer.Tests.Services.FileServiceTests" name="ProcessFilesAsync_WithNoFiles_ShouldCompleteSuccessfully" />
    </UnitTest>
    <UnitTest name="FileContentRenamer.Tests.Services.FileValidatorTests.ValidateConfiguration_WithNonExistentBasePath_ShouldReturnFalse" storage="/users/santibraida/workspace/comprobantes/filecontentrenamer.tests/bin/debug/net9.0/filecontentrenamer.tests.dll" id="cf2ff463-604f-4bdf-13f9-b9c49d510424">
      <Execution id="1804e770-52b9-4e31-bfdf-1fc54eea7208" />
      <TestMethod codeBase="/Users/santibraida/Workspace/comprobantes/FileContentRenamer.Tests/bin/Debug/net9.0/FileContentRenamer.Tests.dll" adapterTypeName="executor://xunit/VsTestRunner3/netcore/" className="FileContentRenamer.Tests.Services.FileValidatorTests" name="ValidateConfiguration_WithNonExistentBasePath_ShouldReturnFalse" />
    </UnitTest>
    <UnitTest name="FileContentRenamer.Tests.Services.FileValidatorTests.ValidateFileSize_WithNonExistentFile_ShouldNotThrow" storage="/users/santibraida/workspace/comprobantes/filecontentrenamer.tests/bin/debug/net9.0/filecontentrenamer.tests.dll" id="a8222741-473a-8061-b947-f4446415fedc">
      <Execution id="fb951285-9971-4c93-b215-13789e987d39" />
      <TestMethod codeBase="/Users/santibraida/Workspace/comprobantes/FileContentRenamer.Tests/bin/Debug/net9.0/FileContentRenamer.Tests.dll" adapterTypeName="executor://xunit/VsTestRunner3/netcore/" className="FileContentRenamer.Tests.Services.FileValidatorTests" name="ValidateFileSize_WithNonExistentFile_ShouldNotThrow" />
    </UnitTest>
    <UnitTest name="FileContentRenamer.Tests.Services.DirectoryOrganizerTests.OrganizeFileIntoDirectoryStructure_AlreadyInYearFolder_ShouldMoveToMonthFolder" storage="/users/santibraida/workspace/comprobantes/filecontentrenamer.tests/bin/debug/net9.0/filecontentrenamer.tests.dll" id="7fc03f6c-44c6-760a-ff15-5a01859458b0">
      <Execution id="e05775e3-9c0e-4380-824d-59ba3c46b9a5" />
      <TestMethod codeBase="/Users/santibraida/Workspace/comprobantes/FileContentRenamer.Tests/bin/Debug/net9.0/FileContentRenamer.Tests.dll" adapterTypeName="executor://xunit/VsTestRunner3/netcore/" className="FileContentRenamer.Tests.Services.DirectoryOrganizerTests" name="OrganizeFileIntoDirectoryStructure_AlreadyInYearFolder_ShouldMoveToMonthFolder" />
    </UnitTest>
    <UnitTest name="FileContentRenamer.Tests.Services.PdfProcessorTests.ExtractContentAsync_WithEmptyFile_ShouldReturnEmptyString" storage="/users/santibraida/workspace/comprobantes/filecontentrenamer.tests/bin/debug/net9.0/filecontentrenamer.tests.dll" id="3ef96430-2ab3-5a48-be56-e156f8c42b82">
      <Execution id="9b133958-2c43-4cbb-922e-4093eadec475" />
      <TestMethod codeBase="/Users/santibraida/Workspace/comprobantes/FileContentRenamer.Tests/bin/Debug/net9.0/FileContentRenamer.Tests.dll" adapterTypeName="executor://xunit/VsTestRunner3/netcore/" className="FileContentRenamer.Tests.Services.PdfProcessorTests" name="ExtractContentAsync_WithEmptyFile_ShouldReturnEmptyString" />
    </UnitTest>
    <UnitTest name="FileContentRenamer.Tests.Services.FileValidatorTests.ShouldSkipAlreadyNamedFile_WithForceReprocessEnabled_ShouldReturnFalse" storage="/users/santibraida/workspace/comprobantes/filecontentrenamer.tests/bin/debug/net9.0/filecontentrenamer.tests.dll" id="0d10a7ac-0e5b-dd5d-82c4-53603840d067">
      <Execution id="9e4f388c-7a56-4e8d-ac78-e1dc998d576e" />
      <TestMethod codeBase="/Users/santibraida/Workspace/comprobantes/FileContentRenamer.Tests/bin/Debug/net9.0/FileContentRenamer.Tests.dll" adapterTypeName="executor://xunit/VsTestRunner3/netcore/" className="FileContentRenamer.Tests.Services.FileValidatorTests" name="ShouldSkipAlreadyNamedFile_WithForceReprocessEnabled_ShouldReturnFalse" />
    </UnitTest>
    <UnitTest name="FileContentRenamer.Tests.Models.NamingRuleTests.Matches_WithAllKeywordsPresent_ShouldReturnTrue" storage="/users/santibraida/workspace/comprobantes/filecontentrenamer.tests/bin/debug/net9.0/filecontentrenamer.tests.dll" id="be38a0d7-e0e2-fccd-c5e6-b3a3fded648e">
      <Execution id="1499a57c-d672-475d-9c8c-186f2de771f8" />
      <TestMethod codeBase="/Users/santibraida/Workspace/comprobantes/FileContentRenamer.Tests/bin/Debug/net9.0/FileContentRenamer.Tests.dll" adapterTypeName="executor://xunit/VsTestRunner3/netcore/" className="FileContentRenamer.Tests.Models.NamingRuleTests" name="Matches_WithAllKeywordsPresent_ShouldReturnTrue" />
    </UnitTest>
    <UnitTest name="FileContentRenamer.Tests.Services.FileValidatorTests.ShouldProcessFile_WithDifferentCasing_ShouldBeCaseInsensitive(filename: &quot;test.pDf&quot;)" storage="/users/santibraida/workspace/comprobantes/filecontentrenamer.tests/bin/debug/net9.0/filecontentrenamer.tests.dll" id="77219b7a-0f6b-514e-c829-c9674c2f30c4">
      <Execution id="706cd063-2e5b-4d24-8ea7-0a2a131be5ae" />
      <TestMethod codeBase="/Users/santibraida/Workspace/comprobantes/FileContentRenamer.Tests/bin/Debug/net9.0/FileContentRenamer.Tests.dll" adapterTypeName="executor://xunit/VsTestRunner3/netcore/" className="FileContentRenamer.Tests.Services.FileValidatorTests" name="ShouldProcessFile_WithDifferentCasing_ShouldBeCaseInsensitive" />
    </UnitTest>
    <UnitTest name="FileContentRenamer.Tests.Services.FileServiceTests.ProcessFilesAsync_WithException_ShouldContinueProcessing" storage="/users/santibraida/workspace/comprobantes/filecontentrenamer.tests/bin/debug/net9.0/filecontentrenamer.tests.dll" id="52b61247-c43f-6660-c9e8-5fe03f0a7cdc">
      <Execution id="723246a3-6cb7-4625-a4d4-198fb6c92c5d" />
      <TestMethod codeBase="/Users/santibraida/Workspace/comprobantes/FileContentRenamer.Tests/bin/Debug/net9.0/FileContentRenamer.Tests.dll" adapterTypeName="executor://xunit/VsTestRunner3/netcore/" className="FileContentRenamer.Tests.Services.FileServiceTests" name="ProcessFilesAsync_WithException_ShouldContinueProcessing" />
    </UnitTest>
    <UnitTest name="FileContentRenamer.Tests.Models.AppConfigTests.SaveLastUsedPath_ShouldUpdateConfigFile" storage="/users/santibraida/workspace/comprobantes/filecontentrenamer.tests/bin/debug/net9.0/filecontentrenamer.tests.dll" id="f7bbc740-e3de-3780-77bc-e74850eb0f4f">
      <Execution id="a8a1abbc-e30b-420d-84f5-c2968e81da79" />
      <TestMethod codeBase="/Users/santibraida/Workspace/comprobantes/FileContentRenamer.Tests/bin/Debug/net9.0/FileContentRenamer.Tests.dll" adapterTypeName="executor://xunit/VsTestRunner3/netcore/" className="FileContentRenamer.Tests.Models.AppConfigTests" name="SaveLastUsedPath_ShouldUpdateConfigFile" />
    </UnitTest>
    <UnitTest name="FileContentRenamer.Tests.Services.ImageProcessorTests.CanProcess_WithNonImageExtension_ShouldReturnFalse(extension: &quot;.txt&quot;)" storage="/users/santibraida/workspace/comprobantes/filecontentrenamer.tests/bin/debug/net9.0/filecontentrenamer.tests.dll" id="5f70f144-9947-887e-d6e7-1aeb2f4f79bb">
      <Execution id="f823d423-3a80-48b4-a390-de4283dd817e" />
      <TestMethod codeBase="/Users/santibraida/Workspace/comprobantes/FileContentRenamer.Tests/bin/Debug/net9.0/FileContentRenamer.Tests.dll" adapterTypeName="executor://xunit/VsTestRunner3/netcore/" className="FileContentRenamer.Tests.Services.ImageProcessorTests" name="CanProcess_WithNonImageExtension_ShouldReturnFalse" />
    </UnitTest>
    <UnitTest name="FileContentRenamer.Tests.Services.FilenameGeneratorTests.CleanupFileName_WithVariousInputs_ShouldReturnCleanedName(input: &quot;__file__name__&quot;, expected: &quot;file_name&quot;)" storage="/users/santibraida/workspace/comprobantes/filecontentrenamer.tests/bin/debug/net9.0/filecontentrenamer.tests.dll" id="99010084-55ec-2d67-80ac-70f30d045fef">
      <Execution id="e0d7fa38-1f02-4bb2-b676-9d84eb7e08c8" />
      <TestMethod codeBase="/Users/santibraida/Workspace/comprobantes/FileContentRenamer.Tests/bin/Debug/net9.0/FileContentRenamer.Tests.dll" adapterTypeName="executor://xunit/VsTestRunner3/netcore/" className="FileContentRenamer.Tests.Services.FilenameGeneratorTests" name="CleanupFileName_WithVariousInputs_ShouldReturnCleanedName" />
    </UnitTest>
    <UnitTest name="FileContentRenamer.Tests.Configuration.ServiceConfigurationTests.ConfigureServices_ShouldRegisterFileProcessors" storage="/users/santibraida/workspace/comprobantes/filecontentrenamer.tests/bin/debug/net9.0/filecontentrenamer.tests.dll" id="85677dc2-59d0-24ec-6909-57399a83a6f9">
      <Execution id="b028df03-432e-4a5c-8c78-be90cf85f098" />
      <TestMethod codeBase="/Users/santibraida/Workspace/comprobantes/FileContentRenamer.Tests/bin/Debug/net9.0/FileContentRenamer.Tests.dll" adapterTypeName="executor://xunit/VsTestRunner3/netcore/" className="FileContentRenamer.Tests.Configuration.ServiceConfigurationTests" name="ConfigureServices_ShouldRegisterFileProcessors" />
    </UnitTest>
    <UnitTest name="FileContentRenamer.Tests.Configuration.ServiceConfigurationTests.ConfigureServices_ShouldRegisterAllServices" storage="/users/santibraida/workspace/comprobantes/filecontentrenamer.tests/bin/debug/net9.0/filecontentrenamer.tests.dll" id="ff7c2091-3327-e767-4933-31644bd21f67">
      <Execution id="4a80e077-bc95-4c24-a8ff-53806c516b39" />
      <TestMethod codeBase="/Users/santibraida/Workspace/comprobantes/FileContentRenamer.Tests/bin/Debug/net9.0/FileContentRenamer.Tests.dll" adapterTypeName="executor://xunit/VsTestRunner3/netcore/" className="FileContentRenamer.Tests.Configuration.ServiceConfigurationTests" name="ConfigureServices_ShouldRegisterAllServices" />
    </UnitTest>
    <UnitTest name="FileContentRenamer.Tests.Services.DirectoryOrganizerTests.GetMonthName_WithValidMonth_ShouldReturnSpanishName(monthNumber: 7, expected: &quot;julio&quot;)" storage="/users/santibraida/workspace/comprobantes/filecontentrenamer.tests/bin/debug/net9.0/filecontentrenamer.tests.dll" id="824839a8-20c1-e236-c120-b27a5f944d83">
      <Execution id="de2f7d2a-14ce-49fc-9d52-b573027675ab" />
      <TestMethod codeBase="/Users/santibraida/Workspace/comprobantes/FileContentRenamer.Tests/bin/Debug/net9.0/FileContentRenamer.Tests.dll" adapterTypeName="executor://xunit/VsTestRunner3/netcore/" className="FileContentRenamer.Tests.Services.DirectoryOrganizerTests" name="GetMonthName_WithValidMonth_ShouldReturnSpanishName" />
    </UnitTest>
    <UnitTest name="FileContentRenamer.Tests.Services.FileServiceTests.ProcessFilesAsync_WithNoProcessorAvailable_ShouldSkipFile" storage="/users/santibraida/workspace/comprobantes/filecontentrenamer.tests/bin/debug/net9.0/filecontentrenamer.tests.dll" id="4bf9f205-774f-fb42-8d24-b7d8013c94d1">
      <Execution id="67ed7a96-6d26-423d-8a81-b13c46b96d36" />
      <TestMethod codeBase="/Users/santibraida/Workspace/comprobantes/FileContentRenamer.Tests/bin/Debug/net9.0/FileContentRenamer.Tests.dll" adapterTypeName="executor://xunit/VsTestRunner3/netcore/" className="FileContentRenamer.Tests.Services.FileServiceTests" name="ProcessFilesAsync_WithNoProcessorAvailable_ShouldSkipFile" />
    </UnitTest>
    <UnitTest name="FileContentRenamer.Tests.Services.DirectoryOrganizerTests.OrganizeFileIntoDirectoryStructure_WithMultipleDuplicates_ShouldCreateUniqueFilename" storage="/users/santibraida/workspace/comprobantes/filecontentrenamer.tests/bin/debug/net9.0/filecontentrenamer.tests.dll" id="f567e5a6-a665-67c2-8449-b66348dc3570">
      <Execution id="e068864d-ceff-407f-bb24-d8f34a14ef70" />
      <TestMethod codeBase="/Users/santibraida/Workspace/comprobantes/FileContentRenamer.Tests/bin/Debug/net9.0/FileContentRenamer.Tests.dll" adapterTypeName="executor://xunit/VsTestRunner3/netcore/" className="FileContentRenamer.Tests.Services.DirectoryOrganizerTests" name="OrganizeFileIntoDirectoryStructure_WithMultipleDuplicates_ShouldCreateUniqueFilename" />
    </UnitTest>
    <UnitTest name="FileContentRenamer.Tests.Services.FileServiceTests.ProcessFilesAsync_WithSubdirectories_ShouldProcessAllFiles" storage="/users/santibraida/workspace/comprobantes/filecontentrenamer.tests/bin/debug/net9.0/filecontentrenamer.tests.dll" id="1f6f6946-e988-6d1a-ad4a-0a9338273d33">
      <Execution id="26ddfc9f-1bb2-4a69-a5df-157815178ae2" />
      <TestMethod codeBase="/Users/santibraida/Workspace/comprobantes/FileContentRenamer.Tests/bin/Debug/net9.0/FileContentRenamer.Tests.dll" adapterTypeName="executor://xunit/VsTestRunner3/netcore/" className="FileContentRenamer.Tests.Services.FileServiceTests" name="ProcessFilesAsync_WithSubdirectories_ShouldProcessAllFiles" />
    </UnitTest>
    <UnitTest name="FileContentRenamer.Tests.Services.FileValidatorTests.ShouldProcessFile_WithNullPath_ShouldReturnFalse" storage="/users/santibraida/workspace/comprobantes/filecontentrenamer.tests/bin/debug/net9.0/filecontentrenamer.tests.dll" id="67877ab3-cd79-0712-f2c5-84dba6ba53b5">
      <Execution id="f61d700c-e78d-4f28-8ace-05266475a557" />
      <TestMethod codeBase="/Users/santibraida/Workspace/comprobantes/FileContentRenamer.Tests/bin/Debug/net9.0/FileContentRenamer.Tests.dll" adapterTypeName="executor://xunit/VsTestRunner3/netcore/" className="FileContentRenamer.Tests.Services.FileValidatorTests" name="ShouldProcessFile_WithNullPath_ShouldReturnFalse" />
    </UnitTest>
    <UnitTest name="FileContentRenamer.Tests.Models.NamingRuleTests.Matches_WithCaseInsensitiveKeywords_ShouldReturnTrue" storage="/users/santibraida/workspace/comprobantes/filecontentrenamer.tests/bin/debug/net9.0/filecontentrenamer.tests.dll" id="eda4a5c5-8fa3-8699-5242-449863672e55">
      <Execution id="5cb470f7-a2b7-4fcf-a996-7f8d29e5dacc" />
      <TestMethod codeBase="/Users/santibraida/Workspace/comprobantes/FileContentRenamer.Tests/bin/Debug/net9.0/FileContentRenamer.Tests.dll" adapterTypeName="executor://xunit/VsTestRunner3/netcore/" className="FileContentRenamer.Tests.Models.NamingRuleTests" name="Matches_WithCaseInsensitiveKeywords_ShouldReturnTrue" />
    </UnitTest>
    <UnitTest name="FileContentRenamer.Tests.Models.AppConfigTests.LoadFromConfiguration_WithValidConfigFile_ShouldLoadCorrectly" storage="/users/santibraida/workspace/comprobantes/filecontentrenamer.tests/bin/debug/net9.0/filecontentrenamer.tests.dll" id="2df2278f-2596-2f16-dbea-2fed2d64436a">
      <Execution id="1affcbbb-47f2-44c2-89ee-5c76c8af0e29" />
      <TestMethod codeBase="/Users/santibraida/Workspace/comprobantes/FileContentRenamer.Tests/bin/Debug/net9.0/FileContentRenamer.Tests.dll" adapterTypeName="executor://xunit/VsTestRunner3/netcore/" className="FileContentRenamer.Tests.Models.AppConfigTests" name="LoadFromConfiguration_WithValidConfigFile_ShouldLoadCorrectly" />
    </UnitTest>
    <UnitTest name="FileContentRenamer.Tests.Services.FileValidatorTests.ShouldSkipAlreadyNamedFile_WithAlreadyNamedFile_ShouldReturnTrue" storage="/users/santibraida/workspace/comprobantes/filecontentrenamer.tests/bin/debug/net9.0/filecontentrenamer.tests.dll" id="df0ff2b1-bb1d-04f9-1b59-ee245aa596c1">
      <Execution id="4a204c3d-db4b-4363-9ec8-e0881d24899e" />
      <TestMethod codeBase="/Users/santibraida/Workspace/comprobantes/FileContentRenamer.Tests/bin/Debug/net9.0/FileContentRenamer.Tests.dll" adapterTypeName="executor://xunit/VsTestRunner3/netcore/" className="FileContentRenamer.Tests.Services.FileValidatorTests" name="ShouldSkipAlreadyNamedFile_WithAlreadyNamedFile_ShouldReturnTrue" />
    </UnitTest>
    <UnitTest name="FileContentRenamer.Tests.Services.ImageProcessorTests.CanProcess_WithImageExtensions_ShouldReturnTrue(extension: &quot;.png&quot;)" storage="/users/santibraida/workspace/comprobantes/filecontentrenamer.tests/bin/debug/net9.0/filecontentrenamer.tests.dll" id="8b50f6a7-4d32-7ee6-c298-95c6826dd2dd">
      <Execution id="8627f08c-7d26-4623-b20c-997bfc97434a" />
      <TestMethod codeBase="/Users/santibraida/Workspace/comprobantes/FileContentRenamer.Tests/bin/Debug/net9.0/FileContentRenamer.Tests.dll" adapterTypeName="executor://xunit/VsTestRunner3/netcore/" className="FileContentRenamer.Tests.Services.ImageProcessorTests" name="CanProcess_WithImageExtensions_ShouldReturnTrue" />
    </UnitTest>
    <UnitTest name="FileContentRenamer.Tests.Services.DirectoryOrganizerTests.OrganizeFileIntoDirectoryStructure_ThreadSafety_ShouldHandleConcurrentCalls" storage="/users/santibraida/workspace/comprobantes/filecontentrenamer.tests/bin/debug/net9.0/filecontentrenamer.tests.dll" id="63753db1-a700-4ddb-bad0-85dcc6fc1038">
      <Execution id="1efc113c-6261-4bc1-bce8-562efbcd562c" />
      <TestMethod codeBase="/Users/santibraida/Workspace/comprobantes/FileContentRenamer.Tests/bin/Debug/net9.0/FileContentRenamer.Tests.dll" adapterTypeName="executor://xunit/VsTestRunner3/netcore/" className="FileContentRenamer.Tests.Services.DirectoryOrganizerTests" name="OrganizeFileIntoDirectoryStructure_ThreadSafety_ShouldHandleConcurrentCalls" />
    </UnitTest>
    <UnitTest name="FileContentRenamer.Tests.Services.FileValidatorTests.ShouldProcessFile_WithEmptyPath_ShouldReturnFalse" storage="/users/santibraida/workspace/comprobantes/filecontentrenamer.tests/bin/debug/net9.0/filecontentrenamer.tests.dll" id="9ceef6d7-c6e7-377c-fe84-df2fd32fca20">
      <Execution id="9ac5fb2d-0941-47de-9c3c-b8e5fb6ae0e9" />
      <TestMethod codeBase="/Users/santibraida/Workspace/comprobantes/FileContentRenamer.Tests/bin/Debug/net9.0/FileContentRenamer.Tests.dll" adapterTypeName="executor://xunit/VsTestRunner3/netcore/" className="FileContentRenamer.Tests.Services.FileValidatorTests" name="ShouldProcessFile_WithEmptyPath_ShouldReturnFalse" />
    </UnitTest>
    <UnitTest name="FileContentRenamer.Tests.Models.NamingRuleTests.Matches_WithEmptyContent_ShouldReturnFalse" storage="/users/santibraida/workspace/comprobantes/filecontentrenamer.tests/bin/debug/net9.0/filecontentrenamer.tests.dll" id="f23379d7-78c4-9613-54fe-537fd665f06d">
      <Execution id="bfa6caba-08d4-4d6e-a542-6a05a002b7e0" />
      <TestMethod codeBase="/Users/santibraida/Workspace/comprobantes/FileContentRenamer.Tests/bin/Debug/net9.0/FileContentRenamer.Tests.dll" adapterTypeName="executor://xunit/VsTestRunner3/netcore/" className="FileContentRenamer.Tests.Models.NamingRuleTests" name="Matches_WithEmptyContent_ShouldReturnFalse" />
    </UnitTest>
    <UnitTest name="FileContentRenamer.Tests.Services.FileValidatorTests.ShouldProcessFile_WithNonExistentFile_ShouldReturnFalse" storage="/users/santibraida/workspace/comprobantes/filecontentrenamer.tests/bin/debug/net9.0/filecontentrenamer.tests.dll" id="a74078ad-01de-0282-292f-78f3a891fdb1">
      <Execution id="f15aaae1-bc98-4d6a-9635-7a251f599750" />
      <TestMethod codeBase="/Users/santibraida/Workspace/comprobantes/FileContentRenamer.Tests/bin/Debug/net9.0/FileContentRenamer.Tests.dll" adapterTypeName="executor://xunit/VsTestRunner3/netcore/" className="FileContentRenamer.Tests.Services.FileValidatorTests" name="ShouldProcessFile_WithNonExistentFile_ShouldReturnFalse" />
    </UnitTest>
    <UnitTest name="FileContentRenamer.Tests.Services.FileValidatorTests.ShouldProcessFile_WithMixedCaseExtension_ShouldReturnTrue" storage="/users/santibraida/workspace/comprobantes/filecontentrenamer.tests/bin/debug/net9.0/filecontentrenamer.tests.dll" id="f7704aaa-e660-9ea3-e9fc-e4f0ba02380e">
      <Execution id="8ee0533a-b3a9-4d5d-a320-4d7ab8e82aea" />
      <TestMethod codeBase="/Users/santibraida/Workspace/comprobantes/FileContentRenamer.Tests/bin/Debug/net9.0/FileContentRenamer.Tests.dll" adapterTypeName="executor://xunit/VsTestRunner3/netcore/" className="FileContentRenamer.Tests.Services.FileValidatorTests" name="ShouldProcessFile_WithMixedCaseExtension_ShouldReturnTrue" />
    </UnitTest>
    <UnitTest name="FileContentRenamer.Tests.Services.DirectoryOrganizerTests.GetMonthName_WithValidMonth_ShouldReturnSpanishName(monthNumber: 1, expected: &quot;enero&quot;)" storage="/users/santibraida/workspace/comprobantes/filecontentrenamer.tests/bin/debug/net9.0/filecontentrenamer.tests.dll" id="ef0ba115-bb03-098e-48b3-8914fb59fb7f">
      <Execution id="c6bd6199-cdc9-4309-8ed1-3eed9a32e5a4" />
      <TestMethod codeBase="/Users/santibraida/Workspace/comprobantes/FileContentRenamer.Tests/bin/Debug/net9.0/FileContentRenamer.Tests.dll" adapterTypeName="executor://xunit/VsTestRunner3/netcore/" className="FileContentRenamer.Tests.Services.DirectoryOrganizerTests" name="GetMonthName_WithValidMonth_ShouldReturnSpanishName" />
    </UnitTest>
    <UnitTest name="FileContentRenamer.Tests.Services.FilenameGeneratorTests.CleanupFileName_WithVariousInputs_ShouldReturnCleanedName(input: &quot;valid_filename&quot;, expected: &quot;valid_filename&quot;)" storage="/users/santibraida/workspace/comprobantes/filecontentrenamer.tests/bin/debug/net9.0/filecontentrenamer.tests.dll" id="4a85101f-96ab-da99-c27c-46820deea64a">
      <Execution id="2d879417-12be-463a-a008-14edb25c9041" />
      <TestMethod codeBase="/Users/santibraida/Workspace/comprobantes/FileContentRenamer.Tests/bin/Debug/net9.0/FileContentRenamer.Tests.dll" adapterTypeName="executor://xunit/VsTestRunner3/netcore/" className="FileContentRenamer.Tests.Services.FilenameGeneratorTests" name="CleanupFileName_WithVariousInputs_ShouldReturnCleanedName" />
    </UnitTest>
    <UnitTest name="FileContentRenamer.Tests.Models.NamingRulesTests.Constructor_WithDefaultValues_ShouldInitializeCorrectly" storage="/users/santibraida/workspace/comprobantes/filecontentrenamer.tests/bin/debug/net9.0/filecontentrenamer.tests.dll" id="3bc1972c-43c3-09f6-6b21-23df0274286b">
      <Execution id="18379b49-23a2-43bf-88c3-6dcc2b6560ef" />
      <TestMethod codeBase="/Users/santibraida/Workspace/comprobantes/FileContentRenamer.Tests/bin/Debug/net9.0/FileContentRenamer.Tests.dll" adapterTypeName="executor://xunit/VsTestRunner3/netcore/" className="FileContentRenamer.Tests.Models.NamingRulesTests" name="Constructor_WithDefaultValues_ShouldInitializeCorrectly" />
    </UnitTest>
    <UnitTest name="FileContentRenamer.Tests.Services.DirectoryOrganizerTests.OrganizeFileIntoDirectoryStructure_WithInvalidDate_ShouldReturnOriginalPath" storage="/users/santibraida/workspace/comprobantes/filecontentrenamer.tests/bin/debug/net9.0/filecontentrenamer.tests.dll" id="19f9e186-a4aa-4850-0176-aa961f311415">
      <Execution id="e1387718-7b25-4273-9844-26c35ca7d3c8" />
      <TestMethod codeBase="/Users/santibraida/Workspace/comprobantes/FileContentRenamer.Tests/bin/Debug/net9.0/FileContentRenamer.Tests.dll" adapterTypeName="executor://xunit/VsTestRunner3/netcore/" className="FileContentRenamer.Tests.Services.DirectoryOrganizerTests" name="OrganizeFileIntoDirectoryStructure_WithInvalidDate_ShouldReturnOriginalPath" />
    </UnitTest>
    <UnitTest name="FileContentRenamer.Tests.Services.TextProcessorTests.CanProcess_WithNonTxtExtension_ShouldReturnFalse(filename: &quot;test&quot;)" storage="/users/santibraida/workspace/comprobantes/filecontentrenamer.tests/bin/debug/net9.0/filecontentrenamer.tests.dll" id="ee802fc6-9af0-1284-c4b7-a8377911ec00">
      <Execution id="d11324b3-48cb-4a2f-96b8-1f9c214f22f7" />
      <TestMethod codeBase="/Users/santibraida/Workspace/comprobantes/FileContentRenamer.Tests/bin/Debug/net9.0/FileContentRenamer.Tests.dll" adapterTypeName="executor://xunit/VsTestRunner3/netcore/" className="FileContentRenamer.Tests.Services.TextProcessorTests" name="CanProcess_WithNonTxtExtension_ShouldReturnFalse" />
    </UnitTest>
    <UnitTest name="FileContentRenamer.Tests.Services.FileValidatorTests.ValidateConfiguration_WithEmptyBasePath_ShouldReturnFalse" storage="/users/santibraida/workspace/comprobantes/filecontentrenamer.tests/bin/debug/net9.0/filecontentrenamer.tests.dll" id="5ba61b11-551a-10ce-86ec-bdc1ee67e90e">
      <Execution id="2654589d-ab91-4b06-b2b2-9b3c326b8f91" />
      <TestMethod codeBase="/Users/santibraida/Workspace/comprobantes/FileContentRenamer.Tests/bin/Debug/net9.0/FileContentRenamer.Tests.dll" adapterTypeName="executor://xunit/VsTestRunner3/netcore/" className="FileContentRenamer.Tests.Services.FileValidatorTests" name="ValidateConfiguration_WithEmptyBasePath_ShouldReturnFalse" />
    </UnitTest>
    <UnitTest name="FileContentRenamer.Tests.Configuration.ServiceConfigurationTests.ConfigureServices_WithValidConfig_ShouldRegisterSingletonAppConfig" storage="/users/santibraida/workspace/comprobantes/filecontentrenamer.tests/bin/debug/net9.0/filecontentrenamer.tests.dll" id="ddd37070-3a26-e09f-cfe8-adfb9adc29e7">
      <Execution id="0f661402-b5be-4f8f-8322-4f576f22d26d" />
      <TestMethod codeBase="/Users/santibraida/Workspace/comprobantes/FileContentRenamer.Tests/bin/Debug/net9.0/FileContentRenamer.Tests.dll" adapterTypeName="executor://xunit/VsTestRunner3/netcore/" className="FileContentRenamer.Tests.Configuration.ServiceConfigurationTests" name="ConfigureServices_WithValidConfig_ShouldRegisterSingletonAppConfig" />
    </UnitTest>
    <UnitTest name="FileContentRenamer.Tests.Services.TextProcessorTests.ExtractContentAsync_WithNonExistentFile_ShouldReturnEmptyString" storage="/users/santibraida/workspace/comprobantes/filecontentrenamer.tests/bin/debug/net9.0/filecontentrenamer.tests.dll" id="1ae426c8-73f8-48b1-c4fd-f2736013951b">
      <Execution id="0a5f5886-d9a5-4873-8379-eb121a20ae16" />
      <TestMethod codeBase="/Users/santibraida/Workspace/comprobantes/FileContentRenamer.Tests/bin/Debug/net9.0/FileContentRenamer.Tests.dll" adapterTypeName="executor://xunit/VsTestRunner3/netcore/" className="FileContentRenamer.Tests.Services.TextProcessorTests" name="ExtractContentAsync_WithNonExistentFile_ShouldReturnEmptyString" />
    </UnitTest>
    <UnitTest name="FileContentRenamer.Tests.Services.DirectoryOrganizerTests.GetMonthName_WithValidMonth_ShouldReturnSpanishName(monthNumber: 10, expected: &quot;octubre&quot;)" storage="/users/santibraida/workspace/comprobantes/filecontentrenamer.tests/bin/debug/net9.0/filecontentrenamer.tests.dll" id="b9d72b25-82ca-6ec3-5870-6ffcc88918e2">
      <Execution id="4bcbaeec-52e2-4ad9-8506-fe3319b5e114" />
      <TestMethod codeBase="/Users/santibraida/Workspace/comprobantes/FileContentRenamer.Tests/bin/Debug/net9.0/FileContentRenamer.Tests.dll" adapterTypeName="executor://xunit/VsTestRunner3/netcore/" className="FileContentRenamer.Tests.Services.DirectoryOrganizerTests" name="GetMonthName_WithValidMonth_ShouldReturnSpanishName" />
    </UnitTest>
    <UnitTest name="FileContentRenamer.Tests.Services.DateExtractorTests.ExtractDateFromContent_WithVariousGenericDates_ShouldReturnCorrectDates(content: &quot;01/01/2025&quot;, expected: &quot;2025-01-01&quot;)" storage="/users/santibraida/workspace/comprobantes/filecontentrenamer.tests/bin/debug/net9.0/filecontentrenamer.tests.dll" id="a0ca8000-3ed1-5654-296c-23ca811068ca">
      <Execution id="174dab27-905b-423c-b45d-390b004bb7d9" />
      <TestMethod codeBase="/Users/santibraida/Workspace/comprobantes/FileContentRenamer.Tests/bin/Debug/net9.0/FileContentRenamer.Tests.dll" adapterTypeName="executor://xunit/VsTestRunner3/netcore/" className="FileContentRenamer.Tests.Services.DateExtractorTests" name="ExtractDateFromContent_WithVariousGenericDates_ShouldReturnCorrectDates" />
    </UnitTest>
    <UnitTest name="FileContentRenamer.Tests.Services.DateExtractorTests.ExtractDateFromContent_WithVariousDueDateFormats_ShouldReturnCorrectDates(content: &quot;vencimiento 01/01/2025&quot;, expected: &quot;2025-01-01&quot;)" storage="/users/santibraida/workspace/comprobantes/filecontentrenamer.tests/bin/debug/net9.0/filecontentrenamer.tests.dll" id="18d4c37f-1583-f497-ec0c-ad5f807ccb48">
      <Execution id="1230a1d5-10b4-4142-80b6-421de30fecdd" />
      <TestMethod codeBase="/Users/santibraida/Workspace/comprobantes/FileContentRenamer.Tests/bin/Debug/net9.0/FileContentRenamer.Tests.dll" adapterTypeName="executor://xunit/VsTestRunner3/netcore/" className="FileContentRenamer.Tests.Services.DateExtractorTests" name="ExtractDateFromContent_WithVariousDueDateFormats_ShouldReturnCorrectDates" />
    </UnitTest>
    <UnitTest name="FileContentRenamer.Tests.Services.PdfProcessorTests.ExtractContentAsync_WithNonPdfFile_ShouldThrowException" storage="/users/santibraida/workspace/comprobantes/filecontentrenamer.tests/bin/debug/net9.0/filecontentrenamer.tests.dll" id="de5e6aa9-ab12-14ed-551c-79528da15404">
      <Execution id="938309a1-e9c3-4911-a8f3-b4348f0243d6" />
      <TestMethod codeBase="/Users/santibraida/Workspace/comprobantes/FileContentRenamer.Tests/bin/Debug/net9.0/FileContentRenamer.Tests.dll" adapterTypeName="executor://xunit/VsTestRunner3/netcore/" className="FileContentRenamer.Tests.Services.PdfProcessorTests" name="ExtractContentAsync_WithNonPdfFile_ShouldThrowException" />
    </UnitTest>
    <UnitTest name="FileContentRenamer.Tests.Services.FileValidatorTests.ShouldProcessFile_WithValidFile_ShouldReturnTrue" storage="/users/santibraida/workspace/comprobantes/filecontentrenamer.tests/bin/debug/net9.0/filecontentrenamer.tests.dll" id="2256e44b-d5c1-25c7-1712-2e03764de95a">
      <Execution id="37759a72-9a37-4edd-8bf9-dc28de777a44" />
      <TestMethod codeBase="/Users/santibraida/Workspace/comprobantes/FileContentRenamer.Tests/bin/Debug/net9.0/FileContentRenamer.Tests.dll" adapterTypeName="executor://xunit/VsTestRunner3/netcore/" className="FileContentRenamer.Tests.Services.FileValidatorTests" name="ShouldProcessFile_WithValidFile_ShouldReturnTrue" />
    </UnitTest>
    <UnitTest name="FileContentRenamer.Tests.Services.FilenameGeneratorTests.IsAlreadyNamedFilename_WithInvalidFormats_ShouldReturnFalse(filename: &quot;2024-03-15&quot;)" storage="/users/santibraida/workspace/comprobantes/filecontentrenamer.tests/bin/debug/net9.0/filecontentrenamer.tests.dll" id="5782f6c4-4818-df21-281e-6b620d8a99e2">
      <Execution id="01e2a8b3-12d0-41a9-8e24-9c33f0f88a11" />
      <TestMethod codeBase="/Users/santibraida/Workspace/comprobantes/FileContentRenamer.Tests/bin/Debug/net9.0/FileContentRenamer.Tests.dll" adapterTypeName="executor://xunit/VsTestRunner3/netcore/" className="FileContentRenamer.Tests.Services.FilenameGeneratorTests" name="IsAlreadyNamedFilename_WithInvalidFormats_ShouldReturnFalse" />
    </UnitTest>
    <UnitTest name="FileContentRenamer.Tests.Services.FilenameGeneratorTests.GenerateFilename_WithDifferentExtension_ShouldPreserveExtension" storage="/users/santibraida/workspace/comprobantes/filecontentrenamer.tests/bin/debug/net9.0/filecontentrenamer.tests.dll" id="b72ed067-d3bd-e26d-3bed-f7f45c913059">
      <Execution id="486dbe48-c90f-42f5-9ab3-3ac515315734" />
      <TestMethod codeBase="/Users/santibraida/Workspace/comprobantes/FileContentRenamer.Tests/bin/Debug/net9.0/FileContentRenamer.Tests.dll" adapterTypeName="executor://xunit/VsTestRunner3/netcore/" className="FileContentRenamer.Tests.Services.FilenameGeneratorTests" name="GenerateFilename_WithDifferentExtension_ShouldPreserveExtension" />
    </UnitTest>
    <UnitTest name="FileContentRenamer.Tests.Services.TextProcessorTests.CanProcess_WithTxtExtensionDifferentCasing_ShouldReturnTrue(filename: &quot;test.Txt&quot;)" storage="/users/santibraida/workspace/comprobantes/filecontentrenamer.tests/bin/debug/net9.0/filecontentrenamer.tests.dll" id="ae4c83e6-0f4d-65f8-22c1-23c6464f33a2">
      <Execution id="f6ec8107-e3cf-445f-9c8d-fb9a3390026f" />
      <TestMethod codeBase="/Users/santibraida/Workspace/comprobantes/FileContentRenamer.Tests/bin/Debug/net9.0/FileContentRenamer.Tests.dll" adapterTypeName="executor://xunit/VsTestRunner3/netcore/" className="FileContentRenamer.Tests.Services.TextProcessorTests" name="CanProcess_WithTxtExtensionDifferentCasing_ShouldReturnTrue" />
    </UnitTest>
    <UnitTest name="FileContentRenamer.Tests.Services.FileValidatorTests.ValidateConfiguration_WithEmptyFileExtensions_ShouldReturnFalse" storage="/users/santibraida/workspace/comprobantes/filecontentrenamer.tests/bin/debug/net9.0/filecontentrenamer.tests.dll" id="51c5dd4c-3587-911b-8de8-02b3003da056">
      <Execution id="b8a65530-279d-4a6a-9f18-bfd8d3ec78a1" />
      <TestMethod codeBase="/Users/santibraida/Workspace/comprobantes/FileContentRenamer.Tests/bin/Debug/net9.0/FileContentRenamer.Tests.dll" adapterTypeName="executor://xunit/VsTestRunner3/netcore/" className="FileContentRenamer.Tests.Services.FileValidatorTests" name="ValidateConfiguration_WithEmptyFileExtensions_ShouldReturnFalse" />
    </UnitTest>
    <UnitTest name="FileContentRenamer.Tests.Services.FileValidatorTests.ShouldSkipAlreadyNamedFile_WithNotAlreadyNamedFile_ShouldReturnFalse" storage="/users/santibraida/workspace/comprobantes/filecontentrenamer.tests/bin/debug/net9.0/filecontentrenamer.tests.dll" id="0585f1ec-f642-09e1-866f-6d3653426f93">
      <Execution id="46acfd2d-da53-4897-8d14-5cf79976413c" />
      <TestMethod codeBase="/Users/santibraida/Workspace/comprobantes/FileContentRenamer.Tests/bin/Debug/net9.0/FileContentRenamer.Tests.dll" adapterTypeName="executor://xunit/VsTestRunner3/netcore/" className="FileContentRenamer.Tests.Services.FileValidatorTests" name="ShouldSkipAlreadyNamedFile_WithNotAlreadyNamedFile_ShouldReturnFalse" />
    </UnitTest>
    <UnitTest name="FileContentRenamer.Tests.Services.PdfProcessorTests.CanProcess_WithPdfExtensionVariations_ShouldReturnTrue(filename: &quot;document.PDF&quot;)" storage="/users/santibraida/workspace/comprobantes/filecontentrenamer.tests/bin/debug/net9.0/filecontentrenamer.tests.dll" id="8642e301-1a01-c43f-5457-781e9082a823">
      <Execution id="a0a088f4-9cdf-4118-a02f-bc29ba4b5f9f" />
      <TestMethod codeBase="/Users/santibraida/Workspace/comprobantes/FileContentRenamer.Tests/bin/Debug/net9.0/FileContentRenamer.Tests.dll" adapterTypeName="executor://xunit/VsTestRunner3/netcore/" className="FileContentRenamer.Tests.Services.PdfProcessorTests" name="CanProcess_WithPdfExtensionVariations_ShouldReturnTrue" />
    </UnitTest>
    <UnitTest name="FileContentRenamer.Tests.Services.DateExtractorTests.ExtractDateFromFilename_WithEmptyFilename_ShouldReturnEmptyString" storage="/users/santibraida/workspace/comprobantes/filecontentrenamer.tests/bin/debug/net9.0/filecontentrenamer.tests.dll" id="b0162767-b0d5-ac8c-e6c1-f87ef88a8da6">
      <Execution id="4e6ed97c-cefa-4286-89c0-013976225552" />
      <TestMethod codeBase="/Users/santibraida/Workspace/comprobantes/FileContentRenamer.Tests/bin/Debug/net9.0/FileContentRenamer.Tests.dll" adapterTypeName="executor://xunit/VsTestRunner3/netcore/" className="FileContentRenamer.Tests.Services.DateExtractorTests" name="ExtractDateFromFilename_WithEmptyFilename_ShouldReturnEmptyString" />
    </UnitTest>
    <UnitTest name="FileContentRenamer.Tests.Models.AppConfigTests.SaveLastUsedPath_WithInvalidPath_ShouldNotThrow" storage="/users/santibraida/workspace/comprobantes/filecontentrenamer.tests/bin/debug/net9.0/filecontentrenamer.tests.dll" id="2baaf6a6-6812-8b99-5d21-fa95ac740bec">
      <Execution id="452c30bd-9eb6-4a48-9665-ca50c2662905" />
      <TestMethod codeBase="/Users/santibraida/Workspace/comprobantes/FileContentRenamer.Tests/bin/Debug/net9.0/FileContentRenamer.Tests.dll" adapterTypeName="executor://xunit/VsTestRunner3/netcore/" className="FileContentRenamer.Tests.Models.AppConfigTests" name="SaveLastUsedPath_WithInvalidPath_ShouldNotThrow" />
    </UnitTest>
    <UnitTest name="FileContentRenamer.Tests.Services.ImageProcessorTests.CanProcess_WithImageExtensionsDifferentCasing_ShouldReturnTrue(extension: &quot;.JPG&quot;)" storage="/users/santibraida/workspace/comprobantes/filecontentrenamer.tests/bin/debug/net9.0/filecontentrenamer.tests.dll" id="80bc6a5a-eb03-5068-fdbc-47b2721cfaa4">
      <Execution id="92459b83-9066-4db3-a7b9-1f26092c9cb9" />
      <TestMethod codeBase="/Users/santibraida/Workspace/comprobantes/FileContentRenamer.Tests/bin/Debug/net9.0/FileContentRenamer.Tests.dll" adapterTypeName="executor://xunit/VsTestRunner3/netcore/" className="FileContentRenamer.Tests.Services.ImageProcessorTests" name="CanProcess_WithImageExtensionsDifferentCasing_ShouldReturnTrue" />
    </UnitTest>
    <UnitTest name="FileContentRenamer.Tests.Services.DateExtractorTests.ExtractDateFromContent_WithVariousSpanishDates_ShouldReturnCorrectDates(content: &quot;31 de diciembre de 2023&quot;, expected: &quot;2023-12-31&quot;)" storage="/users/santibraida/workspace/comprobantes/filecontentrenamer.tests/bin/debug/net9.0/filecontentrenamer.tests.dll" id="5be72c0f-bb2d-feba-e528-7ed830f5c677">
      <Execution id="32f57de5-a73a-46d5-a2fa-d4469d4cd366" />
      <TestMethod codeBase="/Users/santibraida/Workspace/comprobantes/FileContentRenamer.Tests/bin/Debug/net9.0/FileContentRenamer.Tests.dll" adapterTypeName="executor://xunit/VsTestRunner3/netcore/" className="FileContentRenamer.Tests.Services.DateExtractorTests" name="ExtractDateFromContent_WithVariousSpanishDates_ShouldReturnCorrectDates" />
    </UnitTest>
    <UnitTest name="FileContentRenamer.Tests.Services.FileServiceTests.ProcessFilesAsync_WithEmptyContent_ShouldSkipFile" storage="/users/santibraida/workspace/comprobantes/filecontentrenamer.tests/bin/debug/net9.0/filecontentrenamer.tests.dll" id="924a2837-bdda-5ff7-8002-b76459c46087">
      <Execution id="af3273bc-548e-4d64-ab38-8c51f45f3d77" />
      <TestMethod codeBase="/Users/santibraida/Workspace/comprobantes/FileContentRenamer.Tests/bin/Debug/net9.0/FileContentRenamer.Tests.dll" adapterTypeName="executor://xunit/VsTestRunner3/netcore/" className="FileContentRenamer.Tests.Services.FileServiceTests" name="ProcessFilesAsync_WithEmptyContent_ShouldSkipFile" />
    </UnitTest>
    <UnitTest name="FileContentRenamer.Tests.Services.TextProcessorTests.ExtractContentAsync_WithValidTextFile_ShouldReturnContent" storage="/users/santibraida/workspace/comprobantes/filecontentrenamer.tests/bin/debug/net9.0/filecontentrenamer.tests.dll" id="929aa209-e3f7-852b-9884-da4d7850f9c4">
      <Execution id="f69f5669-ab0b-4cf9-bd89-2a503968e586" />
      <TestMethod codeBase="/Users/santibraida/Workspace/comprobantes/FileContentRenamer.Tests/bin/Debug/net9.0/FileContentRenamer.Tests.dll" adapterTypeName="executor://xunit/VsTestRunner3/netcore/" className="FileContentRenamer.Tests.Services.TextProcessorTests" name="ExtractContentAsync_WithValidTextFile_ShouldReturnContent" />
    </UnitTest>
    <UnitTest name="FileContentRenamer.Tests.Services.FilenameGeneratorTests.CleanupFileName_WithVariousInputs_ShouldReturnCleanedName(input: &quot;file&lt;&gt;name&quot;, expected: &quot;file__name&quot;)" storage="/users/santibraida/workspace/comprobantes/filecontentrenamer.tests/bin/debug/net9.0/filecontentrenamer.tests.dll" id="4bbcc3d2-5b9e-8537-8345-00f48a01da72">
      <Execution id="6a744902-ccf1-488c-8622-65bd85c568b2" />
      <TestMethod codeBase="/Users/santibraida/Workspace/comprobantes/FileContentRenamer.Tests/bin/Debug/net9.0/FileContentRenamer.Tests.dll" adapterTypeName="executor://xunit/VsTestRunner3/netcore/" className="FileContentRenamer.Tests.Services.FilenameGeneratorTests" name="CleanupFileName_WithVariousInputs_ShouldReturnCleanedName" />
    </UnitTest>
    <UnitTest name="FileContentRenamer.Tests.Services.DateExtractorTests.ExtractDateFromFilename_WithValidFormat_ShouldReturnCorrectDate" storage="/users/santibraida/workspace/comprobantes/filecontentrenamer.tests/bin/debug/net9.0/filecontentrenamer.tests.dll" id="d4537562-1c96-4e07-3939-b2da6a34e9fc">
      <Execution id="5a847f79-d92d-4f6c-9d6d-c92e558506c8" />
      <TestMethod codeBase="/Users/santibraida/Workspace/comprobantes/FileContentRenamer.Tests/bin/Debug/net9.0/FileContentRenamer.Tests.dll" adapterTypeName="executor://xunit/VsTestRunner3/netcore/" className="FileContentRenamer.Tests.Services.DateExtractorTests" name="ExtractDateFromFilename_WithValidFormat_ShouldReturnCorrectDate" />
    </UnitTest>
    <UnitTest name="FileContentRenamer.Tests.Services.TextProcessorTests.ExtractContentAsync_WithLockedFile_ShouldReturnEmptyString" storage="/users/santibraida/workspace/comprobantes/filecontentrenamer.tests/bin/debug/net9.0/filecontentrenamer.tests.dll" id="26656131-c125-7680-eabe-b2347d65af76">
      <Execution id="0edcf298-2979-47fe-8d29-a4c0a98d41c1" />
      <TestMethod codeBase="/Users/santibraida/Workspace/comprobantes/FileContentRenamer.Tests/bin/Debug/net9.0/FileContentRenamer.Tests.dll" adapterTypeName="executor://xunit/VsTestRunner3/netcore/" className="FileContentRenamer.Tests.Services.TextProcessorTests" name="ExtractContentAsync_WithLockedFile_ShouldReturnEmptyString" />
    </UnitTest>
    <UnitTest name="FileContentRenamer.Tests.Services.PdfProcessorTests.ExtractContentAsync_WithNonExistentFile_ShouldReturnEmptyString" storage="/users/santibraida/workspace/comprobantes/filecontentrenamer.tests/bin/debug/net9.0/filecontentrenamer.tests.dll" id="aab50796-093f-3ad1-51eb-ff5551165480">
      <Execution id="614ea297-cea2-48fe-9354-f2a30673088b" />
      <TestMethod codeBase="/Users/santibraida/Workspace/comprobantes/FileContentRenamer.Tests/bin/Debug/net9.0/FileContentRenamer.Tests.dll" adapterTypeName="executor://xunit/VsTestRunner3/netcore/" className="FileContentRenamer.Tests.Services.PdfProcessorTests" name="ExtractContentAsync_WithNonExistentFile_ShouldReturnEmptyString" />
    </UnitTest>
    <UnitTest name="FileContentRenamer.Tests.Services.FileValidatorTests.ShouldProcessFile_WithDifferentCasing_ShouldBeCaseInsensitive(filename: &quot;test.Pdf&quot;)" storage="/users/santibraida/workspace/comprobantes/filecontentrenamer.tests/bin/debug/net9.0/filecontentrenamer.tests.dll" id="1fee9821-3919-b84e-fa07-8bc4fb6625e5">
      <Execution id="2de0f9e3-824e-4cfb-98db-6bce3a09719c" />
      <TestMethod codeBase="/Users/santibraida/Workspace/comprobantes/FileContentRenamer.Tests/bin/Debug/net9.0/FileContentRenamer.Tests.dll" adapterTypeName="executor://xunit/VsTestRunner3/netcore/" className="FileContentRenamer.Tests.Services.FileValidatorTests" name="ShouldProcessFile_WithDifferentCasing_ShouldBeCaseInsensitive" />
    </UnitTest>
    <UnitTest name="FileContentRenamer.Tests.Models.NamingRulesTests.FindMatchingRule_WithNoMatchingRule_ShouldReturnNull" storage="/users/santibraida/workspace/comprobantes/filecontentrenamer.tests/bin/debug/net9.0/filecontentrenamer.tests.dll" id="2ce66dbc-f5ab-5500-4273-caffb3bf4e5f">
      <Execution id="d956d027-de8c-4ef5-9496-b4411655c915" />
      <TestMethod codeBase="/Users/santibraida/Workspace/comprobantes/FileContentRenamer.Tests/bin/Debug/net9.0/FileContentRenamer.Tests.dll" adapterTypeName="executor://xunit/VsTestRunner3/netcore/" className="FileContentRenamer.Tests.Models.NamingRulesTests" name="FindMatchingRule_WithNoMatchingRule_ShouldReturnNull" />
    </UnitTest>
    <UnitTest name="FileContentRenamer.Tests.Services.FilenameGeneratorTests.IsAlreadyNamedFilename_WithValidFormats_ShouldReturnTrue(filename: &quot;company_2025-01-01_bank&quot;)" storage="/users/santibraida/workspace/comprobantes/filecontentrenamer.tests/bin/debug/net9.0/filecontentrenamer.tests.dll" id="95464817-3328-92d5-e9f2-a7a51a663358">
      <Execution id="f59868be-3546-459a-91e3-e5087e4d80ab" />
      <TestMethod codeBase="/Users/santibraida/Workspace/comprobantes/FileContentRenamer.Tests/bin/Debug/net9.0/FileContentRenamer.Tests.dll" adapterTypeName="executor://xunit/VsTestRunner3/netcore/" className="FileContentRenamer.Tests.Services.FilenameGeneratorTests" name="IsAlreadyNamedFilename_WithValidFormats_ShouldReturnTrue" />
    </UnitTest>
    <UnitTest name="FileContentRenamer.Tests.Services.DirectoryOrganizerTests.GetMonthName_WithValidMonth_ShouldReturnSpanishName(monthNumber: 6, expected: &quot;junio&quot;)" storage="/users/santibraida/workspace/comprobantes/filecontentrenamer.tests/bin/debug/net9.0/filecontentrenamer.tests.dll" id="8a90efb2-6fff-e39e-99bc-4c5b85d7b70e">
      <Execution id="0c354dcc-ef60-43c2-90ad-c3bb069e96f8" />
      <TestMethod codeBase="/Users/santibraida/Workspace/comprobantes/FileContentRenamer.Tests/bin/Debug/net9.0/FileContentRenamer.Tests.dll" adapterTypeName="executor://xunit/VsTestRunner3/netcore/" className="FileContentRenamer.Tests.Services.DirectoryOrganizerTests" name="GetMonthName_WithValidMonth_ShouldReturnSpanishName" />
    </UnitTest>
    <UnitTest name="FileContentRenamer.Tests.Services.TextProcessorTests.ExtractContentAsync_WithLargeFile_ShouldReturnFirst1000Characters" storage="/users/santibraida/workspace/comprobantes/filecontentrenamer.tests/bin/debug/net9.0/filecontentrenamer.tests.dll" id="15d0df81-8794-5fa5-b2c8-6331ce7be91e">
      <Execution id="0d16251b-7389-4742-b5bc-2cddda87293a" />
      <TestMethod codeBase="/Users/santibraida/Workspace/comprobantes/FileContentRenamer.Tests/bin/Debug/net9.0/FileContentRenamer.Tests.dll" adapterTypeName="executor://xunit/VsTestRunner3/netcore/" className="FileContentRenamer.Tests.Services.TextProcessorTests" name="ExtractContentAsync_WithLargeFile_ShouldReturnFirst1000Characters" />
    </UnitTest>
    <UnitTest name="FileContentRenamer.Tests.Services.FilenameGeneratorTests.IsAlreadyNamedFilename_WithValidFormats_ShouldReturnTrue(filename: &quot;test_2023-12-31_card&quot;)" storage="/users/santibraida/workspace/comprobantes/filecontentrenamer.tests/bin/debug/net9.0/filecontentrenamer.tests.dll" id="2c747d1f-f1c9-2115-b65f-2b6f4087b146">
      <Execution id="cb956d36-f577-4bcc-9ada-bbd0c0378ac6" />
      <TestMethod codeBase="/Users/santibraida/Workspace/comprobantes/FileContentRenamer.Tests/bin/Debug/net9.0/FileContentRenamer.Tests.dll" adapterTypeName="executor://xunit/VsTestRunner3/netcore/" className="FileContentRenamer.Tests.Services.FilenameGeneratorTests" name="IsAlreadyNamedFilename_WithValidFormats_ShouldReturnTrue" />
    </UnitTest>
    <UnitTest name="FileContentRenamer.Tests.Services.DirectoryOrganizerTests.IsInYearMonthStructure_WithInvalidStructure_ShouldReturnFalse(folderName: &quot;2024_not_year&quot;)" storage="/users/santibraida/workspace/comprobantes/filecontentrenamer.tests/bin/debug/net9.0/filecontentrenamer.tests.dll" id="a86e36e4-e94e-5f42-8494-d796a058bcf2">
      <Execution id="5cdad372-f951-46f3-82dc-b11b6b668f43" />
      <TestMethod codeBase="/Users/santibraida/Workspace/comprobantes/FileContentRenamer.Tests/bin/Debug/net9.0/FileContentRenamer.Tests.dll" adapterTypeName="executor://xunit/VsTestRunner3/netcore/" className="FileContentRenamer.Tests.Services.DirectoryOrganizerTests" name="IsInYearMonthStructure_WithInvalidStructure_ShouldReturnFalse" />
    </UnitTest>
    <UnitTest name="FileContentRenamer.Tests.Services.DirectoryOrganizerTests.GetMonthName_WithValidMonth_ShouldReturnSpanishName(monthNumber: 3, expected: &quot;marzo&quot;)" storage="/users/santibraida/workspace/comprobantes/filecontentrenamer.tests/bin/debug/net9.0/filecontentrenamer.tests.dll" id="b88cda59-316a-d792-4d81-e490d0212c2d">
      <Execution id="7b7c6c0f-772a-4188-a046-e1fba0fe9e0a" />
      <TestMethod codeBase="/Users/santibraida/Workspace/comprobantes/FileContentRenamer.Tests/bin/Debug/net9.0/FileContentRenamer.Tests.dll" adapterTypeName="executor://xunit/VsTestRunner3/netcore/" className="FileContentRenamer.Tests.Services.DirectoryOrganizerTests" name="GetMonthName_WithValidMonth_ShouldReturnSpanishName" />
    </UnitTest>
    <UnitTest name="FileContentRenamer.Tests.Services.ImageProcessorTests.CanProcess_WithImageExtensionsDifferentCasing_ShouldReturnTrue(extension: &quot;.TIF&quot;)" storage="/users/santibraida/workspace/comprobantes/filecontentrenamer.tests/bin/debug/net9.0/filecontentrenamer.tests.dll" id="2a25c3ee-59d0-2484-ec0d-75637450d1ba">
      <Execution id="73c10675-d30c-4b58-8f53-d1211b9aff29" />
      <TestMethod codeBase="/Users/santibraida/Workspace/comprobantes/FileContentRenamer.Tests/bin/Debug/net9.0/FileContentRenamer.Tests.dll" adapterTypeName="executor://xunit/VsTestRunner3/netcore/" className="FileContentRenamer.Tests.Services.ImageProcessorTests" name="CanProcess_WithImageExtensionsDifferentCasing_ShouldReturnTrue" />
    </UnitTest>
    <UnitTest name="FileContentRenamer.Tests.Services.PdfProcessorTests.CanProcess_WithPdfExtensionDifferentCasing_ShouldReturnTrue(filename: &quot;test.pDf&quot;)" storage="/users/santibraida/workspace/comprobantes/filecontentrenamer.tests/bin/debug/net9.0/filecontentrenamer.tests.dll" id="30667a3d-da81-f223-5d62-6b3c054e0a23">
      <Execution id="664cc0b5-af61-46fb-8700-a610de8fd146" />
      <TestMethod codeBase="/Users/santibraida/Workspace/comprobantes/FileContentRenamer.Tests/bin/Debug/net9.0/FileContentRenamer.Tests.dll" adapterTypeName="executor://xunit/VsTestRunner3/netcore/" className="FileContentRenamer.Tests.Services.PdfProcessorTests" name="CanProcess_WithPdfExtensionDifferentCasing_ShouldReturnTrue" />
    </UnitTest>
    <UnitTest name="FileContentRenamer.Tests.Services.DateExtractorTests.ExtractDateFromContent_WithEmptyContent_ShouldReturnEmptyString" storage="/users/santibraida/workspace/comprobantes/filecontentrenamer.tests/bin/debug/net9.0/filecontentrenamer.tests.dll" id="ba6808c0-f426-8a5b-0695-d6b57a217c84">
      <Execution id="62b9a5b2-6f3e-46ce-b252-07c21227e2c3" />
      <TestMethod codeBase="/Users/santibraida/Workspace/comprobantes/FileContentRenamer.Tests/bin/Debug/net9.0/FileContentRenamer.Tests.dll" adapterTypeName="executor://xunit/VsTestRunner3/netcore/" className="FileContentRenamer.Tests.Services.DateExtractorTests" name="ExtractDateFromContent_WithEmptyContent_ShouldReturnEmptyString" />
    </UnitTest>
    <UnitTest name="FileContentRenamer.Tests.Services.ImageProcessorTests.CanProcess_WithImageExtensions_ShouldReturnTrue(extension: &quot;.tiff&quot;)" storage="/users/santibraida/workspace/comprobantes/filecontentrenamer.tests/bin/debug/net9.0/filecontentrenamer.tests.dll" id="d928fd2c-924f-38de-6b58-5c8ead779399">
      <Execution id="ae2be89b-e4a7-4611-9cb5-9b5ced1f470d" />
      <TestMethod codeBase="/Users/santibraida/Workspace/comprobantes/FileContentRenamer.Tests/bin/Debug/net9.0/FileContentRenamer.Tests.dll" adapterTypeName="executor://xunit/VsTestRunner3/netcore/" className="FileContentRenamer.Tests.Services.ImageProcessorTests" name="CanProcess_WithImageExtensions_ShouldReturnTrue" />
    </UnitTest>
    <UnitTest name="FileContentRenamer.Tests.Services.DateExtractorTests.ExtractDateFromContent_WithInvalidSpanishMonth_ShouldFallbackToOtherFormats" storage="/users/santibraida/workspace/comprobantes/filecontentrenamer.tests/bin/debug/net9.0/filecontentrenamer.tests.dll" id="999b4cf4-0fb5-ec67-530a-d59638da1c9d">
      <Execution id="01bdebdc-bb46-46b3-8f7b-e7b40ac63dbd" />
      <TestMethod codeBase="/Users/santibraida/Workspace/comprobantes/FileContentRenamer.Tests/bin/Debug/net9.0/FileContentRenamer.Tests.dll" adapterTypeName="executor://xunit/VsTestRunner3/netcore/" className="FileContentRenamer.Tests.Services.DateExtractorTests" name="ExtractDateFromContent_WithInvalidSpanishMonth_ShouldFallbackToOtherFormats" />
    </UnitTest>
    <UnitTest name="FileContentRenamer.Tests.Services.DirectoryOrganizerTests.OrganizeFileIntoDirectoryStructure_WithDifferentYears_ShouldCreateNewYearStructure" storage="/users/santibraida/workspace/comprobantes/filecontentrenamer.tests/bin/debug/net9.0/filecontentrenamer.tests.dll" id="9a26edef-7dd2-4e60-c205-9ce214074484">
      <Execution id="18bf475b-c5ea-4d7e-81f6-cf425f10e62b" />
      <TestMethod codeBase="/Users/santibraida/Workspace/comprobantes/FileContentRenamer.Tests/bin/Debug/net9.0/FileContentRenamer.Tests.dll" adapterTypeName="executor://xunit/VsTestRunner3/netcore/" className="FileContentRenamer.Tests.Services.DirectoryOrganizerTests" name="OrganizeFileIntoDirectoryStructure_WithDifferentYears_ShouldCreateNewYearStructure" />
    </UnitTest>
    <UnitTest name="FileContentRenamer.Tests.Services.TextProcessorTests.CanProcess_WithTxtExtension_ShouldReturnTrue" storage="/users/santibraida/workspace/comprobantes/filecontentrenamer.tests/bin/debug/net9.0/filecontentrenamer.tests.dll" id="10d7715a-d53b-4b8e-fcec-78d41ef67dac">
      <Execution id="48caed2a-c9a4-41a5-8ecd-ec51af01d162" />
      <TestMethod codeBase="/Users/santibraida/Workspace/comprobantes/FileContentRenamer.Tests/bin/Debug/net9.0/FileContentRenamer.Tests.dll" adapterTypeName="executor://xunit/VsTestRunner3/netcore/" className="FileContentRenamer.Tests.Services.TextProcessorTests" name="CanProcess_WithTxtExtension_ShouldReturnTrue" />
    </UnitTest>
    <UnitTest name="FileContentRenamer.Tests.Services.DateExtractorTests.ExtractDateFromContent_WithEmissionDateFormat_ShouldReturnCorrectDate" storage="/users/santibraida/workspace/comprobantes/filecontentrenamer.tests/bin/debug/net9.0/filecontentrenamer.tests.dll" id="9bedcbf1-e681-ce6a-b113-25e2deb4a524">
      <Execution id="7befa39e-2ddc-4807-a1cd-80b0faec6595" />
      <TestMethod codeBase="/Users/santibraida/Workspace/comprobantes/FileContentRenamer.Tests/bin/Debug/net9.0/FileContentRenamer.Tests.dll" adapterTypeName="executor://xunit/VsTestRunner3/netcore/" className="FileContentRenamer.Tests.Services.DateExtractorTests" name="ExtractDateFromContent_WithEmissionDateFormat_ShouldReturnCorrectDate" />
    </UnitTest>
    <UnitTest name="FileContentRenamer.Tests.Models.NamingRuleTests.Matches_WithMissingKeywords_ShouldReturnFalse" storage="/users/santibraida/workspace/comprobantes/filecontentrenamer.tests/bin/debug/net9.0/filecontentrenamer.tests.dll" id="673ac6d3-d960-9ab3-69aa-92efadf19225">
      <Execution id="8bdd76e8-7d11-4e29-a442-af1c31c3a72c" />
      <TestMethod codeBase="/Users/santibraida/Workspace/comprobantes/FileContentRenamer.Tests/bin/Debug/net9.0/FileContentRenamer.Tests.dll" adapterTypeName="executor://xunit/VsTestRunner3/netcore/" className="FileContentRenamer.Tests.Models.NamingRuleTests" name="Matches_WithMissingKeywords_ShouldReturnFalse" />
    </UnitTest>
    <UnitTest name="FileContentRenamer.Tests.Services.DirectoryOrganizerTests.GetMonthName_WithValidMonth_ShouldReturnSpanishName(monthNumber: 2, expected: &quot;febrero&quot;)" storage="/users/santibraida/workspace/comprobantes/filecontentrenamer.tests/bin/debug/net9.0/filecontentrenamer.tests.dll" id="ee980d6a-c8f2-fb3c-69f5-92dd6531facb">
      <Execution id="76ae0253-7354-4cbb-b227-a1f7aa006719" />
      <TestMethod codeBase="/Users/santibraida/Workspace/comprobantes/FileContentRenamer.Tests/bin/Debug/net9.0/FileContentRenamer.Tests.dll" adapterTypeName="executor://xunit/VsTestRunner3/netcore/" className="FileContentRenamer.Tests.Services.DirectoryOrganizerTests" name="GetMonthName_WithValidMonth_ShouldReturnSpanishName" />
    </UnitTest>
  </TestDefinitions>
  <TestEntries>
    <TestEntry testId="e47068f5-ce83-2091-31a6-2a3fb625188b" executionId="ed614403-6cca-40a2-bb24-f16a5bdabf54" testListId="8c84fa94-04c1-424b-9868-57a2d4851a1d" />
    <TestEntry testId="99010084-55ec-2d67-80ac-70f30d045fef" executionId="e0d7fa38-1f02-4bb2-b676-9d84eb7e08c8" testListId="8c84fa94-04c1-424b-9868-57a2d4851a1d" />
    <TestEntry testId="8bf8da02-6c6e-2191-c936-6121db66d388" executionId="2ddd7c6e-3f35-4fce-afb0-50827cc81089" testListId="8c84fa94-04c1-424b-9868-57a2d4851a1d" />
    <TestEntry testId="cd9462e7-2aeb-f1cd-df73-927f31a7638d" executionId="29b529f7-2b4e-43b6-af1b-a8af89730702" testListId="8c84fa94-04c1-424b-9868-57a2d4851a1d" />
    <TestEntry testId="df0ff2b1-bb1d-04f9-1b59-ee245aa596c1" executionId="4a204c3d-db4b-4363-9ec8-e0881d24899e" testListId="8c84fa94-04c1-424b-9868-57a2d4851a1d" />
    <TestEntry testId="f7704aaa-e660-9ea3-e9fc-e4f0ba02380e" executionId="8ee0533a-b3a9-4d5d-a320-4d7ab8e82aea" testListId="8c84fa94-04c1-424b-9868-57a2d4851a1d" />
    <TestEntry testId="50fa8f71-8d78-c5b2-6484-06fffd5546d4" executionId="578813e6-e7a8-40f6-91f1-dc00ef60b889" testListId="8c84fa94-04c1-424b-9868-57a2d4851a1d" />
    <TestEntry testId="923e4fe8-a8e9-3d7b-512d-479873b8f571" executionId="9bd77873-1727-4f5d-b71c-6fda36b423c6" testListId="8c84fa94-04c1-424b-9868-57a2d4851a1d" />
    <TestEntry testId="77219b7a-0f6b-514e-c829-c9674c2f30c4" executionId="706cd063-2e5b-4d24-8ea7-0a2a131be5ae" testListId="8c84fa94-04c1-424b-9868-57a2d4851a1d" />
    <TestEntry testId="c98d8a8b-c350-72b5-2be4-aa500796a5e0" executionId="6d679c77-1160-473a-ac0d-3314340f10e6" testListId="8c84fa94-04c1-424b-9868-57a2d4851a1d" />
    <TestEntry testId="0316afba-cad9-583a-5a60-4cda40610283" executionId="918eec47-1fc6-46f1-bd9d-391bd6f069e8" testListId="8c84fa94-04c1-424b-9868-57a2d4851a1d" />
    <TestEntry testId="a86e36e4-e94e-5f42-8494-d796a058bcf2" executionId="5cdad372-f951-46f3-82dc-b11b6b668f43" testListId="8c84fa94-04c1-424b-9868-57a2d4851a1d" />
    <TestEntry testId="5126ad9e-208d-14c5-d223-4d3af568be87" executionId="cd6dbc2c-e5e3-4a4b-bd76-20f957fca189" testListId="8c84fa94-04c1-424b-9868-57a2d4851a1d" />
    <TestEntry testId="3ef96430-2ab3-5a48-be56-e156f8c42b82" executionId="9b133958-2c43-4cbb-922e-4093eadec475" testListId="8c84fa94-04c1-424b-9868-57a2d4851a1d" />
    <TestEntry testId="ef0ba115-bb03-098e-48b3-8914fb59fb7f" executionId="c6bd6199-cdc9-4309-8ed1-3eed9a32e5a4" testListId="8c84fa94-04c1-424b-9868-57a2d4851a1d" />
    <TestEntry testId="6d7a483b-6c01-6e31-c6bf-ec0c2f6ad577" executionId="b98450e8-8656-4e79-91ed-914346d38d65" testListId="8c84fa94-04c1-424b-9868-57a2d4851a1d" />
    <TestEntry testId="cf2ff463-604f-4bdf-13f9-b9c49d510424" executionId="1804e770-52b9-4e31-bfdf-1fc54eea7208" testListId="8c84fa94-04c1-424b-9868-57a2d4851a1d" />
    <TestEntry testId="eda4a5c5-8fa3-8699-5242-449863672e55" executionId="5cb470f7-a2b7-4fcf-a996-7f8d29e5dacc" testListId="8c84fa94-04c1-424b-9868-57a2d4851a1d" />
    <TestEntry testId="5203fca7-8d46-0785-3587-4e70c16ca73b" executionId="f49b8f5e-c481-44be-a0ae-c0e2989e50f9" testListId="8c84fa94-04c1-424b-9868-57a2d4851a1d" />
    <TestEntry testId="4a85101f-96ab-da99-c27c-46820deea64a" executionId="2d879417-12be-463a-a008-14edb25c9041" testListId="8c84fa94-04c1-424b-9868-57a2d4851a1d" />
    <TestEntry testId="2266e366-c62d-09c9-ded7-1e7b5d0da037" executionId="c5b3e54f-f6bd-4a11-9de6-4184545fe865" testListId="8c84fa94-04c1-424b-9868-57a2d4851a1d" />
    <TestEntry testId="8b50f6a7-4d32-7ee6-c298-95c6826dd2dd" executionId="8627f08c-7d26-4623-b20c-997bfc97434a" testListId="8c84fa94-04c1-424b-9868-57a2d4851a1d" />
    <TestEntry testId="c1072614-89d7-ecfa-6ece-76abc08d540d" executionId="aa6aef94-7b27-4e5b-a1b4-19cc01a2bb65" testListId="8c84fa94-04c1-424b-9868-57a2d4851a1d" />
    <TestEntry testId="5be72c0f-bb2d-feba-e528-7ed830f5c677" executionId="32f57de5-a73a-46d5-a2fa-d4469d4cd366" testListId="8c84fa94-04c1-424b-9868-57a2d4851a1d" />
    <TestEntry testId="aab50796-093f-3ad1-51eb-ff5551165480" executionId="614ea297-cea2-48fe-9354-f2a30673088b" testListId="8c84fa94-04c1-424b-9868-57a2d4851a1d" />
    <TestEntry testId="8642e301-1a01-c43f-5457-781e9082a823" executionId="a0a088f4-9cdf-4118-a02f-bc29ba4b5f9f" testListId="8c84fa94-04c1-424b-9868-57a2d4851a1d" />
    <TestEntry testId="f0b07320-4d8e-00cc-a232-a17246b4be02" executionId="66f7b073-480e-403b-8035-96a71bfa98cc" testListId="8c84fa94-04c1-424b-9868-57a2d4851a1d" />
    <TestEntry testId="63740491-dbe7-68e1-03c8-149486e0c4ce" executionId="43b81be4-1731-4b1e-a8a7-74ea09d13fc4" testListId="8c84fa94-04c1-424b-9868-57a2d4851a1d" />
    <TestEntry testId="6f2af002-27a0-bce9-8dd8-c05215b58bbb" executionId="5aeb49fa-f457-4ef9-bb31-489f0e85d3e8" testListId="8c84fa94-04c1-424b-9868-57a2d4851a1d" />
    <TestEntry testId="2fcf9509-91d2-8211-d6e4-a72c7870e72f" executionId="fa3fed4d-6a48-4b6a-aaab-49d2278d8eb8" testListId="8c84fa94-04c1-424b-9868-57a2d4851a1d" />
    <TestEntry testId="7f685fe8-e8c1-84de-476c-7b3537eb652d" executionId="eff597bc-05ba-4cd8-b597-3b7349b36d3a" testListId="8c84fa94-04c1-424b-9868-57a2d4851a1d" />
    <TestEntry testId="f0195bc9-b668-8b5d-b703-9a52aa1e98e6" executionId="5ae1586b-a4c3-42d9-9911-69252e30b5af" testListId="8c84fa94-04c1-424b-9868-57a2d4851a1d" />
    <TestEntry testId="8788403a-0d19-e088-1175-07bf39207809" executionId="8f95b289-bdcd-4ef1-8b16-6a9970b6a97d" testListId="8c84fa94-04c1-424b-9868-57a2d4851a1d" />
    <TestEntry testId="ee802fc6-9af0-1284-c4b7-a8377911ec00" executionId="d11324b3-48cb-4a2f-96b8-1f9c214f22f7" testListId="8c84fa94-04c1-424b-9868-57a2d4851a1d" />
    <TestEntry testId="ab0172d5-f8de-2bd2-5705-f61f86ff407f" executionId="f6b7ec9a-c168-493e-a047-f1f7b8968590" testListId="8c84fa94-04c1-424b-9868-57a2d4851a1d" />
    <TestEntry testId="30177b80-4255-9855-fa20-76724e89c280" executionId="9cfea712-0a5f-4256-aa10-ae59980512a8" testListId="8c84fa94-04c1-424b-9868-57a2d4851a1d" />
    <TestEntry testId="999b4cf4-0fb5-ec67-530a-d59638da1c9d" executionId="01bdebdc-bb46-46b3-8f7b-e7b40ac63dbd" testListId="8c84fa94-04c1-424b-9868-57a2d4851a1d" />
    <TestEntry testId="929aa209-e3f7-852b-9884-da4d7850f9c4" executionId="f69f5669-ab0b-4cf9-bd89-2a503968e586" testListId="8c84fa94-04c1-424b-9868-57a2d4851a1d" />
    <TestEntry testId="013af074-e0c5-bb27-30f4-779070d7fe10" executionId="398953d3-61c1-48d3-a64d-d769c71a5512" testListId="8c84fa94-04c1-424b-9868-57a2d4851a1d" />
    <TestEntry testId="8ff3c0db-187d-d0d0-7eb2-736414974987" executionId="38f65d35-5341-4b46-b7a2-741f22e27d28" testListId="8c84fa94-04c1-424b-9868-57a2d4851a1d" />
    <TestEntry testId="ff7c2091-3327-e767-4933-31644bd21f67" executionId="4a80e077-bc95-4c24-a8ff-53806c516b39" testListId="8c84fa94-04c1-424b-9868-57a2d4851a1d" />
    <TestEntry testId="0879aeff-9eea-f072-4fd3-f308a5ff4abd" executionId="55250047-fe57-455d-8323-3e295fa33a1a" testListId="8c84fa94-04c1-424b-9868-57a2d4851a1d" />
    <TestEntry testId="4cd48cba-1ee4-9efa-c790-541706c3159b" executionId="91c14f1d-6832-43fc-b497-1d2141d17ea7" testListId="8c84fa94-04c1-424b-9868-57a2d4851a1d" />
    <TestEntry testId="b9d72b25-82ca-6ec3-5870-6ffcc88918e2" executionId="4bcbaeec-52e2-4ad9-8506-fe3319b5e114" testListId="8c84fa94-04c1-424b-9868-57a2d4851a1d" />
    <TestEntry testId="b88cda59-316a-d792-4d81-e490d0212c2d" executionId="7b7c6c0f-772a-4188-a046-e1fba0fe9e0a" testListId="8c84fa94-04c1-424b-9868-57a2d4851a1d" />
    <TestEntry testId="18d4c37f-1583-f497-ec0c-ad5f807ccb48" executionId="1230a1d5-10b4-4142-80b6-421de30fecdd" testListId="8c84fa94-04c1-424b-9868-57a2d4851a1d" />
    <TestEntry testId="795f8691-da02-dc90-c006-df2b05e484b8" executionId="998c2dd3-98c0-433e-8f93-25c07d31a184" testListId="8c84fa94-04c1-424b-9868-57a2d4851a1d" />
    <TestEntry testId="2c747d1f-f1c9-2115-b65f-2b6f4087b146" executionId="cb956d36-f577-4bcc-9ada-bbd0c0378ac6" testListId="8c84fa94-04c1-424b-9868-57a2d4851a1d" />
    <TestEntry testId="7eff9737-dcfc-63b6-3d57-04bd941b7068" executionId="dc2fed72-2424-48a1-84b6-f74db7affbde" testListId="8c84fa94-04c1-424b-9868-57a2d4851a1d" />
    <TestEntry testId="a3da5712-1fc6-1483-5013-eb15e94741bb" executionId="bab34e1b-0b62-4259-b964-8ae72849744f" testListId="8c84fa94-04c1-424b-9868-57a2d4851a1d" />
    <TestEntry testId="80bc6a5a-eb03-5068-fdbc-47b2721cfaa4" executionId="92459b83-9066-4db3-a7b9-1f26092c9cb9" testListId="8c84fa94-04c1-424b-9868-57a2d4851a1d" />
    <TestEntry testId="ae46ec5c-7f7f-c8d8-b22b-c6a93692a055" executionId="8599117c-c164-4a17-bef5-9d3c7c03cf37" testListId="8c84fa94-04c1-424b-9868-57a2d4851a1d" />
    <TestEntry testId="2ce66dbc-f5ab-5500-4273-caffb3bf4e5f" executionId="d956d027-de8c-4ef5-9496-b4411655c915" testListId="8c84fa94-04c1-424b-9868-57a2d4851a1d" />
    <TestEntry testId="9a26edef-7dd2-4e60-c205-9ce214074484" executionId="18bf475b-c5ea-4d7e-81f6-cf425f10e62b" testListId="8c84fa94-04c1-424b-9868-57a2d4851a1d" />
    <TestEntry testId="62c33e58-2f83-26ac-2ae0-9b8229cc93ab" executionId="e8c8b07f-2e04-4c4e-9a6b-8bf23186df8b" testListId="8c84fa94-04c1-424b-9868-57a2d4851a1d" />
    <TestEntry testId="3890aa01-b165-5f49-b90e-3db1a4c16e7b" executionId="37dcc557-3560-4631-990a-0cdd8c9c5f43" testListId="8c84fa94-04c1-424b-9868-57a2d4851a1d" />
    <TestEntry testId="43108df8-7f9e-e70a-a456-a12f9dd6bbcf" executionId="3c6e62c5-0f23-4b82-9677-47de1def83ed" testListId="8c84fa94-04c1-424b-9868-57a2d4851a1d" />
    <TestEntry testId="8b0489e4-2aca-7279-af69-b44674c9e8bb" executionId="ea59d02d-1d83-408e-a98e-9d536ef5406b" testListId="8c84fa94-04c1-424b-9868-57a2d4851a1d" />
    <TestEntry testId="7e3a9744-91b7-a2b9-ebb3-73a79e07c25d" executionId="baf2e49a-13e9-4135-8b49-3cedab5d6425" testListId="8c84fa94-04c1-424b-9868-57a2d4851a1d" />
    <TestEntry testId="3a8b252e-af29-2782-c8cf-4c2dc2637787" executionId="4fa3d80b-cde7-4da3-9c04-91bb0f5dea97" testListId="8c84fa94-04c1-424b-9868-57a2d4851a1d" />
    <TestEntry testId="84a9103c-97d7-5edf-a781-47d0dfd1a75b" executionId="13eaf8f4-eb00-48f3-8611-e5c248ab8a3f" testListId="8c84fa94-04c1-424b-9868-57a2d4851a1d" />
    <TestEntry testId="a0ca8000-3ed1-5654-296c-23ca811068ca" executionId="174dab27-905b-423c-b45d-390b004bb7d9" testListId="8c84fa94-04c1-424b-9868-57a2d4851a1d" />
    <TestEntry testId="d0d2c3b5-6a63-09c0-0a9b-894aa7a6f45d" executionId="c652e7d9-f39f-4d18-aaa2-27e68f5bb7bd" testListId="8c84fa94-04c1-424b-9868-57a2d4851a1d" />
    <TestEntry testId="0d10a7ac-0e5b-dd5d-82c4-53603840d067" executionId="9e4f388c-7a56-4e8d-ac78-e1dc998d576e" testListId="8c84fa94-04c1-424b-9868-57a2d4851a1d" />
    <TestEntry testId="30667a3d-da81-f223-5d62-6b3c054e0a23" executionId="664cc0b5-af61-46fb-8700-a610de8fd146" testListId="8c84fa94-04c1-424b-9868-57a2d4851a1d" />
    <TestEntry testId="8294d7f7-2da1-4ee0-8cd3-c37ff5907cd4" executionId="0d112da1-5bc8-4c65-a475-c9424bbc3967" testListId="8c84fa94-04c1-424b-9868-57a2d4851a1d" />
    <TestEntry testId="5782f6c4-4818-df21-281e-6b620d8a99e2" executionId="01e2a8b3-12d0-41a9-8e24-9c33f0f88a11" testListId="8c84fa94-04c1-424b-9868-57a2d4851a1d" />
    <TestEntry testId="6d87e1fd-55be-eef4-fa85-511734dc705c" executionId="e466664d-e978-4502-85b4-6999d9155937" testListId="8c84fa94-04c1-424b-9868-57a2d4851a1d" />
    <TestEntry testId="d4537562-1c96-4e07-3939-b2da6a34e9fc" executionId="5a847f79-d92d-4f6c-9d6d-c92e558506c8" testListId="8c84fa94-04c1-424b-9868-57a2d4851a1d" />
    <TestEntry testId="824839a8-20c1-e236-c120-b27a5f944d83" executionId="de2f7d2a-14ce-49fc-9d52-b573027675ab" testListId="8c84fa94-04c1-424b-9868-57a2d4851a1d" />
    <TestEntry testId="10d7715a-d53b-4b8e-fcec-78d41ef67dac" executionId="48caed2a-c9a4-41a5-8ecd-ec51af01d162" testListId="8c84fa94-04c1-424b-9868-57a2d4851a1d" />
    <TestEntry testId="7fc03f6c-44c6-760a-ff15-5a01859458b0" executionId="e05775e3-9c0e-4380-824d-59ba3c46b9a5" testListId="8c84fa94-04c1-424b-9868-57a2d4851a1d" />
    <TestEntry testId="d0aa19eb-08b4-b4f4-8874-599c8e5e451d" executionId="8057a657-002e-49de-b960-7a4f848055f5" testListId="8c84fa94-04c1-424b-9868-57a2d4851a1d" />
    <TestEntry testId="19f9e186-a4aa-4850-0176-aa961f311415" executionId="e1387718-7b25-4273-9844-26c35ca7d3c8" testListId="8c84fa94-04c1-424b-9868-57a2d4851a1d" />
    <TestEntry testId="1f3ff8e1-e91a-ea79-b96f-cb3e726fda8c" executionId="cd0c5758-370a-4705-8f8a-eea1e536a3c2" testListId="8c84fa94-04c1-424b-9868-57a2d4851a1d" />
    <TestEntry testId="08a52aeb-79ca-913a-5dc9-ebd6568dcfe7" executionId="6025891c-1039-41d9-b0df-c965854a834b" testListId="8c84fa94-04c1-424b-9868-57a2d4851a1d" />
    <TestEntry testId="8a90efb2-6fff-e39e-99bc-4c5b85d7b70e" executionId="0c354dcc-ef60-43c2-90ad-c3bb069e96f8" testListId="8c84fa94-04c1-424b-9868-57a2d4851a1d" />
    <TestEntry testId="b99c1952-4b8a-6e7b-be83-1febd897689d" executionId="8057365e-4056-4dbf-a6fa-3172b7b3c05a" testListId="8c84fa94-04c1-424b-9868-57a2d4851a1d" />
    <TestEntry testId="de5e6aa9-ab12-14ed-551c-79528da15404" executionId="938309a1-e9c3-4911-a8f3-b4348f0243d6" testListId="8c84fa94-04c1-424b-9868-57a2d4851a1d" />
    <TestEntry testId="aab26939-6c58-dafe-eca6-6d66c1372e38" executionId="34249899-98e2-4d64-98a0-5f6ead60ed23" testListId="8c84fa94-04c1-424b-9868-57a2d4851a1d" />
    <TestEntry testId="04613884-8eea-2162-7b68-af1197b3a19b" executionId="077b54f8-c8df-45b4-b035-f67373728255" testListId="8c84fa94-04c1-424b-9868-57a2d4851a1d" />
    <TestEntry testId="66a19620-a3b0-afbc-935a-264e635ffa8f" executionId="06c4c642-316a-49cc-874f-0ca71b80d905" testListId="8c84fa94-04c1-424b-9868-57a2d4851a1d" />
    <TestEntry testId="75799e7f-c8b2-eb49-e7fc-7e63546cf626" executionId="0d7e78e7-55ba-431f-ba7a-d72d9ab58aa4" testListId="8c84fa94-04c1-424b-9868-57a2d4851a1d" />
    <TestEntry testId="6c106499-e2c3-a0a7-eafe-eacf56794202" executionId="923a9d8e-7053-490e-bd65-d434592c0ee3" testListId="8c84fa94-04c1-424b-9868-57a2d4851a1d" />
    <TestEntry testId="b3c39b3e-760b-5274-9a96-a8ea10710638" executionId="7240c9dd-924e-4884-ae43-2ef7bd09aff4" testListId="8c84fa94-04c1-424b-9868-57a2d4851a1d" />
    <TestEntry testId="f705c669-0318-6f5e-e8e5-1b4eaa9f9880" executionId="05e516bd-c876-4ada-8c0b-80784111c08b" testListId="8c84fa94-04c1-424b-9868-57a2d4851a1d" />
    <TestEntry testId="9f3779e0-204e-fe43-610e-1a907c82fa52" executionId="a02fa49c-2dd0-47f4-b6a5-4ce1dad1d234" testListId="8c84fa94-04c1-424b-9868-57a2d4851a1d" />
    <TestEntry testId="730c03ae-3d59-370f-6166-c801ea6b544e" executionId="d0b2a6bc-d8ef-4059-95c4-4ccf22c4604b" testListId="8c84fa94-04c1-424b-9868-57a2d4851a1d" />
    <TestEntry testId="eff1fee9-aafb-67b9-c268-648d008d92e6" executionId="dd38f7df-ddcd-4713-ae8e-0d2bef207349" testListId="8c84fa94-04c1-424b-9868-57a2d4851a1d" />
    <TestEntry testId="673ac6d3-d960-9ab3-69aa-92efadf19225" executionId="8bdd76e8-7d11-4e29-a442-af1c31c3a72c" testListId="8c84fa94-04c1-424b-9868-57a2d4851a1d" />
    <TestEntry testId="67877ab3-cd79-0712-f2c5-84dba6ba53b5" executionId="f61d700c-e78d-4f28-8ace-05266475a557" testListId="8c84fa94-04c1-424b-9868-57a2d4851a1d" />
    <TestEntry testId="7b37b2f2-6969-770c-b013-e18381e7bb74" executionId="daa588d1-88c5-4d22-9ae6-fdb8dba794a8" testListId="8c84fa94-04c1-424b-9868-57a2d4851a1d" />
    <TestEntry testId="6cb1a840-6047-af3c-c464-8f4bf5b097d2" executionId="7783b51f-3941-486a-bf58-3a3038ff80d0" testListId="8c84fa94-04c1-424b-9868-57a2d4851a1d" />
    <TestEntry testId="c781d212-7be9-917b-2eb4-49e5e562dd6d" executionId="672b0fe9-35b5-4bdd-884c-4457a55259fc" testListId="8c84fa94-04c1-424b-9868-57a2d4851a1d" />
    <TestEntry testId="d928fd2c-924f-38de-6b58-5c8ead779399" executionId="ae2be89b-e4a7-4611-9cb5-9b5ced1f470d" testListId="8c84fa94-04c1-424b-9868-57a2d4851a1d" />
    <TestEntry testId="63753db1-a700-4ddb-bad0-85dcc6fc1038" executionId="1efc113c-6261-4bc1-bce8-562efbcd562c" testListId="8c84fa94-04c1-424b-9868-57a2d4851a1d" />
    <TestEntry testId="74c0392b-8615-24d3-2fd0-e6af46d2098a" executionId="5a6926e7-99f5-4ccb-b141-446001f69f1b" testListId="8c84fa94-04c1-424b-9868-57a2d4851a1d" />
    <TestEntry testId="154b1187-a8fe-288a-dff0-88f9c1f03683" executionId="8f7ce384-7e64-4ac7-80b7-508d11a537b4" testListId="8c84fa94-04c1-424b-9868-57a2d4851a1d" />
    <TestEntry testId="6d7beee1-1275-7fbd-2196-741c8c2b81ed" executionId="9961ace1-7468-413d-9987-46f7519df504" testListId="8c84fa94-04c1-424b-9868-57a2d4851a1d" />
    <TestEntry testId="70962b03-3000-68e4-fd2c-d9ce13588e5d" executionId="ccaeb5cc-2be0-42d5-8712-bc4cb46167df" testListId="8c84fa94-04c1-424b-9868-57a2d4851a1d" />
    <TestEntry testId="62f5d1dd-bd59-22f3-6b49-8433f76fa54e" executionId="b72d2e83-de47-46d0-80b5-431b1cb6a642" testListId="8c84fa94-04c1-424b-9868-57a2d4851a1d" />
    <TestEntry testId="1ae426c8-73f8-48b1-c4fd-f2736013951b" executionId="0a5f5886-d9a5-4873-8379-eb121a20ae16" testListId="8c84fa94-04c1-424b-9868-57a2d4851a1d" />
    <TestEntry testId="f74a6a94-f390-b5f6-1cb3-44e2f343eb63" executionId="3ec4e2e6-9633-4b35-9a18-dce94b1e28d5" testListId="8c84fa94-04c1-424b-9868-57a2d4851a1d" />
    <TestEntry testId="4bf9f205-774f-fb42-8d24-b7d8013c94d1" executionId="67ed7a96-6d26-423d-8a81-b13c46b96d36" testListId="8c84fa94-04c1-424b-9868-57a2d4851a1d" />
    <TestEntry testId="0fcf9b9b-b820-ecc4-eb7d-d476c5dd956f" executionId="c502db53-a6cc-4816-8213-9bae30e42a60" testListId="8c84fa94-04c1-424b-9868-57a2d4851a1d" />
    <TestEntry testId="aa7a6137-3efe-902b-7df5-672c2c4d55d3" executionId="8ef29c28-4de1-4fbc-81c1-98fa2ba3f55c" testListId="8c84fa94-04c1-424b-9868-57a2d4851a1d" />
    <TestEntry testId="0228ec1a-cf44-e616-5aa7-aefd86959073" executionId="d1bea1e8-7198-49bb-993b-c3e6d9b5ad31" testListId="8c84fa94-04c1-424b-9868-57a2d4851a1d" />
    <TestEntry testId="8031668c-d19b-b8db-0235-3b555a1ef3fc" executionId="9dbaeb00-c3c4-43f1-ac04-2c57a2c743c8" testListId="8c84fa94-04c1-424b-9868-57a2d4851a1d" />
    <TestEntry testId="735ac008-1cbd-a429-fd29-015f19236116" executionId="f94fd954-e1f6-4200-ba30-520c05acd749" testListId="8c84fa94-04c1-424b-9868-57a2d4851a1d" />
    <TestEntry testId="00d05e1f-7d72-418e-9c9e-a769436ab485" executionId="5602862d-afd8-4c3d-848c-907cbc5963b8" testListId="8c84fa94-04c1-424b-9868-57a2d4851a1d" />
    <TestEntry testId="a8222741-473a-8061-b947-f4446415fedc" executionId="fb951285-9971-4c93-b215-13789e987d39" testListId="8c84fa94-04c1-424b-9868-57a2d4851a1d" />
    <TestEntry testId="01a2041b-e2e4-e363-0b4d-3c74dc73e548" executionId="2c1197ba-9f44-4fc8-b847-9ea7ead66ca9" testListId="8c84fa94-04c1-424b-9868-57a2d4851a1d" />
    <TestEntry testId="a366a934-60e2-7009-7a6f-f68837f539c2" executionId="a1d06501-0cd2-464a-be2b-c445c4113320" testListId="8c84fa94-04c1-424b-9868-57a2d4851a1d" />
    <TestEntry testId="a4d26202-1548-77e4-c6ee-466955cdb771" executionId="3046772e-1f19-4ab9-9e8a-13f2b3d97c22" testListId="8c84fa94-04c1-424b-9868-57a2d4851a1d" />
    <TestEntry testId="4d791645-14ca-671e-50ed-7143a80c7959" executionId="a70ed92f-8906-483d-a6fd-15e6a722ecce" testListId="8c84fa94-04c1-424b-9868-57a2d4851a1d" />
    <TestEntry testId="ab791beb-155a-2340-25c5-938aea845fff" executionId="d9c054a8-ac0c-44d0-afb3-45587aa489e6" testListId="8c84fa94-04c1-424b-9868-57a2d4851a1d" />
    <TestEntry testId="032ef3ac-363e-da8d-efab-865406d6fd71" executionId="a6034093-4876-44b3-8893-49eb6eae6980" testListId="8c84fa94-04c1-424b-9868-57a2d4851a1d" />
    <TestEntry testId="2044c162-1147-8fb8-adb8-ab6044bfdf21" executionId="86eb567d-9693-43b6-abe4-494be0115e87" testListId="8c84fa94-04c1-424b-9868-57a2d4851a1d" />
    <TestEntry testId="871d08c9-a126-7256-6ea3-61a20f361a2f" executionId="0464c9da-9988-42ba-abe1-b3152a8de4fc" testListId="8c84fa94-04c1-424b-9868-57a2d4851a1d" />
    <TestEntry testId="ebc6b45b-0fe4-e4c2-6b7e-a061ba64a1b2" executionId="b88e8074-44c1-4c43-9540-82403f5bae1d" testListId="8c84fa94-04c1-424b-9868-57a2d4851a1d" />
    <TestEntry testId="8c36f3a4-ca31-a9e9-241d-dbc70385ef49" executionId="a0a9ca1c-07fb-417b-8f99-a848a7fb836b" testListId="8c84fa94-04c1-424b-9868-57a2d4851a1d" />
    <TestEntry testId="31f3b2f4-1b28-6746-2403-d25f9fbdfdf8" executionId="a526ac28-8d0e-454a-91f8-4aa4c488d0a0" testListId="8c84fa94-04c1-424b-9868-57a2d4851a1d" />
    <TestEntry testId="2c7c7876-b123-f6b1-1eae-db6f6476f552" executionId="c37d8761-aa01-45f2-8142-cf09e22e4903" testListId="8c84fa94-04c1-424b-9868-57a2d4851a1d" />
    <TestEntry testId="9729a039-440f-b038-cbbc-13699377547c" executionId="a537be06-381c-445b-a0a2-aca437cb385b" testListId="8c84fa94-04c1-424b-9868-57a2d4851a1d" />
    <TestEntry testId="85677dc2-59d0-24ec-6909-57399a83a6f9" executionId="b028df03-432e-4a5c-8c78-be90cf85f098" testListId="8c84fa94-04c1-424b-9868-57a2d4851a1d" />
    <TestEntry testId="fd75bf1b-7547-e469-5bac-5caae1974719" executionId="4b6eb45f-fa13-46a2-9684-f10c1cd1745f" testListId="8c84fa94-04c1-424b-9868-57a2d4851a1d" />
    <TestEntry testId="411f59f3-34f9-62ac-9b26-0c3528e0b2f7" executionId="35cdf93e-c4c7-4d25-8e4f-394e4856debf" testListId="8c84fa94-04c1-424b-9868-57a2d4851a1d" />
    <TestEntry testId="34f0a146-8932-4124-920d-b39c3eb45d5b" executionId="a7bb6bae-6638-4434-9dbc-5c7219869cf6" testListId="8c84fa94-04c1-424b-9868-57a2d4851a1d" />
    <TestEntry testId="079ffdd2-77ff-69de-b8c6-9423e86a8bc9" executionId="039af6c9-74f5-4bb3-8a9d-7a4a09d506ef" testListId="8c84fa94-04c1-424b-9868-57a2d4851a1d" />
    <TestEntry testId="fe7b897c-fd2e-f8e6-f880-7f5c0aaede02" executionId="38db90e4-0773-41ec-bc34-a4d06d80d9fb" testListId="8c84fa94-04c1-424b-9868-57a2d4851a1d" />
    <TestEntry testId="75b52445-788c-0c2d-ad1d-9437d196417b" executionId="62de44d4-b7d3-4be5-96b2-8391c86b1551" testListId="8c84fa94-04c1-424b-9868-57a2d4851a1d" />
    <TestEntry testId="6d830e63-8fcb-8140-fe0b-9a127d46ab00" executionId="dbbf6f5d-0a84-48cb-8da4-6ac2abef0287" testListId="8c84fa94-04c1-424b-9868-57a2d4851a1d" />
    <TestEntry testId="f567e5a6-a665-67c2-8449-b66348dc3570" executionId="e068864d-ceff-407f-bb24-d8f34a14ef70" testListId="8c84fa94-04c1-424b-9868-57a2d4851a1d" />
    <TestEntry testId="6802e4b7-d13f-9fd7-e900-410b7d9a430f" executionId="56abb546-0773-4171-a02c-5ea2ef53c484" testListId="8c84fa94-04c1-424b-9868-57a2d4851a1d" />
    <TestEntry testId="5c3e394b-5635-340f-a8f3-3c152e9b2b47" executionId="72f1ed48-f525-451e-9afa-ac9ef3e016c1" testListId="8c84fa94-04c1-424b-9868-57a2d4851a1d" />
    <TestEntry testId="f3287b07-b05f-116b-412b-e12a39926f98" executionId="62cf5df7-586e-4b56-b6f1-11840246dab3" testListId="8c84fa94-04c1-424b-9868-57a2d4851a1d" />
    <TestEntry testId="d406e03e-ed03-b142-d7d1-88f454f977cb" executionId="35022ee9-a69d-4a4a-a740-3d2cced2c790" testListId="8c84fa94-04c1-424b-9868-57a2d4851a1d" />
    <TestEntry testId="a973dd7a-7c46-af87-44cd-7bf4a36abf9b" executionId="8ca4e6e1-06e7-4463-9cc2-d110dfc336b9" testListId="8c84fa94-04c1-424b-9868-57a2d4851a1d" />
    <TestEntry testId="be38a0d7-e0e2-fccd-c5e6-b3a3fded648e" executionId="1499a57c-d672-475d-9c8c-186f2de771f8" testListId="8c84fa94-04c1-424b-9868-57a2d4851a1d" />
    <TestEntry testId="d60b51ff-35d6-643f-09d4-bd5f7bbab23c" executionId="135bf740-c4e9-42d3-bcb3-2b93951eec6d" testListId="8c84fa94-04c1-424b-9868-57a2d4851a1d" />
    <TestEntry testId="5ba61b11-551a-10ce-86ec-bdc1ee67e90e" executionId="2654589d-ab91-4b06-b2b2-9b3c326b8f91" testListId="8c84fa94-04c1-424b-9868-57a2d4851a1d" />
    <TestEntry testId="f23379d7-78c4-9613-54fe-537fd665f06d" executionId="bfa6caba-08d4-4d6e-a542-6a05a002b7e0" testListId="8c84fa94-04c1-424b-9868-57a2d4851a1d" />
    <TestEntry testId="9bedcbf1-e681-ce6a-b113-25e2deb4a524" executionId="7befa39e-2ddc-4807-a1cd-80b0faec6595" testListId="8c84fa94-04c1-424b-9868-57a2d4851a1d" />
    <TestEntry testId="5f70f144-9947-887e-d6e7-1aeb2f4f79bb" executionId="f823d423-3a80-48b4-a390-de4283dd817e" testListId="8c84fa94-04c1-424b-9868-57a2d4851a1d" />
    <TestEntry testId="44b78ff5-3e7b-b701-e798-52be3aafb6cb" executionId="166dcaf4-1681-4aa5-89ce-c5fa48d1e136" testListId="8c84fa94-04c1-424b-9868-57a2d4851a1d" />
    <TestEntry testId="66363822-7849-72a3-af25-779ac72e5857" executionId="77e335b9-3bcb-4b5f-81da-3f60b82797a3" testListId="8c84fa94-04c1-424b-9868-57a2d4851a1d" />
    <TestEntry testId="2a25c3ee-59d0-2484-ec0d-75637450d1ba" executionId="73c10675-d30c-4b58-8f53-d1211b9aff29" testListId="8c84fa94-04c1-424b-9868-57a2d4851a1d" />
    <TestEntry testId="3bc1972c-43c3-09f6-6b21-23df0274286b" executionId="18379b49-23a2-43bf-88c3-6dcc2b6560ef" testListId="8c84fa94-04c1-424b-9868-57a2d4851a1d" />
    <TestEntry testId="9ceef6d7-c6e7-377c-fe84-df2fd32fca20" executionId="9ac5fb2d-0941-47de-9c3c-b8e5fb6ae0e9" testListId="8c84fa94-04c1-424b-9868-57a2d4851a1d" />
    <TestEntry testId="57d1cda9-e9e5-f000-1823-6cc75a3cb199" executionId="e59bf930-5434-437e-b5d7-306bc2932e8a" testListId="8c84fa94-04c1-424b-9868-57a2d4851a1d" />
    <TestEntry testId="b0162767-b0d5-ac8c-e6c1-f87ef88a8da6" executionId="4e6ed97c-cefa-4286-89c0-013976225552" testListId="8c84fa94-04c1-424b-9868-57a2d4851a1d" />
    <TestEntry testId="1a12a91e-b03d-45d3-fd2d-061c9630072a" executionId="574353e9-fef6-418d-92a4-79d8b3ebf419" testListId="8c84fa94-04c1-424b-9868-57a2d4851a1d" />
    <TestEntry testId="7511a43c-a4b1-13d6-6238-776526db53ad" executionId="116a3667-74eb-4c6c-9ea7-2874dc0c8560" testListId="8c84fa94-04c1-424b-9868-57a2d4851a1d" />
    <TestEntry testId="c5db792d-e049-7e4c-45a4-ac95e98dbc54" executionId="80ffff0b-9063-4237-adb9-e2e7336c69fd" testListId="8c84fa94-04c1-424b-9868-57a2d4851a1d" />
    <TestEntry testId="4bbcc3d2-5b9e-8537-8345-00f48a01da72" executionId="6a744902-ccf1-488c-8622-65bd85c568b2" testListId="8c84fa94-04c1-424b-9868-57a2d4851a1d" />
    <TestEntry testId="2df2278f-2596-2f16-dbea-2fed2d64436a" executionId="1affcbbb-47f2-44c2-89ee-5c76c8af0e29" testListId="8c84fa94-04c1-424b-9868-57a2d4851a1d" />
    <TestEntry testId="fde0012a-20a9-aebc-bee1-b5bf65a4ee27" executionId="cec321ff-fb70-4d38-b5bb-8a57ae3721ae" testListId="8c84fa94-04c1-424b-9868-57a2d4851a1d" />
    <TestEntry testId="4216934b-235a-6efa-b1f2-737b953f21df" executionId="3bff9ecf-347c-463d-8bde-df0ee1e6d7f8" testListId="8c84fa94-04c1-424b-9868-57a2d4851a1d" />
    <TestEntry testId="97a9732c-79a7-6428-f306-649df62803fe" executionId="77673bd7-b5f4-4e2b-8982-c0af42606e55" testListId="8c84fa94-04c1-424b-9868-57a2d4851a1d" />
    <TestEntry testId="0877987f-a018-03de-71dc-2e8ff937b395" executionId="4e791bba-72e2-441a-b505-5410b1c09d1d" testListId="8c84fa94-04c1-424b-9868-57a2d4851a1d" />
    <TestEntry testId="b4180071-1e06-f3bd-f0e2-c5c49975b30c" executionId="6399d379-2a3d-4948-a2db-6228dc6f3178" testListId="8c84fa94-04c1-424b-9868-57a2d4851a1d" />
    <TestEntry testId="2096051f-0719-d6b7-7ba6-a9c6fbdaed26" executionId="5455c96f-6df7-4a9b-9fae-74a751b2449c" testListId="8c84fa94-04c1-424b-9868-57a2d4851a1d" />
    <TestEntry testId="f4d3ad23-32ef-7284-391b-46eb33d6f78f" executionId="251d27c3-d479-4999-be49-9dc826b2ec09" testListId="8c84fa94-04c1-424b-9868-57a2d4851a1d" />
    <TestEntry testId="1fee9821-3919-b84e-fa07-8bc4fb6625e5" executionId="2de0f9e3-824e-4cfb-98db-6bce3a09719c" testListId="8c84fa94-04c1-424b-9868-57a2d4851a1d" />
    <TestEntry testId="af647e92-1ce2-064d-3a84-3476cb46d127" executionId="9a5193db-4d37-4432-a6e1-a665fd31d402" testListId="8c84fa94-04c1-424b-9868-57a2d4851a1d" />
    <TestEntry testId="51c5dd4c-3587-911b-8de8-02b3003da056" executionId="b8a65530-279d-4a6a-9f18-bfd8d3ec78a1" testListId="8c84fa94-04c1-424b-9868-57a2d4851a1d" />
    <TestEntry testId="2baaf6a6-6812-8b99-5d21-fa95ac740bec" executionId="452c30bd-9eb6-4a48-9665-ca50c2662905" testListId="8c84fa94-04c1-424b-9868-57a2d4851a1d" />
    <TestEntry testId="b8e09496-6d7b-6d6d-0f84-90360e0cb28c" executionId="d3c283d6-b771-4430-b82e-843cac509ce4" testListId="8c84fa94-04c1-424b-9868-57a2d4851a1d" />
    <TestEntry testId="a74078ad-01de-0282-292f-78f3a891fdb1" executionId="f15aaae1-bc98-4d6a-9635-7a251f599750" testListId="8c84fa94-04c1-424b-9868-57a2d4851a1d" />
    <TestEntry testId="c8e339c4-495d-6682-fb59-508814014af3" executionId="f0d36bf3-f8d7-43e8-8dc4-f7130776e8fd" testListId="8c84fa94-04c1-424b-9868-57a2d4851a1d" />
    <TestEntry testId="33f7c76c-bb78-6b08-abcd-e808bcbcf4f9" executionId="832a24fb-6d2e-4128-b381-4247a8c8490e" testListId="8c84fa94-04c1-424b-9868-57a2d4851a1d" />
    <TestEntry testId="653d3743-7cb8-b116-b4af-cf8e20bba6f6" executionId="81bc7a95-4a8e-464b-9308-89dce2f44821" testListId="8c84fa94-04c1-424b-9868-57a2d4851a1d" />
    <TestEntry testId="3ecade73-7761-1f4e-e941-925f13343fbf" executionId="487501b4-e232-4e44-b1b8-7664ccd0667f" testListId="8c84fa94-04c1-424b-9868-57a2d4851a1d" />
    <TestEntry testId="ddd37070-3a26-e09f-cfe8-adfb9adc29e7" executionId="0f661402-b5be-4f8f-8322-4f576f22d26d" testListId="8c84fa94-04c1-424b-9868-57a2d4851a1d" />
    <TestEntry testId="cb98919d-41c2-f114-3856-49dce9ef8634" executionId="71addbaf-137d-4726-9791-61c8f5dc4677" testListId="8c84fa94-04c1-424b-9868-57a2d4851a1d" />
    <TestEntry testId="2ff40e02-cd90-e19e-c947-03dc2242a050" executionId="19cd2402-8137-456c-a454-4ae8a874add7" testListId="8c84fa94-04c1-424b-9868-57a2d4851a1d" />
    <TestEntry testId="ee980d6a-c8f2-fb3c-69f5-92dd6531facb" executionId="76ae0253-7354-4cbb-b227-a1f7aa006719" testListId="8c84fa94-04c1-424b-9868-57a2d4851a1d" />
    <TestEntry testId="ec24e8ad-adc6-d41a-59ac-e98e8c3163a5" executionId="a6a82b22-2c27-4d89-9ea9-f1940da82321" testListId="8c84fa94-04c1-424b-9868-57a2d4851a1d" />
    <TestEntry testId="72cdf8b5-0c4a-e649-1b33-3003eb144b1a" executionId="caa44d3b-b310-44d5-9fd7-25821a3fcd5e" testListId="8c84fa94-04c1-424b-9868-57a2d4851a1d" />
    <TestEntry testId="019703dd-2e5c-665b-f543-025b13ca7b6d" executionId="ba566847-4a93-4a7d-a475-0c507e601ddf" testListId="8c84fa94-04c1-424b-9868-57a2d4851a1d" />
    <TestEntry testId="d6d3d886-1a00-8e52-5627-e1236e6e1c62" executionId="aa00e75d-faeb-498c-90d1-2dc047ee0199" testListId="8c84fa94-04c1-424b-9868-57a2d4851a1d" />
    <TestEntry testId="7135bf06-d0f7-d1fd-424d-aa321ae4fc62" executionId="438bb34c-cf40-4a3c-aa25-fc7e1c5bb446" testListId="8c84fa94-04c1-424b-9868-57a2d4851a1d" />
    <TestEntry testId="8f2c1c6f-2d06-5c80-db10-fbc31b9e4155" executionId="323a2bc0-eb92-4dc4-8d30-a652cea51750" testListId="8c84fa94-04c1-424b-9868-57a2d4851a1d" />
    <TestEntry testId="1f6f6946-e988-6d1a-ad4a-0a9338273d33" executionId="26ddfc9f-1bb2-4a69-a5df-157815178ae2" testListId="8c84fa94-04c1-424b-9868-57a2d4851a1d" />
    <TestEntry testId="1d19ec21-e870-5f10-f860-7ea25dd398b9" executionId="493e12b3-48ad-431c-94c5-0dcf64dac02e" testListId="8c84fa94-04c1-424b-9868-57a2d4851a1d" />
    <TestEntry testId="c14045dd-f91b-3e98-d221-a8a83ca7b93f" executionId="0757011d-ab2b-413d-892f-ac2420b0fb4b" testListId="8c84fa94-04c1-424b-9868-57a2d4851a1d" />
    <TestEntry testId="2256e44b-d5c1-25c7-1712-2e03764de95a" executionId="37759a72-9a37-4edd-8bf9-dc28de777a44" testListId="8c84fa94-04c1-424b-9868-57a2d4851a1d" />
    <TestEntry testId="924a2837-bdda-5ff7-8002-b76459c46087" executionId="af3273bc-548e-4d64-ab38-8c51f45f3d77" testListId="8c84fa94-04c1-424b-9868-57a2d4851a1d" />
    <TestEntry testId="b72ed067-d3bd-e26d-3bed-f7f45c913059" executionId="486dbe48-c90f-42f5-9ab3-3ac515315734" testListId="8c84fa94-04c1-424b-9868-57a2d4851a1d" />
    <TestEntry testId="f7bbc740-e3de-3780-77bc-e74850eb0f4f" executionId="a8a1abbc-e30b-420d-84f5-c2968e81da79" testListId="8c84fa94-04c1-424b-9868-57a2d4851a1d" />
    <TestEntry testId="fa21426d-34f2-265b-fd21-637426cd5f3c" executionId="9c981ad3-9f6c-4b72-aa27-f2b9fcd6f12c" testListId="8c84fa94-04c1-424b-9868-57a2d4851a1d" />
    <TestEntry testId="5d659f4c-0006-5095-6e01-261fba69eeb2" executionId="ca03f1ba-ba67-4bb1-bcbd-ebc20c3efbb3" testListId="8c84fa94-04c1-424b-9868-57a2d4851a1d" />
    <TestEntry testId="95464817-3328-92d5-e9f2-a7a51a663358" executionId="f59868be-3546-459a-91e3-e5087e4d80ab" testListId="8c84fa94-04c1-424b-9868-57a2d4851a1d" />
    <TestEntry testId="ae4c83e6-0f4d-65f8-22c1-23c6464f33a2" executionId="f6ec8107-e3cf-445f-9c8d-fb9a3390026f" testListId="8c84fa94-04c1-424b-9868-57a2d4851a1d" />
    <TestEntry testId="15d0df81-8794-5fa5-b2c8-6331ce7be91e" executionId="0d16251b-7389-4742-b5bc-2cddda87293a" testListId="8c84fa94-04c1-424b-9868-57a2d4851a1d" />
    <TestEntry testId="b0606947-aad7-eee5-1152-2a1ec56d9255" executionId="10e5a957-ceec-4037-ade5-4d71bfd9c3ac" testListId="8c84fa94-04c1-424b-9868-57a2d4851a1d" />
    <TestEntry testId="0585f1ec-f642-09e1-866f-6d3653426f93" executionId="46acfd2d-da53-4897-8d14-5cf79976413c" testListId="8c84fa94-04c1-424b-9868-57a2d4851a1d" />
    <TestEntry testId="ba6808c0-f426-8a5b-0695-d6b57a217c84" executionId="62b9a5b2-6f3e-46ce-b252-07c21227e2c3" testListId="8c84fa94-04c1-424b-9868-57a2d4851a1d" />
    <TestEntry testId="3a993a67-299c-3f87-5430-509e79a52fc2" executionId="0ba6e7db-ea12-4ac3-afd4-e32edcd9f771" testListId="8c84fa94-04c1-424b-9868-57a2d4851a1d" />
    <TestEntry testId="f8b329c4-164a-78d1-46cd-26aea567ce35" executionId="1f4f4182-20b1-4b68-8f90-6c3d4b8a9e26" testListId="8c84fa94-04c1-424b-9868-57a2d4851a1d" />
    <TestEntry testId="52b61247-c43f-6660-c9e8-5fe03f0a7cdc" executionId="723246a3-6cb7-4625-a4d4-198fb6c92c5d" testListId="8c84fa94-04c1-424b-9868-57a2d4851a1d" />
    <TestEntry testId="5350316f-15de-b350-a21b-48de21601546" executionId="8362db0d-505b-4739-8982-14e9a1a99e0a" testListId="8c84fa94-04c1-424b-9868-57a2d4851a1d" />
    <TestEntry testId="a78a0985-6ddf-5e1e-7544-6efb88194c31" executionId="37a1dab9-8073-4b27-9147-9be474831d70" testListId="8c84fa94-04c1-424b-9868-57a2d4851a1d" />
    <TestEntry testId="d1416a64-bf78-25ec-aee2-d5b8b18bc3dc" executionId="1c03b656-65b1-4c44-b1d1-e24c3007c009" testListId="8c84fa94-04c1-424b-9868-57a2d4851a1d" />
    <TestEntry testId="6547cbe5-cb2c-b29f-9137-0cf0b96d8b18" executionId="ad75d696-65cd-4d08-9cdf-f76c7dfa560d" testListId="8c84fa94-04c1-424b-9868-57a2d4851a1d" />
    <TestEntry testId="ea32b4ee-de29-bcf5-9e6a-b7b5b963e16b" executionId="b5f6c8ec-eb67-46f2-b0a2-26295ab4a3e7" testListId="8c84fa94-04c1-424b-9868-57a2d4851a1d" />
    <TestEntry testId="8f9706bb-c4e8-83d9-78e0-248eda84983c" executionId="43fa3bca-086e-4888-a459-49f7341d4e54" testListId="8c84fa94-04c1-424b-9868-57a2d4851a1d" />
    <TestEntry testId="55667650-7485-4ca3-fd19-23d2a7a126c7" executionId="d8aa8515-c0c9-432d-bca1-fba110e4a04a" testListId="8c84fa94-04c1-424b-9868-57a2d4851a1d" />
    <TestEntry testId="26656131-c125-7680-eabe-b2347d65af76" executionId="0edcf298-2979-47fe-8d29-a4c0a98d41c1" testListId="8c84fa94-04c1-424b-9868-57a2d4851a1d" />
    <TestEntry testId="89411942-d38a-5bb6-81ec-67e7fdba9fc2" executionId="360ffd32-3d6d-4812-b71e-9ce4e5728011" testListId="8c84fa94-04c1-424b-9868-57a2d4851a1d" />
    <TestEntry testId="e6f8099a-7c83-15b0-1a09-13322c0e5611" executionId="187b2f15-fefd-450b-91cd-47b98ed4c99d" testListId="8c84fa94-04c1-424b-9868-57a2d4851a1d" />
    <TestEntry testId="003f2eb1-16a9-1fca-9f6b-de2c702ff29c" executionId="f40bc8a9-5f61-49df-8986-b1717191fc8f" testListId="8c84fa94-04c1-424b-9868-57a2d4851a1d" />
    <TestEntry testId="19ed11aa-a710-6873-89bb-77d5892f3032" executionId="818da6db-72fd-4ae7-b144-b8b22febe9fd" testListId="8c84fa94-04c1-424b-9868-57a2d4851a1d" />
  </TestEntries>
  <TestLists>
    <TestList name="Results Not in a List" id="8c84fa94-04c1-424b-9868-57a2d4851a1d" />
    <TestList name="All Loaded Results" id="19431567-8539-422a-85d7-44ee4e166bda" />
  </TestLists>
  <ResultSummary outcome="Failed">
    <Counters total="213" executed="213" passed="199" failed="14" error="0" timeout="0" aborted="0" inconclusive="0" passedButRunAborted="0" notRunnable="0" notExecuted="0" disconnected="0" warning="0" completed="0" inProgress="0" pending="0" />
    <Output>
      <StdOut>[xUnit.net 00:00:00.00] xUnit.net VSTest Adapter v3.0.0+e341b939fe (64-bit .NET 9.0.5)
[xUnit.net 00:00:00.04]   Discovering: FileContentRenamer.Tests
[xUnit.net 00:00:00.08]   Discovered:  FileContentRenamer.Tests
[xUnit.net 00:00:00.10]   Starting:    FileContentRenamer.Tests
[xUnit.net 00:00:00.59]       Expected result to be "file_name", but found "file:name".
[xUnit.net 00:00:00.59]       Stack Trace:
[xUnit.net 00:00:00.59]            at FluentAssertions.Execution.XUnit2TestFramework.Throw(String message)
[xUnit.net 00:00:00.59]            at FluentAssertions.Execution.TestFrameworkProvider.Throw(String message)
[xUnit.net 00:00:00.59]            at FluentAssertions.Execution.DefaultAssertionStrategy.HandleFailure(String message)
[xUnit.net 00:00:00.59]            at FluentAssertions.Execution.AssertionScope.FailWith(Func`1 failReasonFunc)
[xUnit.net 00:00:00.59]            at FluentAssertions.Execution.AssertionScope.FailWith(Func`1 failReasonFunc)
[xUnit.net 00:00:00.59]            at FluentAssertions.Execution.AssertionScope.FailWith(String message, Object[] args)
[xUnit.net 00:00:00.59]            at FluentAssertions.Primitives.ObjectAssertions`2.Be(TSubject expected, String because, Object[] becauseArgs)
[xUnit.net 00:00:00.59]         /Users/santibraida/Workspace/comprobantes/FileContentRenamer.Tests/Services/FilenameGeneratorTests.cs(229,0): at FileContentRenamer.Tests.Services.FilenameGeneratorTests.CleanupFileName_WithVariousInputs_ShouldReturnCleanedName(String input, String expected)
[xUnit.net 00:00:00.59]            at InvokeStub_FilenameGeneratorTests.CleanupFileName_WithVariousInputs_ShouldReturnCleanedName(Object, Span`1)
[xUnit.net 00:00:00.59]            at System.Reflection.MethodBaseInvoker.InvokeWithFewArgs(Object obj, BindingFlags invokeAttr, Binder binder, Object[] parameters, CultureInfo culture)
[xUnit.net 00:00:00.60]       Expected a &lt;System.IO.FileNotFoundException&gt; to be thrown, but no exception was thrown.
[xUnit.net 00:00:00.60]       Stack Trace:
[xUnit.net 00:00:00.60]            at FluentAssertions.Execution.XUnit2TestFramework.Throw(String message)
[xUnit.net 00:00:00.60]            at FluentAssertions.Execution.TestFrameworkProvider.Throw(String message)
[xUnit.net 00:00:00.60]            at FluentAssertions.Execution.DefaultAssertionStrategy.HandleFailure(String message)
[xUnit.net 00:00:00.60]            at FluentAssertions.Execution.AssertionScope.FailWith(Func`1 failReasonFunc)
[xUnit.net 00:00:00.60]            at FluentAssertions.Execution.AssertionScope.FailWith(Func`1 failReasonFunc)
[xUnit.net 00:00:00.60]            at FluentAssertions.Execution.AssertionScope.FailWith(String message)
[xUnit.net 00:00:00.60]            at FluentAssertions.Specialized.DelegateAssertionsBase`2.ThrowInternal[TException](Exception exception, String because, Object[] becauseArgs)
[xUnit.net 00:00:00.60]            at FluentAssertions.Specialized.DelegateAssertions`2.Throw[TException](String because, Object[] becauseArgs)
[xUnit.net 00:00:00.60]         /Users/santibraida/Workspace/comprobantes/FileContentRenamer.Tests/Models/AppConfigTests.cs(116,0): at FileContentRenamer.Tests.Models.AppConfigTests.LoadFromConfiguration_WithMissingConfigFile_ShouldThrowException()
[xUnit.net 00:00:00.60]            at System.RuntimeMethodHandle.InvokeMethod(Object target, Void** arguments, Signature sig, Boolean isConstructor)
[xUnit.net 00:00:00.60]            at System.Reflection.MethodBaseInvoker.InvokeWithNoArgs(Object obj, BindingFlags invokeAttr)
[xUnit.net 00:00:00.60]       Expected result to be "/var/folders/x1/bt0l1hlj3xxfgmlll69gmfr40000gn/T/008cc646-54da-46e6-a021-67de7caaa138/2024/03_marzo/test_2.pdf" with a length of 110, but "/var/folders/x1/bt0l1hlj3xxfgmlll69gmfr40000gn/T/2024/03_marzo/test_4.pdf" has a length of 73, differs near "202" (index 49).
[xUnit.net 00:00:00.60]       Stack Trace:
[xUnit.net 00:00:00.60]            at FluentAssertions.Execution.XUnit2TestFramework.Throw(String message)
[xUnit.net 00:00:00.60]            at FluentAssertions.Execution.TestFrameworkProvider.Throw(String message)
[xUnit.net 00:00:00.60]            at FluentAssertions.Execution.DefaultAssertionStrategy.HandleFailure(String message)
[xUnit.net 00:00:00.60]            at FluentAssertions.Execution.AssertionScope.FailWith(Func`1 failReasonFunc)
[xUnit.net 00:00:00.60]            at FluentAssertions.Execution.AssertionScope.FailWith(Func`1 failReasonFunc)
[xUnit.net 00:00:00.60]            at FluentAssertions.Primitives.StringEqualityValidator.ValidateAgainstLengthDifferences()
[xUnit.net 00:00:00.60]            at FluentAssertions.Primitives.StringValidator.Validate()
[xUnit.net 00:00:00.60]            at FluentAssertions.Primitives.StringAssertions`1.Be(String expected, String because, Object[] becauseArgs)
[xUnit.net 00:00:00.60]         /Users/santibraida/Workspace/comprobantes/FileContentRenamer.Tests/Services/DirectoryOrganizerTests.cs(223,0): at FileContentRenamer.Tests.Services.DirectoryOrganizerTests.OrganizeFileIntoDirectoryStructure_AlreadyInYearFolder_ShouldMoveToMonthFolder()
[xUnit.net 00:00:00.60]            at System.RuntimeMethodHandle.InvokeMethod(Object target, Void** arguments, Signature sig, Boolean isConstructor)
[xUnit.net 00:00:00.60]            at System.Reflection.MethodBaseInvoker.InvokeWithNoArgs(Object obj, BindingFlags invokeAttr)
[xUnit.net 00:00:00.60]       Expected result to be "file__name", but found "file&lt;&gt;name".
[xUnit.net 00:00:00.60]       Stack Trace:
[xUnit.net 00:00:00.60]            at FluentAssertions.Execution.XUnit2TestFramework.Throw(String message)
[xUnit.net 00:00:00.60]            at FluentAssertions.Execution.TestFrameworkProvider.Throw(String message)
[xUnit.net 00:00:00.60]            at FluentAssertions.Execution.DefaultAssertionStrategy.HandleFailure(String message)
[xUnit.net 00:00:00.60]            at FluentAssertions.Execution.AssertionScope.FailWith(Func`1 failReasonFunc)
[xUnit.net 00:00:00.60]            at FluentAssertions.Execution.AssertionScope.FailWith(Func`1 failReasonFunc)
[xUnit.net 00:00:00.60]            at FluentAssertions.Execution.AssertionScope.FailWith(String message, Object[] args)
[xUnit.net 00:00:00.60]            at FluentAssertions.Primitives.ObjectAssertions`2.Be(TSubject expected, String because, Object[] becauseArgs)
[xUnit.net 00:00:00.60]         /Users/santibraida/Workspace/comprobantes/FileContentRenamer.Tests/Services/FilenameGeneratorTests.cs(229,0): at FileContentRenamer.Tests.Services.FilenameGeneratorTests.CleanupFileName_WithVariousInputs_ShouldReturnCleanedName(String input, String expected)
[xUnit.net 00:00:00.60]            at InvokeStub_FilenameGeneratorTests.CleanupFileName_WithVariousInputs_ShouldReturnCleanedName(Object, Span`1)
[xUnit.net 00:00:00.60]            at System.Reflection.MethodBaseInvoker.InvokeWithFewArgs(Object obj, BindingFlags invokeAttr, Binder binder, Object[] parameters, CultureInfo culture)
[xUnit.net 00:00:00.60]       Expected result to be "cleaned_file", but found "unknown_file".
[xUnit.net 00:00:00.60]       Stack Trace:
[xUnit.net 00:00:00.60]            at FluentAssertions.Execution.XUnit2TestFramework.Throw(String message)
[xUnit.net 00:00:00.60]            at FluentAssertions.Execution.TestFrameworkProvider.Throw(String message)
[xUnit.net 00:00:00.60]            at FluentAssertions.Execution.DefaultAssertionStrategy.HandleFailure(String message)
[xUnit.net 00:00:00.60]            at FluentAssertions.Execution.AssertionScope.FailWith(Func`1 failReasonFunc)
[xUnit.net 00:00:00.60]            at FluentAssertions.Execution.AssertionScope.FailWith(Func`1 failReasonFunc)
[xUnit.net 00:00:00.60]            at FluentAssertions.Execution.AssertionScope.FailWith(String message, Object[] args)
[xUnit.net 00:00:00.60]            at FluentAssertions.Primitives.ObjectAssertions`2.Be(TSubject expected, String because, Object[] becauseArgs)
[xUnit.net 00:00:00.60]         /Users/santibraida/Workspace/comprobantes/FileContentRenamer.Tests/Services/FilenameGeneratorTests.cs(229,0): at FileContentRenamer.Tests.Services.FilenameGeneratorTests.CleanupFileName_WithVariousInputs_ShouldReturnCleanedName(String input, String expected)
[xUnit.net 00:00:00.60]            at InvokeStub_FilenameGeneratorTests.CleanupFileName_WithVariousInputs_ShouldReturnCleanedName(Object, Span`1)
[xUnit.net 00:00:00.60]            at System.Reflection.MethodBaseInvoker.InvokeWithFewArgs(Object obj, BindingFlags invokeAttr, Binder binder, Object[] parameters, CultureInfo culture)
[xUnit.net 00:00:00.60]       Expected result to be "file_name", but found "file|name".
[xUnit.net 00:00:00.60]       Stack Trace:
[xUnit.net 00:00:00.60]            at FluentAssertions.Execution.XUnit2TestFramework.Throw(String message)
[xUnit.net 00:00:00.60]            at FluentAssertions.Execution.TestFrameworkProvider.Throw(String message)
[xUnit.net 00:00:00.60]            at FluentAssertions.Execution.DefaultAssertionStrategy.HandleFailure(String message)
[xUnit.net 00:00:00.60]            at FluentAssertions.Execution.AssertionScope.FailWith(Func`1 failReasonFunc)
[xUnit.net 00:00:00.60]            at FluentAssertions.Execution.AssertionScope.FailWith(Func`1 failReasonFunc)
[xUnit.net 00:00:00.60]            at FluentAssertions.Execution.AssertionScope.FailWith(String message, Object[] args)
[xUnit.net 00:00:00.60]            at FluentAssertions.Primitives.ObjectAssertions`2.Be(TSubject expected, String because, Object[] becauseArgs)
[xUnit.net 00:00:00.60]         /Users/santibraida/Workspace/comprobantes/FileContentRenamer.Tests/Services/FilenameGeneratorTests.cs(229,0): at FileContentRenamer.Tests.Services.FilenameGeneratorTests.CleanupFileName_WithVariousInputs_ShouldReturnCleanedName(String input, String expected)
[xUnit.net 00:00:00.60]            at InvokeStub_FilenameGeneratorTests.CleanupFileName_WithVariousInputs_ShouldReturnCleanedName(Object, Span`1)
[xUnit.net 00:00:00.60]            at System.Reflection.MethodBaseInvoker.InvokeWithFewArgs(Object obj, BindingFlags invokeAttr, Binder binder, Object[] parameters, CultureInfo culture)
[xUnit.net 00:00:00.68]       Expected resultList to only have unique items, but items {"/var/folders/x1/bt0l1hlj3xxfgmlll69gmfr40000gn/T/c03a962d-db01-41ab-a778-e0257f4ca72c/concurrent_test_4.txt", "/var/folders/x1/bt0l1hlj3xxfgmlll69gmfr40000gn/T/c03a962d-db01-41ab-a778-e0257f4ca72c/concurrent_test_2.txt"} are not unique.
[xUnit.net 00:00:00.68]       Stack Trace:
[xUnit.net 00:00:00.68]            at FluentAssertions.Execution.XUnit2TestFramework.Throw(String message)
[xUnit.net 00:00:00.68]            at FluentAssertions.Execution.TestFrameworkProvider.Throw(String message)
[xUnit.net 00:00:00.68]            at FluentAssertions.Execution.DefaultAssertionStrategy.HandleFailure(String message)
[xUnit.net 00:00:00.68]            at FluentAssertions.Execution.AssertionScope.FailWith(Func`1 failReasonFunc)
[xUnit.net 00:00:00.68]            at FluentAssertions.Execution.AssertionScope.FailWith(Func`1 failReasonFunc)
[xUnit.net 00:00:00.68]            at FluentAssertions.Execution.AssertionScope.FailWith(String message, Object[] args)
[xUnit.net 00:00:00.68]            at FluentAssertions.Collections.GenericCollectionAssertions`3.OnlyHaveUniqueItems(String because, Object[] becauseArgs)
[xUnit.net 00:00:00.68]         /Users/santibraida/Workspace/comprobantes/FileContentRenamer.Tests/Services/FilenameGeneratorTests.cs(283,0): at FileContentRenamer.Tests.Services.FilenameGeneratorTests.GenerateUniqueFilename_ThreadSafety_ShouldHandleConcurrentCalls()
[xUnit.net 00:00:00.68]         --- End of stack trace from previous location ---
[xUnit.net 00:00:00.73]       Expected result.LastUsedPath to be "/var/folders/x1/bt0l1hlj3xxfgmlll69gmfr40000gn/T/615944b9-07f8-459f-a3cb-976f93a1835d" with a length of 85, but "/Users/santibraida/Downloads/__comprobantes/servicios" has a length of 53, differs near "Use" (index 1).
[xUnit.net 00:00:00.73]       Stack Trace:
[xUnit.net 00:00:00.73]            at FluentAssertions.Execution.XUnit2TestFramework.Throw(String message)
[xUnit.net 00:00:00.73]            at FluentAssertions.Execution.TestFrameworkProvider.Throw(String message)
[xUnit.net 00:00:00.73]            at FluentAssertions.Execution.DefaultAssertionStrategy.HandleFailure(String message)
[xUnit.net 00:00:00.73]            at FluentAssertions.Execution.AssertionScope.FailWith(Func`1 failReasonFunc)
[xUnit.net 00:00:00.73]            at FluentAssertions.Execution.AssertionScope.FailWith(Func`1 failReasonFunc)
[xUnit.net 00:00:00.73]            at FluentAssertions.Primitives.StringEqualityValidator.ValidateAgainstLengthDifferences()
[xUnit.net 00:00:00.73]            at FluentAssertions.Primitives.StringValidator.Validate()
[xUnit.net 00:00:00.73]            at FluentAssertions.Primitives.StringAssertions`1.Be(String expected, String because, Object[] becauseArgs)
[xUnit.net 00:00:00.73]         /Users/santibraida/Workspace/comprobantes/FileContentRenamer.Tests/Models/AppConfigTests.cs(94,0): at FileContentRenamer.Tests.Models.AppConfigTests.LoadFromConfiguration_WithValidConfigFile_ShouldLoadCorrectly()
[xUnit.net 00:00:00.73]            at System.RuntimeMethodHandle.InvokeMethod(Object target, Void** arguments, Signature sig, Boolean isConstructor)
[xUnit.net 00:00:00.73]            at System.Reflection.MethodBaseInvoker.InvokeWithNoArgs(Object obj, BindingFlags invokeAttr)
[xUnit.net 00:00:00.73]       Expected result to be "test.pdf" with a length of 8, but "test_2025-08-11_card.pdf" has a length of 24, differs near "_20" (index 4).
[xUnit.net 00:00:00.73]       Stack Trace:
[xUnit.net 00:00:00.73]            at FluentAssertions.Execution.XUnit2TestFramework.Throw(String message)
[xUnit.net 00:00:00.73]            at FluentAssertions.Execution.TestFrameworkProvider.Throw(String message)
[xUnit.net 00:00:00.73]            at FluentAssertions.Execution.DefaultAssertionStrategy.HandleFailure(String message)
[xUnit.net 00:00:00.73]            at FluentAssertions.Execution.AssertionScope.FailWith(Func`1 failReasonFunc)
[xUnit.net 00:00:00.73]            at FluentAssertions.Execution.AssertionScope.FailWith(Func`1 failReasonFunc)
[xUnit.net 00:00:00.73]            at FluentAssertions.Primitives.StringEqualityValidator.ValidateAgainstLengthDifferences()
[xUnit.net 00:00:00.73]            at FluentAssertions.Primitives.StringValidator.Validate()
[xUnit.net 00:00:00.73]            at FluentAssertions.Primitives.StringAssertions`1.Be(String expected, String because, Object[] becauseArgs)
[xUnit.net 00:00:00.73]         /Users/santibraida/Workspace/comprobantes/FileContentRenamer.Tests/Services/FilenameGeneratorTests.cs(245,0): at FileContentRenamer.Tests.Services.FilenameGeneratorTests.GenerateFilename_WithNullDirectory_ShouldReturnOriginalFilename()
[xUnit.net 00:00:00.73]            at System.RuntimeMethodHandle.InvokeMethod(Object target, Void** arguments, Signature sig, Boolean isConstructor)
[xUnit.net 00:00:00.73]            at System.Reflection.MethodBaseInvoker.InvokeWithNoArgs(Object obj, BindingFlags invokeAttr)
[xUnit.net 00:00:00.75]       Expected a &lt;System.Exception&gt; to be thrown, but no exception was thrown.
[xUnit.net 00:00:00.75]       Stack Trace:
[xUnit.net 00:00:00.75]            at FluentAssertions.Execution.XUnit2TestFramework.Throw(String message)
[xUnit.net 00:00:00.75]            at FluentAssertions.Execution.TestFrameworkProvider.Throw(String message)
[xUnit.net 00:00:00.75]            at FluentAssertions.Execution.DefaultAssertionStrategy.HandleFailure(String message)
[xUnit.net 00:00:00.75]            at FluentAssertions.Execution.AssertionScope.FailWith(Func`1 failReasonFunc)
[xUnit.net 00:00:00.75]            at FluentAssertions.Execution.AssertionScope.FailWith(Func`1 failReasonFunc)
[xUnit.net 00:00:00.75]            at FluentAssertions.Execution.AssertionScope.FailWith(String message)
[xUnit.net 00:00:00.75]            at FluentAssertions.Specialized.DelegateAssertionsBase`2.ThrowInternal[TException](Exception exception, String because, Object[] becauseArgs)
[xUnit.net 00:00:00.75]            at FluentAssertions.Specialized.DelegateAssertions`2.Throw[TException](String because, Object[] becauseArgs)
[xUnit.net 00:00:00.75]         /Users/santibraida/Workspace/comprobantes/FileContentRenamer.Tests/Models/AppConfigTests.cs(141,0): at FileContentRenamer.Tests.Models.AppConfigTests.LoadFromConfiguration_WithInvalidJson_ShouldThrowException()
[xUnit.net 00:00:00.75]            at System.RuntimeMethodHandle.InvokeMethod(Object target, Void** arguments, Signature sig, Boolean isConstructor)
[xUnit.net 00:00:00.75]            at System.Reflection.MethodBaseInvoker.InvokeWithNoArgs(Object obj, BindingFlags invokeAttr)
[xUnit.net 00:00:00.75]       Expected result.ForceReprocessAlreadyNamed to be False, but found True.
[xUnit.net 00:00:00.75]       Stack Trace:
[xUnit.net 00:00:00.75]            at FluentAssertions.Execution.XUnit2TestFramework.Throw(String message)
[xUnit.net 00:00:00.75]            at FluentAssertions.Execution.TestFrameworkProvider.Throw(String message)
[xUnit.net 00:00:00.75]            at FluentAssertions.Execution.DefaultAssertionStrategy.HandleFailure(String message)
[xUnit.net 00:00:00.75]            at FluentAssertions.Execution.AssertionScope.FailWith(Func`1 failReasonFunc)
[xUnit.net 00:00:00.75]            at FluentAssertions.Execution.AssertionScope.FailWith(Func`1 failReasonFunc)
[xUnit.net 00:00:00.75]            at FluentAssertions.Execution.AssertionScope.FailWith(String message, Object[] args)
[xUnit.net 00:00:00.75]            at FluentAssertions.Primitives.BooleanAssertions`1.BeFalse(String because, Object[] becauseArgs)
[xUnit.net 00:00:00.75]         /Users/santibraida/Workspace/comprobantes/FileContentRenamer.Tests/Models/AppConfigTests.cs(196,0): at FileContentRenamer.Tests.Models.AppConfigTests.LoadFromConfiguration_WithPartialConfig_ShouldUseDefaultsForMissingValues()
[xUnit.net 00:00:00.75]            at System.RuntimeMethodHandle.InvokeMethod(Object target, Void** arguments, Signature sig, Boolean isConstructor)
[xUnit.net 00:00:00.75]            at System.Reflection.MethodBaseInvoker.InvokeWithNoArgs(Object obj, BindingFlags invokeAttr)
[xUnit.net 00:00:01.11]       Expected a &lt;System.InvalidOperationException&gt; to be thrown, but no exception was thrown.
[xUnit.net 00:00:01.11]       Stack Trace:
[xUnit.net 00:00:01.11]            at FluentAssertions.Execution.XUnit2TestFramework.Throw(String message)
[xUnit.net 00:00:01.11]            at FluentAssertions.Execution.TestFrameworkProvider.Throw(String message)
[xUnit.net 00:00:01.11]            at FluentAssertions.Execution.DefaultAssertionStrategy.HandleFailure(String message)
[xUnit.net 00:00:01.11]            at FluentAssertions.Execution.AssertionScope.FailWith(Func`1 failReasonFunc)
[xUnit.net 00:00:01.11]            at FluentAssertions.Execution.AssertionScope.FailWith(Func`1 failReasonFunc)
[xUnit.net 00:00:01.11]            at FluentAssertions.Execution.AssertionScope.FailWith(String message)
[xUnit.net 00:00:01.11]            at FluentAssertions.Specialized.DelegateAssertionsBase`2.ThrowInternal[TException](Exception exception, String because, Object[] becauseArgs)
[xUnit.net 00:00:01.11]            at FluentAssertions.Specialized.DelegateAssertions`2.Throw[TException](String because, Object[] becauseArgs)
[xUnit.net 00:00:01.11]         /Users/santibraida/Workspace/comprobantes/FileContentRenamer.Tests/Models/AppConfigTests.cs(161,0): at FileContentRenamer.Tests.Models.AppConfigTests.LoadFromConfiguration_WithEmptyConfig_ShouldThrowException()
[xUnit.net 00:00:01.11]            at System.RuntimeMethodHandle.InvokeMethod(Object target, Void** arguments, Signature sig, Boolean isConstructor)
[xUnit.net 00:00:01.11]            at System.Reflection.MethodBaseInvoker.InvokeWithNoArgs(Object obj, BindingFlags invokeAttr)
[xUnit.net 00:00:01.18]       Expected a &lt;System.InvalidOperationException&gt; to be thrown, but no exception was thrown.
[xUnit.net 00:00:01.18]       Stack Trace:
[xUnit.net 00:00:01.18]            at FluentAssertions.Execution.XUnit2TestFramework.Throw(String message)
[xUnit.net 00:00:01.18]            at FluentAssertions.Execution.TestFrameworkProvider.Throw(String message)
[xUnit.net 00:00:01.18]            at FluentAssertions.Execution.DefaultAssertionStrategy.HandleFailure(String message)
[xUnit.net 00:00:01.18]            at FluentAssertions.Execution.AssertionScope.FailWith(Func`1 failReasonFunc)
[xUnit.net 00:00:01.18]            at FluentAssertions.Execution.AssertionScope.FailWith(Func`1 failReasonFunc)
[xUnit.net 00:00:01.18]            at FluentAssertions.Execution.AssertionScope.FailWith(String message)
[xUnit.net 00:00:01.18]            at FluentAssertions.Specialized.DelegateAssertionsBase`2.ThrowInternal[TException](Exception exception, String because, Object[] becauseArgs)
[xUnit.net 00:00:01.18]            at FluentAssertions.Specialized.DelegateAssertions`2.Throw[TException](String because, Object[] becauseArgs)
[xUnit.net 00:00:01.18]         /Users/santibraida/Workspace/comprobantes/FileContentRenamer.Tests/Models/AppConfigTests.cs(260,0): at FileContentRenamer.Tests.Models.AppConfigTests.LoadFromConfiguration_WithMissingFileExtensions_ShouldThrowException()
[xUnit.net 00:00:01.18]            at System.RuntimeMethodHandle.InvokeMethod(Object target, Void** arguments, Signature sig, Boolean isConstructor)
[xUnit.net 00:00:01.18]            at System.Reflection.MethodBaseInvoker.InvokeWithNoArgs(Object obj, BindingFlags invokeAttr)
[xUnit.net 00:00:01.83]       Expected a &lt;System.ArgumentNullException&gt; to be thrown, but found &lt;System.NullReferenceException&gt;:
[xUnit.net 00:00:01.83]       System.NullReferenceException: Object reference not set to an instance of an object.
[xUnit.net 00:00:01.83]          at FileContentRenamer.Services.ImageProcessor.VerifyTesseractAvailability() in /Users/santibraida/Workspace/comprobantes/FileContentRenamer/Services/ImageProcessor.cs:line 21
[xUnit.net 00:00:01.83]          at FileContentRenamer.Services.ImageProcessor..ctor(AppConfig config) in /Users/santibraida/Workspace/comprobantes/FileContentRenamer/Services/ImageProcessor.cs:line 15
[xUnit.net 00:00:01.83]          at FileContentRenamer.Tests.Services.ImageProcessorTests.&lt;&gt;c.&lt;Constructor_WithNullConfig_ShouldThrowArgumentNullException&gt;b__14_0() in /Users/santibraida/Workspace/comprobantes/FileContentRenamer.Tests/Services/ImageProcessorTests.cs:line 193
[xUnit.net 00:00:01.83]          at FluentAssertions.Specialized.ActionAssertions.InvokeSubject()
[xUnit.net 00:00:01.83]          at FluentAssertions.Specialized.DelegateAssertions`2.InvokeSubjectWithInterception().
[xUnit.net 00:00:01.83]       Stack Trace:
[xUnit.net 00:00:01.83]            at FluentAssertions.Execution.XUnit2TestFramework.Throw(String message)
[xUnit.net 00:00:01.83]            at FluentAssertions.Execution.TestFrameworkProvider.Throw(String message)
[xUnit.net 00:00:01.83]            at FluentAssertions.Execution.DefaultAssertionStrategy.HandleFailure(String message)
[xUnit.net 00:00:01.83]            at FluentAssertions.Execution.AssertionScope.FailWith(Func`1 failReasonFunc)
[xUnit.net 00:00:01.83]            at FluentAssertions.Execution.AssertionScope.FailWith(Func`1 failReasonFunc)
[xUnit.net 00:00:01.83]            at FluentAssertions.Execution.AssertionScope.FailWith(String message, Object[] args)
[xUnit.net 00:00:01.83]            at FluentAssertions.Specialized.DelegateAssertionsBase`2.ThrowInternal[TException](Exception exception, String because, Object[] becauseArgs)
[xUnit.net 00:00:01.83]            at FluentAssertions.Specialized.DelegateAssertions`2.Throw[TException](String because, Object[] becauseArgs)
[xUnit.net 00:00:01.83]         /Users/santibraida/Workspace/comprobantes/FileContentRenamer.Tests/Services/ImageProcessorTests.cs(194,0): at FileContentRenamer.Tests.Services.ImageProcessorTests.Constructor_WithNullConfig_ShouldThrowArgumentNullException()
[xUnit.net 00:00:01.83]            at System.RuntimeMethodHandle.InvokeMethod(Object target, Void** arguments, Signature sig, Boolean isConstructor)
[xUnit.net 00:00:01.83]            at System.Reflection.MethodBaseInvoker.InvokeWithNoArgs(Object obj, BindingFlags invokeAttr)
[xUnit.net 00:00:02.09]   Finished:    FileContentRenamer.Tests
</StdOut>
    </Output>
    <RunInfos>
      <RunInfo computerName="MacBook-Pro" outcome="Error" timestamp="2025-08-11T23:39:58.2718710-03:00">
        <Text>[xUnit.net 00:00:00.59]     FileContentRenamer.Tests.Services.FilenameGeneratorTests.CleanupFileName_WithVariousInputs_ShouldReturnCleanedName(input: "file:name", expected: "file_name") [FAIL]</Text>
      </RunInfo>
      <RunInfo computerName="MacBook-Pro" outcome="Error" timestamp="2025-08-11T23:39:58.2864910-03:00">
        <Text>[xUnit.net 00:00:00.60]     FileContentRenamer.Tests.Models.AppConfigTests.LoadFromConfiguration_WithMissingConfigFile_ShouldThrowException [FAIL]</Text>
      </RunInfo>
      <RunInfo computerName="MacBook-Pro" outcome="Error" timestamp="2025-08-11T23:39:58.2865770-03:00">
        <Text>[xUnit.net 00:00:00.60]     FileContentRenamer.Tests.Services.DirectoryOrganizerTests.OrganizeFileIntoDirectoryStructure_AlreadyInYearFolder_ShouldMoveToMonthFolder [FAIL]</Text>
      </RunInfo>
      <RunInfo computerName="MacBook-Pro" outcome="Error" timestamp="2025-08-11T23:39:58.2866450-03:00">
        <Text>[xUnit.net 00:00:00.60]     FileContentRenamer.Tests.Services.FilenameGeneratorTests.CleanupFileName_WithVariousInputs_ShouldReturnCleanedName(input: "file&lt;&gt;name", expected: "file__name") [FAIL]</Text>
      </RunInfo>
      <RunInfo computerName="MacBook-Pro" outcome="Error" timestamp="2025-08-11T23:39:58.2867120-03:00">
        <Text>[xUnit.net 00:00:00.60]     FileContentRenamer.Tests.Services.FilenameGeneratorTests.CleanupFileName_WithVariousInputs_ShouldReturnCleanedName(input: "", expected: "cleaned_file") [FAIL]</Text>
      </RunInfo>
      <RunInfo computerName="MacBook-Pro" outcome="Error" timestamp="2025-08-11T23:39:58.2904270-03:00">
        <Text>[xUnit.net 00:00:00.60]     FileContentRenamer.Tests.Services.FilenameGeneratorTests.CleanupFileName_WithVariousInputs_ShouldReturnCleanedName(input: "file|name", expected: "file_name") [FAIL]</Text>
      </RunInfo>
      <RunInfo computerName="MacBook-Pro" outcome="Error" timestamp="2025-08-11T23:39:58.3599670-03:00">
        <Text>[xUnit.net 00:00:00.68]     FileContentRenamer.Tests.Services.FilenameGeneratorTests.GenerateUniqueFilename_ThreadSafety_ShouldHandleConcurrentCalls [FAIL]</Text>
      </RunInfo>
      <RunInfo computerName="MacBook-Pro" outcome="Error" timestamp="2025-08-11T23:39:58.4074770-03:00">
        <Text>[xUnit.net 00:00:00.73]     FileContentRenamer.Tests.Models.AppConfigTests.LoadFromConfiguration_WithValidConfigFile_ShouldLoadCorrectly [FAIL]</Text>
      </RunInfo>
      <RunInfo computerName="MacBook-Pro" outcome="Error" timestamp="2025-08-11T23:39:58.4075500-03:00">
        <Text>[xUnit.net 00:00:00.73]     FileContentRenamer.Tests.Services.FilenameGeneratorTests.GenerateFilename_WithNullDirectory_ShouldReturnOriginalFilename [FAIL]</Text>
      </RunInfo>
      <RunInfo computerName="MacBook-Pro" outcome="Error" timestamp="2025-08-11T23:39:58.4266250-03:00">
        <Text>[xUnit.net 00:00:00.75]     FileContentRenamer.Tests.Models.AppConfigTests.LoadFromConfiguration_WithInvalidJson_ShouldThrowException [FAIL]</Text>
      </RunInfo>
      <RunInfo computerName="MacBook-Pro" outcome="Error" timestamp="2025-08-11T23:39:58.4304780-03:00">
        <Text>[xUnit.net 00:00:00.75]     FileContentRenamer.Tests.Models.AppConfigTests.LoadFromConfiguration_WithPartialConfig_ShouldUseDefaultsForMissingValues [FAIL]</Text>
      </RunInfo>
      <RunInfo computerName="MacBook-Pro" outcome="Error" timestamp="2025-08-11T23:39:58.7927290-03:00">
        <Text>[xUnit.net 00:00:01.11]     FileContentRenamer.Tests.Models.AppConfigTests.LoadFromConfiguration_WithEmptyConfig_ShouldThrowException [FAIL]</Text>
      </RunInfo>
      <RunInfo computerName="MacBook-Pro" outcome="Error" timestamp="2025-08-11T23:39:58.8545060-03:00">
        <Text>[xUnit.net 00:00:01.18]     FileContentRenamer.Tests.Models.AppConfigTests.LoadFromConfiguration_WithMissingFileExtensions_ShouldThrowException [FAIL]</Text>
      </RunInfo>
      <RunInfo computerName="MacBook-Pro" outcome="Error" timestamp="2025-08-11T23:39:59.5061880-03:00">
        <Text>[xUnit.net 00:00:01.83]     FileContentRenamer.Tests.Services.ImageProcessorTests.Constructor_WithNullConfig_ShouldThrowArgumentNullException [FAIL]</Text>
      </RunInfo>
    </RunInfos>
    <CollectorDataEntries>
      <Collector agentName="MacBook-Pro" uri="datacollector://microsoft/CoverletCodeCoverage/1.0" collectorDisplayName="XPlat code coverage">
        <UriAttachments>
          <UriAttachment>
            <A href="MacBook-Pro/coverage.cobertura.xml"></A>
          </UriAttachment>
        </UriAttachments>
      </Collector>
    </CollectorDataEntries>
  </ResultSummary>
</TestRun>