<?xml version="1.0" encoding="utf-8"?>
<TestRun id="58d255cc-90b8-4340-a9ce-240be78b961d" name="@MacBook-Pro 2025-08-11 23:52:26" xmlns="http://microsoft.com/schemas/VisualStudio/TeamTest/2010">
  <Times creation="2025-08-11T23:52:26.6917470-03:00" queuing="2025-08-11T23:52:26.6917470-03:00" start="2025-08-11T23:52:25.5900590-03:00" finish="2025-08-11T23:52:29.2924200-03:00" />
  <TestSettings name="default" id="d4166679-a01d-43c1-b37e-cd6ce301f5ec">
    <Deployment runDeploymentRoot="_MacBook-Pro_2025-08-11_23_52_26" />
  </TestSettings>
  <Results>
    <UnitTestResult executionId="f411a2af-bbc6-4583-be7e-3b1dc174e600" testId="2a25c3ee-59d0-2484-ec0d-75637450d1ba" testName="FileContentRenamer.Tests.Services.ImageProcessorTests.CanProcess_WithImageExtensionsDifferentCasing_ShouldReturnTrue(extension: &quot;.TIF&quot;)" computerName="MacBook-Pro" duration="00:00:00.0288189" startTime="2025-08-11T23:52:27.8215090-03:00" endTime="2025-08-11T23:52:27.8301550-03:00" testType="13cdc9d9-ddb5-4fa4-a97d-d965ccfc6d4b" outcome="Passed" testListId="8c84fa94-04c1-424b-9868-57a2d4851a1d" relativeResultsDirectory="f411a2af-bbc6-4583-be7e-3b1dc174e600" />
    <UnitTestResult executionId="b8bb1f8c-ee1f-4807-a2b5-504e0d84ee57" testId="67877ab3-cd79-0712-f2c5-84dba6ba53b5" testName="FileContentRenamer.Tests.Services.FileValidatorTests.ShouldProcessFile_WithNullPath_ShouldReturnFalse" computerName="MacBook-Pro" duration="00:00:00.0001405" startTime="2025-08-11T23:52:26.9742410-03:00" endTime="2025-08-11T23:52:26.9745210-03:00" testType="13cdc9d9-ddb5-4fa4-a97d-d965ccfc6d4b" outcome="Passed" testListId="8c84fa94-04c1-424b-9868-57a2d4851a1d" relativeResultsDirectory="b8bb1f8c-ee1f-4807-a2b5-504e0d84ee57" />
    <UnitTestResult executionId="387b93c7-507d-452c-bf6e-3243cf3443de" testId="411f59f3-34f9-62ac-9b26-0c3528e0b2f7" testName="FileContentRenamer.Tests.Services.FilenameGeneratorTests.IsAlreadyNamedFilename_WithInvalidFormats_ShouldReturnFalse(filename: &quot;service_15-03-2024_payment&quot;)" computerName="MacBook-Pro" duration="00:00:00.0000079" startTime="2025-08-11T23:52:26.9038660-03:00" endTime="2025-08-11T23:52:26.9038910-03:00" testType="13cdc9d9-ddb5-4fa4-a97d-d965ccfc6d4b" outcome="Passed" testListId="8c84fa94-04c1-424b-9868-57a2d4851a1d" relativeResultsDirectory="387b93c7-507d-452c-bf6e-3243cf3443de" />
    <UnitTestResult executionId="5b1c2773-edfc-40b6-97f7-b244fcb712bd" testId="ae4c83e6-0f4d-65f8-22c1-23c6464f33a2" testName="FileContentRenamer.Tests.Services.TextProcessorTests.CanProcess_WithTxtExtensionDifferentCasing_ShouldReturnTrue(filename: &quot;test.Txt&quot;)" computerName="MacBook-Pro" duration="00:00:00.0001014" startTime="2025-08-11T23:52:26.8425540-03:00" endTime="2025-08-11T23:52:26.8425970-03:00" testType="13cdc9d9-ddb5-4fa4-a97d-d965ccfc6d4b" outcome="Passed" testListId="8c84fa94-04c1-424b-9868-57a2d4851a1d" relativeResultsDirectory="5b1c2773-edfc-40b6-97f7-b244fcb712bd" />
    <UnitTestResult executionId="18d5707f-efd3-4ced-bcad-8cb771ef538c" testId="629bee42-ada7-f7dc-8b40-5f275846573e" testName="FileContentRenamer.Tests.Services.DateExtractorEnhancedTests.ExtractDateFromContent_WithEnglishMonthNames_ShouldExtractCorrectDate(content: &quot;March 15, 2024&quot;, expected: &quot;2024-03-15&quot;)" computerName="MacBook-Pro" duration="00:00:00.0003058" startTime="2025-08-11T23:52:27.3345720-03:00" endTime="2025-08-11T23:52:27.3358310-03:00" testType="13cdc9d9-ddb5-4fa4-a97d-d965ccfc6d4b" outcome="Failed" testListId="8c84fa94-04c1-424b-9868-57a2d4851a1d" relativeResultsDirectory="18d5707f-efd3-4ced-bcad-8cb771ef538c">
      <Output>
        <ErrorInfo>
          <Message>Expected result to be "2024-03-15" with a length of 10, but "" has a length of 0, differs near "" (index 0).</Message>
          <StackTrace>   at FluentAssertions.Execution.XUnit2TestFramework.Throw(String message)
   at FluentAssertions.Execution.TestFrameworkProvider.Throw(String message)
   at FluentAssertions.Execution.DefaultAssertionStrategy.HandleFailure(String message)
   at FluentAssertions.Execution.AssertionScope.FailWith(Func`1 failReasonFunc)
   at FluentAssertions.Execution.AssertionScope.FailWith(Func`1 failReasonFunc)
   at FluentAssertions.Primitives.StringEqualityValidator.ValidateAgainstLengthDifferences()
   at FluentAssertions.Primitives.StringValidator.Validate()
   at FluentAssertions.Primitives.StringAssertions`1.Be(String expected, String because, Object[] becauseArgs)
   at FileContentRenamer.Tests.Services.DateExtractorEnhancedTests.ExtractDateFromContent_WithEnglishMonthNames_ShouldExtractCorrectDate(String content, String expected) in /Users/santibraida/Workspace/comprobantes/FileContentRenamer.Tests/Services/DateExtractorEnhancedTests.cs:line 85
   at InvokeStub_DateExtractorEnhancedTests.ExtractDateFromContent_WithEnglishMonthNames_ShouldExtractCorrectDate(Object, Span`1)
   at System.Reflection.MethodBaseInvoker.InvokeWithFewArgs(Object obj, BindingFlags invokeAttr, Binder binder, Object[] parameters, CultureInfo culture)</StackTrace>
        </ErrorInfo>
      </Output>
    </UnitTestResult>
    <UnitTestResult executionId="d59ea55a-b20e-4603-8f71-1d8ac5c88070" testId="f23379d7-78c4-9613-54fe-537fd665f06d" testName="FileContentRenamer.Tests.Models.NamingRuleTests.Matches_WithEmptyContent_ShouldReturnFalse" computerName="MacBook-Pro" duration="00:00:00.0000582" startTime="2025-08-11T23:52:27.2127050-03:00" endTime="2025-08-11T23:52:27.2127380-03:00" testType="13cdc9d9-ddb5-4fa4-a97d-d965ccfc6d4b" outcome="Passed" testListId="8c84fa94-04c1-424b-9868-57a2d4851a1d" relativeResultsDirectory="d59ea55a-b20e-4603-8f71-1d8ac5c88070" />
    <UnitTestResult executionId="574cec70-328e-4897-94fe-ae450c0da6ca" testId="a7083064-b46e-e511-491b-e958a5ce24b2" testName="FileContentRenamer.Tests.Services.DateExtractorEnhancedTests.ExtractDateFromContent_WithEnglishMonthNames_ShouldExtractCorrectDate(content: &quot;October 22, 2024&quot;, expected: &quot;2024-10-22&quot;)" computerName="MacBook-Pro" duration="00:00:00.0008443" startTime="2025-08-11T23:52:27.2907830-03:00" endTime="2025-08-11T23:52:27.2915660-03:00" testType="13cdc9d9-ddb5-4fa4-a97d-d965ccfc6d4b" outcome="Failed" testListId="8c84fa94-04c1-424b-9868-57a2d4851a1d" relativeResultsDirectory="574cec70-328e-4897-94fe-ae450c0da6ca">
      <Output>
        <ErrorInfo>
          <Message>Expected result to be "2024-10-22" with a length of 10, but "" has a length of 0, differs near "" (index 0).</Message>
          <StackTrace>   at FluentAssertions.Execution.XUnit2TestFramework.Throw(String message)
   at FluentAssertions.Execution.TestFrameworkProvider.Throw(String message)
   at FluentAssertions.Execution.DefaultAssertionStrategy.HandleFailure(String message)
   at FluentAssertions.Execution.AssertionScope.FailWith(Func`1 failReasonFunc)
   at FluentAssertions.Execution.AssertionScope.FailWith(Func`1 failReasonFunc)
   at FluentAssertions.Primitives.StringEqualityValidator.ValidateAgainstLengthDifferences()
   at FluentAssertions.Primitives.StringValidator.Validate()
   at FluentAssertions.Primitives.StringAssertions`1.Be(String expected, String because, Object[] becauseArgs)
   at FileContentRenamer.Tests.Services.DateExtractorEnhancedTests.ExtractDateFromContent_WithEnglishMonthNames_ShouldExtractCorrectDate(String content, String expected) in /Users/santibraida/Workspace/comprobantes/FileContentRenamer.Tests/Services/DateExtractorEnhancedTests.cs:line 85
   at InvokeStub_DateExtractorEnhancedTests.ExtractDateFromContent_WithEnglishMonthNames_ShouldExtractCorrectDate(Object, Span`1)
   at System.Reflection.MethodBaseInvoker.InvokeWithFewArgs(Object obj, BindingFlags invokeAttr, Binder binder, Object[] parameters, CultureInfo culture)</StackTrace>
        </ErrorInfo>
      </Output>
    </UnitTestResult>
    <UnitTestResult executionId="b57c9d87-246c-4b11-92eb-2b42ce1d4348" testId="63740491-dbe7-68e1-03c8-149486e0c4ce" testName="FileContentRenamer.Tests.Services.DirectoryOrganizerTests.IsInYearMonthStructure_WithMonthInYearFolder_ShouldReturnTrue" computerName="MacBook-Pro" duration="00:00:00.0004177" startTime="2025-08-11T23:52:27.0578680-03:00" endTime="2025-08-11T23:52:27.0584160-03:00" testType="13cdc9d9-ddb5-4fa4-a97d-d965ccfc6d4b" outcome="Passed" testListId="8c84fa94-04c1-424b-9868-57a2d4851a1d" relativeResultsDirectory="b57c9d87-246c-4b11-92eb-2b42ce1d4348" />
    <UnitTestResult executionId="2685fb12-5ce4-480f-845a-4965df10b202" testId="19ed11aa-a710-6873-89bb-77d5892f3032" testName="FileContentRenamer.Tests.Services.TextProcessorTests.ExtractContentAsync_WithEmptyFile_ShouldReturnEmptyString" computerName="MacBook-Pro" duration="00:00:00.0968288" startTime="2025-08-11T23:52:26.8416100-03:00" endTime="2025-08-11T23:52:26.8416520-03:00" testType="13cdc9d9-ddb5-4fa4-a97d-d965ccfc6d4b" outcome="Passed" testListId="8c84fa94-04c1-424b-9868-57a2d4851a1d" relativeResultsDirectory="2685fb12-5ce4-480f-845a-4965df10b202" />
    <UnitTestResult executionId="99602306-8153-4abd-b1e3-95fe31eb23ff" testId="1b098cf3-2b75-710f-6b41-a5d341a48290" testName="FileContentRenamer.Tests.Services.DateExtractorAdditionalTests.ExtractDateFromContent_WithMultipleDates_ShouldReturnFirst" computerName="MacBook-Pro" duration="00:00:00.0491322" startTime="2025-08-11T23:52:27.2913490-03:00" endTime="2025-08-11T23:52:27.3132650-03:00" testType="13cdc9d9-ddb5-4fa4-a97d-d965ccfc6d4b" outcome="Passed" testListId="8c84fa94-04c1-424b-9868-57a2d4851a1d" relativeResultsDirectory="99602306-8153-4abd-b1e3-95fe31eb23ff" />
    <UnitTestResult executionId="5a1dcd9b-8b0d-4ffe-887e-06a83e27790e" testId="8c36f3a4-ca31-a9e9-241d-dbc70385ef49" testName="FileContentRenamer.Tests.Services.ImageProcessorTests.CanProcess_WithNonImageExtension_ShouldReturnFalse(extension: &quot;.mp4&quot;)" computerName="MacBook-Pro" duration="00:00:00.0291219" startTime="2025-08-11T23:52:27.3357870-03:00" endTime="2025-08-11T23:52:27.3678220-03:00" testType="13cdc9d9-ddb5-4fa4-a97d-d965ccfc6d4b" outcome="Passed" testListId="8c84fa94-04c1-424b-9868-57a2d4851a1d" relativeResultsDirectory="5a1dcd9b-8b0d-4ffe-887e-06a83e27790e" />
    <UnitTestResult executionId="cb45cead-3f7b-44e0-afc9-53370af40a00" testId="795f8691-da02-dc90-c006-df2b05e484b8" testName="FileContentRenamer.Tests.Services.DirectoryOrganizerTests.IsInYearMonthStructure_WithYearFolder_ShouldReturnTrue" computerName="MacBook-Pro" duration="00:00:00.0002977" startTime="2025-08-11T23:52:27.0587080-03:00" endTime="2025-08-11T23:52:27.0590490-03:00" testType="13cdc9d9-ddb5-4fa4-a97d-d965ccfc6d4b" outcome="Passed" testListId="8c84fa94-04c1-424b-9868-57a2d4851a1d" relativeResultsDirectory="cb45cead-3f7b-44e0-afc9-53370af40a00" />
    <UnitTestResult executionId="81e63e2b-af97-4b6e-9e5f-57b2893d2a38" testId="ffc9ee14-de78-f399-078f-7fc04b3e90a3" testName="FileContentRenamer.Tests.Services.DirectoryOrganizerAdditionalTests.OrganizeFileIntoDirectoryStructure_WithAllMonths_ShouldCreateCorrectStructure(dateStr: &quot;2023-04-15&quot;, expectedMonth: &quot;04_abril&quot;)" computerName="MacBook-Pro" duration="00:00:00.0008069" startTime="2025-08-11T23:52:26.8038200-03:00" endTime="2025-08-11T23:52:26.8044750-03:00" testType="13cdc9d9-ddb5-4fa4-a97d-d965ccfc6d4b" outcome="Passed" testListId="8c84fa94-04c1-424b-9868-57a2d4851a1d" relativeResultsDirectory="81e63e2b-af97-4b6e-9e5f-57b2893d2a38" />
    <UnitTestResult executionId="6336cc15-530a-439f-bfb6-1f571bd52f38" testId="8bf8da02-6c6e-2191-c936-6121db66d388" testName="FileContentRenamer.Tests.Services.PdfProcessorTests.CanProcess_WithPdfExtensionVariations_ShouldReturnTrue(filename: &quot;DOCUMENT.PDF&quot;)" computerName="MacBook-Pro" duration="00:00:00.0006462" startTime="2025-08-11T23:52:27.2118370-03:00" endTime="2025-08-11T23:52:27.2370230-03:00" testType="13cdc9d9-ddb5-4fa4-a97d-d965ccfc6d4b" outcome="Passed" testListId="8c84fa94-04c1-424b-9868-57a2d4851a1d" relativeResultsDirectory="6336cc15-530a-439f-bfb6-1f571bd52f38" />
    <UnitTestResult executionId="aae30256-a254-47ff-b6c6-ef58e9de2e2a" testId="d928fd2c-924f-38de-6b58-5c8ead779399" testName="FileContentRenamer.Tests.Services.ImageProcessorTests.CanProcess_WithImageExtensions_ShouldReturnTrue(extension: &quot;.tiff&quot;)" computerName="MacBook-Pro" duration="00:00:00.0469545" startTime="2025-08-11T23:52:27.4924280-03:00" endTime="2025-08-11T23:52:27.4924680-03:00" testType="13cdc9d9-ddb5-4fa4-a97d-d965ccfc6d4b" outcome="Passed" testListId="8c84fa94-04c1-424b-9868-57a2d4851a1d" relativeResultsDirectory="aae30256-a254-47ff-b6c6-ef58e9de2e2a" />
    <UnitTestResult executionId="5f7db950-8d02-4e81-93b5-6bb362be44e6" testId="9bedcbf1-e681-ce6a-b113-25e2deb4a524" testName="FileContentRenamer.Tests.Services.DateExtractorTests.ExtractDateFromContent_WithEmissionDateFormat_ShouldReturnCorrectDate" computerName="MacBook-Pro" duration="00:00:00.0000569" startTime="2025-08-11T23:52:26.6621080-03:00" endTime="2025-08-11T23:52:26.6621360-03:00" testType="13cdc9d9-ddb5-4fa4-a97d-d965ccfc6d4b" outcome="Passed" testListId="8c84fa94-04c1-424b-9868-57a2d4851a1d" relativeResultsDirectory="5f7db950-8d02-4e81-93b5-6bb362be44e6" />
    <UnitTestResult executionId="29cdb7c5-d558-4281-927f-c0af5f62bbda" testId="ae46ec5c-7f7f-c8d8-b22b-c6a93692a055" testName="FileContentRenamer.Tests.Services.TextProcessorTests.ExtractContentAsync_WithExactly1000Characters_ShouldReturnAllContent" computerName="MacBook-Pro" duration="00:00:00.0510040" startTime="2025-08-11T23:52:26.8390130-03:00" endTime="2025-08-11T23:52:26.8390640-03:00" testType="13cdc9d9-ddb5-4fa4-a97d-d965ccfc6d4b" outcome="Passed" testListId="8c84fa94-04c1-424b-9868-57a2d4851a1d" relativeResultsDirectory="29cdb7c5-d558-4281-927f-c0af5f62bbda" />
    <UnitTestResult executionId="7d30e837-a2a7-4e8d-b04d-c24b37afbeab" testId="b88cda59-316a-d792-4d81-e490d0212c2d" testName="FileContentRenamer.Tests.Services.DirectoryOrganizerTests.GetMonthName_WithValidMonth_ShouldReturnSpanishName(monthNumber: 3, expected: &quot;marzo&quot;)" computerName="MacBook-Pro" duration="00:00:00.0000897" startTime="2025-08-11T23:52:26.7967330-03:00" endTime="2025-08-11T23:52:26.7971050-03:00" testType="13cdc9d9-ddb5-4fa4-a97d-d965ccfc6d4b" outcome="Passed" testListId="8c84fa94-04c1-424b-9868-57a2d4851a1d" relativeResultsDirectory="7d30e837-a2a7-4e8d-b04d-c24b37afbeab" />
    <UnitTestResult executionId="d1cbca91-4c0c-47e6-93d6-0ad5450f07e1" testId="85174d84-6c38-cbfc-f08e-3943abd3b77a" testName="FileContentRenamer.Tests.Services.DateExtractorAdditionalTests.ExtractDateFromContent_WithVariousFormats_ShouldReturnCorrectDate(content: &quot;31/13/2023&quot;, expected: &quot;&quot;)" computerName="MacBook-Pro" duration="00:00:00.0003935" startTime="2025-08-11T23:52:27.2605450-03:00" endTime="2025-08-11T23:52:27.2605880-03:00" testType="13cdc9d9-ddb5-4fa4-a97d-d965ccfc6d4b" outcome="Failed" testListId="8c84fa94-04c1-424b-9868-57a2d4851a1d" relativeResultsDirectory="d1cbca91-4c0c-47e6-93d6-0ad5450f07e1">
      <Output>
        <ErrorInfo>
          <Message>Expected result to be "" with a length of 0, but "2023-13-31" has a length of 10, differs near "202" (index 0).</Message>
          <StackTrace>   at FluentAssertions.Execution.XUnit2TestFramework.Throw(String message)
   at FluentAssertions.Execution.TestFrameworkProvider.Throw(String message)
   at FluentAssertions.Execution.DefaultAssertionStrategy.HandleFailure(String message)
   at FluentAssertions.Execution.AssertionScope.FailWith(Func`1 failReasonFunc)
   at FluentAssertions.Execution.AssertionScope.FailWith(Func`1 failReasonFunc)
   at FluentAssertions.Primitives.StringEqualityValidator.ValidateAgainstLengthDifferences()
   at FluentAssertions.Primitives.StringValidator.Validate()
   at FluentAssertions.Primitives.StringAssertions`1.Be(String expected, String because, Object[] becauseArgs)
   at FileContentRenamer.Tests.Services.DateExtractorAdditionalTests.ExtractDateFromContent_WithVariousFormats_ShouldReturnCorrectDate(String content, String expected) in /Users/santibraida/Workspace/comprobantes/FileContentRenamer.Tests/Services/DateExtractorAdditionalTests.cs:line 33
   at InvokeStub_DateExtractorAdditionalTests.ExtractDateFromContent_WithVariousFormats_ShouldReturnCorrectDate(Object, Span`1)
   at System.Reflection.MethodBaseInvoker.InvokeWithFewArgs(Object obj, BindingFlags invokeAttr, Binder binder, Object[] parameters, CultureInfo culture)</StackTrace>
        </ErrorInfo>
      </Output>
    </UnitTestResult>
    <UnitTestResult executionId="a1f0f9af-adc3-47d9-acbc-ca24eac7f0d1" testId="7fc03f6c-44c6-760a-ff15-5a01859458b0" testName="FileContentRenamer.Tests.Services.DirectoryOrganizerTests.OrganizeFileIntoDirectoryStructure_AlreadyInYearFolder_ShouldMoveToMonthFolder" computerName="MacBook-Pro" duration="00:00:00.3236829" startTime="2025-08-11T23:52:26.8111750-03:00" endTime="2025-08-11T23:52:27.0365110-03:00" testType="13cdc9d9-ddb5-4fa4-a97d-d965ccfc6d4b" outcome="Failed" testListId="8c84fa94-04c1-424b-9868-57a2d4851a1d" relativeResultsDirectory="a1f0f9af-adc3-47d9-acbc-ca24eac7f0d1">
      <Output>
        <ErrorInfo>
          <Message>Expected result to be "/var/folders/x1/bt0l1hlj3xxfgmlll69gmfr40000gn/T/5003a8fa-30cc-4c61-8d68-d0fe204a9d7a/2024/03_marzo/test_2.pdf" with a length of 110, but "/var/folders/x1/bt0l1hlj3xxfgmlll69gmfr40000gn/T/2024/03_marzo/test_9.pdf" has a length of 73, differs near "202" (index 49).</Message>
          <StackTrace>   at FluentAssertions.Execution.XUnit2TestFramework.Throw(String message)
   at FluentAssertions.Execution.TestFrameworkProvider.Throw(String message)
   at FluentAssertions.Execution.DefaultAssertionStrategy.HandleFailure(String message)
   at FluentAssertions.Execution.AssertionScope.FailWith(Func`1 failReasonFunc)
   at FluentAssertions.Execution.AssertionScope.FailWith(Func`1 failReasonFunc)
   at FluentAssertions.Primitives.StringEqualityValidator.ValidateAgainstLengthDifferences()
   at FluentAssertions.Primitives.StringValidator.Validate()
   at FluentAssertions.Primitives.StringAssertions`1.Be(String expected, String because, Object[] becauseArgs)
   at FileContentRenamer.Tests.Services.DirectoryOrganizerTests.OrganizeFileIntoDirectoryStructure_AlreadyInYearFolder_ShouldMoveToMonthFolder() in /Users/santibraida/Workspace/comprobantes/FileContentRenamer.Tests/Services/DirectoryOrganizerTests.cs:line 223
   at System.RuntimeMethodHandle.InvokeMethod(Object target, Void** arguments, Signature sig, Boolean isConstructor)
   at System.Reflection.MethodBaseInvoker.InvokeWithNoArgs(Object obj, BindingFlags invokeAttr)</StackTrace>
        </ErrorInfo>
      </Output>
    </UnitTestResult>
    <UnitTestResult executionId="d9f12c9a-f863-45af-9758-ad1452391bd5" testId="c1072614-89d7-ecfa-6ece-76abc08d540d" testName="FileContentRenamer.Tests.Services.FilenameGeneratorTests.IsAlreadyNamedFilename_WithInvalidFormats_ShouldReturnFalse(filename: &quot;&quot;)" computerName="MacBook-Pro" duration="00:00:00.0000073" startTime="2025-08-11T23:52:26.9041860-03:00" endTime="2025-08-11T23:52:26.9042110-03:00" testType="13cdc9d9-ddb5-4fa4-a97d-d965ccfc6d4b" outcome="Passed" testListId="8c84fa94-04c1-424b-9868-57a2d4851a1d" relativeResultsDirectory="d9f12c9a-f863-45af-9758-ad1452391bd5" />
    <UnitTestResult executionId="00de80d6-c869-4d7b-b287-48e64e9014dc" testId="52175725-e6d4-0cad-c3ec-c7f17827962e" testName="FileContentRenamer.Tests.Services.ImageProcessorTests.CanProcess_WithVariousCases_ShouldReturnCorrectResult(extension: &quot;.jpg&quot;)" computerName="MacBook-Pro" duration="00:00:00.0271488" startTime="2025-08-11T23:52:28.4269780-03:00" endTime="2025-08-11T23:52:28.4358740-03:00" testType="13cdc9d9-ddb5-4fa4-a97d-d965ccfc6d4b" outcome="Passed" testListId="8c84fa94-04c1-424b-9868-57a2d4851a1d" relativeResultsDirectory="00de80d6-c869-4d7b-b287-48e64e9014dc" />
    <UnitTestResult executionId="d7c12dcc-4ee7-4693-9358-874576734e1f" testId="85677dc2-59d0-24ec-6909-57399a83a6f9" testName="FileContentRenamer.Tests.Configuration.ServiceConfigurationTests.ConfigureServices_ShouldRegisterFileProcessors" computerName="MacBook-Pro" duration="00:00:00.1238554" startTime="2025-08-11T23:52:26.4817970-03:00" endTime="2025-08-11T23:52:26.8026770-03:00" testType="13cdc9d9-ddb5-4fa4-a97d-d965ccfc6d4b" outcome="Passed" testListId="8c84fa94-04c1-424b-9868-57a2d4851a1d" relativeResultsDirectory="d7c12dcc-4ee7-4693-9358-874576734e1f" />
    <UnitTestResult executionId="1dce18de-24cc-4ad5-837c-6b5e2046071b" testId="74c0392b-8615-24d3-2fd0-e6af46d2098a" testName="FileContentRenamer.Tests.Models.NamingRulesTests.Constructor_WithParameters_ShouldSetValues" computerName="MacBook-Pro" duration="00:00:00.0000663" startTime="2025-08-11T23:52:27.1856240-03:00" endTime="2025-08-11T23:52:27.1857930-03:00" testType="13cdc9d9-ddb5-4fa4-a97d-d965ccfc6d4b" outcome="Passed" testListId="8c84fa94-04c1-424b-9868-57a2d4851a1d" relativeResultsDirectory="1dce18de-24cc-4ad5-837c-6b5e2046071b" />
    <UnitTestResult executionId="2b0020f2-c095-4453-9d02-5511dd53aba6" testId="7c85376b-9163-f9b7-b4c0-1ab17dbae524" testName="FileContentRenamer.Tests.Services.DateExtractorEnhancedTests.ExtractDateFromContent_WithSpanishMonthNames_ShouldExtractCorrectDate(content: &quot;15 de marzo de 2024&quot;, expected: &quot;2024-03-15&quot;)" computerName="MacBook-Pro" duration="00:00:00.0000034" startTime="2025-08-11T23:52:27.1833300-03:00" endTime="2025-08-11T23:52:27.1833590-03:00" testType="13cdc9d9-ddb5-4fa4-a97d-d965ccfc6d4b" outcome="Passed" testListId="8c84fa94-04c1-424b-9868-57a2d4851a1d" relativeResultsDirectory="2b0020f2-c095-4453-9d02-5511dd53aba6" />
    <UnitTestResult executionId="cbb6c5ca-7785-42e1-8d77-066f8c396f2c" testId="ffe5ae67-585b-dcc1-fc50-f491c1de9306" testName="FileContentRenamer.Tests.Services.DirectoryOrganizerAdditionalTests.OrganizeFileIntoDirectoryStructure_WithAllMonths_ShouldCreateCorrectStructure(dateStr: &quot;2023-12-31&quot;, expectedMonth: &quot;12_diciembre&quot;)" computerName="MacBook-Pro" duration="00:00:00.0008277" startTime="2025-08-11T23:52:26.8077840-03:00" endTime="2025-08-11T23:52:26.8084940-03:00" testType="13cdc9d9-ddb5-4fa4-a97d-d965ccfc6d4b" outcome="Passed" testListId="8c84fa94-04c1-424b-9868-57a2d4851a1d" relativeResultsDirectory="cbb6c5ca-7785-42e1-8d77-066f8c396f2c" />
    <UnitTestResult executionId="4a435e35-3e8c-41b5-9e36-58cb7f38b1b9" testId="d5f16d40-5e04-93b0-3cb8-1265d12968c2" testName="FileContentRenamer.Tests.Services.DateExtractorEnhancedTests.ExtractDateFromContent_WithSpanishMonthNames_ShouldExtractCorrectDate(content: &quot;28 de febrero de 2023&quot;, expected: &quot;2023-02-28&quot;)" computerName="MacBook-Pro" duration="00:00:00.0000031" startTime="2025-08-11T23:52:27.1821030-03:00" endTime="2025-08-11T23:52:27.1821280-03:00" testType="13cdc9d9-ddb5-4fa4-a97d-d965ccfc6d4b" outcome="Passed" testListId="8c84fa94-04c1-424b-9868-57a2d4851a1d" relativeResultsDirectory="4a435e35-3e8c-41b5-9e36-58cb7f38b1b9" />
    <UnitTestResult executionId="85485322-133f-4efc-b87d-808358a62790" testId="f705c669-0318-6f5e-e8e5-1b4eaa9f9880" testName="FileContentRenamer.Tests.Models.AppConfigTests.AppConfig_Properties_ShouldBeSettable" computerName="MacBook-Pro" duration="00:00:00.0081242" startTime="2025-08-11T23:52:27.0547730-03:00" endTime="2025-08-11T23:52:27.0615700-03:00" testType="13cdc9d9-ddb5-4fa4-a97d-d965ccfc6d4b" outcome="Passed" testListId="8c84fa94-04c1-424b-9868-57a2d4851a1d" relativeResultsDirectory="85485322-133f-4efc-b87d-808358a62790" />
    <UnitTestResult executionId="e971df48-7353-4736-b095-454f0df9882d" testId="c98d8a8b-c350-72b5-2be4-aa500796a5e0" testName="FileContentRenamer.Tests.Models.NamingRulesTests.GenerateFilename_WithMatchingRule_ShouldUseRuleValues" computerName="MacBook-Pro" duration="00:00:00.0012163" startTime="2025-08-11T23:52:27.0565870-03:00" endTime="2025-08-11T23:52:27.0587270-03:00" testType="13cdc9d9-ddb5-4fa4-a97d-d965ccfc6d4b" outcome="Passed" testListId="8c84fa94-04c1-424b-9868-57a2d4851a1d" relativeResultsDirectory="e971df48-7353-4736-b095-454f0df9882d" />
    <UnitTestResult executionId="72ffa29a-7875-4c78-afa0-5aeed8cda46c" testId="a8222741-473a-8061-b947-f4446415fedc" testName="FileContentRenamer.Tests.Services.FileValidatorTests.ValidateFileSize_WithNonExistentFile_ShouldNotThrow" computerName="MacBook-Pro" duration="00:00:00.0005316" startTime="2025-08-11T23:52:26.8680760-03:00" endTime="2025-08-11T23:52:26.8687260-03:00" testType="13cdc9d9-ddb5-4fa4-a97d-d965ccfc6d4b" outcome="Passed" testListId="8c84fa94-04c1-424b-9868-57a2d4851a1d" relativeResultsDirectory="72ffa29a-7875-4c78-afa0-5aeed8cda46c" />
    <UnitTestResult executionId="76d42aaf-4e75-46ce-bf78-9f48c65a177b" testId="5a50abd3-c508-1b87-194f-cbac6ded3d5c" testName="FileContentRenamer.Tests.Services.PdfProcessorTests.ExtractContentAsync_WithValidPdfFile_ShouldProcessPagesUpToLimit" computerName="MacBook-Pro" duration="00:00:00.2447480" startTime="2025-08-11T23:52:26.8386790-03:00" endTime="2025-08-11T23:52:26.9068550-03:00" testType="13cdc9d9-ddb5-4fa4-a97d-d965ccfc6d4b" outcome="Passed" testListId="8c84fa94-04c1-424b-9868-57a2d4851a1d" relativeResultsDirectory="76d42aaf-4e75-46ce-bf78-9f48c65a177b" />
    <UnitTestResult executionId="5cf3e0cb-feb2-4f5e-afd3-65c24c9348d5" testId="e2ab17d6-1636-8e4d-ad78-a6d89568282f" testName="FileContentRenamer.Tests.Services.FilenameGeneratorTests.CleanupFileName_WithVariousInputs_ShouldReturnCleanedName(input: &quot;file&lt;&gt;name&quot;, expected: &quot;file&lt;&gt;name&quot;)" computerName="MacBook-Pro" duration="00:00:00.0000064" startTime="2025-08-11T23:52:26.9025710-03:00" endTime="2025-08-11T23:52:26.9025960-03:00" testType="13cdc9d9-ddb5-4fa4-a97d-d965ccfc6d4b" outcome="Passed" testListId="8c84fa94-04c1-424b-9868-57a2d4851a1d" relativeResultsDirectory="5cf3e0cb-feb2-4f5e-afd3-65c24c9348d5" />
    <UnitTestResult executionId="84095e11-11fc-4186-93c9-d64fda47473a" testId="0877987f-a018-03de-71dc-2e8ff937b395" testName="FileContentRenamer.Tests.Services.DateExtractorTests.ExtractDateFromContent_WithVariousDueDateFormats_ShouldReturnCorrectDates(content: &quot;Vence: 31/12/2023&quot;, expected: &quot;2023-12-31&quot;)" computerName="MacBook-Pro" duration="00:00:00.0000626" startTime="2025-08-11T23:52:26.5367050-03:00" endTime="2025-08-11T23:52:26.5368240-03:00" testType="13cdc9d9-ddb5-4fa4-a97d-d965ccfc6d4b" outcome="Passed" testListId="8c84fa94-04c1-424b-9868-57a2d4851a1d" relativeResultsDirectory="84095e11-11fc-4186-93c9-d64fda47473a" />
    <UnitTestResult executionId="3b579fed-6801-4dae-b6d7-6b4330e516ae" testId="8145470e-d27c-0e7e-d1e5-ce2ccb84123e" testName="FileContentRenamer.Tests.Services.DateExtractorEnhancedTests.ExtractDateFromContent_WithEnglishMonthNames_ShouldExtractCorrectDate(content: &quot;August 12, 2024&quot;, expected: &quot;2024-08-12&quot;)" computerName="MacBook-Pro" duration="00:00:00.0002499" startTime="2025-08-11T23:52:27.2945670-03:00" endTime="2025-08-11T23:52:27.2945940-03:00" testType="13cdc9d9-ddb5-4fa4-a97d-d965ccfc6d4b" outcome="Failed" testListId="8c84fa94-04c1-424b-9868-57a2d4851a1d" relativeResultsDirectory="3b579fed-6801-4dae-b6d7-6b4330e516ae">
      <Output>
        <ErrorInfo>
          <Message>Expected result to be "2024-08-12" with a length of 10, but "" has a length of 0, differs near "" (index 0).</Message>
          <StackTrace>   at FluentAssertions.Execution.XUnit2TestFramework.Throw(String message)
   at FluentAssertions.Execution.TestFrameworkProvider.Throw(String message)
   at FluentAssertions.Execution.DefaultAssertionStrategy.HandleFailure(String message)
   at FluentAssertions.Execution.AssertionScope.FailWith(Func`1 failReasonFunc)
   at FluentAssertions.Execution.AssertionScope.FailWith(Func`1 failReasonFunc)
   at FluentAssertions.Primitives.StringEqualityValidator.ValidateAgainstLengthDifferences()
   at FluentAssertions.Primitives.StringValidator.Validate()
   at FluentAssertions.Primitives.StringAssertions`1.Be(String expected, String because, Object[] becauseArgs)
   at FileContentRenamer.Tests.Services.DateExtractorEnhancedTests.ExtractDateFromContent_WithEnglishMonthNames_ShouldExtractCorrectDate(String content, String expected) in /Users/santibraida/Workspace/comprobantes/FileContentRenamer.Tests/Services/DateExtractorEnhancedTests.cs:line 85
   at InvokeStub_DateExtractorEnhancedTests.ExtractDateFromContent_WithEnglishMonthNames_ShouldExtractCorrectDate(Object, Span`1)
   at System.Reflection.MethodBaseInvoker.InvokeWithFewArgs(Object obj, BindingFlags invokeAttr, Binder binder, Object[] parameters, CultureInfo culture)</StackTrace>
        </ErrorInfo>
      </Output>
    </UnitTestResult>
    <UnitTestResult executionId="7f250d3f-809c-45dc-838e-2d4b7cfcf508" testId="be38a0d7-e0e2-fccd-c5e6-b3a3fded648e" testName="FileContentRenamer.Tests.Models.NamingRuleTests.Matches_WithAllKeywordsPresent_ShouldReturnTrue" computerName="MacBook-Pro" duration="00:00:00.0000665" startTime="2025-08-11T23:52:27.1879060-03:00" endTime="2025-08-11T23:52:27.1879340-03:00" testType="13cdc9d9-ddb5-4fa4-a97d-d965ccfc6d4b" outcome="Passed" testListId="8c84fa94-04c1-424b-9868-57a2d4851a1d" relativeResultsDirectory="7f250d3f-809c-45dc-838e-2d4b7cfcf508" />
    <UnitTestResult executionId="16973f93-7cd7-4c60-a2eb-15c5840b25f5" testId="01a2041b-e2e4-e363-0b4d-3c74dc73e548" testName="FileContentRenamer.Tests.Services.FileValidatorTests.ValidateFileSize_WithNormalFile_ShouldNotThrow" computerName="MacBook-Pro" duration="00:00:00.0019295" startTime="2025-08-11T23:52:26.9061380-03:00" endTime="2025-08-11T23:52:26.9061830-03:00" testType="13cdc9d9-ddb5-4fa4-a97d-d965ccfc6d4b" outcome="Passed" testListId="8c84fa94-04c1-424b-9868-57a2d4851a1d" relativeResultsDirectory="16973f93-7cd7-4c60-a2eb-15c5840b25f5" />
    <UnitTestResult executionId="adfd2e7f-2fab-4d58-a3f6-c7327e2a32ba" testId="29616611-95a3-0b47-35cf-bb97447466ab" testName="FileContentRenamer.Tests.Services.DateExtractorEnhancedTests.ExtractDateFromContent_WithInvalidDates_ShouldReturnEmptyString(content: &quot;2023-00-15&quot;)" computerName="MacBook-Pro" duration="00:00:00.0002642" startTime="2025-08-11T23:52:27.3419400-03:00" endTime="2025-08-11T23:52:27.3423130-03:00" testType="13cdc9d9-ddb5-4fa4-a97d-d965ccfc6d4b" outcome="Failed" testListId="8c84fa94-04c1-424b-9868-57a2d4851a1d" relativeResultsDirectory="adfd2e7f-2fab-4d58-a3f6-c7327e2a32ba">
      <Output>
        <ErrorInfo>
          <Message>Expected result to be empty, but found "2023-00-15".</Message>
          <StackTrace>   at FluentAssertions.Execution.XUnit2TestFramework.Throw(String message)
   at FluentAssertions.Execution.TestFrameworkProvider.Throw(String message)
   at FluentAssertions.Execution.DefaultAssertionStrategy.HandleFailure(String message)
   at FluentAssertions.Execution.AssertionScope.FailWith(Func`1 failReasonFunc)
   at FluentAssertions.Execution.AssertionScope.FailWith(Func`1 failReasonFunc)
   at FluentAssertions.Execution.AssertionScope.FailWith(String message, Object[] args)
   at FluentAssertions.Primitives.StringAssertions`1.BeEmpty(String because, Object[] becauseArgs)
   at FileContentRenamer.Tests.Services.DateExtractorEnhancedTests.ExtractDateFromContent_WithInvalidDates_ShouldReturnEmptyString(String content) in /Users/santibraida/Workspace/comprobantes/FileContentRenamer.Tests/Services/DateExtractorEnhancedTests.cs:line 144
   at InvokeStub_DateExtractorEnhancedTests.ExtractDateFromContent_WithInvalidDates_ShouldReturnEmptyString(Object, Span`1)
   at System.Reflection.MethodBaseInvoker.InvokeWithOneArg(Object obj, BindingFlags invokeAttr, Binder binder, Object[] parameters, CultureInfo culture)</StackTrace>
        </ErrorInfo>
      </Output>
    </UnitTestResult>
    <UnitTestResult executionId="8a5b0029-6eeb-4c28-a54c-5e735ec38a0e" testId="9bb1b165-fd97-aa53-8141-e435492ae22a" testName="FileContentRenamer.Tests.Services.ImageProcessorTests.ExtractContentAsync_WithComplexLanguageConfig_ShouldHandleLanguageParsing" computerName="MacBook-Pro" duration="00:00:00.1172445" startTime="2025-08-11T23:52:28.8264480-03:00" endTime="2025-08-11T23:52:28.9257890-03:00" testType="13cdc9d9-ddb5-4fa4-a97d-d965ccfc6d4b" outcome="Passed" testListId="8c84fa94-04c1-424b-9868-57a2d4851a1d" relativeResultsDirectory="8a5b0029-6eeb-4c28-a54c-5e735ec38a0e" />
    <UnitTestResult executionId="5fdd4232-de2b-4698-9c16-ec1d886f08fc" testId="3a993a67-299c-3f87-5430-509e79a52fc2" testName="FileContentRenamer.Tests.Services.ImageProcessorTests.Constructor_WithNullTesseractDataPath_ShouldNotThrow" computerName="MacBook-Pro" duration="00:00:00.0531788" startTime="2025-08-11T23:52:29.0868210-03:00" endTime="2025-08-11T23:52:29.1224750-03:00" testType="13cdc9d9-ddb5-4fa4-a97d-d965ccfc6d4b" outcome="Passed" testListId="8c84fa94-04c1-424b-9868-57a2d4851a1d" relativeResultsDirectory="5fdd4232-de2b-4698-9c16-ec1d886f08fc" />
    <UnitTestResult executionId="6c1c97a6-f4df-4105-907d-44f3d591b4a3" testId="5203fca7-8d46-0785-3587-4e70c16ca73b" testName="FileContentRenamer.Tests.Services.PdfProcessorTests.ExtractContentAsync_WithInvalidPdfFile_ShouldReturnEmptyString" computerName="MacBook-Pro" duration="00:00:00.0691058" startTime="2025-08-11T23:52:27.2925430-03:00" endTime="2025-08-11T23:52:27.3399170-03:00" testType="13cdc9d9-ddb5-4fa4-a97d-d965ccfc6d4b" outcome="Passed" testListId="8c84fa94-04c1-424b-9868-57a2d4851a1d" relativeResultsDirectory="6c1c97a6-f4df-4105-907d-44f3d591b4a3" />
    <UnitTestResult executionId="37611078-025d-4e58-8bc9-4d58ba9d5d1c" testId="d60b51ff-35d6-643f-09d4-bd5f7bbab23c" testName="FileContentRenamer.Tests.Services.TextProcessorTests.CanProcess_WithNonTxtExtension_ShouldReturnFalse(filename: &quot;test.jpg&quot;)" computerName="MacBook-Pro" duration="00:00:00.0003044" startTime="2025-08-11T23:52:26.8406430-03:00" endTime="2025-08-11T23:52:26.8406860-03:00" testType="13cdc9d9-ddb5-4fa4-a97d-d965ccfc6d4b" outcome="Passed" testListId="8c84fa94-04c1-424b-9868-57a2d4851a1d" relativeResultsDirectory="37611078-025d-4e58-8bc9-4d58ba9d5d1c" />
    <UnitTestResult executionId="906ce62b-dc07-4c34-827d-20cd0345b0eb" testId="f0b07320-4d8e-00cc-a232-a17246b4be02" testName="FileContentRenamer.Tests.Services.FileServiceTests.ProcessFilesAsync_WithValidFiles_ShouldProcessFiles" computerName="MacBook-Pro" duration="00:00:00.0307093" startTime="2025-08-11T23:52:26.8999040-03:00" endTime="2025-08-11T23:52:26.9821880-03:00" testType="13cdc9d9-ddb5-4fa4-a97d-d965ccfc6d4b" outcome="Passed" testListId="8c84fa94-04c1-424b-9868-57a2d4851a1d" relativeResultsDirectory="906ce62b-dc07-4c34-827d-20cd0345b0eb" />
    <UnitTestResult executionId="3766ddfd-1c0c-4faa-8970-ff8457ac0dbc" testId="17db1533-ea00-4a92-f7d5-0514620e23ba" testName="FileContentRenamer.Tests.Services.DateExtractorEnhancedTests.ExtractDateFromContent_WithInvalidDates_ShouldReturnEmptyString(content: &quot;2023-01-32&quot;)" computerName="MacBook-Pro" duration="00:00:00.0005838" startTime="2025-08-11T23:52:27.3390280-03:00" endTime="2025-08-11T23:52:27.3390580-03:00" testType="13cdc9d9-ddb5-4fa4-a97d-d965ccfc6d4b" outcome="Failed" testListId="8c84fa94-04c1-424b-9868-57a2d4851a1d" relativeResultsDirectory="3766ddfd-1c0c-4faa-8970-ff8457ac0dbc">
      <Output>
        <ErrorInfo>
          <Message>Expected result to be empty, but found "2023-01-32".</Message>
          <StackTrace>   at FluentAssertions.Execution.XUnit2TestFramework.Throw(String message)
   at FluentAssertions.Execution.TestFrameworkProvider.Throw(String message)
   at FluentAssertions.Execution.DefaultAssertionStrategy.HandleFailure(String message)
   at FluentAssertions.Execution.AssertionScope.FailWith(Func`1 failReasonFunc)
   at FluentAssertions.Execution.AssertionScope.FailWith(Func`1 failReasonFunc)
   at FluentAssertions.Execution.AssertionScope.FailWith(String message, Object[] args)
   at FluentAssertions.Primitives.StringAssertions`1.BeEmpty(String because, Object[] becauseArgs)
   at FileContentRenamer.Tests.Services.DateExtractorEnhancedTests.ExtractDateFromContent_WithInvalidDates_ShouldReturnEmptyString(String content) in /Users/santibraida/Workspace/comprobantes/FileContentRenamer.Tests/Services/DateExtractorEnhancedTests.cs:line 144
   at InvokeStub_DateExtractorEnhancedTests.ExtractDateFromContent_WithInvalidDates_ShouldReturnEmptyString(Object, Span`1)
   at System.Reflection.MethodBaseInvoker.InvokeWithOneArg(Object obj, BindingFlags invokeAttr, Binder binder, Object[] parameters, CultureInfo culture)</StackTrace>
        </ErrorInfo>
      </Output>
    </UnitTestResult>
    <UnitTestResult executionId="6c4e90f6-3078-4fe5-a44c-607d45e6a8f8" testId="730c03ae-3d59-370f-6166-c801ea6b544e" testName="FileContentRenamer.Tests.Services.FilenameGeneratorTests.GenerateUniqueFilename_WithNonExistingFile_ShouldReturnOriginalPath" computerName="MacBook-Pro" duration="00:00:00.0001110" startTime="2025-08-11T23:52:27.1885250-03:00" endTime="2025-08-11T23:52:27.1888440-03:00" testType="13cdc9d9-ddb5-4fa4-a97d-d965ccfc6d4b" outcome="Passed" testListId="8c84fa94-04c1-424b-9868-57a2d4851a1d" relativeResultsDirectory="6c4e90f6-3078-4fe5-a44c-607d45e6a8f8" />
    <UnitTestResult executionId="fac1e675-a51d-4eb1-aa19-d41b4573e833" testId="1a12a91e-b03d-45d3-fd2d-061c9630072a" testName="FileContentRenamer.Tests.Services.FilenameGeneratorTests.GenerateUniqueFilename_ThreadSafety_ShouldHandleConcurrentCalls" computerName="MacBook-Pro" duration="00:00:00.0263308" startTime="2025-08-11T23:52:26.9798870-03:00" endTime="2025-08-11T23:52:27.0635020-03:00" testType="13cdc9d9-ddb5-4fa4-a97d-d965ccfc6d4b" outcome="Failed" testListId="8c84fa94-04c1-424b-9868-57a2d4851a1d" relativeResultsDirectory="fac1e675-a51d-4eb1-aa19-d41b4573e833">
      <Output>
        <ErrorInfo>
          <Message>Expected resultList to only have unique items, but item "/var/folders/x1/bt0l1hlj3xxfgmlll69gmfr40000gn/T/ff9983e7-5dbd-484e-b6f4-a6ab81d36a13/concurrent_test_2.txt" is not unique.</Message>
          <StackTrace>   at FluentAssertions.Execution.XUnit2TestFramework.Throw(String message)
   at FluentAssertions.Execution.TestFrameworkProvider.Throw(String message)
   at FluentAssertions.Execution.DefaultAssertionStrategy.HandleFailure(String message)
   at FluentAssertions.Execution.AssertionScope.FailWith(Func`1 failReasonFunc)
   at FluentAssertions.Execution.AssertionScope.FailWith(Func`1 failReasonFunc)
   at FluentAssertions.Execution.AssertionScope.FailWith(String message, Object[] args)
   at FluentAssertions.Collections.GenericCollectionAssertions`3.OnlyHaveUniqueItems(String because, Object[] becauseArgs)
   at FileContentRenamer.Tests.Services.FilenameGeneratorTests.GenerateUniqueFilename_ThreadSafety_ShouldHandleConcurrentCalls() in /Users/santibraida/Workspace/comprobantes/FileContentRenamer.Tests/Services/FilenameGeneratorTests.cs:line 285
--- End of stack trace from previous location ---</StackTrace>
        </ErrorInfo>
      </Output>
    </UnitTestResult>
    <UnitTestResult executionId="279132f3-4304-470e-a51e-a3b00042a667" testId="835b5f72-34a7-c88c-6027-4d56e708972c" testName="FileContentRenamer.Tests.Services.DateExtractorAdditionalTests.ExtractDateFromContent_WithVariousFormats_ShouldReturnCorrectDate(content: &quot;32/12/2023&quot;, expected: &quot;&quot;)" computerName="MacBook-Pro" duration="00:00:00.0013792" startTime="2025-08-11T23:52:27.2617010-03:00" endTime="2025-08-11T23:52:27.2908240-03:00" testType="13cdc9d9-ddb5-4fa4-a97d-d965ccfc6d4b" outcome="Failed" testListId="8c84fa94-04c1-424b-9868-57a2d4851a1d" relativeResultsDirectory="279132f3-4304-470e-a51e-a3b00042a667">
      <Output>
        <ErrorInfo>
          <Message>Expected result to be "" with a length of 0, but "2023-12-32" has a length of 10, differs near "202" (index 0).</Message>
          <StackTrace>   at FluentAssertions.Execution.XUnit2TestFramework.Throw(String message)
   at FluentAssertions.Execution.TestFrameworkProvider.Throw(String message)
   at FluentAssertions.Execution.DefaultAssertionStrategy.HandleFailure(String message)
   at FluentAssertions.Execution.AssertionScope.FailWith(Func`1 failReasonFunc)
   at FluentAssertions.Execution.AssertionScope.FailWith(Func`1 failReasonFunc)
   at FluentAssertions.Primitives.StringEqualityValidator.ValidateAgainstLengthDifferences()
   at FluentAssertions.Primitives.StringValidator.Validate()
   at FluentAssertions.Primitives.StringAssertions`1.Be(String expected, String because, Object[] becauseArgs)
   at FileContentRenamer.Tests.Services.DateExtractorAdditionalTests.ExtractDateFromContent_WithVariousFormats_ShouldReturnCorrectDate(String content, String expected) in /Users/santibraida/Workspace/comprobantes/FileContentRenamer.Tests/Services/DateExtractorAdditionalTests.cs:line 33
   at InvokeStub_DateExtractorAdditionalTests.ExtractDateFromContent_WithVariousFormats_ShouldReturnCorrectDate(Object, Span`1)
   at System.Reflection.MethodBaseInvoker.InvokeWithFewArgs(Object obj, BindingFlags invokeAttr, Binder binder, Object[] parameters, CultureInfo culture)</StackTrace>
        </ErrorInfo>
      </Output>
    </UnitTestResult>
    <UnitTestResult executionId="3b0eec03-05e6-4d5e-91f0-594d47c20c99" testId="80bc6a5a-eb03-5068-fdbc-47b2721cfaa4" testName="FileContentRenamer.Tests.Services.ImageProcessorTests.CanProcess_WithImageExtensionsDifferentCasing_ShouldReturnTrue(extension: &quot;.JPG&quot;)" computerName="MacBook-Pro" duration="00:00:00.3977731" startTime="2025-08-11T23:52:27.4934010-03:00" endTime="2025-08-11T23:52:27.7425910-03:00" testType="13cdc9d9-ddb5-4fa4-a97d-d965ccfc6d4b" outcome="Passed" testListId="8c84fa94-04c1-424b-9868-57a2d4851a1d" relativeResultsDirectory="3b0eec03-05e6-4d5e-91f0-594d47c20c99" />
    <UnitTestResult executionId="2d4d8e45-b721-4b6f-8345-3e92c1bb61d9" testId="e9d58bbf-c31d-21f6-a4c5-a402c7501bde" testName="FileContentRenamer.Tests.Services.DateExtractorEnhancedTests.ExtractDateFromContent_WithSpanishMonthNames_ShouldExtractCorrectDate(content: &quot;08 de noviembre de 2024&quot;, expected: &quot;2024-11-08&quot;)" computerName="MacBook-Pro" duration="00:00:00.0000483" startTime="2025-08-11T23:52:27.1806130-03:00" endTime="2025-08-11T23:52:27.1808240-03:00" testType="13cdc9d9-ddb5-4fa4-a97d-d965ccfc6d4b" outcome="Passed" testListId="8c84fa94-04c1-424b-9868-57a2d4851a1d" relativeResultsDirectory="2d4d8e45-b721-4b6f-8345-3e92c1bb61d9" />
    <UnitTestResult executionId="c5d9418f-0cb5-4af7-ac44-902e606548c1" testId="cf2ff463-604f-4bdf-13f9-b9c49d510424" testName="FileContentRenamer.Tests.Services.FileValidatorTests.ValidateConfiguration_WithNonExistentBasePath_ShouldReturnFalse" computerName="MacBook-Pro" duration="00:00:00.0006642" startTime="2025-08-11T23:52:26.8669900-03:00" endTime="2025-08-11T23:52:26.8670390-03:00" testType="13cdc9d9-ddb5-4fa4-a97d-d965ccfc6d4b" outcome="Passed" testListId="8c84fa94-04c1-424b-9868-57a2d4851a1d" relativeResultsDirectory="c5d9418f-0cb5-4af7-ac44-902e606548c1" />
    <UnitTestResult executionId="18c2aa64-376a-4cf0-8251-6085e3f18e1d" testId="824839a8-20c1-e236-c120-b27a5f944d83" testName="FileContentRenamer.Tests.Services.DirectoryOrganizerTests.GetMonthName_WithValidMonth_ShouldReturnSpanishName(monthNumber: 7, expected: &quot;julio&quot;)" computerName="MacBook-Pro" duration="00:00:00.0000906" startTime="2025-08-11T23:52:26.7976540-03:00" endTime="2025-08-11T23:52:26.7977110-03:00" testType="13cdc9d9-ddb5-4fa4-a97d-d965ccfc6d4b" outcome="Passed" testListId="8c84fa94-04c1-424b-9868-57a2d4851a1d" relativeResultsDirectory="18c2aa64-376a-4cf0-8251-6085e3f18e1d" />
    <UnitTestResult executionId="19bfbbdb-7ac5-4d2c-9be7-aa2a2061c5a2" testId="999b4cf4-0fb5-ec67-530a-d59638da1c9d" testName="FileContentRenamer.Tests.Services.DateExtractorTests.ExtractDateFromContent_WithInvalidSpanishMonth_ShouldFallbackToOtherFormats" computerName="MacBook-Pro" duration="00:00:00.0001440" startTime="2025-08-11T23:52:26.6644300-03:00" endTime="2025-08-11T23:52:26.6644760-03:00" testType="13cdc9d9-ddb5-4fa4-a97d-d965ccfc6d4b" outcome="Passed" testListId="8c84fa94-04c1-424b-9868-57a2d4851a1d" relativeResultsDirectory="19bfbbdb-7ac5-4d2c-9be7-aa2a2061c5a2" />
    <UnitTestResult executionId="c79ea52d-2b40-4054-896a-47fb02c0f360" testId="f7704aaa-e660-9ea3-e9fc-e4f0ba02380e" testName="FileContentRenamer.Tests.Services.FileValidatorTests.ShouldProcessFile_WithMixedCaseExtension_ShouldReturnTrue" computerName="MacBook-Pro" duration="00:00:00.0007071" startTime="2025-08-11T23:52:26.8673360-03:00" endTime="2025-08-11T23:52:26.8673910-03:00" testType="13cdc9d9-ddb5-4fa4-a97d-d965ccfc6d4b" outcome="Passed" testListId="8c84fa94-04c1-424b-9868-57a2d4851a1d" relativeResultsDirectory="c79ea52d-2b40-4054-896a-47fb02c0f360" />
    <UnitTestResult executionId="f36f628e-5661-4ab4-90c5-c81c9a563d40" testId="a6c25b56-b57f-3f67-b38d-a26d924007e0" testName="FileContentRenamer.Tests.Models.AppConfigTests.SaveLastUsedPath_WithEmptyPath_ShouldReturnEarly" computerName="MacBook-Pro" duration="00:00:00.0001942" startTime="2025-08-11T23:52:27.8244600-03:00" endTime="2025-08-11T23:52:27.8245460-03:00" testType="13cdc9d9-ddb5-4fa4-a97d-d965ccfc6d4b" outcome="Passed" testListId="8c84fa94-04c1-424b-9868-57a2d4851a1d" relativeResultsDirectory="f36f628e-5661-4ab4-90c5-c81c9a563d40" />
    <UnitTestResult executionId="48b211c1-6cc6-40ee-86fe-81a0e2e793be" testId="ee802fc6-9af0-1284-c4b7-a8377911ec00" testName="FileContentRenamer.Tests.Services.TextProcessorTests.CanProcess_WithNonTxtExtension_ShouldReturnFalse(filename: &quot;test&quot;)" computerName="MacBook-Pro" duration="00:00:00.0001058" startTime="2025-08-11T23:52:26.8409560-03:00" endTime="2025-08-11T23:52:26.8409970-03:00" testType="13cdc9d9-ddb5-4fa4-a97d-d965ccfc6d4b" outcome="Passed" testListId="8c84fa94-04c1-424b-9868-57a2d4851a1d" relativeResultsDirectory="48b211c1-6cc6-40ee-86fe-81a0e2e793be" />
    <UnitTestResult executionId="c17fdf12-4417-4515-b737-6c1032dfeb72" testId="f567e5a6-a665-67c2-8449-b66348dc3570" testName="FileContentRenamer.Tests.Services.DirectoryOrganizerTests.OrganizeFileIntoDirectoryStructure_WithMultipleDuplicates_ShouldCreateUniqueFilename" computerName="MacBook-Pro" duration="00:00:00.0020451" startTime="2025-08-11T23:52:26.8068920-03:00" endTime="2025-08-11T23:52:26.8093520-03:00" testType="13cdc9d9-ddb5-4fa4-a97d-d965ccfc6d4b" outcome="Passed" testListId="8c84fa94-04c1-424b-9868-57a2d4851a1d" relativeResultsDirectory="c17fdf12-4417-4515-b737-6c1032dfeb72" />
    <UnitTestResult executionId="4d92fe0c-8b46-4844-b655-951cb3508cf8" testId="676f3c6c-0dc6-c09d-c183-6e86f532e720" testName="FileContentRenamer.Tests.Services.ImageProcessorTests.CanProcess_WithVariousCases_ShouldReturnCorrectResult(extension: &quot;.tiff&quot;)" computerName="MacBook-Pro" duration="00:00:00.0282575" startTime="2025-08-11T23:52:28.5328260-03:00" endTime="2025-08-11T23:52:28.5431830-03:00" testType="13cdc9d9-ddb5-4fa4-a97d-d965ccfc6d4b" outcome="Passed" testListId="8c84fa94-04c1-424b-9868-57a2d4851a1d" relativeResultsDirectory="4d92fe0c-8b46-4844-b655-951cb3508cf8" />
    <UnitTestResult executionId="20c258af-ee4f-4106-9708-b2104803bd54" testId="19f9e186-a4aa-4850-0176-aa961f311415" testName="FileContentRenamer.Tests.Services.DirectoryOrganizerTests.OrganizeFileIntoDirectoryStructure_WithInvalidDate_ShouldReturnOriginalPath" computerName="MacBook-Pro" duration="00:00:00.0004452" startTime="2025-08-11T23:52:26.8065410-03:00" endTime="2025-08-11T23:52:26.8065860-03:00" testType="13cdc9d9-ddb5-4fa4-a97d-d965ccfc6d4b" outcome="Passed" testListId="8c84fa94-04c1-424b-9868-57a2d4851a1d" relativeResultsDirectory="20c258af-ee4f-4106-9708-b2104803bd54" />
    <UnitTestResult executionId="da492eca-cf9b-4c08-ada8-f30d13f088ba" testId="eff1fee9-aafb-67b9-c268-648d008d92e6" testName="FileContentRenamer.Tests.Services.FilenameGeneratorTests.GenerateFilename_WithNullDate_ShouldUseCurrentDate" computerName="MacBook-Pro" duration="00:00:00.0020171" startTime="2025-08-11T23:52:26.9077640-03:00" endTime="2025-08-11T23:52:26.9789830-03:00" testType="13cdc9d9-ddb5-4fa4-a97d-d965ccfc6d4b" outcome="Passed" testListId="8c84fa94-04c1-424b-9868-57a2d4851a1d" relativeResultsDirectory="da492eca-cf9b-4c08-ada8-f30d13f088ba" />
    <UnitTestResult executionId="c7d7e4c0-1e6d-4a77-aa52-60e63c760066" testId="e6f8099a-7c83-15b0-1a09-13322c0e5611" testName="FileContentRenamer.Tests.Models.AppConfigTests.LoadFromConfiguration_WithMissingConfigFile_ShouldThrowException" computerName="MacBook-Pro" duration="00:00:00.2766299" startTime="2025-08-11T23:52:26.8383450-03:00" endTime="2025-08-11T23:52:27.0360720-03:00" testType="13cdc9d9-ddb5-4fa4-a97d-d965ccfc6d4b" outcome="Failed" testListId="8c84fa94-04c1-424b-9868-57a2d4851a1d" relativeResultsDirectory="c7d7e4c0-1e6d-4a77-aa52-60e63c760066">
      <Output>
        <ErrorInfo>
          <Message>Expected a &lt;System.IO.FileNotFoundException&gt; to be thrown, but no exception was thrown.</Message>
          <StackTrace>   at FluentAssertions.Execution.XUnit2TestFramework.Throw(String message)
   at FluentAssertions.Execution.TestFrameworkProvider.Throw(String message)
   at FluentAssertions.Execution.DefaultAssertionStrategy.HandleFailure(String message)
   at FluentAssertions.Execution.AssertionScope.FailWith(Func`1 failReasonFunc)
   at FluentAssertions.Execution.AssertionScope.FailWith(Func`1 failReasonFunc)
   at FluentAssertions.Execution.AssertionScope.FailWith(String message)
   at FluentAssertions.Specialized.DelegateAssertionsBase`2.ThrowInternal[TException](Exception exception, String because, Object[] becauseArgs)
   at FluentAssertions.Specialized.DelegateAssertions`2.Throw[TException](String because, Object[] becauseArgs)
   at FileContentRenamer.Tests.Models.AppConfigTests.LoadFromConfiguration_WithMissingConfigFile_ShouldThrowException() in /Users/santibraida/Workspace/comprobantes/FileContentRenamer.Tests/Models/AppConfigTests.cs:line 116
   at System.RuntimeMethodHandle.InvokeMethod(Object target, Void** arguments, Signature sig, Boolean isConstructor)
   at System.Reflection.MethodBaseInvoker.InvokeWithNoArgs(Object obj, BindingFlags invokeAttr)</StackTrace>
        </ErrorInfo>
      </Output>
    </UnitTestResult>
    <UnitTestResult executionId="9b18e182-5b8a-46e6-bd18-83d5875144a8" testId="1ae426c8-73f8-48b1-c4fd-f2736013951b" testName="FileContentRenamer.Tests.Services.TextProcessorTests.ExtractContentAsync_WithNonExistentFile_ShouldReturnEmptyString" computerName="MacBook-Pro" duration="00:00:00.0013425" startTime="2025-08-11T23:52:26.8074370-03:00" endTime="2025-08-11T23:52:26.8081710-03:00" testType="13cdc9d9-ddb5-4fa4-a97d-d965ccfc6d4b" outcome="Passed" testListId="8c84fa94-04c1-424b-9868-57a2d4851a1d" relativeResultsDirectory="9b18e182-5b8a-46e6-bd18-83d5875144a8" />
    <UnitTestResult executionId="eb016f46-c7e0-4db9-be35-e41aac77a21f" testId="ab791beb-155a-2340-25c5-938aea845fff" testName="FileContentRenamer.Tests.Services.TextProcessorTests.ExtractContentAsync_WithSpecialCharacters_ShouldReturnContent" computerName="MacBook-Pro" duration="00:00:00.0080988" startTime="2025-08-11T23:52:26.8393460-03:00" endTime="2025-08-11T23:52:26.8393950-03:00" testType="13cdc9d9-ddb5-4fa4-a97d-d965ccfc6d4b" outcome="Passed" testListId="8c84fa94-04c1-424b-9868-57a2d4851a1d" relativeResultsDirectory="eb016f46-c7e0-4db9-be35-e41aac77a21f" />
    <UnitTestResult executionId="1c7905ef-ae4d-4965-9837-16f21c67519a" testId="d406e03e-ed03-b142-d7d1-88f454f977cb" testName="FileContentRenamer.Tests.Services.ImageProcessorTests.CanProcess_WithNonImageExtension_ShouldReturnFalse(extension: &quot;test&quot;)" computerName="MacBook-Pro" duration="00:00:00.0321997" startTime="2025-08-11T23:52:26.8711590-03:00" endTime="2025-08-11T23:52:26.9802780-03:00" testType="13cdc9d9-ddb5-4fa4-a97d-d965ccfc6d4b" outcome="Passed" testListId="8c84fa94-04c1-424b-9868-57a2d4851a1d" relativeResultsDirectory="1c7905ef-ae4d-4965-9837-16f21c67519a" />
    <UnitTestResult executionId="1750afad-cdd0-4885-91ea-fb0a2d846061" testId="b03481c9-a037-f1b2-2c67-0334afa09a62" testName="FileContentRenamer.Tests.Services.ImageProcessorTests.ExtractContentAsync_WithNonExistentTessdataPath_ShouldReturnEmpty" computerName="MacBook-Pro" duration="00:00:00.2442436" startTime="2025-08-11T23:52:26.8155350-03:00" endTime="2025-08-11T23:52:26.8705080-03:00" testType="13cdc9d9-ddb5-4fa4-a97d-d965ccfc6d4b" outcome="Passed" testListId="8c84fa94-04c1-424b-9868-57a2d4851a1d" relativeResultsDirectory="1750afad-cdd0-4885-91ea-fb0a2d846061" />
    <UnitTestResult executionId="8d489af6-a387-494c-be77-85f111067c40" testId="08a52aeb-79ca-913a-5dc9-ebd6568dcfe7" testName="FileContentRenamer.Tests.Services.ImageProcessorTests.Constructor_WithNewTesseractDataPath_ShouldCreateDirectory" computerName="MacBook-Pro" duration="00:00:00.0518360" startTime="2025-08-11T23:52:28.6696210-03:00" endTime="2025-08-11T23:52:28.7038080-03:00" testType="13cdc9d9-ddb5-4fa4-a97d-d965ccfc6d4b" outcome="Passed" testListId="8c84fa94-04c1-424b-9868-57a2d4851a1d" relativeResultsDirectory="8d489af6-a387-494c-be77-85f111067c40" />
    <UnitTestResult executionId="7f0dc550-831d-437f-94ae-e187fe9bf2d8" testId="a86e36e4-e94e-5f42-8494-d796a058bcf2" testName="FileContentRenamer.Tests.Services.DirectoryOrganizerTests.IsInYearMonthStructure_WithInvalidStructure_ShouldReturnFalse(folderName: &quot;2024_not_year&quot;)" computerName="MacBook-Pro" duration="00:00:00.0003501" startTime="2025-08-11T23:52:26.8016850-03:00" endTime="2025-08-11T23:52:26.8020400-03:00" testType="13cdc9d9-ddb5-4fa4-a97d-d965ccfc6d4b" outcome="Passed" testListId="8c84fa94-04c1-424b-9868-57a2d4851a1d" relativeResultsDirectory="7f0dc550-831d-437f-94ae-e187fe9bf2d8" />
    <UnitTestResult executionId="24301ed1-6a35-4cd4-9417-e3ca05859b18" testId="c14045dd-f91b-3e98-d221-a8a83ca7b93f" testName="FileContentRenamer.Tests.Services.FileServiceTests.ProcessFilesAsync_WithParallelProcessing_ShouldProcessMultipleFiles" computerName="MacBook-Pro" duration="00:00:00.4198427" startTime="2025-08-11T23:52:26.4838070-03:00" endTime="2025-08-11T23:52:26.8746180-03:00" testType="13cdc9d9-ddb5-4fa4-a97d-d965ccfc6d4b" outcome="Passed" testListId="8c84fa94-04c1-424b-9868-57a2d4851a1d" relativeResultsDirectory="24301ed1-6a35-4cd4-9417-e3ca05859b18" />
    <UnitTestResult executionId="1e5ad83c-d7d6-49de-8a8e-890f61c905eb" testId="2df2278f-2596-2f16-dbea-2fed2d64436a" testName="FileContentRenamer.Tests.Models.AppConfigTests.LoadFromConfiguration_WithValidConfigFile_ShouldLoadCorrectly" computerName="MacBook-Pro" duration="00:00:00.0767441" startTime="2025-08-11T23:52:27.3422930-03:00" endTime="2025-08-11T23:52:27.3694300-03:00" testType="13cdc9d9-ddb5-4fa4-a97d-d965ccfc6d4b" outcome="Failed" testListId="8c84fa94-04c1-424b-9868-57a2d4851a1d" relativeResultsDirectory="1e5ad83c-d7d6-49de-8a8e-890f61c905eb">
      <Output>
        <ErrorInfo>
          <Message>Expected result.LastUsedPath to be "/var/folders/x1/bt0l1hlj3xxfgmlll69gmfr40000gn/T/8640c7ae-79dd-4468-9bd6-ca8c89b66d89" with a length of 85, but "" has a length of 0, differs near "" (index 0).</Message>
          <StackTrace>   at FluentAssertions.Execution.XUnit2TestFramework.Throw(String message)
   at FluentAssertions.Execution.TestFrameworkProvider.Throw(String message)
   at FluentAssertions.Execution.DefaultAssertionStrategy.HandleFailure(String message)
   at FluentAssertions.Execution.AssertionScope.FailWith(Func`1 failReasonFunc)
   at FluentAssertions.Execution.AssertionScope.FailWith(Func`1 failReasonFunc)
   at FluentAssertions.Primitives.StringEqualityValidator.ValidateAgainstLengthDifferences()
   at FluentAssertions.Primitives.StringValidator.Validate()
   at FluentAssertions.Primitives.StringAssertions`1.Be(String expected, String because, Object[] becauseArgs)
   at FileContentRenamer.Tests.Models.AppConfigTests.LoadFromConfiguration_WithValidConfigFile_ShouldLoadCorrectly() in /Users/santibraida/Workspace/comprobantes/FileContentRenamer.Tests/Models/AppConfigTests.cs:line 94
   at System.RuntimeMethodHandle.InvokeMethod(Object target, Void** arguments, Signature sig, Boolean isConstructor)
   at System.Reflection.MethodBaseInvoker.InvokeWithNoArgs(Object obj, BindingFlags invokeAttr)</StackTrace>
        </ErrorInfo>
      </Output>
    </UnitTestResult>
    <UnitTestResult executionId="4af46d6e-75bf-4857-a8bd-ff78c91a9525" testId="5427cc3b-bb61-15d0-6750-2643c69cfab7" testName="FileContentRenamer.Tests.Models.AppConfigTests.Constructor_ShouldSetDefaultValues" computerName="MacBook-Pro" duration="00:00:00.0003187" startTime="2025-08-11T23:52:27.2593280-03:00" endTime="2025-08-11T23:52:27.2599460-03:00" testType="13cdc9d9-ddb5-4fa4-a97d-d965ccfc6d4b" outcome="Passed" testListId="8c84fa94-04c1-424b-9868-57a2d4851a1d" relativeResultsDirectory="4af46d6e-75bf-4857-a8bd-ff78c91a9525" />
    <UnitTestResult executionId="c3b240f0-d482-4705-89a9-31c4df8fdf44" testId="30667a3d-da81-f223-5d62-6b3c054e0a23" testName="FileContentRenamer.Tests.Services.PdfProcessorTests.CanProcess_WithPdfExtensionDifferentCasing_ShouldReturnTrue(filename: &quot;test.pDf&quot;)" computerName="MacBook-Pro" duration="00:00:00.0001015" startTime="2025-08-11T23:52:26.9772890-03:00" endTime="2025-08-11T23:52:26.9786620-03:00" testType="13cdc9d9-ddb5-4fa4-a97d-d965ccfc6d4b" outcome="Passed" testListId="8c84fa94-04c1-424b-9868-57a2d4851a1d" relativeResultsDirectory="c3b240f0-d482-4705-89a9-31c4df8fdf44" />
    <UnitTestResult executionId="df99c2b5-6db7-485a-97a2-a1d62ed28141" testId="f34e5d47-a5d2-8da3-32e4-177f4d4ebbd4" testName="FileContentRenamer.Tests.Services.DateExtractorEnhancedTests.ExtractDateFromContent_WithEnglishMonthNames_ShouldExtractCorrectDate(content: &quot;June 05, 2024&quot;, expected: &quot;2024-06-05&quot;)" computerName="MacBook-Pro" duration="00:00:00.0002181" startTime="2025-08-11T23:52:27.2950780-03:00" endTime="2025-08-11T23:52:27.2951060-03:00" testType="13cdc9d9-ddb5-4fa4-a97d-d965ccfc6d4b" outcome="Failed" testListId="8c84fa94-04c1-424b-9868-57a2d4851a1d" relativeResultsDirectory="df99c2b5-6db7-485a-97a2-a1d62ed28141">
      <Output>
        <ErrorInfo>
          <Message>Expected result to be "2024-06-05" with a length of 10, but "" has a length of 0, differs near "" (index 0).</Message>
          <StackTrace>   at FluentAssertions.Execution.XUnit2TestFramework.Throw(String message)
   at FluentAssertions.Execution.TestFrameworkProvider.Throw(String message)
   at FluentAssertions.Execution.DefaultAssertionStrategy.HandleFailure(String message)
   at FluentAssertions.Execution.AssertionScope.FailWith(Func`1 failReasonFunc)
   at FluentAssertions.Execution.AssertionScope.FailWith(Func`1 failReasonFunc)
   at FluentAssertions.Primitives.StringEqualityValidator.ValidateAgainstLengthDifferences()
   at FluentAssertions.Primitives.StringValidator.Validate()
   at FluentAssertions.Primitives.StringAssertions`1.Be(String expected, String because, Object[] becauseArgs)
   at FileContentRenamer.Tests.Services.DateExtractorEnhancedTests.ExtractDateFromContent_WithEnglishMonthNames_ShouldExtractCorrectDate(String content, String expected) in /Users/santibraida/Workspace/comprobantes/FileContentRenamer.Tests/Services/DateExtractorEnhancedTests.cs:line 85
   at InvokeStub_DateExtractorEnhancedTests.ExtractDateFromContent_WithEnglishMonthNames_ShouldExtractCorrectDate(Object, Span`1)
   at System.Reflection.MethodBaseInvoker.InvokeWithFewArgs(Object obj, BindingFlags invokeAttr, Binder binder, Object[] parameters, CultureInfo culture)</StackTrace>
        </ErrorInfo>
      </Output>
    </UnitTestResult>
    <UnitTestResult executionId="7ee2ceb4-4040-4e72-bd9a-3e97ec0b8261" testId="55667650-7485-4ca3-fd19-23d2a7a126c7" testName="FileContentRenamer.Tests.Models.NamingRulesTests.GenerateFilename_WithMinimalGenericContent_ShouldUseOriginalDate" computerName="MacBook-Pro" duration="00:00:00.0000979" startTime="2025-08-11T23:52:27.0629840-03:00" endTime="2025-08-11T23:52:27.0638600-03:00" testType="13cdc9d9-ddb5-4fa4-a97d-d965ccfc6d4b" outcome="Passed" testListId="8c84fa94-04c1-424b-9868-57a2d4851a1d" relativeResultsDirectory="7ee2ceb4-4040-4e72-bd9a-3e97ec0b8261" />
    <UnitTestResult executionId="ae678f8b-85f3-46c1-a335-d346554cdb22" testId="e8cf8bc3-bef0-2e30-44c8-004b4f2caf38" testName="FileContentRenamer.Tests.Services.DateExtractorEnhancedTests.ExtractDateFromContent_WithSlashDateFormats_ShouldExtractCorrectDate(content: &quot;FECHA: 2023/06/30&quot;, expected: &quot;2023-06-30&quot;)" computerName="MacBook-Pro" duration="00:00:00.0010556" startTime="2025-08-11T23:52:27.0572160-03:00" endTime="2025-08-11T23:52:27.0579030-03:00" testType="13cdc9d9-ddb5-4fa4-a97d-d965ccfc6d4b" outcome="Failed" testListId="8c84fa94-04c1-424b-9868-57a2d4851a1d" relativeResultsDirectory="ae678f8b-85f3-46c1-a335-d346554cdb22">
      <Output>
        <ErrorInfo>
          <Message>Expected result to be "2023-06-30" with a length of 10, but "" has a length of 0, differs near "" (index 0).</Message>
          <StackTrace>   at FluentAssertions.Execution.XUnit2TestFramework.Throw(String message)
   at FluentAssertions.Execution.TestFrameworkProvider.Throw(String message)
   at FluentAssertions.Execution.DefaultAssertionStrategy.HandleFailure(String message)
   at FluentAssertions.Execution.AssertionScope.FailWith(Func`1 failReasonFunc)
   at FluentAssertions.Execution.AssertionScope.FailWith(Func`1 failReasonFunc)
   at FluentAssertions.Primitives.StringEqualityValidator.ValidateAgainstLengthDifferences()
   at FluentAssertions.Primitives.StringValidator.Validate()
   at FluentAssertions.Primitives.StringAssertions`1.Be(String expected, String because, Object[] becauseArgs)
   at FileContentRenamer.Tests.Services.DateExtractorEnhancedTests.ExtractDateFromContent_WithSlashDateFormats_ShouldExtractCorrectDate(String content, String expected) in /Users/santibraida/Workspace/comprobantes/FileContentRenamer.Tests/Services/DateExtractorEnhancedTests.cs:line 27
   at InvokeStub_DateExtractorEnhancedTests.ExtractDateFromContent_WithSlashDateFormats_ShouldExtractCorrectDate(Object, Span`1)
   at System.Reflection.MethodBaseInvoker.InvokeWithFewArgs(Object obj, BindingFlags invokeAttr, Binder binder, Object[] parameters, CultureInfo culture)</StackTrace>
        </ErrorInfo>
      </Output>
    </UnitTestResult>
    <UnitTestResult executionId="052422c8-fa71-4d6d-978f-fef2f0a27eae" testId="7fcfbf2b-a0f0-8cea-db66-f6ff88221d45" testName="FileContentRenamer.Tests.Services.DirectoryOrganizerAdditionalTests.OrganizeFileIntoDirectoryStructure_WithAllMonths_ShouldCreateCorrectStructure(dateStr: &quot;2023-05-20&quot;, expectedMonth: &quot;05_mayo&quot;)" computerName="MacBook-Pro" duration="00:00:00.0014639" startTime="2025-08-11T23:52:26.8104900-03:00" endTime="2025-08-11T23:52:26.8112190-03:00" testType="13cdc9d9-ddb5-4fa4-a97d-d965ccfc6d4b" outcome="Passed" testListId="8c84fa94-04c1-424b-9868-57a2d4851a1d" relativeResultsDirectory="052422c8-fa71-4d6d-978f-fef2f0a27eae" />
    <UnitTestResult executionId="8f778402-f4d3-4b8f-88db-55f84c878d3d" testId="e79afc88-c7a0-bcac-2c83-9a8e654af181" testName="FileContentRenamer.Tests.Services.DateExtractorEnhancedTests.ExtractDateFromContent_WithNoDates_ShouldReturnEmptyString(content: &quot;No dates here at all&quot;)" computerName="MacBook-Pro" duration="00:00:00.0000051" startTime="2025-08-11T23:52:26.9783140-03:00" endTime="2025-08-11T23:52:26.9783440-03:00" testType="13cdc9d9-ddb5-4fa4-a97d-d965ccfc6d4b" outcome="Passed" testListId="8c84fa94-04c1-424b-9868-57a2d4851a1d" relativeResultsDirectory="8f778402-f4d3-4b8f-88db-55f84c878d3d" />
    <UnitTestResult executionId="f71bc3c0-d731-4f4c-bedd-a0b8e6a26a6f" testId="5ae8a96a-c13f-5288-d649-6a496b108bc8" testName="FileContentRenamer.Tests.Models.AppConfigTests.Properties_ShouldBeSettable" computerName="MacBook-Pro" duration="00:00:00.0231894" startTime="2025-08-11T23:52:27.0618520-03:00" endTime="2025-08-11T23:52:27.2586810-03:00" testType="13cdc9d9-ddb5-4fa4-a97d-d965ccfc6d4b" outcome="Passed" testListId="8c84fa94-04c1-424b-9868-57a2d4851a1d" relativeResultsDirectory="f71bc3c0-d731-4f4c-bedd-a0b8e6a26a6f" />
    <UnitTestResult executionId="ba5007bf-397f-43e4-80cc-618d05f32018" testId="6547cbe5-cb2c-b29f-9137-0cf0b96d8b18" testName="FileContentRenamer.Tests.Models.AppConfigTests.LoadFromConfiguration_WithPartialConfig_ShouldUseDefaultsForMissingValues" computerName="MacBook-Pro" duration="00:00:00.0759278" startTime="2025-08-11T23:52:27.4909510-03:00" endTime="2025-08-11T23:52:27.4916060-03:00" testType="13cdc9d9-ddb5-4fa4-a97d-d965ccfc6d4b" outcome="Failed" testListId="8c84fa94-04c1-424b-9868-57a2d4851a1d" relativeResultsDirectory="ba5007bf-397f-43e4-80cc-618d05f32018">
      <Output>
        <ErrorInfo>
          <Message>Expected result.ForceReprocessAlreadyNamed to be False, but found True.</Message>
          <StackTrace>   at FluentAssertions.Execution.XUnit2TestFramework.Throw(String message)
   at FluentAssertions.Execution.TestFrameworkProvider.Throw(String message)
   at FluentAssertions.Execution.DefaultAssertionStrategy.HandleFailure(String message)
   at FluentAssertions.Execution.AssertionScope.FailWith(Func`1 failReasonFunc)
   at FluentAssertions.Execution.AssertionScope.FailWith(Func`1 failReasonFunc)
   at FluentAssertions.Execution.AssertionScope.FailWith(String message, Object[] args)
   at FluentAssertions.Primitives.BooleanAssertions`1.BeFalse(String because, Object[] becauseArgs)
   at FileContentRenamer.Tests.Models.AppConfigTests.LoadFromConfiguration_WithPartialConfig_ShouldUseDefaultsForMissingValues() in /Users/santibraida/Workspace/comprobantes/FileContentRenamer.Tests/Models/AppConfigTests.cs:line 196
   at System.RuntimeMethodHandle.InvokeMethod(Object target, Void** arguments, Signature sig, Boolean isConstructor)
   at System.Reflection.MethodBaseInvoker.InvokeWithNoArgs(Object obj, BindingFlags invokeAttr)</StackTrace>
        </ErrorInfo>
      </Output>
    </UnitTestResult>
    <UnitTestResult executionId="4deba969-828c-4002-a089-03286b86210e" testId="99010084-55ec-2d67-80ac-70f30d045fef" testName="FileContentRenamer.Tests.Services.FilenameGeneratorTests.CleanupFileName_WithVariousInputs_ShouldReturnCleanedName(input: &quot;__file__name__&quot;, expected: &quot;file_name&quot;)" computerName="MacBook-Pro" duration="00:00:00.0000201" startTime="2025-08-11T23:52:26.9016430-03:00" endTime="2025-08-11T23:52:26.9016710-03:00" testType="13cdc9d9-ddb5-4fa4-a97d-d965ccfc6d4b" outcome="Passed" testListId="8c84fa94-04c1-424b-9868-57a2d4851a1d" relativeResultsDirectory="4deba969-828c-4002-a089-03286b86210e" />
    <UnitTestResult executionId="aaf694f9-84b5-4c0c-b3a7-edeacce7d7d8" testId="c32c2d70-ec54-f6cd-a455-74bb6359e097" testName="FileContentRenamer.Tests.Services.DirectoryOrganizerAdditionalTests.OrganizeFileIntoDirectoryStructure_WithAllMonths_ShouldCreateCorrectStructure(dateStr: &quot;2023-07-10&quot;, expectedMonth: &quot;07_julio&quot;)" computerName="MacBook-Pro" duration="00:00:00.0008874" startTime="2025-08-11T23:52:26.8092070-03:00" endTime="2025-08-11T23:52:26.8098510-03:00" testType="13cdc9d9-ddb5-4fa4-a97d-d965ccfc6d4b" outcome="Passed" testListId="8c84fa94-04c1-424b-9868-57a2d4851a1d" relativeResultsDirectory="aaf694f9-84b5-4c0c-b3a7-edeacce7d7d8" />
    <UnitTestResult executionId="bdc4fa8d-5f27-4f58-8ac8-0e68db45a8b6" testId="871d08c9-a126-7256-6ea3-61a20f361a2f" testName="FileContentRenamer.Tests.Services.ImageProcessorTests.ExtractContentAsync_WithInvalidTesseractDataPath_ShouldReturnEmpty" computerName="MacBook-Pro" duration="00:00:00.0584241" startTime="2025-08-11T23:52:28.9480250-03:00" endTime="2025-08-11T23:52:28.9843270-03:00" testType="13cdc9d9-ddb5-4fa4-a97d-d965ccfc6d4b" outcome="Passed" testListId="8c84fa94-04c1-424b-9868-57a2d4851a1d" relativeResultsDirectory="bdc4fa8d-5f27-4f58-8ac8-0e68db45a8b6" />
    <UnitTestResult executionId="96a8a724-fb87-4de7-a11f-a76e9dc7d76f" testId="d4537562-1c96-4e07-3939-b2da6a34e9fc" testName="FileContentRenamer.Tests.Services.DateExtractorTests.ExtractDateFromFilename_WithValidFormat_ShouldReturnCorrectDate" computerName="MacBook-Pro" duration="00:00:00.0001617" startTime="2025-08-11T23:52:26.6635450-03:00" endTime="2025-08-11T23:52:26.6635750-03:00" testType="13cdc9d9-ddb5-4fa4-a97d-d965ccfc6d4b" outcome="Passed" testListId="8c84fa94-04c1-424b-9868-57a2d4851a1d" relativeResultsDirectory="96a8a724-fb87-4de7-a11f-a76e9dc7d76f" />
    <UnitTestResult executionId="c971d12f-e74f-41c4-afd1-b09386704d5a" testId="2c747d1f-f1c9-2115-b65f-2b6f4087b146" testName="FileContentRenamer.Tests.Services.FilenameGeneratorTests.IsAlreadyNamedFilename_WithValidFormats_ShouldReturnTrue(filename: &quot;test_2023-12-31_card&quot;)" computerName="MacBook-Pro" duration="00:00:00.0000546" startTime="2025-08-11T23:52:26.8714640-03:00" endTime="2025-08-11T23:52:26.8714920-03:00" testType="13cdc9d9-ddb5-4fa4-a97d-d965ccfc6d4b" outcome="Passed" testListId="8c84fa94-04c1-424b-9868-57a2d4851a1d" relativeResultsDirectory="c971d12f-e74f-41c4-afd1-b09386704d5a" />
    <UnitTestResult executionId="7044c536-5d8d-4579-9bd4-3bcef67c7841" testId="33f231e9-c30e-3ed3-4277-b5e0ef97bdd7" testName="FileContentRenamer.Tests.Services.DateExtractorEnhancedTests.ExtractDateFromContent_WithSpanishMonthNames_ShouldExtractCorrectDate(content: &quot;18 de septiembre de 2024&quot;, expected: &quot;2024-09-18&quot;)" computerName="MacBook-Pro" duration="00:00:00.0181967" startTime="2025-08-11T23:52:27.0646320-03:00" endTime="2025-08-11T23:52:27.1782270-03:00" testType="13cdc9d9-ddb5-4fa4-a97d-d965ccfc6d4b" outcome="Passed" testListId="8c84fa94-04c1-424b-9868-57a2d4851a1d" relativeResultsDirectory="7044c536-5d8d-4579-9bd4-3bcef67c7841" />
    <UnitTestResult executionId="2f046396-9c03-4bed-adfd-2d7244934dc2" testId="3a8b252e-af29-2782-c8cf-4c2dc2637787" testName="FileContentRenamer.Tests.Services.DirectoryOrganizerTests.GetMonthName_WithValidMonth_ShouldReturnSpanishName(monthNumber: 8, expected: &quot;agosto&quot;)" computerName="MacBook-Pro" duration="00:00:00.0005237" startTime="2025-08-11T23:52:26.6698860-03:00" endTime="2025-08-11T23:52:26.7138880-03:00" testType="13cdc9d9-ddb5-4fa4-a97d-d965ccfc6d4b" outcome="Passed" testListId="8c84fa94-04c1-424b-9868-57a2d4851a1d" relativeResultsDirectory="2f046396-9c03-4bed-adfd-2d7244934dc2" />
    <UnitTestResult executionId="c044f451-2be6-499d-8b89-2d5ed47209d6" testId="f59b4127-a050-8fc1-85b0-31c4bee23013" testName="FileContentRenamer.Tests.Services.DateExtractorEnhancedTests.ExtractDateFromContent_WithSpanishMonthNames_ShouldExtractCorrectDate(content: &quot;15 de enero de 2023&quot;, expected: &quot;2023-01-15&quot;)" computerName="MacBook-Pro" duration="00:00:00.0000127" startTime="2025-08-11T23:52:27.1789950-03:00" endTime="2025-08-11T23:52:27.1790340-03:00" testType="13cdc9d9-ddb5-4fa4-a97d-d965ccfc6d4b" outcome="Passed" testListId="8c84fa94-04c1-424b-9868-57a2d4851a1d" relativeResultsDirectory="c044f451-2be6-499d-8b89-2d5ed47209d6" />
    <UnitTestResult executionId="5a32abb7-43aa-4cd7-8eb5-a54bc273e3ea" testId="31f3b2f4-1b28-6746-2403-d25f9fbdfdf8" testName="FileContentRenamer.Tests.Services.DirectoryOrganizerTests.OrganizeFileIntoDirectoryStructure_InYearFolderDifferentMonth_ShouldMoveToCorrectMonth" computerName="MacBook-Pro" duration="00:00:00.0204158" startTime="2025-08-11T23:52:26.6631900-03:00" endTime="2025-08-11T23:52:26.6682250-03:00" testType="13cdc9d9-ddb5-4fa4-a97d-d965ccfc6d4b" outcome="Passed" testListId="8c84fa94-04c1-424b-9868-57a2d4851a1d" relativeResultsDirectory="5a32abb7-43aa-4cd7-8eb5-a54bc273e3ea" />
    <UnitTestResult executionId="229aa5c7-cb12-418f-a683-5a61945b850d" testId="33f7c76c-bb78-6b08-abcd-e808bcbcf4f9" testName="FileContentRenamer.Tests.Services.TextProcessorTests.ExtractContentAsync_WithOnlyWhitespace_ShouldReturnWhitespace" computerName="MacBook-Pro" duration="00:00:00.0060736" startTime="2025-08-11T23:52:26.8472800-03:00" endTime="2025-08-11T23:52:26.8681060-03:00" testType="13cdc9d9-ddb5-4fa4-a97d-d965ccfc6d4b" outcome="Passed" testListId="8c84fa94-04c1-424b-9868-57a2d4851a1d" relativeResultsDirectory="229aa5c7-cb12-418f-a683-5a61945b850d" />
    <UnitTestResult executionId="2bf1e370-6ca7-4ba8-ac6c-d79f93fad38c" testId="10d7715a-d53b-4b8e-fcec-78d41ef67dac" testName="FileContentRenamer.Tests.Services.TextProcessorTests.CanProcess_WithTxtExtension_ShouldReturnTrue" computerName="MacBook-Pro" duration="00:00:00.0001805" startTime="2025-08-11T23:52:26.8684580-03:00" endTime="2025-08-11T23:52:26.8685200-03:00" testType="13cdc9d9-ddb5-4fa4-a97d-d965ccfc6d4b" outcome="Passed" testListId="8c84fa94-04c1-424b-9868-57a2d4851a1d" relativeResultsDirectory="2bf1e370-6ca7-4ba8-ac6c-d79f93fad38c" />
    <UnitTestResult executionId="76938f8a-e860-4732-a4e6-766e165befd8" testId="3890aa01-b165-5f49-b90e-3db1a4c16e7b" testName="FileContentRenamer.Tests.Services.FileValidatorTests.ValidateFileSize_WithInvalidPath_ShouldNotThrow" computerName="MacBook-Pro" duration="00:00:00.0005591" startTime="2025-08-11T23:52:26.8742260-03:00" endTime="2025-08-11T23:52:26.8801000-03:00" testType="13cdc9d9-ddb5-4fa4-a97d-d965ccfc6d4b" outcome="Passed" testListId="8c84fa94-04c1-424b-9868-57a2d4851a1d" relativeResultsDirectory="76938f8a-e860-4732-a4e6-766e165befd8" />
    <UnitTestResult executionId="61822ff0-0ee5-490b-8f53-876057cc7949" testId="63753db1-a700-4ddb-bad0-85dcc6fc1038" testName="FileContentRenamer.Tests.Services.DirectoryOrganizerTests.OrganizeFileIntoDirectoryStructure_ThreadSafety_ShouldHandleConcurrentCalls" computerName="MacBook-Pro" duration="00:00:00.0935776" startTime="2025-08-11T23:52:27.1781290-03:00" endTime="2025-08-11T23:52:27.3364900-03:00" testType="13cdc9d9-ddb5-4fa4-a97d-d965ccfc6d4b" outcome="Passed" testListId="8c84fa94-04c1-424b-9868-57a2d4851a1d" relativeResultsDirectory="61822ff0-0ee5-490b-8f53-876057cc7949" />
    <UnitTestResult executionId="2cc766f0-592d-474f-b87e-e4458f633bbc" testId="526ffdfa-3900-4b67-df6b-88bc8133a5c5" testName="FileContentRenamer.Tests.Services.DateExtractorEnhancedTests.ExtractDateFromContent_WithNoDates_ShouldReturnEmptyString(content: &quot;Invalid date 32/13/2023&quot;)" computerName="MacBook-Pro" duration="00:00:00.0282608" startTime="2025-08-11T23:52:26.9786260-03:00" endTime="2025-08-11T23:52:27.0537570-03:00" testType="13cdc9d9-ddb5-4fa4-a97d-d965ccfc6d4b" outcome="Failed" testListId="8c84fa94-04c1-424b-9868-57a2d4851a1d" relativeResultsDirectory="2cc766f0-592d-474f-b87e-e4458f633bbc">
      <Output>
        <ErrorInfo>
          <Message>Expected result to be empty, but found "2023-13-32".</Message>
          <StackTrace>   at FluentAssertions.Execution.XUnit2TestFramework.Throw(String message)
   at FluentAssertions.Execution.TestFrameworkProvider.Throw(String message)
   at FluentAssertions.Execution.DefaultAssertionStrategy.HandleFailure(String message)
   at FluentAssertions.Execution.AssertionScope.FailWith(Func`1 failReasonFunc)
   at FluentAssertions.Execution.AssertionScope.FailWith(Func`1 failReasonFunc)
   at FluentAssertions.Execution.AssertionScope.FailWith(String message, Object[] args)
   at FluentAssertions.Primitives.StringAssertions`1.BeEmpty(String because, Object[] becauseArgs)
   at FileContentRenamer.Tests.Services.DateExtractorEnhancedTests.ExtractDateFromContent_WithNoDates_ShouldReturnEmptyString(String content) in /Users/santibraida/Workspace/comprobantes/FileContentRenamer.Tests/Services/DateExtractorEnhancedTests.cs:line 115
   at InvokeStub_DateExtractorEnhancedTests.ExtractDateFromContent_WithNoDates_ShouldReturnEmptyString(Object, Span`1)
   at System.Reflection.MethodBaseInvoker.InvokeWithOneArg(Object obj, BindingFlags invokeAttr, Binder binder, Object[] parameters, CultureInfo culture)</StackTrace>
        </ErrorInfo>
      </Output>
    </UnitTestResult>
    <UnitTestResult executionId="5dc11076-b098-48b3-8178-611c16cfb06a" testId="f74a6a94-f390-b5f6-1cb3-44e2f343eb63" testName="FileContentRenamer.Tests.Models.NamingRulesTests.GenerateFilename_WithDateOverrideButRichContent_ShouldUseOriginalDate" computerName="MacBook-Pro" duration="00:00:00.0003355" startTime="2025-08-11T23:52:27.0615050-03:00" endTime="2025-08-11T23:52:27.0618790-03:00" testType="13cdc9d9-ddb5-4fa4-a97d-d965ccfc6d4b" outcome="Passed" testListId="8c84fa94-04c1-424b-9868-57a2d4851a1d" relativeResultsDirectory="5dc11076-b098-48b3-8178-611c16cfb06a" />
    <UnitTestResult executionId="1160314b-ea01-4ff7-9073-dc1a05da66ec" testId="1f3ff8e1-e91a-ea79-b96f-cb3e726fda8c" testName="FileContentRenamer.Tests.Services.DirectoryOrganizerTests.OrganizeFileIntoDirectoryStructure_AlreadyInCorrectStructure_ShouldReturnSamePath" computerName="MacBook-Pro" duration="00:00:00.0057371" startTime="2025-08-11T23:52:27.0596980-03:00" endTime="2025-08-11T23:52:27.0646680-03:00" testType="13cdc9d9-ddb5-4fa4-a97d-d965ccfc6d4b" outcome="Passed" testListId="8c84fa94-04c1-424b-9868-57a2d4851a1d" relativeResultsDirectory="1160314b-ea01-4ff7-9073-dc1a05da66ec" />
    <UnitTestResult executionId="c53a935a-bf89-41ba-ba2e-036b9d6a917e" testId="75799e7f-c8b2-eb49-e7fc-7e63546cf626" testName="FileContentRenamer.Tests.Services.ImageProcessorTests.CanProcess_WithImageExtensions_ShouldReturnTrue(extension: &quot;.tif&quot;)" computerName="MacBook-Pro" duration="00:00:00.1244298" startTime="2025-08-11T23:52:27.4891290-03:00" endTime="2025-08-11T23:52:27.4910080-03:00" testType="13cdc9d9-ddb5-4fa4-a97d-d965ccfc6d4b" outcome="Passed" testListId="8c84fa94-04c1-424b-9868-57a2d4851a1d" relativeResultsDirectory="c53a935a-bf89-41ba-ba2e-036b9d6a917e" />
    <UnitTestResult executionId="cd4ae47b-48d2-463d-8626-3ef306cb7d7a" testId="73a4ef3c-a881-1492-597f-eb30563d6bb4" testName="FileContentRenamer.Tests.Services.DateExtractorEnhancedTests.ExtractDateFromContent_WithSlashDateFormats_ShouldExtractCorrectDate(content: &quot;Fecha: 2023/01/15&quot;, expected: &quot;2023-01-15&quot;)" computerName="MacBook-Pro" duration="00:00:00.0049891" startTime="2025-08-11T23:52:27.0602350-03:00" endTime="2025-08-11T23:52:27.0620070-03:00" testType="13cdc9d9-ddb5-4fa4-a97d-d965ccfc6d4b" outcome="Failed" testListId="8c84fa94-04c1-424b-9868-57a2d4851a1d" relativeResultsDirectory="cd4ae47b-48d2-463d-8626-3ef306cb7d7a">
      <Output>
        <ErrorInfo>
          <Message>Expected result to be "2023-01-15" with a length of 10, but "" has a length of 0, differs near "" (index 0).</Message>
          <StackTrace>   at FluentAssertions.Execution.XUnit2TestFramework.Throw(String message)
   at FluentAssertions.Execution.TestFrameworkProvider.Throw(String message)
   at FluentAssertions.Execution.DefaultAssertionStrategy.HandleFailure(String message)
   at FluentAssertions.Execution.AssertionScope.FailWith(Func`1 failReasonFunc)
   at FluentAssertions.Execution.AssertionScope.FailWith(Func`1 failReasonFunc)
   at FluentAssertions.Primitives.StringEqualityValidator.ValidateAgainstLengthDifferences()
   at FluentAssertions.Primitives.StringValidator.Validate()
   at FluentAssertions.Primitives.StringAssertions`1.Be(String expected, String because, Object[] becauseArgs)
   at FileContentRenamer.Tests.Services.DateExtractorEnhancedTests.ExtractDateFromContent_WithSlashDateFormats_ShouldExtractCorrectDate(String content, String expected) in /Users/santibraida/Workspace/comprobantes/FileContentRenamer.Tests/Services/DateExtractorEnhancedTests.cs:line 27
   at InvokeStub_DateExtractorEnhancedTests.ExtractDateFromContent_WithSlashDateFormats_ShouldExtractCorrectDate(Object, Span`1)
   at System.Reflection.MethodBaseInvoker.InvokeWithFewArgs(Object obj, BindingFlags invokeAttr, Binder binder, Object[] parameters, CultureInfo culture)</StackTrace>
        </ErrorInfo>
      </Output>
    </UnitTestResult>
    <UnitTestResult executionId="01e62677-400a-4020-8c2e-df30e29ecd35" testId="5417638d-00a2-b254-e010-2e2b38a4d2d7" testName="FileContentRenamer.Tests.Services.DateExtractorEnhancedTests.ExtractDateFromContent_WithDueDateFormats_ShouldExtractCorrectDate(content: &quot;Vencimiento: 15/01/2023&quot;, expected: &quot;2023-01-15&quot;)" computerName="MacBook-Pro" duration="00:00:00.0002084" startTime="2025-08-11T23:52:27.1842950-03:00" endTime="2025-08-11T23:52:27.1850460-03:00" testType="13cdc9d9-ddb5-4fa4-a97d-d965ccfc6d4b" outcome="Passed" testListId="8c84fa94-04c1-424b-9868-57a2d4851a1d" relativeResultsDirectory="01e62677-400a-4020-8c2e-df30e29ecd35" />
    <UnitTestResult executionId="f3453c59-c5ee-45e5-8350-f435cec86626" testId="74ad0e4c-d0dd-e8ed-f2c1-43d4f1994c9f" testName="FileContentRenamer.Tests.Services.ImageProcessorTests.CanProcess_WithVariousCases_ShouldReturnCorrectResult(extension: &quot;.Png&quot;)" computerName="MacBook-Pro" duration="00:00:00.0262663" startTime="2025-08-11T23:52:28.5065290-03:00" endTime="2025-08-11T23:52:28.5148350-03:00" testType="13cdc9d9-ddb5-4fa4-a97d-d965ccfc6d4b" outcome="Passed" testListId="8c84fa94-04c1-424b-9868-57a2d4851a1d" relativeResultsDirectory="f3453c59-c5ee-45e5-8350-f435cec86626" />
    <UnitTestResult executionId="10402a78-a163-499b-afc4-1a6013e3e52d" testId="4216934b-235a-6efa-b1f2-737b953f21df" testName="FileContentRenamer.Tests.Models.AppConfigTests.LoadFromConfiguration_WithEmptyConfig_ShouldThrowException" computerName="MacBook-Pro" duration="00:00:00.1455793" startTime="2025-08-11T23:52:27.4937180-03:00" endTime="2025-08-11T23:52:27.6365480-03:00" testType="13cdc9d9-ddb5-4fa4-a97d-d965ccfc6d4b" outcome="Failed" testListId="8c84fa94-04c1-424b-9868-57a2d4851a1d" relativeResultsDirectory="10402a78-a163-499b-afc4-1a6013e3e52d">
      <Output>
        <ErrorInfo>
          <Message>Expected a &lt;System.InvalidOperationException&gt; to be thrown, but no exception was thrown.</Message>
          <StackTrace>   at FluentAssertions.Execution.XUnit2TestFramework.Throw(String message)
   at FluentAssertions.Execution.TestFrameworkProvider.Throw(String message)
   at FluentAssertions.Execution.DefaultAssertionStrategy.HandleFailure(String message)
   at FluentAssertions.Execution.AssertionScope.FailWith(Func`1 failReasonFunc)
   at FluentAssertions.Execution.AssertionScope.FailWith(Func`1 failReasonFunc)
   at FluentAssertions.Execution.AssertionScope.FailWith(String message)
   at FluentAssertions.Specialized.DelegateAssertionsBase`2.ThrowInternal[TException](Exception exception, String because, Object[] becauseArgs)
   at FluentAssertions.Specialized.DelegateAssertions`2.Throw[TException](String because, Object[] becauseArgs)
   at FileContentRenamer.Tests.Models.AppConfigTests.LoadFromConfiguration_WithEmptyConfig_ShouldThrowException() in /Users/santibraida/Workspace/comprobantes/FileContentRenamer.Tests/Models/AppConfigTests.cs:line 161
   at System.RuntimeMethodHandle.InvokeMethod(Object target, Void** arguments, Signature sig, Boolean isConstructor)
   at System.Reflection.MethodBaseInvoker.InvokeWithNoArgs(Object obj, BindingFlags invokeAttr)</StackTrace>
        </ErrorInfo>
      </Output>
    </UnitTestResult>
    <UnitTestResult executionId="072503ed-7f4e-4529-9006-ed94cddfcd56" testId="fd75bf1b-7547-e469-5bac-5caae1974719" testName="FileContentRenamer.Tests.Services.FilenameGeneratorTests.IsAlreadyNamedFilename_WithValidFormats_ShouldReturnTrue(filename: &quot;service_2024-03-15_payment&quot;)" computerName="MacBook-Pro" duration="00:00:00.0007630" startTime="2025-08-11T23:52:26.8701810-03:00" endTime="2025-08-11T23:52:26.8702160-03:00" testType="13cdc9d9-ddb5-4fa4-a97d-d965ccfc6d4b" outcome="Passed" testListId="8c84fa94-04c1-424b-9868-57a2d4851a1d" relativeResultsDirectory="072503ed-7f4e-4529-9006-ed94cddfcd56" />
    <UnitTestResult executionId="757bb757-ae1e-400a-93cd-f411d7159d1d" testId="ea32b4ee-de29-bcf5-9e6a-b7b5b963e16b" testName="FileContentRenamer.Tests.Services.FileValidatorTests.ShouldProcessFile_WithInvalidExtensions_ShouldReturnFalse(extension: &quot;.png&quot;)" computerName="MacBook-Pro" duration="00:00:00.0004675" startTime="2025-08-11T23:52:26.8362510-03:00" endTime="2025-08-11T23:52:26.8366280-03:00" testType="13cdc9d9-ddb5-4fa4-a97d-d965ccfc6d4b" outcome="Passed" testListId="8c84fa94-04c1-424b-9868-57a2d4851a1d" relativeResultsDirectory="757bb757-ae1e-400a-93cd-f411d7159d1d" />
    <UnitTestResult executionId="4b89e20f-9715-4f5a-b315-0d4d9613fa5d" testId="cd9462e7-2aeb-f1cd-df73-927f31a7638d" testName="FileContentRenamer.Tests.Services.DateExtractorTests.ExtractDateFromContent_WithNoDate_ShouldReturnEmptyString" computerName="MacBook-Pro" duration="00:00:00.0002391" startTime="2025-08-11T23:52:26.6653820-03:00" endTime="2025-08-11T23:52:26.6654350-03:00" testType="13cdc9d9-ddb5-4fa4-a97d-d965ccfc6d4b" outcome="Passed" testListId="8c84fa94-04c1-424b-9868-57a2d4851a1d" relativeResultsDirectory="4b89e20f-9715-4f5a-b315-0d4d9613fa5d" />
    <UnitTestResult executionId="85a8a211-6b89-4117-b1a1-863bba232ce6" testId="44b78ff5-3e7b-b701-e798-52be3aafb6cb" testName="FileContentRenamer.Tests.Services.FilenameGeneratorTests.GenerateUniqueFilename_WithMultipleExistingFiles_ShouldReturnNextAvailableNumber" computerName="MacBook-Pro" duration="00:00:00.0023749" startTime="2025-08-11T23:52:27.1809720-03:00" endTime="2025-08-11T23:52:27.1882430-03:00" testType="13cdc9d9-ddb5-4fa4-a97d-d965ccfc6d4b" outcome="Passed" testListId="8c84fa94-04c1-424b-9868-57a2d4851a1d" relativeResultsDirectory="85a8a211-6b89-4117-b1a1-863bba232ce6" />
    <UnitTestResult executionId="37431fc9-f9cf-47a7-92c6-d828293f2ed1" testId="3e6b0563-b7f7-3fe9-fa34-e4d6b3b87a2b" testName="FileContentRenamer.Tests.Services.DateExtractorEnhancedTests.ExtractDateFromContent_WithSpanishMonthNames_ShouldExtractCorrectDate(content: &quot;22 de octubre de 2024&quot;, expected: &quot;2024-10-22&quot;)" computerName="MacBook-Pro" duration="00:00:00.0000070" startTime="2025-08-11T23:52:27.1826480-03:00" endTime="2025-08-11T23:52:27.1828290-03:00" testType="13cdc9d9-ddb5-4fa4-a97d-d965ccfc6d4b" outcome="Passed" testListId="8c84fa94-04c1-424b-9868-57a2d4851a1d" relativeResultsDirectory="37431fc9-f9cf-47a7-92c6-d828293f2ed1" />
    <UnitTestResult executionId="3e0230eb-2e53-44da-a950-bc104130a042" testId="a4d26202-1548-77e4-c6ee-466955cdb771" testName="FileContentRenamer.Tests.Services.DateExtractorTests.ExtractDateFromContent_WithVariousDueDateFormats_ShouldReturnCorrectDates(content: &quot;Vto.:15/03/2024&quot;, expected: &quot;2024-03-15&quot;)" computerName="MacBook-Pro" duration="00:00:00.0677254" startTime="2025-08-11T23:52:26.4838750-03:00" endTime="2025-08-11T23:52:26.4871860-03:00" testType="13cdc9d9-ddb5-4fa4-a97d-d965ccfc6d4b" outcome="Passed" testListId="8c84fa94-04c1-424b-9868-57a2d4851a1d" relativeResultsDirectory="3e0230eb-2e53-44da-a950-bc104130a042" />
    <UnitTestResult executionId="c82e9cee-947e-48a8-9b1b-08edc43d57a4" testId="a74078ad-01de-0282-292f-78f3a891fdb1" testName="FileContentRenamer.Tests.Services.FileValidatorTests.ShouldProcessFile_WithNonExistentFile_ShouldReturnFalse" computerName="MacBook-Pro" duration="00:00:00.0009920" startTime="2025-08-11T23:52:26.9068080-03:00" endTime="2025-08-11T23:52:26.9074680-03:00" testType="13cdc9d9-ddb5-4fa4-a97d-d965ccfc6d4b" outcome="Passed" testListId="8c84fa94-04c1-424b-9868-57a2d4851a1d" relativeResultsDirectory="c82e9cee-947e-48a8-9b1b-08edc43d57a4" />
    <UnitTestResult executionId="7f46c8b4-9de6-459f-bbb7-3ca76aa33be5" testId="5611fb35-7f75-b2a9-be17-8e2f5c001e43" testName="FileContentRenamer.Tests.Services.FilenameGeneratorTests.CleanupFileName_WithVariousInputs_ShouldReturnCleanedName(input: &quot;file|name&quot;, expected: &quot;file|name&quot;)" computerName="MacBook-Pro" duration="00:00:00.0000165" startTime="2025-08-11T23:52:26.9012870-03:00" endTime="2025-08-11T23:52:26.9013240-03:00" testType="13cdc9d9-ddb5-4fa4-a97d-d965ccfc6d4b" outcome="Passed" testListId="8c84fa94-04c1-424b-9868-57a2d4851a1d" relativeResultsDirectory="7f46c8b4-9de6-459f-bbb7-3ca76aa33be5" />
    <UnitTestResult executionId="61f7d977-af1f-4d01-a2dd-d94e0c72a10f" testId="c8e339c4-495d-6682-fb59-508814014af3" testName="FileContentRenamer.Tests.Models.AppConfigTests.AppConfig_DefaultValues_ShouldBeSetCorrectly" computerName="MacBook-Pro" duration="00:00:00.0003636" startTime="2025-08-11T23:52:27.8254770-03:00" endTime="2025-08-11T23:52:27.8255580-03:00" testType="13cdc9d9-ddb5-4fa4-a97d-d965ccfc6d4b" outcome="Passed" testListId="8c84fa94-04c1-424b-9868-57a2d4851a1d" relativeResultsDirectory="61f7d977-af1f-4d01-a2dd-d94e0c72a10f" />
    <UnitTestResult executionId="87ccbeb7-b23f-4573-9af8-4b5cea99529d" testId="75b52445-788c-0c2d-ad1d-9437d196417b" testName="FileContentRenamer.Tests.Services.TextProcessorTests.ExtractContentAsync_WithMultilineContent_ShouldReturnContent" computerName="MacBook-Pro" duration="00:00:00.0490522" startTime="2025-08-11T23:52:26.8084670-03:00" endTime="2025-08-11T23:52:26.8387220-03:00" testType="13cdc9d9-ddb5-4fa4-a97d-d965ccfc6d4b" outcome="Passed" testListId="8c84fa94-04c1-424b-9868-57a2d4851a1d" relativeResultsDirectory="87ccbeb7-b23f-4573-9af8-4b5cea99529d" />
    <UnitTestResult executionId="348257a5-dc26-4e34-8c16-77d49df70c74" testId="2d342154-145e-4478-0b05-dc053252b525" testName="FileContentRenamer.Tests.Services.DateExtractorEnhancedTests.ExtractDateFromContent_WithSpanishMonthNames_ShouldExtractCorrectDate(content: &quot;10 de mayo de 2024&quot;, expected: &quot;2024-05-10&quot;)" computerName="MacBook-Pro" duration="00:00:00.0000063" startTime="2025-08-11T23:52:27.1811180-03:00" endTime="2025-08-11T23:52:27.1811430-03:00" testType="13cdc9d9-ddb5-4fa4-a97d-d965ccfc6d4b" outcome="Passed" testListId="8c84fa94-04c1-424b-9868-57a2d4851a1d" relativeResultsDirectory="348257a5-dc26-4e34-8c16-77d49df70c74" />
    <UnitTestResult executionId="163b7b18-9ac1-432a-9172-65d9607f7d67" testId="8f9706bb-c4e8-83d9-78e0-248eda84983c" testName="FileContentRenamer.Tests.Services.DateExtractorTests.ExtractDateFromContent_WithVariousSpanishDates_ShouldReturnCorrectDates(content: &quot;1 de enero de 2024&quot;, expected: &quot;2024-01-01&quot;)" computerName="MacBook-Pro" duration="00:00:00.0000787" startTime="2025-08-11T23:52:26.6614590-03:00" endTime="2025-08-11T23:52:26.6614890-03:00" testType="13cdc9d9-ddb5-4fa4-a97d-d965ccfc6d4b" outcome="Passed" testListId="8c84fa94-04c1-424b-9868-57a2d4851a1d" relativeResultsDirectory="163b7b18-9ac1-432a-9172-65d9607f7d67" />
    <UnitTestResult executionId="2c100581-2c46-4401-a05d-bb976fdbfcc0" testId="ee980d6a-c8f2-fb3c-69f5-92dd6531facb" testName="FileContentRenamer.Tests.Services.DirectoryOrganizerTests.GetMonthName_WithValidMonth_ShouldReturnSpanishName(monthNumber: 2, expected: &quot;febrero&quot;)" computerName="MacBook-Pro" duration="00:00:00.0000872" startTime="2025-08-11T23:52:26.7980140-03:00" endTime="2025-08-11T23:52:26.7980700-03:00" testType="13cdc9d9-ddb5-4fa4-a97d-d965ccfc6d4b" outcome="Passed" testListId="8c84fa94-04c1-424b-9868-57a2d4851a1d" relativeResultsDirectory="2c100581-2c46-4401-a05d-bb976fdbfcc0" />
    <UnitTestResult executionId="a08bdafb-4bd3-40de-9256-e9112689e6fc" testId="aa7a6137-3efe-902b-7df5-672c2c4d55d3" testName="FileContentRenamer.Tests.Services.PdfProcessorTests.CanProcess_WithNonPdfExtension_ShouldReturnFalse(filename: &quot;test.docx&quot;)" computerName="MacBook-Pro" duration="00:00:00.0002069" startTime="2025-08-11T23:52:26.9812230-03:00" endTime="2025-08-11T23:52:26.9812670-03:00" testType="13cdc9d9-ddb5-4fa4-a97d-d965ccfc6d4b" outcome="Passed" testListId="8c84fa94-04c1-424b-9868-57a2d4851a1d" relativeResultsDirectory="a08bdafb-4bd3-40de-9256-e9112689e6fc" />
    <UnitTestResult executionId="c99856aa-56cd-4f65-ba20-eb59755e7674" testId="d1416a64-bf78-25ec-aee2-d5b8b18bc3dc" testName="FileContentRenamer.Tests.Services.DirectoryOrganizerTests.GetMonthName_WithValidMonth_ShouldReturnSpanishName(monthNumber: 5, expected: &quot;mayo&quot;)" computerName="MacBook-Pro" duration="00:00:00.0000979" startTime="2025-08-11T23:52:26.7151370-03:00" endTime="2025-08-11T23:52:26.7151800-03:00" testType="13cdc9d9-ddb5-4fa4-a97d-d965ccfc6d4b" outcome="Passed" testListId="8c84fa94-04c1-424b-9868-57a2d4851a1d" relativeResultsDirectory="c99856aa-56cd-4f65-ba20-eb59755e7674" />
    <UnitTestResult executionId="fa50cd2c-de08-4cf2-8267-4463bf2b60a6" testId="0585f1ec-f642-09e1-866f-6d3653426f93" testName="FileContentRenamer.Tests.Services.FileValidatorTests.ShouldSkipAlreadyNamedFile_WithNotAlreadyNamedFile_ShouldReturnFalse" computerName="MacBook-Pro" duration="00:00:00.0003819" startTime="2025-08-11T23:52:26.8730020-03:00" endTime="2025-08-11T23:52:26.8732460-03:00" testType="13cdc9d9-ddb5-4fa4-a97d-d965ccfc6d4b" outcome="Passed" testListId="8c84fa94-04c1-424b-9868-57a2d4851a1d" relativeResultsDirectory="fa50cd2c-de08-4cf2-8267-4463bf2b60a6" />
    <UnitTestResult executionId="644407a3-dbd7-44b0-99c9-c17355d53848" testId="bf914933-84d9-edc4-e55e-910119d4b304" testName="FileContentRenamer.Tests.Services.DateExtractorAdditionalTests.ExtractDateFromContent_WithEmptyOrInvalidContent_ShouldReturnEmpty(content: &quot;&quot;)" computerName="MacBook-Pro" duration="00:00:00.0000989" startTime="2025-08-11T23:52:27.2568030-03:00" endTime="2025-08-11T23:52:27.2572850-03:00" testType="13cdc9d9-ddb5-4fa4-a97d-d965ccfc6d4b" outcome="Passed" testListId="8c84fa94-04c1-424b-9868-57a2d4851a1d" relativeResultsDirectory="644407a3-dbd7-44b0-99c9-c17355d53848" />
    <UnitTestResult executionId="a257c215-b60c-4fc8-b2d4-c741dab47c67" testId="58c30dcc-7833-3fbd-e3d5-bc0da1ab4b4e" testName="FileContentRenamer.Tests.Services.DateExtractorEnhancedTests.ExtractDateFromContent_WithSpanishMonthNames_ShouldExtractCorrectDate(content: &quot;31 de diciembre de 2023&quot;, expected: &quot;2023-12-31&quot;)" computerName="MacBook-Pro" duration="00:00:00.0000120" startTime="2025-08-11T23:52:27.1798210-03:00" endTime="2025-08-11T23:52:27.1798560-03:00" testType="13cdc9d9-ddb5-4fa4-a97d-d965ccfc6d4b" outcome="Passed" testListId="8c84fa94-04c1-424b-9868-57a2d4851a1d" relativeResultsDirectory="a257c215-b60c-4fc8-b2d4-c741dab47c67" />
    <UnitTestResult executionId="a64c7c4f-a2b3-4d09-a9cb-33c7fd52a003" testId="1fee9821-3919-b84e-fa07-8bc4fb6625e5" testName="FileContentRenamer.Tests.Services.FileValidatorTests.ShouldProcessFile_WithDifferentCasing_ShouldBeCaseInsensitive(filename: &quot;test.Pdf&quot;)" computerName="MacBook-Pro" duration="00:00:00.0004136" startTime="2025-08-11T23:52:26.8690270-03:00" endTime="2025-08-11T23:52:26.8690720-03:00" testType="13cdc9d9-ddb5-4fa4-a97d-d965ccfc6d4b" outcome="Passed" testListId="8c84fa94-04c1-424b-9868-57a2d4851a1d" relativeResultsDirectory="a64c7c4f-a2b3-4d09-a9cb-33c7fd52a003" />
    <UnitTestResult executionId="62eaa7f1-cf34-4050-a777-138406764c56" testId="6d7a483b-6c01-6e31-c6bf-ec0c2f6ad577" testName="FileContentRenamer.Tests.Services.PdfProcessorTests.CanProcess_WithPdfExtensionDifferentCasing_ShouldReturnTrue(filename: &quot;test.PDF&quot;)" computerName="MacBook-Pro" duration="00:00:00.0001686" startTime="2025-08-11T23:52:26.9758200-03:00" endTime="2025-08-11T23:52:26.9770120-03:00" testType="13cdc9d9-ddb5-4fa4-a97d-d965ccfc6d4b" outcome="Passed" testListId="8c84fa94-04c1-424b-9868-57a2d4851a1d" relativeResultsDirectory="62eaa7f1-cf34-4050-a777-138406764c56" />
    <UnitTestResult executionId="1251dc53-ff1a-478e-896f-e040cff30fa8" testId="30177b80-4255-9855-fa20-76724e89c280" testName="FileContentRenamer.Tests.Services.PdfProcessorTests.CanProcess_WithPdfExtensionDifferentCasing_ShouldReturnTrue(filename: &quot;test.Pdf&quot;)" computerName="MacBook-Pro" duration="00:00:00.0011084" startTime="2025-08-11T23:52:26.9071420-03:00" endTime="2025-08-11T23:52:26.9751450-03:00" testType="13cdc9d9-ddb5-4fa4-a97d-d965ccfc6d4b" outcome="Passed" testListId="8c84fa94-04c1-424b-9868-57a2d4851a1d" relativeResultsDirectory="1251dc53-ff1a-478e-896f-e040cff30fa8" />
    <UnitTestResult executionId="f117292a-971a-4e38-ba39-3593c35c7d72" testId="b829fc0a-cd8f-a1f4-3d8c-d7d0a224524a" testName="FileContentRenamer.Tests.Services.DateExtractorAdditionalTests.ExtractDateFromContent_WithEmptyOrInvalidContent_ShouldReturnEmpty(content: &quot;   &quot;)" computerName="MacBook-Pro" duration="00:00:00.0001011" startTime="2025-08-11T23:52:27.2378840-03:00" endTime="2025-08-11T23:52:27.2557680-03:00" testType="13cdc9d9-ddb5-4fa4-a97d-d965ccfc6d4b" outcome="Passed" testListId="8c84fa94-04c1-424b-9868-57a2d4851a1d" relativeResultsDirectory="f117292a-971a-4e38-ba39-3593c35c7d72" />
    <UnitTestResult executionId="cf57f127-1402-484d-bb70-0f723340351c" testId="9a26edef-7dd2-4e60-c205-9ce214074484" testName="FileContentRenamer.Tests.Services.DirectoryOrganizerTests.OrganizeFileIntoDirectoryStructure_WithDifferentYears_ShouldCreateNewYearStructure" computerName="MacBook-Pro" duration="00:00:00.0012818" startTime="2025-08-11T23:52:26.8097990-03:00" endTime="2025-08-11T23:52:26.8105370-03:00" testType="13cdc9d9-ddb5-4fa4-a97d-d965ccfc6d4b" outcome="Passed" testListId="8c84fa94-04c1-424b-9868-57a2d4851a1d" relativeResultsDirectory="cf57f127-1402-484d-bb70-0f723340351c" />
    <UnitTestResult executionId="98675ea1-0d24-4c56-956d-c6fe37b6d938" testId="5ba61b11-551a-10ce-86ec-bdc1ee67e90e" testName="FileContentRenamer.Tests.Services.FileValidatorTests.ValidateConfiguration_WithEmptyBasePath_ShouldReturnFalse" computerName="MacBook-Pro" duration="00:00:00.0008057" startTime="2025-08-11T23:52:26.9064790-03:00" endTime="2025-08-11T23:52:26.9065240-03:00" testType="13cdc9d9-ddb5-4fa4-a97d-d965ccfc6d4b" outcome="Passed" testListId="8c84fa94-04c1-424b-9868-57a2d4851a1d" relativeResultsDirectory="98675ea1-0d24-4c56-956d-c6fe37b6d938" />
    <UnitTestResult executionId="93f70de0-cbbb-4be6-963a-f2ed7f272d56" testId="2ce66dbc-f5ab-5500-4273-caffb3bf4e5f" testName="FileContentRenamer.Tests.Models.NamingRulesTests.FindMatchingRule_WithNoMatchingRule_ShouldReturnNull" computerName="MacBook-Pro" duration="00:00:00.0045548" startTime="2025-08-11T23:52:27.0608600-03:00" endTime="2025-08-11T23:52:27.0608860-03:00" testType="13cdc9d9-ddb5-4fa4-a97d-d965ccfc6d4b" outcome="Passed" testListId="8c84fa94-04c1-424b-9868-57a2d4851a1d" relativeResultsDirectory="93f70de0-cbbb-4be6-963a-f2ed7f272d56" />
    <UnitTestResult executionId="4a167049-5f82-44b6-ad8a-73810516fa94" testId="1fce80af-4e5c-d587-4a3f-80329d702744" testName="FileContentRenamer.Tests.Services.DateExtractorEnhancedTests.ExtractDateFromContent_WithInvalidDates_ShouldReturnEmptyString(content: &quot;15/13/2023&quot;)" computerName="MacBook-Pro" duration="00:00:00.0002306" startTime="2025-08-11T23:52:27.3427940-03:00" endTime="2025-08-11T23:52:27.3431410-03:00" testType="13cdc9d9-ddb5-4fa4-a97d-d965ccfc6d4b" outcome="Failed" testListId="8c84fa94-04c1-424b-9868-57a2d4851a1d" relativeResultsDirectory="4a167049-5f82-44b6-ad8a-73810516fa94">
      <Output>
        <ErrorInfo>
          <Message>Expected result to be empty, but found "2023-13-15".</Message>
          <StackTrace>   at FluentAssertions.Execution.XUnit2TestFramework.Throw(String message)
   at FluentAssertions.Execution.TestFrameworkProvider.Throw(String message)
   at FluentAssertions.Execution.DefaultAssertionStrategy.HandleFailure(String message)
   at FluentAssertions.Execution.AssertionScope.FailWith(Func`1 failReasonFunc)
   at FluentAssertions.Execution.AssertionScope.FailWith(Func`1 failReasonFunc)
   at FluentAssertions.Execution.AssertionScope.FailWith(String message, Object[] args)
   at FluentAssertions.Primitives.StringAssertions`1.BeEmpty(String because, Object[] becauseArgs)
   at FileContentRenamer.Tests.Services.DateExtractorEnhancedTests.ExtractDateFromContent_WithInvalidDates_ShouldReturnEmptyString(String content) in /Users/santibraida/Workspace/comprobantes/FileContentRenamer.Tests/Services/DateExtractorEnhancedTests.cs:line 144
   at InvokeStub_DateExtractorEnhancedTests.ExtractDateFromContent_WithInvalidDates_ShouldReturnEmptyString(Object, Span`1)
   at System.Reflection.MethodBaseInvoker.InvokeWithOneArg(Object obj, BindingFlags invokeAttr, Binder binder, Object[] parameters, CultureInfo culture)</StackTrace>
        </ErrorInfo>
      </Output>
    </UnitTestResult>
    <UnitTestResult executionId="0d11e5a7-e913-46b6-8917-5e351ef13f8d" testId="013af074-e0c5-bb27-30f4-779070d7fe10" testName="FileContentRenamer.Tests.Services.DateExtractorTests.ExtractDateFromFilename_WithInvalidFormat_ShouldReturnEmptyString" computerName="MacBook-Pro" duration="00:00:00.0001633" startTime="2025-08-11T23:52:26.6568320-03:00" endTime="2025-08-11T23:52:26.6568620-03:00" testType="13cdc9d9-ddb5-4fa4-a97d-d965ccfc6d4b" outcome="Passed" testListId="8c84fa94-04c1-424b-9868-57a2d4851a1d" relativeResultsDirectory="0d11e5a7-e913-46b6-8917-5e351ef13f8d" />
    <UnitTestResult executionId="b1698797-eee7-455e-9ff7-30b873e890e5" testId="8b50f6a7-4d32-7ee6-c298-95c6826dd2dd" testName="FileContentRenamer.Tests.Services.ImageProcessorTests.CanProcess_WithImageExtensions_ShouldReturnTrue(extension: &quot;.png&quot;)" computerName="MacBook-Pro" duration="00:00:00.0289860" startTime="2025-08-11T23:52:27.4915690-03:00" endTime="2025-08-11T23:52:27.4921710-03:00" testType="13cdc9d9-ddb5-4fa4-a97d-d965ccfc6d4b" outcome="Passed" testListId="8c84fa94-04c1-424b-9868-57a2d4851a1d" relativeResultsDirectory="b1698797-eee7-455e-9ff7-30b873e890e5" />
    <UnitTestResult executionId="a4d3bff8-13f4-4240-9016-2e288f838a94" testId="952aba2d-1bed-c6ae-9c4c-0567f631f090" testName="FileContentRenamer.Tests.Services.DateExtractorEnhancedTests.ExtractDateFromContent_WithMultipleDates_ShouldReturnFirstValidDate(content: &quot;Multiple dates: 2023-01-15 and 2023-02-20&quot;, expected: &quot;2023-01-15&quot;)" computerName="MacBook-Pro" duration="00:00:00.0002177" startTime="2025-08-11T23:52:26.9750960-03:00" endTime="2025-08-11T23:52:26.9758480-03:00" testType="13cdc9d9-ddb5-4fa4-a97d-d965ccfc6d4b" outcome="Passed" testListId="8c84fa94-04c1-424b-9868-57a2d4851a1d" relativeResultsDirectory="a4d3bff8-13f4-4240-9016-2e288f838a94" />
    <UnitTestResult executionId="50ebf0c2-0516-4d7a-8ee8-d04e8c7604d9" testId="2266e366-c62d-09c9-ded7-1e7b5d0da037" testName="FileContentRenamer.Tests.Services.DirectoryOrganizerTests.IsInYearMonthStructure_WithInvalidStructure_ShouldReturnFalse(folderName: &quot;03_marzo_not_in_year&quot;)" computerName="MacBook-Pro" duration="00:00:00.0010118" startTime="2025-08-11T23:52:26.8026540-03:00" endTime="2025-08-11T23:52:26.8048160-03:00" testType="13cdc9d9-ddb5-4fa4-a97d-d965ccfc6d4b" outcome="Passed" testListId="8c84fa94-04c1-424b-9868-57a2d4851a1d" relativeResultsDirectory="50ebf0c2-0516-4d7a-8ee8-d04e8c7604d9" />
    <UnitTestResult executionId="bd201542-ff7f-4800-9a0a-f511dea10b27" testId="6d7beee1-1275-7fbd-2196-741c8c2b81ed" testName="FileContentRenamer.Tests.Models.NamingRulesTests.FindMatchingRule_WithEmptyContent_ShouldReturnNull" computerName="MacBook-Pro" duration="00:00:00.0000781" startTime="2025-08-11T23:52:27.0611920-03:00" endTime="2025-08-11T23:52:27.0612290-03:00" testType="13cdc9d9-ddb5-4fa4-a97d-d965ccfc6d4b" outcome="Passed" testListId="8c84fa94-04c1-424b-9868-57a2d4851a1d" relativeResultsDirectory="bd201542-ff7f-4800-9a0a-f511dea10b27" />
    <UnitTestResult executionId="1bcc3114-b5f9-4de8-8b44-81ba8016cc94" testId="b0162767-b0d5-ac8c-e6c1-f87ef88a8da6" testName="FileContentRenamer.Tests.Services.DateExtractorTests.ExtractDateFromFilename_WithEmptyFilename_ShouldReturnEmptyString" computerName="MacBook-Pro" duration="00:00:00.0014844" startTime="2025-08-11T23:52:26.6555330-03:00" endTime="2025-08-11T23:52:26.6555880-03:00" testType="13cdc9d9-ddb5-4fa4-a97d-d965ccfc6d4b" outcome="Passed" testListId="8c84fa94-04c1-424b-9868-57a2d4851a1d" relativeResultsDirectory="1bcc3114-b5f9-4de8-8b44-81ba8016cc94" />
    <UnitTestResult executionId="8554c4e3-df2d-4688-8508-9b42433cb6b8" testId="929aa209-e3f7-852b-9884-da4d7850f9c4" testName="FileContentRenamer.Tests.Services.TextProcessorTests.ExtractContentAsync_WithValidTextFile_ShouldReturnContent" computerName="MacBook-Pro" duration="00:00:00.0430497" startTime="2025-08-11T23:52:26.4844860-03:00" endTime="2025-08-11T23:52:26.8038720-03:00" testType="13cdc9d9-ddb5-4fa4-a97d-d965ccfc6d4b" outcome="Passed" testListId="8c84fa94-04c1-424b-9868-57a2d4851a1d" relativeResultsDirectory="8554c4e3-df2d-4688-8508-9b42433cb6b8" />
    <UnitTestResult executionId="a664228e-ba3e-4770-99d5-bca90c6294a7" testId="a00161a9-0529-e732-0088-1c7763cce2e1" testName="FileContentRenamer.Tests.Services.DirectoryOrganizerAdditionalTests.OrganizeFileIntoDirectoryStructure_WithAllMonths_ShouldCreateCorrectStructure(dateStr: &quot;2023-06-25&quot;, expectedMonth: &quot;06_junio&quot;)" computerName="MacBook-Pro" duration="00:00:00.0013233" startTime="2025-08-11T23:52:26.7970650-03:00" endTime="2025-08-11T23:52:26.8031760-03:00" testType="13cdc9d9-ddb5-4fa4-a97d-d965ccfc6d4b" outcome="Passed" testListId="8c84fa94-04c1-424b-9868-57a2d4851a1d" relativeResultsDirectory="a664228e-ba3e-4770-99d5-bca90c6294a7" />
    <UnitTestResult executionId="08fe4c6c-93c0-47af-b183-03f8ef676ad8" testId="2096051f-0719-d6b7-7ba6-a9c6fbdaed26" testName="FileContentRenamer.Tests.Services.ImageProcessorTests.ExtractContentAsync_WithNonExistentFile_ShouldReturnEmptyString" computerName="MacBook-Pro" duration="00:00:00.0814176" startTime="2025-08-11T23:52:28.5618730-03:00" endTime="2025-08-11T23:52:28.6248780-03:00" testType="13cdc9d9-ddb5-4fa4-a97d-d965ccfc6d4b" outcome="Passed" testListId="8c84fa94-04c1-424b-9868-57a2d4851a1d" relativeResultsDirectory="08fe4c6c-93c0-47af-b183-03f8ef676ad8" />
    <UnitTestResult executionId="b0cff6c3-ab7b-4a10-8918-024b23741f61" testId="f3287b07-b05f-116b-412b-e12a39926f98" testName="FileContentRenamer.Tests.Services.PdfProcessorTests.ExtractContentAsync_WithCorruptedPdfFile_ShouldReturnEmptyString" computerName="MacBook-Pro" duration="00:00:00.0031971" startTime="2025-08-11T23:52:26.9821400-03:00" endTime="2025-08-11T23:52:26.9826290-03:00" testType="13cdc9d9-ddb5-4fa4-a97d-d965ccfc6d4b" outcome="Passed" testListId="8c84fa94-04c1-424b-9868-57a2d4851a1d" relativeResultsDirectory="b0cff6c3-ab7b-4a10-8918-024b23741f61" />
    <UnitTestResult executionId="919b35c9-1cf3-4f41-a2b8-d97402d00953" testId="4aa74dd8-fb80-b294-7ad9-6c62fbeadb10" testName="FileContentRenamer.Tests.Services.DirectoryOrganizerAdditionalTests.OrganizeFileIntoDirectoryStructure_WithNonExistentFile_ShouldThrowException" computerName="MacBook-Pro" duration="00:00:00.0009873" startTime="2025-08-11T23:52:26.8365830-03:00" endTime="2025-08-11T23:52:26.8369360-03:00" testType="13cdc9d9-ddb5-4fa4-a97d-d965ccfc6d4b" outcome="Passed" testListId="8c84fa94-04c1-424b-9868-57a2d4851a1d" relativeResultsDirectory="919b35c9-1cf3-4f41-a2b8-d97402d00953" />
    <UnitTestResult executionId="d1432939-cde1-42ea-a765-2167a18b054d" testId="d0d2c3b5-6a63-09c0-0a9b-894aa7a6f45d" testName="FileContentRenamer.Tests.Services.FileServiceTests.ProcessFilesAsync_WithInvalidConfiguration_ShouldReturnEarly" computerName="MacBook-Pro" duration="00:00:00.0007486" startTime="2025-08-11T23:52:27.4898750-03:00" endTime="2025-08-11T23:52:27.4899250-03:00" testType="13cdc9d9-ddb5-4fa4-a97d-d965ccfc6d4b" outcome="Passed" testListId="8c84fa94-04c1-424b-9868-57a2d4851a1d" relativeResultsDirectory="d1432939-cde1-42ea-a765-2167a18b054d" />
    <UnitTestResult executionId="a1032cc9-c4ce-428d-bb52-2ae27097836b" testId="ad083858-4684-5d70-1300-ba3913caacc8" testName="FileContentRenamer.Tests.Services.DateExtractorAdditionalTests.ExtractDateFromContent_WithVariousFormats_ShouldReturnCorrectDate(content: &quot;Fecha vencimiento: 28-02-2024&quot;, expected: &quot;2024-02-28&quot;)" computerName="MacBook-Pro" duration="00:00:00.0002596" startTime="2025-08-11T23:52:27.2599030-03:00" endTime="2025-08-11T23:52:27.2602760-03:00" testType="13cdc9d9-ddb5-4fa4-a97d-d965ccfc6d4b" outcome="Passed" testListId="8c84fa94-04c1-424b-9868-57a2d4851a1d" relativeResultsDirectory="a1032cc9-c4ce-428d-bb52-2ae27097836b" />
    <UnitTestResult executionId="9b64ff3f-c11f-4558-82d8-8cdd6e28de47" testId="6d830e63-8fcb-8140-fe0b-9a127d46ab00" testName="FileContentRenamer.Tests.Services.FileValidatorTests.ShouldProcessFile_WithValidExtensions_ShouldReturnTrue(extension: &quot;.jpg&quot;)" computerName="MacBook-Pro" duration="00:00:00.0013476" startTime="2025-08-11T23:52:26.8664700-03:00" endTime="2025-08-11T23:52:26.8665230-03:00" testType="13cdc9d9-ddb5-4fa4-a97d-d965ccfc6d4b" outcome="Passed" testListId="8c84fa94-04c1-424b-9868-57a2d4851a1d" relativeResultsDirectory="9b64ff3f-c11f-4558-82d8-8cdd6e28de47" />
    <UnitTestResult executionId="75b8b058-6507-419d-a4cb-f73644696d69" testId="d4b98c45-9a1e-d6b8-be91-2e570dc7af05" testName="FileContentRenamer.Tests.Services.DateExtractorEnhancedTests.ExtractDateFromContent_WithDueDateFormats_ShouldExtractCorrectDate(content: &quot;Due date: 31/12/2023&quot;, expected: &quot;2023-12-31&quot;)" computerName="MacBook-Pro" duration="00:00:00.0006535" startTime="2025-08-11T23:52:27.1836640-03:00" endTime="2025-08-11T23:52:27.1840250-03:00" testType="13cdc9d9-ddb5-4fa4-a97d-d965ccfc6d4b" outcome="Passed" testListId="8c84fa94-04c1-424b-9868-57a2d4851a1d" relativeResultsDirectory="75b8b058-6507-419d-a4cb-f73644696d69" />
    <UnitTestResult executionId="1a14dc81-7e56-4d72-8770-d0a1a18c3352" testId="0d10a7ac-0e5b-dd5d-82c4-53603840d067" testName="FileContentRenamer.Tests.Services.FileValidatorTests.ShouldSkipAlreadyNamedFile_WithForceReprocessEnabled_ShouldReturnFalse" computerName="MacBook-Pro" duration="00:00:00.0001635" startTime="2025-08-11T23:52:26.9081020-03:00" endTime="2025-08-11T23:52:26.9081410-03:00" testType="13cdc9d9-ddb5-4fa4-a97d-d965ccfc6d4b" outcome="Passed" testListId="8c84fa94-04c1-424b-9868-57a2d4851a1d" relativeResultsDirectory="1a14dc81-7e56-4d72-8770-d0a1a18c3352" />
    <UnitTestResult executionId="af716898-1991-47e7-afb3-640d059f442c" testId="c6dc2a6c-f2f7-0168-d02b-4b37ab6705fc" testName="FileContentRenamer.Tests.Services.DateExtractorEnhancedTests.ExtractDateFromContent_WithDueDateFormats_ShouldExtractCorrectDate(content: &quot;VENCIMIENTO: 30/06/2023&quot;, expected: &quot;2023-06-30&quot;)" computerName="MacBook-Pro" duration="00:00:00.0000335" startTime="2025-08-11T23:52:27.1853180-03:00" endTime="2025-08-11T23:52:27.1856500-03:00" testType="13cdc9d9-ddb5-4fa4-a97d-d965ccfc6d4b" outcome="Passed" testListId="8c84fa94-04c1-424b-9868-57a2d4851a1d" relativeResultsDirectory="af716898-1991-47e7-afb3-640d059f442c" />
    <UnitTestResult executionId="33333fe2-3ce6-402a-a6c2-8217547953d3" testId="50fa8f71-8d78-c5b2-6484-06fffd5546d4" testName="FileContentRenamer.Tests.Services.FilenameGeneratorTests.GenerateUniqueFilename_WithExistingFile_ShouldReturnNumberedVersion" computerName="MacBook-Pro" duration="00:00:00.0005463" startTime="2025-08-11T23:52:27.1891260-03:00" endTime="2025-08-11T23:52:27.2365400-03:00" testType="13cdc9d9-ddb5-4fa4-a97d-d965ccfc6d4b" outcome="Passed" testListId="8c84fa94-04c1-424b-9868-57a2d4851a1d" relativeResultsDirectory="33333fe2-3ce6-402a-a6c2-8217547953d3" />
    <UnitTestResult executionId="168024cf-5220-4a0e-8d10-309e8ed7983b" testId="653d3743-7cb8-b116-b4af-cf8e20bba6f6" testName="FileContentRenamer.Tests.Models.NamingRulesTests.GenerateFilename_WithRuleWithEmptyPaymentMethod_ShouldUseDefault" computerName="MacBook-Pro" duration="00:00:00.0001905" startTime="2025-08-11T23:52:27.1860630-03:00" endTime="2025-08-11T23:52:27.1865430-03:00" testType="13cdc9d9-ddb5-4fa4-a97d-d965ccfc6d4b" outcome="Passed" testListId="8c84fa94-04c1-424b-9868-57a2d4851a1d" relativeResultsDirectory="168024cf-5220-4a0e-8d10-309e8ed7983b" />
    <UnitTestResult executionId="e2db43e0-419d-4bf4-92fc-80e738ad5165" testId="d6182ce0-2a64-c9da-687b-23e65d906984" testName="FileContentRenamer.Tests.Services.DateExtractorEnhancedTests.ExtractDateFromContent_WithSlashDateFormats_ShouldExtractCorrectDate(content: &quot;Date: 2023/12/31&quot;, expected: &quot;2023-12-31&quot;)" computerName="MacBook-Pro" duration="00:00:00.0003844" startTime="2025-08-11T23:52:27.0583980-03:00" endTime="2025-08-11T23:52:27.0597280-03:00" testType="13cdc9d9-ddb5-4fa4-a97d-d965ccfc6d4b" outcome="Failed" testListId="8c84fa94-04c1-424b-9868-57a2d4851a1d" relativeResultsDirectory="e2db43e0-419d-4bf4-92fc-80e738ad5165">
      <Output>
        <ErrorInfo>
          <Message>Expected result to be "2023-12-31" with a length of 10, but "" has a length of 0, differs near "" (index 0).</Message>
          <StackTrace>   at FluentAssertions.Execution.XUnit2TestFramework.Throw(String message)
   at FluentAssertions.Execution.TestFrameworkProvider.Throw(String message)
   at FluentAssertions.Execution.DefaultAssertionStrategy.HandleFailure(String message)
   at FluentAssertions.Execution.AssertionScope.FailWith(Func`1 failReasonFunc)
   at FluentAssertions.Execution.AssertionScope.FailWith(Func`1 failReasonFunc)
   at FluentAssertions.Primitives.StringEqualityValidator.ValidateAgainstLengthDifferences()
   at FluentAssertions.Primitives.StringValidator.Validate()
   at FluentAssertions.Primitives.StringAssertions`1.Be(String expected, String because, Object[] becauseArgs)
   at FileContentRenamer.Tests.Services.DateExtractorEnhancedTests.ExtractDateFromContent_WithSlashDateFormats_ShouldExtractCorrectDate(String content, String expected) in /Users/santibraida/Workspace/comprobantes/FileContentRenamer.Tests/Services/DateExtractorEnhancedTests.cs:line 27
   at InvokeStub_DateExtractorEnhancedTests.ExtractDateFromContent_WithSlashDateFormats_ShouldExtractCorrectDate(Object, Span`1)
   at System.Reflection.MethodBaseInvoker.InvokeWithFewArgs(Object obj, BindingFlags invokeAttr, Binder binder, Object[] parameters, CultureInfo culture)</StackTrace>
        </ErrorInfo>
      </Output>
    </UnitTestResult>
    <UnitTestResult executionId="a784196b-062c-4cf5-a10b-fe8a067158cf" testId="2baaf6a6-6812-8b99-5d21-fa95ac740bec" testName="FileContentRenamer.Tests.Models.AppConfigTests.SaveLastUsedPath_WithInvalidPath_ShouldNotThrow" computerName="MacBook-Pro" duration="00:00:00.0602269" startTime="2025-08-11T23:52:27.7645460-03:00" endTime="2025-08-11T23:52:27.8239430-03:00" testType="13cdc9d9-ddb5-4fa4-a97d-d965ccfc6d4b" outcome="Passed" testListId="8c84fa94-04c1-424b-9868-57a2d4851a1d" relativeResultsDirectory="a784196b-062c-4cf5-a10b-fe8a067158cf" />
    <UnitTestResult executionId="d11d29e7-b983-4c2c-8772-42520ca6de4d" testId="0228ec1a-cf44-e616-5aa7-aefd86959073" testName="FileContentRenamer.Tests.Services.FileServiceTests.ProcessFilesAsync_WithSameFilename_ShouldOrganizeOnly" computerName="MacBook-Pro" duration="00:00:00.0474809" startTime="2025-08-11T23:52:27.3689910-03:00" endTime="2025-08-11T23:52:27.3700490-03:00" testType="13cdc9d9-ddb5-4fa4-a97d-d965ccfc6d4b" outcome="Passed" testListId="8c84fa94-04c1-424b-9868-57a2d4851a1d" relativeResultsDirectory="d11d29e7-b983-4c2c-8772-42520ca6de4d" />
    <UnitTestResult executionId="7ea146de-3e7a-4f4b-afeb-12ba599870b6" testId="8294d7f7-2da1-4ee0-8cd3-c37ff5907cd4" testName="FileContentRenamer.Tests.Services.DateExtractorTests.ExtractDateFromContent_WithSpanishDateFormat_ShouldReturnCorrectDate" computerName="MacBook-Pro" duration="00:00:00.0018156" startTime="2025-08-11T23:52:26.6604670-03:00" endTime="2025-08-11T23:52:26.6607580-03:00" testType="13cdc9d9-ddb5-4fa4-a97d-d965ccfc6d4b" outcome="Passed" testListId="8c84fa94-04c1-424b-9868-57a2d4851a1d" relativeResultsDirectory="7ea146de-3e7a-4f4b-afeb-12ba599870b6" />
    <UnitTestResult executionId="adcfc716-5013-49ac-9948-ee218eff453d" testId="193e8e84-3294-543d-11ab-07dc2cf89f4e" testName="FileContentRenamer.Tests.Services.DirectoryOrganizerAdditionalTests.OrganizeFileIntoDirectoryStructure_WithAllMonths_ShouldCreateCorrectStructure(dateStr: &quot;2023-03-31&quot;, expectedMonth: &quot;03_marzo&quot;)" computerName="MacBook-Pro" duration="00:00:00.0007033" startTime="2025-08-11T23:52:26.8047780-03:00" endTime="2025-08-11T23:52:26.8054860-03:00" testType="13cdc9d9-ddb5-4fa4-a97d-d965ccfc6d4b" outcome="Passed" testListId="8c84fa94-04c1-424b-9868-57a2d4851a1d" relativeResultsDirectory="adcfc716-5013-49ac-9948-ee218eff453d" />
    <UnitTestResult executionId="fc44b499-a0e6-4c0f-ba4c-8a849c2eca6b" testId="24e40eea-33fe-6867-33c6-f73bbb8411c7" testName="FileContentRenamer.Tests.Services.DateExtractorEnhancedTests.ExtractDateFromContent_WithInvalidDates_ShouldReturnEmptyString(content: &quot;2023-02-30&quot;)" computerName="MacBook-Pro" duration="00:00:00.0008310" startTime="2025-08-11T23:52:27.3412220-03:00" endTime="2025-08-11T23:52:27.3414580-03:00" testType="13cdc9d9-ddb5-4fa4-a97d-d965ccfc6d4b" outcome="Failed" testListId="8c84fa94-04c1-424b-9868-57a2d4851a1d" relativeResultsDirectory="fc44b499-a0e6-4c0f-ba4c-8a849c2eca6b">
      <Output>
        <ErrorInfo>
          <Message>Expected result to be empty, but found "2023-02-30".</Message>
          <StackTrace>   at FluentAssertions.Execution.XUnit2TestFramework.Throw(String message)
   at FluentAssertions.Execution.TestFrameworkProvider.Throw(String message)
   at FluentAssertions.Execution.DefaultAssertionStrategy.HandleFailure(String message)
   at FluentAssertions.Execution.AssertionScope.FailWith(Func`1 failReasonFunc)
   at FluentAssertions.Execution.AssertionScope.FailWith(Func`1 failReasonFunc)
   at FluentAssertions.Execution.AssertionScope.FailWith(String message, Object[] args)
   at FluentAssertions.Primitives.StringAssertions`1.BeEmpty(String because, Object[] becauseArgs)
   at FileContentRenamer.Tests.Services.DateExtractorEnhancedTests.ExtractDateFromContent_WithInvalidDates_ShouldReturnEmptyString(String content) in /Users/santibraida/Workspace/comprobantes/FileContentRenamer.Tests/Services/DateExtractorEnhancedTests.cs:line 144
   at InvokeStub_DateExtractorEnhancedTests.ExtractDateFromContent_WithInvalidDates_ShouldReturnEmptyString(Object, Span`1)
   at System.Reflection.MethodBaseInvoker.InvokeWithOneArg(Object obj, BindingFlags invokeAttr, Binder binder, Object[] parameters, CultureInfo culture)</StackTrace>
        </ErrorInfo>
      </Output>
    </UnitTestResult>
    <UnitTestResult executionId="bd608cfe-194f-4daf-b3c3-a406c1f7a8eb" testId="50e8e422-9930-72d9-085d-8c9c9cebe859" testName="FileContentRenamer.Tests.Services.DateExtractorEnhancedTests.ExtractDateFromContent_WithMultipleDates_ShouldReturnFirstValidDate(content: &quot;First: 15/01/2023, Second: 20/02/2023&quot;, expected: &quot;2023-01-15&quot;)" computerName="MacBook-Pro" duration="00:00:00.0000090" startTime="2025-08-11T23:52:26.9766030-03:00" endTime="2025-08-11T23:52:26.9766490-03:00" testType="13cdc9d9-ddb5-4fa4-a97d-d965ccfc6d4b" outcome="Passed" testListId="8c84fa94-04c1-424b-9868-57a2d4851a1d" relativeResultsDirectory="bd608cfe-194f-4daf-b3c3-a406c1f7a8eb" />
    <UnitTestResult executionId="5ee5ce26-9725-44d7-b52d-de52becdcb2d" testId="193486f8-7638-5e27-f7c4-f2239a7e9f22" testName="FileContentRenamer.Tests.Services.FilenameGeneratorTests.CleanupFileName_WithVariousInputs_ShouldReturnCleanedName(input: &quot;file:name&quot;, expected: &quot;file:name&quot;)" computerName="MacBook-Pro" duration="00:00:00.0001827" startTime="2025-08-11T23:52:26.8745700-03:00" endTime="2025-08-11T23:52:26.9001460-03:00" testType="13cdc9d9-ddb5-4fa4-a97d-d965ccfc6d4b" outcome="Passed" testListId="8c84fa94-04c1-424b-9868-57a2d4851a1d" relativeResultsDirectory="5ee5ce26-9725-44d7-b52d-de52becdcb2d" />
    <UnitTestResult executionId="3ac00536-da19-4aec-91ce-2d78d1278384" testId="4a85101f-96ab-da99-c27c-46820deea64a" testName="FileContentRenamer.Tests.Services.FilenameGeneratorTests.CleanupFileName_WithVariousInputs_ShouldReturnCleanedName(input: &quot;valid_filename&quot;, expected: &quot;valid_filename&quot;)" computerName="MacBook-Pro" duration="00:00:00.0000105" startTime="2025-08-11T23:52:26.9019790-03:00" endTime="2025-08-11T23:52:26.9020050-03:00" testType="13cdc9d9-ddb5-4fa4-a97d-d965ccfc6d4b" outcome="Passed" testListId="8c84fa94-04c1-424b-9868-57a2d4851a1d" relativeResultsDirectory="3ac00536-da19-4aec-91ce-2d78d1278384" />
    <UnitTestResult executionId="0dc20756-50a4-4555-9788-b1827dfb2fd1" testId="04613884-8eea-2162-7b68-af1197b3a19b" testName="FileContentRenamer.Tests.Models.AppConfigTests.LoadFromConfiguration_WithInvalidJson_ShouldThrowException" computerName="MacBook-Pro" duration="00:00:00.1221158" startTime="2025-08-11T23:52:27.4883190-03:00" endTime="2025-08-11T23:52:27.4901250-03:00" testType="13cdc9d9-ddb5-4fa4-a97d-d965ccfc6d4b" outcome="Failed" testListId="8c84fa94-04c1-424b-9868-57a2d4851a1d" relativeResultsDirectory="0dc20756-50a4-4555-9788-b1827dfb2fd1">
      <Output>
        <ErrorInfo>
          <Message>Expected a &lt;System.Exception&gt; to be thrown, but no exception was thrown.</Message>
          <StackTrace>   at FluentAssertions.Execution.XUnit2TestFramework.Throw(String message)
   at FluentAssertions.Execution.TestFrameworkProvider.Throw(String message)
   at FluentAssertions.Execution.DefaultAssertionStrategy.HandleFailure(String message)
   at FluentAssertions.Execution.AssertionScope.FailWith(Func`1 failReasonFunc)
   at FluentAssertions.Execution.AssertionScope.FailWith(Func`1 failReasonFunc)
   at FluentAssertions.Execution.AssertionScope.FailWith(String message)
   at FluentAssertions.Specialized.DelegateAssertionsBase`2.ThrowInternal[TException](Exception exception, String because, Object[] becauseArgs)
   at FluentAssertions.Specialized.DelegateAssertions`2.Throw[TException](String because, Object[] becauseArgs)
   at FileContentRenamer.Tests.Models.AppConfigTests.LoadFromConfiguration_WithInvalidJson_ShouldThrowException() in /Users/santibraida/Workspace/comprobantes/FileContentRenamer.Tests/Models/AppConfigTests.cs:line 141
   at System.RuntimeMethodHandle.InvokeMethod(Object target, Void** arguments, Signature sig, Boolean isConstructor)
   at System.Reflection.MethodBaseInvoker.InvokeWithNoArgs(Object obj, BindingFlags invokeAttr)</StackTrace>
        </ErrorInfo>
      </Output>
    </UnitTestResult>
    <UnitTestResult executionId="06ca8816-af17-4dfe-abb3-836e65e6e5e7" testId="6cb1a840-6047-af3c-c464-8f4bf5b097d2" testName="FileContentRenamer.Tests.Services.FileValidatorTests.ValidateConfiguration_WithNullFileExtensions_ShouldReturnFalse" computerName="MacBook-Pro" duration="00:00:00.0001615" startTime="2025-08-11T23:52:26.9051270-03:00" endTime="2025-08-11T23:52:26.9051700-03:00" testType="13cdc9d9-ddb5-4fa4-a97d-d965ccfc6d4b" outcome="Passed" testListId="8c84fa94-04c1-424b-9868-57a2d4851a1d" relativeResultsDirectory="06ca8816-af17-4dfe-abb3-836e65e6e5e7" />
    <UnitTestResult executionId="29763ade-f7fc-477a-9f1e-c1d8c9a183b9" testId="206c12ed-4a53-a3ab-ca0e-a0f12468f324" testName="FileContentRenamer.Tests.Services.DirectoryOrganizerAdditionalTests.OrganizeFileIntoDirectoryStructure_WithInvalidDate_ShouldThrowException" computerName="MacBook-Pro" duration="00:00:00.2795470" startTime="2025-08-11T23:52:26.8372220-03:00" endTime="2025-08-11T23:52:26.9834340-03:00" testType="13cdc9d9-ddb5-4fa4-a97d-d965ccfc6d4b" outcome="Failed" testListId="8c84fa94-04c1-424b-9868-57a2d4851a1d" relativeResultsDirectory="29763ade-f7fc-477a-9f1e-c1d8c9a183b9">
      <Output>
        <ErrorInfo>
          <Message>Expected a &lt;System.Exception&gt; to be thrown, but no exception was thrown.</Message>
          <StackTrace>   at FluentAssertions.Execution.XUnit2TestFramework.Throw(String message)
   at FluentAssertions.Execution.TestFrameworkProvider.Throw(String message)
   at FluentAssertions.Execution.DefaultAssertionStrategy.HandleFailure(String message)
   at FluentAssertions.Execution.AssertionScope.FailWith(Func`1 failReasonFunc)
   at FluentAssertions.Execution.AssertionScope.FailWith(Func`1 failReasonFunc)
   at FluentAssertions.Execution.AssertionScope.FailWith(String message)
   at FluentAssertions.Specialized.DelegateAssertionsBase`2.ThrowInternal[TException](Exception exception, String because, Object[] becauseArgs)
   at FluentAssertions.Specialized.DelegateAssertions`2.Throw[TException](String because, Object[] becauseArgs)
   at FileContentRenamer.Tests.Services.DirectoryOrganizerAdditionalTests.OrganizeFileIntoDirectoryStructure_WithInvalidDate_ShouldThrowException() in /Users/santibraida/Workspace/comprobantes/FileContentRenamer.Tests/Services/DirectoryOrganizerAdditionalTests.cs:line 59
   at System.RuntimeMethodHandle.InvokeMethod(Object target, Void** arguments, Signature sig, Boolean isConstructor)
   at System.Reflection.MethodBaseInvoker.InvokeWithNoArgs(Object obj, BindingFlags invokeAttr)</StackTrace>
        </ErrorInfo>
      </Output>
    </UnitTestResult>
    <UnitTestResult executionId="884aa1b4-9f0e-4d00-a225-e25b907b9b84" testId="154b1187-a8fe-288a-dff0-88f9c1f03683" testName="FileContentRenamer.Tests.Models.NamingRuleTests.Matches_WithNullContent_ShouldReturnFalse" computerName="MacBook-Pro" duration="00:00:00.0000766" startTime="2025-08-11T23:52:27.1888190-03:00" endTime="2025-08-11T23:52:27.1892990-03:00" testType="13cdc9d9-ddb5-4fa4-a97d-d965ccfc6d4b" outcome="Passed" testListId="8c84fa94-04c1-424b-9868-57a2d4851a1d" relativeResultsDirectory="884aa1b4-9f0e-4d00-a225-e25b907b9b84" />
    <UnitTestResult executionId="e6c93787-6996-48a9-a70d-a2293ad60a1a" testId="923e4fe8-a8e9-3d7b-512d-479873b8f571" testName="FileContentRenamer.Tests.Models.NamingRuleTests.Matches_WithNullKeywords_ShouldReturnFalse" computerName="MacBook-Pro" duration="00:00:00.0004550" startTime="2025-08-11T23:52:27.1882150-03:00" endTime="2025-08-11T23:52:27.1885510-03:00" testType="13cdc9d9-ddb5-4fa4-a97d-d965ccfc6d4b" outcome="Passed" testListId="8c84fa94-04c1-424b-9868-57a2d4851a1d" relativeResultsDirectory="e6c93787-6996-48a9-a70d-a2293ad60a1a" />
    <UnitTestResult executionId="dbaed5f4-fd21-4efc-9a8a-41a38fece51a" testId="1f6f6946-e988-6d1a-ad4a-0a9338273d33" testName="FileContentRenamer.Tests.Services.FileServiceTests.ProcessFilesAsync_WithSubdirectories_ShouldProcessAllFiles" computerName="MacBook-Pro" duration="00:00:00.0037441" startTime="2025-08-11T23:52:27.3703290-03:00" endTime="2025-08-11T23:52:27.4883920-03:00" testType="13cdc9d9-ddb5-4fa4-a97d-d965ccfc6d4b" outcome="Passed" testListId="8c84fa94-04c1-424b-9868-57a2d4851a1d" relativeResultsDirectory="dbaed5f4-fd21-4efc-9a8a-41a38fece51a" />
    <UnitTestResult executionId="6c2d416a-8c93-4cf9-adf5-9d9edf9c122b" testId="032ef3ac-363e-da8d-efab-865406d6fd71" testName="FileContentRenamer.Tests.Services.DirectoryOrganizerTests.GetMonthName_WithInvalidMonth_ShouldReturnUnknown(monthNumber: 0)" computerName="MacBook-Pro" duration="00:00:00.0001867" startTime="2025-08-11T23:52:26.8051160-03:00" endTime="2025-08-11T23:52:26.8051790-03:00" testType="13cdc9d9-ddb5-4fa4-a97d-d965ccfc6d4b" outcome="Passed" testListId="8c84fa94-04c1-424b-9868-57a2d4851a1d" relativeResultsDirectory="6c2d416a-8c93-4cf9-adf5-9d9edf9c122b" />
    <UnitTestResult executionId="60a493d3-1976-4713-9830-b55b1a1611f2" testId="77219b7a-0f6b-514e-c829-c9674c2f30c4" testName="FileContentRenamer.Tests.Services.FileValidatorTests.ShouldProcessFile_WithDifferentCasing_ShouldBeCaseInsensitive(filename: &quot;test.pDf&quot;)" computerName="MacBook-Pro" duration="00:00:00.0004054" startTime="2025-08-11T23:52:26.8693550-03:00" endTime="2025-08-11T23:52:26.8693980-03:00" testType="13cdc9d9-ddb5-4fa4-a97d-d965ccfc6d4b" outcome="Passed" testListId="8c84fa94-04c1-424b-9868-57a2d4851a1d" relativeResultsDirectory="60a493d3-1976-4713-9830-b55b1a1611f2" />
    <UnitTestResult executionId="f3a20a91-7427-4b44-926b-f1e3e962a32e" testId="f0195bc9-b668-8b5d-b703-9a52aa1e98e6" testName="FileContentRenamer.Tests.Services.FileValidatorTests.ValidateConfiguration_WithNullBasePath_ShouldReturnFalse" computerName="MacBook-Pro" duration="00:00:00.0002982" startTime="2025-08-11T23:52:26.9054470-03:00" endTime="2025-08-11T23:52:26.9054890-03:00" testType="13cdc9d9-ddb5-4fa4-a97d-d965ccfc6d4b" outcome="Passed" testListId="8c84fa94-04c1-424b-9868-57a2d4851a1d" relativeResultsDirectory="f3a20a91-7427-4b44-926b-f1e3e962a32e" />
    <UnitTestResult executionId="9d76261d-21ec-48cc-a39d-029e61a72d49" testId="136461cc-1448-e66d-e2a1-88a9e51dada0" testName="FileContentRenamer.Tests.Services.DateExtractorEnhancedTests.ExtractDateFromContent_WithContextualDateFormats_ShouldExtractFirstValidDate(content: &quot;Servicio prestado: 15/01/2023&quot;)" computerName="MacBook-Pro" duration="00:00:00.0000069" startTime="2025-08-11T23:52:27.3446590-03:00" endTime="2025-08-11T23:52:27.3446840-03:00" testType="13cdc9d9-ddb5-4fa4-a97d-d965ccfc6d4b" outcome="Passed" testListId="8c84fa94-04c1-424b-9868-57a2d4851a1d" relativeResultsDirectory="9d76261d-21ec-48cc-a39d-029e61a72d49" />
    <UnitTestResult executionId="2143ec52-93d9-447b-a357-fd2584359026" testId="8f2c1c6f-2d06-5c80-db10-fbc31b9e4155" testName="FileContentRenamer.Tests.Services.DirectoryOrganizerTests.OrganizeFileIntoDirectoryStructure_WithValidDate_ShouldCreateStructureAndMoveFile" computerName="MacBook-Pro" duration="00:00:00.0255998" startTime="2025-08-11T23:52:26.6607230-03:00" endTime="2025-08-11T23:52:26.6628110-03:00" testType="13cdc9d9-ddb5-4fa4-a97d-d965ccfc6d4b" outcome="Passed" testListId="8c84fa94-04c1-424b-9868-57a2d4851a1d" relativeResultsDirectory="2143ec52-93d9-447b-a357-fd2584359026" />
    <UnitTestResult executionId="8dc17d58-4dee-4b00-9c74-42a09e7036c1" testId="6a912e50-7a09-63ff-d5b2-de63013b5af1" testName="FileContentRenamer.Tests.Services.DateExtractorEnhancedTests.ExtractDateFromContent_WithEnglishMonthNames_ShouldExtractCorrectDate(content: &quot;December 31, 2023&quot;, expected: &quot;2023-12-31&quot;)" computerName="MacBook-Pro" duration="00:00:00.0012667" startTime="2025-08-11T23:52:27.2586340-03:00" endTime="2025-08-11T23:52:27.2617220-03:00" testType="13cdc9d9-ddb5-4fa4-a97d-d965ccfc6d4b" outcome="Failed" testListId="8c84fa94-04c1-424b-9868-57a2d4851a1d" relativeResultsDirectory="8dc17d58-4dee-4b00-9c74-42a09e7036c1">
      <Output>
        <ErrorInfo>
          <Message>Expected result to be "2023-12-31" with a length of 10, but "" has a length of 0, differs near "" (index 0).</Message>
          <StackTrace>   at FluentAssertions.Execution.XUnit2TestFramework.Throw(String message)
   at FluentAssertions.Execution.TestFrameworkProvider.Throw(String message)
   at FluentAssertions.Execution.DefaultAssertionStrategy.HandleFailure(String message)
   at FluentAssertions.Execution.AssertionScope.FailWith(Func`1 failReasonFunc)
   at FluentAssertions.Execution.AssertionScope.FailWith(Func`1 failReasonFunc)
   at FluentAssertions.Primitives.StringEqualityValidator.ValidateAgainstLengthDifferences()
   at FluentAssertions.Primitives.StringValidator.Validate()
   at FluentAssertions.Primitives.StringAssertions`1.Be(String expected, String because, Object[] becauseArgs)
   at FileContentRenamer.Tests.Services.DateExtractorEnhancedTests.ExtractDateFromContent_WithEnglishMonthNames_ShouldExtractCorrectDate(String content, String expected) in /Users/santibraida/Workspace/comprobantes/FileContentRenamer.Tests/Services/DateExtractorEnhancedTests.cs:line 85
   at InvokeStub_DateExtractorEnhancedTests.ExtractDateFromContent_WithEnglishMonthNames_ShouldExtractCorrectDate(Object, Span`1)
   at System.Reflection.MethodBaseInvoker.InvokeWithFewArgs(Object obj, BindingFlags invokeAttr, Binder binder, Object[] parameters, CultureInfo culture)</StackTrace>
        </ErrorInfo>
      </Output>
    </UnitTestResult>
    <UnitTestResult executionId="555b90a3-4b09-4696-b6cd-4ce68a6606d2" testId="b72ed067-d3bd-e26d-3bed-f7f45c913059" testName="FileContentRenamer.Tests.Services.FilenameGeneratorTests.GenerateFilename_WithDifferentExtension_ShouldPreserveExtension" computerName="MacBook-Pro" duration="00:00:00.0005289" startTime="2025-08-11T23:52:27.2369700-03:00" endTime="2025-08-11T23:52:27.2568360-03:00" testType="13cdc9d9-ddb5-4fa4-a97d-d965ccfc6d4b" outcome="Passed" testListId="8c84fa94-04c1-424b-9868-57a2d4851a1d" relativeResultsDirectory="555b90a3-4b09-4696-b6cd-4ce68a6606d2" />
    <UnitTestResult executionId="adb0ca32-2848-42b7-865b-9493f008e107" testId="3ef96430-2ab3-5a48-be56-e156f8c42b82" testName="FileContentRenamer.Tests.Services.PdfProcessorTests.ExtractContentAsync_WithEmptyFile_ShouldReturnEmptyString" computerName="MacBook-Pro" duration="00:00:00.0014656" startTime="2025-08-11T23:52:27.2900840-03:00" endTime="2025-08-11T23:52:27.2914000-03:00" testType="13cdc9d9-ddb5-4fa4-a97d-d965ccfc6d4b" outcome="Passed" testListId="8c84fa94-04c1-424b-9868-57a2d4851a1d" relativeResultsDirectory="adb0ca32-2848-42b7-865b-9493f008e107" />
    <UnitTestResult executionId="76ce0b99-e1e6-4c9d-b08c-b0531bd87643" testId="66a19620-a3b0-afbc-935a-264e635ffa8f" testName="FileContentRenamer.Tests.Services.FilenameGeneratorTests.IsAlreadyNamedFilename_WithInvalidFormats_ShouldReturnFalse(filename: &quot;service_2024-03-15&quot;)" computerName="MacBook-Pro" duration="00:00:00.0000065" startTime="2025-08-11T23:52:26.9044710-03:00" endTime="2025-08-11T23:52:26.9044950-03:00" testType="13cdc9d9-ddb5-4fa4-a97d-d965ccfc6d4b" outcome="Passed" testListId="8c84fa94-04c1-424b-9868-57a2d4851a1d" relativeResultsDirectory="76ce0b99-e1e6-4c9d-b08c-b0531bd87643" />
    <UnitTestResult executionId="0974c12c-a25f-46d0-83c3-1e888028c3eb" testId="151e6a91-4f71-a661-224b-7091395bf7e4" testName="FileContentRenamer.Tests.Services.DirectoryOrganizerAdditionalTests.OrganizeFileIntoDirectoryStructure_WithAllMonths_ShouldCreateCorrectStructure(dateStr: &quot;2023-10-18&quot;, expectedMonth: &quot;10_octubre&quot;)" computerName="MacBook-Pro" duration="00:00:00.0011007" startTime="2025-08-11T23:52:26.8125420-03:00" endTime="2025-08-11T23:52:26.8125930-03:00" testType="13cdc9d9-ddb5-4fa4-a97d-d965ccfc6d4b" outcome="Passed" testListId="8c84fa94-04c1-424b-9868-57a2d4851a1d" relativeResultsDirectory="0974c12c-a25f-46d0-83c3-1e888028c3eb" />
    <UnitTestResult executionId="30220d4d-0a9e-4db1-99cb-1f5e1f315001" testId="49ae0ea7-3612-0fb1-8ab5-9adfae0f362f" testName="FileContentRenamer.Tests.Services.DateExtractorEnhancedTests.ExtractDateFromContent_WithContextualDateFormats_ShouldExtractFirstValidDate(content: &quot;El documento del 2023-01-15 está listo&quot;)" computerName="MacBook-Pro" duration="00:00:00.0000658" startTime="2025-08-11T23:52:27.3443710-03:00" endTime="2025-08-11T23:52:27.3443970-03:00" testType="13cdc9d9-ddb5-4fa4-a97d-d965ccfc6d4b" outcome="Passed" testListId="8c84fa94-04c1-424b-9868-57a2d4851a1d" relativeResultsDirectory="30220d4d-0a9e-4db1-99cb-1f5e1f315001" />
    <UnitTestResult executionId="9ba81d23-7f2d-4247-b85b-6174301c6903" testId="b109a3c4-e4b5-a6e0-4aff-8366737070e4" testName="FileContentRenamer.Tests.Services.DateExtractorEnhancedTests.ExtractDateFromContent_WithSpanishMonthNames_ShouldExtractCorrectDate(content: &quot;20 de abril de 2024&quot;, expected: &quot;2024-04-20&quot;)" computerName="MacBook-Pro" duration="00:00:00.0002424" startTime="2025-08-11T23:52:27.0631490-03:00" endTime="2025-08-11T23:52:27.0643520-03:00" testType="13cdc9d9-ddb5-4fa4-a97d-d965ccfc6d4b" outcome="Passed" testListId="8c84fa94-04c1-424b-9868-57a2d4851a1d" relativeResultsDirectory="9ba81d23-7f2d-4247-b85b-6174301c6903" />
    <UnitTestResult executionId="1876f6ef-c6c7-4253-b181-1fc5e173b479" testId="4511dac4-c84f-4a69-005b-5ae50b2e0c20" testName="FileContentRenamer.Tests.Services.DateExtractorEnhancedTests.ExtractDateFromContent_WithNoDates_ShouldReturnEmptyString(content: &quot;&quot;)" computerName="MacBook-Pro" duration="00:00:00.0000189" startTime="2025-08-11T23:52:27.0547900-03:00" endTime="2025-08-11T23:52:27.0550440-03:00" testType="13cdc9d9-ddb5-4fa4-a97d-d965ccfc6d4b" outcome="Passed" testListId="8c84fa94-04c1-424b-9868-57a2d4851a1d" relativeResultsDirectory="1876f6ef-c6c7-4253-b181-1fc5e173b479" />
    <UnitTestResult executionId="ab7b5dac-67c9-4a2e-b513-89c1299c0d0f" testId="b0606947-aad7-eee5-1152-2a1ec56d9255" testName="FileContentRenamer.Tests.Services.DirectoryOrganizerTests.IsInYearMonthStructure_WithInvalidStructure_ShouldReturnFalse(folderName: &quot;regular_folder&quot;)" computerName="MacBook-Pro" duration="00:00:00.0003281" startTime="2025-08-11T23:52:26.8011680-03:00" endTime="2025-08-11T23:52:26.8012310-03:00" testType="13cdc9d9-ddb5-4fa4-a97d-d965ccfc6d4b" outcome="Passed" testListId="8c84fa94-04c1-424b-9868-57a2d4851a1d" relativeResultsDirectory="ab7b5dac-67c9-4a2e-b513-89c1299c0d0f" />
    <UnitTestResult executionId="c3d5cf4f-d465-4bc0-a284-62b63e2868f8" testId="52749660-c2b0-299d-5496-6f83e62db88a" testName="FileContentRenamer.Tests.Services.DateExtractorEnhancedTests.ExtractDateFromContent_WithContextualDateFormats_ShouldExtractFirstValidDate(content: &quot;Fecha del servicio: 15 de enero de 2023&quot;)" computerName="MacBook-Pro" duration="00:00:00.0000293" startTime="2025-08-11T23:52:27.3671370-03:00" endTime="2025-08-11T23:52:27.3671800-03:00" testType="13cdc9d9-ddb5-4fa4-a97d-d965ccfc6d4b" outcome="Passed" testListId="8c84fa94-04c1-424b-9868-57a2d4851a1d" relativeResultsDirectory="c3d5cf4f-d465-4bc0-a284-62b63e2868f8" />
    <UnitTestResult executionId="c35fa5db-1d23-41f0-8fa4-b68d72516af9" testId="ba6808c0-f426-8a5b-0695-d6b57a217c84" testName="FileContentRenamer.Tests.Services.DateExtractorTests.ExtractDateFromContent_WithEmptyContent_ShouldReturnEmptyString" computerName="MacBook-Pro" duration="00:00:00.0002449" startTime="2025-08-11T23:52:26.6580520-03:00" endTime="2025-08-11T23:52:26.6580790-03:00" testType="13cdc9d9-ddb5-4fa4-a97d-d965ccfc6d4b" outcome="Passed" testListId="8c84fa94-04c1-424b-9868-57a2d4851a1d" relativeResultsDirectory="c35fa5db-1d23-41f0-8fa4-b68d72516af9" />
    <UnitTestResult executionId="320a9833-ff9b-4737-84ea-6f667690ae3e" testId="c9f9f522-4b83-609d-2327-1c8086382b29" testName="FileContentRenamer.Tests.Services.DateExtractorEnhancedTests.ExtractDateFromContent_WithSpanishMonthNames_ShouldExtractCorrectDate(content: &quot;12 de agosto de 2024&quot;, expected: &quot;2024-08-12&quot;)" computerName="MacBook-Pro" duration="00:00:00.0000082" startTime="2025-08-11T23:52:27.1801570-03:00" endTime="2025-08-11T23:52:27.1802000-03:00" testType="13cdc9d9-ddb5-4fa4-a97d-d965ccfc6d4b" outcome="Passed" testListId="8c84fa94-04c1-424b-9868-57a2d4851a1d" relativeResultsDirectory="320a9833-ff9b-4737-84ea-6f667690ae3e" />
    <UnitTestResult executionId="9aa3783f-cb33-4dcf-b748-33b5e9c5b294" testId="89411942-d38a-5bb6-81ec-67e7fdba9fc2" testName="FileContentRenamer.Tests.Services.FileValidatorTests.ShouldProcessFile_WithValidExtensions_ShouldReturnTrue(extension: &quot;.txt&quot;)" computerName="MacBook-Pro" duration="00:00:00.0012391" startTime="2025-08-11T23:52:26.8479700-03:00" endTime="2025-08-11T23:52:26.8480250-03:00" testType="13cdc9d9-ddb5-4fa4-a97d-d965ccfc6d4b" outcome="Passed" testListId="8c84fa94-04c1-424b-9868-57a2d4851a1d" relativeResultsDirectory="9aa3783f-cb33-4dcf-b748-33b5e9c5b294" />
    <UnitTestResult executionId="33cf63a3-d073-488b-9dfa-66460e599de2" testId="735ac008-1cbd-a429-fd29-015f19236116" testName="FileContentRenamer.Tests.Models.NamingRuleTests.Matches_WithNoKeywords_ShouldReturnFalse" computerName="MacBook-Pro" duration="00:00:00.0000616" startTime="2025-08-11T23:52:27.2114680-03:00" endTime="2025-08-11T23:52:27.2118620-03:00" testType="13cdc9d9-ddb5-4fa4-a97d-d965ccfc6d4b" outcome="Passed" testListId="8c84fa94-04c1-424b-9868-57a2d4851a1d" relativeResultsDirectory="33cf63a3-d073-488b-9dfa-66460e599de2" />
    <UnitTestResult executionId="86dbc77b-2713-4d78-b84c-af08399b1dee" testId="97a9732c-79a7-6428-f306-649df62803fe" testName="FileContentRenamer.Tests.Services.ImageProcessorTests.CanProcess_WithImageExtensions_ShouldReturnTrue(extension: &quot;.jpeg&quot;)" computerName="MacBook-Pro" duration="00:00:00.0286693" startTime="2025-08-11T23:52:27.3693910-03:00" endTime="2025-08-11T23:52:27.4888550-03:00" testType="13cdc9d9-ddb5-4fa4-a97d-d965ccfc6d4b" outcome="Passed" testListId="8c84fa94-04c1-424b-9868-57a2d4851a1d" relativeResultsDirectory="86dbc77b-2713-4d78-b84c-af08399b1dee" />
    <UnitTestResult executionId="507bc3ef-7c25-4253-ac85-ce04c732183c" testId="1d19ec21-e870-5f10-f860-7ea25dd398b9" testName="FileContentRenamer.Tests.Services.DateExtractorTests.ExtractDateFromContent_WithVariousGenericDates_ShouldReturnCorrectDates(content: &quot;15/03/2024&quot;, expected: &quot;2024-03-15&quot;)" computerName="MacBook-Pro" duration="00:00:00.0175949" startTime="2025-08-11T23:52:26.6667790-03:00" endTime="2025-08-11T23:52:26.6668100-03:00" testType="13cdc9d9-ddb5-4fa4-a97d-d965ccfc6d4b" outcome="Passed" testListId="8c84fa94-04c1-424b-9868-57a2d4851a1d" relativeResultsDirectory="507bc3ef-7c25-4253-ac85-ce04c732183c" />
    <UnitTestResult executionId="9224c448-8967-4b28-b145-3b676471f70a" testId="6f2af002-27a0-bce9-8dd8-c05215b58bbb" testName="FileContentRenamer.Tests.Services.DirectoryOrganizerTests.OrganizeFileIntoDirectoryStructure_WithEmptyDate_ShouldReturnOriginalPath" computerName="MacBook-Pro" duration="00:00:00.0004003" startTime="2025-08-11T23:52:27.0575520-03:00" endTime="2025-08-11T23:52:27.0575940-03:00" testType="13cdc9d9-ddb5-4fa4-a97d-d965ccfc6d4b" outcome="Passed" testListId="8c84fa94-04c1-424b-9868-57a2d4851a1d" relativeResultsDirectory="9224c448-8967-4b28-b145-3b676471f70a" />
    <UnitTestResult executionId="6163b27e-23e7-4c0f-b866-774d205ff039" testId="a3da5712-1fc6-1483-5013-eb15e94741bb" testName="FileContentRenamer.Tests.Models.AppConfigTests.LoadFromConfiguration_WithMissingFileExtensions_ShouldThrowException" computerName="MacBook-Pro" duration="00:00:00.1269047" startTime="2025-08-11T23:52:27.6375050-03:00" endTime="2025-08-11T23:52:27.7636500-03:00" testType="13cdc9d9-ddb5-4fa4-a97d-d965ccfc6d4b" outcome="Failed" testListId="8c84fa94-04c1-424b-9868-57a2d4851a1d" relativeResultsDirectory="6163b27e-23e7-4c0f-b866-774d205ff039">
      <Output>
        <ErrorInfo>
          <Message>Expected a &lt;System.InvalidOperationException&gt; to be thrown, but no exception was thrown.</Message>
          <StackTrace>   at FluentAssertions.Execution.XUnit2TestFramework.Throw(String message)
   at FluentAssertions.Execution.TestFrameworkProvider.Throw(String message)
   at FluentAssertions.Execution.DefaultAssertionStrategy.HandleFailure(String message)
   at FluentAssertions.Execution.AssertionScope.FailWith(Func`1 failReasonFunc)
   at FluentAssertions.Execution.AssertionScope.FailWith(Func`1 failReasonFunc)
   at FluentAssertions.Execution.AssertionScope.FailWith(String message)
   at FluentAssertions.Specialized.DelegateAssertionsBase`2.ThrowInternal[TException](Exception exception, String because, Object[] becauseArgs)
   at FluentAssertions.Specialized.DelegateAssertions`2.Throw[TException](String because, Object[] becauseArgs)
   at FileContentRenamer.Tests.Models.AppConfigTests.LoadFromConfiguration_WithMissingFileExtensions_ShouldThrowException() in /Users/santibraida/Workspace/comprobantes/FileContentRenamer.Tests/Models/AppConfigTests.cs:line 260
   at System.RuntimeMethodHandle.InvokeMethod(Object target, Void** arguments, Signature sig, Boolean isConstructor)
   at System.Reflection.MethodBaseInvoker.InvokeWithNoArgs(Object obj, BindingFlags invokeAttr)</StackTrace>
        </ErrorInfo>
      </Output>
    </UnitTestResult>
    <UnitTestResult executionId="d2b70d76-67d3-4d74-a211-3b67c2560c59" testId="7e3a9744-91b7-a2b9-ebb3-73a79e07c25d" testName="FileContentRenamer.Tests.Services.FileValidatorTests.ShouldProcessFile_WithInvalidExtensions_ShouldReturnFalse(extension: &quot;.doc&quot;)" computerName="MacBook-Pro" duration="00:00:00.0014214" startTime="2025-08-11T23:52:26.8368960-03:00" endTime="2025-08-11T23:52:26.8372650-03:00" testType="13cdc9d9-ddb5-4fa4-a97d-d965ccfc6d4b" outcome="Passed" testListId="8c84fa94-04c1-424b-9868-57a2d4851a1d" relativeResultsDirectory="d2b70d76-67d3-4d74-a211-3b67c2560c59" />
    <UnitTestResult executionId="09610f7f-f543-4d40-9134-46137c95a548" testId="5782f6c4-4818-df21-281e-6b620d8a99e2" testName="FileContentRenamer.Tests.Services.FilenameGeneratorTests.IsAlreadyNamedFilename_WithInvalidFormats_ShouldReturnFalse(filename: &quot;2024-03-15&quot;)" computerName="MacBook-Pro" duration="00:00:00.0000592" startTime="2025-08-11T23:52:26.9032700-03:00" endTime="2025-08-11T23:52:26.9032970-03:00" testType="13cdc9d9-ddb5-4fa4-a97d-d965ccfc6d4b" outcome="Passed" testListId="8c84fa94-04c1-424b-9868-57a2d4851a1d" relativeResultsDirectory="09610f7f-f543-4d40-9134-46137c95a548" />
    <UnitTestResult executionId="417ca367-e555-43ea-a876-5e72286dd834" testId="fe7b897c-fd2e-f8e6-f880-7f5c0aaede02" testName="FileContentRenamer.Tests.Services.DateExtractorTests.ExtractDateFromContent_WithVariousGenericDates_ShouldReturnCorrectDates(content: &quot;31/12/2023&quot;, expected: &quot;2023-12-31&quot;)" computerName="MacBook-Pro" duration="00:00:00.0001915" startTime="2025-08-11T23:52:26.6659230-03:00" endTime="2025-08-11T23:52:26.6659630-03:00" testType="13cdc9d9-ddb5-4fa4-a97d-d965ccfc6d4b" outcome="Passed" testListId="8c84fa94-04c1-424b-9868-57a2d4851a1d" relativeResultsDirectory="417ca367-e555-43ea-a876-5e72286dd834" />
    <UnitTestResult executionId="1ab3bf03-9092-4105-92a2-b3d74ebdce95" testId="6c884b90-5b12-0563-1d53-c735e8e6d42a" testName="FileContentRenamer.Tests.Services.DirectoryOrganizerAdditionalTests.OrganizeFileIntoDirectoryStructure_WithFileInDifferentLocation_ShouldMoveToCorrectStructure" computerName="MacBook-Pro" duration="00:00:00.0014821" startTime="2025-08-11T23:52:26.8355510-03:00" endTime="2025-08-11T23:52:26.8362850-03:00" testType="13cdc9d9-ddb5-4fa4-a97d-d965ccfc6d4b" outcome="Passed" testListId="8c84fa94-04c1-424b-9868-57a2d4851a1d" relativeResultsDirectory="1ab3bf03-9092-4105-92a2-b3d74ebdce95" />
    <UnitTestResult executionId="dd6ee3dc-6d14-4c03-999d-76299886b2ca" testId="b8e09496-6d7b-6d6d-0f84-90360e0cb28c" testName="FileContentRenamer.Tests.Services.ImageProcessorTests.CanProcess_WithImageExtensionsDifferentCasing_ShouldReturnTrue(extension: &quot;.PNG&quot;)" computerName="MacBook-Pro" duration="00:00:00.0305803" startTime="2025-08-11T23:52:27.7913390-03:00" endTime="2025-08-11T23:52:27.8012560-03:00" testType="13cdc9d9-ddb5-4fa4-a97d-d965ccfc6d4b" outcome="Passed" testListId="8c84fa94-04c1-424b-9868-57a2d4851a1d" relativeResultsDirectory="dd6ee3dc-6d14-4c03-999d-76299886b2ca" />
    <UnitTestResult executionId="e4ea55a6-eb28-48cb-835a-1531df969cec" testId="5126ad9e-208d-14c5-d223-4d3af568be87" testName="FileContentRenamer.Tests.Services.FilenameGeneratorTests.GenerateFilename_WithNoDateInContent_ShouldUseCurrentDate" computerName="MacBook-Pro" duration="00:00:00.0046745" startTime="2025-08-11T23:52:26.9047780-03:00" endTime="2025-08-11T23:52:26.9071790-03:00" testType="13cdc9d9-ddb5-4fa4-a97d-d965ccfc6d4b" outcome="Passed" testListId="8c84fa94-04c1-424b-9868-57a2d4851a1d" relativeResultsDirectory="e4ea55a6-eb28-48cb-835a-1531df969cec" />
    <UnitTestResult executionId="050a915c-065c-4e53-bd12-46a20a308515" testId="8642e301-1a01-c43f-5457-781e9082a823" testName="FileContentRenamer.Tests.Services.PdfProcessorTests.CanProcess_WithPdfExtensionVariations_ShouldReturnTrue(filename: &quot;document.PDF&quot;)" computerName="MacBook-Pro" duration="00:00:00.0020794" startTime="2025-08-11T23:52:27.2579140-03:00" endTime="2025-08-11T23:52:27.2896630-03:00" testType="13cdc9d9-ddb5-4fa4-a97d-d965ccfc6d4b" outcome="Passed" testListId="8c84fa94-04c1-424b-9868-57a2d4851a1d" relativeResultsDirectory="050a915c-065c-4e53-bd12-46a20a308515" />
    <UnitTestResult executionId="a13b2e03-c8d4-4941-a2ae-c6ad4d666771" testId="3ecade73-7761-1f4e-e941-925f13343fbf" testName="FileContentRenamer.Tests.Services.ImageProcessorTests.CanProcess_WithNonImageExtension_ShouldReturnFalse(extension: &quot;.docx&quot;)" computerName="MacBook-Pro" duration="00:00:00.0504735" startTime="2025-08-11T23:52:27.3681480-03:00" endTime="2025-08-11T23:52:27.3690510-03:00" testType="13cdc9d9-ddb5-4fa4-a97d-d965ccfc6d4b" outcome="Passed" testListId="8c84fa94-04c1-424b-9868-57a2d4851a1d" relativeResultsDirectory="a13b2e03-c8d4-4941-a2ae-c6ad4d666771" />
    <UnitTestResult executionId="fe1cc5ef-90ab-4c45-8d18-5858887a7b72" testId="fa21426d-34f2-265b-fd21-637426cd5f3c" testName="FileContentRenamer.Tests.Models.NamingRulesTests.GenerateFilename_WithNoMatchingRule_ShouldUseDefaults" computerName="MacBook-Pro" duration="00:00:00.0000763" startTime="2025-08-11T23:52:27.0605520-03:00" endTime="2025-08-11T23:52:27.0605780-03:00" testType="13cdc9d9-ddb5-4fa4-a97d-d965ccfc6d4b" outcome="Passed" testListId="8c84fa94-04c1-424b-9868-57a2d4851a1d" relativeResultsDirectory="fe1cc5ef-90ab-4c45-8d18-5858887a7b72" />
    <UnitTestResult executionId="c01db8cb-d3a2-467b-8965-7941b1b63f52" testId="2256e44b-d5c1-25c7-1712-2e03764de95a" testName="FileContentRenamer.Tests.Services.FileValidatorTests.ShouldProcessFile_WithValidFile_ShouldReturnTrue" computerName="MacBook-Pro" duration="00:00:00.0006628" startTime="2025-08-11T23:52:26.8721160-03:00" endTime="2025-08-11T23:52:26.8721640-03:00" testType="13cdc9d9-ddb5-4fa4-a97d-d965ccfc6d4b" outcome="Passed" testListId="8c84fa94-04c1-424b-9868-57a2d4851a1d" relativeResultsDirectory="c01db8cb-d3a2-467b-8965-7941b1b63f52" />
    <UnitTestResult executionId="3f8bc6c2-a59b-4b45-b020-50714ad22322" testId="aab50796-093f-3ad1-51eb-ff5551165480" testName="FileContentRenamer.Tests.Services.PdfProcessorTests.ExtractContentAsync_WithNonExistentFile_ShouldReturnEmptyString" computerName="MacBook-Pro" duration="00:00:00.0008931" startTime="2025-08-11T23:52:26.9789470-03:00" endTime="2025-08-11T23:52:26.9792960-03:00" testType="13cdc9d9-ddb5-4fa4-a97d-d965ccfc6d4b" outcome="Passed" testListId="8c84fa94-04c1-424b-9868-57a2d4851a1d" relativeResultsDirectory="3f8bc6c2-a59b-4b45-b020-50714ad22322" />
    <UnitTestResult executionId="3bc910ff-04a8-4ff3-903d-80267a34fe0d" testId="00d05e1f-7d72-418e-9c9e-a769436ab485" testName="FileContentRenamer.Tests.Services.FileValidatorTests.ShouldProcessFile_WithValidExtensions_ShouldReturnTrue(extension: &quot;.pdf&quot;)" computerName="MacBook-Pro" duration="00:00:00.0012064" startTime="2025-08-11T23:52:26.8660360-03:00" endTime="2025-08-11T23:52:26.8661080-03:00" testType="13cdc9d9-ddb5-4fa4-a97d-d965ccfc6d4b" outcome="Passed" testListId="8c84fa94-04c1-424b-9868-57a2d4851a1d" relativeResultsDirectory="3bc910ff-04a8-4ff3-903d-80267a34fe0d" />
    <UnitTestResult executionId="db25ee68-4d37-42d9-9270-c42a9de37819" testId="f4d3ad23-32ef-7284-391b-46eb33d6f78f" testName="FileContentRenamer.Tests.Services.FileValidatorTests.ShouldProcessFile_WithFileExtensionsContainingNulls_ShouldHandleGracefully" computerName="MacBook-Pro" duration="00:00:00.0005021" startTime="2025-08-11T23:52:26.8999740-03:00" endTime="2025-08-11T23:52:26.9048350-03:00" testType="13cdc9d9-ddb5-4fa4-a97d-d965ccfc6d4b" outcome="Passed" testListId="8c84fa94-04c1-424b-9868-57a2d4851a1d" relativeResultsDirectory="db25ee68-4d37-42d9-9270-c42a9de37819" />
    <UnitTestResult executionId="62a961db-fb7a-4819-aab8-f900df383817" testId="ab0172d5-f8de-2bd2-5705-f61f86ff407f" testName="FileContentRenamer.Tests.Services.DateExtractorTests.ExtractDateFromContent_WithMultipleDates_ShouldReturnFirstFound" computerName="MacBook-Pro" duration="00:00:00.0000523" startTime="2025-08-11T23:52:26.6649520-03:00" endTime="2025-08-11T23:52:26.6649880-03:00" testType="13cdc9d9-ddb5-4fa4-a97d-d965ccfc6d4b" outcome="Passed" testListId="8c84fa94-04c1-424b-9868-57a2d4851a1d" relativeResultsDirectory="62a961db-fb7a-4819-aab8-f900df383817" />
    <UnitTestResult executionId="d607b94d-9a50-4e98-b89d-3fa85b049830" testId="019703dd-2e5c-665b-f543-025b13ca7b6d" testName="FileContentRenamer.Tests.Services.FilenameGeneratorTests.GenerateFilename_WithNullDirectory_ShouldReturnOriginalFilename" computerName="MacBook-Pro" duration="00:00:00.0533466" startTime="2025-08-11T23:52:27.2572100-03:00" endTime="2025-08-11T23:52:27.3346130-03:00" testType="13cdc9d9-ddb5-4fa4-a97d-d965ccfc6d4b" outcome="Passed" testListId="8c84fa94-04c1-424b-9868-57a2d4851a1d" relativeResultsDirectory="d607b94d-9a50-4e98-b89d-3fa85b049830" />
    <UnitTestResult executionId="d3f9763e-e7c1-4d32-9103-88bafb111d4c" testId="62c33e58-2f83-26ac-2ae0-9b8229cc93ab" testName="FileContentRenamer.Tests.Services.FileValidatorTests.ValidateFileSize_WithEmptyFile_ShouldLogWarning" computerName="MacBook-Pro" duration="00:00:00.0013522" startTime="2025-08-11T23:52:26.8469580-03:00" endTime="2025-08-11T23:52:26.8473210-03:00" testType="13cdc9d9-ddb5-4fa4-a97d-d965ccfc6d4b" outcome="Passed" testListId="8c84fa94-04c1-424b-9868-57a2d4851a1d" relativeResultsDirectory="d3f9763e-e7c1-4d32-9103-88bafb111d4c" />
    <UnitTestResult executionId="b19db6cd-8d13-4b61-826a-ca9e8b0ee497" testId="4d791645-14ca-671e-50ed-7143a80c7959" testName="FileContentRenamer.Tests.Services.DateExtractorTests.ExtractDateFromContent_WithGenericDateFormat_ShouldReturnCorrectDate" computerName="MacBook-Pro" duration="00:00:00.0000936" startTime="2025-08-11T23:52:26.6583660-03:00" endTime="2025-08-11T23:52:26.6583940-03:00" testType="13cdc9d9-ddb5-4fa4-a97d-d965ccfc6d4b" outcome="Passed" testListId="8c84fa94-04c1-424b-9868-57a2d4851a1d" relativeResultsDirectory="b19db6cd-8d13-4b61-826a-ca9e8b0ee497" />
    <UnitTestResult executionId="3653df8d-48dd-4197-8f85-2a97a5841427" testId="04e64af2-c199-13bf-7fbb-ff0789971364" testName="FileContentRenamer.Tests.Services.DirectoryOrganizerAdditionalTests.OrganizeFileIntoDirectoryStructure_WithExistingTargetFile_ShouldHandleConflict" computerName="MacBook-Pro" duration="00:00:00.0013222" startTime="2025-08-11T23:52:27.0536640-03:00" endTime="2025-08-11T23:52:27.0554380-03:00" testType="13cdc9d9-ddb5-4fa4-a97d-d965ccfc6d4b" outcome="Passed" testListId="8c84fa94-04c1-424b-9868-57a2d4851a1d" relativeResultsDirectory="3653df8d-48dd-4197-8f85-2a97a5841427" />
    <UnitTestResult executionId="91ef4d24-6d94-460f-8737-4f44a65017fc" testId="d6d3d886-1a00-8e52-5627-e1236e6e1c62" testName="FileContentRenamer.Tests.Services.FilenameGeneratorTests.IsAlreadyNamedFilename_WithInvalidFormats_ShouldReturnFalse(filename: &quot;service_payment&quot;)" computerName="MacBook-Pro" duration="00:00:00.0000485" startTime="2025-08-11T23:52:26.9035730-03:00" endTime="2025-08-11T23:52:26.9035980-03:00" testType="13cdc9d9-ddb5-4fa4-a97d-d965ccfc6d4b" outcome="Passed" testListId="8c84fa94-04c1-424b-9868-57a2d4851a1d" relativeResultsDirectory="91ef4d24-6d94-460f-8737-4f44a65017fc" />
    <UnitTestResult executionId="6fe9a65b-9e7e-4b03-8bdf-7758918f44e1" testId="8788403a-0d19-e088-1175-07bf39207809" testName="FileContentRenamer.Tests.Services.PdfProcessorTests.CanProcess_WithNonPdfExtension_ShouldReturnFalse(filename: &quot;test.jpg&quot;)" computerName="MacBook-Pro" duration="00:00:00.0001116" startTime="2025-08-11T23:52:26.9815250-03:00" endTime="2025-08-11T23:52:26.9815640-03:00" testType="13cdc9d9-ddb5-4fa4-a97d-d965ccfc6d4b" outcome="Passed" testListId="8c84fa94-04c1-424b-9868-57a2d4851a1d" relativeResultsDirectory="6fe9a65b-9e7e-4b03-8bdf-7758918f44e1" />
    <UnitTestResult executionId="d7d6cd8c-8500-45d0-88f0-9692e2a3ed9d" testId="5350316f-15de-b350-a21b-48de21601546" testName="FileContentRenamer.Tests.Services.PdfProcessorTests.CanProcess_WithNonPdfExtension_ShouldReturnFalse(filename: &quot;test&quot;)" computerName="MacBook-Pro" duration="00:00:00.0002009" startTime="2025-08-11T23:52:26.9802350-03:00" endTime="2025-08-11T23:52:26.9809470-03:00" testType="13cdc9d9-ddb5-4fa4-a97d-d965ccfc6d4b" outcome="Passed" testListId="8c84fa94-04c1-424b-9868-57a2d4851a1d" relativeResultsDirectory="d7d6cd8c-8500-45d0-88f0-9692e2a3ed9d" />
    <UnitTestResult executionId="0d52b1b4-6188-486a-8aa1-e3589532614d" testId="d0aa19eb-08b4-b4f4-8874-599c8e5e451d" testName="FileContentRenamer.Tests.Services.FileValidatorTests.ShouldProcessFile_WithDifferentCasing_ShouldBeCaseInsensitive(filename: &quot;test.PDF&quot;)" computerName="MacBook-Pro" duration="00:00:00.0002950" startTime="2025-08-11T23:52:26.8696690-03:00" endTime="2025-08-11T23:52:26.8697120-03:00" testType="13cdc9d9-ddb5-4fa4-a97d-d965ccfc6d4b" outcome="Passed" testListId="8c84fa94-04c1-424b-9868-57a2d4851a1d" relativeResultsDirectory="0d52b1b4-6188-486a-8aa1-e3589532614d" />
    <UnitTestResult executionId="da5b3f2b-2e7f-46f5-ab99-5cb84c3d4fe4" testId="079ffdd2-77ff-69de-b8c6-9423e86a8bc9" testName="FileContentRenamer.Tests.Services.DirectoryOrganizerTests.GetMonthName_WithInvalidMonth_ShouldReturnUnknown(monthNumber: -1)" computerName="MacBook-Pro" duration="00:00:00.0002089" startTime="2025-08-11T23:52:26.8054490-03:00" endTime="2025-08-11T23:52:26.8058440-03:00" testType="13cdc9d9-ddb5-4fa4-a97d-d965ccfc6d4b" outcome="Passed" testListId="8c84fa94-04c1-424b-9868-57a2d4851a1d" relativeResultsDirectory="da5b3f2b-2e7f-46f5-ab99-5cb84c3d4fe4" />
    <UnitTestResult executionId="0b57be27-96ff-42a9-a341-8a7bb6e4e030" testId="80f260d3-f8d3-2f17-2db2-0af0d7ae4da7" testName="FileContentRenamer.Tests.Services.DateExtractorEnhancedTests.ExtractDateFromContent_WithEnglishMonthNames_ShouldExtractCorrectDate(content: &quot;February 28, 2023&quot;, expected: &quot;2023-02-28&quot;)" computerName="MacBook-Pro" duration="00:00:00.0184877" startTime="2025-08-11T23:52:27.3364490-03:00" endTime="2025-08-11T23:52:27.3366730-03:00" testType="13cdc9d9-ddb5-4fa4-a97d-d965ccfc6d4b" outcome="Failed" testListId="8c84fa94-04c1-424b-9868-57a2d4851a1d" relativeResultsDirectory="0b57be27-96ff-42a9-a341-8a7bb6e4e030">
      <Output>
        <ErrorInfo>
          <Message>Expected result to be "2023-02-28" with a length of 10, but "" has a length of 0, differs near "" (index 0).</Message>
          <StackTrace>   at FluentAssertions.Execution.XUnit2TestFramework.Throw(String message)
   at FluentAssertions.Execution.TestFrameworkProvider.Throw(String message)
   at FluentAssertions.Execution.DefaultAssertionStrategy.HandleFailure(String message)
   at FluentAssertions.Execution.AssertionScope.FailWith(Func`1 failReasonFunc)
   at FluentAssertions.Execution.AssertionScope.FailWith(Func`1 failReasonFunc)
   at FluentAssertions.Primitives.StringEqualityValidator.ValidateAgainstLengthDifferences()
   at FluentAssertions.Primitives.StringValidator.Validate()
   at FluentAssertions.Primitives.StringAssertions`1.Be(String expected, String because, Object[] becauseArgs)
   at FileContentRenamer.Tests.Services.DateExtractorEnhancedTests.ExtractDateFromContent_WithEnglishMonthNames_ShouldExtractCorrectDate(String content, String expected) in /Users/santibraida/Workspace/comprobantes/FileContentRenamer.Tests/Services/DateExtractorEnhancedTests.cs:line 85
   at InvokeStub_DateExtractorEnhancedTests.ExtractDateFromContent_WithEnglishMonthNames_ShouldExtractCorrectDate(Object, Span`1)
   at System.Reflection.MethodBaseInvoker.InvokeWithFewArgs(Object obj, BindingFlags invokeAttr, Binder binder, Object[] parameters, CultureInfo culture)</StackTrace>
        </ErrorInfo>
      </Output>
    </UnitTestResult>
    <UnitTestResult executionId="3ae05e70-9beb-41c0-aae3-d28b3132b43f" testId="a0ca8000-3ed1-5654-296c-23ca811068ca" testName="FileContentRenamer.Tests.Services.DateExtractorTests.ExtractDateFromContent_WithVariousGenericDates_ShouldReturnCorrectDates(content: &quot;01/01/2025&quot;, expected: &quot;2025-01-01&quot;)" computerName="MacBook-Pro" duration="00:00:00.0000279" startTime="2025-08-11T23:52:26.6671230-03:00" endTime="2025-08-11T23:52:26.6671500-03:00" testType="13cdc9d9-ddb5-4fa4-a97d-d965ccfc6d4b" outcome="Passed" testListId="8c84fa94-04c1-424b-9868-57a2d4851a1d" relativeResultsDirectory="3ae05e70-9beb-41c0-aae3-d28b3132b43f" />
    <UnitTestResult executionId="114f0510-c36e-4de6-84d3-65d9651e9d61" testId="8ff3c0db-187d-d0d0-7eb2-736414974987" testName="FileContentRenamer.Tests.Services.DirectoryOrganizerTests.OrganizeFileIntoDirectoryStructure_WithDuplicateFile_ShouldCreateUniqueFilename" computerName="MacBook-Pro" duration="00:00:00.0017106" startTime="2025-08-11T23:52:27.0550090-03:00" endTime="2025-08-11T23:52:27.0572640-03:00" testType="13cdc9d9-ddb5-4fa4-a97d-d965ccfc6d4b" outcome="Passed" testListId="8c84fa94-04c1-424b-9868-57a2d4851a1d" relativeResultsDirectory="114f0510-c36e-4de6-84d3-65d9651e9d61" />
    <UnitTestResult executionId="fdc6a0ab-409d-4eaa-9e22-9b90c07c0d4a" testId="924a2837-bdda-5ff7-8002-b76459c46087" testName="FileContentRenamer.Tests.Services.FileServiceTests.ProcessFilesAsync_WithEmptyContent_ShouldSkipFile" computerName="MacBook-Pro" duration="00:00:00.0763207" startTime="2025-08-11T23:52:27.1839990-03:00" endTime="2025-08-11T23:52:27.3395380-03:00" testType="13cdc9d9-ddb5-4fa4-a97d-d965ccfc6d4b" outcome="Passed" testListId="8c84fa94-04c1-424b-9868-57a2d4851a1d" relativeResultsDirectory="fdc6a0ab-409d-4eaa-9e22-9b90c07c0d4a" />
    <UnitTestResult executionId="a2af13c0-5604-48e0-9cee-4c6561143a54" testId="15d0df81-8794-5fa5-b2c8-6331ce7be91e" testName="FileContentRenamer.Tests.Services.TextProcessorTests.ExtractContentAsync_WithLargeFile_ShouldReturnFirst1000Characters" computerName="MacBook-Pro" duration="00:00:00.0027257" startTime="2025-08-11T23:52:26.8432070-03:00" endTime="2025-08-11T23:52:26.8469930-03:00" testType="13cdc9d9-ddb5-4fa4-a97d-d965ccfc6d4b" outcome="Passed" testListId="8c84fa94-04c1-424b-9868-57a2d4851a1d" relativeResultsDirectory="a2af13c0-5604-48e0-9cee-4c6561143a54" />
    <UnitTestResult executionId="13850e7c-9445-45e7-ab2f-248de1a105fd" testId="4703e4b2-bc5a-c72c-26fe-b908d47076ed" testName="FileContentRenamer.Tests.Services.DirectoryOrganizerAdditionalTests.OrganizeFileIntoDirectoryStructure_WithAllMonths_ShouldCreateCorrectStructure(dateStr: &quot;2023-11-22&quot;, expectedMonth: &quot;11_noviembre&quot;)" computerName="MacBook-Pro" duration="00:00:00.0181521" startTime="2025-08-11T23:52:26.8119200-03:00" endTime="2025-08-11T23:52:26.8119620-03:00" testType="13cdc9d9-ddb5-4fa4-a97d-d965ccfc6d4b" outcome="Passed" testListId="8c84fa94-04c1-424b-9868-57a2d4851a1d" relativeResultsDirectory="13850e7c-9445-45e7-ab2f-248de1a105fd" />
    <UnitTestResult executionId="f5e6c647-61b5-4b21-ab9e-1c2562e192da" testId="6802e4b7-d13f-9fd7-e900-410b7d9a430f" testName="FileContentRenamer.Tests.Services.PdfProcessorTests.ExtractContentAsync_WithEmptyPdfFile_ShouldReturnEmptyString" computerName="MacBook-Pro" duration="00:00:00.0009716" startTime="2025-08-11T23:52:27.3406840-03:00" endTime="2025-08-11T23:52:27.3412690-03:00" testType="13cdc9d9-ddb5-4fa4-a97d-d965ccfc6d4b" outcome="Passed" testListId="8c84fa94-04c1-424b-9868-57a2d4851a1d" relativeResultsDirectory="f5e6c647-61b5-4b21-ab9e-1c2562e192da" />
    <UnitTestResult executionId="8faf5efa-0a8c-49cc-8d92-43843199c1ce" testId="5be72c0f-bb2d-feba-e528-7ed830f5c677" testName="FileContentRenamer.Tests.Services.DateExtractorTests.ExtractDateFromContent_WithVariousSpanishDates_ShouldReturnCorrectDates(content: &quot;31 de diciembre de 2023&quot;, expected: &quot;2023-12-31&quot;)" computerName="MacBook-Pro" duration="00:00:00.0000692" startTime="2025-08-11T23:52:26.6611290-03:00" endTime="2025-08-11T23:52:26.6611600-03:00" testType="13cdc9d9-ddb5-4fa4-a97d-d965ccfc6d4b" outcome="Passed" testListId="8c84fa94-04c1-424b-9868-57a2d4851a1d" relativeResultsDirectory="8faf5efa-0a8c-49cc-8d92-43843199c1ce" />
    <UnitTestResult executionId="a6490e37-289f-4be3-a7b6-11bb548e83c9" testId="7eff9737-dcfc-63b6-3d57-04bd941b7068" testName="FileContentRenamer.Tests.Services.ImageProcessorTests.ExtractContentAsync_WithEmptyFile_ShouldReturnEmptyString" computerName="MacBook-Pro" duration="00:00:00.0845871" startTime="2025-08-11T23:52:28.9846720-03:00" endTime="2025-08-11T23:52:29.0691750-03:00" testType="13cdc9d9-ddb5-4fa4-a97d-d965ccfc6d4b" outcome="Passed" testListId="8c84fa94-04c1-424b-9868-57a2d4851a1d" relativeResultsDirectory="a6490e37-289f-4be3-a7b6-11bb548e83c9" />
    <UnitTestResult executionId="b4af1067-25a0-47b4-bb7a-3f15c45eb671" testId="d89f2fd7-4f2a-3db7-51c5-eb8b2d64efff" testName="FileContentRenamer.Tests.Services.DateExtractorAdditionalTests.ExtractDateFromContent_WithVariousFormats_ShouldReturnCorrectDate(content: &quot;No hay fechas aquí&quot;, expected: &quot;&quot;)" computerName="MacBook-Pro" duration="00:00:00.0001420" startTime="2025-08-11T23:52:27.2610890-03:00" endTime="2025-08-11T23:52:27.2611330-03:00" testType="13cdc9d9-ddb5-4fa4-a97d-d965ccfc6d4b" outcome="Passed" testListId="8c84fa94-04c1-424b-9868-57a2d4851a1d" relativeResultsDirectory="b4af1067-25a0-47b4-bb7a-3f15c45eb671" />
    <UnitTestResult executionId="73d46ffe-7fdf-480f-af2a-82e7a145f515" testId="b48ede63-7bd8-9337-3a73-3e2097747548" testName="FileContentRenamer.Tests.Services.PdfProcessorTests.ExtractContentAsync_WithNullOrEmptyPath_ShouldHandleGracefully" computerName="MacBook-Pro" duration="00:00:00.0034456" startTime="2025-08-11T23:52:26.9829540-03:00" endTime="2025-08-11T23:52:27.0556520-03:00" testType="13cdc9d9-ddb5-4fa4-a97d-d965ccfc6d4b" outcome="Passed" testListId="8c84fa94-04c1-424b-9868-57a2d4851a1d" relativeResultsDirectory="73d46ffe-7fdf-480f-af2a-82e7a145f515" />
    <UnitTestResult executionId="b936f816-9b4d-4a9f-ba3e-62f81a338b95" testId="b9d72b25-82ca-6ec3-5870-6ffcc88918e2" testName="FileContentRenamer.Tests.Services.DirectoryOrganizerTests.GetMonthName_WithValidMonth_ShouldReturnSpanishName(monthNumber: 10, expected: &quot;octubre&quot;)" computerName="MacBook-Pro" duration="00:00:00.0004096" startTime="2025-08-11T23:52:26.6690970-03:00" endTime="2025-08-11T23:52:26.6691660-03:00" testType="13cdc9d9-ddb5-4fa4-a97d-d965ccfc6d4b" outcome="Passed" testListId="8c84fa94-04c1-424b-9868-57a2d4851a1d" relativeResultsDirectory="b936f816-9b4d-4a9f-ba3e-62f81a338b95" />
    <UnitTestResult executionId="be67d179-c77c-4ff3-8988-8f24319468cd" testId="6d0fa066-8a13-fd4d-c98a-884d87f87869" testName="FileContentRenamer.Tests.Services.DirectoryOrganizerAdditionalTests.OrganizeFileIntoDirectoryStructure_WithAllMonths_ShouldCreateCorrectStructure(dateStr: &quot;2023-08-05&quot;, expectedMonth: &quot;08_agosto&quot;)" computerName="MacBook-Pro" duration="00:00:00.0179176" startTime="2025-08-11T23:52:26.8148340-03:00" endTime="2025-08-11T23:52:26.8350010-03:00" testType="13cdc9d9-ddb5-4fa4-a97d-d965ccfc6d4b" outcome="Passed" testListId="8c84fa94-04c1-424b-9868-57a2d4851a1d" relativeResultsDirectory="be67d179-c77c-4ff3-8988-8f24319468cd" />
    <UnitTestResult executionId="b1b330a6-35f5-405c-884d-a211b4264846" testId="673ac6d3-d960-9ab3-69aa-92efadf19225" testName="FileContentRenamer.Tests.Models.NamingRuleTests.Matches_WithMissingKeywords_ShouldReturnFalse" computerName="MacBook-Pro" duration="00:00:00.0001089" startTime="2025-08-11T23:52:27.1872180-03:00" endTime="2025-08-11T23:52:27.1872500-03:00" testType="13cdc9d9-ddb5-4fa4-a97d-d965ccfc6d4b" outcome="Passed" testListId="8c84fa94-04c1-424b-9868-57a2d4851a1d" relativeResultsDirectory="b1b330a6-35f5-405c-884d-a211b4264846" />
    <UnitTestResult executionId="0cf4842a-fa2d-4b33-af83-670d260c937b" testId="cdd6804e-2059-82c6-ad55-f29b8b2ea4b3" testName="FileContentRenamer.Tests.Services.DirectoryOrganizerAdditionalTests.OrganizeFileIntoDirectoryStructure_WithAllMonths_ShouldCreateCorrectStructure(dateStr: &quot;2023-02-28&quot;, expectedMonth: &quot;02_febrero&quot;)" computerName="MacBook-Pro" duration="00:00:00.0007789" startTime="2025-08-11T23:52:26.8116000-03:00" endTime="2025-08-11T23:52:26.8116430-03:00" testType="13cdc9d9-ddb5-4fa4-a97d-d965ccfc6d4b" outcome="Passed" testListId="8c84fa94-04c1-424b-9868-57a2d4851a1d" relativeResultsDirectory="0cf4842a-fa2d-4b33-af83-670d260c937b" />
    <UnitTestResult executionId="fcb1a514-6202-449c-b64c-1a3ff8d450f3" testId="ff055e90-d656-9e92-8f92-4035c59e7a36" testName="FileContentRenamer.Tests.Services.DateExtractorEnhancedTests.ExtractDateFromContent_WithNoDates_ShouldReturnEmptyString(content: &quot;   &quot;)" computerName="MacBook-Pro" duration="00:00:00.0000413" startTime="2025-08-11T23:52:26.9775950-03:00" endTime="2025-08-11T23:52:26.9776410-03:00" testType="13cdc9d9-ddb5-4fa4-a97d-d965ccfc6d4b" outcome="Passed" testListId="8c84fa94-04c1-424b-9868-57a2d4851a1d" relativeResultsDirectory="fcb1a514-6202-449c-b64c-1a3ff8d450f3" />
    <UnitTestResult executionId="ee6e6677-49c7-46f7-add7-4b038fa767d7" testId="c5db792d-e049-7e4c-45a4-ac95e98dbc54" testName="FileContentRenamer.Tests.Services.DirectoryOrganizerTests.GetMonthName_WithValidMonth_ShouldReturnSpanishName(monthNumber: 4, expected: &quot;abril&quot;)" computerName="MacBook-Pro" duration="00:00:00.0000992" startTime="2025-08-11T23:52:26.8003350-03:00" endTime="2025-08-11T23:52:26.8004790-03:00" testType="13cdc9d9-ddb5-4fa4-a97d-d965ccfc6d4b" outcome="Passed" testListId="8c84fa94-04c1-424b-9868-57a2d4851a1d" relativeResultsDirectory="ee6e6677-49c7-46f7-add7-4b038fa767d7" />
    <UnitTestResult executionId="a7cdd61d-3d04-4670-b350-1f54de6d1abf" testId="ef0ba115-bb03-098e-48b3-8914fb59fb7f" testName="FileContentRenamer.Tests.Services.DirectoryOrganizerTests.GetMonthName_WithValidMonth_ShouldReturnSpanishName(monthNumber: 1, expected: &quot;enero&quot;)" computerName="MacBook-Pro" duration="00:00:00.0001055" startTime="2025-08-11T23:52:26.7148050-03:00" endTime="2025-08-11T23:52:26.7148550-03:00" testType="13cdc9d9-ddb5-4fa4-a97d-d965ccfc6d4b" outcome="Passed" testListId="8c84fa94-04c1-424b-9868-57a2d4851a1d" relativeResultsDirectory="a7cdd61d-3d04-4670-b350-1f54de6d1abf" />
    <UnitTestResult executionId="df58abd7-a83c-4ceb-a828-4c87ea2360ce" testId="34f0a146-8932-4124-920d-b39c3eb45d5b" testName="FileContentRenamer.Tests.Services.FileServiceTests.ProcessFilesAsync_WithAlreadyNamedFile_ShouldSkipRenaming" computerName="MacBook-Pro" duration="00:00:00.1180636" startTime="2025-08-11T23:52:27.4888010-03:00" endTime="2025-08-11T23:52:27.4891660-03:00" testType="13cdc9d9-ddb5-4fa4-a97d-d965ccfc6d4b" outcome="Passed" testListId="8c84fa94-04c1-424b-9868-57a2d4851a1d" relativeResultsDirectory="df58abd7-a83c-4ceb-a828-4c87ea2360ce" />
    <UnitTestResult executionId="2d7a80ee-9927-4b38-84a8-008d6c4ac403" testId="95464817-3328-92d5-e9f2-a7a51a663358" testName="FileContentRenamer.Tests.Services.FilenameGeneratorTests.IsAlreadyNamedFilename_WithValidFormats_ShouldReturnTrue(filename: &quot;company_2025-01-01_bank&quot;)" computerName="MacBook-Pro" duration="00:00:00.0186904" startTime="2025-08-11T23:52:26.8704800-03:00" endTime="2025-08-11T23:52:26.8711870-03:00" testType="13cdc9d9-ddb5-4fa4-a97d-d965ccfc6d4b" outcome="Passed" testListId="8c84fa94-04c1-424b-9868-57a2d4851a1d" relativeResultsDirectory="2d7a80ee-9927-4b38-84a8-008d6c4ac403" />
    <UnitTestResult executionId="23ca2c31-bc36-4aad-8379-8de35e494ed9" testId="de5e6aa9-ab12-14ed-551c-79528da15404" testName="FileContentRenamer.Tests.Services.PdfProcessorTests.ExtractContentAsync_WithNonPdfFile_ShouldThrowException" computerName="MacBook-Pro" duration="00:00:00.0264174" startTime="2025-08-11T23:52:27.0563930-03:00" endTime="2025-08-11T23:52:27.1891440-03:00" testType="13cdc9d9-ddb5-4fa4-a97d-d965ccfc6d4b" outcome="Passed" testListId="8c84fa94-04c1-424b-9868-57a2d4851a1d" relativeResultsDirectory="23ca2c31-bc36-4aad-8379-8de35e494ed9" />
    <UnitTestResult executionId="e67975a5-a3a9-498b-aaac-a62a2666e40f" testId="3bc1972c-43c3-09f6-6b21-23df0274286b" testName="FileContentRenamer.Tests.Models.NamingRulesTests.Constructor_WithDefaultValues_ShouldInitializeCorrectly" computerName="MacBook-Pro" duration="00:00:00.0196633" startTime="2025-08-11T23:52:27.0641600-03:00" endTime="2025-08-11T23:52:27.1843220-03:00" testType="13cdc9d9-ddb5-4fa4-a97d-d965ccfc6d4b" outcome="Passed" testListId="8c84fa94-04c1-424b-9868-57a2d4851a1d" relativeResultsDirectory="e67975a5-a3a9-498b-aaac-a62a2666e40f" />
    <UnitTestResult executionId="e2653dba-fe69-4e91-b589-d9c702f61fac" testId="3573ba78-e31a-2e6c-5278-821f59ce87a6" testName="FileContentRenamer.Tests.Services.ImageProcessorTests.CanProcess_WithVariousCases_ShouldReturnCorrectResult(extension: &quot;.TIF&quot;)" computerName="MacBook-Pro" duration="00:00:00.0262668" startTime="2025-08-11T23:52:28.4800090-03:00" endTime="2025-08-11T23:52:28.4884930-03:00" testType="13cdc9d9-ddb5-4fa4-a97d-d965ccfc6d4b" outcome="Passed" testListId="8c84fa94-04c1-424b-9868-57a2d4851a1d" relativeResultsDirectory="e2653dba-fe69-4e91-b589-d9c702f61fac" />
    <UnitTestResult executionId="bc17197a-ac5e-4687-8b07-07a28987f415" testId="eda4a5c5-8fa3-8699-5242-449863672e55" testName="FileContentRenamer.Tests.Models.NamingRuleTests.Matches_WithCaseInsensitiveKeywords_ShouldReturnTrue" computerName="MacBook-Pro" duration="00:00:00.0000691" startTime="2025-08-11T23:52:27.2130750-03:00" endTime="2025-08-11T23:52:27.2131170-03:00" testType="13cdc9d9-ddb5-4fa4-a97d-d965ccfc6d4b" outcome="Passed" testListId="8c84fa94-04c1-424b-9868-57a2d4851a1d" relativeResultsDirectory="bc17197a-ac5e-4687-8b07-07a28987f415" />
    <UnitTestResult executionId="1f7bac67-fa9d-430a-9197-b40cce983cb6" testId="b4180071-1e06-f3bd-f0e2-c5c49975b30c" testName="FileContentRenamer.Tests.Services.ImageProcessorTests.Constructor_WithNullConfig_ShouldThrowArgumentNullException" computerName="MacBook-Pro" duration="00:00:00.0268689" startTime="2025-08-11T23:52:28.6427500-03:00" endTime="2025-08-11T23:52:28.6518550-03:00" testType="13cdc9d9-ddb5-4fa4-a97d-d965ccfc6d4b" outcome="Passed" testListId="8c84fa94-04c1-424b-9868-57a2d4851a1d" relativeResultsDirectory="1f7bac67-fa9d-430a-9197-b40cce983cb6" />
    <UnitTestResult executionId="e042097d-6e9c-4215-9554-a0c2e336e1ad" testId="ebc6b45b-0fe4-e4c2-6b7e-a061ba64a1b2" testName="FileContentRenamer.Tests.Services.DirectoryOrganizerTests.GetMonthName_WithValidMonth_ShouldReturnSpanishName(monthNumber: 9, expected: &quot;septiembre&quot;)" computerName="MacBook-Pro" duration="00:00:00.0002244" startTime="2025-08-11T23:52:26.7144440-03:00" endTime="2025-08-11T23:52:26.7144990-03:00" testType="13cdc9d9-ddb5-4fa4-a97d-d965ccfc6d4b" outcome="Passed" testListId="8c84fa94-04c1-424b-9868-57a2d4851a1d" relativeResultsDirectory="e042097d-6e9c-4215-9554-a0c2e336e1ad" />
    <UnitTestResult executionId="cfc4d9b0-deea-4e7a-8d01-9dc311a27db2" testId="a366a934-60e2-7009-7a6f-f68837f539c2" testName="FileContentRenamer.Tests.Services.FileValidatorTests.ValidateConfiguration_WithValidConfig_ShouldReturnTrue" computerName="MacBook-Pro" duration="00:00:00.1723638" startTime="2025-08-11T23:52:26.4838890-03:00" endTime="2025-08-11T23:52:26.8355760-03:00" testType="13cdc9d9-ddb5-4fa4-a97d-d965ccfc6d4b" outcome="Passed" testListId="8c84fa94-04c1-424b-9868-57a2d4851a1d" relativeResultsDirectory="cfc4d9b0-deea-4e7a-8d01-9dc311a27db2" />
    <UnitTestResult executionId="674c7218-b634-428e-bb64-1e39cdd7e097" testId="fde0012a-20a9-aebc-bee1-b5bf65a4ee27" testName="FileContentRenamer.Tests.Models.NamingRulesTests.FindMatchingRule_WithFirstRuleMatching_ShouldReturnFirstRule" computerName="MacBook-Pro" duration="00:00:00.0001149" startTime="2025-08-11T23:52:27.1868410-03:00" endTime="2025-08-11T23:52:27.1868700-03:00" testType="13cdc9d9-ddb5-4fa4-a97d-d965ccfc6d4b" outcome="Passed" testListId="8c84fa94-04c1-424b-9868-57a2d4851a1d" relativeResultsDirectory="674c7218-b634-428e-bb64-1e39cdd7e097" />
    <UnitTestResult executionId="20b72feb-5bcf-48c2-814a-5f25446801ba" testId="8b0489e4-2aca-7279-af69-b44674c9e8bb" testName="FileContentRenamer.Tests.Services.ImageProcessorTests.CanProcess_WithImageExtensionsDifferentCasing_ShouldReturnTrue(extension: &quot;.TIFF&quot;)" computerName="MacBook-Pro" duration="00:00:00.0313441" startTime="2025-08-11T23:52:27.4927370-03:00" endTime="2025-08-11T23:52:27.4927750-03:00" testType="13cdc9d9-ddb5-4fa4-a97d-d965ccfc6d4b" outcome="Passed" testListId="8c84fa94-04c1-424b-9868-57a2d4851a1d" relativeResultsDirectory="20b72feb-5bcf-48c2-814a-5f25446801ba" />
    <UnitTestResult executionId="767be9ee-30ad-4a25-b2d2-e707ae4508d6" testId="0fcf9b9b-b820-ecc4-eb7d-d476c5dd956f" testName="FileContentRenamer.Tests.Services.FileServiceTests.ProcessFilesAsync_WithNoFiles_ShouldCompleteSuccessfully" computerName="MacBook-Pro" duration="00:00:00.0019978" startTime="2025-08-11T23:52:27.3398800-03:00" endTime="2025-08-11T23:52:27.3428300-03:00" testType="13cdc9d9-ddb5-4fa4-a97d-d965ccfc6d4b" outcome="Passed" testListId="8c84fa94-04c1-424b-9868-57a2d4851a1d" relativeResultsDirectory="767be9ee-30ad-4a25-b2d2-e707ae4508d6" />
    <UnitTestResult executionId="b5a1822b-a27f-458e-b0b8-4ce1384e9f27" testId="f7bbc740-e3de-3780-77bc-e74850eb0f4f" testName="FileContentRenamer.Tests.Models.AppConfigTests.SaveLastUsedPath_ShouldUpdateConfigFile" computerName="MacBook-Pro" duration="00:00:00.2329621" startTime="2025-08-11T23:52:27.4921200-03:00" endTime="2025-08-11T23:52:27.4934400-03:00" testType="13cdc9d9-ddb5-4fa4-a97d-d965ccfc6d4b" outcome="Passed" testListId="8c84fa94-04c1-424b-9868-57a2d4851a1d" relativeResultsDirectory="b5a1822b-a27f-458e-b0b8-4ce1384e9f27" />
    <UnitTestResult executionId="2d2ecf2e-23ac-4081-b0bb-085b78bb1516" testId="c0c23407-c0bb-d9dd-2e15-e5b17c8fd768" testName="FileContentRenamer.Tests.Services.DateExtractorEnhancedTests.ExtractDateFromContent_WithEnglishMonthNames_ShouldExtractCorrectDate(content: &quot;July 25, 2024&quot;, expected: &quot;2024-07-25&quot;)" computerName="MacBook-Pro" duration="00:00:00.0008670" startTime="2025-08-11T23:52:27.2895880-03:00" endTime="2025-08-11T23:52:27.2901210-03:00" testType="13cdc9d9-ddb5-4fa4-a97d-d965ccfc6d4b" outcome="Failed" testListId="8c84fa94-04c1-424b-9868-57a2d4851a1d" relativeResultsDirectory="2d2ecf2e-23ac-4081-b0bb-085b78bb1516">
      <Output>
        <ErrorInfo>
          <Message>Expected result to be "2024-07-25" with a length of 10, but "" has a length of 0, differs near "" (index 0).</Message>
          <StackTrace>   at FluentAssertions.Execution.XUnit2TestFramework.Throw(String message)
   at FluentAssertions.Execution.TestFrameworkProvider.Throw(String message)
   at FluentAssertions.Execution.DefaultAssertionStrategy.HandleFailure(String message)
   at FluentAssertions.Execution.AssertionScope.FailWith(Func`1 failReasonFunc)
   at FluentAssertions.Execution.AssertionScope.FailWith(Func`1 failReasonFunc)
   at FluentAssertions.Primitives.StringEqualityValidator.ValidateAgainstLengthDifferences()
   at FluentAssertions.Primitives.StringValidator.Validate()
   at FluentAssertions.Primitives.StringAssertions`1.Be(String expected, String because, Object[] becauseArgs)
   at FileContentRenamer.Tests.Services.DateExtractorEnhancedTests.ExtractDateFromContent_WithEnglishMonthNames_ShouldExtractCorrectDate(String content, String expected) in /Users/santibraida/Workspace/comprobantes/FileContentRenamer.Tests/Services/DateExtractorEnhancedTests.cs:line 85
   at InvokeStub_DateExtractorEnhancedTests.ExtractDateFromContent_WithEnglishMonthNames_ShouldExtractCorrectDate(Object, Span`1)
   at System.Reflection.MethodBaseInvoker.InvokeWithFewArgs(Object obj, BindingFlags invokeAttr, Binder binder, Object[] parameters, CultureInfo culture)</StackTrace>
        </ErrorInfo>
      </Output>
    </UnitTestResult>
    <UnitTestResult executionId="86a00b2a-97d4-4593-a132-cb0fa0b3ca9d" testId="af059a06-6167-19fd-d16f-49045750c2c4" testName="FileContentRenamer.Tests.Services.DateExtractorEnhancedTests.ExtractDateFromContent_WithInvalidDates_ShouldReturnEmptyString(content: &quot;2023-13-01&quot;)" computerName="MacBook-Pro" duration="00:00:00.0008636" startTime="2025-08-11T23:52:27.3396970-03:00" endTime="2025-08-11T23:52:27.3407140-03:00" testType="13cdc9d9-ddb5-4fa4-a97d-d965ccfc6d4b" outcome="Failed" testListId="8c84fa94-04c1-424b-9868-57a2d4851a1d" relativeResultsDirectory="86a00b2a-97d4-4593-a132-cb0fa0b3ca9d">
      <Output>
        <ErrorInfo>
          <Message>Expected result to be empty, but found "2023-13-01".</Message>
          <StackTrace>   at FluentAssertions.Execution.XUnit2TestFramework.Throw(String message)
   at FluentAssertions.Execution.TestFrameworkProvider.Throw(String message)
   at FluentAssertions.Execution.DefaultAssertionStrategy.HandleFailure(String message)
   at FluentAssertions.Execution.AssertionScope.FailWith(Func`1 failReasonFunc)
   at FluentAssertions.Execution.AssertionScope.FailWith(Func`1 failReasonFunc)
   at FluentAssertions.Execution.AssertionScope.FailWith(String message, Object[] args)
   at FluentAssertions.Primitives.StringAssertions`1.BeEmpty(String because, Object[] becauseArgs)
   at FileContentRenamer.Tests.Services.DateExtractorEnhancedTests.ExtractDateFromContent_WithInvalidDates_ShouldReturnEmptyString(String content) in /Users/santibraida/Workspace/comprobantes/FileContentRenamer.Tests/Services/DateExtractorEnhancedTests.cs:line 144
   at InvokeStub_DateExtractorEnhancedTests.ExtractDateFromContent_WithInvalidDates_ShouldReturnEmptyString(Object, Span`1)
   at System.Reflection.MethodBaseInvoker.InvokeWithOneArg(Object obj, BindingFlags invokeAttr, Binder binder, Object[] parameters, CultureInfo culture)</StackTrace>
        </ErrorInfo>
      </Output>
    </UnitTestResult>
    <UnitTestResult executionId="c0f1529a-c8a0-430b-9791-1c392f436008" testId="26656131-c125-7680-eabe-b2347d65af76" testName="FileContentRenamer.Tests.Services.TextProcessorTests.ExtractContentAsync_WithLockedFile_ShouldReturnEmptyString" computerName="MacBook-Pro" duration="00:00:00.0029378" startTime="2025-08-11T23:52:26.8428830-03:00" endTime="2025-08-11T23:52:26.8429330-03:00" testType="13cdc9d9-ddb5-4fa4-a97d-d965ccfc6d4b" outcome="Passed" testListId="8c84fa94-04c1-424b-9868-57a2d4851a1d" relativeResultsDirectory="c0f1529a-c8a0-430b-9791-1c392f436008" />
    <UnitTestResult executionId="c28b2545-59bd-4a01-a160-707f9368ae11" testId="eb4d86cf-b0af-bfbb-711c-c8be426c2aa1" testName="FileContentRenamer.Tests.Services.DateExtractorEnhancedTests.ExtractDateFromContent_WithNoDates_ShouldReturnEmptyString(content: &quot;Text without any dates&quot;)" computerName="MacBook-Pro" duration="00:00:00.0000490" startTime="2025-08-11T23:52:26.9769730-03:00" endTime="2025-08-11T23:52:26.9773090-03:00" testType="13cdc9d9-ddb5-4fa4-a97d-d965ccfc6d4b" outcome="Passed" testListId="8c84fa94-04c1-424b-9868-57a2d4851a1d" relativeResultsDirectory="c28b2545-59bd-4a01-a160-707f9368ae11" />
    <UnitTestResult executionId="d75ba6fd-baef-4cd9-a01b-ac91d3d6d94d" testId="ff7c2091-3327-e767-4933-31644bd21f67" testName="FileContentRenamer.Tests.Configuration.ServiceConfigurationTests.ConfigureServices_ShouldRegisterAllServices" computerName="MacBook-Pro" duration="00:00:00.0487318" startTime="2025-08-11T23:52:26.8081200-03:00" endTime="2025-08-11T23:52:26.8379830-03:00" testType="13cdc9d9-ddb5-4fa4-a97d-d965ccfc6d4b" outcome="Passed" testListId="8c84fa94-04c1-424b-9868-57a2d4851a1d" relativeResultsDirectory="d75ba6fd-baef-4cd9-a01b-ac91d3d6d94d" />
    <UnitTestResult executionId="9eff19da-615e-441c-b9f7-af6edf1d8e40" testId="57d1cda9-e9e5-f000-1823-6cc75a3cb199" testName="FileContentRenamer.Tests.Services.TextProcessorTests.ExtractContentAsync_WithUnicodeContent_ShouldReturnContent" computerName="MacBook-Pro" duration="00:00:00.0036722" startTime="2025-08-11T23:52:26.8396820-03:00" endTime="2025-08-11T23:52:26.8397230-03:00" testType="13cdc9d9-ddb5-4fa4-a97d-d965ccfc6d4b" outcome="Passed" testListId="8c84fa94-04c1-424b-9868-57a2d4851a1d" relativeResultsDirectory="9eff19da-615e-441c-b9f7-af6edf1d8e40" />
    <UnitTestResult executionId="d63f1ecf-7f55-4388-9099-dbd6047ea208" testId="43108df8-7f9e-e70a-a456-a12f9dd6bbcf" testName="FileContentRenamer.Tests.Services.DateExtractorTests.ExtractDateFromContent_WithNullContent_ShouldReturnEmptyString" computerName="MacBook-Pro" duration="00:00:00.0001076" startTime="2025-08-11T23:52:26.6565190-03:00" endTime="2025-08-11T23:52:26.6565470-03:00" testType="13cdc9d9-ddb5-4fa4-a97d-d965ccfc6d4b" outcome="Passed" testListId="8c84fa94-04c1-424b-9868-57a2d4851a1d" relativeResultsDirectory="d63f1ecf-7f55-4388-9099-dbd6047ea208" />
    <UnitTestResult executionId="57cbba78-4136-4362-bba5-caf0a2e7fcee" testId="26bd4e72-4ac6-a5cc-eeb0-2da92faec007" testName="FileContentRenamer.Tests.Models.AppConfigTests.SaveLastUsedPath_WithValidPath_ShouldUpdateProperty" computerName="MacBook-Pro" duration="00:00:00.0036125" startTime="2025-08-11T23:52:27.3700040-03:00" endTime="2025-08-11T23:52:27.3703780-03:00" testType="13cdc9d9-ddb5-4fa4-a97d-d965ccfc6d4b" outcome="Passed" testListId="8c84fa94-04c1-424b-9868-57a2d4851a1d" relativeResultsDirectory="57cbba78-4136-4362-bba5-caf0a2e7fcee" />
    <UnitTestResult executionId="83be8e27-6a0b-407a-b42c-40f80be4070a" testId="b99c1952-4b8a-6e7b-be83-1febd897689d" testName="FileContentRenamer.Tests.Services.DirectoryOrganizerTests.GetMonthName_WithValidMonth_ShouldReturnSpanishName(monthNumber: 12, expected: &quot;diciembre&quot;)" computerName="MacBook-Pro" duration="00:00:00.0000872" startTime="2025-08-11T23:52:26.7987920-03:00" endTime="2025-08-11T23:52:26.7988390-03:00" testType="13cdc9d9-ddb5-4fa4-a97d-d965ccfc6d4b" outcome="Passed" testListId="8c84fa94-04c1-424b-9868-57a2d4851a1d" relativeResultsDirectory="83be8e27-6a0b-407a-b42c-40f80be4070a" />
    <UnitTestResult executionId="1c651363-c4ea-40f6-806d-c5399a68e142" testId="72cdf8b5-0c4a-e649-1b33-3003eb144b1a" testName="FileContentRenamer.Tests.Services.TextProcessorTests.CanProcess_WithNonTxtExtension_ShouldReturnFalse(filename: &quot;test.docx&quot;)" computerName="MacBook-Pro" duration="00:00:00.0001161" startTime="2025-08-11T23:52:26.8412820-03:00" endTime="2025-08-11T23:52:26.8413220-03:00" testType="13cdc9d9-ddb5-4fa4-a97d-d965ccfc6d4b" outcome="Passed" testListId="8c84fa94-04c1-424b-9868-57a2d4851a1d" relativeResultsDirectory="1c651363-c4ea-40f6-806d-c5399a68e142" />
    <UnitTestResult executionId="9d96e479-65cb-4513-b903-6a25a8e7f4b1" testId="e2abd9d2-3e10-1f38-de7b-fad1610d02c8" testName="FileContentRenamer.Tests.Services.DateExtractorEnhancedTests.ExtractDateFromContent_WithInvalidDates_ShouldReturnEmptyString(content: &quot;32/01/2023&quot;)" computerName="MacBook-Pro" duration="00:00:00.0006440" startTime="2025-08-11T23:52:27.3384330-03:00" endTime="2025-08-11T23:52:27.3384830-03:00" testType="13cdc9d9-ddb5-4fa4-a97d-d965ccfc6d4b" outcome="Failed" testListId="8c84fa94-04c1-424b-9868-57a2d4851a1d" relativeResultsDirectory="9d96e479-65cb-4513-b903-6a25a8e7f4b1">
      <Output>
        <ErrorInfo>
          <Message>Expected result to be empty, but found "2023-01-32".</Message>
          <StackTrace>   at FluentAssertions.Execution.XUnit2TestFramework.Throw(String message)
   at FluentAssertions.Execution.TestFrameworkProvider.Throw(String message)
   at FluentAssertions.Execution.DefaultAssertionStrategy.HandleFailure(String message)
   at FluentAssertions.Execution.AssertionScope.FailWith(Func`1 failReasonFunc)
   at FluentAssertions.Execution.AssertionScope.FailWith(Func`1 failReasonFunc)
   at FluentAssertions.Execution.AssertionScope.FailWith(String message, Object[] args)
   at FluentAssertions.Primitives.StringAssertions`1.BeEmpty(String because, Object[] becauseArgs)
   at FileContentRenamer.Tests.Services.DateExtractorEnhancedTests.ExtractDateFromContent_WithInvalidDates_ShouldReturnEmptyString(String content) in /Users/santibraida/Workspace/comprobantes/FileContentRenamer.Tests/Services/DateExtractorEnhancedTests.cs:line 144
   at System.RuntimeMethodHandle.InvokeMethod(Object target, Void** arguments, Signature sig, Boolean isConstructor)
   at System.Reflection.MethodBaseInvoker.InvokeDirectByRefWithFewArgs(Object obj, Span`1 copyOfArgs, BindingFlags invokeAttr)</StackTrace>
        </ErrorInfo>
      </Output>
    </UnitTestResult>
    <UnitTestResult executionId="55802c92-459e-4cac-bd49-2a94ed7f68a4" testId="8a90efb2-6fff-e39e-99bc-4c5b85d7b70e" testName="FileContentRenamer.Tests.Services.DirectoryOrganizerTests.GetMonthName_WithValidMonth_ShouldReturnSpanishName(monthNumber: 6, expected: &quot;junio&quot;)" computerName="MacBook-Pro" duration="00:00:00.0000910" startTime="2025-08-11T23:52:26.7154650-03:00" endTime="2025-08-11T23:52:26.7155090-03:00" testType="13cdc9d9-ddb5-4fa4-a97d-d965ccfc6d4b" outcome="Passed" testListId="8c84fa94-04c1-424b-9868-57a2d4851a1d" relativeResultsDirectory="55802c92-459e-4cac-bd49-2a94ed7f68a4" />
    <UnitTestResult executionId="6d82a455-0f36-4b48-9e05-be9fa3baee20" testId="9ca7221c-9ada-06ab-3e36-c3c1a2dc8867" testName="FileContentRenamer.Tests.Services.DateExtractorEnhancedTests.ExtractDateFromContent_WithSlashDateFormats_ShouldExtractCorrectDate(content: &quot;fecha 2023/02/28&quot;, expected: &quot;2023-02-28&quot;)" computerName="MacBook-Pro" duration="00:00:00.0013240" startTime="2025-08-11T23:52:27.0553730-03:00" endTime="2025-08-11T23:52:27.0566160-03:00" testType="13cdc9d9-ddb5-4fa4-a97d-d965ccfc6d4b" outcome="Failed" testListId="8c84fa94-04c1-424b-9868-57a2d4851a1d" relativeResultsDirectory="6d82a455-0f36-4b48-9e05-be9fa3baee20">
      <Output>
        <ErrorInfo>
          <Message>Expected result to be "2023-02-28" with a length of 10, but "" has a length of 0, differs near "" (index 0).</Message>
          <StackTrace>   at FluentAssertions.Execution.XUnit2TestFramework.Throw(String message)
   at FluentAssertions.Execution.TestFrameworkProvider.Throw(String message)
   at FluentAssertions.Execution.DefaultAssertionStrategy.HandleFailure(String message)
   at FluentAssertions.Execution.AssertionScope.FailWith(Func`1 failReasonFunc)
   at FluentAssertions.Execution.AssertionScope.FailWith(Func`1 failReasonFunc)
   at FluentAssertions.Primitives.StringEqualityValidator.ValidateAgainstLengthDifferences()
   at FluentAssertions.Primitives.StringValidator.Validate()
   at FluentAssertions.Primitives.StringAssertions`1.Be(String expected, String because, Object[] becauseArgs)
   at FileContentRenamer.Tests.Services.DateExtractorEnhancedTests.ExtractDateFromContent_WithSlashDateFormats_ShouldExtractCorrectDate(String content, String expected) in /Users/santibraida/Workspace/comprobantes/FileContentRenamer.Tests/Services/DateExtractorEnhancedTests.cs:line 27
   at System.RuntimeMethodHandle.InvokeMethod(Object target, Void** arguments, Signature sig, Boolean isConstructor)
   at System.Reflection.MethodBaseInvoker.InvokeDirectByRefWithFewArgs(Object obj, Span`1 copyOfArgs, BindingFlags invokeAttr)</StackTrace>
        </ErrorInfo>
      </Output>
    </UnitTestResult>
    <UnitTestResult executionId="3f991af9-9e3a-48e7-9593-bfa5f230224e" testId="df0ff2b1-bb1d-04f9-1b59-ee245aa596c1" testName="FileContentRenamer.Tests.Services.FileValidatorTests.ShouldSkipAlreadyNamedFile_WithAlreadyNamedFile_ShouldReturnTrue" computerName="MacBook-Pro" duration="00:00:00.0223249" startTime="2025-08-11T23:52:26.8699940-03:00" endTime="2025-08-11T23:52:26.8718420-03:00" testType="13cdc9d9-ddb5-4fa4-a97d-d965ccfc6d4b" outcome="Passed" testListId="8c84fa94-04c1-424b-9868-57a2d4851a1d" relativeResultsDirectory="3f991af9-9e3a-48e7-9593-bfa5f230224e" />
    <UnitTestResult executionId="b3772156-bc36-4c5b-b055-51ff01f2e561" testId="3316bc7e-6a82-67a0-8d2a-7a179131430f" testName="FileContentRenamer.Tests.Services.DirectoryOrganizerAdditionalTests.OrganizeFileIntoDirectoryStructure_WithAllMonths_ShouldCreateCorrectStructure(dateStr: &quot;2023-01-15&quot;, expectedMonth: &quot;01_enero&quot;)" computerName="MacBook-Pro" duration="00:00:00.0019177" startTime="2025-08-11T23:52:26.8122290-03:00" endTime="2025-08-11T23:52:26.8122720-03:00" testType="13cdc9d9-ddb5-4fa4-a97d-d965ccfc6d4b" outcome="Passed" testListId="8c84fa94-04c1-424b-9868-57a2d4851a1d" relativeResultsDirectory="b3772156-bc36-4c5b-b055-51ff01f2e561" />
    <UnitTestResult executionId="95ceb3cb-98cd-4677-a05d-575e0594ec5f" testId="8031668c-d19b-b8db-0235-3b555a1ef3fc" testName="FileContentRenamer.Tests.Services.PdfProcessorTests.CanProcess_WithNonPdfExtension_ShouldReturnFalse(filename: &quot;test.txt&quot;)" computerName="MacBook-Pro" duration="00:00:00.0179148" startTime="2025-08-11T23:52:26.9818230-03:00" endTime="2025-08-11T23:52:26.9818630-03:00" testType="13cdc9d9-ddb5-4fa4-a97d-d965ccfc6d4b" outcome="Passed" testListId="8c84fa94-04c1-424b-9868-57a2d4851a1d" relativeResultsDirectory="95ceb3cb-98cd-4677-a05d-575e0594ec5f" />
    <UnitTestResult executionId="dd9b2f14-f73d-42da-b142-b55ae06c329f" testId="aab26939-6c58-dafe-eca6-6d66c1372e38" testName="FileContentRenamer.Tests.Services.DateExtractorTests.ExtractDateFromContent_WithVariousSpanishDates_ShouldReturnCorrectDates(content: &quot;15 de junio de 2025&quot;, expected: &quot;2025-06-15&quot;)" computerName="MacBook-Pro" duration="00:00:00.0000047" startTime="2025-08-11T23:52:26.6617700-03:00" endTime="2025-08-11T23:52:26.6618010-03:00" testType="13cdc9d9-ddb5-4fa4-a97d-d965ccfc6d4b" outcome="Passed" testListId="8c84fa94-04c1-424b-9868-57a2d4851a1d" relativeResultsDirectory="dd9b2f14-f73d-42da-b142-b55ae06c329f" />
    <UnitTestResult executionId="710314a3-3db7-4fb4-83b0-8c6785dc975a" testId="52b61247-c43f-6660-c9e8-5fe03f0a7cdc" testName="FileContentRenamer.Tests.Services.FileServiceTests.ProcessFilesAsync_WithException_ShouldContinueProcessing" computerName="MacBook-Pro" duration="00:00:00.0071262" startTime="2025-08-11T23:52:27.3431230-03:00" endTime="2025-08-11T23:52:27.3681910-03:00" testType="13cdc9d9-ddb5-4fa4-a97d-d965ccfc6d4b" outcome="Passed" testListId="8c84fa94-04c1-424b-9868-57a2d4851a1d" relativeResultsDirectory="710314a3-3db7-4fb4-83b0-8c6785dc975a" />
    <UnitTestResult executionId="adabdd28-94ff-4f3b-acc2-4bc50879418e" testId="adbc4c98-f343-f49a-8ae7-4608303b47de" testName="FileContentRenamer.Tests.Services.DateExtractorEnhancedTests.ExtractDateFromContent_WithContextualDateFormats_ShouldExtractFirstValidDate(content: &quot;Service date: January 15, 2023&quot;)" computerName="MacBook-Pro" duration="00:00:00.0008687" startTime="2025-08-11T23:52:27.3449450-03:00" endTime="2025-08-11T23:52:27.3449830-03:00" testType="13cdc9d9-ddb5-4fa4-a97d-d965ccfc6d4b" outcome="Failed" testListId="8c84fa94-04c1-424b-9868-57a2d4851a1d" relativeResultsDirectory="adabdd28-94ff-4f3b-acc2-4bc50879418e">
      <Output>
        <ErrorInfo>
          <Message>Expected result to be "2023-01-15" with a length of 10, but "" has a length of 0, differs near "" (index 0).</Message>
          <StackTrace>   at FluentAssertions.Execution.XUnit2TestFramework.Throw(String message)
   at FluentAssertions.Execution.TestFrameworkProvider.Throw(String message)
   at FluentAssertions.Execution.DefaultAssertionStrategy.HandleFailure(String message)
   at FluentAssertions.Execution.AssertionScope.FailWith(Func`1 failReasonFunc)
   at FluentAssertions.Execution.AssertionScope.FailWith(Func`1 failReasonFunc)
   at FluentAssertions.Primitives.StringEqualityValidator.ValidateAgainstLengthDifferences()
   at FluentAssertions.Primitives.StringValidator.Validate()
   at FluentAssertions.Primitives.StringAssertions`1.Be(String expected, String because, Object[] becauseArgs)
   at FileContentRenamer.Tests.Services.DateExtractorEnhancedTests.ExtractDateFromContent_WithContextualDateFormats_ShouldExtractFirstValidDate(String content) in /Users/santibraida/Workspace/comprobantes/FileContentRenamer.Tests/Services/DateExtractorEnhancedTests.cs:line 100
   at InvokeStub_DateExtractorEnhancedTests.ExtractDateFromContent_WithContextualDateFormats_ShouldExtractFirstValidDate(Object, Span`1)
   at System.Reflection.MethodBaseInvoker.InvokeWithOneArg(Object obj, BindingFlags invokeAttr, Binder binder, Object[] parameters, CultureInfo culture)</StackTrace>
        </ErrorInfo>
      </Output>
    </UnitTestResult>
    <UnitTestResult executionId="bde5ab99-8f17-4845-9f75-f9df50c9ea9c" testId="003f2eb1-16a9-1fca-9f6b-de2c702ff29c" testName="FileContentRenamer.Tests.Services.FilenameGeneratorTests.CleanupFileName_WithVariousInputs_ShouldReturnCleanedName(input: &quot;___&quot;, expected: &quot;cleaned_file&quot;)" computerName="MacBook-Pro" duration="00:00:00.0018318" startTime="2025-08-11T23:52:26.8717980-03:00" endTime="2025-08-11T23:52:26.8742580-03:00" testType="13cdc9d9-ddb5-4fa4-a97d-d965ccfc6d4b" outcome="Passed" testListId="8c84fa94-04c1-424b-9868-57a2d4851a1d" relativeResultsDirectory="bde5ab99-8f17-4845-9f75-f9df50c9ea9c" />
    <UnitTestResult executionId="50005a3f-39bf-4945-a6c5-a64b8e36511c" testId="2ff40e02-cd90-e19e-c947-03dc2242a050" testName="FileContentRenamer.Tests.Models.NamingRulesTests.GenerateFilename_WithDateOverrideAndMinimalContent_ShouldUseDateOverride" computerName="MacBook-Pro" duration="00:00:00.0001608" startTime="2025-08-11T23:52:27.1850170-03:00" endTime="2025-08-11T23:52:27.1853440-03:00" testType="13cdc9d9-ddb5-4fa4-a97d-d965ccfc6d4b" outcome="Passed" testListId="8c84fa94-04c1-424b-9868-57a2d4851a1d" relativeResultsDirectory="50005a3f-39bf-4945-a6c5-a64b8e36511c" />
    <UnitTestResult executionId="ef67b3d1-6afd-4c71-b4b2-000b7f651259" testId="c016667a-0b42-4c7c-6e4b-7d5caa7f57c0" testName="FileContentRenamer.Tests.Services.DateExtractorEnhancedTests.ExtractDateFromContent_WithDueDateFormats_ShouldExtractCorrectDate(content: &quot;vencimiento 28/02/2023&quot;, expected: &quot;2023-02-28&quot;)" computerName="MacBook-Pro" duration="00:00:00.0000321" startTime="2025-08-11T23:52:27.1862150-03:00" endTime="2025-08-11T23:52:27.1862390-03:00" testType="13cdc9d9-ddb5-4fa4-a97d-d965ccfc6d4b" outcome="Passed" testListId="8c84fa94-04c1-424b-9868-57a2d4851a1d" relativeResultsDirectory="ef67b3d1-6afd-4c71-b4b2-000b7f651259" />
    <UnitTestResult executionId="12eae854-ad18-481d-bd25-4d963b1b86e2" testId="0879aeff-9eea-f072-4fd3-f308a5ff4abd" testName="FileContentRenamer.Tests.Services.ImageProcessorTests.CanProcess_WithImageExtensions_ShouldReturnTrue(extension: &quot;.jpg&quot;)" computerName="MacBook-Pro" duration="00:00:00.0479498" startTime="2025-08-11T23:52:27.4912730-03:00" endTime="2025-08-11T23:52:27.4913140-03:00" testType="13cdc9d9-ddb5-4fa4-a97d-d965ccfc6d4b" outcome="Passed" testListId="8c84fa94-04c1-424b-9868-57a2d4851a1d" relativeResultsDirectory="12eae854-ad18-481d-bd25-4d963b1b86e2" />
    <UnitTestResult executionId="86a84d64-de86-4bed-89ec-ba6db742d5dd" testId="6c106499-e2c3-a0a7-eafe-eacf56794202" testName="FileContentRenamer.Tests.Services.DirectoryOrganizerTests.GetMonthName_WithInvalidMonth_ShouldReturnUnknown(monthNumber: 13)" computerName="MacBook-Pro" duration="00:00:00.0000992" startTime="2025-08-11T23:52:26.8061850-03:00" endTime="2025-08-11T23:52:26.8062330-03:00" testType="13cdc9d9-ddb5-4fa4-a97d-d965ccfc6d4b" outcome="Passed" testListId="8c84fa94-04c1-424b-9868-57a2d4851a1d" relativeResultsDirectory="86a84d64-de86-4bed-89ec-ba6db742d5dd" />
    <UnitTestResult executionId="4a4adc1d-f438-4b3a-8b5b-134af2efb6fa" testId="4e59c08a-24aa-a191-ba17-e795fcc7e3cc" testName="FileContentRenamer.Tests.Services.DateExtractorEnhancedTests.ExtractDateFromContent_WithEnglishMonthNames_ShouldExtractCorrectDate(content: &quot;November 08, 2024&quot;, expected: &quot;2024-11-08&quot;)" computerName="MacBook-Pro" duration="00:00:00.0024809" startTime="2025-08-11T23:52:27.1865170-03:00" endTime="2025-08-11T23:52:27.2579350-03:00" testType="13cdc9d9-ddb5-4fa4-a97d-d965ccfc6d4b" outcome="Failed" testListId="8c84fa94-04c1-424b-9868-57a2d4851a1d" relativeResultsDirectory="4a4adc1d-f438-4b3a-8b5b-134af2efb6fa">
      <Output>
        <ErrorInfo>
          <Message>Expected result to be "2024-11-08" with a length of 10, but "" has a length of 0, differs near "" (index 0).</Message>
          <StackTrace>   at FluentAssertions.Execution.XUnit2TestFramework.Throw(String message)
   at FluentAssertions.Execution.TestFrameworkProvider.Throw(String message)
   at FluentAssertions.Execution.DefaultAssertionStrategy.HandleFailure(String message)
   at FluentAssertions.Execution.AssertionScope.FailWith(Func`1 failReasonFunc)
   at FluentAssertions.Execution.AssertionScope.FailWith(Func`1 failReasonFunc)
   at FluentAssertions.Primitives.StringEqualityValidator.ValidateAgainstLengthDifferences()
   at FluentAssertions.Primitives.StringValidator.Validate()
   at FluentAssertions.Primitives.StringAssertions`1.Be(String expected, String because, Object[] becauseArgs)
   at FileContentRenamer.Tests.Services.DateExtractorEnhancedTests.ExtractDateFromContent_WithEnglishMonthNames_ShouldExtractCorrectDate(String content, String expected) in /Users/santibraida/Workspace/comprobantes/FileContentRenamer.Tests/Services/DateExtractorEnhancedTests.cs:line 85
   at System.RuntimeMethodHandle.InvokeMethod(Object target, Void** arguments, Signature sig, Boolean isConstructor)
   at System.Reflection.MethodBaseInvoker.InvokeDirectByRefWithFewArgs(Object obj, Span`1 copyOfArgs, BindingFlags invokeAttr)</StackTrace>
        </ErrorInfo>
      </Output>
    </UnitTestResult>
    <UnitTestResult executionId="94976729-1530-4263-a835-476feda44b41" testId="6d87e1fd-55be-eef4-fa85-511734dc705c" testName="FileContentRenamer.Tests.Services.PdfProcessorTests.CanProcess_WithPdfExtensionVariations_ShouldReturnTrue(filename: &quot;document.pdf&quot;)" computerName="MacBook-Pro" duration="00:00:00.0005273" startTime="2025-08-11T23:52:27.2375910-03:00" endTime="2025-08-11T23:52:27.2576360-03:00" testType="13cdc9d9-ddb5-4fa4-a97d-d965ccfc6d4b" outcome="Passed" testListId="8c84fa94-04c1-424b-9868-57a2d4851a1d" relativeResultsDirectory="94976729-1530-4263-a835-476feda44b41" />
    <UnitTestResult executionId="832819e6-7c91-48a9-b08e-cf7e26a20340" testId="5d659f4c-0006-5095-6e01-261fba69eeb2" testName="FileContentRenamer.Tests.Services.FileValidatorTests.ShouldProcessFile_WithInvalidExtensions_ShouldReturnFalse(extension: &quot;.xlsx&quot;)" computerName="MacBook-Pro" duration="00:00:00.0011942" startTime="2025-08-11T23:52:26.8359010-03:00" endTime="2025-08-11T23:52:26.8359630-03:00" testType="13cdc9d9-ddb5-4fa4-a97d-d965ccfc6d4b" outcome="Passed" testListId="8c84fa94-04c1-424b-9868-57a2d4851a1d" relativeResultsDirectory="832819e6-7c91-48a9-b08e-cf7e26a20340" />
    <UnitTestResult executionId="179dbf1a-d0bb-457d-84f7-7c95c3891d92" testId="9f3779e0-204e-fe43-610e-1a907c82fa52" testName="FileContentRenamer.Tests.Services.FilenameGeneratorTests.IsAlreadyNamedFilename_WithCorrectFormat_ShouldReturnTrue" computerName="MacBook-Pro" duration="00:00:00.0185008" startTime="2025-08-11T23:52:27.0643260-03:00" endTime="2025-08-11T23:52:27.1804770-03:00" testType="13cdc9d9-ddb5-4fa4-a97d-d965ccfc6d4b" outcome="Passed" testListId="8c84fa94-04c1-424b-9868-57a2d4851a1d" relativeResultsDirectory="179dbf1a-d0bb-457d-84f7-7c95c3891d92" />
    <UnitTestResult executionId="6f6227fb-dbdb-4841-80f1-ce6e6fe3d2c4" testId="237c8a8a-8a7f-5e52-4c92-218965c8bbd4" testName="FileContentRenamer.Tests.Services.DateExtractorAdditionalTests.ExtractDateFromContent_WithEmptyOrInvalidContent_ShouldReturnEmpty(content: &quot;123456789&quot;)" computerName="MacBook-Pro" duration="00:00:00.0001870" startTime="2025-08-11T23:52:27.2375720-03:00" endTime="2025-08-11T23:52:27.2376290-03:00" testType="13cdc9d9-ddb5-4fa4-a97d-d965ccfc6d4b" outcome="Passed" testListId="8c84fa94-04c1-424b-9868-57a2d4851a1d" relativeResultsDirectory="6f6227fb-dbdb-4841-80f1-ce6e6fe3d2c4" />
    <UnitTestResult executionId="e3da144a-32d3-4e1d-b119-5b53efb65eb1" testId="a5fc9049-7530-8237-b0a1-1fd3ff1d35e6" testName="FileContentRenamer.Tests.Services.DateExtractorEnhancedTests.ExtractDateFromContent_WithContextualDateFormats_ShouldExtractFirstValidDate(content: &quot;En 15-01-2023 se realizó el pago&quot;)" computerName="MacBook-Pro" duration="00:00:00.0000691" startTime="2025-08-11T23:52:27.3440630-03:00" endTime="2025-08-11T23:52:27.3440940-03:00" testType="13cdc9d9-ddb5-4fa4-a97d-d965ccfc6d4b" outcome="Passed" testListId="8c84fa94-04c1-424b-9868-57a2d4851a1d" relativeResultsDirectory="e3da144a-32d3-4e1d-b119-5b53efb65eb1" />
    <UnitTestResult executionId="a02bf053-ee0b-4fda-ae49-3498c81560d8" testId="fc55b88c-0e11-339e-c0c5-0965a8b3253e" testName="FileContentRenamer.Tests.Services.DateExtractorEnhancedTests.ExtractDateFromContent_WithEnglishMonthNames_ShouldExtractCorrectDate(content: &quot;September 18, 2024&quot;, expected: &quot;2024-09-18&quot;)" computerName="MacBook-Pro" duration="00:00:00.0003991" startTime="2025-08-11T23:52:27.2921910-03:00" endTime="2025-08-11T23:52:27.2925700-03:00" testType="13cdc9d9-ddb5-4fa4-a97d-d965ccfc6d4b" outcome="Failed" testListId="8c84fa94-04c1-424b-9868-57a2d4851a1d" relativeResultsDirectory="a02bf053-ee0b-4fda-ae49-3498c81560d8">
      <Output>
        <ErrorInfo>
          <Message>Expected result to be "2024-09-18" with a length of 10, but "" has a length of 0, differs near "" (index 0).</Message>
          <StackTrace>   at FluentAssertions.Execution.XUnit2TestFramework.Throw(String message)
   at FluentAssertions.Execution.TestFrameworkProvider.Throw(String message)
   at FluentAssertions.Execution.DefaultAssertionStrategy.HandleFailure(String message)
   at FluentAssertions.Execution.AssertionScope.FailWith(Func`1 failReasonFunc)
   at FluentAssertions.Execution.AssertionScope.FailWith(Func`1 failReasonFunc)
   at FluentAssertions.Primitives.StringEqualityValidator.ValidateAgainstLengthDifferences()
   at FluentAssertions.Primitives.StringValidator.Validate()
   at FluentAssertions.Primitives.StringAssertions`1.Be(String expected, String because, Object[] becauseArgs)
   at FileContentRenamer.Tests.Services.DateExtractorEnhancedTests.ExtractDateFromContent_WithEnglishMonthNames_ShouldExtractCorrectDate(String content, String expected) in /Users/santibraida/Workspace/comprobantes/FileContentRenamer.Tests/Services/DateExtractorEnhancedTests.cs:line 85
   at InvokeStub_DateExtractorEnhancedTests.ExtractDateFromContent_WithEnglishMonthNames_ShouldExtractCorrectDate(Object, Span`1)
   at System.Reflection.MethodBaseInvoker.InvokeWithFewArgs(Object obj, BindingFlags invokeAttr, Binder binder, Object[] parameters, CultureInfo culture)</StackTrace>
        </ErrorInfo>
      </Output>
    </UnitTestResult>
    <UnitTestResult executionId="12733f1f-0598-4707-bd3a-17387f0c799e" testId="b3f5716b-ac2d-a73d-5199-29412e45cde1" testName="FileContentRenamer.Tests.Services.FilenameGeneratorTests.CleanupFileName_WithVariousInputs_ShouldReturnCleanedName(input: &quot;&quot;, expected: &quot;unknown_file&quot;)" computerName="MacBook-Pro" duration="00:00:00.0000085" startTime="2025-08-11T23:52:26.9022720-03:00" endTime="2025-08-11T23:52:26.9022970-03:00" testType="13cdc9d9-ddb5-4fa4-a97d-d965ccfc6d4b" outcome="Passed" testListId="8c84fa94-04c1-424b-9868-57a2d4851a1d" relativeResultsDirectory="12733f1f-0598-4707-bd3a-17387f0c799e" />
    <UnitTestResult executionId="d437ff5c-99f4-4df3-b3b5-9257bfb634af" testId="62f5d1dd-bd59-22f3-6b49-8433f76fa54e" testName="FileContentRenamer.Tests.Services.DateExtractorTests.ExtractDateFromFilename_WithVariousValidFormats_ShouldReturnCorrectDates(filename: &quot;invoice_2025-06-15_bank&quot;, expected: &quot;2025-06-15&quot;)" computerName="MacBook-Pro" duration="00:00:00.0001875" startTime="2025-08-11T23:52:26.6571520-03:00" endTime="2025-08-11T23:52:26.6571780-03:00" testType="13cdc9d9-ddb5-4fa4-a97d-d965ccfc6d4b" outcome="Passed" testListId="8c84fa94-04c1-424b-9868-57a2d4851a1d" relativeResultsDirectory="d437ff5c-99f4-4df3-b3b5-9257bfb634af" />
    <UnitTestResult executionId="5d1b180b-2fd3-49d5-8276-2225a526c0d2" testId="7239fabf-9116-6496-c436-583670722822" testName="FileContentRenamer.Tests.Services.DateExtractorEnhancedTests.ExtractDateFromContent_WithSpanishMonthNames_ShouldExtractCorrectDate(content: &quot;25 de julio de 2024&quot;, expected: &quot;2024-07-25&quot;)" computerName="MacBook-Pro" duration="00:00:00.0000041" startTime="2025-08-11T23:52:27.1794310-03:00" endTime="2025-08-11T23:52:27.1794640-03:00" testType="13cdc9d9-ddb5-4fa4-a97d-d965ccfc6d4b" outcome="Passed" testListId="8c84fa94-04c1-424b-9868-57a2d4851a1d" relativeResultsDirectory="5d1b180b-2fd3-49d5-8276-2225a526c0d2" />
    <UnitTestResult executionId="d8c51c5d-98f4-4664-9568-302d0e2998a2" testId="9ceef6d7-c6e7-377c-fe84-df2fd32fca20" testName="FileContentRenamer.Tests.Services.FileValidatorTests.ShouldProcessFile_WithEmptyPath_ShouldReturnFalse" computerName="MacBook-Pro" duration="00:00:00.0001979" startTime="2025-08-11T23:52:26.9077450-03:00" endTime="2025-08-11T23:52:26.9078240-03:00" testType="13cdc9d9-ddb5-4fa4-a97d-d965ccfc6d4b" outcome="Passed" testListId="8c84fa94-04c1-424b-9868-57a2d4851a1d" relativeResultsDirectory="d8c51c5d-98f4-4664-9568-302d0e2998a2" />
    <UnitTestResult executionId="a3de0e4c-86d2-4296-b484-e7d6fbc6a981" testId="18d4c37f-1583-f497-ec0c-ad5f807ccb48" testName="FileContentRenamer.Tests.Services.DateExtractorTests.ExtractDateFromContent_WithVariousDueDateFormats_ShouldReturnCorrectDates(content: &quot;vencimiento 01/01/2025&quot;, expected: &quot;2025-01-01&quot;)" computerName="MacBook-Pro" duration="00:00:00.0004316" startTime="2025-08-11T23:52:26.5183920-03:00" endTime="2025-08-11T23:52:26.5184480-03:00" testType="13cdc9d9-ddb5-4fa4-a97d-d965ccfc6d4b" outcome="Passed" testListId="8c84fa94-04c1-424b-9868-57a2d4851a1d" relativeResultsDirectory="a3de0e4c-86d2-4296-b484-e7d6fbc6a981" />
    <UnitTestResult executionId="0b8fc46a-5b5f-4323-933f-499c09ec8367" testId="2fcf9509-91d2-8211-d6e4-a72c7870e72f" testName="FileContentRenamer.Tests.Services.ImageProcessorTests.CanProcess_WithImageExtensionsDifferentCasing_ShouldReturnTrue(extension: &quot;.JPEG&quot;)" computerName="MacBook-Pro" duration="00:00:00.0278464" startTime="2025-08-11T23:52:27.7609050-03:00" endTime="2025-08-11T23:52:27.7705360-03:00" testType="13cdc9d9-ddb5-4fa4-a97d-d965ccfc6d4b" outcome="Passed" testListId="8c84fa94-04c1-424b-9868-57a2d4851a1d" relativeResultsDirectory="0b8fc46a-5b5f-4323-933f-499c09ec8367" />
    <UnitTestResult executionId="151cc6e9-6ff7-4684-9b87-99d919026fd4" testId="2044c162-1147-8fb8-adb8-ab6044bfdf21" testName="FileContentRenamer.Tests.Models.NamingRulesTests.FindMatchingRule_WithMatchingRule_ShouldReturnRule" computerName="MacBook-Pro" duration="00:00:00.0004140" startTime="2025-08-11T23:52:27.0590070-03:00" endTime="2025-08-11T23:52:27.0602610-03:00" testType="13cdc9d9-ddb5-4fa4-a97d-d965ccfc6d4b" outcome="Passed" testListId="8c84fa94-04c1-424b-9868-57a2d4851a1d" relativeResultsDirectory="151cc6e9-6ff7-4684-9b87-99d919026fd4" />
    <UnitTestResult executionId="241e51ab-91d3-4a05-891b-41b6b2e0d889" testId="02dcd1d3-0988-28d1-20dc-c85edfbd2722" testName="FileContentRenamer.Tests.Services.DirectoryOrganizerAdditionalTests.OrganizeFileIntoDirectoryStructure_WithAllMonths_ShouldCreateCorrectStructure(dateStr: &quot;2023-09-12&quot;, expectedMonth: &quot;09_septiembre&quot;)" computerName="MacBook-Pro" duration="00:00:00.0014198" startTime="2025-08-11T23:52:26.8057620-03:00" endTime="2025-08-11T23:52:26.8074930-03:00" testType="13cdc9d9-ddb5-4fa4-a97d-d965ccfc6d4b" outcome="Passed" testListId="8c84fa94-04c1-424b-9868-57a2d4851a1d" relativeResultsDirectory="241e51ab-91d3-4a05-891b-41b6b2e0d889" />
    <UnitTestResult executionId="da86172b-8303-4703-ad80-435f96737739" testId="4bf9f205-774f-fb42-8d24-b7d8013c94d1" testName="FileContentRenamer.Tests.Services.FileServiceTests.ProcessFilesAsync_WithNoProcessorAvailable_ShouldSkipFile" computerName="MacBook-Pro" duration="00:00:00.0125930" startTime="2025-08-11T23:52:26.9825750-03:00" endTime="2025-08-11T23:52:27.1837100-03:00" testType="13cdc9d9-ddb5-4fa4-a97d-d965ccfc6d4b" outcome="Passed" testListId="8c84fa94-04c1-424b-9868-57a2d4851a1d" relativeResultsDirectory="da86172b-8303-4703-ad80-435f96737739" />
    <UnitTestResult executionId="7a818046-37c8-4ced-bee5-4f65474963b2" testId="ddd37070-3a26-e09f-cfe8-adfb9adc29e7" testName="FileContentRenamer.Tests.Configuration.ServiceConfigurationTests.ConfigureServices_WithValidConfig_ShouldRegisterSingletonAppConfig" computerName="MacBook-Pro" duration="00:00:00.0033824" startTime="2025-08-11T23:52:26.8030770-03:00" endTime="2025-08-11T23:52:26.8078220-03:00" testType="13cdc9d9-ddb5-4fa4-a97d-d965ccfc6d4b" outcome="Passed" testListId="8c84fa94-04c1-424b-9868-57a2d4851a1d" relativeResultsDirectory="7a818046-37c8-4ced-bee5-4f65474963b2" />
    <UnitTestResult executionId="1dc84303-ac9f-4252-83c4-7bc61939b6b5" testId="5c3e394b-5635-340f-a8f3-3c152e9b2b47" testName="FileContentRenamer.Tests.Services.ImageProcessorTests.ExtractContentAsync_WithMissingTesseractDataPath_ShouldReturnEmpty" computerName="MacBook-Pro" duration="00:00:00.1544520" startTime="2025-08-11T23:52:26.4838460-03:00" endTime="2025-08-11T23:52:26.8148750-03:00" testType="13cdc9d9-ddb5-4fa4-a97d-d965ccfc6d4b" outcome="Passed" testListId="8c84fa94-04c1-424b-9868-57a2d4851a1d" relativeResultsDirectory="1dc84303-ac9f-4252-83c4-7bc61939b6b5" />
    <UnitTestResult executionId="ea5bb49e-e10a-4a48-84c4-a95860bbc885" testId="d138724c-8941-27f5-b1cb-688759806790" testName="FileContentRenamer.Tests.Services.PdfProcessorTests.ExtractContentAsync_WithDirectoryPath_ShouldReturnEmpty" computerName="MacBook-Pro" duration="00:00:00.0039902" startTime="2025-08-11T23:52:26.9795780-03:00" endTime="2025-08-11T23:52:26.9799470-03:00" testType="13cdc9d9-ddb5-4fa4-a97d-d965ccfc6d4b" outcome="Passed" testListId="8c84fa94-04c1-424b-9868-57a2d4851a1d" relativeResultsDirectory="ea5bb49e-e10a-4a48-84c4-a95860bbc885" />
    <UnitTestResult executionId="eedc3f51-16f1-4a80-b5be-8122f4ecad77" testId="70962b03-3000-68e4-fd2c-d9ce13588e5d" testName="FileContentRenamer.Tests.Services.TextProcessorTests.CanProcess_WithTxtExtensionDifferentCasing_ShouldReturnTrue(filename: &quot;test.tXt&quot;)" computerName="MacBook-Pro" duration="00:00:00.0297332" startTime="2025-08-11T23:52:26.8419400-03:00" endTime="2025-08-11T23:52:26.8419800-03:00" testType="13cdc9d9-ddb5-4fa4-a97d-d965ccfc6d4b" outcome="Passed" testListId="8c84fa94-04c1-424b-9868-57a2d4851a1d" relativeResultsDirectory="eedc3f51-16f1-4a80-b5be-8122f4ecad77" />
    <UnitTestResult executionId="02f12f0a-c348-4d97-82d3-597432a5b289" testId="d2b73dd7-fca3-9997-7025-63c5332128cb" testName="FileContentRenamer.Tests.Services.ImageProcessorTests.Constructor_WithExistingTessdataPath_ShouldLogInformation" computerName="MacBook-Pro" duration="00:00:00.0521562" startTime="2025-08-11T23:52:28.7742000-03:00" endTime="2025-08-11T23:52:28.8083020-03:00" testType="13cdc9d9-ddb5-4fa4-a97d-d965ccfc6d4b" outcome="Passed" testListId="8c84fa94-04c1-424b-9868-57a2d4851a1d" relativeResultsDirectory="02f12f0a-c348-4d97-82d3-597432a5b289" />
    <UnitTestResult executionId="4452fdcc-43fa-4d4e-9e78-87ba7c638331" testId="cb98919d-41c2-f114-3856-49dce9ef8634" testName="FileContentRenamer.Tests.Services.ImageProcessorTests.ExtractContentAsync_WithInvalidImageFile_ShouldReturnEmptyString" computerName="MacBook-Pro" duration="00:00:00.0822271" startTime="2025-08-11T23:52:28.3441140-03:00" endTime="2025-08-11T23:52:28.4086030-03:00" testType="13cdc9d9-ddb5-4fa4-a97d-d965ccfc6d4b" outcome="Passed" testListId="8c84fa94-04c1-424b-9868-57a2d4851a1d" relativeResultsDirectory="4452fdcc-43fa-4d4e-9e78-87ba7c638331" />
    <UnitTestResult executionId="e015f83b-380f-4c38-9f42-57b659263fc4" testId="aea73909-810e-a77c-1399-2312d2e31955" testName="FileContentRenamer.Tests.Services.DateExtractorEnhancedTests.ExtractDateFromContent_WithMultipleDates_ShouldReturnFirstValidDate(content: &quot;Dates: 15 de enero de 2023 y 20 de febrero de 2023&quot;, expected: &quot;2023-01-15&quot;)" computerName="MacBook-Pro" duration="00:00:00.0000791" startTime="2025-08-11T23:52:26.9761900-03:00" endTime="2025-08-11T23:52:26.9762330-03:00" testType="13cdc9d9-ddb5-4fa4-a97d-d965ccfc6d4b" outcome="Passed" testListId="8c84fa94-04c1-424b-9868-57a2d4851a1d" relativeResultsDirectory="e015f83b-380f-4c38-9f42-57b659263fc4" />
    <UnitTestResult executionId="e20e8150-75f5-4b15-9892-8dfa1a1d5da6" testId="aa059b58-e437-d4dc-f90b-dbf0a0f3cc66" testName="FileContentRenamer.Tests.Services.DateExtractorAdditionalTests.ExtractDateFromContent_WithVariousFormats_ShouldReturnCorrectDate(content: &quot;El total es $1000.00 el 15/12/2023&quot;, expected: &quot;2023-12-15&quot;)" computerName="MacBook-Pro" duration="00:00:00.0001315" startTime="2025-08-11T23:52:27.2614030-03:00" endTime="2025-08-11T23:52:27.2614430-03:00" testType="13cdc9d9-ddb5-4fa4-a97d-d965ccfc6d4b" outcome="Passed" testListId="8c84fa94-04c1-424b-9868-57a2d4851a1d" relativeResultsDirectory="e20e8150-75f5-4b15-9892-8dfa1a1d5da6" />
    <UnitTestResult executionId="882c1ea3-b286-46ed-ac99-c1c72f26f96f" testId="48a6510a-dc10-0cb2-8d7a-5592bba8bb0e" testName="FileContentRenamer.Tests.Services.DateExtractorEnhancedTests.ExtractDateFromContent_WithEnglishMonthNames_ShouldExtractCorrectDate(content: &quot;April 20, 2024&quot;, expected: &quot;2024-04-20&quot;)" computerName="MacBook-Pro" duration="00:00:00.0002482" startTime="2025-08-11T23:52:27.2935230-03:00" endTime="2025-08-11T23:52:27.2935540-03:00" testType="13cdc9d9-ddb5-4fa4-a97d-d965ccfc6d4b" outcome="Failed" testListId="8c84fa94-04c1-424b-9868-57a2d4851a1d" relativeResultsDirectory="882c1ea3-b286-46ed-ac99-c1c72f26f96f">
      <Output>
        <ErrorInfo>
          <Message>Expected result to be "2024-04-20" with a length of 10, but "" has a length of 0, differs near "" (index 0).</Message>
          <StackTrace>   at FluentAssertions.Execution.XUnit2TestFramework.Throw(String message)
   at FluentAssertions.Execution.TestFrameworkProvider.Throw(String message)
   at FluentAssertions.Execution.DefaultAssertionStrategy.HandleFailure(String message)
   at FluentAssertions.Execution.AssertionScope.FailWith(Func`1 failReasonFunc)
   at FluentAssertions.Execution.AssertionScope.FailWith(Func`1 failReasonFunc)
   at FluentAssertions.Primitives.StringEqualityValidator.ValidateAgainstLengthDifferences()
   at FluentAssertions.Primitives.StringValidator.Validate()
   at FluentAssertions.Primitives.StringAssertions`1.Be(String expected, String because, Object[] becauseArgs)
   at FileContentRenamer.Tests.Services.DateExtractorEnhancedTests.ExtractDateFromContent_WithEnglishMonthNames_ShouldExtractCorrectDate(String content, String expected) in /Users/santibraida/Workspace/comprobantes/FileContentRenamer.Tests/Services/DateExtractorEnhancedTests.cs:line 85
   at InvokeStub_DateExtractorEnhancedTests.ExtractDateFromContent_WithEnglishMonthNames_ShouldExtractCorrectDate(Object, Span`1)
   at System.Reflection.MethodBaseInvoker.InvokeWithFewArgs(Object obj, BindingFlags invokeAttr, Binder binder, Object[] parameters, CultureInfo culture)</StackTrace>
        </ErrorInfo>
      </Output>
    </UnitTestResult>
    <UnitTestResult executionId="8fdd3a68-58ff-4cd6-9563-d7961e7b0a70" testId="4cd48cba-1ee4-9efa-c790-541706c3159b" testName="FileContentRenamer.Tests.Services.FileValidatorTests.ValidateFileSize_WithLargeFile_ShouldLogWarning" computerName="MacBook-Pro" duration="00:00:00.2112931" startTime="2025-08-11T23:52:26.8379300-03:00" endTime="2025-08-11T23:52:26.8432410-03:00" testType="13cdc9d9-ddb5-4fa4-a97d-d965ccfc6d4b" outcome="Passed" testListId="8c84fa94-04c1-424b-9868-57a2d4851a1d" relativeResultsDirectory="8fdd3a68-58ff-4cd6-9563-d7961e7b0a70" />
    <UnitTestResult executionId="cac4ad8c-fa8e-41cb-b61e-d70cdb53d745" testId="5f70f144-9947-887e-d6e7-1aeb2f4f79bb" testName="FileContentRenamer.Tests.Services.ImageProcessorTests.CanProcess_WithNonImageExtension_ShouldReturnFalse(extension: &quot;.txt&quot;)" computerName="MacBook-Pro" duration="00:00:00.0758573" startTime="2025-08-11T23:52:27.0634790-03:00" endTime="2025-08-11T23:52:27.3348780-03:00" testType="13cdc9d9-ddb5-4fa4-a97d-d965ccfc6d4b" outcome="Passed" testListId="8c84fa94-04c1-424b-9868-57a2d4851a1d" relativeResultsDirectory="cac4ad8c-fa8e-41cb-b61e-d70cdb53d745" />
    <UnitTestResult executionId="44de9f33-ef2a-4c6c-8540-1b45a5ce2b84" testId="158c2a50-1855-1bd6-645a-0d06c43ddd5a" testName="FileContentRenamer.Tests.Services.DateExtractorEnhancedTests.ExtractDateFromContent_WithNullInput_ShouldReturnEmptyString" computerName="MacBook-Pro" duration="00:00:00.0002354" startTime="2025-08-11T23:52:27.3675660-03:00" endTime="2025-08-11T23:52:27.3675970-03:00" testType="13cdc9d9-ddb5-4fa4-a97d-d965ccfc6d4b" outcome="Passed" testListId="8c84fa94-04c1-424b-9868-57a2d4851a1d" relativeResultsDirectory="44de9f33-ef2a-4c6c-8540-1b45a5ce2b84" />
    <UnitTestResult executionId="43c97092-94ac-4757-be76-5b6f0f882a09" testId="b3c39b3e-760b-5274-9a96-a8ea10710638" testName="FileContentRenamer.Tests.Services.DirectoryOrganizerTests.GetMonthName_WithValidMonth_ShouldReturnSpanishName(monthNumber: 11, expected: &quot;noviembre&quot;)" computerName="MacBook-Pro" duration="00:00:00.0002341" startTime="2025-08-11T23:52:26.6686220-03:00" endTime="2025-08-11T23:52:26.6686710-03:00" testType="13cdc9d9-ddb5-4fa4-a97d-d965ccfc6d4b" outcome="Passed" testListId="8c84fa94-04c1-424b-9868-57a2d4851a1d" relativeResultsDirectory="43c97092-94ac-4757-be76-5b6f0f882a09" />
    <UnitTestResult executionId="db71c689-a7a5-4408-a099-9ec8cf9bcea7" testId="f8b329c4-164a-78d1-46cd-26aea567ce35" testName="FileContentRenamer.Tests.Services.ImageProcessorTests.CanProcess_WithNonImageExtension_ShouldReturnFalse(extension: &quot;.pdf&quot;)" computerName="MacBook-Pro" duration="00:00:00.0324968" startTime="2025-08-11T23:52:26.9809190-03:00" endTime="2025-08-11T23:52:27.0631800-03:00" testType="13cdc9d9-ddb5-4fa4-a97d-d965ccfc6d4b" outcome="Passed" testListId="8c84fa94-04c1-424b-9868-57a2d4851a1d" relativeResultsDirectory="db71c689-a7a5-4408-a099-9ec8cf9bcea7" />
    <UnitTestResult executionId="1a4fe156-04c0-44dc-93c5-cdca1b376157" testId="6c872214-13da-be98-a0a3-0db5c2d92720" testName="FileContentRenamer.Tests.Services.ImageProcessorTests.ExtractContentAsync_WithMissingTessdataPath_ShouldReturnEmpty" computerName="MacBook-Pro" duration="00:00:00.0520850" startTime="2025-08-11T23:52:28.7217300-03:00" endTime="2025-08-11T23:52:28.7560080-03:00" testType="13cdc9d9-ddb5-4fa4-a97d-d965ccfc6d4b" outcome="Passed" testListId="8c84fa94-04c1-424b-9868-57a2d4851a1d" relativeResultsDirectory="1a4fe156-04c0-44dc-93c5-cdca1b376157" />
    <UnitTestResult executionId="06db11d6-ffca-4598-8926-8d1d8140ee8c" testId="0316afba-cad9-583a-5a60-4cda40610283" testName="FileContentRenamer.Tests.Services.DateExtractorTests.ExtractDateFromFilename_WithVariousValidFormats_ShouldReturnCorrectDates(filename: &quot;service_2024-01-01_payment&quot;, expected: &quot;2024-01-01&quot;)" computerName="MacBook-Pro" duration="00:00:00.0002423" startTime="2025-08-11T23:52:26.6574420-03:00" endTime="2025-08-11T23:52:26.6574690-03:00" testType="13cdc9d9-ddb5-4fa4-a97d-d965ccfc6d4b" outcome="Passed" testListId="8c84fa94-04c1-424b-9868-57a2d4851a1d" relativeResultsDirectory="06db11d6-ffca-4598-8926-8d1d8140ee8c" />
    <UnitTestResult executionId="43b6aad3-ac92-4d72-aabb-408a9883111d" testId="7f685fe8-e8c1-84de-476c-7b3537eb652d" testName="FileContentRenamer.Tests.Services.DateExtractorTests.ExtractDateFromFilename_WithNullFilename_ShouldThrowArgumentNullException" computerName="MacBook-Pro" duration="00:00:00.0253550" startTime="2025-08-11T23:52:26.6624340-03:00" endTime="2025-08-11T23:52:26.6632350-03:00" testType="13cdc9d9-ddb5-4fa4-a97d-d965ccfc6d4b" outcome="Passed" testListId="8c84fa94-04c1-424b-9868-57a2d4851a1d" relativeResultsDirectory="43b6aad3-ac92-4d72-aabb-408a9883111d" />
    <UnitTestResult executionId="547e0656-a4ee-4a27-93aa-190fdbf78535" testId="2c7c7876-b123-f6b1-1eae-db6f6476f552" testName="FileContentRenamer.Tests.Services.PdfProcessorTests.ExtractContentAsync_WithNonExistentPdfFile_ShouldReturnEmptyString" computerName="MacBook-Pro" duration="00:00:00.1777198" startTime="2025-08-11T23:52:26.4838610-03:00" endTime="2025-08-11T23:52:26.8383900-03:00" testType="13cdc9d9-ddb5-4fa4-a97d-d965ccfc6d4b" outcome="Passed" testListId="8c84fa94-04c1-424b-9868-57a2d4851a1d" relativeResultsDirectory="547e0656-a4ee-4a27-93aa-190fdbf78535" />
    <UnitTestResult executionId="c37eea84-f6ae-490c-8df2-06e4df3cd8da" testId="e47068f5-ce83-2091-31a6-2a3fb625188b" testName="FileContentRenamer.Tests.Services.DirectoryOrganizerTests.IsInYearMonthStructure_WithNonExistentPath_ShouldReturnFalse" computerName="MacBook-Pro" duration="00:00:00.0002012" startTime="2025-08-11T23:52:26.8108400-03:00" endTime="2025-08-11T23:52:26.8108820-03:00" testType="13cdc9d9-ddb5-4fa4-a97d-d965ccfc6d4b" outcome="Passed" testListId="8c84fa94-04c1-424b-9868-57a2d4851a1d" relativeResultsDirectory="c37eea84-f6ae-490c-8df2-06e4df3cd8da" />
    <UnitTestResult executionId="7e3cab3d-d46a-408f-b9bf-d63d0d63e347" testId="51c5dd4c-3587-911b-8de8-02b3003da056" testName="FileContentRenamer.Tests.Services.FileValidatorTests.ValidateConfiguration_WithEmptyFileExtensions_ShouldReturnFalse" computerName="MacBook-Pro" duration="00:00:00.0004279" startTime="2025-08-11T23:52:26.8465420-03:00" endTime="2025-08-11T23:52:26.8466090-03:00" testType="13cdc9d9-ddb5-4fa4-a97d-d965ccfc6d4b" outcome="Passed" testListId="8c84fa94-04c1-424b-9868-57a2d4851a1d" relativeResultsDirectory="7e3cab3d-d46a-408f-b9bf-d63d0d63e347" />
    <UnitTestResult executionId="0fedbf74-ed37-457c-ac45-c5c658c8be44" testId="9bae256a-0c87-b6af-b540-e203a8f6e7f7" testName="FileContentRenamer.Tests.Services.DateExtractorAdditionalTests.ExtractDateFromContent_WithVariousFormats_ShouldReturnCorrectDate(content: &quot;2023/01/01 - Inicio del año&quot;, expected: &quot;2023-01-01&quot;)" computerName="MacBook-Pro" duration="00:00:00.0006678" startTime="2025-08-11T23:52:27.2575990-03:00" endTime="2025-08-11T23:52:27.2593750-03:00" testType="13cdc9d9-ddb5-4fa4-a97d-d965ccfc6d4b" outcome="Failed" testListId="8c84fa94-04c1-424b-9868-57a2d4851a1d" relativeResultsDirectory="0fedbf74-ed37-457c-ac45-c5c658c8be44">
      <Output>
        <ErrorInfo>
          <Message>Expected result to be "2023-01-01" with a length of 10, but "" has a length of 0, differs near "" (index 0).</Message>
          <StackTrace>   at FluentAssertions.Execution.XUnit2TestFramework.Throw(String message)
   at FluentAssertions.Execution.TestFrameworkProvider.Throw(String message)
   at FluentAssertions.Execution.DefaultAssertionStrategy.HandleFailure(String message)
   at FluentAssertions.Execution.AssertionScope.FailWith(Func`1 failReasonFunc)
   at FluentAssertions.Execution.AssertionScope.FailWith(Func`1 failReasonFunc)
   at FluentAssertions.Primitives.StringEqualityValidator.ValidateAgainstLengthDifferences()
   at FluentAssertions.Primitives.StringValidator.Validate()
   at FluentAssertions.Primitives.StringAssertions`1.Be(String expected, String because, Object[] becauseArgs)
   at FileContentRenamer.Tests.Services.DateExtractorAdditionalTests.ExtractDateFromContent_WithVariousFormats_ShouldReturnCorrectDate(String content, String expected) in /Users/santibraida/Workspace/comprobantes/FileContentRenamer.Tests/Services/DateExtractorAdditionalTests.cs:line 33
   at System.RuntimeMethodHandle.InvokeMethod(Object target, Void** arguments, Signature sig, Boolean isConstructor)
   at System.Reflection.MethodBaseInvoker.InvokeDirectByRefWithFewArgs(Object obj, Span`1 copyOfArgs, BindingFlags invokeAttr)</StackTrace>
        </ErrorInfo>
      </Output>
    </UnitTestResult>
    <UnitTestResult executionId="5d69b5e2-4f36-4a10-a08c-af21027a0e89" testId="e491c95e-ca9e-b2c6-5321-07aa05ad42a9" testName="FileContentRenamer.Tests.Services.DateExtractorEnhancedTests.ExtractDateFromContent_WithEnglishMonthNames_ShouldExtractCorrectDate(content: &quot;January 15, 2023&quot;, expected: &quot;2023-01-15&quot;)" computerName="MacBook-Pro" duration="00:00:00.0476904" startTime="2025-08-11T23:52:27.3132210-03:00" endTime="2025-08-11T23:52:27.3134850-03:00" testType="13cdc9d9-ddb5-4fa4-a97d-d965ccfc6d4b" outcome="Failed" testListId="8c84fa94-04c1-424b-9868-57a2d4851a1d" relativeResultsDirectory="5d69b5e2-4f36-4a10-a08c-af21027a0e89">
      <Output>
        <ErrorInfo>
          <Message>Expected result to be "2023-01-15" with a length of 10, but "" has a length of 0, differs near "" (index 0).</Message>
          <StackTrace>   at FluentAssertions.Execution.XUnit2TestFramework.Throw(String message)
   at FluentAssertions.Execution.TestFrameworkProvider.Throw(String message)
   at FluentAssertions.Execution.DefaultAssertionStrategy.HandleFailure(String message)
   at FluentAssertions.Execution.AssertionScope.FailWith(Func`1 failReasonFunc)
   at FluentAssertions.Execution.AssertionScope.FailWith(Func`1 failReasonFunc)
   at FluentAssertions.Primitives.StringEqualityValidator.ValidateAgainstLengthDifferences()
   at FluentAssertions.Primitives.StringValidator.Validate()
   at FluentAssertions.Primitives.StringAssertions`1.Be(String expected, String because, Object[] becauseArgs)
   at FileContentRenamer.Tests.Services.DateExtractorEnhancedTests.ExtractDateFromContent_WithEnglishMonthNames_ShouldExtractCorrectDate(String content, String expected) in /Users/santibraida/Workspace/comprobantes/FileContentRenamer.Tests/Services/DateExtractorEnhancedTests.cs:line 85
   at InvokeStub_DateExtractorEnhancedTests.ExtractDateFromContent_WithEnglishMonthNames_ShouldExtractCorrectDate(Object, Span`1)
   at System.Reflection.MethodBaseInvoker.InvokeWithFewArgs(Object obj, BindingFlags invokeAttr, Binder binder, Object[] parameters, CultureInfo culture)</StackTrace>
        </ErrorInfo>
      </Output>
    </UnitTestResult>
    <UnitTestResult executionId="4530b286-7198-47b4-88ea-e61082831326" testId="af647e92-1ce2-064d-3a84-3476cb46d127" testName="FileContentRenamer.Tests.Services.TextProcessorTests.CanProcess_WithNonTxtExtension_ShouldReturnFalse(filename: &quot;test.pdf&quot;)" computerName="MacBook-Pro" duration="00:00:00.0003927" startTime="2025-08-11T23:52:26.8400050-03:00" endTime="2025-08-11T23:52:26.8400480-03:00" testType="13cdc9d9-ddb5-4fa4-a97d-d965ccfc6d4b" outcome="Passed" testListId="8c84fa94-04c1-424b-9868-57a2d4851a1d" relativeResultsDirectory="4530b286-7198-47b4-88ea-e61082831326" />
    <UnitTestResult executionId="c6615497-e2f5-4aae-b656-ad7f601a596c" testId="7511a43c-a4b1-13d6-6238-776526db53ad" testName="FileContentRenamer.Tests.Services.ImageProcessorTests.Constructor_WithNonExistentTesseractDataPath_ShouldCreateDirectory" computerName="MacBook-Pro" duration="00:00:00.4957766" startTime="2025-08-11T23:52:27.8479710-03:00" endTime="2025-08-11T23:52:28.3260970-03:00" testType="13cdc9d9-ddb5-4fa4-a97d-d965ccfc6d4b" outcome="Passed" testListId="8c84fa94-04c1-424b-9868-57a2d4851a1d" relativeResultsDirectory="c6615497-e2f5-4aae-b656-ad7f601a596c" />
    <UnitTestResult executionId="4313c3fb-ef26-412c-9538-d71a268c3c5f" testId="66363822-7849-72a3-af25-779ac72e5857" testName="FileContentRenamer.Tests.Services.TextProcessorTests.CanProcess_WithTxtExtensionDifferentCasing_ShouldReturnTrue(filename: &quot;test.TXT&quot;)" computerName="MacBook-Pro" duration="00:00:00.0002544" startTime="2025-08-11T23:52:26.8422490-03:00" endTime="2025-08-11T23:52:26.8422870-03:00" testType="13cdc9d9-ddb5-4fa4-a97d-d965ccfc6d4b" outcome="Passed" testListId="8c84fa94-04c1-424b-9868-57a2d4851a1d" relativeResultsDirectory="4313c3fb-ef26-412c-9538-d71a268c3c5f" />
    <UnitTestResult executionId="80fcb569-2013-4441-af9c-428b547978bf" testId="1e4b94ef-680e-df94-5aac-c6b1601c849a" testName="FileContentRenamer.Tests.Services.DateExtractorEnhancedTests.ExtractDateFromContent_WithEnglishMonthNames_ShouldExtractCorrectDate(content: &quot;May 10, 2024&quot;, expected: &quot;2024-05-10&quot;)" computerName="MacBook-Pro" duration="00:00:00.0002286" startTime="2025-08-11T23:52:27.2940500-03:00" endTime="2025-08-11T23:52:27.2940870-03:00" testType="13cdc9d9-ddb5-4fa4-a97d-d965ccfc6d4b" outcome="Failed" testListId="8c84fa94-04c1-424b-9868-57a2d4851a1d" relativeResultsDirectory="80fcb569-2013-4441-af9c-428b547978bf">
      <Output>
        <ErrorInfo>
          <Message>Expected result to be "2024-05-10" with a length of 10, but "" has a length of 0, differs near "" (index 0).</Message>
          <StackTrace>   at FluentAssertions.Execution.XUnit2TestFramework.Throw(String message)
   at FluentAssertions.Execution.TestFrameworkProvider.Throw(String message)
   at FluentAssertions.Execution.DefaultAssertionStrategy.HandleFailure(String message)
   at FluentAssertions.Execution.AssertionScope.FailWith(Func`1 failReasonFunc)
   at FluentAssertions.Execution.AssertionScope.FailWith(Func`1 failReasonFunc)
   at FluentAssertions.Primitives.StringEqualityValidator.ValidateAgainstLengthDifferences()
   at FluentAssertions.Primitives.StringValidator.Validate()
   at FluentAssertions.Primitives.StringAssertions`1.Be(String expected, String because, Object[] becauseArgs)
   at FileContentRenamer.Tests.Services.DateExtractorEnhancedTests.ExtractDateFromContent_WithEnglishMonthNames_ShouldExtractCorrectDate(String content, String expected) in /Users/santibraida/Workspace/comprobantes/FileContentRenamer.Tests/Services/DateExtractorEnhancedTests.cs:line 85
   at InvokeStub_DateExtractorEnhancedTests.ExtractDateFromContent_WithEnglishMonthNames_ShouldExtractCorrectDate(Object, Span`1)
   at System.Reflection.MethodBaseInvoker.InvokeWithFewArgs(Object obj, BindingFlags invokeAttr, Binder binder, Object[] parameters, CultureInfo culture)</StackTrace>
        </ErrorInfo>
      </Output>
    </UnitTestResult>
    <UnitTestResult executionId="5e0900e9-e597-40a6-868a-33771f83e032" testId="9729a039-440f-b038-cbbc-13699377547c" testName="FileContentRenamer.Tests.Services.PdfProcessorTests.CanProcess_WithPdfExtension_ShouldReturnTrue" computerName="MacBook-Pro" duration="00:00:00.0002318" startTime="2025-08-11T23:52:27.2922060-03:00" endTime="2025-08-11T23:52:27.2922640-03:00" testType="13cdc9d9-ddb5-4fa4-a97d-d965ccfc6d4b" outcome="Passed" testListId="8c84fa94-04c1-424b-9868-57a2d4851a1d" relativeResultsDirectory="5e0900e9-e597-40a6-868a-33771f83e032" />
    <UnitTestResult executionId="94a8e38f-5681-421e-bd6f-d7e6fd5cd7e8" testId="a973dd7a-7c46-af87-44cd-7bf4a36abf9b" testName="FileContentRenamer.Tests.Services.DateExtractorTests.ExtractDateFromFilename_WithVariousValidFormats_ShouldReturnCorrectDates(filename: &quot;test_2023-12-31_method&quot;, expected: &quot;2023-12-31&quot;)" computerName="MacBook-Pro" duration="00:00:00.0000215" startTime="2025-08-11T23:52:26.6577340-03:00" endTime="2025-08-11T23:52:26.6577610-03:00" testType="13cdc9d9-ddb5-4fa4-a97d-d965ccfc6d4b" outcome="Passed" testListId="8c84fa94-04c1-424b-9868-57a2d4851a1d" relativeResultsDirectory="94a8e38f-5681-421e-bd6f-d7e6fd5cd7e8" />
    <UnitTestResult executionId="bd2131aa-7718-42be-91dd-8806ebc54246" testId="0cac9266-bc9a-fb15-02dc-2163a8966c6d" testName="FileContentRenamer.Tests.Services.DateExtractorEnhancedTests.ExtractDateFromContent_WithSpanishMonthNames_ShouldExtractCorrectDate(content: &quot;05 de junio de 2024&quot;, expected: &quot;2024-06-05&quot;)" computerName="MacBook-Pro" duration="00:00:00.0000035" startTime="2025-08-11T23:52:27.1818080-03:00" endTime="2025-08-11T23:52:27.1818350-03:00" testType="13cdc9d9-ddb5-4fa4-a97d-d965ccfc6d4b" outcome="Passed" testListId="8c84fa94-04c1-424b-9868-57a2d4851a1d" relativeResultsDirectory="bd2131aa-7718-42be-91dd-8806ebc54246" />
    <UnitTestResult executionId="1611f965-1c7a-4dda-9edf-8e780b4d7187" testId="7135bf06-d0f7-d1fd-424d-aa321ae4fc62" testName="FileContentRenamer.Tests.Services.DateExtractorTests.ExtractDateFromContent_WithDueDateFormat_ShouldReturnCorrectDate" computerName="MacBook-Pro" duration="00:00:00.0001755" startTime="2025-08-11T23:52:26.6561730-03:00" endTime="2025-08-11T23:52:26.6562070-03:00" testType="13cdc9d9-ddb5-4fa4-a97d-d965ccfc6d4b" outcome="Passed" testListId="8c84fa94-04c1-424b-9868-57a2d4851a1d" relativeResultsDirectory="1611f965-1c7a-4dda-9edf-8e780b4d7187" />
    <UnitTestResult executionId="d8b26f61-a7eb-406a-b56e-1f73db40e161" testId="a78a0985-6ddf-5e1e-7544-6efb88194c31" testName="FileContentRenamer.Tests.Services.FilenameGeneratorTests.GenerateFilename_WithValidContentAndDate_ShouldReturnCorrectFilename" computerName="MacBook-Pro" duration="00:00:00.0030655" startTime="2025-08-11T23:52:26.9792610-03:00" endTime="2025-08-11T23:52:26.9796070-03:00" testType="13cdc9d9-ddb5-4fa4-a97d-d965ccfc6d4b" outcome="Passed" testListId="8c84fa94-04c1-424b-9868-57a2d4851a1d" relativeResultsDirectory="d8b26f61-a7eb-406a-b56e-1f73db40e161" />
    <UnitTestResult executionId="9042fb95-d8e6-47d8-85c7-7a549075a13f" testId="fb01cc7e-d5fa-72c9-434f-db0e51b7acf2" testName="FileContentRenamer.Tests.Services.ImageProcessorTests.CanProcess_WithVariousCases_ShouldReturnCorrectResult(extension: &quot;.JPEG&quot;)" computerName="MacBook-Pro" duration="00:00:00.0261792" startTime="2025-08-11T23:52:28.4538260-03:00" endTime="2025-08-11T23:52:28.4621430-03:00" testType="13cdc9d9-ddb5-4fa4-a97d-d965ccfc6d4b" outcome="Passed" testListId="8c84fa94-04c1-424b-9868-57a2d4851a1d" relativeResultsDirectory="9042fb95-d8e6-47d8-85c7-7a549075a13f" />
    <UnitTestResult executionId="59d29fea-969a-494e-941f-4a132eddbc27" testId="d80fb2bc-32fc-9393-ce7a-20d5e1e20b2a" testName="FileContentRenamer.Tests.Services.DateExtractorAdditionalTests.ExtractDateFromContent_WithEmptyOrInvalidContent_ShouldReturnEmpty(content: &quot;Just some text without dates&quot;)" computerName="MacBook-Pro" duration="00:00:00.0004092" startTime="2025-08-11T23:52:27.2364600-03:00" endTime="2025-08-11T23:52:27.2371840-03:00" testType="13cdc9d9-ddb5-4fa4-a97d-d965ccfc6d4b" outcome="Passed" testListId="8c84fa94-04c1-424b-9868-57a2d4851a1d" relativeResultsDirectory="59d29fea-969a-494e-941f-4a132eddbc27" />
    <UnitTestResult executionId="48b2efb9-6704-4432-a12e-69fbf007a1af" testId="c781d212-7be9-917b-2eb4-49e5e562dd6d" testName="FileContentRenamer.Tests.Models.AppConfigTests.LoadFromConfiguration_WithNoBasePath_ShouldUseCurrentDirectory" computerName="MacBook-Pro" duration="00:00:00.0752660" startTime="2025-08-11T23:52:27.2602330-03:00" endTime="2025-08-11T23:52:27.3419960-03:00" testType="13cdc9d9-ddb5-4fa4-a97d-d965ccfc6d4b" outcome="Passed" testListId="8c84fa94-04c1-424b-9868-57a2d4851a1d" relativeResultsDirectory="48b2efb9-6704-4432-a12e-69fbf007a1af" />
  </Results>
  <TestDefinitions>
    <UnitTest name="FileContentRenamer.Tests.Services.ImageProcessorTests.CanProcess_WithNonImageExtension_ShouldReturnFalse(extension: &quot;.mp4&quot;)" storage="/users/santibraida/workspace/comprobantes/filecontentrenamer.tests/bin/debug/net9.0/filecontentrenamer.tests.dll" id="8c36f3a4-ca31-a9e9-241d-dbc70385ef49">
      <Execution id="5a1dcd9b-8b0d-4ffe-887e-06a83e27790e" />
      <TestMethod codeBase="/Users/santibraida/Workspace/comprobantes/FileContentRenamer.Tests/bin/Debug/net9.0/FileContentRenamer.Tests.dll" adapterTypeName="executor://xunit/VsTestRunner3/netcore/" className="FileContentRenamer.Tests.Services.ImageProcessorTests" name="CanProcess_WithNonImageExtension_ShouldReturnFalse" />
    </UnitTest>
    <UnitTest name="FileContentRenamer.Tests.Services.TextProcessorTests.CanProcess_WithNonTxtExtension_ShouldReturnFalse(filename: &quot;test&quot;)" storage="/users/santibraida/workspace/comprobantes/filecontentrenamer.tests/bin/debug/net9.0/filecontentrenamer.tests.dll" id="ee802fc6-9af0-1284-c4b7-a8377911ec00">
      <Execution id="48b211c1-6cc6-40ee-86fe-81a0e2e793be" />
      <TestMethod codeBase="/Users/santibraida/Workspace/comprobantes/FileContentRenamer.Tests/bin/Debug/net9.0/FileContentRenamer.Tests.dll" adapterTypeName="executor://xunit/VsTestRunner3/netcore/" className="FileContentRenamer.Tests.Services.TextProcessorTests" name="CanProcess_WithNonTxtExtension_ShouldReturnFalse" />
    </UnitTest>
    <UnitTest name="FileContentRenamer.Tests.Models.AppConfigTests.SaveLastUsedPath_WithValidPath_ShouldUpdateProperty" storage="/users/santibraida/workspace/comprobantes/filecontentrenamer.tests/bin/debug/net9.0/filecontentrenamer.tests.dll" id="26bd4e72-4ac6-a5cc-eeb0-2da92faec007">
      <Execution id="57cbba78-4136-4362-bba5-caf0a2e7fcee" />
      <TestMethod codeBase="/Users/santibraida/Workspace/comprobantes/FileContentRenamer.Tests/bin/Debug/net9.0/FileContentRenamer.Tests.dll" adapterTypeName="executor://xunit/VsTestRunner3/netcore/" className="FileContentRenamer.Tests.Models.AppConfigTests" name="SaveLastUsedPath_WithValidPath_ShouldUpdateProperty" />
    </UnitTest>
    <UnitTest name="FileContentRenamer.Tests.Services.DateExtractorEnhancedTests.ExtractDateFromContent_WithSpanishMonthNames_ShouldExtractCorrectDate(content: &quot;31 de diciembre de 2023&quot;, expected: &quot;2023-12-31&quot;)" storage="/users/santibraida/workspace/comprobantes/filecontentrenamer.tests/bin/debug/net9.0/filecontentrenamer.tests.dll" id="58c30dcc-7833-3fbd-e3d5-bc0da1ab4b4e">
      <Execution id="a257c215-b60c-4fc8-b2d4-c741dab47c67" />
      <TestMethod codeBase="/Users/santibraida/Workspace/comprobantes/FileContentRenamer.Tests/bin/Debug/net9.0/FileContentRenamer.Tests.dll" adapterTypeName="executor://xunit/VsTestRunner3/netcore/" className="FileContentRenamer.Tests.Services.DateExtractorEnhancedTests" name="ExtractDateFromContent_WithSpanishMonthNames_ShouldExtractCorrectDate" />
    </UnitTest>
    <UnitTest name="FileContentRenamer.Tests.Services.DirectoryOrganizerTests.OrganizeFileIntoDirectoryStructure_WithMultipleDuplicates_ShouldCreateUniqueFilename" storage="/users/santibraida/workspace/comprobantes/filecontentrenamer.tests/bin/debug/net9.0/filecontentrenamer.tests.dll" id="f567e5a6-a665-67c2-8449-b66348dc3570">
      <Execution id="c17fdf12-4417-4515-b737-6c1032dfeb72" />
      <TestMethod codeBase="/Users/santibraida/Workspace/comprobantes/FileContentRenamer.Tests/bin/Debug/net9.0/FileContentRenamer.Tests.dll" adapterTypeName="executor://xunit/VsTestRunner3/netcore/" className="FileContentRenamer.Tests.Services.DirectoryOrganizerTests" name="OrganizeFileIntoDirectoryStructure_WithMultipleDuplicates_ShouldCreateUniqueFilename" />
    </UnitTest>
    <UnitTest name="FileContentRenamer.Tests.Services.FileValidatorTests.ShouldSkipAlreadyNamedFile_WithForceReprocessEnabled_ShouldReturnFalse" storage="/users/santibraida/workspace/comprobantes/filecontentrenamer.tests/bin/debug/net9.0/filecontentrenamer.tests.dll" id="0d10a7ac-0e5b-dd5d-82c4-53603840d067">
      <Execution id="1a14dc81-7e56-4d72-8770-d0a1a18c3352" />
      <TestMethod codeBase="/Users/santibraida/Workspace/comprobantes/FileContentRenamer.Tests/bin/Debug/net9.0/FileContentRenamer.Tests.dll" adapterTypeName="executor://xunit/VsTestRunner3/netcore/" className="FileContentRenamer.Tests.Services.FileValidatorTests" name="ShouldSkipAlreadyNamedFile_WithForceReprocessEnabled_ShouldReturnFalse" />
    </UnitTest>
    <UnitTest name="FileContentRenamer.Tests.Services.DateExtractorTests.ExtractDateFromFilename_WithNullFilename_ShouldThrowArgumentNullException" storage="/users/santibraida/workspace/comprobantes/filecontentrenamer.tests/bin/debug/net9.0/filecontentrenamer.tests.dll" id="7f685fe8-e8c1-84de-476c-7b3537eb652d">
      <Execution id="43b6aad3-ac92-4d72-aabb-408a9883111d" />
      <TestMethod codeBase="/Users/santibraida/Workspace/comprobantes/FileContentRenamer.Tests/bin/Debug/net9.0/FileContentRenamer.Tests.dll" adapterTypeName="executor://xunit/VsTestRunner3/netcore/" className="FileContentRenamer.Tests.Services.DateExtractorTests" name="ExtractDateFromFilename_WithNullFilename_ShouldThrowArgumentNullException" />
    </UnitTest>
    <UnitTest name="FileContentRenamer.Tests.Services.ImageProcessorTests.CanProcess_WithNonImageExtension_ShouldReturnFalse(extension: &quot;.txt&quot;)" storage="/users/santibraida/workspace/comprobantes/filecontentrenamer.tests/bin/debug/net9.0/filecontentrenamer.tests.dll" id="5f70f144-9947-887e-d6e7-1aeb2f4f79bb">
      <Execution id="cac4ad8c-fa8e-41cb-b61e-d70cdb53d745" />
      <TestMethod codeBase="/Users/santibraida/Workspace/comprobantes/FileContentRenamer.Tests/bin/Debug/net9.0/FileContentRenamer.Tests.dll" adapterTypeName="executor://xunit/VsTestRunner3/netcore/" className="FileContentRenamer.Tests.Services.ImageProcessorTests" name="CanProcess_WithNonImageExtension_ShouldReturnFalse" />
    </UnitTest>
    <UnitTest name="FileContentRenamer.Tests.Services.FilenameGeneratorTests.GenerateUniqueFilename_WithNonExistingFile_ShouldReturnOriginalPath" storage="/users/santibraida/workspace/comprobantes/filecontentrenamer.tests/bin/debug/net9.0/filecontentrenamer.tests.dll" id="730c03ae-3d59-370f-6166-c801ea6b544e">
      <Execution id="6c4e90f6-3078-4fe5-a44c-607d45e6a8f8" />
      <TestMethod codeBase="/Users/santibraida/Workspace/comprobantes/FileContentRenamer.Tests/bin/Debug/net9.0/FileContentRenamer.Tests.dll" adapterTypeName="executor://xunit/VsTestRunner3/netcore/" className="FileContentRenamer.Tests.Services.FilenameGeneratorTests" name="GenerateUniqueFilename_WithNonExistingFile_ShouldReturnOriginalPath" />
    </UnitTest>
    <UnitTest name="FileContentRenamer.Tests.Services.DateExtractorTests.ExtractDateFromContent_WithVariousSpanishDates_ShouldReturnCorrectDates(content: &quot;1 de enero de 2024&quot;, expected: &quot;2024-01-01&quot;)" storage="/users/santibraida/workspace/comprobantes/filecontentrenamer.tests/bin/debug/net9.0/filecontentrenamer.tests.dll" id="8f9706bb-c4e8-83d9-78e0-248eda84983c">
      <Execution id="163b7b18-9ac1-432a-9172-65d9607f7d67" />
      <TestMethod codeBase="/Users/santibraida/Workspace/comprobantes/FileContentRenamer.Tests/bin/Debug/net9.0/FileContentRenamer.Tests.dll" adapterTypeName="executor://xunit/VsTestRunner3/netcore/" className="FileContentRenamer.Tests.Services.DateExtractorTests" name="ExtractDateFromContent_WithVariousSpanishDates_ShouldReturnCorrectDates" />
    </UnitTest>
    <UnitTest name="FileContentRenamer.Tests.Services.DirectoryOrganizerTests.IsInYearMonthStructure_WithNonExistentPath_ShouldReturnFalse" storage="/users/santibraida/workspace/comprobantes/filecontentrenamer.tests/bin/debug/net9.0/filecontentrenamer.tests.dll" id="e47068f5-ce83-2091-31a6-2a3fb625188b">
      <Execution id="c37eea84-f6ae-490c-8df2-06e4df3cd8da" />
      <TestMethod codeBase="/Users/santibraida/Workspace/comprobantes/FileContentRenamer.Tests/bin/Debug/net9.0/FileContentRenamer.Tests.dll" adapterTypeName="executor://xunit/VsTestRunner3/netcore/" className="FileContentRenamer.Tests.Services.DirectoryOrganizerTests" name="IsInYearMonthStructure_WithNonExistentPath_ShouldReturnFalse" />
    </UnitTest>
    <UnitTest name="FileContentRenamer.Tests.Services.DirectoryOrganizerTests.OrganizeFileIntoDirectoryStructure_WithEmptyDate_ShouldReturnOriginalPath" storage="/users/santibraida/workspace/comprobantes/filecontentrenamer.tests/bin/debug/net9.0/filecontentrenamer.tests.dll" id="6f2af002-27a0-bce9-8dd8-c05215b58bbb">
      <Execution id="9224c448-8967-4b28-b145-3b676471f70a" />
      <TestMethod codeBase="/Users/santibraida/Workspace/comprobantes/FileContentRenamer.Tests/bin/Debug/net9.0/FileContentRenamer.Tests.dll" adapterTypeName="executor://xunit/VsTestRunner3/netcore/" className="FileContentRenamer.Tests.Services.DirectoryOrganizerTests" name="OrganizeFileIntoDirectoryStructure_WithEmptyDate_ShouldReturnOriginalPath" />
    </UnitTest>
    <UnitTest name="FileContentRenamer.Tests.Services.DirectoryOrganizerTests.GetMonthName_WithInvalidMonth_ShouldReturnUnknown(monthNumber: 0)" storage="/users/santibraida/workspace/comprobantes/filecontentrenamer.tests/bin/debug/net9.0/filecontentrenamer.tests.dll" id="032ef3ac-363e-da8d-efab-865406d6fd71">
      <Execution id="6c2d416a-8c93-4cf9-adf5-9d9edf9c122b" />
      <TestMethod codeBase="/Users/santibraida/Workspace/comprobantes/FileContentRenamer.Tests/bin/Debug/net9.0/FileContentRenamer.Tests.dll" adapterTypeName="executor://xunit/VsTestRunner3/netcore/" className="FileContentRenamer.Tests.Services.DirectoryOrganizerTests" name="GetMonthName_WithInvalidMonth_ShouldReturnUnknown" />
    </UnitTest>
    <UnitTest name="FileContentRenamer.Tests.Services.DateExtractorTests.ExtractDateFromFilename_WithVariousValidFormats_ShouldReturnCorrectDates(filename: &quot;service_2024-01-01_payment&quot;, expected: &quot;2024-01-01&quot;)" storage="/users/santibraida/workspace/comprobantes/filecontentrenamer.tests/bin/debug/net9.0/filecontentrenamer.tests.dll" id="0316afba-cad9-583a-5a60-4cda40610283">
      <Execution id="06db11d6-ffca-4598-8926-8d1d8140ee8c" />
      <TestMethod codeBase="/Users/santibraida/Workspace/comprobantes/FileContentRenamer.Tests/bin/Debug/net9.0/FileContentRenamer.Tests.dll" adapterTypeName="executor://xunit/VsTestRunner3/netcore/" className="FileContentRenamer.Tests.Services.DateExtractorTests" name="ExtractDateFromFilename_WithVariousValidFormats_ShouldReturnCorrectDates" />
    </UnitTest>
    <UnitTest name="FileContentRenamer.Tests.Services.DirectoryOrganizerTests.GetMonthName_WithValidMonth_ShouldReturnSpanishName(monthNumber: 1, expected: &quot;enero&quot;)" storage="/users/santibraida/workspace/comprobantes/filecontentrenamer.tests/bin/debug/net9.0/filecontentrenamer.tests.dll" id="ef0ba115-bb03-098e-48b3-8914fb59fb7f">
      <Execution id="a7cdd61d-3d04-4670-b350-1f54de6d1abf" />
      <TestMethod codeBase="/Users/santibraida/Workspace/comprobantes/FileContentRenamer.Tests/bin/Debug/net9.0/FileContentRenamer.Tests.dll" adapterTypeName="executor://xunit/VsTestRunner3/netcore/" className="FileContentRenamer.Tests.Services.DirectoryOrganizerTests" name="GetMonthName_WithValidMonth_ShouldReturnSpanishName" />
    </UnitTest>
    <UnitTest name="FileContentRenamer.Tests.Services.DateExtractorEnhancedTests.ExtractDateFromContent_WithSpanishMonthNames_ShouldExtractCorrectDate(content: &quot;20 de abril de 2024&quot;, expected: &quot;2024-04-20&quot;)" storage="/users/santibraida/workspace/comprobantes/filecontentrenamer.tests/bin/debug/net9.0/filecontentrenamer.tests.dll" id="b109a3c4-e4b5-a6e0-4aff-8366737070e4">
      <Execution id="9ba81d23-7f2d-4247-b85b-6174301c6903" />
      <TestMethod codeBase="/Users/santibraida/Workspace/comprobantes/FileContentRenamer.Tests/bin/Debug/net9.0/FileContentRenamer.Tests.dll" adapterTypeName="executor://xunit/VsTestRunner3/netcore/" className="FileContentRenamer.Tests.Services.DateExtractorEnhancedTests" name="ExtractDateFromContent_WithSpanishMonthNames_ShouldExtractCorrectDate" />
    </UnitTest>
    <UnitTest name="FileContentRenamer.Tests.Services.DirectoryOrganizerAdditionalTests.OrganizeFileIntoDirectoryStructure_WithAllMonths_ShouldCreateCorrectStructure(dateStr: &quot;2023-07-10&quot;, expectedMonth: &quot;07_julio&quot;)" storage="/users/santibraida/workspace/comprobantes/filecontentrenamer.tests/bin/debug/net9.0/filecontentrenamer.tests.dll" id="c32c2d70-ec54-f6cd-a455-74bb6359e097">
      <Execution id="aaf694f9-84b5-4c0c-b3a7-edeacce7d7d8" />
      <TestMethod codeBase="/Users/santibraida/Workspace/comprobantes/FileContentRenamer.Tests/bin/Debug/net9.0/FileContentRenamer.Tests.dll" adapterTypeName="executor://xunit/VsTestRunner3/netcore/" className="FileContentRenamer.Tests.Services.DirectoryOrganizerAdditionalTests" name="OrganizeFileIntoDirectoryStructure_WithAllMonths_ShouldCreateCorrectStructure" />
    </UnitTest>
    <UnitTest name="FileContentRenamer.Tests.Services.FilenameGeneratorTests.CleanupFileName_WithVariousInputs_ShouldReturnCleanedName(input: &quot;__file__name__&quot;, expected: &quot;file_name&quot;)" storage="/users/santibraida/workspace/comprobantes/filecontentrenamer.tests/bin/debug/net9.0/filecontentrenamer.tests.dll" id="99010084-55ec-2d67-80ac-70f30d045fef">
      <Execution id="4deba969-828c-4002-a089-03286b86210e" />
      <TestMethod codeBase="/Users/santibraida/Workspace/comprobantes/FileContentRenamer.Tests/bin/Debug/net9.0/FileContentRenamer.Tests.dll" adapterTypeName="executor://xunit/VsTestRunner3/netcore/" className="FileContentRenamer.Tests.Services.FilenameGeneratorTests" name="CleanupFileName_WithVariousInputs_ShouldReturnCleanedName" />
    </UnitTest>
    <UnitTest name="FileContentRenamer.Tests.Services.TextProcessorTests.ExtractContentAsync_WithOnlyWhitespace_ShouldReturnWhitespace" storage="/users/santibraida/workspace/comprobantes/filecontentrenamer.tests/bin/debug/net9.0/filecontentrenamer.tests.dll" id="33f7c76c-bb78-6b08-abcd-e808bcbcf4f9">
      <Execution id="229aa5c7-cb12-418f-a683-5a61945b850d" />
      <TestMethod codeBase="/Users/santibraida/Workspace/comprobantes/FileContentRenamer.Tests/bin/Debug/net9.0/FileContentRenamer.Tests.dll" adapterTypeName="executor://xunit/VsTestRunner3/netcore/" className="FileContentRenamer.Tests.Services.TextProcessorTests" name="ExtractContentAsync_WithOnlyWhitespace_ShouldReturnWhitespace" />
    </UnitTest>
    <UnitTest name="FileContentRenamer.Tests.Services.DirectoryOrganizerTests.GetMonthName_WithValidMonth_ShouldReturnSpanishName(monthNumber: 11, expected: &quot;noviembre&quot;)" storage="/users/santibraida/workspace/comprobantes/filecontentrenamer.tests/bin/debug/net9.0/filecontentrenamer.tests.dll" id="b3c39b3e-760b-5274-9a96-a8ea10710638">
      <Execution id="43c97092-94ac-4757-be76-5b6f0f882a09" />
      <TestMethod codeBase="/Users/santibraida/Workspace/comprobantes/FileContentRenamer.Tests/bin/Debug/net9.0/FileContentRenamer.Tests.dll" adapterTypeName="executor://xunit/VsTestRunner3/netcore/" className="FileContentRenamer.Tests.Services.DirectoryOrganizerTests" name="GetMonthName_WithValidMonth_ShouldReturnSpanishName" />
    </UnitTest>
    <UnitTest name="FileContentRenamer.Tests.Models.AppConfigTests.LoadFromConfiguration_WithInvalidJson_ShouldThrowException" storage="/users/santibraida/workspace/comprobantes/filecontentrenamer.tests/bin/debug/net9.0/filecontentrenamer.tests.dll" id="04613884-8eea-2162-7b68-af1197b3a19b">
      <Execution id="0dc20756-50a4-4555-9788-b1827dfb2fd1" />
      <TestMethod codeBase="/Users/santibraida/Workspace/comprobantes/FileContentRenamer.Tests/bin/Debug/net9.0/FileContentRenamer.Tests.dll" adapterTypeName="executor://xunit/VsTestRunner3/netcore/" className="FileContentRenamer.Tests.Models.AppConfigTests" name="LoadFromConfiguration_WithInvalidJson_ShouldThrowException" />
    </UnitTest>
    <UnitTest name="FileContentRenamer.Tests.Services.FileServiceTests.ProcessFilesAsync_WithSameFilename_ShouldOrganizeOnly" storage="/users/santibraida/workspace/comprobantes/filecontentrenamer.tests/bin/debug/net9.0/filecontentrenamer.tests.dll" id="0228ec1a-cf44-e616-5aa7-aefd86959073">
      <Execution id="d11d29e7-b983-4c2c-8772-42520ca6de4d" />
      <TestMethod codeBase="/Users/santibraida/Workspace/comprobantes/FileContentRenamer.Tests/bin/Debug/net9.0/FileContentRenamer.Tests.dll" adapterTypeName="executor://xunit/VsTestRunner3/netcore/" className="FileContentRenamer.Tests.Services.FileServiceTests" name="ProcessFilesAsync_WithSameFilename_ShouldOrganizeOnly" />
    </UnitTest>
    <UnitTest name="FileContentRenamer.Tests.Services.ImageProcessorTests.ExtractContentAsync_WithMissingTessdataPath_ShouldReturnEmpty" storage="/users/santibraida/workspace/comprobantes/filecontentrenamer.tests/bin/debug/net9.0/filecontentrenamer.tests.dll" id="6c872214-13da-be98-a0a3-0db5c2d92720">
      <Execution id="1a4fe156-04c0-44dc-93c5-cdca1b376157" />
      <TestMethod codeBase="/Users/santibraida/Workspace/comprobantes/FileContentRenamer.Tests/bin/Debug/net9.0/FileContentRenamer.Tests.dll" adapterTypeName="executor://xunit/VsTestRunner3/netcore/" className="FileContentRenamer.Tests.Services.ImageProcessorTests" name="ExtractContentAsync_WithMissingTessdataPath_ShouldReturnEmpty" />
    </UnitTest>
    <UnitTest name="FileContentRenamer.Tests.Services.DateExtractorEnhancedTests.ExtractDateFromContent_WithEnglishMonthNames_ShouldExtractCorrectDate(content: &quot;February 28, 2023&quot;, expected: &quot;2023-02-28&quot;)" storage="/users/santibraida/workspace/comprobantes/filecontentrenamer.tests/bin/debug/net9.0/filecontentrenamer.tests.dll" id="80f260d3-f8d3-2f17-2db2-0af0d7ae4da7">
      <Execution id="0b57be27-96ff-42a9-a341-8a7bb6e4e030" />
      <TestMethod codeBase="/Users/santibraida/Workspace/comprobantes/FileContentRenamer.Tests/bin/Debug/net9.0/FileContentRenamer.Tests.dll" adapterTypeName="executor://xunit/VsTestRunner3/netcore/" className="FileContentRenamer.Tests.Services.DateExtractorEnhancedTests" name="ExtractDateFromContent_WithEnglishMonthNames_ShouldExtractCorrectDate" />
    </UnitTest>
    <UnitTest name="FileContentRenamer.Tests.Services.DateExtractorEnhancedTests.ExtractDateFromContent_WithMultipleDates_ShouldReturnFirstValidDate(content: &quot;First: 15/01/2023, Second: 20/02/2023&quot;, expected: &quot;2023-01-15&quot;)" storage="/users/santibraida/workspace/comprobantes/filecontentrenamer.tests/bin/debug/net9.0/filecontentrenamer.tests.dll" id="50e8e422-9930-72d9-085d-8c9c9cebe859">
      <Execution id="bd608cfe-194f-4daf-b3c3-a406c1f7a8eb" />
      <TestMethod codeBase="/Users/santibraida/Workspace/comprobantes/FileContentRenamer.Tests/bin/Debug/net9.0/FileContentRenamer.Tests.dll" adapterTypeName="executor://xunit/VsTestRunner3/netcore/" className="FileContentRenamer.Tests.Services.DateExtractorEnhancedTests" name="ExtractDateFromContent_WithMultipleDates_ShouldReturnFirstValidDate" />
    </UnitTest>
    <UnitTest name="FileContentRenamer.Tests.Models.NamingRulesTests.FindMatchingRule_WithMatchingRule_ShouldReturnRule" storage="/users/santibraida/workspace/comprobantes/filecontentrenamer.tests/bin/debug/net9.0/filecontentrenamer.tests.dll" id="2044c162-1147-8fb8-adb8-ab6044bfdf21">
      <Execution id="151cc6e9-6ff7-4684-9b87-99d919026fd4" />
      <TestMethod codeBase="/Users/santibraida/Workspace/comprobantes/FileContentRenamer.Tests/bin/Debug/net9.0/FileContentRenamer.Tests.dll" adapterTypeName="executor://xunit/VsTestRunner3/netcore/" className="FileContentRenamer.Tests.Models.NamingRulesTests" name="FindMatchingRule_WithMatchingRule_ShouldReturnRule" />
    </UnitTest>
    <UnitTest name="FileContentRenamer.Tests.Services.ImageProcessorTests.CanProcess_WithImageExtensions_ShouldReturnTrue(extension: &quot;.jpeg&quot;)" storage="/users/santibraida/workspace/comprobantes/filecontentrenamer.tests/bin/debug/net9.0/filecontentrenamer.tests.dll" id="97a9732c-79a7-6428-f306-649df62803fe">
      <Execution id="86dbc77b-2713-4d78-b84c-af08399b1dee" />
      <TestMethod codeBase="/Users/santibraida/Workspace/comprobantes/FileContentRenamer.Tests/bin/Debug/net9.0/FileContentRenamer.Tests.dll" adapterTypeName="executor://xunit/VsTestRunner3/netcore/" className="FileContentRenamer.Tests.Services.ImageProcessorTests" name="CanProcess_WithImageExtensions_ShouldReturnTrue" />
    </UnitTest>
    <UnitTest name="FileContentRenamer.Tests.Services.ImageProcessorTests.CanProcess_WithImageExtensions_ShouldReturnTrue(extension: &quot;.tif&quot;)" storage="/users/santibraida/workspace/comprobantes/filecontentrenamer.tests/bin/debug/net9.0/filecontentrenamer.tests.dll" id="75799e7f-c8b2-eb49-e7fc-7e63546cf626">
      <Execution id="c53a935a-bf89-41ba-ba2e-036b9d6a917e" />
      <TestMethod codeBase="/Users/santibraida/Workspace/comprobantes/FileContentRenamer.Tests/bin/Debug/net9.0/FileContentRenamer.Tests.dll" adapterTypeName="executor://xunit/VsTestRunner3/netcore/" className="FileContentRenamer.Tests.Services.ImageProcessorTests" name="CanProcess_WithImageExtensions_ShouldReturnTrue" />
    </UnitTest>
    <UnitTest name="FileContentRenamer.Tests.Services.DirectoryOrganizerTests.OrganizeFileIntoDirectoryStructure_WithDuplicateFile_ShouldCreateUniqueFilename" storage="/users/santibraida/workspace/comprobantes/filecontentrenamer.tests/bin/debug/net9.0/filecontentrenamer.tests.dll" id="8ff3c0db-187d-d0d0-7eb2-736414974987">
      <Execution id="114f0510-c36e-4de6-84d3-65d9651e9d61" />
      <TestMethod codeBase="/Users/santibraida/Workspace/comprobantes/FileContentRenamer.Tests/bin/Debug/net9.0/FileContentRenamer.Tests.dll" adapterTypeName="executor://xunit/VsTestRunner3/netcore/" className="FileContentRenamer.Tests.Services.DirectoryOrganizerTests" name="OrganizeFileIntoDirectoryStructure_WithDuplicateFile_ShouldCreateUniqueFilename" />
    </UnitTest>
    <UnitTest name="FileContentRenamer.Tests.Services.TextProcessorTests.CanProcess_WithTxtExtensionDifferentCasing_ShouldReturnTrue(filename: &quot;test.tXt&quot;)" storage="/users/santibraida/workspace/comprobantes/filecontentrenamer.tests/bin/debug/net9.0/filecontentrenamer.tests.dll" id="70962b03-3000-68e4-fd2c-d9ce13588e5d">
      <Execution id="eedc3f51-16f1-4a80-b5be-8122f4ecad77" />
      <TestMethod codeBase="/Users/santibraida/Workspace/comprobantes/FileContentRenamer.Tests/bin/Debug/net9.0/FileContentRenamer.Tests.dll" adapterTypeName="executor://xunit/VsTestRunner3/netcore/" className="FileContentRenamer.Tests.Services.TextProcessorTests" name="CanProcess_WithTxtExtensionDifferentCasing_ShouldReturnTrue" />
    </UnitTest>
    <UnitTest name="FileContentRenamer.Tests.Services.TextProcessorTests.CanProcess_WithTxtExtension_ShouldReturnTrue" storage="/users/santibraida/workspace/comprobantes/filecontentrenamer.tests/bin/debug/net9.0/filecontentrenamer.tests.dll" id="10d7715a-d53b-4b8e-fcec-78d41ef67dac">
      <Execution id="2bf1e370-6ca7-4ba8-ac6c-d79f93fad38c" />
      <TestMethod codeBase="/Users/santibraida/Workspace/comprobantes/FileContentRenamer.Tests/bin/Debug/net9.0/FileContentRenamer.Tests.dll" adapterTypeName="executor://xunit/VsTestRunner3/netcore/" className="FileContentRenamer.Tests.Services.TextProcessorTests" name="CanProcess_WithTxtExtension_ShouldReturnTrue" />
    </UnitTest>
    <UnitTest name="FileContentRenamer.Tests.Services.PdfProcessorTests.ExtractContentAsync_WithCorruptedPdfFile_ShouldReturnEmptyString" storage="/users/santibraida/workspace/comprobantes/filecontentrenamer.tests/bin/debug/net9.0/filecontentrenamer.tests.dll" id="f3287b07-b05f-116b-412b-e12a39926f98">
      <Execution id="b0cff6c3-ab7b-4a10-8918-024b23741f61" />
      <TestMethod codeBase="/Users/santibraida/Workspace/comprobantes/FileContentRenamer.Tests/bin/Debug/net9.0/FileContentRenamer.Tests.dll" adapterTypeName="executor://xunit/VsTestRunner3/netcore/" className="FileContentRenamer.Tests.Services.PdfProcessorTests" name="ExtractContentAsync_WithCorruptedPdfFile_ShouldReturnEmptyString" />
    </UnitTest>
    <UnitTest name="FileContentRenamer.Tests.Services.DateExtractorEnhancedTests.ExtractDateFromContent_WithSpanishMonthNames_ShouldExtractCorrectDate(content: &quot;05 de junio de 2024&quot;, expected: &quot;2024-06-05&quot;)" storage="/users/santibraida/workspace/comprobantes/filecontentrenamer.tests/bin/debug/net9.0/filecontentrenamer.tests.dll" id="0cac9266-bc9a-fb15-02dc-2163a8966c6d">
      <Execution id="bd2131aa-7718-42be-91dd-8806ebc54246" />
      <TestMethod codeBase="/Users/santibraida/Workspace/comprobantes/FileContentRenamer.Tests/bin/Debug/net9.0/FileContentRenamer.Tests.dll" adapterTypeName="executor://xunit/VsTestRunner3/netcore/" className="FileContentRenamer.Tests.Services.DateExtractorEnhancedTests" name="ExtractDateFromContent_WithSpanishMonthNames_ShouldExtractCorrectDate" />
    </UnitTest>
    <UnitTest name="FileContentRenamer.Tests.Models.NamingRuleTests.Matches_WithNullContent_ShouldReturnFalse" storage="/users/santibraida/workspace/comprobantes/filecontentrenamer.tests/bin/debug/net9.0/filecontentrenamer.tests.dll" id="154b1187-a8fe-288a-dff0-88f9c1f03683">
      <Execution id="884aa1b4-9f0e-4d00-a225-e25b907b9b84" />
      <TestMethod codeBase="/Users/santibraida/Workspace/comprobantes/FileContentRenamer.Tests/bin/Debug/net9.0/FileContentRenamer.Tests.dll" adapterTypeName="executor://xunit/VsTestRunner3/netcore/" className="FileContentRenamer.Tests.Models.NamingRuleTests" name="Matches_WithNullContent_ShouldReturnFalse" />
    </UnitTest>
    <UnitTest name="FileContentRenamer.Tests.Services.DateExtractorEnhancedTests.ExtractDateFromContent_WithInvalidDates_ShouldReturnEmptyString(content: &quot;2023-13-01&quot;)" storage="/users/santibraida/workspace/comprobantes/filecontentrenamer.tests/bin/debug/net9.0/filecontentrenamer.tests.dll" id="af059a06-6167-19fd-d16f-49045750c2c4">
      <Execution id="86a00b2a-97d4-4593-a132-cb0fa0b3ca9d" />
      <TestMethod codeBase="/Users/santibraida/Workspace/comprobantes/FileContentRenamer.Tests/bin/Debug/net9.0/FileContentRenamer.Tests.dll" adapterTypeName="executor://xunit/VsTestRunner3/netcore/" className="FileContentRenamer.Tests.Services.DateExtractorEnhancedTests" name="ExtractDateFromContent_WithInvalidDates_ShouldReturnEmptyString" />
    </UnitTest>
    <UnitTest name="FileContentRenamer.Tests.Services.DateExtractorEnhancedTests.ExtractDateFromContent_WithSpanishMonthNames_ShouldExtractCorrectDate(content: &quot;28 de febrero de 2023&quot;, expected: &quot;2023-02-28&quot;)" storage="/users/santibraida/workspace/comprobantes/filecontentrenamer.tests/bin/debug/net9.0/filecontentrenamer.tests.dll" id="d5f16d40-5e04-93b0-3cb8-1265d12968c2">
      <Execution id="4a435e35-3e8c-41b5-9e36-58cb7f38b1b9" />
      <TestMethod codeBase="/Users/santibraida/Workspace/comprobantes/FileContentRenamer.Tests/bin/Debug/net9.0/FileContentRenamer.Tests.dll" adapterTypeName="executor://xunit/VsTestRunner3/netcore/" className="FileContentRenamer.Tests.Services.DateExtractorEnhancedTests" name="ExtractDateFromContent_WithSpanishMonthNames_ShouldExtractCorrectDate" />
    </UnitTest>
    <UnitTest name="FileContentRenamer.Tests.Services.DateExtractorTests.ExtractDateFromContent_WithVariousSpanishDates_ShouldReturnCorrectDates(content: &quot;15 de junio de 2025&quot;, expected: &quot;2025-06-15&quot;)" storage="/users/santibraida/workspace/comprobantes/filecontentrenamer.tests/bin/debug/net9.0/filecontentrenamer.tests.dll" id="aab26939-6c58-dafe-eca6-6d66c1372e38">
      <Execution id="dd9b2f14-f73d-42da-b142-b55ae06c329f" />
      <TestMethod codeBase="/Users/santibraida/Workspace/comprobantes/FileContentRenamer.Tests/bin/Debug/net9.0/FileContentRenamer.Tests.dll" adapterTypeName="executor://xunit/VsTestRunner3/netcore/" className="FileContentRenamer.Tests.Services.DateExtractorTests" name="ExtractDateFromContent_WithVariousSpanishDates_ShouldReturnCorrectDates" />
    </UnitTest>
    <UnitTest name="FileContentRenamer.Tests.Services.DateExtractorEnhancedTests.ExtractDateFromContent_WithNullInput_ShouldReturnEmptyString" storage="/users/santibraida/workspace/comprobantes/filecontentrenamer.tests/bin/debug/net9.0/filecontentrenamer.tests.dll" id="158c2a50-1855-1bd6-645a-0d06c43ddd5a">
      <Execution id="44de9f33-ef2a-4c6c-8540-1b45a5ce2b84" />
      <TestMethod codeBase="/Users/santibraida/Workspace/comprobantes/FileContentRenamer.Tests/bin/Debug/net9.0/FileContentRenamer.Tests.dll" adapterTypeName="executor://xunit/VsTestRunner3/netcore/" className="FileContentRenamer.Tests.Services.DateExtractorEnhancedTests" name="ExtractDateFromContent_WithNullInput_ShouldReturnEmptyString" />
    </UnitTest>
    <UnitTest name="FileContentRenamer.Tests.Services.FilenameGeneratorTests.IsAlreadyNamedFilename_WithInvalidFormats_ShouldReturnFalse(filename: &quot;service_15-03-2024_payment&quot;)" storage="/users/santibraida/workspace/comprobantes/filecontentrenamer.tests/bin/debug/net9.0/filecontentrenamer.tests.dll" id="411f59f3-34f9-62ac-9b26-0c3528e0b2f7">
      <Execution id="387b93c7-507d-452c-bf6e-3243cf3443de" />
      <TestMethod codeBase="/Users/santibraida/Workspace/comprobantes/FileContentRenamer.Tests/bin/Debug/net9.0/FileContentRenamer.Tests.dll" adapterTypeName="executor://xunit/VsTestRunner3/netcore/" className="FileContentRenamer.Tests.Services.FilenameGeneratorTests" name="IsAlreadyNamedFilename_WithInvalidFormats_ShouldReturnFalse" />
    </UnitTest>
    <UnitTest name="FileContentRenamer.Tests.Services.FilenameGeneratorTests.CleanupFileName_WithVariousInputs_ShouldReturnCleanedName(input: &quot;file:name&quot;, expected: &quot;file:name&quot;)" storage="/users/santibraida/workspace/comprobantes/filecontentrenamer.tests/bin/debug/net9.0/filecontentrenamer.tests.dll" id="193486f8-7638-5e27-f7c4-f2239a7e9f22">
      <Execution id="5ee5ce26-9725-44d7-b52d-de52becdcb2d" />
      <TestMethod codeBase="/Users/santibraida/Workspace/comprobantes/FileContentRenamer.Tests/bin/Debug/net9.0/FileContentRenamer.Tests.dll" adapterTypeName="executor://xunit/VsTestRunner3/netcore/" className="FileContentRenamer.Tests.Services.FilenameGeneratorTests" name="CleanupFileName_WithVariousInputs_ShouldReturnCleanedName" />
    </UnitTest>
    <UnitTest name="FileContentRenamer.Tests.Services.TextProcessorTests.ExtractContentAsync_WithValidTextFile_ShouldReturnContent" storage="/users/santibraida/workspace/comprobantes/filecontentrenamer.tests/bin/debug/net9.0/filecontentrenamer.tests.dll" id="929aa209-e3f7-852b-9884-da4d7850f9c4">
      <Execution id="8554c4e3-df2d-4688-8508-9b42433cb6b8" />
      <TestMethod codeBase="/Users/santibraida/Workspace/comprobantes/FileContentRenamer.Tests/bin/Debug/net9.0/FileContentRenamer.Tests.dll" adapterTypeName="executor://xunit/VsTestRunner3/netcore/" className="FileContentRenamer.Tests.Services.TextProcessorTests" name="ExtractContentAsync_WithValidTextFile_ShouldReturnContent" />
    </UnitTest>
    <UnitTest name="FileContentRenamer.Tests.Services.DateExtractorAdditionalTests.ExtractDateFromContent_WithEmptyOrInvalidContent_ShouldReturnEmpty(content: &quot;&quot;)" storage="/users/santibraida/workspace/comprobantes/filecontentrenamer.tests/bin/debug/net9.0/filecontentrenamer.tests.dll" id="bf914933-84d9-edc4-e55e-910119d4b304">
      <Execution id="644407a3-dbd7-44b0-99c9-c17355d53848" />
      <TestMethod codeBase="/Users/santibraida/Workspace/comprobantes/FileContentRenamer.Tests/bin/Debug/net9.0/FileContentRenamer.Tests.dll" adapterTypeName="executor://xunit/VsTestRunner3/netcore/" className="FileContentRenamer.Tests.Services.DateExtractorAdditionalTests" name="ExtractDateFromContent_WithEmptyOrInvalidContent_ShouldReturnEmpty" />
    </UnitTest>
    <UnitTest name="FileContentRenamer.Tests.Services.FileValidatorTests.ShouldProcessFile_WithInvalidExtensions_ShouldReturnFalse(extension: &quot;.doc&quot;)" storage="/users/santibraida/workspace/comprobantes/filecontentrenamer.tests/bin/debug/net9.0/filecontentrenamer.tests.dll" id="7e3a9744-91b7-a2b9-ebb3-73a79e07c25d">
      <Execution id="d2b70d76-67d3-4d74-a211-3b67c2560c59" />
      <TestMethod codeBase="/Users/santibraida/Workspace/comprobantes/FileContentRenamer.Tests/bin/Debug/net9.0/FileContentRenamer.Tests.dll" adapterTypeName="executor://xunit/VsTestRunner3/netcore/" className="FileContentRenamer.Tests.Services.FileValidatorTests" name="ShouldProcessFile_WithInvalidExtensions_ShouldReturnFalse" />
    </UnitTest>
    <UnitTest name="FileContentRenamer.Tests.Services.DateExtractorTests.ExtractDateFromContent_WithInvalidSpanishMonth_ShouldFallbackToOtherFormats" storage="/users/santibraida/workspace/comprobantes/filecontentrenamer.tests/bin/debug/net9.0/filecontentrenamer.tests.dll" id="999b4cf4-0fb5-ec67-530a-d59638da1c9d">
      <Execution id="19bfbbdb-7ac5-4d2c-9be7-aa2a2061c5a2" />
      <TestMethod codeBase="/Users/santibraida/Workspace/comprobantes/FileContentRenamer.Tests/bin/Debug/net9.0/FileContentRenamer.Tests.dll" adapterTypeName="executor://xunit/VsTestRunner3/netcore/" className="FileContentRenamer.Tests.Services.DateExtractorTests" name="ExtractDateFromContent_WithInvalidSpanishMonth_ShouldFallbackToOtherFormats" />
    </UnitTest>
    <UnitTest name="FileContentRenamer.Tests.Services.TextProcessorTests.CanProcess_WithNonTxtExtension_ShouldReturnFalse(filename: &quot;test.pdf&quot;)" storage="/users/santibraida/workspace/comprobantes/filecontentrenamer.tests/bin/debug/net9.0/filecontentrenamer.tests.dll" id="af647e92-1ce2-064d-3a84-3476cb46d127">
      <Execution id="4530b286-7198-47b4-88ea-e61082831326" />
      <TestMethod codeBase="/Users/santibraida/Workspace/comprobantes/FileContentRenamer.Tests/bin/Debug/net9.0/FileContentRenamer.Tests.dll" adapterTypeName="executor://xunit/VsTestRunner3/netcore/" className="FileContentRenamer.Tests.Services.TextProcessorTests" name="CanProcess_WithNonTxtExtension_ShouldReturnFalse" />
    </UnitTest>
    <UnitTest name="FileContentRenamer.Tests.Services.DateExtractorTests.ExtractDateFromFilename_WithVariousValidFormats_ShouldReturnCorrectDates(filename: &quot;invoice_2025-06-15_bank&quot;, expected: &quot;2025-06-15&quot;)" storage="/users/santibraida/workspace/comprobantes/filecontentrenamer.tests/bin/debug/net9.0/filecontentrenamer.tests.dll" id="62f5d1dd-bd59-22f3-6b49-8433f76fa54e">
      <Execution id="d437ff5c-99f4-4df3-b3b5-9257bfb634af" />
      <TestMethod codeBase="/Users/santibraida/Workspace/comprobantes/FileContentRenamer.Tests/bin/Debug/net9.0/FileContentRenamer.Tests.dll" adapterTypeName="executor://xunit/VsTestRunner3/netcore/" className="FileContentRenamer.Tests.Services.DateExtractorTests" name="ExtractDateFromFilename_WithVariousValidFormats_ShouldReturnCorrectDates" />
    </UnitTest>
    <UnitTest name="FileContentRenamer.Tests.Services.PdfProcessorTests.CanProcess_WithPdfExtensionDifferentCasing_ShouldReturnTrue(filename: &quot;test.Pdf&quot;)" storage="/users/santibraida/workspace/comprobantes/filecontentrenamer.tests/bin/debug/net9.0/filecontentrenamer.tests.dll" id="30177b80-4255-9855-fa20-76724e89c280">
      <Execution id="1251dc53-ff1a-478e-896f-e040cff30fa8" />
      <TestMethod codeBase="/Users/santibraida/Workspace/comprobantes/FileContentRenamer.Tests/bin/Debug/net9.0/FileContentRenamer.Tests.dll" adapterTypeName="executor://xunit/VsTestRunner3/netcore/" className="FileContentRenamer.Tests.Services.PdfProcessorTests" name="CanProcess_WithPdfExtensionDifferentCasing_ShouldReturnTrue" />
    </UnitTest>
    <UnitTest name="FileContentRenamer.Tests.Services.PdfProcessorTests.ExtractContentAsync_WithValidPdfFile_ShouldProcessPagesUpToLimit" storage="/users/santibraida/workspace/comprobantes/filecontentrenamer.tests/bin/debug/net9.0/filecontentrenamer.tests.dll" id="5a50abd3-c508-1b87-194f-cbac6ded3d5c">
      <Execution id="76d42aaf-4e75-46ce-bf78-9f48c65a177b" />
      <TestMethod codeBase="/Users/santibraida/Workspace/comprobantes/FileContentRenamer.Tests/bin/Debug/net9.0/FileContentRenamer.Tests.dll" adapterTypeName="executor://xunit/VsTestRunner3/netcore/" className="FileContentRenamer.Tests.Services.PdfProcessorTests" name="ExtractContentAsync_WithValidPdfFile_ShouldProcessPagesUpToLimit" />
    </UnitTest>
    <UnitTest name="FileContentRenamer.Tests.Services.DateExtractorAdditionalTests.ExtractDateFromContent_WithEmptyOrInvalidContent_ShouldReturnEmpty(content: &quot;Just some text without dates&quot;)" storage="/users/santibraida/workspace/comprobantes/filecontentrenamer.tests/bin/debug/net9.0/filecontentrenamer.tests.dll" id="d80fb2bc-32fc-9393-ce7a-20d5e1e20b2a">
      <Execution id="59d29fea-969a-494e-941f-4a132eddbc27" />
      <TestMethod codeBase="/Users/santibraida/Workspace/comprobantes/FileContentRenamer.Tests/bin/Debug/net9.0/FileContentRenamer.Tests.dll" adapterTypeName="executor://xunit/VsTestRunner3/netcore/" className="FileContentRenamer.Tests.Services.DateExtractorAdditionalTests" name="ExtractDateFromContent_WithEmptyOrInvalidContent_ShouldReturnEmpty" />
    </UnitTest>
    <UnitTest name="FileContentRenamer.Tests.Services.DirectoryOrganizerTests.GetMonthName_WithValidMonth_ShouldReturnSpanishName(monthNumber: 8, expected: &quot;agosto&quot;)" storage="/users/santibraida/workspace/comprobantes/filecontentrenamer.tests/bin/debug/net9.0/filecontentrenamer.tests.dll" id="3a8b252e-af29-2782-c8cf-4c2dc2637787">
      <Execution id="2f046396-9c03-4bed-adfd-2d7244934dc2" />
      <TestMethod codeBase="/Users/santibraida/Workspace/comprobantes/FileContentRenamer.Tests/bin/Debug/net9.0/FileContentRenamer.Tests.dll" adapterTypeName="executor://xunit/VsTestRunner3/netcore/" className="FileContentRenamer.Tests.Services.DirectoryOrganizerTests" name="GetMonthName_WithValidMonth_ShouldReturnSpanishName" />
    </UnitTest>
    <UnitTest name="FileContentRenamer.Tests.Services.ImageProcessorTests.Constructor_WithExistingTessdataPath_ShouldLogInformation" storage="/users/santibraida/workspace/comprobantes/filecontentrenamer.tests/bin/debug/net9.0/filecontentrenamer.tests.dll" id="d2b73dd7-fca3-9997-7025-63c5332128cb">
      <Execution id="02f12f0a-c348-4d97-82d3-597432a5b289" />
      <TestMethod codeBase="/Users/santibraida/Workspace/comprobantes/FileContentRenamer.Tests/bin/Debug/net9.0/FileContentRenamer.Tests.dll" adapterTypeName="executor://xunit/VsTestRunner3/netcore/" className="FileContentRenamer.Tests.Services.ImageProcessorTests" name="Constructor_WithExistingTessdataPath_ShouldLogInformation" />
    </UnitTest>
    <UnitTest name="FileContentRenamer.Tests.Services.DateExtractorTests.ExtractDateFromContent_WithDueDateFormat_ShouldReturnCorrectDate" storage="/users/santibraida/workspace/comprobantes/filecontentrenamer.tests/bin/debug/net9.0/filecontentrenamer.tests.dll" id="7135bf06-d0f7-d1fd-424d-aa321ae4fc62">
      <Execution id="1611f965-1c7a-4dda-9edf-8e780b4d7187" />
      <TestMethod codeBase="/Users/santibraida/Workspace/comprobantes/FileContentRenamer.Tests/bin/Debug/net9.0/FileContentRenamer.Tests.dll" adapterTypeName="executor://xunit/VsTestRunner3/netcore/" className="FileContentRenamer.Tests.Services.DateExtractorTests" name="ExtractDateFromContent_WithDueDateFormat_ShouldReturnCorrectDate" />
    </UnitTest>
    <UnitTest name="FileContentRenamer.Tests.Services.DateExtractorEnhancedTests.ExtractDateFromContent_WithEnglishMonthNames_ShouldExtractCorrectDate(content: &quot;September 18, 2024&quot;, expected: &quot;2024-09-18&quot;)" storage="/users/santibraida/workspace/comprobantes/filecontentrenamer.tests/bin/debug/net9.0/filecontentrenamer.tests.dll" id="fc55b88c-0e11-339e-c0c5-0965a8b3253e">
      <Execution id="a02bf053-ee0b-4fda-ae49-3498c81560d8" />
      <TestMethod codeBase="/Users/santibraida/Workspace/comprobantes/FileContentRenamer.Tests/bin/Debug/net9.0/FileContentRenamer.Tests.dll" adapterTypeName="executor://xunit/VsTestRunner3/netcore/" className="FileContentRenamer.Tests.Services.DateExtractorEnhancedTests" name="ExtractDateFromContent_WithEnglishMonthNames_ShouldExtractCorrectDate" />
    </UnitTest>
    <UnitTest name="FileContentRenamer.Tests.Services.DirectoryOrganizerTests.IsInYearMonthStructure_WithInvalidStructure_ShouldReturnFalse(folderName: &quot;regular_folder&quot;)" storage="/users/santibraida/workspace/comprobantes/filecontentrenamer.tests/bin/debug/net9.0/filecontentrenamer.tests.dll" id="b0606947-aad7-eee5-1152-2a1ec56d9255">
      <Execution id="ab7b5dac-67c9-4a2e-b513-89c1299c0d0f" />
      <TestMethod codeBase="/Users/santibraida/Workspace/comprobantes/FileContentRenamer.Tests/bin/Debug/net9.0/FileContentRenamer.Tests.dll" adapterTypeName="executor://xunit/VsTestRunner3/netcore/" className="FileContentRenamer.Tests.Services.DirectoryOrganizerTests" name="IsInYearMonthStructure_WithInvalidStructure_ShouldReturnFalse" />
    </UnitTest>
    <UnitTest name="FileContentRenamer.Tests.Models.NamingRulesTests.FindMatchingRule_WithFirstRuleMatching_ShouldReturnFirstRule" storage="/users/santibraida/workspace/comprobantes/filecontentrenamer.tests/bin/debug/net9.0/filecontentrenamer.tests.dll" id="fde0012a-20a9-aebc-bee1-b5bf65a4ee27">
      <Execution id="674c7218-b634-428e-bb64-1e39cdd7e097" />
      <TestMethod codeBase="/Users/santibraida/Workspace/comprobantes/FileContentRenamer.Tests/bin/Debug/net9.0/FileContentRenamer.Tests.dll" adapterTypeName="executor://xunit/VsTestRunner3/netcore/" className="FileContentRenamer.Tests.Models.NamingRulesTests" name="FindMatchingRule_WithFirstRuleMatching_ShouldReturnFirstRule" />
    </UnitTest>
    <UnitTest name="FileContentRenamer.Tests.Services.FileServiceTests.ProcessFilesAsync_WithAlreadyNamedFile_ShouldSkipRenaming" storage="/users/santibraida/workspace/comprobantes/filecontentrenamer.tests/bin/debug/net9.0/filecontentrenamer.tests.dll" id="34f0a146-8932-4124-920d-b39c3eb45d5b">
      <Execution id="df58abd7-a83c-4ceb-a828-4c87ea2360ce" />
      <TestMethod codeBase="/Users/santibraida/Workspace/comprobantes/FileContentRenamer.Tests/bin/Debug/net9.0/FileContentRenamer.Tests.dll" adapterTypeName="executor://xunit/VsTestRunner3/netcore/" className="FileContentRenamer.Tests.Services.FileServiceTests" name="ProcessFilesAsync_WithAlreadyNamedFile_ShouldSkipRenaming" />
    </UnitTest>
    <UnitTest name="FileContentRenamer.Tests.Services.FilenameGeneratorTests.IsAlreadyNamedFilename_WithValidFormats_ShouldReturnTrue(filename: &quot;service_2024-03-15_payment&quot;)" storage="/users/santibraida/workspace/comprobantes/filecontentrenamer.tests/bin/debug/net9.0/filecontentrenamer.tests.dll" id="fd75bf1b-7547-e469-5bac-5caae1974719">
      <Execution id="072503ed-7f4e-4529-9006-ed94cddfcd56" />
      <TestMethod codeBase="/Users/santibraida/Workspace/comprobantes/FileContentRenamer.Tests/bin/Debug/net9.0/FileContentRenamer.Tests.dll" adapterTypeName="executor://xunit/VsTestRunner3/netcore/" className="FileContentRenamer.Tests.Services.FilenameGeneratorTests" name="IsAlreadyNamedFilename_WithValidFormats_ShouldReturnTrue" />
    </UnitTest>
    <UnitTest name="FileContentRenamer.Tests.Services.DateExtractorEnhancedTests.ExtractDateFromContent_WithContextualDateFormats_ShouldExtractFirstValidDate(content: &quot;El documento del 2023-01-15 está listo&quot;)" storage="/users/santibraida/workspace/comprobantes/filecontentrenamer.tests/bin/debug/net9.0/filecontentrenamer.tests.dll" id="49ae0ea7-3612-0fb1-8ab5-9adfae0f362f">
      <Execution id="30220d4d-0a9e-4db1-99cb-1f5e1f315001" />
      <TestMethod codeBase="/Users/santibraida/Workspace/comprobantes/FileContentRenamer.Tests/bin/Debug/net9.0/FileContentRenamer.Tests.dll" adapterTypeName="executor://xunit/VsTestRunner3/netcore/" className="FileContentRenamer.Tests.Services.DateExtractorEnhancedTests" name="ExtractDateFromContent_WithContextualDateFormats_ShouldExtractFirstValidDate" />
    </UnitTest>
    <UnitTest name="FileContentRenamer.Tests.Services.PdfProcessorTests.CanProcess_WithPdfExtensionDifferentCasing_ShouldReturnTrue(filename: &quot;test.pDf&quot;)" storage="/users/santibraida/workspace/comprobantes/filecontentrenamer.tests/bin/debug/net9.0/filecontentrenamer.tests.dll" id="30667a3d-da81-f223-5d62-6b3c054e0a23">
      <Execution id="c3b240f0-d482-4705-89a9-31c4df8fdf44" />
      <TestMethod codeBase="/Users/santibraida/Workspace/comprobantes/FileContentRenamer.Tests/bin/Debug/net9.0/FileContentRenamer.Tests.dll" adapterTypeName="executor://xunit/VsTestRunner3/netcore/" className="FileContentRenamer.Tests.Services.PdfProcessorTests" name="CanProcess_WithPdfExtensionDifferentCasing_ShouldReturnTrue" />
    </UnitTest>
    <UnitTest name="FileContentRenamer.Tests.Services.DateExtractorEnhancedTests.ExtractDateFromContent_WithEnglishMonthNames_ShouldExtractCorrectDate(content: &quot;January 15, 2023&quot;, expected: &quot;2023-01-15&quot;)" storage="/users/santibraida/workspace/comprobantes/filecontentrenamer.tests/bin/debug/net9.0/filecontentrenamer.tests.dll" id="e491c95e-ca9e-b2c6-5321-07aa05ad42a9">
      <Execution id="5d69b5e2-4f36-4a10-a08c-af21027a0e89" />
      <TestMethod codeBase="/Users/santibraida/Workspace/comprobantes/FileContentRenamer.Tests/bin/Debug/net9.0/FileContentRenamer.Tests.dll" adapterTypeName="executor://xunit/VsTestRunner3/netcore/" className="FileContentRenamer.Tests.Services.DateExtractorEnhancedTests" name="ExtractDateFromContent_WithEnglishMonthNames_ShouldExtractCorrectDate" />
    </UnitTest>
    <UnitTest name="FileContentRenamer.Tests.Services.DateExtractorEnhancedTests.ExtractDateFromContent_WithDueDateFormats_ShouldExtractCorrectDate(content: &quot;Vencimiento: 15/01/2023&quot;, expected: &quot;2023-01-15&quot;)" storage="/users/santibraida/workspace/comprobantes/filecontentrenamer.tests/bin/debug/net9.0/filecontentrenamer.tests.dll" id="5417638d-00a2-b254-e010-2e2b38a4d2d7">
      <Execution id="01e62677-400a-4020-8c2e-df30e29ecd35" />
      <TestMethod codeBase="/Users/santibraida/Workspace/comprobantes/FileContentRenamer.Tests/bin/Debug/net9.0/FileContentRenamer.Tests.dll" adapterTypeName="executor://xunit/VsTestRunner3/netcore/" className="FileContentRenamer.Tests.Services.DateExtractorEnhancedTests" name="ExtractDateFromContent_WithDueDateFormats_ShouldExtractCorrectDate" />
    </UnitTest>
    <UnitTest name="FileContentRenamer.Tests.Services.DateExtractorEnhancedTests.ExtractDateFromContent_WithEnglishMonthNames_ShouldExtractCorrectDate(content: &quot;August 12, 2024&quot;, expected: &quot;2024-08-12&quot;)" storage="/users/santibraida/workspace/comprobantes/filecontentrenamer.tests/bin/debug/net9.0/filecontentrenamer.tests.dll" id="8145470e-d27c-0e7e-d1e5-ce2ccb84123e">
      <Execution id="3b579fed-6801-4dae-b6d7-6b4330e516ae" />
      <TestMethod codeBase="/Users/santibraida/Workspace/comprobantes/FileContentRenamer.Tests/bin/Debug/net9.0/FileContentRenamer.Tests.dll" adapterTypeName="executor://xunit/VsTestRunner3/netcore/" className="FileContentRenamer.Tests.Services.DateExtractorEnhancedTests" name="ExtractDateFromContent_WithEnglishMonthNames_ShouldExtractCorrectDate" />
    </UnitTest>
    <UnitTest name="FileContentRenamer.Tests.Services.FilenameGeneratorTests.GenerateFilename_WithDifferentExtension_ShouldPreserveExtension" storage="/users/santibraida/workspace/comprobantes/filecontentrenamer.tests/bin/debug/net9.0/filecontentrenamer.tests.dll" id="b72ed067-d3bd-e26d-3bed-f7f45c913059">
      <Execution id="555b90a3-4b09-4696-b6cd-4ce68a6606d2" />
      <TestMethod codeBase="/Users/santibraida/Workspace/comprobantes/FileContentRenamer.Tests/bin/Debug/net9.0/FileContentRenamer.Tests.dll" adapterTypeName="executor://xunit/VsTestRunner3/netcore/" className="FileContentRenamer.Tests.Services.FilenameGeneratorTests" name="GenerateFilename_WithDifferentExtension_ShouldPreserveExtension" />
    </UnitTest>
    <UnitTest name="FileContentRenamer.Tests.Services.DateExtractorEnhancedTests.ExtractDateFromContent_WithEnglishMonthNames_ShouldExtractCorrectDate(content: &quot;March 15, 2024&quot;, expected: &quot;2024-03-15&quot;)" storage="/users/santibraida/workspace/comprobantes/filecontentrenamer.tests/bin/debug/net9.0/filecontentrenamer.tests.dll" id="629bee42-ada7-f7dc-8b40-5f275846573e">
      <Execution id="18d5707f-efd3-4ced-bcad-8cb771ef538c" />
      <TestMethod codeBase="/Users/santibraida/Workspace/comprobantes/FileContentRenamer.Tests/bin/Debug/net9.0/FileContentRenamer.Tests.dll" adapterTypeName="executor://xunit/VsTestRunner3/netcore/" className="FileContentRenamer.Tests.Services.DateExtractorEnhancedTests" name="ExtractDateFromContent_WithEnglishMonthNames_ShouldExtractCorrectDate" />
    </UnitTest>
    <UnitTest name="FileContentRenamer.Tests.Services.TextProcessorTests.CanProcess_WithNonTxtExtension_ShouldReturnFalse(filename: &quot;test.jpg&quot;)" storage="/users/santibraida/workspace/comprobantes/filecontentrenamer.tests/bin/debug/net9.0/filecontentrenamer.tests.dll" id="d60b51ff-35d6-643f-09d4-bd5f7bbab23c">
      <Execution id="37611078-025d-4e58-8bc9-4d58ba9d5d1c" />
      <TestMethod codeBase="/Users/santibraida/Workspace/comprobantes/FileContentRenamer.Tests/bin/Debug/net9.0/FileContentRenamer.Tests.dll" adapterTypeName="executor://xunit/VsTestRunner3/netcore/" className="FileContentRenamer.Tests.Services.TextProcessorTests" name="CanProcess_WithNonTxtExtension_ShouldReturnFalse" />
    </UnitTest>
    <UnitTest name="FileContentRenamer.Tests.Services.ImageProcessorTests.Constructor_WithNullConfig_ShouldThrowArgumentNullException" storage="/users/santibraida/workspace/comprobantes/filecontentrenamer.tests/bin/debug/net9.0/filecontentrenamer.tests.dll" id="b4180071-1e06-f3bd-f0e2-c5c49975b30c">
      <Execution id="1f7bac67-fa9d-430a-9197-b40cce983cb6" />
      <TestMethod codeBase="/Users/santibraida/Workspace/comprobantes/FileContentRenamer.Tests/bin/Debug/net9.0/FileContentRenamer.Tests.dll" adapterTypeName="executor://xunit/VsTestRunner3/netcore/" className="FileContentRenamer.Tests.Services.ImageProcessorTests" name="Constructor_WithNullConfig_ShouldThrowArgumentNullException" />
    </UnitTest>
    <UnitTest name="FileContentRenamer.Tests.Services.FilenameGeneratorTests.CleanupFileName_WithVariousInputs_ShouldReturnCleanedName(input: &quot;file&lt;&gt;name&quot;, expected: &quot;file&lt;&gt;name&quot;)" storage="/users/santibraida/workspace/comprobantes/filecontentrenamer.tests/bin/debug/net9.0/filecontentrenamer.tests.dll" id="e2ab17d6-1636-8e4d-ad78-a6d89568282f">
      <Execution id="5cf3e0cb-feb2-4f5e-afd3-65c24c9348d5" />
      <TestMethod codeBase="/Users/santibraida/Workspace/comprobantes/FileContentRenamer.Tests/bin/Debug/net9.0/FileContentRenamer.Tests.dll" adapterTypeName="executor://xunit/VsTestRunner3/netcore/" className="FileContentRenamer.Tests.Services.FilenameGeneratorTests" name="CleanupFileName_WithVariousInputs_ShouldReturnCleanedName" />
    </UnitTest>
    <UnitTest name="FileContentRenamer.Tests.Services.DirectoryOrganizerTests.GetMonthName_WithValidMonth_ShouldReturnSpanishName(monthNumber: 10, expected: &quot;octubre&quot;)" storage="/users/santibraida/workspace/comprobantes/filecontentrenamer.tests/bin/debug/net9.0/filecontentrenamer.tests.dll" id="b9d72b25-82ca-6ec3-5870-6ffcc88918e2">
      <Execution id="b936f816-9b4d-4a9f-ba3e-62f81a338b95" />
      <TestMethod codeBase="/Users/santibraida/Workspace/comprobantes/FileContentRenamer.Tests/bin/Debug/net9.0/FileContentRenamer.Tests.dll" adapterTypeName="executor://xunit/VsTestRunner3/netcore/" className="FileContentRenamer.Tests.Services.DirectoryOrganizerTests" name="GetMonthName_WithValidMonth_ShouldReturnSpanishName" />
    </UnitTest>
    <UnitTest name="FileContentRenamer.Tests.Models.AppConfigTests.LoadFromConfiguration_WithNoBasePath_ShouldUseCurrentDirectory" storage="/users/santibraida/workspace/comprobantes/filecontentrenamer.tests/bin/debug/net9.0/filecontentrenamer.tests.dll" id="c781d212-7be9-917b-2eb4-49e5e562dd6d">
      <Execution id="48b2efb9-6704-4432-a12e-69fbf007a1af" />
      <TestMethod codeBase="/Users/santibraida/Workspace/comprobantes/FileContentRenamer.Tests/bin/Debug/net9.0/FileContentRenamer.Tests.dll" adapterTypeName="executor://xunit/VsTestRunner3/netcore/" className="FileContentRenamer.Tests.Models.AppConfigTests" name="LoadFromConfiguration_WithNoBasePath_ShouldUseCurrentDirectory" />
    </UnitTest>
    <UnitTest name="FileContentRenamer.Tests.Services.PdfProcessorTests.ExtractContentAsync_WithNonExistentFile_ShouldReturnEmptyString" storage="/users/santibraida/workspace/comprobantes/filecontentrenamer.tests/bin/debug/net9.0/filecontentrenamer.tests.dll" id="aab50796-093f-3ad1-51eb-ff5551165480">
      <Execution id="3f8bc6c2-a59b-4b45-b020-50714ad22322" />
      <TestMethod codeBase="/Users/santibraida/Workspace/comprobantes/FileContentRenamer.Tests/bin/Debug/net9.0/FileContentRenamer.Tests.dll" adapterTypeName="executor://xunit/VsTestRunner3/netcore/" className="FileContentRenamer.Tests.Services.PdfProcessorTests" name="ExtractContentAsync_WithNonExistentFile_ShouldReturnEmptyString" />
    </UnitTest>
    <UnitTest name="FileContentRenamer.Tests.Services.FilenameGeneratorTests.IsAlreadyNamedFilename_WithInvalidFormats_ShouldReturnFalse(filename: &quot;&quot;)" storage="/users/santibraida/workspace/comprobantes/filecontentrenamer.tests/bin/debug/net9.0/filecontentrenamer.tests.dll" id="c1072614-89d7-ecfa-6ece-76abc08d540d">
      <Execution id="d9f12c9a-f863-45af-9758-ad1452391bd5" />
      <TestMethod codeBase="/Users/santibraida/Workspace/comprobantes/FileContentRenamer.Tests/bin/Debug/net9.0/FileContentRenamer.Tests.dll" adapterTypeName="executor://xunit/VsTestRunner3/netcore/" className="FileContentRenamer.Tests.Services.FilenameGeneratorTests" name="IsAlreadyNamedFilename_WithInvalidFormats_ShouldReturnFalse" />
    </UnitTest>
    <UnitTest name="FileContentRenamer.Tests.Configuration.ServiceConfigurationTests.ConfigureServices_WithValidConfig_ShouldRegisterSingletonAppConfig" storage="/users/santibraida/workspace/comprobantes/filecontentrenamer.tests/bin/debug/net9.0/filecontentrenamer.tests.dll" id="ddd37070-3a26-e09f-cfe8-adfb9adc29e7">
      <Execution id="7a818046-37c8-4ced-bee5-4f65474963b2" />
      <TestMethod codeBase="/Users/santibraida/Workspace/comprobantes/FileContentRenamer.Tests/bin/Debug/net9.0/FileContentRenamer.Tests.dll" adapterTypeName="executor://xunit/VsTestRunner3/netcore/" className="FileContentRenamer.Tests.Configuration.ServiceConfigurationTests" name="ConfigureServices_WithValidConfig_ShouldRegisterSingletonAppConfig" />
    </UnitTest>
    <UnitTest name="FileContentRenamer.Tests.Services.DirectoryOrganizerTests.OrganizeFileIntoDirectoryStructure_WithDifferentYears_ShouldCreateNewYearStructure" storage="/users/santibraida/workspace/comprobantes/filecontentrenamer.tests/bin/debug/net9.0/filecontentrenamer.tests.dll" id="9a26edef-7dd2-4e60-c205-9ce214074484">
      <Execution id="cf57f127-1402-484d-bb70-0f723340351c" />
      <TestMethod codeBase="/Users/santibraida/Workspace/comprobantes/FileContentRenamer.Tests/bin/Debug/net9.0/FileContentRenamer.Tests.dll" adapterTypeName="executor://xunit/VsTestRunner3/netcore/" className="FileContentRenamer.Tests.Services.DirectoryOrganizerTests" name="OrganizeFileIntoDirectoryStructure_WithDifferentYears_ShouldCreateNewYearStructure" />
    </UnitTest>
    <UnitTest name="FileContentRenamer.Tests.Services.PdfProcessorTests.CanProcess_WithPdfExtensionVariations_ShouldReturnTrue(filename: &quot;DOCUMENT.PDF&quot;)" storage="/users/santibraida/workspace/comprobantes/filecontentrenamer.tests/bin/debug/net9.0/filecontentrenamer.tests.dll" id="8bf8da02-6c6e-2191-c936-6121db66d388">
      <Execution id="6336cc15-530a-439f-bfb6-1f571bd52f38" />
      <TestMethod codeBase="/Users/santibraida/Workspace/comprobantes/FileContentRenamer.Tests/bin/Debug/net9.0/FileContentRenamer.Tests.dll" adapterTypeName="executor://xunit/VsTestRunner3/netcore/" className="FileContentRenamer.Tests.Services.PdfProcessorTests" name="CanProcess_WithPdfExtensionVariations_ShouldReturnTrue" />
    </UnitTest>
    <UnitTest name="FileContentRenamer.Tests.Services.FilenameGeneratorTests.GenerateUniqueFilename_ThreadSafety_ShouldHandleConcurrentCalls" storage="/users/santibraida/workspace/comprobantes/filecontentrenamer.tests/bin/debug/net9.0/filecontentrenamer.tests.dll" id="1a12a91e-b03d-45d3-fd2d-061c9630072a">
      <Execution id="fac1e675-a51d-4eb1-aa19-d41b4573e833" />
      <TestMethod codeBase="/Users/santibraida/Workspace/comprobantes/FileContentRenamer.Tests/bin/Debug/net9.0/FileContentRenamer.Tests.dll" adapterTypeName="executor://xunit/VsTestRunner3/netcore/" className="FileContentRenamer.Tests.Services.FilenameGeneratorTests" name="GenerateUniqueFilename_ThreadSafety_ShouldHandleConcurrentCalls" />
    </UnitTest>
    <UnitTest name="FileContentRenamer.Tests.Models.NamingRulesTests.Constructor_WithDefaultValues_ShouldInitializeCorrectly" storage="/users/santibraida/workspace/comprobantes/filecontentrenamer.tests/bin/debug/net9.0/filecontentrenamer.tests.dll" id="3bc1972c-43c3-09f6-6b21-23df0274286b">
      <Execution id="e67975a5-a3a9-498b-aaac-a62a2666e40f" />
      <TestMethod codeBase="/Users/santibraida/Workspace/comprobantes/FileContentRenamer.Tests/bin/Debug/net9.0/FileContentRenamer.Tests.dll" adapterTypeName="executor://xunit/VsTestRunner3/netcore/" className="FileContentRenamer.Tests.Models.NamingRulesTests" name="Constructor_WithDefaultValues_ShouldInitializeCorrectly" />
    </UnitTest>
    <UnitTest name="FileContentRenamer.Tests.Services.DateExtractorTests.ExtractDateFromContent_WithVariousDueDateFormats_ShouldReturnCorrectDates(content: &quot;vencimiento 01/01/2025&quot;, expected: &quot;2025-01-01&quot;)" storage="/users/santibraida/workspace/comprobantes/filecontentrenamer.tests/bin/debug/net9.0/filecontentrenamer.tests.dll" id="18d4c37f-1583-f497-ec0c-ad5f807ccb48">
      <Execution id="a3de0e4c-86d2-4296-b484-e7d6fbc6a981" />
      <TestMethod codeBase="/Users/santibraida/Workspace/comprobantes/FileContentRenamer.Tests/bin/Debug/net9.0/FileContentRenamer.Tests.dll" adapterTypeName="executor://xunit/VsTestRunner3/netcore/" className="FileContentRenamer.Tests.Services.DateExtractorTests" name="ExtractDateFromContent_WithVariousDueDateFormats_ShouldReturnCorrectDates" />
    </UnitTest>
    <UnitTest name="FileContentRenamer.Tests.Services.FilenameGeneratorTests.GenerateUniqueFilename_WithExistingFile_ShouldReturnNumberedVersion" storage="/users/santibraida/workspace/comprobantes/filecontentrenamer.tests/bin/debug/net9.0/filecontentrenamer.tests.dll" id="50fa8f71-8d78-c5b2-6484-06fffd5546d4">
      <Execution id="33333fe2-3ce6-402a-a6c2-8217547953d3" />
      <TestMethod codeBase="/Users/santibraida/Workspace/comprobantes/FileContentRenamer.Tests/bin/Debug/net9.0/FileContentRenamer.Tests.dll" adapterTypeName="executor://xunit/VsTestRunner3/netcore/" className="FileContentRenamer.Tests.Services.FilenameGeneratorTests" name="GenerateUniqueFilename_WithExistingFile_ShouldReturnNumberedVersion" />
    </UnitTest>
    <UnitTest name="FileContentRenamer.Tests.Services.FileServiceTests.ProcessFilesAsync_WithSubdirectories_ShouldProcessAllFiles" storage="/users/santibraida/workspace/comprobantes/filecontentrenamer.tests/bin/debug/net9.0/filecontentrenamer.tests.dll" id="1f6f6946-e988-6d1a-ad4a-0a9338273d33">
      <Execution id="dbaed5f4-fd21-4efc-9a8a-41a38fece51a" />
      <TestMethod codeBase="/Users/santibraida/Workspace/comprobantes/FileContentRenamer.Tests/bin/Debug/net9.0/FileContentRenamer.Tests.dll" adapterTypeName="executor://xunit/VsTestRunner3/netcore/" className="FileContentRenamer.Tests.Services.FileServiceTests" name="ProcessFilesAsync_WithSubdirectories_ShouldProcessAllFiles" />
    </UnitTest>
    <UnitTest name="FileContentRenamer.Tests.Services.DateExtractorTests.ExtractDateFromContent_WithEmissionDateFormat_ShouldReturnCorrectDate" storage="/users/santibraida/workspace/comprobantes/filecontentrenamer.tests/bin/debug/net9.0/filecontentrenamer.tests.dll" id="9bedcbf1-e681-ce6a-b113-25e2deb4a524">
      <Execution id="5f7db950-8d02-4e81-93b5-6bb362be44e6" />
      <TestMethod codeBase="/Users/santibraida/Workspace/comprobantes/FileContentRenamer.Tests/bin/Debug/net9.0/FileContentRenamer.Tests.dll" adapterTypeName="executor://xunit/VsTestRunner3/netcore/" className="FileContentRenamer.Tests.Services.DateExtractorTests" name="ExtractDateFromContent_WithEmissionDateFormat_ShouldReturnCorrectDate" />
    </UnitTest>
    <UnitTest name="FileContentRenamer.Tests.Services.DirectoryOrganizerTests.OrganizeFileIntoDirectoryStructure_AlreadyInCorrectStructure_ShouldReturnSamePath" storage="/users/santibraida/workspace/comprobantes/filecontentrenamer.tests/bin/debug/net9.0/filecontentrenamer.tests.dll" id="1f3ff8e1-e91a-ea79-b96f-cb3e726fda8c">
      <Execution id="1160314b-ea01-4ff7-9073-dc1a05da66ec" />
      <TestMethod codeBase="/Users/santibraida/Workspace/comprobantes/FileContentRenamer.Tests/bin/Debug/net9.0/FileContentRenamer.Tests.dll" adapterTypeName="executor://xunit/VsTestRunner3/netcore/" className="FileContentRenamer.Tests.Services.DirectoryOrganizerTests" name="OrganizeFileIntoDirectoryStructure_AlreadyInCorrectStructure_ShouldReturnSamePath" />
    </UnitTest>
    <UnitTest name="FileContentRenamer.Tests.Services.DateExtractorEnhancedTests.ExtractDateFromContent_WithSpanishMonthNames_ShouldExtractCorrectDate(content: &quot;12 de agosto de 2024&quot;, expected: &quot;2024-08-12&quot;)" storage="/users/santibraida/workspace/comprobantes/filecontentrenamer.tests/bin/debug/net9.0/filecontentrenamer.tests.dll" id="c9f9f522-4b83-609d-2327-1c8086382b29">
      <Execution id="320a9833-ff9b-4737-84ea-6f667690ae3e" />
      <TestMethod codeBase="/Users/santibraida/Workspace/comprobantes/FileContentRenamer.Tests/bin/Debug/net9.0/FileContentRenamer.Tests.dll" adapterTypeName="executor://xunit/VsTestRunner3/netcore/" className="FileContentRenamer.Tests.Services.DateExtractorEnhancedTests" name="ExtractDateFromContent_WithSpanishMonthNames_ShouldExtractCorrectDate" />
    </UnitTest>
    <UnitTest name="FileContentRenamer.Tests.Services.DateExtractorAdditionalTests.ExtractDateFromContent_WithVariousFormats_ShouldReturnCorrectDate(content: &quot;2023/01/01 - Inicio del año&quot;, expected: &quot;2023-01-01&quot;)" storage="/users/santibraida/workspace/comprobantes/filecontentrenamer.tests/bin/debug/net9.0/filecontentrenamer.tests.dll" id="9bae256a-0c87-b6af-b540-e203a8f6e7f7">
      <Execution id="0fedbf74-ed37-457c-ac45-c5c658c8be44" />
      <TestMethod codeBase="/Users/santibraida/Workspace/comprobantes/FileContentRenamer.Tests/bin/Debug/net9.0/FileContentRenamer.Tests.dll" adapterTypeName="executor://xunit/VsTestRunner3/netcore/" className="FileContentRenamer.Tests.Services.DateExtractorAdditionalTests" name="ExtractDateFromContent_WithVariousFormats_ShouldReturnCorrectDate" />
    </UnitTest>
    <UnitTest name="FileContentRenamer.Tests.Models.NamingRulesTests.GenerateFilename_WithMinimalGenericContent_ShouldUseOriginalDate" storage="/users/santibraida/workspace/comprobantes/filecontentrenamer.tests/bin/debug/net9.0/filecontentrenamer.tests.dll" id="55667650-7485-4ca3-fd19-23d2a7a126c7">
      <Execution id="7ee2ceb4-4040-4e72-bd9a-3e97ec0b8261" />
      <TestMethod codeBase="/Users/santibraida/Workspace/comprobantes/FileContentRenamer.Tests/bin/Debug/net9.0/FileContentRenamer.Tests.dll" adapterTypeName="executor://xunit/VsTestRunner3/netcore/" className="FileContentRenamer.Tests.Models.NamingRulesTests" name="GenerateFilename_WithMinimalGenericContent_ShouldUseOriginalDate" />
    </UnitTest>
    <UnitTest name="FileContentRenamer.Tests.Services.DateExtractorEnhancedTests.ExtractDateFromContent_WithDueDateFormats_ShouldExtractCorrectDate(content: &quot;Due date: 31/12/2023&quot;, expected: &quot;2023-12-31&quot;)" storage="/users/santibraida/workspace/comprobantes/filecontentrenamer.tests/bin/debug/net9.0/filecontentrenamer.tests.dll" id="d4b98c45-9a1e-d6b8-be91-2e570dc7af05">
      <Execution id="75b8b058-6507-419d-a4cb-f73644696d69" />
      <TestMethod codeBase="/Users/santibraida/Workspace/comprobantes/FileContentRenamer.Tests/bin/Debug/net9.0/FileContentRenamer.Tests.dll" adapterTypeName="executor://xunit/VsTestRunner3/netcore/" className="FileContentRenamer.Tests.Services.DateExtractorEnhancedTests" name="ExtractDateFromContent_WithDueDateFormats_ShouldExtractCorrectDate" />
    </UnitTest>
    <UnitTest name="FileContentRenamer.Tests.Services.FileValidatorTests.ValidateFileSize_WithNormalFile_ShouldNotThrow" storage="/users/santibraida/workspace/comprobantes/filecontentrenamer.tests/bin/debug/net9.0/filecontentrenamer.tests.dll" id="01a2041b-e2e4-e363-0b4d-3c74dc73e548">
      <Execution id="16973f93-7cd7-4c60-a2eb-15c5840b25f5" />
      <TestMethod codeBase="/Users/santibraida/Workspace/comprobantes/FileContentRenamer.Tests/bin/Debug/net9.0/FileContentRenamer.Tests.dll" adapterTypeName="executor://xunit/VsTestRunner3/netcore/" className="FileContentRenamer.Tests.Services.FileValidatorTests" name="ValidateFileSize_WithNormalFile_ShouldNotThrow" />
    </UnitTest>
    <UnitTest name="FileContentRenamer.Tests.Configuration.ServiceConfigurationTests.ConfigureServices_ShouldRegisterFileProcessors" storage="/users/santibraida/workspace/comprobantes/filecontentrenamer.tests/bin/debug/net9.0/filecontentrenamer.tests.dll" id="85677dc2-59d0-24ec-6909-57399a83a6f9">
      <Execution id="d7c12dcc-4ee7-4693-9358-874576734e1f" />
      <TestMethod codeBase="/Users/santibraida/Workspace/comprobantes/FileContentRenamer.Tests/bin/Debug/net9.0/FileContentRenamer.Tests.dll" adapterTypeName="executor://xunit/VsTestRunner3/netcore/" className="FileContentRenamer.Tests.Configuration.ServiceConfigurationTests" name="ConfigureServices_ShouldRegisterFileProcessors" />
    </UnitTest>
    <UnitTest name="FileContentRenamer.Tests.Services.DateExtractorEnhancedTests.ExtractDateFromContent_WithEnglishMonthNames_ShouldExtractCorrectDate(content: &quot;December 31, 2023&quot;, expected: &quot;2023-12-31&quot;)" storage="/users/santibraida/workspace/comprobantes/filecontentrenamer.tests/bin/debug/net9.0/filecontentrenamer.tests.dll" id="6a912e50-7a09-63ff-d5b2-de63013b5af1">
      <Execution id="8dc17d58-4dee-4b00-9c74-42a09e7036c1" />
      <TestMethod codeBase="/Users/santibraida/Workspace/comprobantes/FileContentRenamer.Tests/bin/Debug/net9.0/FileContentRenamer.Tests.dll" adapterTypeName="executor://xunit/VsTestRunner3/netcore/" className="FileContentRenamer.Tests.Services.DateExtractorEnhancedTests" name="ExtractDateFromContent_WithEnglishMonthNames_ShouldExtractCorrectDate" />
    </UnitTest>
    <UnitTest name="FileContentRenamer.Tests.Services.FileServiceTests.ProcessFilesAsync_WithInvalidConfiguration_ShouldReturnEarly" storage="/users/santibraida/workspace/comprobantes/filecontentrenamer.tests/bin/debug/net9.0/filecontentrenamer.tests.dll" id="d0d2c3b5-6a63-09c0-0a9b-894aa7a6f45d">
      <Execution id="d1432939-cde1-42ea-a765-2167a18b054d" />
      <TestMethod codeBase="/Users/santibraida/Workspace/comprobantes/FileContentRenamer.Tests/bin/Debug/net9.0/FileContentRenamer.Tests.dll" adapterTypeName="executor://xunit/VsTestRunner3/netcore/" className="FileContentRenamer.Tests.Services.FileServiceTests" name="ProcessFilesAsync_WithInvalidConfiguration_ShouldReturnEarly" />
    </UnitTest>
    <UnitTest name="FileContentRenamer.Tests.Services.DirectoryOrganizerAdditionalTests.OrganizeFileIntoDirectoryStructure_WithAllMonths_ShouldCreateCorrectStructure(dateStr: &quot;2023-06-25&quot;, expectedMonth: &quot;06_junio&quot;)" storage="/users/santibraida/workspace/comprobantes/filecontentrenamer.tests/bin/debug/net9.0/filecontentrenamer.tests.dll" id="a00161a9-0529-e732-0088-1c7763cce2e1">
      <Execution id="a664228e-ba3e-4770-99d5-bca90c6294a7" />
      <TestMethod codeBase="/Users/santibraida/Workspace/comprobantes/FileContentRenamer.Tests/bin/Debug/net9.0/FileContentRenamer.Tests.dll" adapterTypeName="executor://xunit/VsTestRunner3/netcore/" className="FileContentRenamer.Tests.Services.DirectoryOrganizerAdditionalTests" name="OrganizeFileIntoDirectoryStructure_WithAllMonths_ShouldCreateCorrectStructure" />
    </UnitTest>
    <UnitTest name="FileContentRenamer.Tests.Services.DateExtractorEnhancedTests.ExtractDateFromContent_WithEnglishMonthNames_ShouldExtractCorrectDate(content: &quot;April 20, 2024&quot;, expected: &quot;2024-04-20&quot;)" storage="/users/santibraida/workspace/comprobantes/filecontentrenamer.tests/bin/debug/net9.0/filecontentrenamer.tests.dll" id="48a6510a-dc10-0cb2-8d7a-5592bba8bb0e">
      <Execution id="882c1ea3-b286-46ed-ac99-c1c72f26f96f" />
      <TestMethod codeBase="/Users/santibraida/Workspace/comprobantes/FileContentRenamer.Tests/bin/Debug/net9.0/FileContentRenamer.Tests.dll" adapterTypeName="executor://xunit/VsTestRunner3/netcore/" className="FileContentRenamer.Tests.Services.DateExtractorEnhancedTests" name="ExtractDateFromContent_WithEnglishMonthNames_ShouldExtractCorrectDate" />
    </UnitTest>
    <UnitTest name="FileContentRenamer.Tests.Models.NamingRuleTests.Matches_WithMissingKeywords_ShouldReturnFalse" storage="/users/santibraida/workspace/comprobantes/filecontentrenamer.tests/bin/debug/net9.0/filecontentrenamer.tests.dll" id="673ac6d3-d960-9ab3-69aa-92efadf19225">
      <Execution id="b1b330a6-35f5-405c-884d-a211b4264846" />
      <TestMethod codeBase="/Users/santibraida/Workspace/comprobantes/FileContentRenamer.Tests/bin/Debug/net9.0/FileContentRenamer.Tests.dll" adapterTypeName="executor://xunit/VsTestRunner3/netcore/" className="FileContentRenamer.Tests.Models.NamingRuleTests" name="Matches_WithMissingKeywords_ShouldReturnFalse" />
    </UnitTest>
    <UnitTest name="FileContentRenamer.Tests.Services.PdfProcessorTests.CanProcess_WithNonPdfExtension_ShouldReturnFalse(filename: &quot;test.txt&quot;)" storage="/users/santibraida/workspace/comprobantes/filecontentrenamer.tests/bin/debug/net9.0/filecontentrenamer.tests.dll" id="8031668c-d19b-b8db-0235-3b555a1ef3fc">
      <Execution id="95ceb3cb-98cd-4677-a05d-575e0594ec5f" />
      <TestMethod codeBase="/Users/santibraida/Workspace/comprobantes/FileContentRenamer.Tests/bin/Debug/net9.0/FileContentRenamer.Tests.dll" adapterTypeName="executor://xunit/VsTestRunner3/netcore/" className="FileContentRenamer.Tests.Services.PdfProcessorTests" name="CanProcess_WithNonPdfExtension_ShouldReturnFalse" />
    </UnitTest>
    <UnitTest name="FileContentRenamer.Tests.Services.ImageProcessorTests.Constructor_WithNonExistentTesseractDataPath_ShouldCreateDirectory" storage="/users/santibraida/workspace/comprobantes/filecontentrenamer.tests/bin/debug/net9.0/filecontentrenamer.tests.dll" id="7511a43c-a4b1-13d6-6238-776526db53ad">
      <Execution id="c6615497-e2f5-4aae-b656-ad7f601a596c" />
      <TestMethod codeBase="/Users/santibraida/Workspace/comprobantes/FileContentRenamer.Tests/bin/Debug/net9.0/FileContentRenamer.Tests.dll" adapterTypeName="executor://xunit/VsTestRunner3/netcore/" className="FileContentRenamer.Tests.Services.ImageProcessorTests" name="Constructor_WithNonExistentTesseractDataPath_ShouldCreateDirectory" />
    </UnitTest>
    <UnitTest name="FileContentRenamer.Tests.Services.DateExtractorEnhancedTests.ExtractDateFromContent_WithEnglishMonthNames_ShouldExtractCorrectDate(content: &quot;November 08, 2024&quot;, expected: &quot;2024-11-08&quot;)" storage="/users/santibraida/workspace/comprobantes/filecontentrenamer.tests/bin/debug/net9.0/filecontentrenamer.tests.dll" id="4e59c08a-24aa-a191-ba17-e795fcc7e3cc">
      <Execution id="4a4adc1d-f438-4b3a-8b5b-134af2efb6fa" />
      <TestMethod codeBase="/Users/santibraida/Workspace/comprobantes/FileContentRenamer.Tests/bin/Debug/net9.0/FileContentRenamer.Tests.dll" adapterTypeName="executor://xunit/VsTestRunner3/netcore/" className="FileContentRenamer.Tests.Services.DateExtractorEnhancedTests" name="ExtractDateFromContent_WithEnglishMonthNames_ShouldExtractCorrectDate" />
    </UnitTest>
    <UnitTest name="FileContentRenamer.Tests.Services.DateExtractorEnhancedTests.ExtractDateFromContent_WithSpanishMonthNames_ShouldExtractCorrectDate(content: &quot;25 de julio de 2024&quot;, expected: &quot;2024-07-25&quot;)" storage="/users/santibraida/workspace/comprobantes/filecontentrenamer.tests/bin/debug/net9.0/filecontentrenamer.tests.dll" id="7239fabf-9116-6496-c436-583670722822">
      <Execution id="5d1b180b-2fd3-49d5-8276-2225a526c0d2" />
      <TestMethod codeBase="/Users/santibraida/Workspace/comprobantes/FileContentRenamer.Tests/bin/Debug/net9.0/FileContentRenamer.Tests.dll" adapterTypeName="executor://xunit/VsTestRunner3/netcore/" className="FileContentRenamer.Tests.Services.DateExtractorEnhancedTests" name="ExtractDateFromContent_WithSpanishMonthNames_ShouldExtractCorrectDate" />
    </UnitTest>
    <UnitTest name="FileContentRenamer.Tests.Services.PdfProcessorTests.ExtractContentAsync_WithInvalidPdfFile_ShouldReturnEmptyString" storage="/users/santibraida/workspace/comprobantes/filecontentrenamer.tests/bin/debug/net9.0/filecontentrenamer.tests.dll" id="5203fca7-8d46-0785-3587-4e70c16ca73b">
      <Execution id="6c1c97a6-f4df-4105-907d-44f3d591b4a3" />
      <TestMethod codeBase="/Users/santibraida/Workspace/comprobantes/FileContentRenamer.Tests/bin/Debug/net9.0/FileContentRenamer.Tests.dll" adapterTypeName="executor://xunit/VsTestRunner3/netcore/" className="FileContentRenamer.Tests.Services.PdfProcessorTests" name="ExtractContentAsync_WithInvalidPdfFile_ShouldReturnEmptyString" />
    </UnitTest>
    <UnitTest name="FileContentRenamer.Tests.Services.DateExtractorEnhancedTests.ExtractDateFromContent_WithSlashDateFormats_ShouldExtractCorrectDate(content: &quot;FECHA: 2023/06/30&quot;, expected: &quot;2023-06-30&quot;)" storage="/users/santibraida/workspace/comprobantes/filecontentrenamer.tests/bin/debug/net9.0/filecontentrenamer.tests.dll" id="e8cf8bc3-bef0-2e30-44c8-004b4f2caf38">
      <Execution id="ae678f8b-85f3-46c1-a335-d346554cdb22" />
      <TestMethod codeBase="/Users/santibraida/Workspace/comprobantes/FileContentRenamer.Tests/bin/Debug/net9.0/FileContentRenamer.Tests.dll" adapterTypeName="executor://xunit/VsTestRunner3/netcore/" className="FileContentRenamer.Tests.Services.DateExtractorEnhancedTests" name="ExtractDateFromContent_WithSlashDateFormats_ShouldExtractCorrectDate" />
    </UnitTest>
    <UnitTest name="FileContentRenamer.Tests.Models.AppConfigTests.SaveLastUsedPath_ShouldUpdateConfigFile" storage="/users/santibraida/workspace/comprobantes/filecontentrenamer.tests/bin/debug/net9.0/filecontentrenamer.tests.dll" id="f7bbc740-e3de-3780-77bc-e74850eb0f4f">
      <Execution id="b5a1822b-a27f-458e-b0b8-4ce1384e9f27" />
      <TestMethod codeBase="/Users/santibraida/Workspace/comprobantes/FileContentRenamer.Tests/bin/Debug/net9.0/FileContentRenamer.Tests.dll" adapterTypeName="executor://xunit/VsTestRunner3/netcore/" className="FileContentRenamer.Tests.Models.AppConfigTests" name="SaveLastUsedPath_ShouldUpdateConfigFile" />
    </UnitTest>
    <UnitTest name="FileContentRenamer.Tests.Models.NamingRulesTests.GenerateFilename_WithDateOverrideButRichContent_ShouldUseOriginalDate" storage="/users/santibraida/workspace/comprobantes/filecontentrenamer.tests/bin/debug/net9.0/filecontentrenamer.tests.dll" id="f74a6a94-f390-b5f6-1cb3-44e2f343eb63">
      <Execution id="5dc11076-b098-48b3-8178-611c16cfb06a" />
      <TestMethod codeBase="/Users/santibraida/Workspace/comprobantes/FileContentRenamer.Tests/bin/Debug/net9.0/FileContentRenamer.Tests.dll" adapterTypeName="executor://xunit/VsTestRunner3/netcore/" className="FileContentRenamer.Tests.Models.NamingRulesTests" name="GenerateFilename_WithDateOverrideButRichContent_ShouldUseOriginalDate" />
    </UnitTest>
    <UnitTest name="FileContentRenamer.Tests.Services.FilenameGeneratorTests.IsAlreadyNamedFilename_WithCorrectFormat_ShouldReturnTrue" storage="/users/santibraida/workspace/comprobantes/filecontentrenamer.tests/bin/debug/net9.0/filecontentrenamer.tests.dll" id="9f3779e0-204e-fe43-610e-1a907c82fa52">
      <Execution id="179dbf1a-d0bb-457d-84f7-7c95c3891d92" />
      <TestMethod codeBase="/Users/santibraida/Workspace/comprobantes/FileContentRenamer.Tests/bin/Debug/net9.0/FileContentRenamer.Tests.dll" adapterTypeName="executor://xunit/VsTestRunner3/netcore/" className="FileContentRenamer.Tests.Services.FilenameGeneratorTests" name="IsAlreadyNamedFilename_WithCorrectFormat_ShouldReturnTrue" />
    </UnitTest>
    <UnitTest name="FileContentRenamer.Tests.Services.DateExtractorEnhancedTests.ExtractDateFromContent_WithEnglishMonthNames_ShouldExtractCorrectDate(content: &quot;July 25, 2024&quot;, expected: &quot;2024-07-25&quot;)" storage="/users/santibraida/workspace/comprobantes/filecontentrenamer.tests/bin/debug/net9.0/filecontentrenamer.tests.dll" id="c0c23407-c0bb-d9dd-2e15-e5b17c8fd768">
      <Execution id="2d2ecf2e-23ac-4081-b0bb-085b78bb1516" />
      <TestMethod codeBase="/Users/santibraida/Workspace/comprobantes/FileContentRenamer.Tests/bin/Debug/net9.0/FileContentRenamer.Tests.dll" adapterTypeName="executor://xunit/VsTestRunner3/netcore/" className="FileContentRenamer.Tests.Services.DateExtractorEnhancedTests" name="ExtractDateFromContent_WithEnglishMonthNames_ShouldExtractCorrectDate" />
    </UnitTest>
    <UnitTest name="FileContentRenamer.Tests.Services.TextProcessorTests.ExtractContentAsync_WithExactly1000Characters_ShouldReturnAllContent" storage="/users/santibraida/workspace/comprobantes/filecontentrenamer.tests/bin/debug/net9.0/filecontentrenamer.tests.dll" id="ae46ec5c-7f7f-c8d8-b22b-c6a93692a055">
      <Execution id="29cdb7c5-d558-4281-927f-c0af5f62bbda" />
      <TestMethod codeBase="/Users/santibraida/Workspace/comprobantes/FileContentRenamer.Tests/bin/Debug/net9.0/FileContentRenamer.Tests.dll" adapterTypeName="executor://xunit/VsTestRunner3/netcore/" className="FileContentRenamer.Tests.Services.TextProcessorTests" name="ExtractContentAsync_WithExactly1000Characters_ShouldReturnAllContent" />
    </UnitTest>
    <UnitTest name="FileContentRenamer.Tests.Services.FileValidatorTests.ShouldProcessFile_WithDifferentCasing_ShouldBeCaseInsensitive(filename: &quot;test.Pdf&quot;)" storage="/users/santibraida/workspace/comprobantes/filecontentrenamer.tests/bin/debug/net9.0/filecontentrenamer.tests.dll" id="1fee9821-3919-b84e-fa07-8bc4fb6625e5">
      <Execution id="a64c7c4f-a2b3-4d09-a9cb-33c7fd52a003" />
      <TestMethod codeBase="/Users/santibraida/Workspace/comprobantes/FileContentRenamer.Tests/bin/Debug/net9.0/FileContentRenamer.Tests.dll" adapterTypeName="executor://xunit/VsTestRunner3/netcore/" className="FileContentRenamer.Tests.Services.FileValidatorTests" name="ShouldProcessFile_WithDifferentCasing_ShouldBeCaseInsensitive" />
    </UnitTest>
    <UnitTest name="FileContentRenamer.Tests.Services.FileValidatorTests.ValidateFileSize_WithInvalidPath_ShouldNotThrow" storage="/users/santibraida/workspace/comprobantes/filecontentrenamer.tests/bin/debug/net9.0/filecontentrenamer.tests.dll" id="3890aa01-b165-5f49-b90e-3db1a4c16e7b">
      <Execution id="76938f8a-e860-4732-a4e6-766e165befd8" />
      <TestMethod codeBase="/Users/santibraida/Workspace/comprobantes/FileContentRenamer.Tests/bin/Debug/net9.0/FileContentRenamer.Tests.dll" adapterTypeName="executor://xunit/VsTestRunner3/netcore/" className="FileContentRenamer.Tests.Services.FileValidatorTests" name="ValidateFileSize_WithInvalidPath_ShouldNotThrow" />
    </UnitTest>
    <UnitTest name="FileContentRenamer.Tests.Services.FileValidatorTests.ValidateFileSize_WithLargeFile_ShouldLogWarning" storage="/users/santibraida/workspace/comprobantes/filecontentrenamer.tests/bin/debug/net9.0/filecontentrenamer.tests.dll" id="4cd48cba-1ee4-9efa-c790-541706c3159b">
      <Execution id="8fdd3a68-58ff-4cd6-9563-d7961e7b0a70" />
      <TestMethod codeBase="/Users/santibraida/Workspace/comprobantes/FileContentRenamer.Tests/bin/Debug/net9.0/FileContentRenamer.Tests.dll" adapterTypeName="executor://xunit/VsTestRunner3/netcore/" className="FileContentRenamer.Tests.Services.FileValidatorTests" name="ValidateFileSize_WithLargeFile_ShouldLogWarning" />
    </UnitTest>
    <UnitTest name="FileContentRenamer.Tests.Services.DateExtractorEnhancedTests.ExtractDateFromContent_WithNoDates_ShouldReturnEmptyString(content: &quot;No dates here at all&quot;)" storage="/users/santibraida/workspace/comprobantes/filecontentrenamer.tests/bin/debug/net9.0/filecontentrenamer.tests.dll" id="e79afc88-c7a0-bcac-2c83-9a8e654af181">
      <Execution id="8f778402-f4d3-4b8f-88db-55f84c878d3d" />
      <TestMethod codeBase="/Users/santibraida/Workspace/comprobantes/FileContentRenamer.Tests/bin/Debug/net9.0/FileContentRenamer.Tests.dll" adapterTypeName="executor://xunit/VsTestRunner3/netcore/" className="FileContentRenamer.Tests.Services.DateExtractorEnhancedTests" name="ExtractDateFromContent_WithNoDates_ShouldReturnEmptyString" />
    </UnitTest>
    <UnitTest name="FileContentRenamer.Tests.Services.DateExtractorTests.ExtractDateFromFilename_WithVariousValidFormats_ShouldReturnCorrectDates(filename: &quot;test_2023-12-31_method&quot;, expected: &quot;2023-12-31&quot;)" storage="/users/santibraida/workspace/comprobantes/filecontentrenamer.tests/bin/debug/net9.0/filecontentrenamer.tests.dll" id="a973dd7a-7c46-af87-44cd-7bf4a36abf9b">
      <Execution id="94a8e38f-5681-421e-bd6f-d7e6fd5cd7e8" />
      <TestMethod codeBase="/Users/santibraida/Workspace/comprobantes/FileContentRenamer.Tests/bin/Debug/net9.0/FileContentRenamer.Tests.dll" adapterTypeName="executor://xunit/VsTestRunner3/netcore/" className="FileContentRenamer.Tests.Services.DateExtractorTests" name="ExtractDateFromFilename_WithVariousValidFormats_ShouldReturnCorrectDates" />
    </UnitTest>
    <UnitTest name="FileContentRenamer.Tests.Models.NamingRulesTests.Constructor_WithParameters_ShouldSetValues" storage="/users/santibraida/workspace/comprobantes/filecontentrenamer.tests/bin/debug/net9.0/filecontentrenamer.tests.dll" id="74c0392b-8615-24d3-2fd0-e6af46d2098a">
      <Execution id="1dce18de-24cc-4ad5-837c-6b5e2046071b" />
      <TestMethod codeBase="/Users/santibraida/Workspace/comprobantes/FileContentRenamer.Tests/bin/Debug/net9.0/FileContentRenamer.Tests.dll" adapterTypeName="executor://xunit/VsTestRunner3/netcore/" className="FileContentRenamer.Tests.Models.NamingRulesTests" name="Constructor_WithParameters_ShouldSetValues" />
    </UnitTest>
    <UnitTest name="FileContentRenamer.Tests.Services.DirectoryOrganizerTests.GetMonthName_WithInvalidMonth_ShouldReturnUnknown(monthNumber: -1)" storage="/users/santibraida/workspace/comprobantes/filecontentrenamer.tests/bin/debug/net9.0/filecontentrenamer.tests.dll" id="079ffdd2-77ff-69de-b8c6-9423e86a8bc9">
      <Execution id="da5b3f2b-2e7f-46f5-ab99-5cb84c3d4fe4" />
      <TestMethod codeBase="/Users/santibraida/Workspace/comprobantes/FileContentRenamer.Tests/bin/Debug/net9.0/FileContentRenamer.Tests.dll" adapterTypeName="executor://xunit/VsTestRunner3/netcore/" className="FileContentRenamer.Tests.Services.DirectoryOrganizerTests" name="GetMonthName_WithInvalidMonth_ShouldReturnUnknown" />
    </UnitTest>
    <UnitTest name="FileContentRenamer.Tests.Services.FileValidatorTests.ValidateConfiguration_WithNullBasePath_ShouldReturnFalse" storage="/users/santibraida/workspace/comprobantes/filecontentrenamer.tests/bin/debug/net9.0/filecontentrenamer.tests.dll" id="f0195bc9-b668-8b5d-b703-9a52aa1e98e6">
      <Execution id="f3a20a91-7427-4b44-926b-f1e3e962a32e" />
      <TestMethod codeBase="/Users/santibraida/Workspace/comprobantes/FileContentRenamer.Tests/bin/Debug/net9.0/FileContentRenamer.Tests.dll" adapterTypeName="executor://xunit/VsTestRunner3/netcore/" className="FileContentRenamer.Tests.Services.FileValidatorTests" name="ValidateConfiguration_WithNullBasePath_ShouldReturnFalse" />
    </UnitTest>
    <UnitTest name="FileContentRenamer.Tests.Services.DateExtractorTests.ExtractDateFromContent_WithNullContent_ShouldReturnEmptyString" storage="/users/santibraida/workspace/comprobantes/filecontentrenamer.tests/bin/debug/net9.0/filecontentrenamer.tests.dll" id="43108df8-7f9e-e70a-a456-a12f9dd6bbcf">
      <Execution id="d63f1ecf-7f55-4388-9099-dbd6047ea208" />
      <TestMethod codeBase="/Users/santibraida/Workspace/comprobantes/FileContentRenamer.Tests/bin/Debug/net9.0/FileContentRenamer.Tests.dll" adapterTypeName="executor://xunit/VsTestRunner3/netcore/" className="FileContentRenamer.Tests.Services.DateExtractorTests" name="ExtractDateFromContent_WithNullContent_ShouldReturnEmptyString" />
    </UnitTest>
    <UnitTest name="FileContentRenamer.Tests.Services.ImageProcessorTests.ExtractContentAsync_WithMissingTesseractDataPath_ShouldReturnEmpty" storage="/users/santibraida/workspace/comprobantes/filecontentrenamer.tests/bin/debug/net9.0/filecontentrenamer.tests.dll" id="5c3e394b-5635-340f-a8f3-3c152e9b2b47">
      <Execution id="1dc84303-ac9f-4252-83c4-7bc61939b6b5" />
      <TestMethod codeBase="/Users/santibraida/Workspace/comprobantes/FileContentRenamer.Tests/bin/Debug/net9.0/FileContentRenamer.Tests.dll" adapterTypeName="executor://xunit/VsTestRunner3/netcore/" className="FileContentRenamer.Tests.Services.ImageProcessorTests" name="ExtractContentAsync_WithMissingTesseractDataPath_ShouldReturnEmpty" />
    </UnitTest>
    <UnitTest name="FileContentRenamer.Tests.Services.ImageProcessorTests.CanProcess_WithImageExtensions_ShouldReturnTrue(extension: &quot;.jpg&quot;)" storage="/users/santibraida/workspace/comprobantes/filecontentrenamer.tests/bin/debug/net9.0/filecontentrenamer.tests.dll" id="0879aeff-9eea-f072-4fd3-f308a5ff4abd">
      <Execution id="12eae854-ad18-481d-bd25-4d963b1b86e2" />
      <TestMethod codeBase="/Users/santibraida/Workspace/comprobantes/FileContentRenamer.Tests/bin/Debug/net9.0/FileContentRenamer.Tests.dll" adapterTypeName="executor://xunit/VsTestRunner3/netcore/" className="FileContentRenamer.Tests.Services.ImageProcessorTests" name="CanProcess_WithImageExtensions_ShouldReturnTrue" />
    </UnitTest>
    <UnitTest name="FileContentRenamer.Tests.Models.AppConfigTests.SaveLastUsedPath_WithInvalidPath_ShouldNotThrow" storage="/users/santibraida/workspace/comprobantes/filecontentrenamer.tests/bin/debug/net9.0/filecontentrenamer.tests.dll" id="2baaf6a6-6812-8b99-5d21-fa95ac740bec">
      <Execution id="a784196b-062c-4cf5-a10b-fe8a067158cf" />
      <TestMethod codeBase="/Users/santibraida/Workspace/comprobantes/FileContentRenamer.Tests/bin/Debug/net9.0/FileContentRenamer.Tests.dll" adapterTypeName="executor://xunit/VsTestRunner3/netcore/" className="FileContentRenamer.Tests.Models.AppConfigTests" name="SaveLastUsedPath_WithInvalidPath_ShouldNotThrow" />
    </UnitTest>
    <UnitTest name="FileContentRenamer.Tests.Models.NamingRulesTests.FindMatchingRule_WithEmptyContent_ShouldReturnNull" storage="/users/santibraida/workspace/comprobantes/filecontentrenamer.tests/bin/debug/net9.0/filecontentrenamer.tests.dll" id="6d7beee1-1275-7fbd-2196-741c8c2b81ed">
      <Execution id="bd201542-ff7f-4800-9a0a-f511dea10b27" />
      <TestMethod codeBase="/Users/santibraida/Workspace/comprobantes/FileContentRenamer.Tests/bin/Debug/net9.0/FileContentRenamer.Tests.dll" adapterTypeName="executor://xunit/VsTestRunner3/netcore/" className="FileContentRenamer.Tests.Models.NamingRulesTests" name="FindMatchingRule_WithEmptyContent_ShouldReturnNull" />
    </UnitTest>
    <UnitTest name="FileContentRenamer.Tests.Services.DateExtractorEnhancedTests.ExtractDateFromContent_WithSpanishMonthNames_ShouldExtractCorrectDate(content: &quot;22 de octubre de 2024&quot;, expected: &quot;2024-10-22&quot;)" storage="/users/santibraida/workspace/comprobantes/filecontentrenamer.tests/bin/debug/net9.0/filecontentrenamer.tests.dll" id="3e6b0563-b7f7-3fe9-fa34-e4d6b3b87a2b">
      <Execution id="37431fc9-f9cf-47a7-92c6-d828293f2ed1" />
      <TestMethod codeBase="/Users/santibraida/Workspace/comprobantes/FileContentRenamer.Tests/bin/Debug/net9.0/FileContentRenamer.Tests.dll" adapterTypeName="executor://xunit/VsTestRunner3/netcore/" className="FileContentRenamer.Tests.Services.DateExtractorEnhancedTests" name="ExtractDateFromContent_WithSpanishMonthNames_ShouldExtractCorrectDate" />
    </UnitTest>
    <UnitTest name="FileContentRenamer.Tests.Services.DateExtractorTests.ExtractDateFromFilename_WithValidFormat_ShouldReturnCorrectDate" storage="/users/santibraida/workspace/comprobantes/filecontentrenamer.tests/bin/debug/net9.0/filecontentrenamer.tests.dll" id="d4537562-1c96-4e07-3939-b2da6a34e9fc">
      <Execution id="96a8a724-fb87-4de7-a11f-a76e9dc7d76f" />
      <TestMethod codeBase="/Users/santibraida/Workspace/comprobantes/FileContentRenamer.Tests/bin/Debug/net9.0/FileContentRenamer.Tests.dll" adapterTypeName="executor://xunit/VsTestRunner3/netcore/" className="FileContentRenamer.Tests.Services.DateExtractorTests" name="ExtractDateFromFilename_WithValidFormat_ShouldReturnCorrectDate" />
    </UnitTest>
    <UnitTest name="FileContentRenamer.Tests.Services.FileValidatorTests.ShouldProcessFile_WithInvalidExtensions_ShouldReturnFalse(extension: &quot;.xlsx&quot;)" storage="/users/santibraida/workspace/comprobantes/filecontentrenamer.tests/bin/debug/net9.0/filecontentrenamer.tests.dll" id="5d659f4c-0006-5095-6e01-261fba69eeb2">
      <Execution id="832819e6-7c91-48a9-b08e-cf7e26a20340" />
      <TestMethod codeBase="/Users/santibraida/Workspace/comprobantes/FileContentRenamer.Tests/bin/Debug/net9.0/FileContentRenamer.Tests.dll" adapterTypeName="executor://xunit/VsTestRunner3/netcore/" className="FileContentRenamer.Tests.Services.FileValidatorTests" name="ShouldProcessFile_WithInvalidExtensions_ShouldReturnFalse" />
    </UnitTest>
    <UnitTest name="FileContentRenamer.Tests.Services.DateExtractorTests.ExtractDateFromContent_WithVariousGenericDates_ShouldReturnCorrectDates(content: &quot;01/01/2025&quot;, expected: &quot;2025-01-01&quot;)" storage="/users/santibraida/workspace/comprobantes/filecontentrenamer.tests/bin/debug/net9.0/filecontentrenamer.tests.dll" id="a0ca8000-3ed1-5654-296c-23ca811068ca">
      <Execution id="3ae05e70-9beb-41c0-aae3-d28b3132b43f" />
      <TestMethod codeBase="/Users/santibraida/Workspace/comprobantes/FileContentRenamer.Tests/bin/Debug/net9.0/FileContentRenamer.Tests.dll" adapterTypeName="executor://xunit/VsTestRunner3/netcore/" className="FileContentRenamer.Tests.Services.DateExtractorTests" name="ExtractDateFromContent_WithVariousGenericDates_ShouldReturnCorrectDates" />
    </UnitTest>
    <UnitTest name="FileContentRenamer.Tests.Services.DateExtractorTests.ExtractDateFromContent_WithVariousDueDateFormats_ShouldReturnCorrectDates(content: &quot;Vto.:15/03/2024&quot;, expected: &quot;2024-03-15&quot;)" storage="/users/santibraida/workspace/comprobantes/filecontentrenamer.tests/bin/debug/net9.0/filecontentrenamer.tests.dll" id="a4d26202-1548-77e4-c6ee-466955cdb771">
      <Execution id="3e0230eb-2e53-44da-a950-bc104130a042" />
      <TestMethod codeBase="/Users/santibraida/Workspace/comprobantes/FileContentRenamer.Tests/bin/Debug/net9.0/FileContentRenamer.Tests.dll" adapterTypeName="executor://xunit/VsTestRunner3/netcore/" className="FileContentRenamer.Tests.Services.DateExtractorTests" name="ExtractDateFromContent_WithVariousDueDateFormats_ShouldReturnCorrectDates" />
    </UnitTest>
    <UnitTest name="FileContentRenamer.Tests.Services.PdfProcessorTests.ExtractContentAsync_WithNonPdfFile_ShouldThrowException" storage="/users/santibraida/workspace/comprobantes/filecontentrenamer.tests/bin/debug/net9.0/filecontentrenamer.tests.dll" id="de5e6aa9-ab12-14ed-551c-79528da15404">
      <Execution id="23ca2c31-bc36-4aad-8379-8de35e494ed9" />
      <TestMethod codeBase="/Users/santibraida/Workspace/comprobantes/FileContentRenamer.Tests/bin/Debug/net9.0/FileContentRenamer.Tests.dll" adapterTypeName="executor://xunit/VsTestRunner3/netcore/" className="FileContentRenamer.Tests.Services.PdfProcessorTests" name="ExtractContentAsync_WithNonPdfFile_ShouldThrowException" />
    </UnitTest>
    <UnitTest name="FileContentRenamer.Tests.Models.NamingRuleTests.Matches_WithAllKeywordsPresent_ShouldReturnTrue" storage="/users/santibraida/workspace/comprobantes/filecontentrenamer.tests/bin/debug/net9.0/filecontentrenamer.tests.dll" id="be38a0d7-e0e2-fccd-c5e6-b3a3fded648e">
      <Execution id="7f250d3f-809c-45dc-838e-2d4b7cfcf508" />
      <TestMethod codeBase="/Users/santibraida/Workspace/comprobantes/FileContentRenamer.Tests/bin/Debug/net9.0/FileContentRenamer.Tests.dll" adapterTypeName="executor://xunit/VsTestRunner3/netcore/" className="FileContentRenamer.Tests.Models.NamingRuleTests" name="Matches_WithAllKeywordsPresent_ShouldReturnTrue" />
    </UnitTest>
    <UnitTest name="FileContentRenamer.Tests.Services.FileValidatorTests.ShouldProcessFile_WithDifferentCasing_ShouldBeCaseInsensitive(filename: &quot;test.PDF&quot;)" storage="/users/santibraida/workspace/comprobantes/filecontentrenamer.tests/bin/debug/net9.0/filecontentrenamer.tests.dll" id="d0aa19eb-08b4-b4f4-8874-599c8e5e451d">
      <Execution id="0d52b1b4-6188-486a-8aa1-e3589532614d" />
      <TestMethod codeBase="/Users/santibraida/Workspace/comprobantes/FileContentRenamer.Tests/bin/Debug/net9.0/FileContentRenamer.Tests.dll" adapterTypeName="executor://xunit/VsTestRunner3/netcore/" className="FileContentRenamer.Tests.Services.FileValidatorTests" name="ShouldProcessFile_WithDifferentCasing_ShouldBeCaseInsensitive" />
    </UnitTest>
    <UnitTest name="FileContentRenamer.Tests.Services.DirectoryOrganizerTests.IsInYearMonthStructure_WithYearFolder_ShouldReturnTrue" storage="/users/santibraida/workspace/comprobantes/filecontentrenamer.tests/bin/debug/net9.0/filecontentrenamer.tests.dll" id="795f8691-da02-dc90-c006-df2b05e484b8">
      <Execution id="cb45cead-3f7b-44e0-afc9-53370af40a00" />
      <TestMethod codeBase="/Users/santibraida/Workspace/comprobantes/FileContentRenamer.Tests/bin/Debug/net9.0/FileContentRenamer.Tests.dll" adapterTypeName="executor://xunit/VsTestRunner3/netcore/" className="FileContentRenamer.Tests.Services.DirectoryOrganizerTests" name="IsInYearMonthStructure_WithYearFolder_ShouldReturnTrue" />
    </UnitTest>
    <UnitTest name="FileContentRenamer.Tests.Services.DateExtractorAdditionalTests.ExtractDateFromContent_WithMultipleDates_ShouldReturnFirst" storage="/users/santibraida/workspace/comprobantes/filecontentrenamer.tests/bin/debug/net9.0/filecontentrenamer.tests.dll" id="1b098cf3-2b75-710f-6b41-a5d341a48290">
      <Execution id="99602306-8153-4abd-b1e3-95fe31eb23ff" />
      <TestMethod codeBase="/Users/santibraida/Workspace/comprobantes/FileContentRenamer.Tests/bin/Debug/net9.0/FileContentRenamer.Tests.dll" adapterTypeName="executor://xunit/VsTestRunner3/netcore/" className="FileContentRenamer.Tests.Services.DateExtractorAdditionalTests" name="ExtractDateFromContent_WithMultipleDates_ShouldReturnFirst" />
    </UnitTest>
    <UnitTest name="FileContentRenamer.Tests.Services.FilenameGeneratorTests.IsAlreadyNamedFilename_WithValidFormats_ShouldReturnTrue(filename: &quot;company_2025-01-01_bank&quot;)" storage="/users/santibraida/workspace/comprobantes/filecontentrenamer.tests/bin/debug/net9.0/filecontentrenamer.tests.dll" id="95464817-3328-92d5-e9f2-a7a51a663358">
      <Execution id="2d7a80ee-9927-4b38-84a8-008d6c4ac403" />
      <TestMethod codeBase="/Users/santibraida/Workspace/comprobantes/FileContentRenamer.Tests/bin/Debug/net9.0/FileContentRenamer.Tests.dll" adapterTypeName="executor://xunit/VsTestRunner3/netcore/" className="FileContentRenamer.Tests.Services.FilenameGeneratorTests" name="IsAlreadyNamedFilename_WithValidFormats_ShouldReturnTrue" />
    </UnitTest>
    <UnitTest name="FileContentRenamer.Tests.Services.DateExtractorEnhancedTests.ExtractDateFromContent_WithSpanishMonthNames_ShouldExtractCorrectDate(content: &quot;15 de marzo de 2024&quot;, expected: &quot;2024-03-15&quot;)" storage="/users/santibraida/workspace/comprobantes/filecontentrenamer.tests/bin/debug/net9.0/filecontentrenamer.tests.dll" id="7c85376b-9163-f9b7-b4c0-1ab17dbae524">
      <Execution id="2b0020f2-c095-4453-9d02-5511dd53aba6" />
      <TestMethod codeBase="/Users/santibraida/Workspace/comprobantes/FileContentRenamer.Tests/bin/Debug/net9.0/FileContentRenamer.Tests.dll" adapterTypeName="executor://xunit/VsTestRunner3/netcore/" className="FileContentRenamer.Tests.Services.DateExtractorEnhancedTests" name="ExtractDateFromContent_WithSpanishMonthNames_ShouldExtractCorrectDate" />
    </UnitTest>
    <UnitTest name="FileContentRenamer.Tests.Services.ImageProcessorTests.ExtractContentAsync_WithNonExistentFile_ShouldReturnEmptyString" storage="/users/santibraida/workspace/comprobantes/filecontentrenamer.tests/bin/debug/net9.0/filecontentrenamer.tests.dll" id="2096051f-0719-d6b7-7ba6-a9c6fbdaed26">
      <Execution id="08fe4c6c-93c0-47af-b183-03f8ef676ad8" />
      <TestMethod codeBase="/Users/santibraida/Workspace/comprobantes/FileContentRenamer.Tests/bin/Debug/net9.0/FileContentRenamer.Tests.dll" adapterTypeName="executor://xunit/VsTestRunner3/netcore/" className="FileContentRenamer.Tests.Services.ImageProcessorTests" name="ExtractContentAsync_WithNonExistentFile_ShouldReturnEmptyString" />
    </UnitTest>
    <UnitTest name="FileContentRenamer.Tests.Services.FileValidatorTests.ShouldProcessFile_WithFileExtensionsContainingNulls_ShouldHandleGracefully" storage="/users/santibraida/workspace/comprobantes/filecontentrenamer.tests/bin/debug/net9.0/filecontentrenamer.tests.dll" id="f4d3ad23-32ef-7284-391b-46eb33d6f78f">
      <Execution id="db25ee68-4d37-42d9-9270-c42a9de37819" />
      <TestMethod codeBase="/Users/santibraida/Workspace/comprobantes/FileContentRenamer.Tests/bin/Debug/net9.0/FileContentRenamer.Tests.dll" adapterTypeName="executor://xunit/VsTestRunner3/netcore/" className="FileContentRenamer.Tests.Services.FileValidatorTests" name="ShouldProcessFile_WithFileExtensionsContainingNulls_ShouldHandleGracefully" />
    </UnitTest>
    <UnitTest name="FileContentRenamer.Tests.Services.DirectoryOrganizerAdditionalTests.OrganizeFileIntoDirectoryStructure_WithAllMonths_ShouldCreateCorrectStructure(dateStr: &quot;2023-09-12&quot;, expectedMonth: &quot;09_septiembre&quot;)" storage="/users/santibraida/workspace/comprobantes/filecontentrenamer.tests/bin/debug/net9.0/filecontentrenamer.tests.dll" id="02dcd1d3-0988-28d1-20dc-c85edfbd2722">
      <Execution id="241e51ab-91d3-4a05-891b-41b6b2e0d889" />
      <TestMethod codeBase="/Users/santibraida/Workspace/comprobantes/FileContentRenamer.Tests/bin/Debug/net9.0/FileContentRenamer.Tests.dll" adapterTypeName="executor://xunit/VsTestRunner3/netcore/" className="FileContentRenamer.Tests.Services.DirectoryOrganizerAdditionalTests" name="OrganizeFileIntoDirectoryStructure_WithAllMonths_ShouldCreateCorrectStructure" />
    </UnitTest>
    <UnitTest name="FileContentRenamer.Tests.Models.AppConfigTests.LoadFromConfiguration_WithEmptyConfig_ShouldThrowException" storage="/users/santibraida/workspace/comprobantes/filecontentrenamer.tests/bin/debug/net9.0/filecontentrenamer.tests.dll" id="4216934b-235a-6efa-b1f2-737b953f21df">
      <Execution id="10402a78-a163-499b-afc4-1a6013e3e52d" />
      <TestMethod codeBase="/Users/santibraida/Workspace/comprobantes/FileContentRenamer.Tests/bin/Debug/net9.0/FileContentRenamer.Tests.dll" adapterTypeName="executor://xunit/VsTestRunner3/netcore/" className="FileContentRenamer.Tests.Models.AppConfigTests" name="LoadFromConfiguration_WithEmptyConfig_ShouldThrowException" />
    </UnitTest>
    <UnitTest name="FileContentRenamer.Tests.Services.DateExtractorAdditionalTests.ExtractDateFromContent_WithEmptyOrInvalidContent_ShouldReturnEmpty(content: &quot;123456789&quot;)" storage="/users/santibraida/workspace/comprobantes/filecontentrenamer.tests/bin/debug/net9.0/filecontentrenamer.tests.dll" id="237c8a8a-8a7f-5e52-4c92-218965c8bbd4">
      <Execution id="6f6227fb-dbdb-4841-80f1-ce6e6fe3d2c4" />
      <TestMethod codeBase="/Users/santibraida/Workspace/comprobantes/FileContentRenamer.Tests/bin/Debug/net9.0/FileContentRenamer.Tests.dll" adapterTypeName="executor://xunit/VsTestRunner3/netcore/" className="FileContentRenamer.Tests.Services.DateExtractorAdditionalTests" name="ExtractDateFromContent_WithEmptyOrInvalidContent_ShouldReturnEmpty" />
    </UnitTest>
    <UnitTest name="FileContentRenamer.Tests.Models.AppConfigTests.LoadFromConfiguration_WithMissingConfigFile_ShouldThrowException" storage="/users/santibraida/workspace/comprobantes/filecontentrenamer.tests/bin/debug/net9.0/filecontentrenamer.tests.dll" id="e6f8099a-7c83-15b0-1a09-13322c0e5611">
      <Execution id="c7d7e4c0-1e6d-4a77-aa52-60e63c760066" />
      <TestMethod codeBase="/Users/santibraida/Workspace/comprobantes/FileContentRenamer.Tests/bin/Debug/net9.0/FileContentRenamer.Tests.dll" adapterTypeName="executor://xunit/VsTestRunner3/netcore/" className="FileContentRenamer.Tests.Models.AppConfigTests" name="LoadFromConfiguration_WithMissingConfigFile_ShouldThrowException" />
    </UnitTest>
    <UnitTest name="FileContentRenamer.Tests.Services.DateExtractorEnhancedTests.ExtractDateFromContent_WithInvalidDates_ShouldReturnEmptyString(content: &quot;2023-02-30&quot;)" storage="/users/santibraida/workspace/comprobantes/filecontentrenamer.tests/bin/debug/net9.0/filecontentrenamer.tests.dll" id="24e40eea-33fe-6867-33c6-f73bbb8411c7">
      <Execution id="fc44b499-a0e6-4c0f-ba4c-8a849c2eca6b" />
      <TestMethod codeBase="/Users/santibraida/Workspace/comprobantes/FileContentRenamer.Tests/bin/Debug/net9.0/FileContentRenamer.Tests.dll" adapterTypeName="executor://xunit/VsTestRunner3/netcore/" className="FileContentRenamer.Tests.Services.DateExtractorEnhancedTests" name="ExtractDateFromContent_WithInvalidDates_ShouldReturnEmptyString" />
    </UnitTest>
    <UnitTest name="FileContentRenamer.Tests.Services.PdfProcessorTests.ExtractContentAsync_WithEmptyFile_ShouldReturnEmptyString" storage="/users/santibraida/workspace/comprobantes/filecontentrenamer.tests/bin/debug/net9.0/filecontentrenamer.tests.dll" id="3ef96430-2ab3-5a48-be56-e156f8c42b82">
      <Execution id="adb0ca32-2848-42b7-865b-9493f008e107" />
      <TestMethod codeBase="/Users/santibraida/Workspace/comprobantes/FileContentRenamer.Tests/bin/Debug/net9.0/FileContentRenamer.Tests.dll" adapterTypeName="executor://xunit/VsTestRunner3/netcore/" className="FileContentRenamer.Tests.Services.PdfProcessorTests" name="ExtractContentAsync_WithEmptyFile_ShouldReturnEmptyString" />
    </UnitTest>
    <UnitTest name="FileContentRenamer.Tests.Services.FilenameGeneratorTests.IsAlreadyNamedFilename_WithInvalidFormats_ShouldReturnFalse(filename: &quot;service_2024-03-15&quot;)" storage="/users/santibraida/workspace/comprobantes/filecontentrenamer.tests/bin/debug/net9.0/filecontentrenamer.tests.dll" id="66a19620-a3b0-afbc-935a-264e635ffa8f">
      <Execution id="76ce0b99-e1e6-4c9d-b08c-b0531bd87643" />
      <TestMethod codeBase="/Users/santibraida/Workspace/comprobantes/FileContentRenamer.Tests/bin/Debug/net9.0/FileContentRenamer.Tests.dll" adapterTypeName="executor://xunit/VsTestRunner3/netcore/" className="FileContentRenamer.Tests.Services.FilenameGeneratorTests" name="IsAlreadyNamedFilename_WithInvalidFormats_ShouldReturnFalse" />
    </UnitTest>
    <UnitTest name="FileContentRenamer.Tests.Services.FileValidatorTests.ShouldProcessFile_WithNonExistentFile_ShouldReturnFalse" storage="/users/santibraida/workspace/comprobantes/filecontentrenamer.tests/bin/debug/net9.0/filecontentrenamer.tests.dll" id="a74078ad-01de-0282-292f-78f3a891fdb1">
      <Execution id="c82e9cee-947e-48a8-9b1b-08edc43d57a4" />
      <TestMethod codeBase="/Users/santibraida/Workspace/comprobantes/FileContentRenamer.Tests/bin/Debug/net9.0/FileContentRenamer.Tests.dll" adapterTypeName="executor://xunit/VsTestRunner3/netcore/" className="FileContentRenamer.Tests.Services.FileValidatorTests" name="ShouldProcessFile_WithNonExistentFile_ShouldReturnFalse" />
    </UnitTest>
    <UnitTest name="FileContentRenamer.Tests.Services.DateExtractorTests.ExtractDateFromContent_WithGenericDateFormat_ShouldReturnCorrectDate" storage="/users/santibraida/workspace/comprobantes/filecontentrenamer.tests/bin/debug/net9.0/filecontentrenamer.tests.dll" id="4d791645-14ca-671e-50ed-7143a80c7959">
      <Execution id="b19db6cd-8d13-4b61-826a-ca9e8b0ee497" />
      <TestMethod codeBase="/Users/santibraida/Workspace/comprobantes/FileContentRenamer.Tests/bin/Debug/net9.0/FileContentRenamer.Tests.dll" adapterTypeName="executor://xunit/VsTestRunner3/netcore/" className="FileContentRenamer.Tests.Services.DateExtractorTests" name="ExtractDateFromContent_WithGenericDateFormat_ShouldReturnCorrectDate" />
    </UnitTest>
    <UnitTest name="FileContentRenamer.Tests.Services.TextProcessorTests.ExtractContentAsync_WithNonExistentFile_ShouldReturnEmptyString" storage="/users/santibraida/workspace/comprobantes/filecontentrenamer.tests/bin/debug/net9.0/filecontentrenamer.tests.dll" id="1ae426c8-73f8-48b1-c4fd-f2736013951b">
      <Execution id="9b18e182-5b8a-46e6-bd18-83d5875144a8" />
      <TestMethod codeBase="/Users/santibraida/Workspace/comprobantes/FileContentRenamer.Tests/bin/Debug/net9.0/FileContentRenamer.Tests.dll" adapterTypeName="executor://xunit/VsTestRunner3/netcore/" className="FileContentRenamer.Tests.Services.TextProcessorTests" name="ExtractContentAsync_WithNonExistentFile_ShouldReturnEmptyString" />
    </UnitTest>
    <UnitTest name="FileContentRenamer.Tests.Services.DirectoryOrganizerAdditionalTests.OrganizeFileIntoDirectoryStructure_WithAllMonths_ShouldCreateCorrectStructure(dateStr: &quot;2023-02-28&quot;, expectedMonth: &quot;02_febrero&quot;)" storage="/users/santibraida/workspace/comprobantes/filecontentrenamer.tests/bin/debug/net9.0/filecontentrenamer.tests.dll" id="cdd6804e-2059-82c6-ad55-f29b8b2ea4b3">
      <Execution id="0cf4842a-fa2d-4b33-af83-670d260c937b" />
      <TestMethod codeBase="/Users/santibraida/Workspace/comprobantes/FileContentRenamer.Tests/bin/Debug/net9.0/FileContentRenamer.Tests.dll" adapterTypeName="executor://xunit/VsTestRunner3/netcore/" className="FileContentRenamer.Tests.Services.DirectoryOrganizerAdditionalTests" name="OrganizeFileIntoDirectoryStructure_WithAllMonths_ShouldCreateCorrectStructure" />
    </UnitTest>
    <UnitTest name="FileContentRenamer.Tests.Services.DirectoryOrganizerTests.GetMonthName_WithValidMonth_ShouldReturnSpanishName(monthNumber: 9, expected: &quot;septiembre&quot;)" storage="/users/santibraida/workspace/comprobantes/filecontentrenamer.tests/bin/debug/net9.0/filecontentrenamer.tests.dll" id="ebc6b45b-0fe4-e4c2-6b7e-a061ba64a1b2">
      <Execution id="e042097d-6e9c-4215-9554-a0c2e336e1ad" />
      <TestMethod codeBase="/Users/santibraida/Workspace/comprobantes/FileContentRenamer.Tests/bin/Debug/net9.0/FileContentRenamer.Tests.dll" adapterTypeName="executor://xunit/VsTestRunner3/netcore/" className="FileContentRenamer.Tests.Services.DirectoryOrganizerTests" name="GetMonthName_WithValidMonth_ShouldReturnSpanishName" />
    </UnitTest>
    <UnitTest name="FileContentRenamer.Tests.Services.FileServiceTests.ProcessFilesAsync_WithParallelProcessing_ShouldProcessMultipleFiles" storage="/users/santibraida/workspace/comprobantes/filecontentrenamer.tests/bin/debug/net9.0/filecontentrenamer.tests.dll" id="c14045dd-f91b-3e98-d221-a8a83ca7b93f">
      <Execution id="24301ed1-6a35-4cd4-9417-e3ca05859b18" />
      <TestMethod codeBase="/Users/santibraida/Workspace/comprobantes/FileContentRenamer.Tests/bin/Debug/net9.0/FileContentRenamer.Tests.dll" adapterTypeName="executor://xunit/VsTestRunner3/netcore/" className="FileContentRenamer.Tests.Services.FileServiceTests" name="ProcessFilesAsync_WithParallelProcessing_ShouldProcessMultipleFiles" />
    </UnitTest>
    <UnitTest name="FileContentRenamer.Tests.Services.DateExtractorTests.ExtractDateFromFilename_WithEmptyFilename_ShouldReturnEmptyString" storage="/users/santibraida/workspace/comprobantes/filecontentrenamer.tests/bin/debug/net9.0/filecontentrenamer.tests.dll" id="b0162767-b0d5-ac8c-e6c1-f87ef88a8da6">
      <Execution id="1bcc3114-b5f9-4de8-8b44-81ba8016cc94" />
      <TestMethod codeBase="/Users/santibraida/Workspace/comprobantes/FileContentRenamer.Tests/bin/Debug/net9.0/FileContentRenamer.Tests.dll" adapterTypeName="executor://xunit/VsTestRunner3/netcore/" className="FileContentRenamer.Tests.Services.DateExtractorTests" name="ExtractDateFromFilename_WithEmptyFilename_ShouldReturnEmptyString" />
    </UnitTest>
    <UnitTest name="FileContentRenamer.Tests.Services.DirectoryOrganizerAdditionalTests.OrganizeFileIntoDirectoryStructure_WithExistingTargetFile_ShouldHandleConflict" storage="/users/santibraida/workspace/comprobantes/filecontentrenamer.tests/bin/debug/net9.0/filecontentrenamer.tests.dll" id="04e64af2-c199-13bf-7fbb-ff0789971364">
      <Execution id="3653df8d-48dd-4197-8f85-2a97a5841427" />
      <TestMethod codeBase="/Users/santibraida/Workspace/comprobantes/FileContentRenamer.Tests/bin/Debug/net9.0/FileContentRenamer.Tests.dll" adapterTypeName="executor://xunit/VsTestRunner3/netcore/" className="FileContentRenamer.Tests.Services.DirectoryOrganizerAdditionalTests" name="OrganizeFileIntoDirectoryStructure_WithExistingTargetFile_ShouldHandleConflict" />
    </UnitTest>
    <UnitTest name="FileContentRenamer.Tests.Services.ImageProcessorTests.CanProcess_WithImageExtensionsDifferentCasing_ShouldReturnTrue(extension: &quot;.JPEG&quot;)" storage="/users/santibraida/workspace/comprobantes/filecontentrenamer.tests/bin/debug/net9.0/filecontentrenamer.tests.dll" id="2fcf9509-91d2-8211-d6e4-a72c7870e72f">
      <Execution id="0b8fc46a-5b5f-4323-933f-499c09ec8367" />
      <TestMethod codeBase="/Users/santibraida/Workspace/comprobantes/FileContentRenamer.Tests/bin/Debug/net9.0/FileContentRenamer.Tests.dll" adapterTypeName="executor://xunit/VsTestRunner3/netcore/" className="FileContentRenamer.Tests.Services.ImageProcessorTests" name="CanProcess_WithImageExtensionsDifferentCasing_ShouldReturnTrue" />
    </UnitTest>
    <UnitTest name="FileContentRenamer.Tests.Services.DateExtractorEnhancedTests.ExtractDateFromContent_WithContextualDateFormats_ShouldExtractFirstValidDate(content: &quot;En 15-01-2023 se realizó el pago&quot;)" storage="/users/santibraida/workspace/comprobantes/filecontentrenamer.tests/bin/debug/net9.0/filecontentrenamer.tests.dll" id="a5fc9049-7530-8237-b0a1-1fd3ff1d35e6">
      <Execution id="e3da144a-32d3-4e1d-b119-5b53efb65eb1" />
      <TestMethod codeBase="/Users/santibraida/Workspace/comprobantes/FileContentRenamer.Tests/bin/Debug/net9.0/FileContentRenamer.Tests.dll" adapterTypeName="executor://xunit/VsTestRunner3/netcore/" className="FileContentRenamer.Tests.Services.DateExtractorEnhancedTests" name="ExtractDateFromContent_WithContextualDateFormats_ShouldExtractFirstValidDate" />
    </UnitTest>
    <UnitTest name="FileContentRenamer.Tests.Services.DateExtractorTests.ExtractDateFromContent_WithVariousGenericDates_ShouldReturnCorrectDates(content: &quot;15/03/2024&quot;, expected: &quot;2024-03-15&quot;)" storage="/users/santibraida/workspace/comprobantes/filecontentrenamer.tests/bin/debug/net9.0/filecontentrenamer.tests.dll" id="1d19ec21-e870-5f10-f860-7ea25dd398b9">
      <Execution id="507bc3ef-7c25-4253-ac85-ce04c732183c" />
      <TestMethod codeBase="/Users/santibraida/Workspace/comprobantes/FileContentRenamer.Tests/bin/Debug/net9.0/FileContentRenamer.Tests.dll" adapterTypeName="executor://xunit/VsTestRunner3/netcore/" className="FileContentRenamer.Tests.Services.DateExtractorTests" name="ExtractDateFromContent_WithVariousGenericDates_ShouldReturnCorrectDates" />
    </UnitTest>
    <UnitTest name="FileContentRenamer.Tests.Services.ImageProcessorTests.Constructor_WithNewTesseractDataPath_ShouldCreateDirectory" storage="/users/santibraida/workspace/comprobantes/filecontentrenamer.tests/bin/debug/net9.0/filecontentrenamer.tests.dll" id="08a52aeb-79ca-913a-5dc9-ebd6568dcfe7">
      <Execution id="8d489af6-a387-494c-be77-85f111067c40" />
      <TestMethod codeBase="/Users/santibraida/Workspace/comprobantes/FileContentRenamer.Tests/bin/Debug/net9.0/FileContentRenamer.Tests.dll" adapterTypeName="executor://xunit/VsTestRunner3/netcore/" className="FileContentRenamer.Tests.Services.ImageProcessorTests" name="Constructor_WithNewTesseractDataPath_ShouldCreateDirectory" />
    </UnitTest>
    <UnitTest name="FileContentRenamer.Tests.Services.DateExtractorTests.ExtractDateFromFilename_WithInvalidFormat_ShouldReturnEmptyString" storage="/users/santibraida/workspace/comprobantes/filecontentrenamer.tests/bin/debug/net9.0/filecontentrenamer.tests.dll" id="013af074-e0c5-bb27-30f4-779070d7fe10">
      <Execution id="0d11e5a7-e913-46b6-8917-5e351ef13f8d" />
      <TestMethod codeBase="/Users/santibraida/Workspace/comprobantes/FileContentRenamer.Tests/bin/Debug/net9.0/FileContentRenamer.Tests.dll" adapterTypeName="executor://xunit/VsTestRunner3/netcore/" className="FileContentRenamer.Tests.Services.DateExtractorTests" name="ExtractDateFromFilename_WithInvalidFormat_ShouldReturnEmptyString" />
    </UnitTest>
    <UnitTest name="FileContentRenamer.Tests.Services.DateExtractorTests.ExtractDateFromContent_WithVariousSpanishDates_ShouldReturnCorrectDates(content: &quot;31 de diciembre de 2023&quot;, expected: &quot;2023-12-31&quot;)" storage="/users/santibraida/workspace/comprobantes/filecontentrenamer.tests/bin/debug/net9.0/filecontentrenamer.tests.dll" id="5be72c0f-bb2d-feba-e528-7ed830f5c677">
      <Execution id="8faf5efa-0a8c-49cc-8d92-43843199c1ce" />
      <TestMethod codeBase="/Users/santibraida/Workspace/comprobantes/FileContentRenamer.Tests/bin/Debug/net9.0/FileContentRenamer.Tests.dll" adapterTypeName="executor://xunit/VsTestRunner3/netcore/" className="FileContentRenamer.Tests.Services.DateExtractorTests" name="ExtractDateFromContent_WithVariousSpanishDates_ShouldReturnCorrectDates" />
    </UnitTest>
    <UnitTest name="FileContentRenamer.Tests.Models.NamingRulesTests.GenerateFilename_WithMatchingRule_ShouldUseRuleValues" storage="/users/santibraida/workspace/comprobantes/filecontentrenamer.tests/bin/debug/net9.0/filecontentrenamer.tests.dll" id="c98d8a8b-c350-72b5-2be4-aa500796a5e0">
      <Execution id="e971df48-7353-4736-b095-454f0df9882d" />
      <TestMethod codeBase="/Users/santibraida/Workspace/comprobantes/FileContentRenamer.Tests/bin/Debug/net9.0/FileContentRenamer.Tests.dll" adapterTypeName="executor://xunit/VsTestRunner3/netcore/" className="FileContentRenamer.Tests.Models.NamingRulesTests" name="GenerateFilename_WithMatchingRule_ShouldUseRuleValues" />
    </UnitTest>
    <UnitTest name="FileContentRenamer.Tests.Services.ImageProcessorTests.ExtractContentAsync_WithEmptyFile_ShouldReturnEmptyString" storage="/users/santibraida/workspace/comprobantes/filecontentrenamer.tests/bin/debug/net9.0/filecontentrenamer.tests.dll" id="7eff9737-dcfc-63b6-3d57-04bd941b7068">
      <Execution id="a6490e37-289f-4be3-a7b6-11bb548e83c9" />
      <TestMethod codeBase="/Users/santibraida/Workspace/comprobantes/FileContentRenamer.Tests/bin/Debug/net9.0/FileContentRenamer.Tests.dll" adapterTypeName="executor://xunit/VsTestRunner3/netcore/" className="FileContentRenamer.Tests.Services.ImageProcessorTests" name="ExtractContentAsync_WithEmptyFile_ShouldReturnEmptyString" />
    </UnitTest>
    <UnitTest name="FileContentRenamer.Tests.Services.DateExtractorEnhancedTests.ExtractDateFromContent_WithSlashDateFormats_ShouldExtractCorrectDate(content: &quot;Fecha: 2023/01/15&quot;, expected: &quot;2023-01-15&quot;)" storage="/users/santibraida/workspace/comprobantes/filecontentrenamer.tests/bin/debug/net9.0/filecontentrenamer.tests.dll" id="73a4ef3c-a881-1492-597f-eb30563d6bb4">
      <Execution id="cd4ae47b-48d2-463d-8626-3ef306cb7d7a" />
      <TestMethod codeBase="/Users/santibraida/Workspace/comprobantes/FileContentRenamer.Tests/bin/Debug/net9.0/FileContentRenamer.Tests.dll" adapterTypeName="executor://xunit/VsTestRunner3/netcore/" className="FileContentRenamer.Tests.Services.DateExtractorEnhancedTests" name="ExtractDateFromContent_WithSlashDateFormats_ShouldExtractCorrectDate" />
    </UnitTest>
    <UnitTest name="FileContentRenamer.Tests.Services.DirectoryOrganizerTests.IsInYearMonthStructure_WithMonthInYearFolder_ShouldReturnTrue" storage="/users/santibraida/workspace/comprobantes/filecontentrenamer.tests/bin/debug/net9.0/filecontentrenamer.tests.dll" id="63740491-dbe7-68e1-03c8-149486e0c4ce">
      <Execution id="b57c9d87-246c-4b11-92eb-2b42ce1d4348" />
      <TestMethod codeBase="/Users/santibraida/Workspace/comprobantes/FileContentRenamer.Tests/bin/Debug/net9.0/FileContentRenamer.Tests.dll" adapterTypeName="executor://xunit/VsTestRunner3/netcore/" className="FileContentRenamer.Tests.Services.DirectoryOrganizerTests" name="IsInYearMonthStructure_WithMonthInYearFolder_ShouldReturnTrue" />
    </UnitTest>
    <UnitTest name="FileContentRenamer.Tests.Services.ImageProcessorTests.CanProcess_WithImageExtensions_ShouldReturnTrue(extension: &quot;.png&quot;)" storage="/users/santibraida/workspace/comprobantes/filecontentrenamer.tests/bin/debug/net9.0/filecontentrenamer.tests.dll" id="8b50f6a7-4d32-7ee6-c298-95c6826dd2dd">
      <Execution id="b1698797-eee7-455e-9ff7-30b873e890e5" />
      <TestMethod codeBase="/Users/santibraida/Workspace/comprobantes/FileContentRenamer.Tests/bin/Debug/net9.0/FileContentRenamer.Tests.dll" adapterTypeName="executor://xunit/VsTestRunner3/netcore/" className="FileContentRenamer.Tests.Services.ImageProcessorTests" name="CanProcess_WithImageExtensions_ShouldReturnTrue" />
    </UnitTest>
    <UnitTest name="FileContentRenamer.Tests.Models.NamingRuleTests.Matches_WithEmptyContent_ShouldReturnFalse" storage="/users/santibraida/workspace/comprobantes/filecontentrenamer.tests/bin/debug/net9.0/filecontentrenamer.tests.dll" id="f23379d7-78c4-9613-54fe-537fd665f06d">
      <Execution id="d59ea55a-b20e-4603-8f71-1d8ac5c88070" />
      <TestMethod codeBase="/Users/santibraida/Workspace/comprobantes/FileContentRenamer.Tests/bin/Debug/net9.0/FileContentRenamer.Tests.dll" adapterTypeName="executor://xunit/VsTestRunner3/netcore/" className="FileContentRenamer.Tests.Models.NamingRuleTests" name="Matches_WithEmptyContent_ShouldReturnFalse" />
    </UnitTest>
    <UnitTest name="FileContentRenamer.Tests.Services.FileValidatorTests.ShouldProcessFile_WithValidExtensions_ShouldReturnTrue(extension: &quot;.pdf&quot;)" storage="/users/santibraida/workspace/comprobantes/filecontentrenamer.tests/bin/debug/net9.0/filecontentrenamer.tests.dll" id="00d05e1f-7d72-418e-9c9e-a769436ab485">
      <Execution id="3bc910ff-04a8-4ff3-903d-80267a34fe0d" />
      <TestMethod codeBase="/Users/santibraida/Workspace/comprobantes/FileContentRenamer.Tests/bin/Debug/net9.0/FileContentRenamer.Tests.dll" adapterTypeName="executor://xunit/VsTestRunner3/netcore/" className="FileContentRenamer.Tests.Services.FileValidatorTests" name="ShouldProcessFile_WithValidExtensions_ShouldReturnTrue" />
    </UnitTest>
    <UnitTest name="FileContentRenamer.Tests.Services.FileValidatorTests.ShouldSkipAlreadyNamedFile_WithAlreadyNamedFile_ShouldReturnTrue" storage="/users/santibraida/workspace/comprobantes/filecontentrenamer.tests/bin/debug/net9.0/filecontentrenamer.tests.dll" id="df0ff2b1-bb1d-04f9-1b59-ee245aa596c1">
      <Execution id="3f991af9-9e3a-48e7-9593-bfa5f230224e" />
      <TestMethod codeBase="/Users/santibraida/Workspace/comprobantes/FileContentRenamer.Tests/bin/Debug/net9.0/FileContentRenamer.Tests.dll" adapterTypeName="executor://xunit/VsTestRunner3/netcore/" className="FileContentRenamer.Tests.Services.FileValidatorTests" name="ShouldSkipAlreadyNamedFile_WithAlreadyNamedFile_ShouldReturnTrue" />
    </UnitTest>
    <UnitTest name="FileContentRenamer.Tests.Services.FileValidatorTests.ValidateConfiguration_WithEmptyBasePath_ShouldReturnFalse" storage="/users/santibraida/workspace/comprobantes/filecontentrenamer.tests/bin/debug/net9.0/filecontentrenamer.tests.dll" id="5ba61b11-551a-10ce-86ec-bdc1ee67e90e">
      <Execution id="98675ea1-0d24-4c56-956d-c6fe37b6d938" />
      <TestMethod codeBase="/Users/santibraida/Workspace/comprobantes/FileContentRenamer.Tests/bin/Debug/net9.0/FileContentRenamer.Tests.dll" adapterTypeName="executor://xunit/VsTestRunner3/netcore/" className="FileContentRenamer.Tests.Services.FileValidatorTests" name="ValidateConfiguration_WithEmptyBasePath_ShouldReturnFalse" />
    </UnitTest>
    <UnitTest name="FileContentRenamer.Tests.Services.FilenameGeneratorTests.GenerateUniqueFilename_WithMultipleExistingFiles_ShouldReturnNextAvailableNumber" storage="/users/santibraida/workspace/comprobantes/filecontentrenamer.tests/bin/debug/net9.0/filecontentrenamer.tests.dll" id="44b78ff5-3e7b-b701-e798-52be3aafb6cb">
      <Execution id="85a8a211-6b89-4117-b1a1-863bba232ce6" />
      <TestMethod codeBase="/Users/santibraida/Workspace/comprobantes/FileContentRenamer.Tests/bin/Debug/net9.0/FileContentRenamer.Tests.dll" adapterTypeName="executor://xunit/VsTestRunner3/netcore/" className="FileContentRenamer.Tests.Services.FilenameGeneratorTests" name="GenerateUniqueFilename_WithMultipleExistingFiles_ShouldReturnNextAvailableNumber" />
    </UnitTest>
    <UnitTest name="FileContentRenamer.Tests.Services.FileServiceTests.ProcessFilesAsync_WithNoProcessorAvailable_ShouldSkipFile" storage="/users/santibraida/workspace/comprobantes/filecontentrenamer.tests/bin/debug/net9.0/filecontentrenamer.tests.dll" id="4bf9f205-774f-fb42-8d24-b7d8013c94d1">
      <Execution id="da86172b-8303-4703-ad80-435f96737739" />
      <TestMethod codeBase="/Users/santibraida/Workspace/comprobantes/FileContentRenamer.Tests/bin/Debug/net9.0/FileContentRenamer.Tests.dll" adapterTypeName="executor://xunit/VsTestRunner3/netcore/" className="FileContentRenamer.Tests.Services.FileServiceTests" name="ProcessFilesAsync_WithNoProcessorAvailable_ShouldSkipFile" />
    </UnitTest>
    <UnitTest name="FileContentRenamer.Tests.Models.NamingRulesTests.GenerateFilename_WithDateOverrideAndMinimalContent_ShouldUseDateOverride" storage="/users/santibraida/workspace/comprobantes/filecontentrenamer.tests/bin/debug/net9.0/filecontentrenamer.tests.dll" id="2ff40e02-cd90-e19e-c947-03dc2242a050">
      <Execution id="50005a3f-39bf-4945-a6c5-a64b8e36511c" />
      <TestMethod codeBase="/Users/santibraida/Workspace/comprobantes/FileContentRenamer.Tests/bin/Debug/net9.0/FileContentRenamer.Tests.dll" adapterTypeName="executor://xunit/VsTestRunner3/netcore/" className="FileContentRenamer.Tests.Models.NamingRulesTests" name="GenerateFilename_WithDateOverrideAndMinimalContent_ShouldUseDateOverride" />
    </UnitTest>
    <UnitTest name="FileContentRenamer.Tests.Services.ImageProcessorTests.CanProcess_WithNonImageExtension_ShouldReturnFalse(extension: &quot;.docx&quot;)" storage="/users/santibraida/workspace/comprobantes/filecontentrenamer.tests/bin/debug/net9.0/filecontentrenamer.tests.dll" id="3ecade73-7761-1f4e-e941-925f13343fbf">
      <Execution id="a13b2e03-c8d4-4941-a2ae-c6ad4d666771" />
      <TestMethod codeBase="/Users/santibraida/Workspace/comprobantes/FileContentRenamer.Tests/bin/Debug/net9.0/FileContentRenamer.Tests.dll" adapterTypeName="executor://xunit/VsTestRunner3/netcore/" className="FileContentRenamer.Tests.Services.ImageProcessorTests" name="CanProcess_WithNonImageExtension_ShouldReturnFalse" />
    </UnitTest>
    <UnitTest name="FileContentRenamer.Tests.Models.AppConfigTests.Properties_ShouldBeSettable" storage="/users/santibraida/workspace/comprobantes/filecontentrenamer.tests/bin/debug/net9.0/filecontentrenamer.tests.dll" id="5ae8a96a-c13f-5288-d649-6a496b108bc8">
      <Execution id="f71bc3c0-d731-4f4c-bedd-a0b8e6a26a6f" />
      <TestMethod codeBase="/Users/santibraida/Workspace/comprobantes/FileContentRenamer.Tests/bin/Debug/net9.0/FileContentRenamer.Tests.dll" adapterTypeName="executor://xunit/VsTestRunner3/netcore/" className="FileContentRenamer.Tests.Models.AppConfigTests" name="Properties_ShouldBeSettable" />
    </UnitTest>
    <UnitTest name="FileContentRenamer.Tests.Models.NamingRuleTests.Matches_WithNoKeywords_ShouldReturnFalse" storage="/users/santibraida/workspace/comprobantes/filecontentrenamer.tests/bin/debug/net9.0/filecontentrenamer.tests.dll" id="735ac008-1cbd-a429-fd29-015f19236116">
      <Execution id="33cf63a3-d073-488b-9dfa-66460e599de2" />
      <TestMethod codeBase="/Users/santibraida/Workspace/comprobantes/FileContentRenamer.Tests/bin/Debug/net9.0/FileContentRenamer.Tests.dll" adapterTypeName="executor://xunit/VsTestRunner3/netcore/" className="FileContentRenamer.Tests.Models.NamingRuleTests" name="Matches_WithNoKeywords_ShouldReturnFalse" />
    </UnitTest>
    <UnitTest name="FileContentRenamer.Tests.Services.DirectoryOrganizerAdditionalTests.OrganizeFileIntoDirectoryStructure_WithAllMonths_ShouldCreateCorrectStructure(dateStr: &quot;2023-10-18&quot;, expectedMonth: &quot;10_octubre&quot;)" storage="/users/santibraida/workspace/comprobantes/filecontentrenamer.tests/bin/debug/net9.0/filecontentrenamer.tests.dll" id="151e6a91-4f71-a661-224b-7091395bf7e4">
      <Execution id="0974c12c-a25f-46d0-83c3-1e888028c3eb" />
      <TestMethod codeBase="/Users/santibraida/Workspace/comprobantes/FileContentRenamer.Tests/bin/Debug/net9.0/FileContentRenamer.Tests.dll" adapterTypeName="executor://xunit/VsTestRunner3/netcore/" className="FileContentRenamer.Tests.Services.DirectoryOrganizerAdditionalTests" name="OrganizeFileIntoDirectoryStructure_WithAllMonths_ShouldCreateCorrectStructure" />
    </UnitTest>
    <UnitTest name="FileContentRenamer.Tests.Services.FileValidatorTests.ShouldProcessFile_WithNullPath_ShouldReturnFalse" storage="/users/santibraida/workspace/comprobantes/filecontentrenamer.tests/bin/debug/net9.0/filecontentrenamer.tests.dll" id="67877ab3-cd79-0712-f2c5-84dba6ba53b5">
      <Execution id="b8bb1f8c-ee1f-4807-a2b5-504e0d84ee57" />
      <TestMethod codeBase="/Users/santibraida/Workspace/comprobantes/FileContentRenamer.Tests/bin/Debug/net9.0/FileContentRenamer.Tests.dll" adapterTypeName="executor://xunit/VsTestRunner3/netcore/" className="FileContentRenamer.Tests.Services.FileValidatorTests" name="ShouldProcessFile_WithNullPath_ShouldReturnFalse" />
    </UnitTest>
    <UnitTest name="FileContentRenamer.Tests.Services.DirectoryOrganizerAdditionalTests.OrganizeFileIntoDirectoryStructure_WithAllMonths_ShouldCreateCorrectStructure(dateStr: &quot;2023-05-20&quot;, expectedMonth: &quot;05_mayo&quot;)" storage="/users/santibraida/workspace/comprobantes/filecontentrenamer.tests/bin/debug/net9.0/filecontentrenamer.tests.dll" id="7fcfbf2b-a0f0-8cea-db66-f6ff88221d45">
      <Execution id="052422c8-fa71-4d6d-978f-fef2f0a27eae" />
      <TestMethod codeBase="/Users/santibraida/Workspace/comprobantes/FileContentRenamer.Tests/bin/Debug/net9.0/FileContentRenamer.Tests.dll" adapterTypeName="executor://xunit/VsTestRunner3/netcore/" className="FileContentRenamer.Tests.Services.DirectoryOrganizerAdditionalTests" name="OrganizeFileIntoDirectoryStructure_WithAllMonths_ShouldCreateCorrectStructure" />
    </UnitTest>
    <UnitTest name="FileContentRenamer.Tests.Configuration.ServiceConfigurationTests.ConfigureServices_ShouldRegisterAllServices" storage="/users/santibraida/workspace/comprobantes/filecontentrenamer.tests/bin/debug/net9.0/filecontentrenamer.tests.dll" id="ff7c2091-3327-e767-4933-31644bd21f67">
      <Execution id="d75ba6fd-baef-4cd9-a01b-ac91d3d6d94d" />
      <TestMethod codeBase="/Users/santibraida/Workspace/comprobantes/FileContentRenamer.Tests/bin/Debug/net9.0/FileContentRenamer.Tests.dll" adapterTypeName="executor://xunit/VsTestRunner3/netcore/" className="FileContentRenamer.Tests.Configuration.ServiceConfigurationTests" name="ConfigureServices_ShouldRegisterAllServices" />
    </UnitTest>
    <UnitTest name="FileContentRenamer.Tests.Services.DirectoryOrganizerTests.OrganizeFileIntoDirectoryStructure_InYearFolderDifferentMonth_ShouldMoveToCorrectMonth" storage="/users/santibraida/workspace/comprobantes/filecontentrenamer.tests/bin/debug/net9.0/filecontentrenamer.tests.dll" id="31f3b2f4-1b28-6746-2403-d25f9fbdfdf8">
      <Execution id="5a32abb7-43aa-4cd7-8eb5-a54bc273e3ea" />
      <TestMethod codeBase="/Users/santibraida/Workspace/comprobantes/FileContentRenamer.Tests/bin/Debug/net9.0/FileContentRenamer.Tests.dll" adapterTypeName="executor://xunit/VsTestRunner3/netcore/" className="FileContentRenamer.Tests.Services.DirectoryOrganizerTests" name="OrganizeFileIntoDirectoryStructure_InYearFolderDifferentMonth_ShouldMoveToCorrectMonth" />
    </UnitTest>
    <UnitTest name="FileContentRenamer.Tests.Services.DateExtractorEnhancedTests.ExtractDateFromContent_WithInvalidDates_ShouldReturnEmptyString(content: &quot;15/13/2023&quot;)" storage="/users/santibraida/workspace/comprobantes/filecontentrenamer.tests/bin/debug/net9.0/filecontentrenamer.tests.dll" id="1fce80af-4e5c-d587-4a3f-80329d702744">
      <Execution id="4a167049-5f82-44b6-ad8a-73810516fa94" />
      <TestMethod codeBase="/Users/santibraida/Workspace/comprobantes/FileContentRenamer.Tests/bin/Debug/net9.0/FileContentRenamer.Tests.dll" adapterTypeName="executor://xunit/VsTestRunner3/netcore/" className="FileContentRenamer.Tests.Services.DateExtractorEnhancedTests" name="ExtractDateFromContent_WithInvalidDates_ShouldReturnEmptyString" />
    </UnitTest>
    <UnitTest name="FileContentRenamer.Tests.Services.DateExtractorEnhancedTests.ExtractDateFromContent_WithContextualDateFormats_ShouldExtractFirstValidDate(content: &quot;Fecha del servicio: 15 de enero de 2023&quot;)" storage="/users/santibraida/workspace/comprobantes/filecontentrenamer.tests/bin/debug/net9.0/filecontentrenamer.tests.dll" id="52749660-c2b0-299d-5496-6f83e62db88a">
      <Execution id="c3d5cf4f-d465-4bc0-a284-62b63e2868f8" />
      <TestMethod codeBase="/Users/santibraida/Workspace/comprobantes/FileContentRenamer.Tests/bin/Debug/net9.0/FileContentRenamer.Tests.dll" adapterTypeName="executor://xunit/VsTestRunner3/netcore/" className="FileContentRenamer.Tests.Services.DateExtractorEnhancedTests" name="ExtractDateFromContent_WithContextualDateFormats_ShouldExtractFirstValidDate" />
    </UnitTest>
    <UnitTest name="FileContentRenamer.Tests.Services.DirectoryOrganizerTests.IsInYearMonthStructure_WithInvalidStructure_ShouldReturnFalse(folderName: &quot;03_marzo_not_in_year&quot;)" storage="/users/santibraida/workspace/comprobantes/filecontentrenamer.tests/bin/debug/net9.0/filecontentrenamer.tests.dll" id="2266e366-c62d-09c9-ded7-1e7b5d0da037">
      <Execution id="50ebf0c2-0516-4d7a-8ee8-d04e8c7604d9" />
      <TestMethod codeBase="/Users/santibraida/Workspace/comprobantes/FileContentRenamer.Tests/bin/Debug/net9.0/FileContentRenamer.Tests.dll" adapterTypeName="executor://xunit/VsTestRunner3/netcore/" className="FileContentRenamer.Tests.Services.DirectoryOrganizerTests" name="IsInYearMonthStructure_WithInvalidStructure_ShouldReturnFalse" />
    </UnitTest>
    <UnitTest name="FileContentRenamer.Tests.Models.NamingRulesTests.FindMatchingRule_WithNoMatchingRule_ShouldReturnNull" storage="/users/santibraida/workspace/comprobantes/filecontentrenamer.tests/bin/debug/net9.0/filecontentrenamer.tests.dll" id="2ce66dbc-f5ab-5500-4273-caffb3bf4e5f">
      <Execution id="93f70de0-cbbb-4be6-963a-f2ed7f272d56" />
      <TestMethod codeBase="/Users/santibraida/Workspace/comprobantes/FileContentRenamer.Tests/bin/Debug/net9.0/FileContentRenamer.Tests.dll" adapterTypeName="executor://xunit/VsTestRunner3/netcore/" className="FileContentRenamer.Tests.Models.NamingRulesTests" name="FindMatchingRule_WithNoMatchingRule_ShouldReturnNull" />
    </UnitTest>
    <UnitTest name="FileContentRenamer.Tests.Services.FilenameGeneratorTests.CleanupFileName_WithVariousInputs_ShouldReturnCleanedName(input: &quot;file|name&quot;, expected: &quot;file|name&quot;)" storage="/users/santibraida/workspace/comprobantes/filecontentrenamer.tests/bin/debug/net9.0/filecontentrenamer.tests.dll" id="5611fb35-7f75-b2a9-be17-8e2f5c001e43">
      <Execution id="7f46c8b4-9de6-459f-bbb7-3ca76aa33be5" />
      <TestMethod codeBase="/Users/santibraida/Workspace/comprobantes/FileContentRenamer.Tests/bin/Debug/net9.0/FileContentRenamer.Tests.dll" adapterTypeName="executor://xunit/VsTestRunner3/netcore/" className="FileContentRenamer.Tests.Services.FilenameGeneratorTests" name="CleanupFileName_WithVariousInputs_ShouldReturnCleanedName" />
    </UnitTest>
    <UnitTest name="FileContentRenamer.Tests.Services.DateExtractorEnhancedTests.ExtractDateFromContent_WithSpanishMonthNames_ShouldExtractCorrectDate(content: &quot;18 de septiembre de 2024&quot;, expected: &quot;2024-09-18&quot;)" storage="/users/santibraida/workspace/comprobantes/filecontentrenamer.tests/bin/debug/net9.0/filecontentrenamer.tests.dll" id="33f231e9-c30e-3ed3-4277-b5e0ef97bdd7">
      <Execution id="7044c536-5d8d-4579-9bd4-3bcef67c7841" />
      <TestMethod codeBase="/Users/santibraida/Workspace/comprobantes/FileContentRenamer.Tests/bin/Debug/net9.0/FileContentRenamer.Tests.dll" adapterTypeName="executor://xunit/VsTestRunner3/netcore/" className="FileContentRenamer.Tests.Services.DateExtractorEnhancedTests" name="ExtractDateFromContent_WithSpanishMonthNames_ShouldExtractCorrectDate" />
    </UnitTest>
    <UnitTest name="FileContentRenamer.Tests.Services.DirectoryOrganizerTests.OrganizeFileIntoDirectoryStructure_AlreadyInYearFolder_ShouldMoveToMonthFolder" storage="/users/santibraida/workspace/comprobantes/filecontentrenamer.tests/bin/debug/net9.0/filecontentrenamer.tests.dll" id="7fc03f6c-44c6-760a-ff15-5a01859458b0">
      <Execution id="a1f0f9af-adc3-47d9-acbc-ca24eac7f0d1" />
      <TestMethod codeBase="/Users/santibraida/Workspace/comprobantes/FileContentRenamer.Tests/bin/Debug/net9.0/FileContentRenamer.Tests.dll" adapterTypeName="executor://xunit/VsTestRunner3/netcore/" className="FileContentRenamer.Tests.Services.DirectoryOrganizerTests" name="OrganizeFileIntoDirectoryStructure_AlreadyInYearFolder_ShouldMoveToMonthFolder" />
    </UnitTest>
    <UnitTest name="FileContentRenamer.Tests.Services.DateExtractorAdditionalTests.ExtractDateFromContent_WithEmptyOrInvalidContent_ShouldReturnEmpty(content: &quot;   &quot;)" storage="/users/santibraida/workspace/comprobantes/filecontentrenamer.tests/bin/debug/net9.0/filecontentrenamer.tests.dll" id="b829fc0a-cd8f-a1f4-3d8c-d7d0a224524a">
      <Execution id="f117292a-971a-4e38-ba39-3593c35c7d72" />
      <TestMethod codeBase="/Users/santibraida/Workspace/comprobantes/FileContentRenamer.Tests/bin/Debug/net9.0/FileContentRenamer.Tests.dll" adapterTypeName="executor://xunit/VsTestRunner3/netcore/" className="FileContentRenamer.Tests.Services.DateExtractorAdditionalTests" name="ExtractDateFromContent_WithEmptyOrInvalidContent_ShouldReturnEmpty" />
    </UnitTest>
    <UnitTest name="FileContentRenamer.Tests.Services.FilenameGeneratorTests.GenerateFilename_WithNullDirectory_ShouldReturnOriginalFilename" storage="/users/santibraida/workspace/comprobantes/filecontentrenamer.tests/bin/debug/net9.0/filecontentrenamer.tests.dll" id="019703dd-2e5c-665b-f543-025b13ca7b6d">
      <Execution id="d607b94d-9a50-4e98-b89d-3fa85b049830" />
      <TestMethod codeBase="/Users/santibraida/Workspace/comprobantes/FileContentRenamer.Tests/bin/Debug/net9.0/FileContentRenamer.Tests.dll" adapterTypeName="executor://xunit/VsTestRunner3/netcore/" className="FileContentRenamer.Tests.Services.FilenameGeneratorTests" name="GenerateFilename_WithNullDirectory_ShouldReturnOriginalFilename" />
    </UnitTest>
    <UnitTest name="FileContentRenamer.Tests.Services.FilenameGeneratorTests.IsAlreadyNamedFilename_WithInvalidFormats_ShouldReturnFalse(filename: &quot;2024-03-15&quot;)" storage="/users/santibraida/workspace/comprobantes/filecontentrenamer.tests/bin/debug/net9.0/filecontentrenamer.tests.dll" id="5782f6c4-4818-df21-281e-6b620d8a99e2">
      <Execution id="09610f7f-f543-4d40-9134-46137c95a548" />
      <TestMethod codeBase="/Users/santibraida/Workspace/comprobantes/FileContentRenamer.Tests/bin/Debug/net9.0/FileContentRenamer.Tests.dll" adapterTypeName="executor://xunit/VsTestRunner3/netcore/" className="FileContentRenamer.Tests.Services.FilenameGeneratorTests" name="IsAlreadyNamedFilename_WithInvalidFormats_ShouldReturnFalse" />
    </UnitTest>
    <UnitTest name="FileContentRenamer.Tests.Services.DateExtractorTests.ExtractDateFromContent_WithMultipleDates_ShouldReturnFirstFound" storage="/users/santibraida/workspace/comprobantes/filecontentrenamer.tests/bin/debug/net9.0/filecontentrenamer.tests.dll" id="ab0172d5-f8de-2bd2-5705-f61f86ff407f">
      <Execution id="62a961db-fb7a-4819-aab8-f900df383817" />
      <TestMethod codeBase="/Users/santibraida/Workspace/comprobantes/FileContentRenamer.Tests/bin/Debug/net9.0/FileContentRenamer.Tests.dll" adapterTypeName="executor://xunit/VsTestRunner3/netcore/" className="FileContentRenamer.Tests.Services.DateExtractorTests" name="ExtractDateFromContent_WithMultipleDates_ShouldReturnFirstFound" />
    </UnitTest>
    <UnitTest name="FileContentRenamer.Tests.Services.DirectoryOrganizerTests.OrganizeFileIntoDirectoryStructure_ThreadSafety_ShouldHandleConcurrentCalls" storage="/users/santibraida/workspace/comprobantes/filecontentrenamer.tests/bin/debug/net9.0/filecontentrenamer.tests.dll" id="63753db1-a700-4ddb-bad0-85dcc6fc1038">
      <Execution id="61822ff0-0ee5-490b-8f53-876057cc7949" />
      <TestMethod codeBase="/Users/santibraida/Workspace/comprobantes/FileContentRenamer.Tests/bin/Debug/net9.0/FileContentRenamer.Tests.dll" adapterTypeName="executor://xunit/VsTestRunner3/netcore/" className="FileContentRenamer.Tests.Services.DirectoryOrganizerTests" name="OrganizeFileIntoDirectoryStructure_ThreadSafety_ShouldHandleConcurrentCalls" />
    </UnitTest>
    <UnitTest name="FileContentRenamer.Tests.Services.DirectoryOrganizerTests.GetMonthName_WithValidMonth_ShouldReturnSpanishName(monthNumber: 6, expected: &quot;junio&quot;)" storage="/users/santibraida/workspace/comprobantes/filecontentrenamer.tests/bin/debug/net9.0/filecontentrenamer.tests.dll" id="8a90efb2-6fff-e39e-99bc-4c5b85d7b70e">
      <Execution id="55802c92-459e-4cac-bd49-2a94ed7f68a4" />
      <TestMethod codeBase="/Users/santibraida/Workspace/comprobantes/FileContentRenamer.Tests/bin/Debug/net9.0/FileContentRenamer.Tests.dll" adapterTypeName="executor://xunit/VsTestRunner3/netcore/" className="FileContentRenamer.Tests.Services.DirectoryOrganizerTests" name="GetMonthName_WithValidMonth_ShouldReturnSpanishName" />
    </UnitTest>
    <UnitTest name="FileContentRenamer.Tests.Services.FilenameGeneratorTests.CleanupFileName_WithVariousInputs_ShouldReturnCleanedName(input: &quot;&quot;, expected: &quot;unknown_file&quot;)" storage="/users/santibraida/workspace/comprobantes/filecontentrenamer.tests/bin/debug/net9.0/filecontentrenamer.tests.dll" id="b3f5716b-ac2d-a73d-5199-29412e45cde1">
      <Execution id="12733f1f-0598-4707-bd3a-17387f0c799e" />
      <TestMethod codeBase="/Users/santibraida/Workspace/comprobantes/FileContentRenamer.Tests/bin/Debug/net9.0/FileContentRenamer.Tests.dll" adapterTypeName="executor://xunit/VsTestRunner3/netcore/" className="FileContentRenamer.Tests.Services.FilenameGeneratorTests" name="CleanupFileName_WithVariousInputs_ShouldReturnCleanedName" />
    </UnitTest>
    <UnitTest name="FileContentRenamer.Tests.Services.DateExtractorAdditionalTests.ExtractDateFromContent_WithVariousFormats_ShouldReturnCorrectDate(content: &quot;Fecha vencimiento: 28-02-2024&quot;, expected: &quot;2024-02-28&quot;)" storage="/users/santibraida/workspace/comprobantes/filecontentrenamer.tests/bin/debug/net9.0/filecontentrenamer.tests.dll" id="ad083858-4684-5d70-1300-ba3913caacc8">
      <Execution id="a1032cc9-c4ce-428d-bb52-2ae27097836b" />
      <TestMethod codeBase="/Users/santibraida/Workspace/comprobantes/FileContentRenamer.Tests/bin/Debug/net9.0/FileContentRenamer.Tests.dll" adapterTypeName="executor://xunit/VsTestRunner3/netcore/" className="FileContentRenamer.Tests.Services.DateExtractorAdditionalTests" name="ExtractDateFromContent_WithVariousFormats_ShouldReturnCorrectDate" />
    </UnitTest>
    <UnitTest name="FileContentRenamer.Tests.Services.TextProcessorTests.ExtractContentAsync_WithLargeFile_ShouldReturnFirst1000Characters" storage="/users/santibraida/workspace/comprobantes/filecontentrenamer.tests/bin/debug/net9.0/filecontentrenamer.tests.dll" id="15d0df81-8794-5fa5-b2c8-6331ce7be91e">
      <Execution id="a2af13c0-5604-48e0-9cee-4c6561143a54" />
      <TestMethod codeBase="/Users/santibraida/Workspace/comprobantes/FileContentRenamer.Tests/bin/Debug/net9.0/FileContentRenamer.Tests.dll" adapterTypeName="executor://xunit/VsTestRunner3/netcore/" className="FileContentRenamer.Tests.Services.TextProcessorTests" name="ExtractContentAsync_WithLargeFile_ShouldReturnFirst1000Characters" />
    </UnitTest>
    <UnitTest name="FileContentRenamer.Tests.Services.PdfProcessorTests.CanProcess_WithPdfExtensionVariations_ShouldReturnTrue(filename: &quot;document.PDF&quot;)" storage="/users/santibraida/workspace/comprobantes/filecontentrenamer.tests/bin/debug/net9.0/filecontentrenamer.tests.dll" id="8642e301-1a01-c43f-5457-781e9082a823">
      <Execution id="050a915c-065c-4e53-bd12-46a20a308515" />
      <TestMethod codeBase="/Users/santibraida/Workspace/comprobantes/FileContentRenamer.Tests/bin/Debug/net9.0/FileContentRenamer.Tests.dll" adapterTypeName="executor://xunit/VsTestRunner3/netcore/" className="FileContentRenamer.Tests.Services.PdfProcessorTests" name="CanProcess_WithPdfExtensionVariations_ShouldReturnTrue" />
    </UnitTest>
    <UnitTest name="FileContentRenamer.Tests.Services.FileValidatorTests.ShouldSkipAlreadyNamedFile_WithNotAlreadyNamedFile_ShouldReturnFalse" storage="/users/santibraida/workspace/comprobantes/filecontentrenamer.tests/bin/debug/net9.0/filecontentrenamer.tests.dll" id="0585f1ec-f642-09e1-866f-6d3653426f93">
      <Execution id="fa50cd2c-de08-4cf2-8267-4463bf2b60a6" />
      <TestMethod codeBase="/Users/santibraida/Workspace/comprobantes/FileContentRenamer.Tests/bin/Debug/net9.0/FileContentRenamer.Tests.dll" adapterTypeName="executor://xunit/VsTestRunner3/netcore/" className="FileContentRenamer.Tests.Services.FileValidatorTests" name="ShouldSkipAlreadyNamedFile_WithNotAlreadyNamedFile_ShouldReturnFalse" />
    </UnitTest>
    <UnitTest name="FileContentRenamer.Tests.Services.ImageProcessorTests.CanProcess_WithImageExtensionsDifferentCasing_ShouldReturnTrue(extension: &quot;.JPG&quot;)" storage="/users/santibraida/workspace/comprobantes/filecontentrenamer.tests/bin/debug/net9.0/filecontentrenamer.tests.dll" id="80bc6a5a-eb03-5068-fdbc-47b2721cfaa4">
      <Execution id="3b0eec03-05e6-4d5e-91f0-594d47c20c99" />
      <TestMethod codeBase="/Users/santibraida/Workspace/comprobantes/FileContentRenamer.Tests/bin/Debug/net9.0/FileContentRenamer.Tests.dll" adapterTypeName="executor://xunit/VsTestRunner3/netcore/" className="FileContentRenamer.Tests.Services.ImageProcessorTests" name="CanProcess_WithImageExtensionsDifferentCasing_ShouldReturnTrue" />
    </UnitTest>
    <UnitTest name="FileContentRenamer.Tests.Services.ImageProcessorTests.CanProcess_WithVariousCases_ShouldReturnCorrectResult(extension: &quot;.Png&quot;)" storage="/users/santibraida/workspace/comprobantes/filecontentrenamer.tests/bin/debug/net9.0/filecontentrenamer.tests.dll" id="74ad0e4c-d0dd-e8ed-f2c1-43d4f1994c9f">
      <Execution id="f3453c59-c5ee-45e5-8350-f435cec86626" />
      <TestMethod codeBase="/Users/santibraida/Workspace/comprobantes/FileContentRenamer.Tests/bin/Debug/net9.0/FileContentRenamer.Tests.dll" adapterTypeName="executor://xunit/VsTestRunner3/netcore/" className="FileContentRenamer.Tests.Services.ImageProcessorTests" name="CanProcess_WithVariousCases_ShouldReturnCorrectResult" />
    </UnitTest>
    <UnitTest name="FileContentRenamer.Tests.Services.DateExtractorAdditionalTests.ExtractDateFromContent_WithVariousFormats_ShouldReturnCorrectDate(content: &quot;No hay fechas aquí&quot;, expected: &quot;&quot;)" storage="/users/santibraida/workspace/comprobantes/filecontentrenamer.tests/bin/debug/net9.0/filecontentrenamer.tests.dll" id="d89f2fd7-4f2a-3db7-51c5-eb8b2d64efff">
      <Execution id="b4af1067-25a0-47b4-bb7a-3f15c45eb671" />
      <TestMethod codeBase="/Users/santibraida/Workspace/comprobantes/FileContentRenamer.Tests/bin/Debug/net9.0/FileContentRenamer.Tests.dll" adapterTypeName="executor://xunit/VsTestRunner3/netcore/" className="FileContentRenamer.Tests.Services.DateExtractorAdditionalTests" name="ExtractDateFromContent_WithVariousFormats_ShouldReturnCorrectDate" />
    </UnitTest>
    <UnitTest name="FileContentRenamer.Tests.Services.DirectoryOrganizerTests.IsInYearMonthStructure_WithInvalidStructure_ShouldReturnFalse(folderName: &quot;2024_not_year&quot;)" storage="/users/santibraida/workspace/comprobantes/filecontentrenamer.tests/bin/debug/net9.0/filecontentrenamer.tests.dll" id="a86e36e4-e94e-5f42-8494-d796a058bcf2">
      <Execution id="7f0dc550-831d-437f-94ae-e187fe9bf2d8" />
      <TestMethod codeBase="/Users/santibraida/Workspace/comprobantes/FileContentRenamer.Tests/bin/Debug/net9.0/FileContentRenamer.Tests.dll" adapterTypeName="executor://xunit/VsTestRunner3/netcore/" className="FileContentRenamer.Tests.Services.DirectoryOrganizerTests" name="IsInYearMonthStructure_WithInvalidStructure_ShouldReturnFalse" />
    </UnitTest>
    <UnitTest name="FileContentRenamer.Tests.Services.DateExtractorTests.ExtractDateFromContent_WithEmptyContent_ShouldReturnEmptyString" storage="/users/santibraida/workspace/comprobantes/filecontentrenamer.tests/bin/debug/net9.0/filecontentrenamer.tests.dll" id="ba6808c0-f426-8a5b-0695-d6b57a217c84">
      <Execution id="c35fa5db-1d23-41f0-8fa4-b68d72516af9" />
      <TestMethod codeBase="/Users/santibraida/Workspace/comprobantes/FileContentRenamer.Tests/bin/Debug/net9.0/FileContentRenamer.Tests.dll" adapterTypeName="executor://xunit/VsTestRunner3/netcore/" className="FileContentRenamer.Tests.Services.DateExtractorTests" name="ExtractDateFromContent_WithEmptyContent_ShouldReturnEmptyString" />
    </UnitTest>
    <UnitTest name="FileContentRenamer.Tests.Services.TextProcessorTests.ExtractContentAsync_WithLockedFile_ShouldReturnEmptyString" storage="/users/santibraida/workspace/comprobantes/filecontentrenamer.tests/bin/debug/net9.0/filecontentrenamer.tests.dll" id="26656131-c125-7680-eabe-b2347d65af76">
      <Execution id="c0f1529a-c8a0-430b-9791-1c392f436008" />
      <TestMethod codeBase="/Users/santibraida/Workspace/comprobantes/FileContentRenamer.Tests/bin/Debug/net9.0/FileContentRenamer.Tests.dll" adapterTypeName="executor://xunit/VsTestRunner3/netcore/" className="FileContentRenamer.Tests.Services.TextProcessorTests" name="ExtractContentAsync_WithLockedFile_ShouldReturnEmptyString" />
    </UnitTest>
    <UnitTest name="FileContentRenamer.Tests.Services.DirectoryOrganizerAdditionalTests.OrganizeFileIntoDirectoryStructure_WithAllMonths_ShouldCreateCorrectStructure(dateStr: &quot;2023-01-15&quot;, expectedMonth: &quot;01_enero&quot;)" storage="/users/santibraida/workspace/comprobantes/filecontentrenamer.tests/bin/debug/net9.0/filecontentrenamer.tests.dll" id="3316bc7e-6a82-67a0-8d2a-7a179131430f">
      <Execution id="b3772156-bc36-4c5b-b055-51ff01f2e561" />
      <TestMethod codeBase="/Users/santibraida/Workspace/comprobantes/FileContentRenamer.Tests/bin/Debug/net9.0/FileContentRenamer.Tests.dll" adapterTypeName="executor://xunit/VsTestRunner3/netcore/" className="FileContentRenamer.Tests.Services.DirectoryOrganizerAdditionalTests" name="OrganizeFileIntoDirectoryStructure_WithAllMonths_ShouldCreateCorrectStructure" />
    </UnitTest>
    <UnitTest name="FileContentRenamer.Tests.Services.TextProcessorTests.CanProcess_WithNonTxtExtension_ShouldReturnFalse(filename: &quot;test.docx&quot;)" storage="/users/santibraida/workspace/comprobantes/filecontentrenamer.tests/bin/debug/net9.0/filecontentrenamer.tests.dll" id="72cdf8b5-0c4a-e649-1b33-3003eb144b1a">
      <Execution id="1c651363-c4ea-40f6-806d-c5399a68e142" />
      <TestMethod codeBase="/Users/santibraida/Workspace/comprobantes/FileContentRenamer.Tests/bin/Debug/net9.0/FileContentRenamer.Tests.dll" adapterTypeName="executor://xunit/VsTestRunner3/netcore/" className="FileContentRenamer.Tests.Services.TextProcessorTests" name="CanProcess_WithNonTxtExtension_ShouldReturnFalse" />
    </UnitTest>
    <UnitTest name="FileContentRenamer.Tests.Services.FilenameGeneratorTests.IsAlreadyNamedFilename_WithValidFormats_ShouldReturnTrue(filename: &quot;test_2023-12-31_card&quot;)" storage="/users/santibraida/workspace/comprobantes/filecontentrenamer.tests/bin/debug/net9.0/filecontentrenamer.tests.dll" id="2c747d1f-f1c9-2115-b65f-2b6f4087b146">
      <Execution id="c971d12f-e74f-41c4-afd1-b09386704d5a" />
      <TestMethod codeBase="/Users/santibraida/Workspace/comprobantes/FileContentRenamer.Tests/bin/Debug/net9.0/FileContentRenamer.Tests.dll" adapterTypeName="executor://xunit/VsTestRunner3/netcore/" className="FileContentRenamer.Tests.Services.FilenameGeneratorTests" name="IsAlreadyNamedFilename_WithValidFormats_ShouldReturnTrue" />
    </UnitTest>
    <UnitTest name="FileContentRenamer.Tests.Services.ImageProcessorTests.CanProcess_WithNonImageExtension_ShouldReturnFalse(extension: &quot;test&quot;)" storage="/users/santibraida/workspace/comprobantes/filecontentrenamer.tests/bin/debug/net9.0/filecontentrenamer.tests.dll" id="d406e03e-ed03-b142-d7d1-88f454f977cb">
      <Execution id="1c7905ef-ae4d-4965-9837-16f21c67519a" />
      <TestMethod codeBase="/Users/santibraida/Workspace/comprobantes/FileContentRenamer.Tests/bin/Debug/net9.0/FileContentRenamer.Tests.dll" adapterTypeName="executor://xunit/VsTestRunner3/netcore/" className="FileContentRenamer.Tests.Services.ImageProcessorTests" name="CanProcess_WithNonImageExtension_ShouldReturnFalse" />
    </UnitTest>
    <UnitTest name="FileContentRenamer.Tests.Services.DirectoryOrganizerTests.OrganizeFileIntoDirectoryStructure_WithValidDate_ShouldCreateStructureAndMoveFile" storage="/users/santibraida/workspace/comprobantes/filecontentrenamer.tests/bin/debug/net9.0/filecontentrenamer.tests.dll" id="8f2c1c6f-2d06-5c80-db10-fbc31b9e4155">
      <Execution id="2143ec52-93d9-447b-a357-fd2584359026" />
      <TestMethod codeBase="/Users/santibraida/Workspace/comprobantes/FileContentRenamer.Tests/bin/Debug/net9.0/FileContentRenamer.Tests.dll" adapterTypeName="executor://xunit/VsTestRunner3/netcore/" className="FileContentRenamer.Tests.Services.DirectoryOrganizerTests" name="OrganizeFileIntoDirectoryStructure_WithValidDate_ShouldCreateStructureAndMoveFile" />
    </UnitTest>
    <UnitTest name="FileContentRenamer.Tests.Services.FileValidatorTests.ShouldProcessFile_WithDifferentCasing_ShouldBeCaseInsensitive(filename: &quot;test.pDf&quot;)" storage="/users/santibraida/workspace/comprobantes/filecontentrenamer.tests/bin/debug/net9.0/filecontentrenamer.tests.dll" id="77219b7a-0f6b-514e-c829-c9674c2f30c4">
      <Execution id="60a493d3-1976-4713-9830-b55b1a1611f2" />
      <TestMethod codeBase="/Users/santibraida/Workspace/comprobantes/FileContentRenamer.Tests/bin/Debug/net9.0/FileContentRenamer.Tests.dll" adapterTypeName="executor://xunit/VsTestRunner3/netcore/" className="FileContentRenamer.Tests.Services.FileValidatorTests" name="ShouldProcessFile_WithDifferentCasing_ShouldBeCaseInsensitive" />
    </UnitTest>
    <UnitTest name="FileContentRenamer.Tests.Services.DateExtractorEnhancedTests.ExtractDateFromContent_WithInvalidDates_ShouldReturnEmptyString(content: &quot;2023-01-32&quot;)" storage="/users/santibraida/workspace/comprobantes/filecontentrenamer.tests/bin/debug/net9.0/filecontentrenamer.tests.dll" id="17db1533-ea00-4a92-f7d5-0514620e23ba">
      <Execution id="3766ddfd-1c0c-4faa-8970-ff8457ac0dbc" />
      <TestMethod codeBase="/Users/santibraida/Workspace/comprobantes/FileContentRenamer.Tests/bin/Debug/net9.0/FileContentRenamer.Tests.dll" adapterTypeName="executor://xunit/VsTestRunner3/netcore/" className="FileContentRenamer.Tests.Services.DateExtractorEnhancedTests" name="ExtractDateFromContent_WithInvalidDates_ShouldReturnEmptyString" />
    </UnitTest>
    <UnitTest name="FileContentRenamer.Tests.Services.DirectoryOrganizerTests.GetMonthName_WithValidMonth_ShouldReturnSpanishName(monthNumber: 4, expected: &quot;abril&quot;)" storage="/users/santibraida/workspace/comprobantes/filecontentrenamer.tests/bin/debug/net9.0/filecontentrenamer.tests.dll" id="c5db792d-e049-7e4c-45a4-ac95e98dbc54">
      <Execution id="ee6e6677-49c7-46f7-add7-4b038fa767d7" />
      <TestMethod codeBase="/Users/santibraida/Workspace/comprobantes/FileContentRenamer.Tests/bin/Debug/net9.0/FileContentRenamer.Tests.dll" adapterTypeName="executor://xunit/VsTestRunner3/netcore/" className="FileContentRenamer.Tests.Services.DirectoryOrganizerTests" name="GetMonthName_WithValidMonth_ShouldReturnSpanishName" />
    </UnitTest>
    <UnitTest name="FileContentRenamer.Tests.Services.PdfProcessorTests.ExtractContentAsync_WithEmptyPdfFile_ShouldReturnEmptyString" storage="/users/santibraida/workspace/comprobantes/filecontentrenamer.tests/bin/debug/net9.0/filecontentrenamer.tests.dll" id="6802e4b7-d13f-9fd7-e900-410b7d9a430f">
      <Execution id="f5e6c647-61b5-4b21-ab9e-1c2562e192da" />
      <TestMethod codeBase="/Users/santibraida/Workspace/comprobantes/FileContentRenamer.Tests/bin/Debug/net9.0/FileContentRenamer.Tests.dll" adapterTypeName="executor://xunit/VsTestRunner3/netcore/" className="FileContentRenamer.Tests.Services.PdfProcessorTests" name="ExtractContentAsync_WithEmptyPdfFile_ShouldReturnEmptyString" />
    </UnitTest>
    <UnitTest name="FileContentRenamer.Tests.Services.ImageProcessorTests.ExtractContentAsync_WithComplexLanguageConfig_ShouldHandleLanguageParsing" storage="/users/santibraida/workspace/comprobantes/filecontentrenamer.tests/bin/debug/net9.0/filecontentrenamer.tests.dll" id="9bb1b165-fd97-aa53-8141-e435492ae22a">
      <Execution id="8a5b0029-6eeb-4c28-a54c-5e735ec38a0e" />
      <TestMethod codeBase="/Users/santibraida/Workspace/comprobantes/FileContentRenamer.Tests/bin/Debug/net9.0/FileContentRenamer.Tests.dll" adapterTypeName="executor://xunit/VsTestRunner3/netcore/" className="FileContentRenamer.Tests.Services.ImageProcessorTests" name="ExtractContentAsync_WithComplexLanguageConfig_ShouldHandleLanguageParsing" />
    </UnitTest>
    <UnitTest name="FileContentRenamer.Tests.Services.FilenameGeneratorTests.CleanupFileName_WithVariousInputs_ShouldReturnCleanedName(input: &quot;___&quot;, expected: &quot;cleaned_file&quot;)" storage="/users/santibraida/workspace/comprobantes/filecontentrenamer.tests/bin/debug/net9.0/filecontentrenamer.tests.dll" id="003f2eb1-16a9-1fca-9f6b-de2c702ff29c">
      <Execution id="bde5ab99-8f17-4845-9f75-f9df50c9ea9c" />
      <TestMethod codeBase="/Users/santibraida/Workspace/comprobantes/FileContentRenamer.Tests/bin/Debug/net9.0/FileContentRenamer.Tests.dll" adapterTypeName="executor://xunit/VsTestRunner3/netcore/" className="FileContentRenamer.Tests.Services.FilenameGeneratorTests" name="CleanupFileName_WithVariousInputs_ShouldReturnCleanedName" />
    </UnitTest>
    <UnitTest name="FileContentRenamer.Tests.Services.ImageProcessorTests.Constructor_WithNullTesseractDataPath_ShouldNotThrow" storage="/users/santibraida/workspace/comprobantes/filecontentrenamer.tests/bin/debug/net9.0/filecontentrenamer.tests.dll" id="3a993a67-299c-3f87-5430-509e79a52fc2">
      <Execution id="5fdd4232-de2b-4698-9c16-ec1d886f08fc" />
      <TestMethod codeBase="/Users/santibraida/Workspace/comprobantes/FileContentRenamer.Tests/bin/Debug/net9.0/FileContentRenamer.Tests.dll" adapterTypeName="executor://xunit/VsTestRunner3/netcore/" className="FileContentRenamer.Tests.Services.ImageProcessorTests" name="Constructor_WithNullTesseractDataPath_ShouldNotThrow" />
    </UnitTest>
    <UnitTest name="FileContentRenamer.Tests.Services.FilenameGeneratorTests.GenerateFilename_WithNoDateInContent_ShouldUseCurrentDate" storage="/users/santibraida/workspace/comprobantes/filecontentrenamer.tests/bin/debug/net9.0/filecontentrenamer.tests.dll" id="5126ad9e-208d-14c5-d223-4d3af568be87">
      <Execution id="e4ea55a6-eb28-48cb-835a-1531df969cec" />
      <TestMethod codeBase="/Users/santibraida/Workspace/comprobantes/FileContentRenamer.Tests/bin/Debug/net9.0/FileContentRenamer.Tests.dll" adapterTypeName="executor://xunit/VsTestRunner3/netcore/" className="FileContentRenamer.Tests.Services.FilenameGeneratorTests" name="GenerateFilename_WithNoDateInContent_ShouldUseCurrentDate" />
    </UnitTest>
    <UnitTest name="FileContentRenamer.Tests.Services.FilenameGeneratorTests.CleanupFileName_WithVariousInputs_ShouldReturnCleanedName(input: &quot;valid_filename&quot;, expected: &quot;valid_filename&quot;)" storage="/users/santibraida/workspace/comprobantes/filecontentrenamer.tests/bin/debug/net9.0/filecontentrenamer.tests.dll" id="4a85101f-96ab-da99-c27c-46820deea64a">
      <Execution id="3ac00536-da19-4aec-91ce-2d78d1278384" />
      <TestMethod codeBase="/Users/santibraida/Workspace/comprobantes/FileContentRenamer.Tests/bin/Debug/net9.0/FileContentRenamer.Tests.dll" adapterTypeName="executor://xunit/VsTestRunner3/netcore/" className="FileContentRenamer.Tests.Services.FilenameGeneratorTests" name="CleanupFileName_WithVariousInputs_ShouldReturnCleanedName" />
    </UnitTest>
    <UnitTest name="FileContentRenamer.Tests.Services.DirectoryOrganizerAdditionalTests.OrganizeFileIntoDirectoryStructure_WithAllMonths_ShouldCreateCorrectStructure(dateStr: &quot;2023-11-22&quot;, expectedMonth: &quot;11_noviembre&quot;)" storage="/users/santibraida/workspace/comprobantes/filecontentrenamer.tests/bin/debug/net9.0/filecontentrenamer.tests.dll" id="4703e4b2-bc5a-c72c-26fe-b908d47076ed">
      <Execution id="13850e7c-9445-45e7-ab2f-248de1a105fd" />
      <TestMethod codeBase="/Users/santibraida/Workspace/comprobantes/FileContentRenamer.Tests/bin/Debug/net9.0/FileContentRenamer.Tests.dll" adapterTypeName="executor://xunit/VsTestRunner3/netcore/" className="FileContentRenamer.Tests.Services.DirectoryOrganizerAdditionalTests" name="OrganizeFileIntoDirectoryStructure_WithAllMonths_ShouldCreateCorrectStructure" />
    </UnitTest>
    <UnitTest name="FileContentRenamer.Tests.Models.AppConfigTests.LoadFromConfiguration_WithPartialConfig_ShouldUseDefaultsForMissingValues" storage="/users/santibraida/workspace/comprobantes/filecontentrenamer.tests/bin/debug/net9.0/filecontentrenamer.tests.dll" id="6547cbe5-cb2c-b29f-9137-0cf0b96d8b18">
      <Execution id="ba5007bf-397f-43e4-80cc-618d05f32018" />
      <TestMethod codeBase="/Users/santibraida/Workspace/comprobantes/FileContentRenamer.Tests/bin/Debug/net9.0/FileContentRenamer.Tests.dll" adapterTypeName="executor://xunit/VsTestRunner3/netcore/" className="FileContentRenamer.Tests.Models.AppConfigTests" name="LoadFromConfiguration_WithPartialConfig_ShouldUseDefaultsForMissingValues" />
    </UnitTest>
    <UnitTest name="FileContentRenamer.Tests.Services.DirectoryOrganizerAdditionalTests.OrganizeFileIntoDirectoryStructure_WithAllMonths_ShouldCreateCorrectStructure(dateStr: &quot;2023-03-31&quot;, expectedMonth: &quot;03_marzo&quot;)" storage="/users/santibraida/workspace/comprobantes/filecontentrenamer.tests/bin/debug/net9.0/filecontentrenamer.tests.dll" id="193e8e84-3294-543d-11ab-07dc2cf89f4e">
      <Execution id="adcfc716-5013-49ac-9948-ee218eff453d" />
      <TestMethod codeBase="/Users/santibraida/Workspace/comprobantes/FileContentRenamer.Tests/bin/Debug/net9.0/FileContentRenamer.Tests.dll" adapterTypeName="executor://xunit/VsTestRunner3/netcore/" className="FileContentRenamer.Tests.Services.DirectoryOrganizerAdditionalTests" name="OrganizeFileIntoDirectoryStructure_WithAllMonths_ShouldCreateCorrectStructure" />
    </UnitTest>
    <UnitTest name="FileContentRenamer.Tests.Services.PdfProcessorTests.CanProcess_WithNonPdfExtension_ShouldReturnFalse(filename: &quot;test&quot;)" storage="/users/santibraida/workspace/comprobantes/filecontentrenamer.tests/bin/debug/net9.0/filecontentrenamer.tests.dll" id="5350316f-15de-b350-a21b-48de21601546">
      <Execution id="d7d6cd8c-8500-45d0-88f0-9692e2a3ed9d" />
      <TestMethod codeBase="/Users/santibraida/Workspace/comprobantes/FileContentRenamer.Tests/bin/Debug/net9.0/FileContentRenamer.Tests.dll" adapterTypeName="executor://xunit/VsTestRunner3/netcore/" className="FileContentRenamer.Tests.Services.PdfProcessorTests" name="CanProcess_WithNonPdfExtension_ShouldReturnFalse" />
    </UnitTest>
    <UnitTest name="FileContentRenamer.Tests.Services.FilenameGeneratorTests.GenerateFilename_WithValidContentAndDate_ShouldReturnCorrectFilename" storage="/users/santibraida/workspace/comprobantes/filecontentrenamer.tests/bin/debug/net9.0/filecontentrenamer.tests.dll" id="a78a0985-6ddf-5e1e-7544-6efb88194c31">
      <Execution id="d8b26f61-a7eb-406a-b56e-1f73db40e161" />
      <TestMethod codeBase="/Users/santibraida/Workspace/comprobantes/FileContentRenamer.Tests/bin/Debug/net9.0/FileContentRenamer.Tests.dll" adapterTypeName="executor://xunit/VsTestRunner3/netcore/" className="FileContentRenamer.Tests.Services.FilenameGeneratorTests" name="GenerateFilename_WithValidContentAndDate_ShouldReturnCorrectFilename" />
    </UnitTest>
    <UnitTest name="FileContentRenamer.Tests.Services.DirectoryOrganizerTests.GetMonthName_WithValidMonth_ShouldReturnSpanishName(monthNumber: 7, expected: &quot;julio&quot;)" storage="/users/santibraida/workspace/comprobantes/filecontentrenamer.tests/bin/debug/net9.0/filecontentrenamer.tests.dll" id="824839a8-20c1-e236-c120-b27a5f944d83">
      <Execution id="18c2aa64-376a-4cf0-8251-6085e3f18e1d" />
      <TestMethod codeBase="/Users/santibraida/Workspace/comprobantes/FileContentRenamer.Tests/bin/Debug/net9.0/FileContentRenamer.Tests.dll" adapterTypeName="executor://xunit/VsTestRunner3/netcore/" className="FileContentRenamer.Tests.Services.DirectoryOrganizerTests" name="GetMonthName_WithValidMonth_ShouldReturnSpanishName" />
    </UnitTest>
    <UnitTest name="FileContentRenamer.Tests.Services.FileValidatorTests.ValidateConfiguration_WithNullFileExtensions_ShouldReturnFalse" storage="/users/santibraida/workspace/comprobantes/filecontentrenamer.tests/bin/debug/net9.0/filecontentrenamer.tests.dll" id="6cb1a840-6047-af3c-c464-8f4bf5b097d2">
      <Execution id="06ca8816-af17-4dfe-abb3-836e65e6e5e7" />
      <TestMethod codeBase="/Users/santibraida/Workspace/comprobantes/FileContentRenamer.Tests/bin/Debug/net9.0/FileContentRenamer.Tests.dll" adapterTypeName="executor://xunit/VsTestRunner3/netcore/" className="FileContentRenamer.Tests.Services.FileValidatorTests" name="ValidateConfiguration_WithNullFileExtensions_ShouldReturnFalse" />
    </UnitTest>
    <UnitTest name="FileContentRenamer.Tests.Services.TextProcessorTests.CanProcess_WithTxtExtensionDifferentCasing_ShouldReturnTrue(filename: &quot;test.Txt&quot;)" storage="/users/santibraida/workspace/comprobantes/filecontentrenamer.tests/bin/debug/net9.0/filecontentrenamer.tests.dll" id="ae4c83e6-0f4d-65f8-22c1-23c6464f33a2">
      <Execution id="5b1c2773-edfc-40b6-97f7-b244fcb712bd" />
      <TestMethod codeBase="/Users/santibraida/Workspace/comprobantes/FileContentRenamer.Tests/bin/Debug/net9.0/FileContentRenamer.Tests.dll" adapterTypeName="executor://xunit/VsTestRunner3/netcore/" className="FileContentRenamer.Tests.Services.TextProcessorTests" name="CanProcess_WithTxtExtensionDifferentCasing_ShouldReturnTrue" />
    </UnitTest>
    <UnitTest name="FileContentRenamer.Tests.Services.DateExtractorTests.ExtractDateFromContent_WithVariousGenericDates_ShouldReturnCorrectDates(content: &quot;31/12/2023&quot;, expected: &quot;2023-12-31&quot;)" storage="/users/santibraida/workspace/comprobantes/filecontentrenamer.tests/bin/debug/net9.0/filecontentrenamer.tests.dll" id="fe7b897c-fd2e-f8e6-f880-7f5c0aaede02">
      <Execution id="417ca367-e555-43ea-a876-5e72286dd834" />
      <TestMethod codeBase="/Users/santibraida/Workspace/comprobantes/FileContentRenamer.Tests/bin/Debug/net9.0/FileContentRenamer.Tests.dll" adapterTypeName="executor://xunit/VsTestRunner3/netcore/" className="FileContentRenamer.Tests.Services.DateExtractorTests" name="ExtractDateFromContent_WithVariousGenericDates_ShouldReturnCorrectDates" />
    </UnitTest>
    <UnitTest name="FileContentRenamer.Tests.Services.DirectoryOrganizerTests.OrganizeFileIntoDirectoryStructure_WithInvalidDate_ShouldReturnOriginalPath" storage="/users/santibraida/workspace/comprobantes/filecontentrenamer.tests/bin/debug/net9.0/filecontentrenamer.tests.dll" id="19f9e186-a4aa-4850-0176-aa961f311415">
      <Execution id="20c258af-ee4f-4106-9708-b2104803bd54" />
      <TestMethod codeBase="/Users/santibraida/Workspace/comprobantes/FileContentRenamer.Tests/bin/Debug/net9.0/FileContentRenamer.Tests.dll" adapterTypeName="executor://xunit/VsTestRunner3/netcore/" className="FileContentRenamer.Tests.Services.DirectoryOrganizerTests" name="OrganizeFileIntoDirectoryStructure_WithInvalidDate_ShouldReturnOriginalPath" />
    </UnitTest>
    <UnitTest name="FileContentRenamer.Tests.Services.TextProcessorTests.ExtractContentAsync_WithSpecialCharacters_ShouldReturnContent" storage="/users/santibraida/workspace/comprobantes/filecontentrenamer.tests/bin/debug/net9.0/filecontentrenamer.tests.dll" id="ab791beb-155a-2340-25c5-938aea845fff">
      <Execution id="eb016f46-c7e0-4db9-be35-e41aac77a21f" />
      <TestMethod codeBase="/Users/santibraida/Workspace/comprobantes/FileContentRenamer.Tests/bin/Debug/net9.0/FileContentRenamer.Tests.dll" adapterTypeName="executor://xunit/VsTestRunner3/netcore/" className="FileContentRenamer.Tests.Services.TextProcessorTests" name="ExtractContentAsync_WithSpecialCharacters_ShouldReturnContent" />
    </UnitTest>
    <UnitTest name="FileContentRenamer.Tests.Services.DateExtractorEnhancedTests.ExtractDateFromContent_WithNoDates_ShouldReturnEmptyString(content: &quot;Invalid date 32/13/2023&quot;)" storage="/users/santibraida/workspace/comprobantes/filecontentrenamer.tests/bin/debug/net9.0/filecontentrenamer.tests.dll" id="526ffdfa-3900-4b67-df6b-88bc8133a5c5">
      <Execution id="2cc766f0-592d-474f-b87e-e4458f633bbc" />
      <TestMethod codeBase="/Users/santibraida/Workspace/comprobantes/FileContentRenamer.Tests/bin/Debug/net9.0/FileContentRenamer.Tests.dll" adapterTypeName="executor://xunit/VsTestRunner3/netcore/" className="FileContentRenamer.Tests.Services.DateExtractorEnhancedTests" name="ExtractDateFromContent_WithNoDates_ShouldReturnEmptyString" />
    </UnitTest>
    <UnitTest name="FileContentRenamer.Tests.Services.PdfProcessorTests.ExtractContentAsync_WithNonExistentPdfFile_ShouldReturnEmptyString" storage="/users/santibraida/workspace/comprobantes/filecontentrenamer.tests/bin/debug/net9.0/filecontentrenamer.tests.dll" id="2c7c7876-b123-f6b1-1eae-db6f6476f552">
      <Execution id="547e0656-a4ee-4a27-93aa-190fdbf78535" />
      <TestMethod codeBase="/Users/santibraida/Workspace/comprobantes/FileContentRenamer.Tests/bin/Debug/net9.0/FileContentRenamer.Tests.dll" adapterTypeName="executor://xunit/VsTestRunner3/netcore/" className="FileContentRenamer.Tests.Services.PdfProcessorTests" name="ExtractContentAsync_WithNonExistentPdfFile_ShouldReturnEmptyString" />
    </UnitTest>
    <UnitTest name="FileContentRenamer.Tests.Services.DirectoryOrganizerTests.GetMonthName_WithInvalidMonth_ShouldReturnUnknown(monthNumber: 13)" storage="/users/santibraida/workspace/comprobantes/filecontentrenamer.tests/bin/debug/net9.0/filecontentrenamer.tests.dll" id="6c106499-e2c3-a0a7-eafe-eacf56794202">
      <Execution id="86a84d64-de86-4bed-89ec-ba6db742d5dd" />
      <TestMethod codeBase="/Users/santibraida/Workspace/comprobantes/FileContentRenamer.Tests/bin/Debug/net9.0/FileContentRenamer.Tests.dll" adapterTypeName="executor://xunit/VsTestRunner3/netcore/" className="FileContentRenamer.Tests.Services.DirectoryOrganizerTests" name="GetMonthName_WithInvalidMonth_ShouldReturnUnknown" />
    </UnitTest>
    <UnitTest name="FileContentRenamer.Tests.Services.DateExtractorEnhancedTests.ExtractDateFromContent_WithDueDateFormats_ShouldExtractCorrectDate(content: &quot;vencimiento 28/02/2023&quot;, expected: &quot;2023-02-28&quot;)" storage="/users/santibraida/workspace/comprobantes/filecontentrenamer.tests/bin/debug/net9.0/filecontentrenamer.tests.dll" id="c016667a-0b42-4c7c-6e4b-7d5caa7f57c0">
      <Execution id="ef67b3d1-6afd-4c71-b4b2-000b7f651259" />
      <TestMethod codeBase="/Users/santibraida/Workspace/comprobantes/FileContentRenamer.Tests/bin/Debug/net9.0/FileContentRenamer.Tests.dll" adapterTypeName="executor://xunit/VsTestRunner3/netcore/" className="FileContentRenamer.Tests.Services.DateExtractorEnhancedTests" name="ExtractDateFromContent_WithDueDateFormats_ShouldExtractCorrectDate" />
    </UnitTest>
    <UnitTest name="FileContentRenamer.Tests.Services.ImageProcessorTests.ExtractContentAsync_WithInvalidImageFile_ShouldReturnEmptyString" storage="/users/santibraida/workspace/comprobantes/filecontentrenamer.tests/bin/debug/net9.0/filecontentrenamer.tests.dll" id="cb98919d-41c2-f114-3856-49dce9ef8634">
      <Execution id="4452fdcc-43fa-4d4e-9e78-87ba7c638331" />
      <TestMethod codeBase="/Users/santibraida/Workspace/comprobantes/FileContentRenamer.Tests/bin/Debug/net9.0/FileContentRenamer.Tests.dll" adapterTypeName="executor://xunit/VsTestRunner3/netcore/" className="FileContentRenamer.Tests.Services.ImageProcessorTests" name="ExtractContentAsync_WithInvalidImageFile_ShouldReturnEmptyString" />
    </UnitTest>
    <UnitTest name="FileContentRenamer.Tests.Services.DateExtractorAdditionalTests.ExtractDateFromContent_WithVariousFormats_ShouldReturnCorrectDate(content: &quot;32/12/2023&quot;, expected: &quot;&quot;)" storage="/users/santibraida/workspace/comprobantes/filecontentrenamer.tests/bin/debug/net9.0/filecontentrenamer.tests.dll" id="835b5f72-34a7-c88c-6027-4d56e708972c">
      <Execution id="279132f3-4304-470e-a51e-a3b00042a667" />
      <TestMethod codeBase="/Users/santibraida/Workspace/comprobantes/FileContentRenamer.Tests/bin/Debug/net9.0/FileContentRenamer.Tests.dll" adapterTypeName="executor://xunit/VsTestRunner3/netcore/" className="FileContentRenamer.Tests.Services.DateExtractorAdditionalTests" name="ExtractDateFromContent_WithVariousFormats_ShouldReturnCorrectDate" />
    </UnitTest>
    <UnitTest name="FileContentRenamer.Tests.Services.FileValidatorTests.ValidateConfiguration_WithEmptyFileExtensions_ShouldReturnFalse" storage="/users/santibraida/workspace/comprobantes/filecontentrenamer.tests/bin/debug/net9.0/filecontentrenamer.tests.dll" id="51c5dd4c-3587-911b-8de8-02b3003da056">
      <Execution id="7e3cab3d-d46a-408f-b9bf-d63d0d63e347" />
      <TestMethod codeBase="/Users/santibraida/Workspace/comprobantes/FileContentRenamer.Tests/bin/Debug/net9.0/FileContentRenamer.Tests.dll" adapterTypeName="executor://xunit/VsTestRunner3/netcore/" className="FileContentRenamer.Tests.Services.FileValidatorTests" name="ValidateConfiguration_WithEmptyFileExtensions_ShouldReturnFalse" />
    </UnitTest>
    <UnitTest name="FileContentRenamer.Tests.Services.ImageProcessorTests.CanProcess_WithImageExtensions_ShouldReturnTrue(extension: &quot;.tiff&quot;)" storage="/users/santibraida/workspace/comprobantes/filecontentrenamer.tests/bin/debug/net9.0/filecontentrenamer.tests.dll" id="d928fd2c-924f-38de-6b58-5c8ead779399">
      <Execution id="aae30256-a254-47ff-b6c6-ef58e9de2e2a" />
      <TestMethod codeBase="/Users/santibraida/Workspace/comprobantes/FileContentRenamer.Tests/bin/Debug/net9.0/FileContentRenamer.Tests.dll" adapterTypeName="executor://xunit/VsTestRunner3/netcore/" className="FileContentRenamer.Tests.Services.ImageProcessorTests" name="CanProcess_WithImageExtensions_ShouldReturnTrue" />
    </UnitTest>
    <UnitTest name="FileContentRenamer.Tests.Services.DateExtractorEnhancedTests.ExtractDateFromContent_WithDueDateFormats_ShouldExtractCorrectDate(content: &quot;VENCIMIENTO: 30/06/2023&quot;, expected: &quot;2023-06-30&quot;)" storage="/users/santibraida/workspace/comprobantes/filecontentrenamer.tests/bin/debug/net9.0/filecontentrenamer.tests.dll" id="c6dc2a6c-f2f7-0168-d02b-4b37ab6705fc">
      <Execution id="af716898-1991-47e7-afb3-640d059f442c" />
      <TestMethod codeBase="/Users/santibraida/Workspace/comprobantes/FileContentRenamer.Tests/bin/Debug/net9.0/FileContentRenamer.Tests.dll" adapterTypeName="executor://xunit/VsTestRunner3/netcore/" className="FileContentRenamer.Tests.Services.DateExtractorEnhancedTests" name="ExtractDateFromContent_WithDueDateFormats_ShouldExtractCorrectDate" />
    </UnitTest>
    <UnitTest name="FileContentRenamer.Tests.Services.DateExtractorEnhancedTests.ExtractDateFromContent_WithSlashDateFormats_ShouldExtractCorrectDate(content: &quot;Date: 2023/12/31&quot;, expected: &quot;2023-12-31&quot;)" storage="/users/santibraida/workspace/comprobantes/filecontentrenamer.tests/bin/debug/net9.0/filecontentrenamer.tests.dll" id="d6182ce0-2a64-c9da-687b-23e65d906984">
      <Execution id="e2db43e0-419d-4bf4-92fc-80e738ad5165" />
      <TestMethod codeBase="/Users/santibraida/Workspace/comprobantes/FileContentRenamer.Tests/bin/Debug/net9.0/FileContentRenamer.Tests.dll" adapterTypeName="executor://xunit/VsTestRunner3/netcore/" className="FileContentRenamer.Tests.Services.DateExtractorEnhancedTests" name="ExtractDateFromContent_WithSlashDateFormats_ShouldExtractCorrectDate" />
    </UnitTest>
    <UnitTest name="FileContentRenamer.Tests.Models.AppConfigTests.AppConfig_DefaultValues_ShouldBeSetCorrectly" storage="/users/santibraida/workspace/comprobantes/filecontentrenamer.tests/bin/debug/net9.0/filecontentrenamer.tests.dll" id="c8e339c4-495d-6682-fb59-508814014af3">
      <Execution id="61f7d977-af1f-4d01-a2dd-d94e0c72a10f" />
      <TestMethod codeBase="/Users/santibraida/Workspace/comprobantes/FileContentRenamer.Tests/bin/Debug/net9.0/FileContentRenamer.Tests.dll" adapterTypeName="executor://xunit/VsTestRunner3/netcore/" className="FileContentRenamer.Tests.Models.AppConfigTests" name="AppConfig_DefaultValues_ShouldBeSetCorrectly" />
    </UnitTest>
    <UnitTest name="FileContentRenamer.Tests.Services.FileValidatorTests.ValidateFileSize_WithEmptyFile_ShouldLogWarning" storage="/users/santibraida/workspace/comprobantes/filecontentrenamer.tests/bin/debug/net9.0/filecontentrenamer.tests.dll" id="62c33e58-2f83-26ac-2ae0-9b8229cc93ab">
      <Execution id="d3f9763e-e7c1-4d32-9103-88bafb111d4c" />
      <TestMethod codeBase="/Users/santibraida/Workspace/comprobantes/FileContentRenamer.Tests/bin/Debug/net9.0/FileContentRenamer.Tests.dll" adapterTypeName="executor://xunit/VsTestRunner3/netcore/" className="FileContentRenamer.Tests.Services.FileValidatorTests" name="ValidateFileSize_WithEmptyFile_ShouldLogWarning" />
    </UnitTest>
    <UnitTest name="FileContentRenamer.Tests.Services.PdfProcessorTests.CanProcess_WithPdfExtensionVariations_ShouldReturnTrue(filename: &quot;document.pdf&quot;)" storage="/users/santibraida/workspace/comprobantes/filecontentrenamer.tests/bin/debug/net9.0/filecontentrenamer.tests.dll" id="6d87e1fd-55be-eef4-fa85-511734dc705c">
      <Execution id="94976729-1530-4263-a835-476feda44b41" />
      <TestMethod codeBase="/Users/santibraida/Workspace/comprobantes/FileContentRenamer.Tests/bin/Debug/net9.0/FileContentRenamer.Tests.dll" adapterTypeName="executor://xunit/VsTestRunner3/netcore/" className="FileContentRenamer.Tests.Services.PdfProcessorTests" name="CanProcess_WithPdfExtensionVariations_ShouldReturnTrue" />
    </UnitTest>
    <UnitTest name="FileContentRenamer.Tests.Services.DateExtractorEnhancedTests.ExtractDateFromContent_WithContextualDateFormats_ShouldExtractFirstValidDate(content: &quot;Service date: January 15, 2023&quot;)" storage="/users/santibraida/workspace/comprobantes/filecontentrenamer.tests/bin/debug/net9.0/filecontentrenamer.tests.dll" id="adbc4c98-f343-f49a-8ae7-4608303b47de">
      <Execution id="adabdd28-94ff-4f3b-acc2-4bc50879418e" />
      <TestMethod codeBase="/Users/santibraida/Workspace/comprobantes/FileContentRenamer.Tests/bin/Debug/net9.0/FileContentRenamer.Tests.dll" adapterTypeName="executor://xunit/VsTestRunner3/netcore/" className="FileContentRenamer.Tests.Services.DateExtractorEnhancedTests" name="ExtractDateFromContent_WithContextualDateFormats_ShouldExtractFirstValidDate" />
    </UnitTest>
    <UnitTest name="FileContentRenamer.Tests.Services.FileValidatorTests.ShouldProcessFile_WithEmptyPath_ShouldReturnFalse" storage="/users/santibraida/workspace/comprobantes/filecontentrenamer.tests/bin/debug/net9.0/filecontentrenamer.tests.dll" id="9ceef6d7-c6e7-377c-fe84-df2fd32fca20">
      <Execution id="d8c51c5d-98f4-4664-9568-302d0e2998a2" />
      <TestMethod codeBase="/Users/santibraida/Workspace/comprobantes/FileContentRenamer.Tests/bin/Debug/net9.0/FileContentRenamer.Tests.dll" adapterTypeName="executor://xunit/VsTestRunner3/netcore/" className="FileContentRenamer.Tests.Services.FileValidatorTests" name="ShouldProcessFile_WithEmptyPath_ShouldReturnFalse" />
    </UnitTest>
    <UnitTest name="FileContentRenamer.Tests.Services.DateExtractorEnhancedTests.ExtractDateFromContent_WithEnglishMonthNames_ShouldExtractCorrectDate(content: &quot;October 22, 2024&quot;, expected: &quot;2024-10-22&quot;)" storage="/users/santibraida/workspace/comprobantes/filecontentrenamer.tests/bin/debug/net9.0/filecontentrenamer.tests.dll" id="a7083064-b46e-e511-491b-e958a5ce24b2">
      <Execution id="574cec70-328e-4897-94fe-ae450c0da6ca" />
      <TestMethod codeBase="/Users/santibraida/Workspace/comprobantes/FileContentRenamer.Tests/bin/Debug/net9.0/FileContentRenamer.Tests.dll" adapterTypeName="executor://xunit/VsTestRunner3/netcore/" className="FileContentRenamer.Tests.Services.DateExtractorEnhancedTests" name="ExtractDateFromContent_WithEnglishMonthNames_ShouldExtractCorrectDate" />
    </UnitTest>
    <UnitTest name="FileContentRenamer.Tests.Models.AppConfigTests.LoadFromConfiguration_WithValidConfigFile_ShouldLoadCorrectly" storage="/users/santibraida/workspace/comprobantes/filecontentrenamer.tests/bin/debug/net9.0/filecontentrenamer.tests.dll" id="2df2278f-2596-2f16-dbea-2fed2d64436a">
      <Execution id="1e5ad83c-d7d6-49de-8a8e-890f61c905eb" />
      <TestMethod codeBase="/Users/santibraida/Workspace/comprobantes/FileContentRenamer.Tests/bin/Debug/net9.0/FileContentRenamer.Tests.dll" adapterTypeName="executor://xunit/VsTestRunner3/netcore/" className="FileContentRenamer.Tests.Models.AppConfigTests" name="LoadFromConfiguration_WithValidConfigFile_ShouldLoadCorrectly" />
    </UnitTest>
    <UnitTest name="FileContentRenamer.Tests.Services.PdfProcessorTests.ExtractContentAsync_WithDirectoryPath_ShouldReturnEmpty" storage="/users/santibraida/workspace/comprobantes/filecontentrenamer.tests/bin/debug/net9.0/filecontentrenamer.tests.dll" id="d138724c-8941-27f5-b1cb-688759806790">
      <Execution id="ea5bb49e-e10a-4a48-84c4-a95860bbc885" />
      <TestMethod codeBase="/Users/santibraida/Workspace/comprobantes/FileContentRenamer.Tests/bin/Debug/net9.0/FileContentRenamer.Tests.dll" adapterTypeName="executor://xunit/VsTestRunner3/netcore/" className="FileContentRenamer.Tests.Services.PdfProcessorTests" name="ExtractContentAsync_WithDirectoryPath_ShouldReturnEmpty" />
    </UnitTest>
    <UnitTest name="FileContentRenamer.Tests.Services.ImageProcessorTests.CanProcess_WithImageExtensionsDifferentCasing_ShouldReturnTrue(extension: &quot;.TIF&quot;)" storage="/users/santibraida/workspace/comprobantes/filecontentrenamer.tests/bin/debug/net9.0/filecontentrenamer.tests.dll" id="2a25c3ee-59d0-2484-ec0d-75637450d1ba">
      <Execution id="f411a2af-bbc6-4583-be7e-3b1dc174e600" />
      <TestMethod codeBase="/Users/santibraida/Workspace/comprobantes/FileContentRenamer.Tests/bin/Debug/net9.0/FileContentRenamer.Tests.dll" adapterTypeName="executor://xunit/VsTestRunner3/netcore/" className="FileContentRenamer.Tests.Services.ImageProcessorTests" name="CanProcess_WithImageExtensionsDifferentCasing_ShouldReturnTrue" />
    </UnitTest>
    <UnitTest name="FileContentRenamer.Tests.Services.DateExtractorEnhancedTests.ExtractDateFromContent_WithSpanishMonthNames_ShouldExtractCorrectDate(content: &quot;10 de mayo de 2024&quot;, expected: &quot;2024-05-10&quot;)" storage="/users/santibraida/workspace/comprobantes/filecontentrenamer.tests/bin/debug/net9.0/filecontentrenamer.tests.dll" id="2d342154-145e-4478-0b05-dc053252b525">
      <Execution id="348257a5-dc26-4e34-8c16-77d49df70c74" />
      <TestMethod codeBase="/Users/santibraida/Workspace/comprobantes/FileContentRenamer.Tests/bin/Debug/net9.0/FileContentRenamer.Tests.dll" adapterTypeName="executor://xunit/VsTestRunner3/netcore/" className="FileContentRenamer.Tests.Services.DateExtractorEnhancedTests" name="ExtractDateFromContent_WithSpanishMonthNames_ShouldExtractCorrectDate" />
    </UnitTest>
    <UnitTest name="FileContentRenamer.Tests.Models.AppConfigTests.SaveLastUsedPath_WithEmptyPath_ShouldReturnEarly" storage="/users/santibraida/workspace/comprobantes/filecontentrenamer.tests/bin/debug/net9.0/filecontentrenamer.tests.dll" id="a6c25b56-b57f-3f67-b38d-a26d924007e0">
      <Execution id="f36f628e-5661-4ab4-90c5-c81c9a563d40" />
      <TestMethod codeBase="/Users/santibraida/Workspace/comprobantes/FileContentRenamer.Tests/bin/Debug/net9.0/FileContentRenamer.Tests.dll" adapterTypeName="executor://xunit/VsTestRunner3/netcore/" className="FileContentRenamer.Tests.Models.AppConfigTests" name="SaveLastUsedPath_WithEmptyPath_ShouldReturnEarly" />
    </UnitTest>
    <UnitTest name="FileContentRenamer.Tests.Services.TextProcessorTests.ExtractContentAsync_WithMultilineContent_ShouldReturnContent" storage="/users/santibraida/workspace/comprobantes/filecontentrenamer.tests/bin/debug/net9.0/filecontentrenamer.tests.dll" id="75b52445-788c-0c2d-ad1d-9437d196417b">
      <Execution id="87ccbeb7-b23f-4573-9af8-4b5cea99529d" />
      <TestMethod codeBase="/Users/santibraida/Workspace/comprobantes/FileContentRenamer.Tests/bin/Debug/net9.0/FileContentRenamer.Tests.dll" adapterTypeName="executor://xunit/VsTestRunner3/netcore/" className="FileContentRenamer.Tests.Services.TextProcessorTests" name="ExtractContentAsync_WithMultilineContent_ShouldReturnContent" />
    </UnitTest>
    <UnitTest name="FileContentRenamer.Tests.Services.DirectoryOrganizerTests.GetMonthName_WithValidMonth_ShouldReturnSpanishName(monthNumber: 3, expected: &quot;marzo&quot;)" storage="/users/santibraida/workspace/comprobantes/filecontentrenamer.tests/bin/debug/net9.0/filecontentrenamer.tests.dll" id="b88cda59-316a-d792-4d81-e490d0212c2d">
      <Execution id="7d30e837-a2a7-4e8d-b04d-c24b37afbeab" />
      <TestMethod codeBase="/Users/santibraida/Workspace/comprobantes/FileContentRenamer.Tests/bin/Debug/net9.0/FileContentRenamer.Tests.dll" adapterTypeName="executor://xunit/VsTestRunner3/netcore/" className="FileContentRenamer.Tests.Services.DirectoryOrganizerTests" name="GetMonthName_WithValidMonth_ShouldReturnSpanishName" />
    </UnitTest>
    <UnitTest name="FileContentRenamer.Tests.Services.FileValidatorTests.ShouldProcessFile_WithValidExtensions_ShouldReturnTrue(extension: &quot;.jpg&quot;)" storage="/users/santibraida/workspace/comprobantes/filecontentrenamer.tests/bin/debug/net9.0/filecontentrenamer.tests.dll" id="6d830e63-8fcb-8140-fe0b-9a127d46ab00">
      <Execution id="9b64ff3f-c11f-4558-82d8-8cdd6e28de47" />
      <TestMethod codeBase="/Users/santibraida/Workspace/comprobantes/FileContentRenamer.Tests/bin/Debug/net9.0/FileContentRenamer.Tests.dll" adapterTypeName="executor://xunit/VsTestRunner3/netcore/" className="FileContentRenamer.Tests.Services.FileValidatorTests" name="ShouldProcessFile_WithValidExtensions_ShouldReturnTrue" />
    </UnitTest>
    <UnitTest name="FileContentRenamer.Tests.Services.DateExtractorEnhancedTests.ExtractDateFromContent_WithMultipleDates_ShouldReturnFirstValidDate(content: &quot;Multiple dates: 2023-01-15 and 2023-02-20&quot;, expected: &quot;2023-01-15&quot;)" storage="/users/santibraida/workspace/comprobantes/filecontentrenamer.tests/bin/debug/net9.0/filecontentrenamer.tests.dll" id="952aba2d-1bed-c6ae-9c4c-0567f631f090">
      <Execution id="a4d3bff8-13f4-4240-9016-2e288f838a94" />
      <TestMethod codeBase="/Users/santibraida/Workspace/comprobantes/FileContentRenamer.Tests/bin/Debug/net9.0/FileContentRenamer.Tests.dll" adapterTypeName="executor://xunit/VsTestRunner3/netcore/" className="FileContentRenamer.Tests.Services.DateExtractorEnhancedTests" name="ExtractDateFromContent_WithMultipleDates_ShouldReturnFirstValidDate" />
    </UnitTest>
    <UnitTest name="FileContentRenamer.Tests.Models.AppConfigTests.Constructor_ShouldSetDefaultValues" storage="/users/santibraida/workspace/comprobantes/filecontentrenamer.tests/bin/debug/net9.0/filecontentrenamer.tests.dll" id="5427cc3b-bb61-15d0-6750-2643c69cfab7">
      <Execution id="4af46d6e-75bf-4857-a8bd-ff78c91a9525" />
      <TestMethod codeBase="/Users/santibraida/Workspace/comprobantes/FileContentRenamer.Tests/bin/Debug/net9.0/FileContentRenamer.Tests.dll" adapterTypeName="executor://xunit/VsTestRunner3/netcore/" className="FileContentRenamer.Tests.Models.AppConfigTests" name="Constructor_ShouldSetDefaultValues" />
    </UnitTest>
    <UnitTest name="FileContentRenamer.Tests.Services.DateExtractorAdditionalTests.ExtractDateFromContent_WithVariousFormats_ShouldReturnCorrectDate(content: &quot;31/13/2023&quot;, expected: &quot;&quot;)" storage="/users/santibraida/workspace/comprobantes/filecontentrenamer.tests/bin/debug/net9.0/filecontentrenamer.tests.dll" id="85174d84-6c38-cbfc-f08e-3943abd3b77a">
      <Execution id="d1cbca91-4c0c-47e6-93d6-0ad5450f07e1" />
      <TestMethod codeBase="/Users/santibraida/Workspace/comprobantes/FileContentRenamer.Tests/bin/Debug/net9.0/FileContentRenamer.Tests.dll" adapterTypeName="executor://xunit/VsTestRunner3/netcore/" className="FileContentRenamer.Tests.Services.DateExtractorAdditionalTests" name="ExtractDateFromContent_WithVariousFormats_ShouldReturnCorrectDate" />
    </UnitTest>
    <UnitTest name="FileContentRenamer.Tests.Services.TextProcessorTests.ExtractContentAsync_WithEmptyFile_ShouldReturnEmptyString" storage="/users/santibraida/workspace/comprobantes/filecontentrenamer.tests/bin/debug/net9.0/filecontentrenamer.tests.dll" id="19ed11aa-a710-6873-89bb-77d5892f3032">
      <Execution id="2685fb12-5ce4-480f-845a-4965df10b202" />
      <TestMethod codeBase="/Users/santibraida/Workspace/comprobantes/FileContentRenamer.Tests/bin/Debug/net9.0/FileContentRenamer.Tests.dll" adapterTypeName="executor://xunit/VsTestRunner3/netcore/" className="FileContentRenamer.Tests.Services.TextProcessorTests" name="ExtractContentAsync_WithEmptyFile_ShouldReturnEmptyString" />
    </UnitTest>
    <UnitTest name="FileContentRenamer.Tests.Models.AppConfigTests.AppConfig_Properties_ShouldBeSettable" storage="/users/santibraida/workspace/comprobantes/filecontentrenamer.tests/bin/debug/net9.0/filecontentrenamer.tests.dll" id="f705c669-0318-6f5e-e8e5-1b4eaa9f9880">
      <Execution id="85485322-133f-4efc-b87d-808358a62790" />
      <TestMethod codeBase="/Users/santibraida/Workspace/comprobantes/FileContentRenamer.Tests/bin/Debug/net9.0/FileContentRenamer.Tests.dll" adapterTypeName="executor://xunit/VsTestRunner3/netcore/" className="FileContentRenamer.Tests.Models.AppConfigTests" name="AppConfig_Properties_ShouldBeSettable" />
    </UnitTest>
    <UnitTest name="FileContentRenamer.Tests.Services.DirectoryOrganizerTests.GetMonthName_WithValidMonth_ShouldReturnSpanishName(monthNumber: 5, expected: &quot;mayo&quot;)" storage="/users/santibraida/workspace/comprobantes/filecontentrenamer.tests/bin/debug/net9.0/filecontentrenamer.tests.dll" id="d1416a64-bf78-25ec-aee2-d5b8b18bc3dc">
      <Execution id="c99856aa-56cd-4f65-ba20-eb59755e7674" />
      <TestMethod codeBase="/Users/santibraida/Workspace/comprobantes/FileContentRenamer.Tests/bin/Debug/net9.0/FileContentRenamer.Tests.dll" adapterTypeName="executor://xunit/VsTestRunner3/netcore/" className="FileContentRenamer.Tests.Services.DirectoryOrganizerTests" name="GetMonthName_WithValidMonth_ShouldReturnSpanishName" />
    </UnitTest>
    <UnitTest name="FileContentRenamer.Tests.Services.DirectoryOrganizerTests.GetMonthName_WithValidMonth_ShouldReturnSpanishName(monthNumber: 2, expected: &quot;febrero&quot;)" storage="/users/santibraida/workspace/comprobantes/filecontentrenamer.tests/bin/debug/net9.0/filecontentrenamer.tests.dll" id="ee980d6a-c8f2-fb3c-69f5-92dd6531facb">
      <Execution id="2c100581-2c46-4401-a05d-bb976fdbfcc0" />
      <TestMethod codeBase="/Users/santibraida/Workspace/comprobantes/FileContentRenamer.Tests/bin/Debug/net9.0/FileContentRenamer.Tests.dll" adapterTypeName="executor://xunit/VsTestRunner3/netcore/" className="FileContentRenamer.Tests.Services.DirectoryOrganizerTests" name="GetMonthName_WithValidMonth_ShouldReturnSpanishName" />
    </UnitTest>
    <UnitTest name="FileContentRenamer.Tests.Services.DateExtractorEnhancedTests.ExtractDateFromContent_WithContextualDateFormats_ShouldExtractFirstValidDate(content: &quot;Servicio prestado: 15/01/2023&quot;)" storage="/users/santibraida/workspace/comprobantes/filecontentrenamer.tests/bin/debug/net9.0/filecontentrenamer.tests.dll" id="136461cc-1448-e66d-e2a1-88a9e51dada0">
      <Execution id="9d76261d-21ec-48cc-a39d-029e61a72d49" />
      <TestMethod codeBase="/Users/santibraida/Workspace/comprobantes/FileContentRenamer.Tests/bin/Debug/net9.0/FileContentRenamer.Tests.dll" adapterTypeName="executor://xunit/VsTestRunner3/netcore/" className="FileContentRenamer.Tests.Services.DateExtractorEnhancedTests" name="ExtractDateFromContent_WithContextualDateFormats_ShouldExtractFirstValidDate" />
    </UnitTest>
    <UnitTest name="FileContentRenamer.Tests.Services.TextProcessorTests.ExtractContentAsync_WithUnicodeContent_ShouldReturnContent" storage="/users/santibraida/workspace/comprobantes/filecontentrenamer.tests/bin/debug/net9.0/filecontentrenamer.tests.dll" id="57d1cda9-e9e5-f000-1823-6cc75a3cb199">
      <Execution id="9eff19da-615e-441c-b9f7-af6edf1d8e40" />
      <TestMethod codeBase="/Users/santibraida/Workspace/comprobantes/FileContentRenamer.Tests/bin/Debug/net9.0/FileContentRenamer.Tests.dll" adapterTypeName="executor://xunit/VsTestRunner3/netcore/" className="FileContentRenamer.Tests.Services.TextProcessorTests" name="ExtractContentAsync_WithUnicodeContent_ShouldReturnContent" />
    </UnitTest>
    <UnitTest name="FileContentRenamer.Tests.Services.ImageProcessorTests.CanProcess_WithVariousCases_ShouldReturnCorrectResult(extension: &quot;.jpg&quot;)" storage="/users/santibraida/workspace/comprobantes/filecontentrenamer.tests/bin/debug/net9.0/filecontentrenamer.tests.dll" id="52175725-e6d4-0cad-c3ec-c7f17827962e">
      <Execution id="00de80d6-c869-4d7b-b287-48e64e9014dc" />
      <TestMethod codeBase="/Users/santibraida/Workspace/comprobantes/FileContentRenamer.Tests/bin/Debug/net9.0/FileContentRenamer.Tests.dll" adapterTypeName="executor://xunit/VsTestRunner3/netcore/" className="FileContentRenamer.Tests.Services.ImageProcessorTests" name="CanProcess_WithVariousCases_ShouldReturnCorrectResult" />
    </UnitTest>
    <UnitTest name="FileContentRenamer.Tests.Services.FileValidatorTests.ValidateConfiguration_WithValidConfig_ShouldReturnTrue" storage="/users/santibraida/workspace/comprobantes/filecontentrenamer.tests/bin/debug/net9.0/filecontentrenamer.tests.dll" id="a366a934-60e2-7009-7a6f-f68837f539c2">
      <Execution id="cfc4d9b0-deea-4e7a-8d01-9dc311a27db2" />
      <TestMethod codeBase="/Users/santibraida/Workspace/comprobantes/FileContentRenamer.Tests/bin/Debug/net9.0/FileContentRenamer.Tests.dll" adapterTypeName="executor://xunit/VsTestRunner3/netcore/" className="FileContentRenamer.Tests.Services.FileValidatorTests" name="ValidateConfiguration_WithValidConfig_ShouldReturnTrue" />
    </UnitTest>
    <UnitTest name="FileContentRenamer.Tests.Services.DateExtractorEnhancedTests.ExtractDateFromContent_WithNoDates_ShouldReturnEmptyString(content: &quot;Text without any dates&quot;)" storage="/users/santibraida/workspace/comprobantes/filecontentrenamer.tests/bin/debug/net9.0/filecontentrenamer.tests.dll" id="eb4d86cf-b0af-bfbb-711c-c8be426c2aa1">
      <Execution id="c28b2545-59bd-4a01-a160-707f9368ae11" />
      <TestMethod codeBase="/Users/santibraida/Workspace/comprobantes/FileContentRenamer.Tests/bin/Debug/net9.0/FileContentRenamer.Tests.dll" adapterTypeName="executor://xunit/VsTestRunner3/netcore/" className="FileContentRenamer.Tests.Services.DateExtractorEnhancedTests" name="ExtractDateFromContent_WithNoDates_ShouldReturnEmptyString" />
    </UnitTest>
    <UnitTest name="FileContentRenamer.Tests.Services.DirectoryOrganizerAdditionalTests.OrganizeFileIntoDirectoryStructure_WithFileInDifferentLocation_ShouldMoveToCorrectStructure" storage="/users/santibraida/workspace/comprobantes/filecontentrenamer.tests/bin/debug/net9.0/filecontentrenamer.tests.dll" id="6c884b90-5b12-0563-1d53-c735e8e6d42a">
      <Execution id="1ab3bf03-9092-4105-92a2-b3d74ebdce95" />
      <TestMethod codeBase="/Users/santibraida/Workspace/comprobantes/FileContentRenamer.Tests/bin/Debug/net9.0/FileContentRenamer.Tests.dll" adapterTypeName="executor://xunit/VsTestRunner3/netcore/" className="FileContentRenamer.Tests.Services.DirectoryOrganizerAdditionalTests" name="OrganizeFileIntoDirectoryStructure_WithFileInDifferentLocation_ShouldMoveToCorrectStructure" />
    </UnitTest>
    <UnitTest name="FileContentRenamer.Tests.Models.AppConfigTests.LoadFromConfiguration_WithMissingFileExtensions_ShouldThrowException" storage="/users/santibraida/workspace/comprobantes/filecontentrenamer.tests/bin/debug/net9.0/filecontentrenamer.tests.dll" id="a3da5712-1fc6-1483-5013-eb15e94741bb">
      <Execution id="6163b27e-23e7-4c0f-b866-774d205ff039" />
      <TestMethod codeBase="/Users/santibraida/Workspace/comprobantes/FileContentRenamer.Tests/bin/Debug/net9.0/FileContentRenamer.Tests.dll" adapterTypeName="executor://xunit/VsTestRunner3/netcore/" className="FileContentRenamer.Tests.Models.AppConfigTests" name="LoadFromConfiguration_WithMissingFileExtensions_ShouldThrowException" />
    </UnitTest>
    <UnitTest name="FileContentRenamer.Tests.Services.FileValidatorTests.ShouldProcessFile_WithMixedCaseExtension_ShouldReturnTrue" storage="/users/santibraida/workspace/comprobantes/filecontentrenamer.tests/bin/debug/net9.0/filecontentrenamer.tests.dll" id="f7704aaa-e660-9ea3-e9fc-e4f0ba02380e">
      <Execution id="c79ea52d-2b40-4054-896a-47fb02c0f360" />
      <TestMethod codeBase="/Users/santibraida/Workspace/comprobantes/FileContentRenamer.Tests/bin/Debug/net9.0/FileContentRenamer.Tests.dll" adapterTypeName="executor://xunit/VsTestRunner3/netcore/" className="FileContentRenamer.Tests.Services.FileValidatorTests" name="ShouldProcessFile_WithMixedCaseExtension_ShouldReturnTrue" />
    </UnitTest>
    <UnitTest name="FileContentRenamer.Tests.Services.FileValidatorTests.ShouldProcessFile_WithInvalidExtensions_ShouldReturnFalse(extension: &quot;.png&quot;)" storage="/users/santibraida/workspace/comprobantes/filecontentrenamer.tests/bin/debug/net9.0/filecontentrenamer.tests.dll" id="ea32b4ee-de29-bcf5-9e6a-b7b5b963e16b">
      <Execution id="757bb757-ae1e-400a-93cd-f411d7159d1d" />
      <TestMethod codeBase="/Users/santibraida/Workspace/comprobantes/FileContentRenamer.Tests/bin/Debug/net9.0/FileContentRenamer.Tests.dll" adapterTypeName="executor://xunit/VsTestRunner3/netcore/" className="FileContentRenamer.Tests.Services.FileValidatorTests" name="ShouldProcessFile_WithInvalidExtensions_ShouldReturnFalse" />
    </UnitTest>
    <UnitTest name="FileContentRenamer.Tests.Services.FilenameGeneratorTests.GenerateFilename_WithNullDate_ShouldUseCurrentDate" storage="/users/santibraida/workspace/comprobantes/filecontentrenamer.tests/bin/debug/net9.0/filecontentrenamer.tests.dll" id="eff1fee9-aafb-67b9-c268-648d008d92e6">
      <Execution id="da492eca-cf9b-4c08-ada8-f30d13f088ba" />
      <TestMethod codeBase="/Users/santibraida/Workspace/comprobantes/FileContentRenamer.Tests/bin/Debug/net9.0/FileContentRenamer.Tests.dll" adapterTypeName="executor://xunit/VsTestRunner3/netcore/" className="FileContentRenamer.Tests.Services.FilenameGeneratorTests" name="GenerateFilename_WithNullDate_ShouldUseCurrentDate" />
    </UnitTest>
    <UnitTest name="FileContentRenamer.Tests.Services.PdfProcessorTests.CanProcess_WithNonPdfExtension_ShouldReturnFalse(filename: &quot;test.docx&quot;)" storage="/users/santibraida/workspace/comprobantes/filecontentrenamer.tests/bin/debug/net9.0/filecontentrenamer.tests.dll" id="aa7a6137-3efe-902b-7df5-672c2c4d55d3">
      <Execution id="a08bdafb-4bd3-40de-9256-e9112689e6fc" />
      <TestMethod codeBase="/Users/santibraida/Workspace/comprobantes/FileContentRenamer.Tests/bin/Debug/net9.0/FileContentRenamer.Tests.dll" adapterTypeName="executor://xunit/VsTestRunner3/netcore/" className="FileContentRenamer.Tests.Services.PdfProcessorTests" name="CanProcess_WithNonPdfExtension_ShouldReturnFalse" />
    </UnitTest>
    <UnitTest name="FileContentRenamer.Tests.Services.DateExtractorTests.ExtractDateFromContent_WithSpanishDateFormat_ShouldReturnCorrectDate" storage="/users/santibraida/workspace/comprobantes/filecontentrenamer.tests/bin/debug/net9.0/filecontentrenamer.tests.dll" id="8294d7f7-2da1-4ee0-8cd3-c37ff5907cd4">
      <Execution id="7ea146de-3e7a-4f4b-afeb-12ba599870b6" />
      <TestMethod codeBase="/Users/santibraida/Workspace/comprobantes/FileContentRenamer.Tests/bin/Debug/net9.0/FileContentRenamer.Tests.dll" adapterTypeName="executor://xunit/VsTestRunner3/netcore/" className="FileContentRenamer.Tests.Services.DateExtractorTests" name="ExtractDateFromContent_WithSpanishDateFormat_ShouldReturnCorrectDate" />
    </UnitTest>
    <UnitTest name="FileContentRenamer.Tests.Services.FileServiceTests.ProcessFilesAsync_WithException_ShouldContinueProcessing" storage="/users/santibraida/workspace/comprobantes/filecontentrenamer.tests/bin/debug/net9.0/filecontentrenamer.tests.dll" id="52b61247-c43f-6660-c9e8-5fe03f0a7cdc">
      <Execution id="710314a3-3db7-4fb4-83b0-8c6785dc975a" />
      <TestMethod codeBase="/Users/santibraida/Workspace/comprobantes/FileContentRenamer.Tests/bin/Debug/net9.0/FileContentRenamer.Tests.dll" adapterTypeName="executor://xunit/VsTestRunner3/netcore/" className="FileContentRenamer.Tests.Services.FileServiceTests" name="ProcessFilesAsync_WithException_ShouldContinueProcessing" />
    </UnitTest>
    <UnitTest name="FileContentRenamer.Tests.Services.DirectoryOrganizerAdditionalTests.OrganizeFileIntoDirectoryStructure_WithNonExistentFile_ShouldThrowException" storage="/users/santibraida/workspace/comprobantes/filecontentrenamer.tests/bin/debug/net9.0/filecontentrenamer.tests.dll" id="4aa74dd8-fb80-b294-7ad9-6c62fbeadb10">
      <Execution id="919b35c9-1cf3-4f41-a2b8-d97402d00953" />
      <TestMethod codeBase="/Users/santibraida/Workspace/comprobantes/FileContentRenamer.Tests/bin/Debug/net9.0/FileContentRenamer.Tests.dll" adapterTypeName="executor://xunit/VsTestRunner3/netcore/" className="FileContentRenamer.Tests.Services.DirectoryOrganizerAdditionalTests" name="OrganizeFileIntoDirectoryStructure_WithNonExistentFile_ShouldThrowException" />
    </UnitTest>
    <UnitTest name="FileContentRenamer.Tests.Services.PdfProcessorTests.ExtractContentAsync_WithNullOrEmptyPath_ShouldHandleGracefully" storage="/users/santibraida/workspace/comprobantes/filecontentrenamer.tests/bin/debug/net9.0/filecontentrenamer.tests.dll" id="b48ede63-7bd8-9337-3a73-3e2097747548">
      <Execution id="73d46ffe-7fdf-480f-af2a-82e7a145f515" />
      <TestMethod codeBase="/Users/santibraida/Workspace/comprobantes/FileContentRenamer.Tests/bin/Debug/net9.0/FileContentRenamer.Tests.dll" adapterTypeName="executor://xunit/VsTestRunner3/netcore/" className="FileContentRenamer.Tests.Services.PdfProcessorTests" name="ExtractContentAsync_WithNullOrEmptyPath_ShouldHandleGracefully" />
    </UnitTest>
    <UnitTest name="FileContentRenamer.Tests.Services.PdfProcessorTests.CanProcess_WithPdfExtension_ShouldReturnTrue" storage="/users/santibraida/workspace/comprobantes/filecontentrenamer.tests/bin/debug/net9.0/filecontentrenamer.tests.dll" id="9729a039-440f-b038-cbbc-13699377547c">
      <Execution id="5e0900e9-e597-40a6-868a-33771f83e032" />
      <TestMethod codeBase="/Users/santibraida/Workspace/comprobantes/FileContentRenamer.Tests/bin/Debug/net9.0/FileContentRenamer.Tests.dll" adapterTypeName="executor://xunit/VsTestRunner3/netcore/" className="FileContentRenamer.Tests.Services.PdfProcessorTests" name="CanProcess_WithPdfExtension_ShouldReturnTrue" />
    </UnitTest>
    <UnitTest name="FileContentRenamer.Tests.Services.DateExtractorEnhancedTests.ExtractDateFromContent_WithSpanishMonthNames_ShouldExtractCorrectDate(content: &quot;15 de enero de 2023&quot;, expected: &quot;2023-01-15&quot;)" storage="/users/santibraida/workspace/comprobantes/filecontentrenamer.tests/bin/debug/net9.0/filecontentrenamer.tests.dll" id="f59b4127-a050-8fc1-85b0-31c4bee23013">
      <Execution id="c044f451-2be6-499d-8b89-2d5ed47209d6" />
      <TestMethod codeBase="/Users/santibraida/Workspace/comprobantes/FileContentRenamer.Tests/bin/Debug/net9.0/FileContentRenamer.Tests.dll" adapterTypeName="executor://xunit/VsTestRunner3/netcore/" className="FileContentRenamer.Tests.Services.DateExtractorEnhancedTests" name="ExtractDateFromContent_WithSpanishMonthNames_ShouldExtractCorrectDate" />
    </UnitTest>
    <UnitTest name="FileContentRenamer.Tests.Services.PdfProcessorTests.CanProcess_WithPdfExtensionDifferentCasing_ShouldReturnTrue(filename: &quot;test.PDF&quot;)" storage="/users/santibraida/workspace/comprobantes/filecontentrenamer.tests/bin/debug/net9.0/filecontentrenamer.tests.dll" id="6d7a483b-6c01-6e31-c6bf-ec0c2f6ad577">
      <Execution id="62eaa7f1-cf34-4050-a777-138406764c56" />
      <TestMethod codeBase="/Users/santibraida/Workspace/comprobantes/FileContentRenamer.Tests/bin/Debug/net9.0/FileContentRenamer.Tests.dll" adapterTypeName="executor://xunit/VsTestRunner3/netcore/" className="FileContentRenamer.Tests.Services.PdfProcessorTests" name="CanProcess_WithPdfExtensionDifferentCasing_ShouldReturnTrue" />
    </UnitTest>
    <UnitTest name="FileContentRenamer.Tests.Services.ImageProcessorTests.ExtractContentAsync_WithInvalidTesseractDataPath_ShouldReturnEmpty" storage="/users/santibraida/workspace/comprobantes/filecontentrenamer.tests/bin/debug/net9.0/filecontentrenamer.tests.dll" id="871d08c9-a126-7256-6ea3-61a20f361a2f">
      <Execution id="bdc4fa8d-5f27-4f58-8ac8-0e68db45a8b6" />
      <TestMethod codeBase="/Users/santibraida/Workspace/comprobantes/FileContentRenamer.Tests/bin/Debug/net9.0/FileContentRenamer.Tests.dll" adapterTypeName="executor://xunit/VsTestRunner3/netcore/" className="FileContentRenamer.Tests.Services.ImageProcessorTests" name="ExtractContentAsync_WithInvalidTesseractDataPath_ShouldReturnEmpty" />
    </UnitTest>
    <UnitTest name="FileContentRenamer.Tests.Services.FilenameGeneratorTests.IsAlreadyNamedFilename_WithInvalidFormats_ShouldReturnFalse(filename: &quot;service_payment&quot;)" storage="/users/santibraida/workspace/comprobantes/filecontentrenamer.tests/bin/debug/net9.0/filecontentrenamer.tests.dll" id="d6d3d886-1a00-8e52-5627-e1236e6e1c62">
      <Execution id="91ef4d24-6d94-460f-8737-4f44a65017fc" />
      <TestMethod codeBase="/Users/santibraida/Workspace/comprobantes/FileContentRenamer.Tests/bin/Debug/net9.0/FileContentRenamer.Tests.dll" adapterTypeName="executor://xunit/VsTestRunner3/netcore/" className="FileContentRenamer.Tests.Services.FilenameGeneratorTests" name="IsAlreadyNamedFilename_WithInvalidFormats_ShouldReturnFalse" />
    </UnitTest>
    <UnitTest name="FileContentRenamer.Tests.Services.ImageProcessorTests.ExtractContentAsync_WithNonExistentTessdataPath_ShouldReturnEmpty" storage="/users/santibraida/workspace/comprobantes/filecontentrenamer.tests/bin/debug/net9.0/filecontentrenamer.tests.dll" id="b03481c9-a037-f1b2-2c67-0334afa09a62">
      <Execution id="1750afad-cdd0-4885-91ea-fb0a2d846061" />
      <TestMethod codeBase="/Users/santibraida/Workspace/comprobantes/FileContentRenamer.Tests/bin/Debug/net9.0/FileContentRenamer.Tests.dll" adapterTypeName="executor://xunit/VsTestRunner3/netcore/" className="FileContentRenamer.Tests.Services.ImageProcessorTests" name="ExtractContentAsync_WithNonExistentTessdataPath_ShouldReturnEmpty" />
    </UnitTest>
    <UnitTest name="FileContentRenamer.Tests.Services.DirectoryOrganizerAdditionalTests.OrganizeFileIntoDirectoryStructure_WithInvalidDate_ShouldThrowException" storage="/users/santibraida/workspace/comprobantes/filecontentrenamer.tests/bin/debug/net9.0/filecontentrenamer.tests.dll" id="206c12ed-4a53-a3ab-ca0e-a0f12468f324">
      <Execution id="29763ade-f7fc-477a-9f1e-c1d8c9a183b9" />
      <TestMethod codeBase="/Users/santibraida/Workspace/comprobantes/FileContentRenamer.Tests/bin/Debug/net9.0/FileContentRenamer.Tests.dll" adapterTypeName="executor://xunit/VsTestRunner3/netcore/" className="FileContentRenamer.Tests.Services.DirectoryOrganizerAdditionalTests" name="OrganizeFileIntoDirectoryStructure_WithInvalidDate_ShouldThrowException" />
    </UnitTest>
    <UnitTest name="FileContentRenamer.Tests.Models.NamingRuleTests.Matches_WithCaseInsensitiveKeywords_ShouldReturnTrue" storage="/users/santibraida/workspace/comprobantes/filecontentrenamer.tests/bin/debug/net9.0/filecontentrenamer.tests.dll" id="eda4a5c5-8fa3-8699-5242-449863672e55">
      <Execution id="bc17197a-ac5e-4687-8b07-07a28987f415" />
      <TestMethod codeBase="/Users/santibraida/Workspace/comprobantes/FileContentRenamer.Tests/bin/Debug/net9.0/FileContentRenamer.Tests.dll" adapterTypeName="executor://xunit/VsTestRunner3/netcore/" className="FileContentRenamer.Tests.Models.NamingRuleTests" name="Matches_WithCaseInsensitiveKeywords_ShouldReturnTrue" />
    </UnitTest>
    <UnitTest name="FileContentRenamer.Tests.Services.FileValidatorTests.ShouldProcessFile_WithValidExtensions_ShouldReturnTrue(extension: &quot;.txt&quot;)" storage="/users/santibraida/workspace/comprobantes/filecontentrenamer.tests/bin/debug/net9.0/filecontentrenamer.tests.dll" id="89411942-d38a-5bb6-81ec-67e7fdba9fc2">
      <Execution id="9aa3783f-cb33-4dcf-b748-33b5e9c5b294" />
      <TestMethod codeBase="/Users/santibraida/Workspace/comprobantes/FileContentRenamer.Tests/bin/Debug/net9.0/FileContentRenamer.Tests.dll" adapterTypeName="executor://xunit/VsTestRunner3/netcore/" className="FileContentRenamer.Tests.Services.FileValidatorTests" name="ShouldProcessFile_WithValidExtensions_ShouldReturnTrue" />
    </UnitTest>
    <UnitTest name="FileContentRenamer.Tests.Services.DateExtractorEnhancedTests.ExtractDateFromContent_WithMultipleDates_ShouldReturnFirstValidDate(content: &quot;Dates: 15 de enero de 2023 y 20 de febrero de 2023&quot;, expected: &quot;2023-01-15&quot;)" storage="/users/santibraida/workspace/comprobantes/filecontentrenamer.tests/bin/debug/net9.0/filecontentrenamer.tests.dll" id="aea73909-810e-a77c-1399-2312d2e31955">
      <Execution id="e015f83b-380f-4c38-9f42-57b659263fc4" />
      <TestMethod codeBase="/Users/santibraida/Workspace/comprobantes/FileContentRenamer.Tests/bin/Debug/net9.0/FileContentRenamer.Tests.dll" adapterTypeName="executor://xunit/VsTestRunner3/netcore/" className="FileContentRenamer.Tests.Services.DateExtractorEnhancedTests" name="ExtractDateFromContent_WithMultipleDates_ShouldReturnFirstValidDate" />
    </UnitTest>
    <UnitTest name="FileContentRenamer.Tests.Services.ImageProcessorTests.CanProcess_WithVariousCases_ShouldReturnCorrectResult(extension: &quot;.TIF&quot;)" storage="/users/santibraida/workspace/comprobantes/filecontentrenamer.tests/bin/debug/net9.0/filecontentrenamer.tests.dll" id="3573ba78-e31a-2e6c-5278-821f59ce87a6">
      <Execution id="e2653dba-fe69-4e91-b589-d9c702f61fac" />
      <TestMethod codeBase="/Users/santibraida/Workspace/comprobantes/FileContentRenamer.Tests/bin/Debug/net9.0/FileContentRenamer.Tests.dll" adapterTypeName="executor://xunit/VsTestRunner3/netcore/" className="FileContentRenamer.Tests.Services.ImageProcessorTests" name="CanProcess_WithVariousCases_ShouldReturnCorrectResult" />
    </UnitTest>
    <UnitTest name="FileContentRenamer.Tests.Services.DateExtractorEnhancedTests.ExtractDateFromContent_WithNoDates_ShouldReturnEmptyString(content: &quot;&quot;)" storage="/users/santibraida/workspace/comprobantes/filecontentrenamer.tests/bin/debug/net9.0/filecontentrenamer.tests.dll" id="4511dac4-c84f-4a69-005b-5ae50b2e0c20">
      <Execution id="1876f6ef-c6c7-4253-b181-1fc5e173b479" />
      <TestMethod codeBase="/Users/santibraida/Workspace/comprobantes/FileContentRenamer.Tests/bin/Debug/net9.0/FileContentRenamer.Tests.dll" adapterTypeName="executor://xunit/VsTestRunner3/netcore/" className="FileContentRenamer.Tests.Services.DateExtractorEnhancedTests" name="ExtractDateFromContent_WithNoDates_ShouldReturnEmptyString" />
    </UnitTest>
    <UnitTest name="FileContentRenamer.Tests.Services.ImageProcessorTests.CanProcess_WithVariousCases_ShouldReturnCorrectResult(extension: &quot;.tiff&quot;)" storage="/users/santibraida/workspace/comprobantes/filecontentrenamer.tests/bin/debug/net9.0/filecontentrenamer.tests.dll" id="676f3c6c-0dc6-c09d-c183-6e86f532e720">
      <Execution id="4d92fe0c-8b46-4844-b655-951cb3508cf8" />
      <TestMethod codeBase="/Users/santibraida/Workspace/comprobantes/FileContentRenamer.Tests/bin/Debug/net9.0/FileContentRenamer.Tests.dll" adapterTypeName="executor://xunit/VsTestRunner3/netcore/" className="FileContentRenamer.Tests.Services.ImageProcessorTests" name="CanProcess_WithVariousCases_ShouldReturnCorrectResult" />
    </UnitTest>
    <UnitTest name="FileContentRenamer.Tests.Services.PdfProcessorTests.CanProcess_WithNonPdfExtension_ShouldReturnFalse(filename: &quot;test.jpg&quot;)" storage="/users/santibraida/workspace/comprobantes/filecontentrenamer.tests/bin/debug/net9.0/filecontentrenamer.tests.dll" id="8788403a-0d19-e088-1175-07bf39207809">
      <Execution id="6fe9a65b-9e7e-4b03-8bdf-7758918f44e1" />
      <TestMethod codeBase="/Users/santibraida/Workspace/comprobantes/FileContentRenamer.Tests/bin/Debug/net9.0/FileContentRenamer.Tests.dll" adapterTypeName="executor://xunit/VsTestRunner3/netcore/" className="FileContentRenamer.Tests.Services.PdfProcessorTests" name="CanProcess_WithNonPdfExtension_ShouldReturnFalse" />
    </UnitTest>
    <UnitTest name="FileContentRenamer.Tests.Services.TextProcessorTests.CanProcess_WithTxtExtensionDifferentCasing_ShouldReturnTrue(filename: &quot;test.TXT&quot;)" storage="/users/santibraida/workspace/comprobantes/filecontentrenamer.tests/bin/debug/net9.0/filecontentrenamer.tests.dll" id="66363822-7849-72a3-af25-779ac72e5857">
      <Execution id="4313c3fb-ef26-412c-9538-d71a268c3c5f" />
      <TestMethod codeBase="/Users/santibraida/Workspace/comprobantes/FileContentRenamer.Tests/bin/Debug/net9.0/FileContentRenamer.Tests.dll" adapterTypeName="executor://xunit/VsTestRunner3/netcore/" className="FileContentRenamer.Tests.Services.TextProcessorTests" name="CanProcess_WithTxtExtensionDifferentCasing_ShouldReturnTrue" />
    </UnitTest>
    <UnitTest name="FileContentRenamer.Tests.Models.NamingRulesTests.GenerateFilename_WithRuleWithEmptyPaymentMethod_ShouldUseDefault" storage="/users/santibraida/workspace/comprobantes/filecontentrenamer.tests/bin/debug/net9.0/filecontentrenamer.tests.dll" id="653d3743-7cb8-b116-b4af-cf8e20bba6f6">
      <Execution id="168024cf-5220-4a0e-8d10-309e8ed7983b" />
      <TestMethod codeBase="/Users/santibraida/Workspace/comprobantes/FileContentRenamer.Tests/bin/Debug/net9.0/FileContentRenamer.Tests.dll" adapterTypeName="executor://xunit/VsTestRunner3/netcore/" className="FileContentRenamer.Tests.Models.NamingRulesTests" name="GenerateFilename_WithRuleWithEmptyPaymentMethod_ShouldUseDefault" />
    </UnitTest>
    <UnitTest name="FileContentRenamer.Tests.Models.NamingRulesTests.GenerateFilename_WithNoMatchingRule_ShouldUseDefaults" storage="/users/santibraida/workspace/comprobantes/filecontentrenamer.tests/bin/debug/net9.0/filecontentrenamer.tests.dll" id="fa21426d-34f2-265b-fd21-637426cd5f3c">
      <Execution id="fe1cc5ef-90ab-4c45-8d18-5858887a7b72" />
      <TestMethod codeBase="/Users/santibraida/Workspace/comprobantes/FileContentRenamer.Tests/bin/Debug/net9.0/FileContentRenamer.Tests.dll" adapterTypeName="executor://xunit/VsTestRunner3/netcore/" className="FileContentRenamer.Tests.Models.NamingRulesTests" name="GenerateFilename_WithNoMatchingRule_ShouldUseDefaults" />
    </UnitTest>
    <UnitTest name="FileContentRenamer.Tests.Services.DateExtractorEnhancedTests.ExtractDateFromContent_WithEnglishMonthNames_ShouldExtractCorrectDate(content: &quot;June 05, 2024&quot;, expected: &quot;2024-06-05&quot;)" storage="/users/santibraida/workspace/comprobantes/filecontentrenamer.tests/bin/debug/net9.0/filecontentrenamer.tests.dll" id="f34e5d47-a5d2-8da3-32e4-177f4d4ebbd4">
      <Execution id="df99c2b5-6db7-485a-97a2-a1d62ed28141" />
      <TestMethod codeBase="/Users/santibraida/Workspace/comprobantes/FileContentRenamer.Tests/bin/Debug/net9.0/FileContentRenamer.Tests.dll" adapterTypeName="executor://xunit/VsTestRunner3/netcore/" className="FileContentRenamer.Tests.Services.DateExtractorEnhancedTests" name="ExtractDateFromContent_WithEnglishMonthNames_ShouldExtractCorrectDate" />
    </UnitTest>
    <UnitTest name="FileContentRenamer.Tests.Services.DateExtractorEnhancedTests.ExtractDateFromContent_WithNoDates_ShouldReturnEmptyString(content: &quot;   &quot;)" storage="/users/santibraida/workspace/comprobantes/filecontentrenamer.tests/bin/debug/net9.0/filecontentrenamer.tests.dll" id="ff055e90-d656-9e92-8f92-4035c59e7a36">
      <Execution id="fcb1a514-6202-449c-b64c-1a3ff8d450f3" />
      <TestMethod codeBase="/Users/santibraida/Workspace/comprobantes/FileContentRenamer.Tests/bin/Debug/net9.0/FileContentRenamer.Tests.dll" adapterTypeName="executor://xunit/VsTestRunner3/netcore/" className="FileContentRenamer.Tests.Services.DateExtractorEnhancedTests" name="ExtractDateFromContent_WithNoDates_ShouldReturnEmptyString" />
    </UnitTest>
    <UnitTest name="FileContentRenamer.Tests.Services.ImageProcessorTests.CanProcess_WithVariousCases_ShouldReturnCorrectResult(extension: &quot;.JPEG&quot;)" storage="/users/santibraida/workspace/comprobantes/filecontentrenamer.tests/bin/debug/net9.0/filecontentrenamer.tests.dll" id="fb01cc7e-d5fa-72c9-434f-db0e51b7acf2">
      <Execution id="9042fb95-d8e6-47d8-85c7-7a549075a13f" />
      <TestMethod codeBase="/Users/santibraida/Workspace/comprobantes/FileContentRenamer.Tests/bin/Debug/net9.0/FileContentRenamer.Tests.dll" adapterTypeName="executor://xunit/VsTestRunner3/netcore/" className="FileContentRenamer.Tests.Services.ImageProcessorTests" name="CanProcess_WithVariousCases_ShouldReturnCorrectResult" />
    </UnitTest>
    <UnitTest name="FileContentRenamer.Tests.Services.DateExtractorTests.ExtractDateFromContent_WithNoDate_ShouldReturnEmptyString" storage="/users/santibraida/workspace/comprobantes/filecontentrenamer.tests/bin/debug/net9.0/filecontentrenamer.tests.dll" id="cd9462e7-2aeb-f1cd-df73-927f31a7638d">
      <Execution id="4b89e20f-9715-4f5a-b315-0d4d9613fa5d" />
      <TestMethod codeBase="/Users/santibraida/Workspace/comprobantes/FileContentRenamer.Tests/bin/Debug/net9.0/FileContentRenamer.Tests.dll" adapterTypeName="executor://xunit/VsTestRunner3/netcore/" className="FileContentRenamer.Tests.Services.DateExtractorTests" name="ExtractDateFromContent_WithNoDate_ShouldReturnEmptyString" />
    </UnitTest>
    <UnitTest name="FileContentRenamer.Tests.Services.ImageProcessorTests.CanProcess_WithImageExtensionsDifferentCasing_ShouldReturnTrue(extension: &quot;.TIFF&quot;)" storage="/users/santibraida/workspace/comprobantes/filecontentrenamer.tests/bin/debug/net9.0/filecontentrenamer.tests.dll" id="8b0489e4-2aca-7279-af69-b44674c9e8bb">
      <Execution id="20b72feb-5bcf-48c2-814a-5f25446801ba" />
      <TestMethod codeBase="/Users/santibraida/Workspace/comprobantes/FileContentRenamer.Tests/bin/Debug/net9.0/FileContentRenamer.Tests.dll" adapterTypeName="executor://xunit/VsTestRunner3/netcore/" className="FileContentRenamer.Tests.Services.ImageProcessorTests" name="CanProcess_WithImageExtensionsDifferentCasing_ShouldReturnTrue" />
    </UnitTest>
    <UnitTest name="FileContentRenamer.Tests.Services.FileValidatorTests.ShouldProcessFile_WithValidFile_ShouldReturnTrue" storage="/users/santibraida/workspace/comprobantes/filecontentrenamer.tests/bin/debug/net9.0/filecontentrenamer.tests.dll" id="2256e44b-d5c1-25c7-1712-2e03764de95a">
      <Execution id="c01db8cb-d3a2-467b-8965-7941b1b63f52" />
      <TestMethod codeBase="/Users/santibraida/Workspace/comprobantes/FileContentRenamer.Tests/bin/Debug/net9.0/FileContentRenamer.Tests.dll" adapterTypeName="executor://xunit/VsTestRunner3/netcore/" className="FileContentRenamer.Tests.Services.FileValidatorTests" name="ShouldProcessFile_WithValidFile_ShouldReturnTrue" />
    </UnitTest>
    <UnitTest name="FileContentRenamer.Tests.Services.DirectoryOrganizerTests.GetMonthName_WithValidMonth_ShouldReturnSpanishName(monthNumber: 12, expected: &quot;diciembre&quot;)" storage="/users/santibraida/workspace/comprobantes/filecontentrenamer.tests/bin/debug/net9.0/filecontentrenamer.tests.dll" id="b99c1952-4b8a-6e7b-be83-1febd897689d">
      <Execution id="83be8e27-6a0b-407a-b42c-40f80be4070a" />
      <TestMethod codeBase="/Users/santibraida/Workspace/comprobantes/FileContentRenamer.Tests/bin/Debug/net9.0/FileContentRenamer.Tests.dll" adapterTypeName="executor://xunit/VsTestRunner3/netcore/" className="FileContentRenamer.Tests.Services.DirectoryOrganizerTests" name="GetMonthName_WithValidMonth_ShouldReturnSpanishName" />
    </UnitTest>
    <UnitTest name="FileContentRenamer.Tests.Services.FileServiceTests.ProcessFilesAsync_WithEmptyContent_ShouldSkipFile" storage="/users/santibraida/workspace/comprobantes/filecontentrenamer.tests/bin/debug/net9.0/filecontentrenamer.tests.dll" id="924a2837-bdda-5ff7-8002-b76459c46087">
      <Execution id="fdc6a0ab-409d-4eaa-9e22-9b90c07c0d4a" />
      <TestMethod codeBase="/Users/santibraida/Workspace/comprobantes/FileContentRenamer.Tests/bin/Debug/net9.0/FileContentRenamer.Tests.dll" adapterTypeName="executor://xunit/VsTestRunner3/netcore/" className="FileContentRenamer.Tests.Services.FileServiceTests" name="ProcessFilesAsync_WithEmptyContent_ShouldSkipFile" />
    </UnitTest>
    <UnitTest name="FileContentRenamer.Tests.Services.DirectoryOrganizerAdditionalTests.OrganizeFileIntoDirectoryStructure_WithAllMonths_ShouldCreateCorrectStructure(dateStr: &quot;2023-12-31&quot;, expectedMonth: &quot;12_diciembre&quot;)" storage="/users/santibraida/workspace/comprobantes/filecontentrenamer.tests/bin/debug/net9.0/filecontentrenamer.tests.dll" id="ffe5ae67-585b-dcc1-fc50-f491c1de9306">
      <Execution id="cbb6c5ca-7785-42e1-8d77-066f8c396f2c" />
      <TestMethod codeBase="/Users/santibraida/Workspace/comprobantes/FileContentRenamer.Tests/bin/Debug/net9.0/FileContentRenamer.Tests.dll" adapterTypeName="executor://xunit/VsTestRunner3/netcore/" className="FileContentRenamer.Tests.Services.DirectoryOrganizerAdditionalTests" name="OrganizeFileIntoDirectoryStructure_WithAllMonths_ShouldCreateCorrectStructure" />
    </UnitTest>
    <UnitTest name="FileContentRenamer.Tests.Services.DirectoryOrganizerAdditionalTests.OrganizeFileIntoDirectoryStructure_WithAllMonths_ShouldCreateCorrectStructure(dateStr: &quot;2023-08-05&quot;, expectedMonth: &quot;08_agosto&quot;)" storage="/users/santibraida/workspace/comprobantes/filecontentrenamer.tests/bin/debug/net9.0/filecontentrenamer.tests.dll" id="6d0fa066-8a13-fd4d-c98a-884d87f87869">
      <Execution id="be67d179-c77c-4ff3-8988-8f24319468cd" />
      <TestMethod codeBase="/Users/santibraida/Workspace/comprobantes/FileContentRenamer.Tests/bin/Debug/net9.0/FileContentRenamer.Tests.dll" adapterTypeName="executor://xunit/VsTestRunner3/netcore/" className="FileContentRenamer.Tests.Services.DirectoryOrganizerAdditionalTests" name="OrganizeFileIntoDirectoryStructure_WithAllMonths_ShouldCreateCorrectStructure" />
    </UnitTest>
    <UnitTest name="FileContentRenamer.Tests.Services.DateExtractorEnhancedTests.ExtractDateFromContent_WithSlashDateFormats_ShouldExtractCorrectDate(content: &quot;fecha 2023/02/28&quot;, expected: &quot;2023-02-28&quot;)" storage="/users/santibraida/workspace/comprobantes/filecontentrenamer.tests/bin/debug/net9.0/filecontentrenamer.tests.dll" id="9ca7221c-9ada-06ab-3e36-c3c1a2dc8867">
      <Execution id="6d82a455-0f36-4b48-9e05-be9fa3baee20" />
      <TestMethod codeBase="/Users/santibraida/Workspace/comprobantes/FileContentRenamer.Tests/bin/Debug/net9.0/FileContentRenamer.Tests.dll" adapterTypeName="executor://xunit/VsTestRunner3/netcore/" className="FileContentRenamer.Tests.Services.DateExtractorEnhancedTests" name="ExtractDateFromContent_WithSlashDateFormats_ShouldExtractCorrectDate" />
    </UnitTest>
    <UnitTest name="FileContentRenamer.Tests.Services.ImageProcessorTests.CanProcess_WithImageExtensionsDifferentCasing_ShouldReturnTrue(extension: &quot;.PNG&quot;)" storage="/users/santibraida/workspace/comprobantes/filecontentrenamer.tests/bin/debug/net9.0/filecontentrenamer.tests.dll" id="b8e09496-6d7b-6d6d-0f84-90360e0cb28c">
      <Execution id="dd6ee3dc-6d14-4c03-999d-76299886b2ca" />
      <TestMethod codeBase="/Users/santibraida/Workspace/comprobantes/FileContentRenamer.Tests/bin/Debug/net9.0/FileContentRenamer.Tests.dll" adapterTypeName="executor://xunit/VsTestRunner3/netcore/" className="FileContentRenamer.Tests.Services.ImageProcessorTests" name="CanProcess_WithImageExtensionsDifferentCasing_ShouldReturnTrue" />
    </UnitTest>
    <UnitTest name="FileContentRenamer.Tests.Services.FileValidatorTests.ValidateFileSize_WithNonExistentFile_ShouldNotThrow" storage="/users/santibraida/workspace/comprobantes/filecontentrenamer.tests/bin/debug/net9.0/filecontentrenamer.tests.dll" id="a8222741-473a-8061-b947-f4446415fedc">
      <Execution id="72ffa29a-7875-4c78-afa0-5aeed8cda46c" />
      <TestMethod codeBase="/Users/santibraida/Workspace/comprobantes/FileContentRenamer.Tests/bin/Debug/net9.0/FileContentRenamer.Tests.dll" adapterTypeName="executor://xunit/VsTestRunner3/netcore/" className="FileContentRenamer.Tests.Services.FileValidatorTests" name="ValidateFileSize_WithNonExistentFile_ShouldNotThrow" />
    </UnitTest>
    <UnitTest name="FileContentRenamer.Tests.Services.FileValidatorTests.ValidateConfiguration_WithNonExistentBasePath_ShouldReturnFalse" storage="/users/santibraida/workspace/comprobantes/filecontentrenamer.tests/bin/debug/net9.0/filecontentrenamer.tests.dll" id="cf2ff463-604f-4bdf-13f9-b9c49d510424">
      <Execution id="c5d9418f-0cb5-4af7-ac44-902e606548c1" />
      <TestMethod codeBase="/Users/santibraida/Workspace/comprobantes/FileContentRenamer.Tests/bin/Debug/net9.0/FileContentRenamer.Tests.dll" adapterTypeName="executor://xunit/VsTestRunner3/netcore/" className="FileContentRenamer.Tests.Services.FileValidatorTests" name="ValidateConfiguration_WithNonExistentBasePath_ShouldReturnFalse" />
    </UnitTest>
    <UnitTest name="FileContentRenamer.Tests.Services.DateExtractorEnhancedTests.ExtractDateFromContent_WithEnglishMonthNames_ShouldExtractCorrectDate(content: &quot;May 10, 2024&quot;, expected: &quot;2024-05-10&quot;)" storage="/users/santibraida/workspace/comprobantes/filecontentrenamer.tests/bin/debug/net9.0/filecontentrenamer.tests.dll" id="1e4b94ef-680e-df94-5aac-c6b1601c849a">
      <Execution id="80fcb569-2013-4441-af9c-428b547978bf" />
      <TestMethod codeBase="/Users/santibraida/Workspace/comprobantes/FileContentRenamer.Tests/bin/Debug/net9.0/FileContentRenamer.Tests.dll" adapterTypeName="executor://xunit/VsTestRunner3/netcore/" className="FileContentRenamer.Tests.Services.DateExtractorEnhancedTests" name="ExtractDateFromContent_WithEnglishMonthNames_ShouldExtractCorrectDate" />
    </UnitTest>
    <UnitTest name="FileContentRenamer.Tests.Services.DateExtractorTests.ExtractDateFromContent_WithVariousDueDateFormats_ShouldReturnCorrectDates(content: &quot;Vence: 31/12/2023&quot;, expected: &quot;2023-12-31&quot;)" storage="/users/santibraida/workspace/comprobantes/filecontentrenamer.tests/bin/debug/net9.0/filecontentrenamer.tests.dll" id="0877987f-a018-03de-71dc-2e8ff937b395">
      <Execution id="84095e11-11fc-4186-93c9-d64fda47473a" />
      <TestMethod codeBase="/Users/santibraida/Workspace/comprobantes/FileContentRenamer.Tests/bin/Debug/net9.0/FileContentRenamer.Tests.dll" adapterTypeName="executor://xunit/VsTestRunner3/netcore/" className="FileContentRenamer.Tests.Services.DateExtractorTests" name="ExtractDateFromContent_WithVariousDueDateFormats_ShouldReturnCorrectDates" />
    </UnitTest>
    <UnitTest name="FileContentRenamer.Tests.Models.NamingRuleTests.Matches_WithNullKeywords_ShouldReturnFalse" storage="/users/santibraida/workspace/comprobantes/filecontentrenamer.tests/bin/debug/net9.0/filecontentrenamer.tests.dll" id="923e4fe8-a8e9-3d7b-512d-479873b8f571">
      <Execution id="e6c93787-6996-48a9-a70d-a2293ad60a1a" />
      <TestMethod codeBase="/Users/santibraida/Workspace/comprobantes/FileContentRenamer.Tests/bin/Debug/net9.0/FileContentRenamer.Tests.dll" adapterTypeName="executor://xunit/VsTestRunner3/netcore/" className="FileContentRenamer.Tests.Models.NamingRuleTests" name="Matches_WithNullKeywords_ShouldReturnFalse" />
    </UnitTest>
    <UnitTest name="FileContentRenamer.Tests.Services.DateExtractorEnhancedTests.ExtractDateFromContent_WithInvalidDates_ShouldReturnEmptyString(content: &quot;32/01/2023&quot;)" storage="/users/santibraida/workspace/comprobantes/filecontentrenamer.tests/bin/debug/net9.0/filecontentrenamer.tests.dll" id="e2abd9d2-3e10-1f38-de7b-fad1610d02c8">
      <Execution id="9d96e479-65cb-4513-b903-6a25a8e7f4b1" />
      <TestMethod codeBase="/Users/santibraida/Workspace/comprobantes/FileContentRenamer.Tests/bin/Debug/net9.0/FileContentRenamer.Tests.dll" adapterTypeName="executor://xunit/VsTestRunner3/netcore/" className="FileContentRenamer.Tests.Services.DateExtractorEnhancedTests" name="ExtractDateFromContent_WithInvalidDates_ShouldReturnEmptyString" />
    </UnitTest>
    <UnitTest name="FileContentRenamer.Tests.Services.FileServiceTests.ProcessFilesAsync_WithValidFiles_ShouldProcessFiles" storage="/users/santibraida/workspace/comprobantes/filecontentrenamer.tests/bin/debug/net9.0/filecontentrenamer.tests.dll" id="f0b07320-4d8e-00cc-a232-a17246b4be02">
      <Execution id="906ce62b-dc07-4c34-827d-20cd0345b0eb" />
      <TestMethod codeBase="/Users/santibraida/Workspace/comprobantes/FileContentRenamer.Tests/bin/Debug/net9.0/FileContentRenamer.Tests.dll" adapterTypeName="executor://xunit/VsTestRunner3/netcore/" className="FileContentRenamer.Tests.Services.FileServiceTests" name="ProcessFilesAsync_WithValidFiles_ShouldProcessFiles" />
    </UnitTest>
    <UnitTest name="FileContentRenamer.Tests.Services.DateExtractorEnhancedTests.ExtractDateFromContent_WithSpanishMonthNames_ShouldExtractCorrectDate(content: &quot;08 de noviembre de 2024&quot;, expected: &quot;2024-11-08&quot;)" storage="/users/santibraida/workspace/comprobantes/filecontentrenamer.tests/bin/debug/net9.0/filecontentrenamer.tests.dll" id="e9d58bbf-c31d-21f6-a4c5-a402c7501bde">
      <Execution id="2d4d8e45-b721-4b6f-8345-3e92c1bb61d9" />
      <TestMethod codeBase="/Users/santibraida/Workspace/comprobantes/FileContentRenamer.Tests/bin/Debug/net9.0/FileContentRenamer.Tests.dll" adapterTypeName="executor://xunit/VsTestRunner3/netcore/" className="FileContentRenamer.Tests.Services.DateExtractorEnhancedTests" name="ExtractDateFromContent_WithSpanishMonthNames_ShouldExtractCorrectDate" />
    </UnitTest>
    <UnitTest name="FileContentRenamer.Tests.Services.DirectoryOrganizerAdditionalTests.OrganizeFileIntoDirectoryStructure_WithAllMonths_ShouldCreateCorrectStructure(dateStr: &quot;2023-04-15&quot;, expectedMonth: &quot;04_abril&quot;)" storage="/users/santibraida/workspace/comprobantes/filecontentrenamer.tests/bin/debug/net9.0/filecontentrenamer.tests.dll" id="ffc9ee14-de78-f399-078f-7fc04b3e90a3">
      <Execution id="81e63e2b-af97-4b6e-9e5f-57b2893d2a38" />
      <TestMethod codeBase="/Users/santibraida/Workspace/comprobantes/FileContentRenamer.Tests/bin/Debug/net9.0/FileContentRenamer.Tests.dll" adapterTypeName="executor://xunit/VsTestRunner3/netcore/" className="FileContentRenamer.Tests.Services.DirectoryOrganizerAdditionalTests" name="OrganizeFileIntoDirectoryStructure_WithAllMonths_ShouldCreateCorrectStructure" />
    </UnitTest>
    <UnitTest name="FileContentRenamer.Tests.Services.FileServiceTests.ProcessFilesAsync_WithNoFiles_ShouldCompleteSuccessfully" storage="/users/santibraida/workspace/comprobantes/filecontentrenamer.tests/bin/debug/net9.0/filecontentrenamer.tests.dll" id="0fcf9b9b-b820-ecc4-eb7d-d476c5dd956f">
      <Execution id="767be9ee-30ad-4a25-b2d2-e707ae4508d6" />
      <TestMethod codeBase="/Users/santibraida/Workspace/comprobantes/FileContentRenamer.Tests/bin/Debug/net9.0/FileContentRenamer.Tests.dll" adapterTypeName="executor://xunit/VsTestRunner3/netcore/" className="FileContentRenamer.Tests.Services.FileServiceTests" name="ProcessFilesAsync_WithNoFiles_ShouldCompleteSuccessfully" />
    </UnitTest>
    <UnitTest name="FileContentRenamer.Tests.Services.DateExtractorAdditionalTests.ExtractDateFromContent_WithVariousFormats_ShouldReturnCorrectDate(content: &quot;El total es $1000.00 el 15/12/2023&quot;, expected: &quot;2023-12-15&quot;)" storage="/users/santibraida/workspace/comprobantes/filecontentrenamer.tests/bin/debug/net9.0/filecontentrenamer.tests.dll" id="aa059b58-e437-d4dc-f90b-dbf0a0f3cc66">
      <Execution id="e20e8150-75f5-4b15-9892-8dfa1a1d5da6" />
      <TestMethod codeBase="/Users/santibraida/Workspace/comprobantes/FileContentRenamer.Tests/bin/Debug/net9.0/FileContentRenamer.Tests.dll" adapterTypeName="executor://xunit/VsTestRunner3/netcore/" className="FileContentRenamer.Tests.Services.DateExtractorAdditionalTests" name="ExtractDateFromContent_WithVariousFormats_ShouldReturnCorrectDate" />
    </UnitTest>
    <UnitTest name="FileContentRenamer.Tests.Services.ImageProcessorTests.CanProcess_WithNonImageExtension_ShouldReturnFalse(extension: &quot;.pdf&quot;)" storage="/users/santibraida/workspace/comprobantes/filecontentrenamer.tests/bin/debug/net9.0/filecontentrenamer.tests.dll" id="f8b329c4-164a-78d1-46cd-26aea567ce35">
      <Execution id="db71c689-a7a5-4408-a099-9ec8cf9bcea7" />
      <TestMethod codeBase="/Users/santibraida/Workspace/comprobantes/FileContentRenamer.Tests/bin/Debug/net9.0/FileContentRenamer.Tests.dll" adapterTypeName="executor://xunit/VsTestRunner3/netcore/" className="FileContentRenamer.Tests.Services.ImageProcessorTests" name="CanProcess_WithNonImageExtension_ShouldReturnFalse" />
    </UnitTest>
    <UnitTest name="FileContentRenamer.Tests.Services.DateExtractorEnhancedTests.ExtractDateFromContent_WithInvalidDates_ShouldReturnEmptyString(content: &quot;2023-00-15&quot;)" storage="/users/santibraida/workspace/comprobantes/filecontentrenamer.tests/bin/debug/net9.0/filecontentrenamer.tests.dll" id="29616611-95a3-0b47-35cf-bb97447466ab">
      <Execution id="adfd2e7f-2fab-4d58-a3f6-c7327e2a32ba" />
      <TestMethod codeBase="/Users/santibraida/Workspace/comprobantes/FileContentRenamer.Tests/bin/Debug/net9.0/FileContentRenamer.Tests.dll" adapterTypeName="executor://xunit/VsTestRunner3/netcore/" className="FileContentRenamer.Tests.Services.DateExtractorEnhancedTests" name="ExtractDateFromContent_WithInvalidDates_ShouldReturnEmptyString" />
    </UnitTest>
  </TestDefinitions>
  <TestEntries>
    <TestEntry testId="2a25c3ee-59d0-2484-ec0d-75637450d1ba" executionId="f411a2af-bbc6-4583-be7e-3b1dc174e600" testListId="8c84fa94-04c1-424b-9868-57a2d4851a1d" />
    <TestEntry testId="67877ab3-cd79-0712-f2c5-84dba6ba53b5" executionId="b8bb1f8c-ee1f-4807-a2b5-504e0d84ee57" testListId="8c84fa94-04c1-424b-9868-57a2d4851a1d" />
    <TestEntry testId="411f59f3-34f9-62ac-9b26-0c3528e0b2f7" executionId="387b93c7-507d-452c-bf6e-3243cf3443de" testListId="8c84fa94-04c1-424b-9868-57a2d4851a1d" />
    <TestEntry testId="ae4c83e6-0f4d-65f8-22c1-23c6464f33a2" executionId="5b1c2773-edfc-40b6-97f7-b244fcb712bd" testListId="8c84fa94-04c1-424b-9868-57a2d4851a1d" />
    <TestEntry testId="629bee42-ada7-f7dc-8b40-5f275846573e" executionId="18d5707f-efd3-4ced-bcad-8cb771ef538c" testListId="8c84fa94-04c1-424b-9868-57a2d4851a1d" />
    <TestEntry testId="f23379d7-78c4-9613-54fe-537fd665f06d" executionId="d59ea55a-b20e-4603-8f71-1d8ac5c88070" testListId="8c84fa94-04c1-424b-9868-57a2d4851a1d" />
    <TestEntry testId="a7083064-b46e-e511-491b-e958a5ce24b2" executionId="574cec70-328e-4897-94fe-ae450c0da6ca" testListId="8c84fa94-04c1-424b-9868-57a2d4851a1d" />
    <TestEntry testId="63740491-dbe7-68e1-03c8-149486e0c4ce" executionId="b57c9d87-246c-4b11-92eb-2b42ce1d4348" testListId="8c84fa94-04c1-424b-9868-57a2d4851a1d" />
    <TestEntry testId="19ed11aa-a710-6873-89bb-77d5892f3032" executionId="2685fb12-5ce4-480f-845a-4965df10b202" testListId="8c84fa94-04c1-424b-9868-57a2d4851a1d" />
    <TestEntry testId="1b098cf3-2b75-710f-6b41-a5d341a48290" executionId="99602306-8153-4abd-b1e3-95fe31eb23ff" testListId="8c84fa94-04c1-424b-9868-57a2d4851a1d" />
    <TestEntry testId="8c36f3a4-ca31-a9e9-241d-dbc70385ef49" executionId="5a1dcd9b-8b0d-4ffe-887e-06a83e27790e" testListId="8c84fa94-04c1-424b-9868-57a2d4851a1d" />
    <TestEntry testId="795f8691-da02-dc90-c006-df2b05e484b8" executionId="cb45cead-3f7b-44e0-afc9-53370af40a00" testListId="8c84fa94-04c1-424b-9868-57a2d4851a1d" />
    <TestEntry testId="ffc9ee14-de78-f399-078f-7fc04b3e90a3" executionId="81e63e2b-af97-4b6e-9e5f-57b2893d2a38" testListId="8c84fa94-04c1-424b-9868-57a2d4851a1d" />
    <TestEntry testId="8bf8da02-6c6e-2191-c936-6121db66d388" executionId="6336cc15-530a-439f-bfb6-1f571bd52f38" testListId="8c84fa94-04c1-424b-9868-57a2d4851a1d" />
    <TestEntry testId="d928fd2c-924f-38de-6b58-5c8ead779399" executionId="aae30256-a254-47ff-b6c6-ef58e9de2e2a" testListId="8c84fa94-04c1-424b-9868-57a2d4851a1d" />
    <TestEntry testId="9bedcbf1-e681-ce6a-b113-25e2deb4a524" executionId="5f7db950-8d02-4e81-93b5-6bb362be44e6" testListId="8c84fa94-04c1-424b-9868-57a2d4851a1d" />
    <TestEntry testId="ae46ec5c-7f7f-c8d8-b22b-c6a93692a055" executionId="29cdb7c5-d558-4281-927f-c0af5f62bbda" testListId="8c84fa94-04c1-424b-9868-57a2d4851a1d" />
    <TestEntry testId="b88cda59-316a-d792-4d81-e490d0212c2d" executionId="7d30e837-a2a7-4e8d-b04d-c24b37afbeab" testListId="8c84fa94-04c1-424b-9868-57a2d4851a1d" />
    <TestEntry testId="85174d84-6c38-cbfc-f08e-3943abd3b77a" executionId="d1cbca91-4c0c-47e6-93d6-0ad5450f07e1" testListId="8c84fa94-04c1-424b-9868-57a2d4851a1d" />
    <TestEntry testId="7fc03f6c-44c6-760a-ff15-5a01859458b0" executionId="a1f0f9af-adc3-47d9-acbc-ca24eac7f0d1" testListId="8c84fa94-04c1-424b-9868-57a2d4851a1d" />
    <TestEntry testId="c1072614-89d7-ecfa-6ece-76abc08d540d" executionId="d9f12c9a-f863-45af-9758-ad1452391bd5" testListId="8c84fa94-04c1-424b-9868-57a2d4851a1d" />
    <TestEntry testId="52175725-e6d4-0cad-c3ec-c7f17827962e" executionId="00de80d6-c869-4d7b-b287-48e64e9014dc" testListId="8c84fa94-04c1-424b-9868-57a2d4851a1d" />
    <TestEntry testId="85677dc2-59d0-24ec-6909-57399a83a6f9" executionId="d7c12dcc-4ee7-4693-9358-874576734e1f" testListId="8c84fa94-04c1-424b-9868-57a2d4851a1d" />
    <TestEntry testId="74c0392b-8615-24d3-2fd0-e6af46d2098a" executionId="1dce18de-24cc-4ad5-837c-6b5e2046071b" testListId="8c84fa94-04c1-424b-9868-57a2d4851a1d" />
    <TestEntry testId="7c85376b-9163-f9b7-b4c0-1ab17dbae524" executionId="2b0020f2-c095-4453-9d02-5511dd53aba6" testListId="8c84fa94-04c1-424b-9868-57a2d4851a1d" />
    <TestEntry testId="ffe5ae67-585b-dcc1-fc50-f491c1de9306" executionId="cbb6c5ca-7785-42e1-8d77-066f8c396f2c" testListId="8c84fa94-04c1-424b-9868-57a2d4851a1d" />
    <TestEntry testId="d5f16d40-5e04-93b0-3cb8-1265d12968c2" executionId="4a435e35-3e8c-41b5-9e36-58cb7f38b1b9" testListId="8c84fa94-04c1-424b-9868-57a2d4851a1d" />
    <TestEntry testId="f705c669-0318-6f5e-e8e5-1b4eaa9f9880" executionId="85485322-133f-4efc-b87d-808358a62790" testListId="8c84fa94-04c1-424b-9868-57a2d4851a1d" />
    <TestEntry testId="c98d8a8b-c350-72b5-2be4-aa500796a5e0" executionId="e971df48-7353-4736-b095-454f0df9882d" testListId="8c84fa94-04c1-424b-9868-57a2d4851a1d" />
    <TestEntry testId="a8222741-473a-8061-b947-f4446415fedc" executionId="72ffa29a-7875-4c78-afa0-5aeed8cda46c" testListId="8c84fa94-04c1-424b-9868-57a2d4851a1d" />
    <TestEntry testId="5a50abd3-c508-1b87-194f-cbac6ded3d5c" executionId="76d42aaf-4e75-46ce-bf78-9f48c65a177b" testListId="8c84fa94-04c1-424b-9868-57a2d4851a1d" />
    <TestEntry testId="e2ab17d6-1636-8e4d-ad78-a6d89568282f" executionId="5cf3e0cb-feb2-4f5e-afd3-65c24c9348d5" testListId="8c84fa94-04c1-424b-9868-57a2d4851a1d" />
    <TestEntry testId="0877987f-a018-03de-71dc-2e8ff937b395" executionId="84095e11-11fc-4186-93c9-d64fda47473a" testListId="8c84fa94-04c1-424b-9868-57a2d4851a1d" />
    <TestEntry testId="8145470e-d27c-0e7e-d1e5-ce2ccb84123e" executionId="3b579fed-6801-4dae-b6d7-6b4330e516ae" testListId="8c84fa94-04c1-424b-9868-57a2d4851a1d" />
    <TestEntry testId="be38a0d7-e0e2-fccd-c5e6-b3a3fded648e" executionId="7f250d3f-809c-45dc-838e-2d4b7cfcf508" testListId="8c84fa94-04c1-424b-9868-57a2d4851a1d" />
    <TestEntry testId="01a2041b-e2e4-e363-0b4d-3c74dc73e548" executionId="16973f93-7cd7-4c60-a2eb-15c5840b25f5" testListId="8c84fa94-04c1-424b-9868-57a2d4851a1d" />
    <TestEntry testId="29616611-95a3-0b47-35cf-bb97447466ab" executionId="adfd2e7f-2fab-4d58-a3f6-c7327e2a32ba" testListId="8c84fa94-04c1-424b-9868-57a2d4851a1d" />
    <TestEntry testId="9bb1b165-fd97-aa53-8141-e435492ae22a" executionId="8a5b0029-6eeb-4c28-a54c-5e735ec38a0e" testListId="8c84fa94-04c1-424b-9868-57a2d4851a1d" />
    <TestEntry testId="3a993a67-299c-3f87-5430-509e79a52fc2" executionId="5fdd4232-de2b-4698-9c16-ec1d886f08fc" testListId="8c84fa94-04c1-424b-9868-57a2d4851a1d" />
    <TestEntry testId="5203fca7-8d46-0785-3587-4e70c16ca73b" executionId="6c1c97a6-f4df-4105-907d-44f3d591b4a3" testListId="8c84fa94-04c1-424b-9868-57a2d4851a1d" />
    <TestEntry testId="d60b51ff-35d6-643f-09d4-bd5f7bbab23c" executionId="37611078-025d-4e58-8bc9-4d58ba9d5d1c" testListId="8c84fa94-04c1-424b-9868-57a2d4851a1d" />
    <TestEntry testId="f0b07320-4d8e-00cc-a232-a17246b4be02" executionId="906ce62b-dc07-4c34-827d-20cd0345b0eb" testListId="8c84fa94-04c1-424b-9868-57a2d4851a1d" />
    <TestEntry testId="17db1533-ea00-4a92-f7d5-0514620e23ba" executionId="3766ddfd-1c0c-4faa-8970-ff8457ac0dbc" testListId="8c84fa94-04c1-424b-9868-57a2d4851a1d" />
    <TestEntry testId="730c03ae-3d59-370f-6166-c801ea6b544e" executionId="6c4e90f6-3078-4fe5-a44c-607d45e6a8f8" testListId="8c84fa94-04c1-424b-9868-57a2d4851a1d" />
    <TestEntry testId="1a12a91e-b03d-45d3-fd2d-061c9630072a" executionId="fac1e675-a51d-4eb1-aa19-d41b4573e833" testListId="8c84fa94-04c1-424b-9868-57a2d4851a1d" />
    <TestEntry testId="835b5f72-34a7-c88c-6027-4d56e708972c" executionId="279132f3-4304-470e-a51e-a3b00042a667" testListId="8c84fa94-04c1-424b-9868-57a2d4851a1d" />
    <TestEntry testId="80bc6a5a-eb03-5068-fdbc-47b2721cfaa4" executionId="3b0eec03-05e6-4d5e-91f0-594d47c20c99" testListId="8c84fa94-04c1-424b-9868-57a2d4851a1d" />
    <TestEntry testId="e9d58bbf-c31d-21f6-a4c5-a402c7501bde" executionId="2d4d8e45-b721-4b6f-8345-3e92c1bb61d9" testListId="8c84fa94-04c1-424b-9868-57a2d4851a1d" />
    <TestEntry testId="cf2ff463-604f-4bdf-13f9-b9c49d510424" executionId="c5d9418f-0cb5-4af7-ac44-902e606548c1" testListId="8c84fa94-04c1-424b-9868-57a2d4851a1d" />
    <TestEntry testId="824839a8-20c1-e236-c120-b27a5f944d83" executionId="18c2aa64-376a-4cf0-8251-6085e3f18e1d" testListId="8c84fa94-04c1-424b-9868-57a2d4851a1d" />
    <TestEntry testId="999b4cf4-0fb5-ec67-530a-d59638da1c9d" executionId="19bfbbdb-7ac5-4d2c-9be7-aa2a2061c5a2" testListId="8c84fa94-04c1-424b-9868-57a2d4851a1d" />
    <TestEntry testId="f7704aaa-e660-9ea3-e9fc-e4f0ba02380e" executionId="c79ea52d-2b40-4054-896a-47fb02c0f360" testListId="8c84fa94-04c1-424b-9868-57a2d4851a1d" />
    <TestEntry testId="a6c25b56-b57f-3f67-b38d-a26d924007e0" executionId="f36f628e-5661-4ab4-90c5-c81c9a563d40" testListId="8c84fa94-04c1-424b-9868-57a2d4851a1d" />
    <TestEntry testId="ee802fc6-9af0-1284-c4b7-a8377911ec00" executionId="48b211c1-6cc6-40ee-86fe-81a0e2e793be" testListId="8c84fa94-04c1-424b-9868-57a2d4851a1d" />
    <TestEntry testId="f567e5a6-a665-67c2-8449-b66348dc3570" executionId="c17fdf12-4417-4515-b737-6c1032dfeb72" testListId="8c84fa94-04c1-424b-9868-57a2d4851a1d" />
    <TestEntry testId="676f3c6c-0dc6-c09d-c183-6e86f532e720" executionId="4d92fe0c-8b46-4844-b655-951cb3508cf8" testListId="8c84fa94-04c1-424b-9868-57a2d4851a1d" />
    <TestEntry testId="19f9e186-a4aa-4850-0176-aa961f311415" executionId="20c258af-ee4f-4106-9708-b2104803bd54" testListId="8c84fa94-04c1-424b-9868-57a2d4851a1d" />
    <TestEntry testId="eff1fee9-aafb-67b9-c268-648d008d92e6" executionId="da492eca-cf9b-4c08-ada8-f30d13f088ba" testListId="8c84fa94-04c1-424b-9868-57a2d4851a1d" />
    <TestEntry testId="e6f8099a-7c83-15b0-1a09-13322c0e5611" executionId="c7d7e4c0-1e6d-4a77-aa52-60e63c760066" testListId="8c84fa94-04c1-424b-9868-57a2d4851a1d" />
    <TestEntry testId="1ae426c8-73f8-48b1-c4fd-f2736013951b" executionId="9b18e182-5b8a-46e6-bd18-83d5875144a8" testListId="8c84fa94-04c1-424b-9868-57a2d4851a1d" />
    <TestEntry testId="ab791beb-155a-2340-25c5-938aea845fff" executionId="eb016f46-c7e0-4db9-be35-e41aac77a21f" testListId="8c84fa94-04c1-424b-9868-57a2d4851a1d" />
    <TestEntry testId="d406e03e-ed03-b142-d7d1-88f454f977cb" executionId="1c7905ef-ae4d-4965-9837-16f21c67519a" testListId="8c84fa94-04c1-424b-9868-57a2d4851a1d" />
    <TestEntry testId="b03481c9-a037-f1b2-2c67-0334afa09a62" executionId="1750afad-cdd0-4885-91ea-fb0a2d846061" testListId="8c84fa94-04c1-424b-9868-57a2d4851a1d" />
    <TestEntry testId="08a52aeb-79ca-913a-5dc9-ebd6568dcfe7" executionId="8d489af6-a387-494c-be77-85f111067c40" testListId="8c84fa94-04c1-424b-9868-57a2d4851a1d" />
    <TestEntry testId="a86e36e4-e94e-5f42-8494-d796a058bcf2" executionId="7f0dc550-831d-437f-94ae-e187fe9bf2d8" testListId="8c84fa94-04c1-424b-9868-57a2d4851a1d" />
    <TestEntry testId="c14045dd-f91b-3e98-d221-a8a83ca7b93f" executionId="24301ed1-6a35-4cd4-9417-e3ca05859b18" testListId="8c84fa94-04c1-424b-9868-57a2d4851a1d" />
    <TestEntry testId="2df2278f-2596-2f16-dbea-2fed2d64436a" executionId="1e5ad83c-d7d6-49de-8a8e-890f61c905eb" testListId="8c84fa94-04c1-424b-9868-57a2d4851a1d" />
    <TestEntry testId="5427cc3b-bb61-15d0-6750-2643c69cfab7" executionId="4af46d6e-75bf-4857-a8bd-ff78c91a9525" testListId="8c84fa94-04c1-424b-9868-57a2d4851a1d" />
    <TestEntry testId="30667a3d-da81-f223-5d62-6b3c054e0a23" executionId="c3b240f0-d482-4705-89a9-31c4df8fdf44" testListId="8c84fa94-04c1-424b-9868-57a2d4851a1d" />
    <TestEntry testId="f34e5d47-a5d2-8da3-32e4-177f4d4ebbd4" executionId="df99c2b5-6db7-485a-97a2-a1d62ed28141" testListId="8c84fa94-04c1-424b-9868-57a2d4851a1d" />
    <TestEntry testId="55667650-7485-4ca3-fd19-23d2a7a126c7" executionId="7ee2ceb4-4040-4e72-bd9a-3e97ec0b8261" testListId="8c84fa94-04c1-424b-9868-57a2d4851a1d" />
    <TestEntry testId="e8cf8bc3-bef0-2e30-44c8-004b4f2caf38" executionId="ae678f8b-85f3-46c1-a335-d346554cdb22" testListId="8c84fa94-04c1-424b-9868-57a2d4851a1d" />
    <TestEntry testId="7fcfbf2b-a0f0-8cea-db66-f6ff88221d45" executionId="052422c8-fa71-4d6d-978f-fef2f0a27eae" testListId="8c84fa94-04c1-424b-9868-57a2d4851a1d" />
    <TestEntry testId="e79afc88-c7a0-bcac-2c83-9a8e654af181" executionId="8f778402-f4d3-4b8f-88db-55f84c878d3d" testListId="8c84fa94-04c1-424b-9868-57a2d4851a1d" />
    <TestEntry testId="5ae8a96a-c13f-5288-d649-6a496b108bc8" executionId="f71bc3c0-d731-4f4c-bedd-a0b8e6a26a6f" testListId="8c84fa94-04c1-424b-9868-57a2d4851a1d" />
    <TestEntry testId="6547cbe5-cb2c-b29f-9137-0cf0b96d8b18" executionId="ba5007bf-397f-43e4-80cc-618d05f32018" testListId="8c84fa94-04c1-424b-9868-57a2d4851a1d" />
    <TestEntry testId="99010084-55ec-2d67-80ac-70f30d045fef" executionId="4deba969-828c-4002-a089-03286b86210e" testListId="8c84fa94-04c1-424b-9868-57a2d4851a1d" />
    <TestEntry testId="c32c2d70-ec54-f6cd-a455-74bb6359e097" executionId="aaf694f9-84b5-4c0c-b3a7-edeacce7d7d8" testListId="8c84fa94-04c1-424b-9868-57a2d4851a1d" />
    <TestEntry testId="871d08c9-a126-7256-6ea3-61a20f361a2f" executionId="bdc4fa8d-5f27-4f58-8ac8-0e68db45a8b6" testListId="8c84fa94-04c1-424b-9868-57a2d4851a1d" />
    <TestEntry testId="d4537562-1c96-4e07-3939-b2da6a34e9fc" executionId="96a8a724-fb87-4de7-a11f-a76e9dc7d76f" testListId="8c84fa94-04c1-424b-9868-57a2d4851a1d" />
    <TestEntry testId="2c747d1f-f1c9-2115-b65f-2b6f4087b146" executionId="c971d12f-e74f-41c4-afd1-b09386704d5a" testListId="8c84fa94-04c1-424b-9868-57a2d4851a1d" />
    <TestEntry testId="33f231e9-c30e-3ed3-4277-b5e0ef97bdd7" executionId="7044c536-5d8d-4579-9bd4-3bcef67c7841" testListId="8c84fa94-04c1-424b-9868-57a2d4851a1d" />
    <TestEntry testId="3a8b252e-af29-2782-c8cf-4c2dc2637787" executionId="2f046396-9c03-4bed-adfd-2d7244934dc2" testListId="8c84fa94-04c1-424b-9868-57a2d4851a1d" />
    <TestEntry testId="f59b4127-a050-8fc1-85b0-31c4bee23013" executionId="c044f451-2be6-499d-8b89-2d5ed47209d6" testListId="8c84fa94-04c1-424b-9868-57a2d4851a1d" />
    <TestEntry testId="31f3b2f4-1b28-6746-2403-d25f9fbdfdf8" executionId="5a32abb7-43aa-4cd7-8eb5-a54bc273e3ea" testListId="8c84fa94-04c1-424b-9868-57a2d4851a1d" />
    <TestEntry testId="33f7c76c-bb78-6b08-abcd-e808bcbcf4f9" executionId="229aa5c7-cb12-418f-a683-5a61945b850d" testListId="8c84fa94-04c1-424b-9868-57a2d4851a1d" />
    <TestEntry testId="10d7715a-d53b-4b8e-fcec-78d41ef67dac" executionId="2bf1e370-6ca7-4ba8-ac6c-d79f93fad38c" testListId="8c84fa94-04c1-424b-9868-57a2d4851a1d" />
    <TestEntry testId="3890aa01-b165-5f49-b90e-3db1a4c16e7b" executionId="76938f8a-e860-4732-a4e6-766e165befd8" testListId="8c84fa94-04c1-424b-9868-57a2d4851a1d" />
    <TestEntry testId="63753db1-a700-4ddb-bad0-85dcc6fc1038" executionId="61822ff0-0ee5-490b-8f53-876057cc7949" testListId="8c84fa94-04c1-424b-9868-57a2d4851a1d" />
    <TestEntry testId="526ffdfa-3900-4b67-df6b-88bc8133a5c5" executionId="2cc766f0-592d-474f-b87e-e4458f633bbc" testListId="8c84fa94-04c1-424b-9868-57a2d4851a1d" />
    <TestEntry testId="f74a6a94-f390-b5f6-1cb3-44e2f343eb63" executionId="5dc11076-b098-48b3-8178-611c16cfb06a" testListId="8c84fa94-04c1-424b-9868-57a2d4851a1d" />
    <TestEntry testId="1f3ff8e1-e91a-ea79-b96f-cb3e726fda8c" executionId="1160314b-ea01-4ff7-9073-dc1a05da66ec" testListId="8c84fa94-04c1-424b-9868-57a2d4851a1d" />
    <TestEntry testId="75799e7f-c8b2-eb49-e7fc-7e63546cf626" executionId="c53a935a-bf89-41ba-ba2e-036b9d6a917e" testListId="8c84fa94-04c1-424b-9868-57a2d4851a1d" />
    <TestEntry testId="73a4ef3c-a881-1492-597f-eb30563d6bb4" executionId="cd4ae47b-48d2-463d-8626-3ef306cb7d7a" testListId="8c84fa94-04c1-424b-9868-57a2d4851a1d" />
    <TestEntry testId="5417638d-00a2-b254-e010-2e2b38a4d2d7" executionId="01e62677-400a-4020-8c2e-df30e29ecd35" testListId="8c84fa94-04c1-424b-9868-57a2d4851a1d" />
    <TestEntry testId="74ad0e4c-d0dd-e8ed-f2c1-43d4f1994c9f" executionId="f3453c59-c5ee-45e5-8350-f435cec86626" testListId="8c84fa94-04c1-424b-9868-57a2d4851a1d" />
    <TestEntry testId="4216934b-235a-6efa-b1f2-737b953f21df" executionId="10402a78-a163-499b-afc4-1a6013e3e52d" testListId="8c84fa94-04c1-424b-9868-57a2d4851a1d" />
    <TestEntry testId="fd75bf1b-7547-e469-5bac-5caae1974719" executionId="072503ed-7f4e-4529-9006-ed94cddfcd56" testListId="8c84fa94-04c1-424b-9868-57a2d4851a1d" />
    <TestEntry testId="ea32b4ee-de29-bcf5-9e6a-b7b5b963e16b" executionId="757bb757-ae1e-400a-93cd-f411d7159d1d" testListId="8c84fa94-04c1-424b-9868-57a2d4851a1d" />
    <TestEntry testId="cd9462e7-2aeb-f1cd-df73-927f31a7638d" executionId="4b89e20f-9715-4f5a-b315-0d4d9613fa5d" testListId="8c84fa94-04c1-424b-9868-57a2d4851a1d" />
    <TestEntry testId="44b78ff5-3e7b-b701-e798-52be3aafb6cb" executionId="85a8a211-6b89-4117-b1a1-863bba232ce6" testListId="8c84fa94-04c1-424b-9868-57a2d4851a1d" />
    <TestEntry testId="3e6b0563-b7f7-3fe9-fa34-e4d6b3b87a2b" executionId="37431fc9-f9cf-47a7-92c6-d828293f2ed1" testListId="8c84fa94-04c1-424b-9868-57a2d4851a1d" />
    <TestEntry testId="a4d26202-1548-77e4-c6ee-466955cdb771" executionId="3e0230eb-2e53-44da-a950-bc104130a042" testListId="8c84fa94-04c1-424b-9868-57a2d4851a1d" />
    <TestEntry testId="a74078ad-01de-0282-292f-78f3a891fdb1" executionId="c82e9cee-947e-48a8-9b1b-08edc43d57a4" testListId="8c84fa94-04c1-424b-9868-57a2d4851a1d" />
    <TestEntry testId="5611fb35-7f75-b2a9-be17-8e2f5c001e43" executionId="7f46c8b4-9de6-459f-bbb7-3ca76aa33be5" testListId="8c84fa94-04c1-424b-9868-57a2d4851a1d" />
    <TestEntry testId="c8e339c4-495d-6682-fb59-508814014af3" executionId="61f7d977-af1f-4d01-a2dd-d94e0c72a10f" testListId="8c84fa94-04c1-424b-9868-57a2d4851a1d" />
    <TestEntry testId="75b52445-788c-0c2d-ad1d-9437d196417b" executionId="87ccbeb7-b23f-4573-9af8-4b5cea99529d" testListId="8c84fa94-04c1-424b-9868-57a2d4851a1d" />
    <TestEntry testId="2d342154-145e-4478-0b05-dc053252b525" executionId="348257a5-dc26-4e34-8c16-77d49df70c74" testListId="8c84fa94-04c1-424b-9868-57a2d4851a1d" />
    <TestEntry testId="8f9706bb-c4e8-83d9-78e0-248eda84983c" executionId="163b7b18-9ac1-432a-9172-65d9607f7d67" testListId="8c84fa94-04c1-424b-9868-57a2d4851a1d" />
    <TestEntry testId="ee980d6a-c8f2-fb3c-69f5-92dd6531facb" executionId="2c100581-2c46-4401-a05d-bb976fdbfcc0" testListId="8c84fa94-04c1-424b-9868-57a2d4851a1d" />
    <TestEntry testId="aa7a6137-3efe-902b-7df5-672c2c4d55d3" executionId="a08bdafb-4bd3-40de-9256-e9112689e6fc" testListId="8c84fa94-04c1-424b-9868-57a2d4851a1d" />
    <TestEntry testId="d1416a64-bf78-25ec-aee2-d5b8b18bc3dc" executionId="c99856aa-56cd-4f65-ba20-eb59755e7674" testListId="8c84fa94-04c1-424b-9868-57a2d4851a1d" />
    <TestEntry testId="0585f1ec-f642-09e1-866f-6d3653426f93" executionId="fa50cd2c-de08-4cf2-8267-4463bf2b60a6" testListId="8c84fa94-04c1-424b-9868-57a2d4851a1d" />
    <TestEntry testId="bf914933-84d9-edc4-e55e-910119d4b304" executionId="644407a3-dbd7-44b0-99c9-c17355d53848" testListId="8c84fa94-04c1-424b-9868-57a2d4851a1d" />
    <TestEntry testId="58c30dcc-7833-3fbd-e3d5-bc0da1ab4b4e" executionId="a257c215-b60c-4fc8-b2d4-c741dab47c67" testListId="8c84fa94-04c1-424b-9868-57a2d4851a1d" />
    <TestEntry testId="1fee9821-3919-b84e-fa07-8bc4fb6625e5" executionId="a64c7c4f-a2b3-4d09-a9cb-33c7fd52a003" testListId="8c84fa94-04c1-424b-9868-57a2d4851a1d" />
    <TestEntry testId="6d7a483b-6c01-6e31-c6bf-ec0c2f6ad577" executionId="62eaa7f1-cf34-4050-a777-138406764c56" testListId="8c84fa94-04c1-424b-9868-57a2d4851a1d" />
    <TestEntry testId="30177b80-4255-9855-fa20-76724e89c280" executionId="1251dc53-ff1a-478e-896f-e040cff30fa8" testListId="8c84fa94-04c1-424b-9868-57a2d4851a1d" />
    <TestEntry testId="b829fc0a-cd8f-a1f4-3d8c-d7d0a224524a" executionId="f117292a-971a-4e38-ba39-3593c35c7d72" testListId="8c84fa94-04c1-424b-9868-57a2d4851a1d" />
    <TestEntry testId="9a26edef-7dd2-4e60-c205-9ce214074484" executionId="cf57f127-1402-484d-bb70-0f723340351c" testListId="8c84fa94-04c1-424b-9868-57a2d4851a1d" />
    <TestEntry testId="5ba61b11-551a-10ce-86ec-bdc1ee67e90e" executionId="98675ea1-0d24-4c56-956d-c6fe37b6d938" testListId="8c84fa94-04c1-424b-9868-57a2d4851a1d" />
    <TestEntry testId="2ce66dbc-f5ab-5500-4273-caffb3bf4e5f" executionId="93f70de0-cbbb-4be6-963a-f2ed7f272d56" testListId="8c84fa94-04c1-424b-9868-57a2d4851a1d" />
    <TestEntry testId="1fce80af-4e5c-d587-4a3f-80329d702744" executionId="4a167049-5f82-44b6-ad8a-73810516fa94" testListId="8c84fa94-04c1-424b-9868-57a2d4851a1d" />
    <TestEntry testId="013af074-e0c5-bb27-30f4-779070d7fe10" executionId="0d11e5a7-e913-46b6-8917-5e351ef13f8d" testListId="8c84fa94-04c1-424b-9868-57a2d4851a1d" />
    <TestEntry testId="8b50f6a7-4d32-7ee6-c298-95c6826dd2dd" executionId="b1698797-eee7-455e-9ff7-30b873e890e5" testListId="8c84fa94-04c1-424b-9868-57a2d4851a1d" />
    <TestEntry testId="952aba2d-1bed-c6ae-9c4c-0567f631f090" executionId="a4d3bff8-13f4-4240-9016-2e288f838a94" testListId="8c84fa94-04c1-424b-9868-57a2d4851a1d" />
    <TestEntry testId="2266e366-c62d-09c9-ded7-1e7b5d0da037" executionId="50ebf0c2-0516-4d7a-8ee8-d04e8c7604d9" testListId="8c84fa94-04c1-424b-9868-57a2d4851a1d" />
    <TestEntry testId="6d7beee1-1275-7fbd-2196-741c8c2b81ed" executionId="bd201542-ff7f-4800-9a0a-f511dea10b27" testListId="8c84fa94-04c1-424b-9868-57a2d4851a1d" />
    <TestEntry testId="b0162767-b0d5-ac8c-e6c1-f87ef88a8da6" executionId="1bcc3114-b5f9-4de8-8b44-81ba8016cc94" testListId="8c84fa94-04c1-424b-9868-57a2d4851a1d" />
    <TestEntry testId="929aa209-e3f7-852b-9884-da4d7850f9c4" executionId="8554c4e3-df2d-4688-8508-9b42433cb6b8" testListId="8c84fa94-04c1-424b-9868-57a2d4851a1d" />
    <TestEntry testId="a00161a9-0529-e732-0088-1c7763cce2e1" executionId="a664228e-ba3e-4770-99d5-bca90c6294a7" testListId="8c84fa94-04c1-424b-9868-57a2d4851a1d" />
    <TestEntry testId="2096051f-0719-d6b7-7ba6-a9c6fbdaed26" executionId="08fe4c6c-93c0-47af-b183-03f8ef676ad8" testListId="8c84fa94-04c1-424b-9868-57a2d4851a1d" />
    <TestEntry testId="f3287b07-b05f-116b-412b-e12a39926f98" executionId="b0cff6c3-ab7b-4a10-8918-024b23741f61" testListId="8c84fa94-04c1-424b-9868-57a2d4851a1d" />
    <TestEntry testId="4aa74dd8-fb80-b294-7ad9-6c62fbeadb10" executionId="919b35c9-1cf3-4f41-a2b8-d97402d00953" testListId="8c84fa94-04c1-424b-9868-57a2d4851a1d" />
    <TestEntry testId="d0d2c3b5-6a63-09c0-0a9b-894aa7a6f45d" executionId="d1432939-cde1-42ea-a765-2167a18b054d" testListId="8c84fa94-04c1-424b-9868-57a2d4851a1d" />
    <TestEntry testId="ad083858-4684-5d70-1300-ba3913caacc8" executionId="a1032cc9-c4ce-428d-bb52-2ae27097836b" testListId="8c84fa94-04c1-424b-9868-57a2d4851a1d" />
    <TestEntry testId="6d830e63-8fcb-8140-fe0b-9a127d46ab00" executionId="9b64ff3f-c11f-4558-82d8-8cdd6e28de47" testListId="8c84fa94-04c1-424b-9868-57a2d4851a1d" />
    <TestEntry testId="d4b98c45-9a1e-d6b8-be91-2e570dc7af05" executionId="75b8b058-6507-419d-a4cb-f73644696d69" testListId="8c84fa94-04c1-424b-9868-57a2d4851a1d" />
    <TestEntry testId="0d10a7ac-0e5b-dd5d-82c4-53603840d067" executionId="1a14dc81-7e56-4d72-8770-d0a1a18c3352" testListId="8c84fa94-04c1-424b-9868-57a2d4851a1d" />
    <TestEntry testId="c6dc2a6c-f2f7-0168-d02b-4b37ab6705fc" executionId="af716898-1991-47e7-afb3-640d059f442c" testListId="8c84fa94-04c1-424b-9868-57a2d4851a1d" />
    <TestEntry testId="50fa8f71-8d78-c5b2-6484-06fffd5546d4" executionId="33333fe2-3ce6-402a-a6c2-8217547953d3" testListId="8c84fa94-04c1-424b-9868-57a2d4851a1d" />
    <TestEntry testId="653d3743-7cb8-b116-b4af-cf8e20bba6f6" executionId="168024cf-5220-4a0e-8d10-309e8ed7983b" testListId="8c84fa94-04c1-424b-9868-57a2d4851a1d" />
    <TestEntry testId="d6182ce0-2a64-c9da-687b-23e65d906984" executionId="e2db43e0-419d-4bf4-92fc-80e738ad5165" testListId="8c84fa94-04c1-424b-9868-57a2d4851a1d" />
    <TestEntry testId="2baaf6a6-6812-8b99-5d21-fa95ac740bec" executionId="a784196b-062c-4cf5-a10b-fe8a067158cf" testListId="8c84fa94-04c1-424b-9868-57a2d4851a1d" />
    <TestEntry testId="0228ec1a-cf44-e616-5aa7-aefd86959073" executionId="d11d29e7-b983-4c2c-8772-42520ca6de4d" testListId="8c84fa94-04c1-424b-9868-57a2d4851a1d" />
    <TestEntry testId="8294d7f7-2da1-4ee0-8cd3-c37ff5907cd4" executionId="7ea146de-3e7a-4f4b-afeb-12ba599870b6" testListId="8c84fa94-04c1-424b-9868-57a2d4851a1d" />
    <TestEntry testId="193e8e84-3294-543d-11ab-07dc2cf89f4e" executionId="adcfc716-5013-49ac-9948-ee218eff453d" testListId="8c84fa94-04c1-424b-9868-57a2d4851a1d" />
    <TestEntry testId="24e40eea-33fe-6867-33c6-f73bbb8411c7" executionId="fc44b499-a0e6-4c0f-ba4c-8a849c2eca6b" testListId="8c84fa94-04c1-424b-9868-57a2d4851a1d" />
    <TestEntry testId="50e8e422-9930-72d9-085d-8c9c9cebe859" executionId="bd608cfe-194f-4daf-b3c3-a406c1f7a8eb" testListId="8c84fa94-04c1-424b-9868-57a2d4851a1d" />
    <TestEntry testId="193486f8-7638-5e27-f7c4-f2239a7e9f22" executionId="5ee5ce26-9725-44d7-b52d-de52becdcb2d" testListId="8c84fa94-04c1-424b-9868-57a2d4851a1d" />
    <TestEntry testId="4a85101f-96ab-da99-c27c-46820deea64a" executionId="3ac00536-da19-4aec-91ce-2d78d1278384" testListId="8c84fa94-04c1-424b-9868-57a2d4851a1d" />
    <TestEntry testId="04613884-8eea-2162-7b68-af1197b3a19b" executionId="0dc20756-50a4-4555-9788-b1827dfb2fd1" testListId="8c84fa94-04c1-424b-9868-57a2d4851a1d" />
    <TestEntry testId="6cb1a840-6047-af3c-c464-8f4bf5b097d2" executionId="06ca8816-af17-4dfe-abb3-836e65e6e5e7" testListId="8c84fa94-04c1-424b-9868-57a2d4851a1d" />
    <TestEntry testId="206c12ed-4a53-a3ab-ca0e-a0f12468f324" executionId="29763ade-f7fc-477a-9f1e-c1d8c9a183b9" testListId="8c84fa94-04c1-424b-9868-57a2d4851a1d" />
    <TestEntry testId="154b1187-a8fe-288a-dff0-88f9c1f03683" executionId="884aa1b4-9f0e-4d00-a225-e25b907b9b84" testListId="8c84fa94-04c1-424b-9868-57a2d4851a1d" />
    <TestEntry testId="923e4fe8-a8e9-3d7b-512d-479873b8f571" executionId="e6c93787-6996-48a9-a70d-a2293ad60a1a" testListId="8c84fa94-04c1-424b-9868-57a2d4851a1d" />
    <TestEntry testId="1f6f6946-e988-6d1a-ad4a-0a9338273d33" executionId="dbaed5f4-fd21-4efc-9a8a-41a38fece51a" testListId="8c84fa94-04c1-424b-9868-57a2d4851a1d" />
    <TestEntry testId="032ef3ac-363e-da8d-efab-865406d6fd71" executionId="6c2d416a-8c93-4cf9-adf5-9d9edf9c122b" testListId="8c84fa94-04c1-424b-9868-57a2d4851a1d" />
    <TestEntry testId="77219b7a-0f6b-514e-c829-c9674c2f30c4" executionId="60a493d3-1976-4713-9830-b55b1a1611f2" testListId="8c84fa94-04c1-424b-9868-57a2d4851a1d" />
    <TestEntry testId="f0195bc9-b668-8b5d-b703-9a52aa1e98e6" executionId="f3a20a91-7427-4b44-926b-f1e3e962a32e" testListId="8c84fa94-04c1-424b-9868-57a2d4851a1d" />
    <TestEntry testId="136461cc-1448-e66d-e2a1-88a9e51dada0" executionId="9d76261d-21ec-48cc-a39d-029e61a72d49" testListId="8c84fa94-04c1-424b-9868-57a2d4851a1d" />
    <TestEntry testId="8f2c1c6f-2d06-5c80-db10-fbc31b9e4155" executionId="2143ec52-93d9-447b-a357-fd2584359026" testListId="8c84fa94-04c1-424b-9868-57a2d4851a1d" />
    <TestEntry testId="6a912e50-7a09-63ff-d5b2-de63013b5af1" executionId="8dc17d58-4dee-4b00-9c74-42a09e7036c1" testListId="8c84fa94-04c1-424b-9868-57a2d4851a1d" />
    <TestEntry testId="b72ed067-d3bd-e26d-3bed-f7f45c913059" executionId="555b90a3-4b09-4696-b6cd-4ce68a6606d2" testListId="8c84fa94-04c1-424b-9868-57a2d4851a1d" />
    <TestEntry testId="3ef96430-2ab3-5a48-be56-e156f8c42b82" executionId="adb0ca32-2848-42b7-865b-9493f008e107" testListId="8c84fa94-04c1-424b-9868-57a2d4851a1d" />
    <TestEntry testId="66a19620-a3b0-afbc-935a-264e635ffa8f" executionId="76ce0b99-e1e6-4c9d-b08c-b0531bd87643" testListId="8c84fa94-04c1-424b-9868-57a2d4851a1d" />
    <TestEntry testId="151e6a91-4f71-a661-224b-7091395bf7e4" executionId="0974c12c-a25f-46d0-83c3-1e888028c3eb" testListId="8c84fa94-04c1-424b-9868-57a2d4851a1d" />
    <TestEntry testId="49ae0ea7-3612-0fb1-8ab5-9adfae0f362f" executionId="30220d4d-0a9e-4db1-99cb-1f5e1f315001" testListId="8c84fa94-04c1-424b-9868-57a2d4851a1d" />
    <TestEntry testId="b109a3c4-e4b5-a6e0-4aff-8366737070e4" executionId="9ba81d23-7f2d-4247-b85b-6174301c6903" testListId="8c84fa94-04c1-424b-9868-57a2d4851a1d" />
    <TestEntry testId="4511dac4-c84f-4a69-005b-5ae50b2e0c20" executionId="1876f6ef-c6c7-4253-b181-1fc5e173b479" testListId="8c84fa94-04c1-424b-9868-57a2d4851a1d" />
    <TestEntry testId="b0606947-aad7-eee5-1152-2a1ec56d9255" executionId="ab7b5dac-67c9-4a2e-b513-89c1299c0d0f" testListId="8c84fa94-04c1-424b-9868-57a2d4851a1d" />
    <TestEntry testId="52749660-c2b0-299d-5496-6f83e62db88a" executionId="c3d5cf4f-d465-4bc0-a284-62b63e2868f8" testListId="8c84fa94-04c1-424b-9868-57a2d4851a1d" />
    <TestEntry testId="ba6808c0-f426-8a5b-0695-d6b57a217c84" executionId="c35fa5db-1d23-41f0-8fa4-b68d72516af9" testListId="8c84fa94-04c1-424b-9868-57a2d4851a1d" />
    <TestEntry testId="c9f9f522-4b83-609d-2327-1c8086382b29" executionId="320a9833-ff9b-4737-84ea-6f667690ae3e" testListId="8c84fa94-04c1-424b-9868-57a2d4851a1d" />
    <TestEntry testId="89411942-d38a-5bb6-81ec-67e7fdba9fc2" executionId="9aa3783f-cb33-4dcf-b748-33b5e9c5b294" testListId="8c84fa94-04c1-424b-9868-57a2d4851a1d" />
    <TestEntry testId="735ac008-1cbd-a429-fd29-015f19236116" executionId="33cf63a3-d073-488b-9dfa-66460e599de2" testListId="8c84fa94-04c1-424b-9868-57a2d4851a1d" />
    <TestEntry testId="97a9732c-79a7-6428-f306-649df62803fe" executionId="86dbc77b-2713-4d78-b84c-af08399b1dee" testListId="8c84fa94-04c1-424b-9868-57a2d4851a1d" />
    <TestEntry testId="1d19ec21-e870-5f10-f860-7ea25dd398b9" executionId="507bc3ef-7c25-4253-ac85-ce04c732183c" testListId="8c84fa94-04c1-424b-9868-57a2d4851a1d" />
    <TestEntry testId="6f2af002-27a0-bce9-8dd8-c05215b58bbb" executionId="9224c448-8967-4b28-b145-3b676471f70a" testListId="8c84fa94-04c1-424b-9868-57a2d4851a1d" />
    <TestEntry testId="a3da5712-1fc6-1483-5013-eb15e94741bb" executionId="6163b27e-23e7-4c0f-b866-774d205ff039" testListId="8c84fa94-04c1-424b-9868-57a2d4851a1d" />
    <TestEntry testId="7e3a9744-91b7-a2b9-ebb3-73a79e07c25d" executionId="d2b70d76-67d3-4d74-a211-3b67c2560c59" testListId="8c84fa94-04c1-424b-9868-57a2d4851a1d" />
    <TestEntry testId="5782f6c4-4818-df21-281e-6b620d8a99e2" executionId="09610f7f-f543-4d40-9134-46137c95a548" testListId="8c84fa94-04c1-424b-9868-57a2d4851a1d" />
    <TestEntry testId="fe7b897c-fd2e-f8e6-f880-7f5c0aaede02" executionId="417ca367-e555-43ea-a876-5e72286dd834" testListId="8c84fa94-04c1-424b-9868-57a2d4851a1d" />
    <TestEntry testId="6c884b90-5b12-0563-1d53-c735e8e6d42a" executionId="1ab3bf03-9092-4105-92a2-b3d74ebdce95" testListId="8c84fa94-04c1-424b-9868-57a2d4851a1d" />
    <TestEntry testId="b8e09496-6d7b-6d6d-0f84-90360e0cb28c" executionId="dd6ee3dc-6d14-4c03-999d-76299886b2ca" testListId="8c84fa94-04c1-424b-9868-57a2d4851a1d" />
    <TestEntry testId="5126ad9e-208d-14c5-d223-4d3af568be87" executionId="e4ea55a6-eb28-48cb-835a-1531df969cec" testListId="8c84fa94-04c1-424b-9868-57a2d4851a1d" />
    <TestEntry testId="8642e301-1a01-c43f-5457-781e9082a823" executionId="050a915c-065c-4e53-bd12-46a20a308515" testListId="8c84fa94-04c1-424b-9868-57a2d4851a1d" />
    <TestEntry testId="3ecade73-7761-1f4e-e941-925f13343fbf" executionId="a13b2e03-c8d4-4941-a2ae-c6ad4d666771" testListId="8c84fa94-04c1-424b-9868-57a2d4851a1d" />
    <TestEntry testId="fa21426d-34f2-265b-fd21-637426cd5f3c" executionId="fe1cc5ef-90ab-4c45-8d18-5858887a7b72" testListId="8c84fa94-04c1-424b-9868-57a2d4851a1d" />
    <TestEntry testId="2256e44b-d5c1-25c7-1712-2e03764de95a" executionId="c01db8cb-d3a2-467b-8965-7941b1b63f52" testListId="8c84fa94-04c1-424b-9868-57a2d4851a1d" />
    <TestEntry testId="aab50796-093f-3ad1-51eb-ff5551165480" executionId="3f8bc6c2-a59b-4b45-b020-50714ad22322" testListId="8c84fa94-04c1-424b-9868-57a2d4851a1d" />
    <TestEntry testId="00d05e1f-7d72-418e-9c9e-a769436ab485" executionId="3bc910ff-04a8-4ff3-903d-80267a34fe0d" testListId="8c84fa94-04c1-424b-9868-57a2d4851a1d" />
    <TestEntry testId="f4d3ad23-32ef-7284-391b-46eb33d6f78f" executionId="db25ee68-4d37-42d9-9270-c42a9de37819" testListId="8c84fa94-04c1-424b-9868-57a2d4851a1d" />
    <TestEntry testId="ab0172d5-f8de-2bd2-5705-f61f86ff407f" executionId="62a961db-fb7a-4819-aab8-f900df383817" testListId="8c84fa94-04c1-424b-9868-57a2d4851a1d" />
    <TestEntry testId="019703dd-2e5c-665b-f543-025b13ca7b6d" executionId="d607b94d-9a50-4e98-b89d-3fa85b049830" testListId="8c84fa94-04c1-424b-9868-57a2d4851a1d" />
    <TestEntry testId="62c33e58-2f83-26ac-2ae0-9b8229cc93ab" executionId="d3f9763e-e7c1-4d32-9103-88bafb111d4c" testListId="8c84fa94-04c1-424b-9868-57a2d4851a1d" />
    <TestEntry testId="4d791645-14ca-671e-50ed-7143a80c7959" executionId="b19db6cd-8d13-4b61-826a-ca9e8b0ee497" testListId="8c84fa94-04c1-424b-9868-57a2d4851a1d" />
    <TestEntry testId="04e64af2-c199-13bf-7fbb-ff0789971364" executionId="3653df8d-48dd-4197-8f85-2a97a5841427" testListId="8c84fa94-04c1-424b-9868-57a2d4851a1d" />
    <TestEntry testId="d6d3d886-1a00-8e52-5627-e1236e6e1c62" executionId="91ef4d24-6d94-460f-8737-4f44a65017fc" testListId="8c84fa94-04c1-424b-9868-57a2d4851a1d" />
    <TestEntry testId="8788403a-0d19-e088-1175-07bf39207809" executionId="6fe9a65b-9e7e-4b03-8bdf-7758918f44e1" testListId="8c84fa94-04c1-424b-9868-57a2d4851a1d" />
    <TestEntry testId="5350316f-15de-b350-a21b-48de21601546" executionId="d7d6cd8c-8500-45d0-88f0-9692e2a3ed9d" testListId="8c84fa94-04c1-424b-9868-57a2d4851a1d" />
    <TestEntry testId="d0aa19eb-08b4-b4f4-8874-599c8e5e451d" executionId="0d52b1b4-6188-486a-8aa1-e3589532614d" testListId="8c84fa94-04c1-424b-9868-57a2d4851a1d" />
    <TestEntry testId="079ffdd2-77ff-69de-b8c6-9423e86a8bc9" executionId="da5b3f2b-2e7f-46f5-ab99-5cb84c3d4fe4" testListId="8c84fa94-04c1-424b-9868-57a2d4851a1d" />
    <TestEntry testId="80f260d3-f8d3-2f17-2db2-0af0d7ae4da7" executionId="0b57be27-96ff-42a9-a341-8a7bb6e4e030" testListId="8c84fa94-04c1-424b-9868-57a2d4851a1d" />
    <TestEntry testId="a0ca8000-3ed1-5654-296c-23ca811068ca" executionId="3ae05e70-9beb-41c0-aae3-d28b3132b43f" testListId="8c84fa94-04c1-424b-9868-57a2d4851a1d" />
    <TestEntry testId="8ff3c0db-187d-d0d0-7eb2-736414974987" executionId="114f0510-c36e-4de6-84d3-65d9651e9d61" testListId="8c84fa94-04c1-424b-9868-57a2d4851a1d" />
    <TestEntry testId="924a2837-bdda-5ff7-8002-b76459c46087" executionId="fdc6a0ab-409d-4eaa-9e22-9b90c07c0d4a" testListId="8c84fa94-04c1-424b-9868-57a2d4851a1d" />
    <TestEntry testId="15d0df81-8794-5fa5-b2c8-6331ce7be91e" executionId="a2af13c0-5604-48e0-9cee-4c6561143a54" testListId="8c84fa94-04c1-424b-9868-57a2d4851a1d" />
    <TestEntry testId="4703e4b2-bc5a-c72c-26fe-b908d47076ed" executionId="13850e7c-9445-45e7-ab2f-248de1a105fd" testListId="8c84fa94-04c1-424b-9868-57a2d4851a1d" />
    <TestEntry testId="6802e4b7-d13f-9fd7-e900-410b7d9a430f" executionId="f5e6c647-61b5-4b21-ab9e-1c2562e192da" testListId="8c84fa94-04c1-424b-9868-57a2d4851a1d" />
    <TestEntry testId="5be72c0f-bb2d-feba-e528-7ed830f5c677" executionId="8faf5efa-0a8c-49cc-8d92-43843199c1ce" testListId="8c84fa94-04c1-424b-9868-57a2d4851a1d" />
    <TestEntry testId="7eff9737-dcfc-63b6-3d57-04bd941b7068" executionId="a6490e37-289f-4be3-a7b6-11bb548e83c9" testListId="8c84fa94-04c1-424b-9868-57a2d4851a1d" />
    <TestEntry testId="d89f2fd7-4f2a-3db7-51c5-eb8b2d64efff" executionId="b4af1067-25a0-47b4-bb7a-3f15c45eb671" testListId="8c84fa94-04c1-424b-9868-57a2d4851a1d" />
    <TestEntry testId="b48ede63-7bd8-9337-3a73-3e2097747548" executionId="73d46ffe-7fdf-480f-af2a-82e7a145f515" testListId="8c84fa94-04c1-424b-9868-57a2d4851a1d" />
    <TestEntry testId="b9d72b25-82ca-6ec3-5870-6ffcc88918e2" executionId="b936f816-9b4d-4a9f-ba3e-62f81a338b95" testListId="8c84fa94-04c1-424b-9868-57a2d4851a1d" />
    <TestEntry testId="6d0fa066-8a13-fd4d-c98a-884d87f87869" executionId="be67d179-c77c-4ff3-8988-8f24319468cd" testListId="8c84fa94-04c1-424b-9868-57a2d4851a1d" />
    <TestEntry testId="673ac6d3-d960-9ab3-69aa-92efadf19225" executionId="b1b330a6-35f5-405c-884d-a211b4264846" testListId="8c84fa94-04c1-424b-9868-57a2d4851a1d" />
    <TestEntry testId="cdd6804e-2059-82c6-ad55-f29b8b2ea4b3" executionId="0cf4842a-fa2d-4b33-af83-670d260c937b" testListId="8c84fa94-04c1-424b-9868-57a2d4851a1d" />
    <TestEntry testId="ff055e90-d656-9e92-8f92-4035c59e7a36" executionId="fcb1a514-6202-449c-b64c-1a3ff8d450f3" testListId="8c84fa94-04c1-424b-9868-57a2d4851a1d" />
    <TestEntry testId="c5db792d-e049-7e4c-45a4-ac95e98dbc54" executionId="ee6e6677-49c7-46f7-add7-4b038fa767d7" testListId="8c84fa94-04c1-424b-9868-57a2d4851a1d" />
    <TestEntry testId="ef0ba115-bb03-098e-48b3-8914fb59fb7f" executionId="a7cdd61d-3d04-4670-b350-1f54de6d1abf" testListId="8c84fa94-04c1-424b-9868-57a2d4851a1d" />
    <TestEntry testId="34f0a146-8932-4124-920d-b39c3eb45d5b" executionId="df58abd7-a83c-4ceb-a828-4c87ea2360ce" testListId="8c84fa94-04c1-424b-9868-57a2d4851a1d" />
    <TestEntry testId="95464817-3328-92d5-e9f2-a7a51a663358" executionId="2d7a80ee-9927-4b38-84a8-008d6c4ac403" testListId="8c84fa94-04c1-424b-9868-57a2d4851a1d" />
    <TestEntry testId="de5e6aa9-ab12-14ed-551c-79528da15404" executionId="23ca2c31-bc36-4aad-8379-8de35e494ed9" testListId="8c84fa94-04c1-424b-9868-57a2d4851a1d" />
    <TestEntry testId="3bc1972c-43c3-09f6-6b21-23df0274286b" executionId="e67975a5-a3a9-498b-aaac-a62a2666e40f" testListId="8c84fa94-04c1-424b-9868-57a2d4851a1d" />
    <TestEntry testId="3573ba78-e31a-2e6c-5278-821f59ce87a6" executionId="e2653dba-fe69-4e91-b589-d9c702f61fac" testListId="8c84fa94-04c1-424b-9868-57a2d4851a1d" />
    <TestEntry testId="eda4a5c5-8fa3-8699-5242-449863672e55" executionId="bc17197a-ac5e-4687-8b07-07a28987f415" testListId="8c84fa94-04c1-424b-9868-57a2d4851a1d" />
    <TestEntry testId="b4180071-1e06-f3bd-f0e2-c5c49975b30c" executionId="1f7bac67-fa9d-430a-9197-b40cce983cb6" testListId="8c84fa94-04c1-424b-9868-57a2d4851a1d" />
    <TestEntry testId="ebc6b45b-0fe4-e4c2-6b7e-a061ba64a1b2" executionId="e042097d-6e9c-4215-9554-a0c2e336e1ad" testListId="8c84fa94-04c1-424b-9868-57a2d4851a1d" />
    <TestEntry testId="a366a934-60e2-7009-7a6f-f68837f539c2" executionId="cfc4d9b0-deea-4e7a-8d01-9dc311a27db2" testListId="8c84fa94-04c1-424b-9868-57a2d4851a1d" />
    <TestEntry testId="fde0012a-20a9-aebc-bee1-b5bf65a4ee27" executionId="674c7218-b634-428e-bb64-1e39cdd7e097" testListId="8c84fa94-04c1-424b-9868-57a2d4851a1d" />
    <TestEntry testId="8b0489e4-2aca-7279-af69-b44674c9e8bb" executionId="20b72feb-5bcf-48c2-814a-5f25446801ba" testListId="8c84fa94-04c1-424b-9868-57a2d4851a1d" />
    <TestEntry testId="0fcf9b9b-b820-ecc4-eb7d-d476c5dd956f" executionId="767be9ee-30ad-4a25-b2d2-e707ae4508d6" testListId="8c84fa94-04c1-424b-9868-57a2d4851a1d" />
    <TestEntry testId="f7bbc740-e3de-3780-77bc-e74850eb0f4f" executionId="b5a1822b-a27f-458e-b0b8-4ce1384e9f27" testListId="8c84fa94-04c1-424b-9868-57a2d4851a1d" />
    <TestEntry testId="c0c23407-c0bb-d9dd-2e15-e5b17c8fd768" executionId="2d2ecf2e-23ac-4081-b0bb-085b78bb1516" testListId="8c84fa94-04c1-424b-9868-57a2d4851a1d" />
    <TestEntry testId="af059a06-6167-19fd-d16f-49045750c2c4" executionId="86a00b2a-97d4-4593-a132-cb0fa0b3ca9d" testListId="8c84fa94-04c1-424b-9868-57a2d4851a1d" />
    <TestEntry testId="26656131-c125-7680-eabe-b2347d65af76" executionId="c0f1529a-c8a0-430b-9791-1c392f436008" testListId="8c84fa94-04c1-424b-9868-57a2d4851a1d" />
    <TestEntry testId="eb4d86cf-b0af-bfbb-711c-c8be426c2aa1" executionId="c28b2545-59bd-4a01-a160-707f9368ae11" testListId="8c84fa94-04c1-424b-9868-57a2d4851a1d" />
    <TestEntry testId="ff7c2091-3327-e767-4933-31644bd21f67" executionId="d75ba6fd-baef-4cd9-a01b-ac91d3d6d94d" testListId="8c84fa94-04c1-424b-9868-57a2d4851a1d" />
    <TestEntry testId="57d1cda9-e9e5-f000-1823-6cc75a3cb199" executionId="9eff19da-615e-441c-b9f7-af6edf1d8e40" testListId="8c84fa94-04c1-424b-9868-57a2d4851a1d" />
    <TestEntry testId="43108df8-7f9e-e70a-a456-a12f9dd6bbcf" executionId="d63f1ecf-7f55-4388-9099-dbd6047ea208" testListId="8c84fa94-04c1-424b-9868-57a2d4851a1d" />
    <TestEntry testId="26bd4e72-4ac6-a5cc-eeb0-2da92faec007" executionId="57cbba78-4136-4362-bba5-caf0a2e7fcee" testListId="8c84fa94-04c1-424b-9868-57a2d4851a1d" />
    <TestEntry testId="b99c1952-4b8a-6e7b-be83-1febd897689d" executionId="83be8e27-6a0b-407a-b42c-40f80be4070a" testListId="8c84fa94-04c1-424b-9868-57a2d4851a1d" />
    <TestEntry testId="72cdf8b5-0c4a-e649-1b33-3003eb144b1a" executionId="1c651363-c4ea-40f6-806d-c5399a68e142" testListId="8c84fa94-04c1-424b-9868-57a2d4851a1d" />
    <TestEntry testId="e2abd9d2-3e10-1f38-de7b-fad1610d02c8" executionId="9d96e479-65cb-4513-b903-6a25a8e7f4b1" testListId="8c84fa94-04c1-424b-9868-57a2d4851a1d" />
    <TestEntry testId="8a90efb2-6fff-e39e-99bc-4c5b85d7b70e" executionId="55802c92-459e-4cac-bd49-2a94ed7f68a4" testListId="8c84fa94-04c1-424b-9868-57a2d4851a1d" />
    <TestEntry testId="9ca7221c-9ada-06ab-3e36-c3c1a2dc8867" executionId="6d82a455-0f36-4b48-9e05-be9fa3baee20" testListId="8c84fa94-04c1-424b-9868-57a2d4851a1d" />
    <TestEntry testId="df0ff2b1-bb1d-04f9-1b59-ee245aa596c1" executionId="3f991af9-9e3a-48e7-9593-bfa5f230224e" testListId="8c84fa94-04c1-424b-9868-57a2d4851a1d" />
    <TestEntry testId="3316bc7e-6a82-67a0-8d2a-7a179131430f" executionId="b3772156-bc36-4c5b-b055-51ff01f2e561" testListId="8c84fa94-04c1-424b-9868-57a2d4851a1d" />
    <TestEntry testId="8031668c-d19b-b8db-0235-3b555a1ef3fc" executionId="95ceb3cb-98cd-4677-a05d-575e0594ec5f" testListId="8c84fa94-04c1-424b-9868-57a2d4851a1d" />
    <TestEntry testId="aab26939-6c58-dafe-eca6-6d66c1372e38" executionId="dd9b2f14-f73d-42da-b142-b55ae06c329f" testListId="8c84fa94-04c1-424b-9868-57a2d4851a1d" />
    <TestEntry testId="52b61247-c43f-6660-c9e8-5fe03f0a7cdc" executionId="710314a3-3db7-4fb4-83b0-8c6785dc975a" testListId="8c84fa94-04c1-424b-9868-57a2d4851a1d" />
    <TestEntry testId="adbc4c98-f343-f49a-8ae7-4608303b47de" executionId="adabdd28-94ff-4f3b-acc2-4bc50879418e" testListId="8c84fa94-04c1-424b-9868-57a2d4851a1d" />
    <TestEntry testId="003f2eb1-16a9-1fca-9f6b-de2c702ff29c" executionId="bde5ab99-8f17-4845-9f75-f9df50c9ea9c" testListId="8c84fa94-04c1-424b-9868-57a2d4851a1d" />
    <TestEntry testId="2ff40e02-cd90-e19e-c947-03dc2242a050" executionId="50005a3f-39bf-4945-a6c5-a64b8e36511c" testListId="8c84fa94-04c1-424b-9868-57a2d4851a1d" />
    <TestEntry testId="c016667a-0b42-4c7c-6e4b-7d5caa7f57c0" executionId="ef67b3d1-6afd-4c71-b4b2-000b7f651259" testListId="8c84fa94-04c1-424b-9868-57a2d4851a1d" />
    <TestEntry testId="0879aeff-9eea-f072-4fd3-f308a5ff4abd" executionId="12eae854-ad18-481d-bd25-4d963b1b86e2" testListId="8c84fa94-04c1-424b-9868-57a2d4851a1d" />
    <TestEntry testId="6c106499-e2c3-a0a7-eafe-eacf56794202" executionId="86a84d64-de86-4bed-89ec-ba6db742d5dd" testListId="8c84fa94-04c1-424b-9868-57a2d4851a1d" />
    <TestEntry testId="4e59c08a-24aa-a191-ba17-e795fcc7e3cc" executionId="4a4adc1d-f438-4b3a-8b5b-134af2efb6fa" testListId="8c84fa94-04c1-424b-9868-57a2d4851a1d" />
    <TestEntry testId="6d87e1fd-55be-eef4-fa85-511734dc705c" executionId="94976729-1530-4263-a835-476feda44b41" testListId="8c84fa94-04c1-424b-9868-57a2d4851a1d" />
    <TestEntry testId="5d659f4c-0006-5095-6e01-261fba69eeb2" executionId="832819e6-7c91-48a9-b08e-cf7e26a20340" testListId="8c84fa94-04c1-424b-9868-57a2d4851a1d" />
    <TestEntry testId="9f3779e0-204e-fe43-610e-1a907c82fa52" executionId="179dbf1a-d0bb-457d-84f7-7c95c3891d92" testListId="8c84fa94-04c1-424b-9868-57a2d4851a1d" />
    <TestEntry testId="237c8a8a-8a7f-5e52-4c92-218965c8bbd4" executionId="6f6227fb-dbdb-4841-80f1-ce6e6fe3d2c4" testListId="8c84fa94-04c1-424b-9868-57a2d4851a1d" />
    <TestEntry testId="a5fc9049-7530-8237-b0a1-1fd3ff1d35e6" executionId="e3da144a-32d3-4e1d-b119-5b53efb65eb1" testListId="8c84fa94-04c1-424b-9868-57a2d4851a1d" />
    <TestEntry testId="fc55b88c-0e11-339e-c0c5-0965a8b3253e" executionId="a02bf053-ee0b-4fda-ae49-3498c81560d8" testListId="8c84fa94-04c1-424b-9868-57a2d4851a1d" />
    <TestEntry testId="b3f5716b-ac2d-a73d-5199-29412e45cde1" executionId="12733f1f-0598-4707-bd3a-17387f0c799e" testListId="8c84fa94-04c1-424b-9868-57a2d4851a1d" />
    <TestEntry testId="62f5d1dd-bd59-22f3-6b49-8433f76fa54e" executionId="d437ff5c-99f4-4df3-b3b5-9257bfb634af" testListId="8c84fa94-04c1-424b-9868-57a2d4851a1d" />
    <TestEntry testId="7239fabf-9116-6496-c436-583670722822" executionId="5d1b180b-2fd3-49d5-8276-2225a526c0d2" testListId="8c84fa94-04c1-424b-9868-57a2d4851a1d" />
    <TestEntry testId="9ceef6d7-c6e7-377c-fe84-df2fd32fca20" executionId="d8c51c5d-98f4-4664-9568-302d0e2998a2" testListId="8c84fa94-04c1-424b-9868-57a2d4851a1d" />
    <TestEntry testId="18d4c37f-1583-f497-ec0c-ad5f807ccb48" executionId="a3de0e4c-86d2-4296-b484-e7d6fbc6a981" testListId="8c84fa94-04c1-424b-9868-57a2d4851a1d" />
    <TestEntry testId="2fcf9509-91d2-8211-d6e4-a72c7870e72f" executionId="0b8fc46a-5b5f-4323-933f-499c09ec8367" testListId="8c84fa94-04c1-424b-9868-57a2d4851a1d" />
    <TestEntry testId="2044c162-1147-8fb8-adb8-ab6044bfdf21" executionId="151cc6e9-6ff7-4684-9b87-99d919026fd4" testListId="8c84fa94-04c1-424b-9868-57a2d4851a1d" />
    <TestEntry testId="02dcd1d3-0988-28d1-20dc-c85edfbd2722" executionId="241e51ab-91d3-4a05-891b-41b6b2e0d889" testListId="8c84fa94-04c1-424b-9868-57a2d4851a1d" />
    <TestEntry testId="4bf9f205-774f-fb42-8d24-b7d8013c94d1" executionId="da86172b-8303-4703-ad80-435f96737739" testListId="8c84fa94-04c1-424b-9868-57a2d4851a1d" />
    <TestEntry testId="ddd37070-3a26-e09f-cfe8-adfb9adc29e7" executionId="7a818046-37c8-4ced-bee5-4f65474963b2" testListId="8c84fa94-04c1-424b-9868-57a2d4851a1d" />
    <TestEntry testId="5c3e394b-5635-340f-a8f3-3c152e9b2b47" executionId="1dc84303-ac9f-4252-83c4-7bc61939b6b5" testListId="8c84fa94-04c1-424b-9868-57a2d4851a1d" />
    <TestEntry testId="d138724c-8941-27f5-b1cb-688759806790" executionId="ea5bb49e-e10a-4a48-84c4-a95860bbc885" testListId="8c84fa94-04c1-424b-9868-57a2d4851a1d" />
    <TestEntry testId="70962b03-3000-68e4-fd2c-d9ce13588e5d" executionId="eedc3f51-16f1-4a80-b5be-8122f4ecad77" testListId="8c84fa94-04c1-424b-9868-57a2d4851a1d" />
    <TestEntry testId="d2b73dd7-fca3-9997-7025-63c5332128cb" executionId="02f12f0a-c348-4d97-82d3-597432a5b289" testListId="8c84fa94-04c1-424b-9868-57a2d4851a1d" />
    <TestEntry testId="cb98919d-41c2-f114-3856-49dce9ef8634" executionId="4452fdcc-43fa-4d4e-9e78-87ba7c638331" testListId="8c84fa94-04c1-424b-9868-57a2d4851a1d" />
    <TestEntry testId="aea73909-810e-a77c-1399-2312d2e31955" executionId="e015f83b-380f-4c38-9f42-57b659263fc4" testListId="8c84fa94-04c1-424b-9868-57a2d4851a1d" />
    <TestEntry testId="aa059b58-e437-d4dc-f90b-dbf0a0f3cc66" executionId="e20e8150-75f5-4b15-9892-8dfa1a1d5da6" testListId="8c84fa94-04c1-424b-9868-57a2d4851a1d" />
    <TestEntry testId="48a6510a-dc10-0cb2-8d7a-5592bba8bb0e" executionId="882c1ea3-b286-46ed-ac99-c1c72f26f96f" testListId="8c84fa94-04c1-424b-9868-57a2d4851a1d" />
    <TestEntry testId="4cd48cba-1ee4-9efa-c790-541706c3159b" executionId="8fdd3a68-58ff-4cd6-9563-d7961e7b0a70" testListId="8c84fa94-04c1-424b-9868-57a2d4851a1d" />
    <TestEntry testId="5f70f144-9947-887e-d6e7-1aeb2f4f79bb" executionId="cac4ad8c-fa8e-41cb-b61e-d70cdb53d745" testListId="8c84fa94-04c1-424b-9868-57a2d4851a1d" />
    <TestEntry testId="158c2a50-1855-1bd6-645a-0d06c43ddd5a" executionId="44de9f33-ef2a-4c6c-8540-1b45a5ce2b84" testListId="8c84fa94-04c1-424b-9868-57a2d4851a1d" />
    <TestEntry testId="b3c39b3e-760b-5274-9a96-a8ea10710638" executionId="43c97092-94ac-4757-be76-5b6f0f882a09" testListId="8c84fa94-04c1-424b-9868-57a2d4851a1d" />
    <TestEntry testId="f8b329c4-164a-78d1-46cd-26aea567ce35" executionId="db71c689-a7a5-4408-a099-9ec8cf9bcea7" testListId="8c84fa94-04c1-424b-9868-57a2d4851a1d" />
    <TestEntry testId="6c872214-13da-be98-a0a3-0db5c2d92720" executionId="1a4fe156-04c0-44dc-93c5-cdca1b376157" testListId="8c84fa94-04c1-424b-9868-57a2d4851a1d" />
    <TestEntry testId="0316afba-cad9-583a-5a60-4cda40610283" executionId="06db11d6-ffca-4598-8926-8d1d8140ee8c" testListId="8c84fa94-04c1-424b-9868-57a2d4851a1d" />
    <TestEntry testId="7f685fe8-e8c1-84de-476c-7b3537eb652d" executionId="43b6aad3-ac92-4d72-aabb-408a9883111d" testListId="8c84fa94-04c1-424b-9868-57a2d4851a1d" />
    <TestEntry testId="2c7c7876-b123-f6b1-1eae-db6f6476f552" executionId="547e0656-a4ee-4a27-93aa-190fdbf78535" testListId="8c84fa94-04c1-424b-9868-57a2d4851a1d" />
    <TestEntry testId="e47068f5-ce83-2091-31a6-2a3fb625188b" executionId="c37eea84-f6ae-490c-8df2-06e4df3cd8da" testListId="8c84fa94-04c1-424b-9868-57a2d4851a1d" />
    <TestEntry testId="51c5dd4c-3587-911b-8de8-02b3003da056" executionId="7e3cab3d-d46a-408f-b9bf-d63d0d63e347" testListId="8c84fa94-04c1-424b-9868-57a2d4851a1d" />
    <TestEntry testId="9bae256a-0c87-b6af-b540-e203a8f6e7f7" executionId="0fedbf74-ed37-457c-ac45-c5c658c8be44" testListId="8c84fa94-04c1-424b-9868-57a2d4851a1d" />
    <TestEntry testId="e491c95e-ca9e-b2c6-5321-07aa05ad42a9" executionId="5d69b5e2-4f36-4a10-a08c-af21027a0e89" testListId="8c84fa94-04c1-424b-9868-57a2d4851a1d" />
    <TestEntry testId="af647e92-1ce2-064d-3a84-3476cb46d127" executionId="4530b286-7198-47b4-88ea-e61082831326" testListId="8c84fa94-04c1-424b-9868-57a2d4851a1d" />
    <TestEntry testId="7511a43c-a4b1-13d6-6238-776526db53ad" executionId="c6615497-e2f5-4aae-b656-ad7f601a596c" testListId="8c84fa94-04c1-424b-9868-57a2d4851a1d" />
    <TestEntry testId="66363822-7849-72a3-af25-779ac72e5857" executionId="4313c3fb-ef26-412c-9538-d71a268c3c5f" testListId="8c84fa94-04c1-424b-9868-57a2d4851a1d" />
    <TestEntry testId="1e4b94ef-680e-df94-5aac-c6b1601c849a" executionId="80fcb569-2013-4441-af9c-428b547978bf" testListId="8c84fa94-04c1-424b-9868-57a2d4851a1d" />
    <TestEntry testId="9729a039-440f-b038-cbbc-13699377547c" executionId="5e0900e9-e597-40a6-868a-33771f83e032" testListId="8c84fa94-04c1-424b-9868-57a2d4851a1d" />
    <TestEntry testId="a973dd7a-7c46-af87-44cd-7bf4a36abf9b" executionId="94a8e38f-5681-421e-bd6f-d7e6fd5cd7e8" testListId="8c84fa94-04c1-424b-9868-57a2d4851a1d" />
    <TestEntry testId="0cac9266-bc9a-fb15-02dc-2163a8966c6d" executionId="bd2131aa-7718-42be-91dd-8806ebc54246" testListId="8c84fa94-04c1-424b-9868-57a2d4851a1d" />
    <TestEntry testId="7135bf06-d0f7-d1fd-424d-aa321ae4fc62" executionId="1611f965-1c7a-4dda-9edf-8e780b4d7187" testListId="8c84fa94-04c1-424b-9868-57a2d4851a1d" />
    <TestEntry testId="a78a0985-6ddf-5e1e-7544-6efb88194c31" executionId="d8b26f61-a7eb-406a-b56e-1f73db40e161" testListId="8c84fa94-04c1-424b-9868-57a2d4851a1d" />
    <TestEntry testId="fb01cc7e-d5fa-72c9-434f-db0e51b7acf2" executionId="9042fb95-d8e6-47d8-85c7-7a549075a13f" testListId="8c84fa94-04c1-424b-9868-57a2d4851a1d" />
    <TestEntry testId="d80fb2bc-32fc-9393-ce7a-20d5e1e20b2a" executionId="59d29fea-969a-494e-941f-4a132eddbc27" testListId="8c84fa94-04c1-424b-9868-57a2d4851a1d" />
    <TestEntry testId="c781d212-7be9-917b-2eb4-49e5e562dd6d" executionId="48b2efb9-6704-4432-a12e-69fbf007a1af" testListId="8c84fa94-04c1-424b-9868-57a2d4851a1d" />
  </TestEntries>
  <TestLists>
    <TestList name="Results Not in a List" id="8c84fa94-04c1-424b-9868-57a2d4851a1d" />
    <TestList name="All Loaded Results" id="19431567-8539-422a-85d7-44ee4e166bda" />
  </TestLists>
  <ResultSummary outcome="Failed">
    <Counters total="308" executed="308" passed="272" failed="36" error="0" timeout="0" aborted="0" inconclusive="0" passedButRunAborted="0" notRunnable="0" notExecuted="0" disconnected="0" warning="0" completed="0" inProgress="0" pending="0" />
    <Output>
      <StdOut>[xUnit.net 00:00:00.00] xUnit.net VSTest Adapter v3.0.0+e341b939fe (64-bit .NET 9.0.5)
[xUnit.net 00:00:00.03]   Discovering: FileContentRenamer.Tests
[xUnit.net 00:00:00.08]   Discovered:  FileContentRenamer.Tests
[xUnit.net 00:00:00.12]   Starting:    FileContentRenamer.Tests
[xUnit.net 00:00:00.70]       Expected a &lt;System.Exception&gt; to be thrown, but no exception was thrown.
[xUnit.net 00:00:00.70]       Stack Trace:
[xUnit.net 00:00:00.70]            at FluentAssertions.Execution.XUnit2TestFramework.Throw(String message)
[xUnit.net 00:00:00.70]            at FluentAssertions.Execution.TestFrameworkProvider.Throw(String message)
[xUnit.net 00:00:00.70]            at FluentAssertions.Execution.DefaultAssertionStrategy.HandleFailure(String message)
[xUnit.net 00:00:00.70]            at FluentAssertions.Execution.AssertionScope.FailWith(Func`1 failReasonFunc)
[xUnit.net 00:00:00.70]            at FluentAssertions.Execution.AssertionScope.FailWith(Func`1 failReasonFunc)
[xUnit.net 00:00:00.70]            at FluentAssertions.Execution.AssertionScope.FailWith(String message)
[xUnit.net 00:00:00.70]            at FluentAssertions.Specialized.DelegateAssertionsBase`2.ThrowInternal[TException](Exception exception, String because, Object[] becauseArgs)
[xUnit.net 00:00:00.70]            at FluentAssertions.Specialized.DelegateAssertions`2.Throw[TException](String because, Object[] becauseArgs)
[xUnit.net 00:00:00.70]         /Users/santibraida/Workspace/comprobantes/FileContentRenamer.Tests/Services/DirectoryOrganizerAdditionalTests.cs(59,0): at FileContentRenamer.Tests.Services.DirectoryOrganizerAdditionalTests.OrganizeFileIntoDirectoryStructure_WithInvalidDate_ShouldThrowException()
[xUnit.net 00:00:00.70]            at System.RuntimeMethodHandle.InvokeMethod(Object target, Void** arguments, Signature sig, Boolean isConstructor)
[xUnit.net 00:00:00.70]            at System.Reflection.MethodBaseInvoker.InvokeWithNoArgs(Object obj, BindingFlags invokeAttr)
[xUnit.net 00:00:00.75]       Expected a &lt;System.IO.FileNotFoundException&gt; to be thrown, but no exception was thrown.
[xUnit.net 00:00:00.75]       Stack Trace:
[xUnit.net 00:00:00.75]            at FluentAssertions.Execution.XUnit2TestFramework.Throw(String message)
[xUnit.net 00:00:00.75]            at FluentAssertions.Execution.TestFrameworkProvider.Throw(String message)
[xUnit.net 00:00:00.75]            at FluentAssertions.Execution.DefaultAssertionStrategy.HandleFailure(String message)
[xUnit.net 00:00:00.75]            at FluentAssertions.Execution.AssertionScope.FailWith(Func`1 failReasonFunc)
[xUnit.net 00:00:00.75]            at FluentAssertions.Execution.AssertionScope.FailWith(Func`1 failReasonFunc)
[xUnit.net 00:00:00.75]            at FluentAssertions.Execution.AssertionScope.FailWith(String message)
[xUnit.net 00:00:00.75]            at FluentAssertions.Specialized.DelegateAssertionsBase`2.ThrowInternal[TException](Exception exception, String because, Object[] becauseArgs)
[xUnit.net 00:00:00.75]            at FluentAssertions.Specialized.DelegateAssertions`2.Throw[TException](String because, Object[] becauseArgs)
[xUnit.net 00:00:00.75]         /Users/santibraida/Workspace/comprobantes/FileContentRenamer.Tests/Models/AppConfigTests.cs(116,0): at FileContentRenamer.Tests.Models.AppConfigTests.LoadFromConfiguration_WithMissingConfigFile_ShouldThrowException()
[xUnit.net 00:00:00.75]            at System.RuntimeMethodHandle.InvokeMethod(Object target, Void** arguments, Signature sig, Boolean isConstructor)
[xUnit.net 00:00:00.75]            at System.Reflection.MethodBaseInvoker.InvokeWithNoArgs(Object obj, BindingFlags invokeAttr)
[xUnit.net 00:00:00.75]       Expected result to be "/var/folders/x1/bt0l1hlj3xxfgmlll69gmfr40000gn/T/5003a8fa-30cc-4c61-8d68-d0fe204a9d7a/2024/03_marzo/test_2.pdf" with a length of 110, but "/var/folders/x1/bt0l1hlj3xxfgmlll69gmfr40000gn/T/2024/03_marzo/test_9.pdf" has a length of 73, differs near "202" (index 49).
[xUnit.net 00:00:00.75]       Stack Trace:
[xUnit.net 00:00:00.75]            at FluentAssertions.Execution.XUnit2TestFramework.Throw(String message)
[xUnit.net 00:00:00.75]            at FluentAssertions.Execution.TestFrameworkProvider.Throw(String message)
[xUnit.net 00:00:00.75]            at FluentAssertions.Execution.DefaultAssertionStrategy.HandleFailure(String message)
[xUnit.net 00:00:00.75]            at FluentAssertions.Execution.AssertionScope.FailWith(Func`1 failReasonFunc)
[xUnit.net 00:00:00.75]            at FluentAssertions.Execution.AssertionScope.FailWith(Func`1 failReasonFunc)
[xUnit.net 00:00:00.75]            at FluentAssertions.Primitives.StringEqualityValidator.ValidateAgainstLengthDifferences()
[xUnit.net 00:00:00.75]            at FluentAssertions.Primitives.StringValidator.Validate()
[xUnit.net 00:00:00.75]            at FluentAssertions.Primitives.StringAssertions`1.Be(String expected, String because, Object[] becauseArgs)
[xUnit.net 00:00:00.75]         /Users/santibraida/Workspace/comprobantes/FileContentRenamer.Tests/Services/DirectoryOrganizerTests.cs(223,0): at FileContentRenamer.Tests.Services.DirectoryOrganizerTests.OrganizeFileIntoDirectoryStructure_AlreadyInYearFolder_ShouldMoveToMonthFolder()
[xUnit.net 00:00:00.75]            at System.RuntimeMethodHandle.InvokeMethod(Object target, Void** arguments, Signature sig, Boolean isConstructor)
[xUnit.net 00:00:00.75]            at System.Reflection.MethodBaseInvoker.InvokeWithNoArgs(Object obj, BindingFlags invokeAttr)
[xUnit.net 00:00:00.77]       Expected result to be empty, but found "2023-13-32".
[xUnit.net 00:00:00.77]       Stack Trace:
[xUnit.net 00:00:00.77]            at FluentAssertions.Execution.XUnit2TestFramework.Throw(String message)
[xUnit.net 00:00:00.77]            at FluentAssertions.Execution.TestFrameworkProvider.Throw(String message)
[xUnit.net 00:00:00.77]            at FluentAssertions.Execution.DefaultAssertionStrategy.HandleFailure(String message)
[xUnit.net 00:00:00.77]            at FluentAssertions.Execution.AssertionScope.FailWith(Func`1 failReasonFunc)
[xUnit.net 00:00:00.77]            at FluentAssertions.Execution.AssertionScope.FailWith(Func`1 failReasonFunc)
[xUnit.net 00:00:00.77]            at FluentAssertions.Execution.AssertionScope.FailWith(String message, Object[] args)
[xUnit.net 00:00:00.77]            at FluentAssertions.Primitives.StringAssertions`1.BeEmpty(String because, Object[] becauseArgs)
[xUnit.net 00:00:00.77]         /Users/santibraida/Workspace/comprobantes/FileContentRenamer.Tests/Services/DateExtractorEnhancedTests.cs(115,0): at FileContentRenamer.Tests.Services.DateExtractorEnhancedTests.ExtractDateFromContent_WithNoDates_ShouldReturnEmptyString(String content)
[xUnit.net 00:00:00.77]            at InvokeStub_DateExtractorEnhancedTests.ExtractDateFromContent_WithNoDates_ShouldReturnEmptyString(Object, Span`1)
[xUnit.net 00:00:00.77]            at System.Reflection.MethodBaseInvoker.InvokeWithOneArg(Object obj, BindingFlags invokeAttr, Binder binder, Object[] parameters, CultureInfo culture)
[xUnit.net 00:00:00.77]       Expected result to be "2023-02-28" with a length of 10, but "" has a length of 0, differs near "" (index 0).
[xUnit.net 00:00:00.77]       Stack Trace:
[xUnit.net 00:00:00.77]            at FluentAssertions.Execution.XUnit2TestFramework.Throw(String message)
[xUnit.net 00:00:00.77]            at FluentAssertions.Execution.TestFrameworkProvider.Throw(String message)
[xUnit.net 00:00:00.77]            at FluentAssertions.Execution.DefaultAssertionStrategy.HandleFailure(String message)
[xUnit.net 00:00:00.77]            at FluentAssertions.Execution.AssertionScope.FailWith(Func`1 failReasonFunc)
[xUnit.net 00:00:00.77]            at FluentAssertions.Execution.AssertionScope.FailWith(Func`1 failReasonFunc)
[xUnit.net 00:00:00.77]            at FluentAssertions.Primitives.StringEqualityValidator.ValidateAgainstLengthDifferences()
[xUnit.net 00:00:00.77]            at FluentAssertions.Primitives.StringValidator.Validate()
[xUnit.net 00:00:00.77]            at FluentAssertions.Primitives.StringAssertions`1.Be(String expected, String because, Object[] becauseArgs)
[xUnit.net 00:00:00.77]         /Users/santibraida/Workspace/comprobantes/FileContentRenamer.Tests/Services/DateExtractorEnhancedTests.cs(27,0): at FileContentRenamer.Tests.Services.DateExtractorEnhancedTests.ExtractDateFromContent_WithSlashDateFormats_ShouldExtractCorrectDate(String content, String expected)
[xUnit.net 00:00:00.77]            at System.RuntimeMethodHandle.InvokeMethod(Object target, Void** arguments, Signature sig, Boolean isConstructor)
[xUnit.net 00:00:00.77]            at System.Reflection.MethodBaseInvoker.InvokeDirectByRefWithFewArgs(Object obj, Span`1 copyOfArgs, BindingFlags invokeAttr)
[xUnit.net 00:00:00.77]       Expected result to be "2023-06-30" with a length of 10, but "" has a length of 0, differs near "" (index 0).
[xUnit.net 00:00:00.77]       Stack Trace:
[xUnit.net 00:00:00.77]            at FluentAssertions.Execution.XUnit2TestFramework.Throw(String message)
[xUnit.net 00:00:00.77]            at FluentAssertions.Execution.TestFrameworkProvider.Throw(String message)
[xUnit.net 00:00:00.77]            at FluentAssertions.Execution.DefaultAssertionStrategy.HandleFailure(String message)
[xUnit.net 00:00:00.77]            at FluentAssertions.Execution.AssertionScope.FailWith(Func`1 failReasonFunc)
[xUnit.net 00:00:00.77]            at FluentAssertions.Execution.AssertionScope.FailWith(Func`1 failReasonFunc)
[xUnit.net 00:00:00.77]            at FluentAssertions.Primitives.StringEqualityValidator.ValidateAgainstLengthDifferences()
[xUnit.net 00:00:00.77]            at FluentAssertions.Primitives.StringValidator.Validate()
[xUnit.net 00:00:00.77]            at FluentAssertions.Primitives.StringAssertions`1.Be(String expected, String because, Object[] becauseArgs)
[xUnit.net 00:00:00.77]         /Users/santibraida/Workspace/comprobantes/FileContentRenamer.Tests/Services/DateExtractorEnhancedTests.cs(27,0): at FileContentRenamer.Tests.Services.DateExtractorEnhancedTests.ExtractDateFromContent_WithSlashDateFormats_ShouldExtractCorrectDate(String content, String expected)
[xUnit.net 00:00:00.77]            at InvokeStub_DateExtractorEnhancedTests.ExtractDateFromContent_WithSlashDateFormats_ShouldExtractCorrectDate(Object, Span`1)
[xUnit.net 00:00:00.77]            at System.Reflection.MethodBaseInvoker.InvokeWithFewArgs(Object obj, BindingFlags invokeAttr, Binder binder, Object[] parameters, CultureInfo culture)
[xUnit.net 00:00:00.77]       Expected result to be "2023-12-31" with a length of 10, but "" has a length of 0, differs near "" (index 0).
[xUnit.net 00:00:00.77]       Stack Trace:
[xUnit.net 00:00:00.77]            at FluentAssertions.Execution.XUnit2TestFramework.Throw(String message)
[xUnit.net 00:00:00.77]            at FluentAssertions.Execution.TestFrameworkProvider.Throw(String message)
[xUnit.net 00:00:00.77]            at FluentAssertions.Execution.DefaultAssertionStrategy.HandleFailure(String message)
[xUnit.net 00:00:00.77]            at FluentAssertions.Execution.AssertionScope.FailWith(Func`1 failReasonFunc)
[xUnit.net 00:00:00.77]            at FluentAssertions.Execution.AssertionScope.FailWith(Func`1 failReasonFunc)
[xUnit.net 00:00:00.77]            at FluentAssertions.Primitives.StringEqualityValidator.ValidateAgainstLengthDifferences()
[xUnit.net 00:00:00.77]            at FluentAssertions.Primitives.StringValidator.Validate()
[xUnit.net 00:00:00.77]            at FluentAssertions.Primitives.StringAssertions`1.Be(String expected, String because, Object[] becauseArgs)
[xUnit.net 00:00:00.77]         /Users/santibraida/Workspace/comprobantes/FileContentRenamer.Tests/Services/DateExtractorEnhancedTests.cs(27,0): at FileContentRenamer.Tests.Services.DateExtractorEnhancedTests.ExtractDateFromContent_WithSlashDateFormats_ShouldExtractCorrectDate(String content, String expected)
[xUnit.net 00:00:00.77]            at InvokeStub_DateExtractorEnhancedTests.ExtractDateFromContent_WithSlashDateFormats_ShouldExtractCorrectDate(Object, Span`1)
[xUnit.net 00:00:00.77]            at System.Reflection.MethodBaseInvoker.InvokeWithFewArgs(Object obj, BindingFlags invokeAttr, Binder binder, Object[] parameters, CultureInfo culture)
[xUnit.net 00:00:00.77]       Expected result to be "2023-01-15" with a length of 10, but "" has a length of 0, differs near "" (index 0).
[xUnit.net 00:00:00.77]       Stack Trace:
[xUnit.net 00:00:00.77]            at FluentAssertions.Execution.XUnit2TestFramework.Throw(String message)
[xUnit.net 00:00:00.77]            at FluentAssertions.Execution.TestFrameworkProvider.Throw(String message)
[xUnit.net 00:00:00.77]            at FluentAssertions.Execution.DefaultAssertionStrategy.HandleFailure(String message)
[xUnit.net 00:00:00.77]            at FluentAssertions.Execution.AssertionScope.FailWith(Func`1 failReasonFunc)
[xUnit.net 00:00:00.77]            at FluentAssertions.Execution.AssertionScope.FailWith(Func`1 failReasonFunc)
[xUnit.net 00:00:00.77]            at FluentAssertions.Primitives.StringEqualityValidator.ValidateAgainstLengthDifferences()
[xUnit.net 00:00:00.77]            at FluentAssertions.Primitives.StringValidator.Validate()
[xUnit.net 00:00:00.77]            at FluentAssertions.Primitives.StringAssertions`1.Be(String expected, String because, Object[] becauseArgs)
[xUnit.net 00:00:00.77]         /Users/santibraida/Workspace/comprobantes/FileContentRenamer.Tests/Services/DateExtractorEnhancedTests.cs(27,0): at FileContentRenamer.Tests.Services.DateExtractorEnhancedTests.ExtractDateFromContent_WithSlashDateFormats_ShouldExtractCorrectDate(String content, String expected)
[xUnit.net 00:00:00.77]            at InvokeStub_DateExtractorEnhancedTests.ExtractDateFromContent_WithSlashDateFormats_ShouldExtractCorrectDate(Object, Span`1)
[xUnit.net 00:00:00.77]            at System.Reflection.MethodBaseInvoker.InvokeWithFewArgs(Object obj, BindingFlags invokeAttr, Binder binder, Object[] parameters, CultureInfo culture)
[xUnit.net 00:00:00.78]       Expected resultList to only have unique items, but item "/var/folders/x1/bt0l1hlj3xxfgmlll69gmfr40000gn/T/ff9983e7-5dbd-484e-b6f4-a6ab81d36a13/concurrent_test_2.txt" is not unique.
[xUnit.net 00:00:00.78]       Stack Trace:
[xUnit.net 00:00:00.78]            at FluentAssertions.Execution.XUnit2TestFramework.Throw(String message)
[xUnit.net 00:00:00.78]            at FluentAssertions.Execution.TestFrameworkProvider.Throw(String message)
[xUnit.net 00:00:00.78]            at FluentAssertions.Execution.DefaultAssertionStrategy.HandleFailure(String message)
[xUnit.net 00:00:00.78]            at FluentAssertions.Execution.AssertionScope.FailWith(Func`1 failReasonFunc)
[xUnit.net 00:00:00.78]            at FluentAssertions.Execution.AssertionScope.FailWith(Func`1 failReasonFunc)
[xUnit.net 00:00:00.78]            at FluentAssertions.Execution.AssertionScope.FailWith(String message, Object[] args)
[xUnit.net 00:00:00.78]            at FluentAssertions.Collections.GenericCollectionAssertions`3.OnlyHaveUniqueItems(String because, Object[] becauseArgs)
[xUnit.net 00:00:00.78]         /Users/santibraida/Workspace/comprobantes/FileContentRenamer.Tests/Services/FilenameGeneratorTests.cs(285,0): at FileContentRenamer.Tests.Services.FilenameGeneratorTests.GenerateUniqueFilename_ThreadSafety_ShouldHandleConcurrentCalls()
[xUnit.net 00:00:00.78]         --- End of stack trace from previous location ---
[xUnit.net 00:00:00.97]       Expected result to be "2024-11-08" with a length of 10, but "" has a length of 0, differs near "" (index 0).
[xUnit.net 00:00:00.97]       Stack Trace:
[xUnit.net 00:00:00.97]            at FluentAssertions.Execution.XUnit2TestFramework.Throw(String message)
[xUnit.net 00:00:00.97]            at FluentAssertions.Execution.TestFrameworkProvider.Throw(String message)
[xUnit.net 00:00:00.97]            at FluentAssertions.Execution.DefaultAssertionStrategy.HandleFailure(String message)
[xUnit.net 00:00:00.97]            at FluentAssertions.Execution.AssertionScope.FailWith(Func`1 failReasonFunc)
[xUnit.net 00:00:00.97]            at FluentAssertions.Execution.AssertionScope.FailWith(Func`1 failReasonFunc)
[xUnit.net 00:00:00.97]            at FluentAssertions.Primitives.StringEqualityValidator.ValidateAgainstLengthDifferences()
[xUnit.net 00:00:00.97]            at FluentAssertions.Primitives.StringValidator.Validate()
[xUnit.net 00:00:00.97]            at FluentAssertions.Primitives.StringAssertions`1.Be(String expected, String because, Object[] becauseArgs)
[xUnit.net 00:00:00.97]         /Users/santibraida/Workspace/comprobantes/FileContentRenamer.Tests/Services/DateExtractorEnhancedTests.cs(85,0): at FileContentRenamer.Tests.Services.DateExtractorEnhancedTests.ExtractDateFromContent_WithEnglishMonthNames_ShouldExtractCorrectDate(String content, String expected)
[xUnit.net 00:00:00.97]            at System.RuntimeMethodHandle.InvokeMethod(Object target, Void** arguments, Signature sig, Boolean isConstructor)
[xUnit.net 00:00:00.97]            at System.Reflection.MethodBaseInvoker.InvokeDirectByRefWithFewArgs(Object obj, Span`1 copyOfArgs, BindingFlags invokeAttr)
[xUnit.net 00:00:00.97]       Expected result to be "2023-01-01" with a length of 10, but "" has a length of 0, differs near "" (index 0).
[xUnit.net 00:00:00.97]       Stack Trace:
[xUnit.net 00:00:00.97]            at FluentAssertions.Execution.XUnit2TestFramework.Throw(String message)
[xUnit.net 00:00:00.97]            at FluentAssertions.Execution.TestFrameworkProvider.Throw(String message)
[xUnit.net 00:00:00.97]            at FluentAssertions.Execution.DefaultAssertionStrategy.HandleFailure(String message)
[xUnit.net 00:00:00.97]            at FluentAssertions.Execution.AssertionScope.FailWith(Func`1 failReasonFunc)
[xUnit.net 00:00:00.97]            at FluentAssertions.Execution.AssertionScope.FailWith(Func`1 failReasonFunc)
[xUnit.net 00:00:00.97]            at FluentAssertions.Primitives.StringEqualityValidator.ValidateAgainstLengthDifferences()
[xUnit.net 00:00:00.97]            at FluentAssertions.Primitives.StringValidator.Validate()
[xUnit.net 00:00:00.97]            at FluentAssertions.Primitives.StringAssertions`1.Be(String expected, String because, Object[] becauseArgs)
[xUnit.net 00:00:00.97]         /Users/santibraida/Workspace/comprobantes/FileContentRenamer.Tests/Services/DateExtractorAdditionalTests.cs(33,0): at FileContentRenamer.Tests.Services.DateExtractorAdditionalTests.ExtractDateFromContent_WithVariousFormats_ShouldReturnCorrectDate(String content, String expected)
[xUnit.net 00:00:00.97]            at System.RuntimeMethodHandle.InvokeMethod(Object target, Void** arguments, Signature sig, Boolean isConstructor)
[xUnit.net 00:00:00.97]            at System.Reflection.MethodBaseInvoker.InvokeDirectByRefWithFewArgs(Object obj, Span`1 copyOfArgs, BindingFlags invokeAttr)
[xUnit.net 00:00:00.97]       Expected result to be "" with a length of 0, but "2023-13-31" has a length of 10, differs near "202" (index 0).
[xUnit.net 00:00:00.97]       Stack Trace:
[xUnit.net 00:00:00.97]            at FluentAssertions.Execution.XUnit2TestFramework.Throw(String message)
[xUnit.net 00:00:00.97]            at FluentAssertions.Execution.TestFrameworkProvider.Throw(String message)
[xUnit.net 00:00:00.97]            at FluentAssertions.Execution.DefaultAssertionStrategy.HandleFailure(String message)
[xUnit.net 00:00:00.97]            at FluentAssertions.Execution.AssertionScope.FailWith(Func`1 failReasonFunc)
[xUnit.net 00:00:00.97]            at FluentAssertions.Execution.AssertionScope.FailWith(Func`1 failReasonFunc)
[xUnit.net 00:00:00.97]            at FluentAssertions.Primitives.StringEqualityValidator.ValidateAgainstLengthDifferences()
[xUnit.net 00:00:00.97]            at FluentAssertions.Primitives.StringValidator.Validate()
[xUnit.net 00:00:00.97]            at FluentAssertions.Primitives.StringAssertions`1.Be(String expected, String because, Object[] becauseArgs)
[xUnit.net 00:00:00.97]         /Users/santibraida/Workspace/comprobantes/FileContentRenamer.Tests/Services/DateExtractorAdditionalTests.cs(33,0): at FileContentRenamer.Tests.Services.DateExtractorAdditionalTests.ExtractDateFromContent_WithVariousFormats_ShouldReturnCorrectDate(String content, String expected)
[xUnit.net 00:00:00.97]            at InvokeStub_DateExtractorAdditionalTests.ExtractDateFromContent_WithVariousFormats_ShouldReturnCorrectDate(Object, Span`1)
[xUnit.net 00:00:00.97]            at System.Reflection.MethodBaseInvoker.InvokeWithFewArgs(Object obj, BindingFlags invokeAttr, Binder binder, Object[] parameters, CultureInfo culture)
[xUnit.net 00:00:00.97]       Expected result to be "2023-12-31" with a length of 10, but "" has a length of 0, differs near "" (index 0).
[xUnit.net 00:00:00.97]       Stack Trace:
[xUnit.net 00:00:00.97]            at FluentAssertions.Execution.XUnit2TestFramework.Throw(String message)
[xUnit.net 00:00:00.97]            at FluentAssertions.Execution.TestFrameworkProvider.Throw(String message)
[xUnit.net 00:00:00.97]            at FluentAssertions.Execution.DefaultAssertionStrategy.HandleFailure(String message)
[xUnit.net 00:00:00.97]            at FluentAssertions.Execution.AssertionScope.FailWith(Func`1 failReasonFunc)
[xUnit.net 00:00:00.97]            at FluentAssertions.Execution.AssertionScope.FailWith(Func`1 failReasonFunc)
[xUnit.net 00:00:00.97]            at FluentAssertions.Primitives.StringEqualityValidator.ValidateAgainstLengthDifferences()
[xUnit.net 00:00:00.97]            at FluentAssertions.Primitives.StringValidator.Validate()
[xUnit.net 00:00:00.97]            at FluentAssertions.Primitives.StringAssertions`1.Be(String expected, String because, Object[] becauseArgs)
[xUnit.net 00:00:00.97]         /Users/santibraida/Workspace/comprobantes/FileContentRenamer.Tests/Services/DateExtractorEnhancedTests.cs(85,0): at FileContentRenamer.Tests.Services.DateExtractorEnhancedTests.ExtractDateFromContent_WithEnglishMonthNames_ShouldExtractCorrectDate(String content, String expected)
[xUnit.net 00:00:00.97]            at InvokeStub_DateExtractorEnhancedTests.ExtractDateFromContent_WithEnglishMonthNames_ShouldExtractCorrectDate(Object, Span`1)
[xUnit.net 00:00:00.97]            at System.Reflection.MethodBaseInvoker.InvokeWithFewArgs(Object obj, BindingFlags invokeAttr, Binder binder, Object[] parameters, CultureInfo culture)
[xUnit.net 00:00:01.00]       Expected result to be "2024-07-25" with a length of 10, but "" has a length of 0, differs near "" (index 0).
[xUnit.net 00:00:01.00]       Stack Trace:
[xUnit.net 00:00:01.00]            at FluentAssertions.Execution.XUnit2TestFramework.Throw(String message)
[xUnit.net 00:00:01.00]            at FluentAssertions.Execution.TestFrameworkProvider.Throw(String message)
[xUnit.net 00:00:01.00]            at FluentAssertions.Execution.DefaultAssertionStrategy.HandleFailure(String message)
[xUnit.net 00:00:01.00]            at FluentAssertions.Execution.AssertionScope.FailWith(Func`1 failReasonFunc)
[xUnit.net 00:00:01.00]            at FluentAssertions.Execution.AssertionScope.FailWith(Func`1 failReasonFunc)
[xUnit.net 00:00:01.00]            at FluentAssertions.Primitives.StringEqualityValidator.ValidateAgainstLengthDifferences()
[xUnit.net 00:00:01.00]            at FluentAssertions.Primitives.StringValidator.Validate()
[xUnit.net 00:00:01.00]            at FluentAssertions.Primitives.StringAssertions`1.Be(String expected, String because, Object[] becauseArgs)
[xUnit.net 00:00:01.00]         /Users/santibraida/Workspace/comprobantes/FileContentRenamer.Tests/Services/DateExtractorEnhancedTests.cs(85,0): at FileContentRenamer.Tests.Services.DateExtractorEnhancedTests.ExtractDateFromContent_WithEnglishMonthNames_ShouldExtractCorrectDate(String content, String expected)
[xUnit.net 00:00:01.00]            at InvokeStub_DateExtractorEnhancedTests.ExtractDateFromContent_WithEnglishMonthNames_ShouldExtractCorrectDate(Object, Span`1)
[xUnit.net 00:00:01.00]            at System.Reflection.MethodBaseInvoker.InvokeWithFewArgs(Object obj, BindingFlags invokeAttr, Binder binder, Object[] parameters, CultureInfo culture)
[xUnit.net 00:00:01.00]       Expected result to be "" with a length of 0, but "2023-12-32" has a length of 10, differs near "202" (index 0).
[xUnit.net 00:00:01.00]       Stack Trace:
[xUnit.net 00:00:01.00]            at FluentAssertions.Execution.XUnit2TestFramework.Throw(String message)
[xUnit.net 00:00:01.00]            at FluentAssertions.Execution.TestFrameworkProvider.Throw(String message)
[xUnit.net 00:00:01.00]            at FluentAssertions.Execution.DefaultAssertionStrategy.HandleFailure(String message)
[xUnit.net 00:00:01.00]            at FluentAssertions.Execution.AssertionScope.FailWith(Func`1 failReasonFunc)
[xUnit.net 00:00:01.00]            at FluentAssertions.Execution.AssertionScope.FailWith(Func`1 failReasonFunc)
[xUnit.net 00:00:01.00]            at FluentAssertions.Primitives.StringEqualityValidator.ValidateAgainstLengthDifferences()
[xUnit.net 00:00:01.00]            at FluentAssertions.Primitives.StringValidator.Validate()
[xUnit.net 00:00:01.00]            at FluentAssertions.Primitives.StringAssertions`1.Be(String expected, String because, Object[] becauseArgs)
[xUnit.net 00:00:01.00]         /Users/santibraida/Workspace/comprobantes/FileContentRenamer.Tests/Services/DateExtractorAdditionalTests.cs(33,0): at FileContentRenamer.Tests.Services.DateExtractorAdditionalTests.ExtractDateFromContent_WithVariousFormats_ShouldReturnCorrectDate(String content, String expected)
[xUnit.net 00:00:01.00]            at InvokeStub_DateExtractorAdditionalTests.ExtractDateFromContent_WithVariousFormats_ShouldReturnCorrectDate(Object, Span`1)
[xUnit.net 00:00:01.00]            at System.Reflection.MethodBaseInvoker.InvokeWithFewArgs(Object obj, BindingFlags invokeAttr, Binder binder, Object[] parameters, CultureInfo culture)
[xUnit.net 00:00:01.00]       Expected result to be "2024-10-22" with a length of 10, but "" has a length of 0, differs near "" (index 0).
[xUnit.net 00:00:01.00]       Stack Trace:
[xUnit.net 00:00:01.00]            at FluentAssertions.Execution.XUnit2TestFramework.Throw(String message)
[xUnit.net 00:00:01.00]            at FluentAssertions.Execution.TestFrameworkProvider.Throw(String message)
[xUnit.net 00:00:01.00]            at FluentAssertions.Execution.DefaultAssertionStrategy.HandleFailure(String message)
[xUnit.net 00:00:01.00]            at FluentAssertions.Execution.AssertionScope.FailWith(Func`1 failReasonFunc)
[xUnit.net 00:00:01.00]            at FluentAssertions.Execution.AssertionScope.FailWith(Func`1 failReasonFunc)
[xUnit.net 00:00:01.00]            at FluentAssertions.Primitives.StringEqualityValidator.ValidateAgainstLengthDifferences()
[xUnit.net 00:00:01.00]            at FluentAssertions.Primitives.StringValidator.Validate()
[xUnit.net 00:00:01.00]            at FluentAssertions.Primitives.StringAssertions`1.Be(String expected, String because, Object[] becauseArgs)
[xUnit.net 00:00:01.00]         /Users/santibraida/Workspace/comprobantes/FileContentRenamer.Tests/Services/DateExtractorEnhancedTests.cs(85,0): at FileContentRenamer.Tests.Services.DateExtractorEnhancedTests.ExtractDateFromContent_WithEnglishMonthNames_ShouldExtractCorrectDate(String content, String expected)
[xUnit.net 00:00:01.00]            at InvokeStub_DateExtractorEnhancedTests.ExtractDateFromContent_WithEnglishMonthNames_ShouldExtractCorrectDate(Object, Span`1)
[xUnit.net 00:00:01.00]            at System.Reflection.MethodBaseInvoker.InvokeWithFewArgs(Object obj, BindingFlags invokeAttr, Binder binder, Object[] parameters, CultureInfo culture)
[xUnit.net 00:00:01.01]       Expected result to be "2024-09-18" with a length of 10, but "" has a length of 0, differs near "" (index 0).
[xUnit.net 00:00:01.01]       Stack Trace:
[xUnit.net 00:00:01.01]            at FluentAssertions.Execution.XUnit2TestFramework.Throw(String message)
[xUnit.net 00:00:01.01]            at FluentAssertions.Execution.TestFrameworkProvider.Throw(String message)
[xUnit.net 00:00:01.01]            at FluentAssertions.Execution.DefaultAssertionStrategy.HandleFailure(String message)
[xUnit.net 00:00:01.01]            at FluentAssertions.Execution.AssertionScope.FailWith(Func`1 failReasonFunc)
[xUnit.net 00:00:01.01]            at FluentAssertions.Execution.AssertionScope.FailWith(Func`1 failReasonFunc)
[xUnit.net 00:00:01.01]            at FluentAssertions.Primitives.StringEqualityValidator.ValidateAgainstLengthDifferences()
[xUnit.net 00:00:01.01]            at FluentAssertions.Primitives.StringValidator.Validate()
[xUnit.net 00:00:01.01]            at FluentAssertions.Primitives.StringAssertions`1.Be(String expected, String because, Object[] becauseArgs)
[xUnit.net 00:00:01.01]         /Users/santibraida/Workspace/comprobantes/FileContentRenamer.Tests/Services/DateExtractorEnhancedTests.cs(85,0): at FileContentRenamer.Tests.Services.DateExtractorEnhancedTests.ExtractDateFromContent_WithEnglishMonthNames_ShouldExtractCorrectDate(String content, String expected)
[xUnit.net 00:00:01.01]            at InvokeStub_DateExtractorEnhancedTests.ExtractDateFromContent_WithEnglishMonthNames_ShouldExtractCorrectDate(Object, Span`1)
[xUnit.net 00:00:01.01]            at System.Reflection.MethodBaseInvoker.InvokeWithFewArgs(Object obj, BindingFlags invokeAttr, Binder binder, Object[] parameters, CultureInfo culture)
[xUnit.net 00:00:01.01]       Expected result to be "2024-04-20" with a length of 10, but "" has a length of 0, differs near "" (index 0).
[xUnit.net 00:00:01.01]       Stack Trace:
[xUnit.net 00:00:01.01]            at FluentAssertions.Execution.XUnit2TestFramework.Throw(String message)
[xUnit.net 00:00:01.01]            at FluentAssertions.Execution.TestFrameworkProvider.Throw(String message)
[xUnit.net 00:00:01.01]            at FluentAssertions.Execution.DefaultAssertionStrategy.HandleFailure(String message)
[xUnit.net 00:00:01.01]            at FluentAssertions.Execution.AssertionScope.FailWith(Func`1 failReasonFunc)
[xUnit.net 00:00:01.01]            at FluentAssertions.Execution.AssertionScope.FailWith(Func`1 failReasonFunc)
[xUnit.net 00:00:01.01]            at FluentAssertions.Primitives.StringEqualityValidator.ValidateAgainstLengthDifferences()
[xUnit.net 00:00:01.01]            at FluentAssertions.Primitives.StringValidator.Validate()
[xUnit.net 00:00:01.01]            at FluentAssertions.Primitives.StringAssertions`1.Be(String expected, String because, Object[] becauseArgs)
[xUnit.net 00:00:01.01]         /Users/santibraida/Workspace/comprobantes/FileContentRenamer.Tests/Services/DateExtractorEnhancedTests.cs(85,0): at FileContentRenamer.Tests.Services.DateExtractorEnhancedTests.ExtractDateFromContent_WithEnglishMonthNames_ShouldExtractCorrectDate(String content, String expected)
[xUnit.net 00:00:01.01]            at InvokeStub_DateExtractorEnhancedTests.ExtractDateFromContent_WithEnglishMonthNames_ShouldExtractCorrectDate(Object, Span`1)
[xUnit.net 00:00:01.01]            at System.Reflection.MethodBaseInvoker.InvokeWithFewArgs(Object obj, BindingFlags invokeAttr, Binder binder, Object[] parameters, CultureInfo culture)
[xUnit.net 00:00:01.01]       Expected result to be "2024-05-10" with a length of 10, but "" has a length of 0, differs near "" (index 0).
[xUnit.net 00:00:01.01]       Stack Trace:
[xUnit.net 00:00:01.01]            at FluentAssertions.Execution.XUnit2TestFramework.Throw(String message)
[xUnit.net 00:00:01.01]            at FluentAssertions.Execution.TestFrameworkProvider.Throw(String message)
[xUnit.net 00:00:01.01]            at FluentAssertions.Execution.DefaultAssertionStrategy.HandleFailure(String message)
[xUnit.net 00:00:01.01]            at FluentAssertions.Execution.AssertionScope.FailWith(Func`1 failReasonFunc)
[xUnit.net 00:00:01.01]            at FluentAssertions.Execution.AssertionScope.FailWith(Func`1 failReasonFunc)
[xUnit.net 00:00:01.01]            at FluentAssertions.Primitives.StringEqualityValidator.ValidateAgainstLengthDifferences()
[xUnit.net 00:00:01.01]            at FluentAssertions.Primitives.StringValidator.Validate()
[xUnit.net 00:00:01.01]            at FluentAssertions.Primitives.StringAssertions`1.Be(String expected, String because, Object[] becauseArgs)
[xUnit.net 00:00:01.01]         /Users/santibraida/Workspace/comprobantes/FileContentRenamer.Tests/Services/DateExtractorEnhancedTests.cs(85,0): at FileContentRenamer.Tests.Services.DateExtractorEnhancedTests.ExtractDateFromContent_WithEnglishMonthNames_ShouldExtractCorrectDate(String content, String expected)
[xUnit.net 00:00:01.01]            at InvokeStub_DateExtractorEnhancedTests.ExtractDateFromContent_WithEnglishMonthNames_ShouldExtractCorrectDate(Object, Span`1)
[xUnit.net 00:00:01.01]            at System.Reflection.MethodBaseInvoker.InvokeWithFewArgs(Object obj, BindingFlags invokeAttr, Binder binder, Object[] parameters, CultureInfo culture)
[xUnit.net 00:00:01.01]       Expected result to be "2024-08-12" with a length of 10, but "" has a length of 0, differs near "" (index 0).
[xUnit.net 00:00:01.01]       Stack Trace:
[xUnit.net 00:00:01.01]            at FluentAssertions.Execution.XUnit2TestFramework.Throw(String message)
[xUnit.net 00:00:01.01]            at FluentAssertions.Execution.TestFrameworkProvider.Throw(String message)
[xUnit.net 00:00:01.01]            at FluentAssertions.Execution.DefaultAssertionStrategy.HandleFailure(String message)
[xUnit.net 00:00:01.01]            at FluentAssertions.Execution.AssertionScope.FailWith(Func`1 failReasonFunc)
[xUnit.net 00:00:01.01]            at FluentAssertions.Execution.AssertionScope.FailWith(Func`1 failReasonFunc)
[xUnit.net 00:00:01.01]            at FluentAssertions.Primitives.StringEqualityValidator.ValidateAgainstLengthDifferences()
[xUnit.net 00:00:01.01]            at FluentAssertions.Primitives.StringValidator.Validate()
[xUnit.net 00:00:01.01]            at FluentAssertions.Primitives.StringAssertions`1.Be(String expected, String because, Object[] becauseArgs)
[xUnit.net 00:00:01.01]         /Users/santibraida/Workspace/comprobantes/FileContentRenamer.Tests/Services/DateExtractorEnhancedTests.cs(85,0): at FileContentRenamer.Tests.Services.DateExtractorEnhancedTests.ExtractDateFromContent_WithEnglishMonthNames_ShouldExtractCorrectDate(String content, String expected)
[xUnit.net 00:00:01.01]            at InvokeStub_DateExtractorEnhancedTests.ExtractDateFromContent_WithEnglishMonthNames_ShouldExtractCorrectDate(Object, Span`1)
[xUnit.net 00:00:01.01]            at System.Reflection.MethodBaseInvoker.InvokeWithFewArgs(Object obj, BindingFlags invokeAttr, Binder binder, Object[] parameters, CultureInfo culture)
[xUnit.net 00:00:01.01]       Expected result to be "2024-06-05" with a length of 10, but "" has a length of 0, differs near "" (index 0).
[xUnit.net 00:00:01.01]       Stack Trace:
[xUnit.net 00:00:01.01]            at FluentAssertions.Execution.XUnit2TestFramework.Throw(String message)
[xUnit.net 00:00:01.01]            at FluentAssertions.Execution.TestFrameworkProvider.Throw(String message)
[xUnit.net 00:00:01.01]            at FluentAssertions.Execution.DefaultAssertionStrategy.HandleFailure(String message)
[xUnit.net 00:00:01.01]            at FluentAssertions.Execution.AssertionScope.FailWith(Func`1 failReasonFunc)
[xUnit.net 00:00:01.01]            at FluentAssertions.Execution.AssertionScope.FailWith(Func`1 failReasonFunc)
[xUnit.net 00:00:01.01]            at FluentAssertions.Primitives.StringEqualityValidator.ValidateAgainstLengthDifferences()
[xUnit.net 00:00:01.01]            at FluentAssertions.Primitives.StringValidator.Validate()
[xUnit.net 00:00:01.01]            at FluentAssertions.Primitives.StringAssertions`1.Be(String expected, String because, Object[] becauseArgs)
[xUnit.net 00:00:01.01]         /Users/santibraida/Workspace/comprobantes/FileContentRenamer.Tests/Services/DateExtractorEnhancedTests.cs(85,0): at FileContentRenamer.Tests.Services.DateExtractorEnhancedTests.ExtractDateFromContent_WithEnglishMonthNames_ShouldExtractCorrectDate(String content, String expected)
[xUnit.net 00:00:01.01]            at InvokeStub_DateExtractorEnhancedTests.ExtractDateFromContent_WithEnglishMonthNames_ShouldExtractCorrectDate(Object, Span`1)
[xUnit.net 00:00:01.01]            at System.Reflection.MethodBaseInvoker.InvokeWithFewArgs(Object obj, BindingFlags invokeAttr, Binder binder, Object[] parameters, CultureInfo culture)
[xUnit.net 00:00:01.03]       Expected result to be "2023-01-15" with a length of 10, but "" has a length of 0, differs near "" (index 0).
[xUnit.net 00:00:01.03]       Stack Trace:
[xUnit.net 00:00:01.03]            at FluentAssertions.Execution.XUnit2TestFramework.Throw(String message)
[xUnit.net 00:00:01.03]            at FluentAssertions.Execution.TestFrameworkProvider.Throw(String message)
[xUnit.net 00:00:01.03]            at FluentAssertions.Execution.DefaultAssertionStrategy.HandleFailure(String message)
[xUnit.net 00:00:01.03]            at FluentAssertions.Execution.AssertionScope.FailWith(Func`1 failReasonFunc)
[xUnit.net 00:00:01.03]            at FluentAssertions.Execution.AssertionScope.FailWith(Func`1 failReasonFunc)
[xUnit.net 00:00:01.03]            at FluentAssertions.Primitives.StringEqualityValidator.ValidateAgainstLengthDifferences()
[xUnit.net 00:00:01.03]            at FluentAssertions.Primitives.StringValidator.Validate()
[xUnit.net 00:00:01.03]            at FluentAssertions.Primitives.StringAssertions`1.Be(String expected, String because, Object[] becauseArgs)
[xUnit.net 00:00:01.03]         /Users/santibraida/Workspace/comprobantes/FileContentRenamer.Tests/Services/DateExtractorEnhancedTests.cs(85,0): at FileContentRenamer.Tests.Services.DateExtractorEnhancedTests.ExtractDateFromContent_WithEnglishMonthNames_ShouldExtractCorrectDate(String content, String expected)
[xUnit.net 00:00:01.03]            at InvokeStub_DateExtractorEnhancedTests.ExtractDateFromContent_WithEnglishMonthNames_ShouldExtractCorrectDate(Object, Span`1)
[xUnit.net 00:00:01.03]            at System.Reflection.MethodBaseInvoker.InvokeWithFewArgs(Object obj, BindingFlags invokeAttr, Binder binder, Object[] parameters, CultureInfo culture)
[xUnit.net 00:00:01.05]       Expected result to be "2024-03-15" with a length of 10, but "" has a length of 0, differs near "" (index 0).
[xUnit.net 00:00:01.05]       Stack Trace:
[xUnit.net 00:00:01.05]            at FluentAssertions.Execution.XUnit2TestFramework.Throw(String message)
[xUnit.net 00:00:01.05]            at FluentAssertions.Execution.TestFrameworkProvider.Throw(String message)
[xUnit.net 00:00:01.05]            at FluentAssertions.Execution.DefaultAssertionStrategy.HandleFailure(String message)
[xUnit.net 00:00:01.05]            at FluentAssertions.Execution.AssertionScope.FailWith(Func`1 failReasonFunc)
[xUnit.net 00:00:01.05]            at FluentAssertions.Execution.AssertionScope.FailWith(Func`1 failReasonFunc)
[xUnit.net 00:00:01.05]            at FluentAssertions.Primitives.StringEqualityValidator.ValidateAgainstLengthDifferences()
[xUnit.net 00:00:01.05]            at FluentAssertions.Primitives.StringValidator.Validate()
[xUnit.net 00:00:01.05]            at FluentAssertions.Primitives.StringAssertions`1.Be(String expected, String because, Object[] becauseArgs)
[xUnit.net 00:00:01.05]         /Users/santibraida/Workspace/comprobantes/FileContentRenamer.Tests/Services/DateExtractorEnhancedTests.cs(85,0): at FileContentRenamer.Tests.Services.DateExtractorEnhancedTests.ExtractDateFromContent_WithEnglishMonthNames_ShouldExtractCorrectDate(String content, String expected)
[xUnit.net 00:00:01.05]            at InvokeStub_DateExtractorEnhancedTests.ExtractDateFromContent_WithEnglishMonthNames_ShouldExtractCorrectDate(Object, Span`1)
[xUnit.net 00:00:01.05]            at System.Reflection.MethodBaseInvoker.InvokeWithFewArgs(Object obj, BindingFlags invokeAttr, Binder binder, Object[] parameters, CultureInfo culture)
[xUnit.net 00:00:01.05]       Expected result to be "2023-02-28" with a length of 10, but "" has a length of 0, differs near "" (index 0).
[xUnit.net 00:00:01.05]       Stack Trace:
[xUnit.net 00:00:01.05]            at FluentAssertions.Execution.XUnit2TestFramework.Throw(String message)
[xUnit.net 00:00:01.05]            at FluentAssertions.Execution.TestFrameworkProvider.Throw(String message)
[xUnit.net 00:00:01.05]            at FluentAssertions.Execution.DefaultAssertionStrategy.HandleFailure(String message)
[xUnit.net 00:00:01.05]            at FluentAssertions.Execution.AssertionScope.FailWith(Func`1 failReasonFunc)
[xUnit.net 00:00:01.05]            at FluentAssertions.Execution.AssertionScope.FailWith(Func`1 failReasonFunc)
[xUnit.net 00:00:01.05]            at FluentAssertions.Primitives.StringEqualityValidator.ValidateAgainstLengthDifferences()
[xUnit.net 00:00:01.05]            at FluentAssertions.Primitives.StringValidator.Validate()
[xUnit.net 00:00:01.05]            at FluentAssertions.Primitives.StringAssertions`1.Be(String expected, String because, Object[] becauseArgs)
[xUnit.net 00:00:01.05]         /Users/santibraida/Workspace/comprobantes/FileContentRenamer.Tests/Services/DateExtractorEnhancedTests.cs(85,0): at FileContentRenamer.Tests.Services.DateExtractorEnhancedTests.ExtractDateFromContent_WithEnglishMonthNames_ShouldExtractCorrectDate(String content, String expected)
[xUnit.net 00:00:01.05]            at InvokeStub_DateExtractorEnhancedTests.ExtractDateFromContent_WithEnglishMonthNames_ShouldExtractCorrectDate(Object, Span`1)
[xUnit.net 00:00:01.05]            at System.Reflection.MethodBaseInvoker.InvokeWithFewArgs(Object obj, BindingFlags invokeAttr, Binder binder, Object[] parameters, CultureInfo culture)
[xUnit.net 00:00:01.05]       Expected result to be empty, but found "2023-01-32".
[xUnit.net 00:00:01.05]       Stack Trace:
[xUnit.net 00:00:01.05]            at FluentAssertions.Execution.XUnit2TestFramework.Throw(String message)
[xUnit.net 00:00:01.05]            at FluentAssertions.Execution.TestFrameworkProvider.Throw(String message)
[xUnit.net 00:00:01.05]            at FluentAssertions.Execution.DefaultAssertionStrategy.HandleFailure(String message)
[xUnit.net 00:00:01.05]            at FluentAssertions.Execution.AssertionScope.FailWith(Func`1 failReasonFunc)
[xUnit.net 00:00:01.05]            at FluentAssertions.Execution.AssertionScope.FailWith(Func`1 failReasonFunc)
[xUnit.net 00:00:01.05]            at FluentAssertions.Execution.AssertionScope.FailWith(String message, Object[] args)
[xUnit.net 00:00:01.05]            at FluentAssertions.Primitives.StringAssertions`1.BeEmpty(String because, Object[] becauseArgs)
[xUnit.net 00:00:01.05]         /Users/santibraida/Workspace/comprobantes/FileContentRenamer.Tests/Services/DateExtractorEnhancedTests.cs(144,0): at FileContentRenamer.Tests.Services.DateExtractorEnhancedTests.ExtractDateFromContent_WithInvalidDates_ShouldReturnEmptyString(String content)
[xUnit.net 00:00:01.05]            at System.RuntimeMethodHandle.InvokeMethod(Object target, Void** arguments, Signature sig, Boolean isConstructor)
[xUnit.net 00:00:01.05]            at System.Reflection.MethodBaseInvoker.InvokeDirectByRefWithFewArgs(Object obj, Span`1 copyOfArgs, BindingFlags invokeAttr)
[xUnit.net 00:00:01.05]       Expected result to be empty, but found "2023-01-32".
[xUnit.net 00:00:01.05]       Stack Trace:
[xUnit.net 00:00:01.05]            at FluentAssertions.Execution.XUnit2TestFramework.Throw(String message)
[xUnit.net 00:00:01.05]            at FluentAssertions.Execution.TestFrameworkProvider.Throw(String message)
[xUnit.net 00:00:01.05]            at FluentAssertions.Execution.DefaultAssertionStrategy.HandleFailure(String message)
[xUnit.net 00:00:01.05]            at FluentAssertions.Execution.AssertionScope.FailWith(Func`1 failReasonFunc)
[xUnit.net 00:00:01.05]            at FluentAssertions.Execution.AssertionScope.FailWith(Func`1 failReasonFunc)
[xUnit.net 00:00:01.05]            at FluentAssertions.Execution.AssertionScope.FailWith(String message, Object[] args)
[xUnit.net 00:00:01.05]            at FluentAssertions.Primitives.StringAssertions`1.BeEmpty(String because, Object[] becauseArgs)
[xUnit.net 00:00:01.05]         /Users/santibraida/Workspace/comprobantes/FileContentRenamer.Tests/Services/DateExtractorEnhancedTests.cs(144,0): at FileContentRenamer.Tests.Services.DateExtractorEnhancedTests.ExtractDateFromContent_WithInvalidDates_ShouldReturnEmptyString(String content)
[xUnit.net 00:00:01.05]            at InvokeStub_DateExtractorEnhancedTests.ExtractDateFromContent_WithInvalidDates_ShouldReturnEmptyString(Object, Span`1)
[xUnit.net 00:00:01.05]            at System.Reflection.MethodBaseInvoker.InvokeWithOneArg(Object obj, BindingFlags invokeAttr, Binder binder, Object[] parameters, CultureInfo culture)
[xUnit.net 00:00:01.05]       Expected result to be empty, but found "2023-13-01".
[xUnit.net 00:00:01.05]       Stack Trace:
[xUnit.net 00:00:01.05]            at FluentAssertions.Execution.XUnit2TestFramework.Throw(String message)
[xUnit.net 00:00:01.05]            at FluentAssertions.Execution.TestFrameworkProvider.Throw(String message)
[xUnit.net 00:00:01.05]            at FluentAssertions.Execution.DefaultAssertionStrategy.HandleFailure(String message)
[xUnit.net 00:00:01.05]            at FluentAssertions.Execution.AssertionScope.FailWith(Func`1 failReasonFunc)
[xUnit.net 00:00:01.05]            at FluentAssertions.Execution.AssertionScope.FailWith(Func`1 failReasonFunc)
[xUnit.net 00:00:01.05]            at FluentAssertions.Execution.AssertionScope.FailWith(String message, Object[] args)
[xUnit.net 00:00:01.05]            at FluentAssertions.Primitives.StringAssertions`1.BeEmpty(String because, Object[] becauseArgs)
[xUnit.net 00:00:01.05]         /Users/santibraida/Workspace/comprobantes/FileContentRenamer.Tests/Services/DateExtractorEnhancedTests.cs(144,0): at FileContentRenamer.Tests.Services.DateExtractorEnhancedTests.ExtractDateFromContent_WithInvalidDates_ShouldReturnEmptyString(String content)
[xUnit.net 00:00:01.05]            at InvokeStub_DateExtractorEnhancedTests.ExtractDateFromContent_WithInvalidDates_ShouldReturnEmptyString(Object, Span`1)
[xUnit.net 00:00:01.05]            at System.Reflection.MethodBaseInvoker.InvokeWithOneArg(Object obj, BindingFlags invokeAttr, Binder binder, Object[] parameters, CultureInfo culture)
[xUnit.net 00:00:01.05]       Expected result to be empty, but found "2023-02-30".
[xUnit.net 00:00:01.05]       Stack Trace:
[xUnit.net 00:00:01.05]            at FluentAssertions.Execution.XUnit2TestFramework.Throw(String message)
[xUnit.net 00:00:01.05]            at FluentAssertions.Execution.TestFrameworkProvider.Throw(String message)
[xUnit.net 00:00:01.05]            at FluentAssertions.Execution.DefaultAssertionStrategy.HandleFailure(String message)
[xUnit.net 00:00:01.05]            at FluentAssertions.Execution.AssertionScope.FailWith(Func`1 failReasonFunc)
[xUnit.net 00:00:01.05]            at FluentAssertions.Execution.AssertionScope.FailWith(Func`1 failReasonFunc)
[xUnit.net 00:00:01.05]            at FluentAssertions.Execution.AssertionScope.FailWith(String message, Object[] args)
[xUnit.net 00:00:01.05]            at FluentAssertions.Primitives.StringAssertions`1.BeEmpty(String because, Object[] becauseArgs)
[xUnit.net 00:00:01.05]         /Users/santibraida/Workspace/comprobantes/FileContentRenamer.Tests/Services/DateExtractorEnhancedTests.cs(144,0): at FileContentRenamer.Tests.Services.DateExtractorEnhancedTests.ExtractDateFromContent_WithInvalidDates_ShouldReturnEmptyString(String content)
[xUnit.net 00:00:01.05]            at InvokeStub_DateExtractorEnhancedTests.ExtractDateFromContent_WithInvalidDates_ShouldReturnEmptyString(Object, Span`1)
[xUnit.net 00:00:01.05]            at System.Reflection.MethodBaseInvoker.InvokeWithOneArg(Object obj, BindingFlags invokeAttr, Binder binder, Object[] parameters, CultureInfo culture)
[xUnit.net 00:00:01.06]       Expected result to be empty, but found "2023-00-15".
[xUnit.net 00:00:01.06]       Stack Trace:
[xUnit.net 00:00:01.06]            at FluentAssertions.Execution.XUnit2TestFramework.Throw(String message)
[xUnit.net 00:00:01.06]            at FluentAssertions.Execution.TestFrameworkProvider.Throw(String message)
[xUnit.net 00:00:01.06]            at FluentAssertions.Execution.DefaultAssertionStrategy.HandleFailure(String message)
[xUnit.net 00:00:01.06]            at FluentAssertions.Execution.AssertionScope.FailWith(Func`1 failReasonFunc)
[xUnit.net 00:00:01.06]            at FluentAssertions.Execution.AssertionScope.FailWith(Func`1 failReasonFunc)
[xUnit.net 00:00:01.06]            at FluentAssertions.Execution.AssertionScope.FailWith(String message, Object[] args)
[xUnit.net 00:00:01.06]            at FluentAssertions.Primitives.StringAssertions`1.BeEmpty(String because, Object[] becauseArgs)
[xUnit.net 00:00:01.06]         /Users/santibraida/Workspace/comprobantes/FileContentRenamer.Tests/Services/DateExtractorEnhancedTests.cs(144,0): at FileContentRenamer.Tests.Services.DateExtractorEnhancedTests.ExtractDateFromContent_WithInvalidDates_ShouldReturnEmptyString(String content)
[xUnit.net 00:00:01.06]            at InvokeStub_DateExtractorEnhancedTests.ExtractDateFromContent_WithInvalidDates_ShouldReturnEmptyString(Object, Span`1)
[xUnit.net 00:00:01.06]            at System.Reflection.MethodBaseInvoker.InvokeWithOneArg(Object obj, BindingFlags invokeAttr, Binder binder, Object[] parameters, CultureInfo culture)
[xUnit.net 00:00:01.06]       Expected result to be empty, but found "2023-13-15".
[xUnit.net 00:00:01.06]       Stack Trace:
[xUnit.net 00:00:01.06]            at FluentAssertions.Execution.XUnit2TestFramework.Throw(String message)
[xUnit.net 00:00:01.06]            at FluentAssertions.Execution.TestFrameworkProvider.Throw(String message)
[xUnit.net 00:00:01.06]            at FluentAssertions.Execution.DefaultAssertionStrategy.HandleFailure(String message)
[xUnit.net 00:00:01.06]            at FluentAssertions.Execution.AssertionScope.FailWith(Func`1 failReasonFunc)
[xUnit.net 00:00:01.06]            at FluentAssertions.Execution.AssertionScope.FailWith(Func`1 failReasonFunc)
[xUnit.net 00:00:01.06]            at FluentAssertions.Execution.AssertionScope.FailWith(String message, Object[] args)
[xUnit.net 00:00:01.06]            at FluentAssertions.Primitives.StringAssertions`1.BeEmpty(String because, Object[] becauseArgs)
[xUnit.net 00:00:01.06]         /Users/santibraida/Workspace/comprobantes/FileContentRenamer.Tests/Services/DateExtractorEnhancedTests.cs(144,0): at FileContentRenamer.Tests.Services.DateExtractorEnhancedTests.ExtractDateFromContent_WithInvalidDates_ShouldReturnEmptyString(String content)
[xUnit.net 00:00:01.06]            at InvokeStub_DateExtractorEnhancedTests.ExtractDateFromContent_WithInvalidDates_ShouldReturnEmptyString(Object, Span`1)
[xUnit.net 00:00:01.06]            at System.Reflection.MethodBaseInvoker.InvokeWithOneArg(Object obj, BindingFlags invokeAttr, Binder binder, Object[] parameters, CultureInfo culture)
[xUnit.net 00:00:01.06]       Expected result to be "2023-01-15" with a length of 10, but "" has a length of 0, differs near "" (index 0).
[xUnit.net 00:00:01.06]       Stack Trace:
[xUnit.net 00:00:01.06]            at FluentAssertions.Execution.XUnit2TestFramework.Throw(String message)
[xUnit.net 00:00:01.06]            at FluentAssertions.Execution.TestFrameworkProvider.Throw(String message)
[xUnit.net 00:00:01.06]            at FluentAssertions.Execution.DefaultAssertionStrategy.HandleFailure(String message)
[xUnit.net 00:00:01.06]            at FluentAssertions.Execution.AssertionScope.FailWith(Func`1 failReasonFunc)
[xUnit.net 00:00:01.06]            at FluentAssertions.Execution.AssertionScope.FailWith(Func`1 failReasonFunc)
[xUnit.net 00:00:01.06]            at FluentAssertions.Primitives.StringEqualityValidator.ValidateAgainstLengthDifferences()
[xUnit.net 00:00:01.06]            at FluentAssertions.Primitives.StringValidator.Validate()
[xUnit.net 00:00:01.06]            at FluentAssertions.Primitives.StringAssertions`1.Be(String expected, String because, Object[] becauseArgs)
[xUnit.net 00:00:01.06]         /Users/santibraida/Workspace/comprobantes/FileContentRenamer.Tests/Services/DateExtractorEnhancedTests.cs(100,0): at FileContentRenamer.Tests.Services.DateExtractorEnhancedTests.ExtractDateFromContent_WithContextualDateFormats_ShouldExtractFirstValidDate(String content)
[xUnit.net 00:00:01.06]            at InvokeStub_DateExtractorEnhancedTests.ExtractDateFromContent_WithContextualDateFormats_ShouldExtractFirstValidDate(Object, Span`1)
[xUnit.net 00:00:01.06]            at System.Reflection.MethodBaseInvoker.InvokeWithOneArg(Object obj, BindingFlags invokeAttr, Binder binder, Object[] parameters, CultureInfo culture)
[xUnit.net 00:00:01.08]       Expected result.LastUsedPath to be "/var/folders/x1/bt0l1hlj3xxfgmlll69gmfr40000gn/T/8640c7ae-79dd-4468-9bd6-ca8c89b66d89" with a length of 85, but "" has a length of 0, differs near "" (index 0).
[xUnit.net 00:00:01.08]       Stack Trace:
[xUnit.net 00:00:01.08]            at FluentAssertions.Execution.XUnit2TestFramework.Throw(String message)
[xUnit.net 00:00:01.08]            at FluentAssertions.Execution.TestFrameworkProvider.Throw(String message)
[xUnit.net 00:00:01.08]            at FluentAssertions.Execution.DefaultAssertionStrategy.HandleFailure(String message)
[xUnit.net 00:00:01.08]            at FluentAssertions.Execution.AssertionScope.FailWith(Func`1 failReasonFunc)
[xUnit.net 00:00:01.08]            at FluentAssertions.Execution.AssertionScope.FailWith(Func`1 failReasonFunc)
[xUnit.net 00:00:01.08]            at FluentAssertions.Primitives.StringEqualityValidator.ValidateAgainstLengthDifferences()
[xUnit.net 00:00:01.08]            at FluentAssertions.Primitives.StringValidator.Validate()
[xUnit.net 00:00:01.08]            at FluentAssertions.Primitives.StringAssertions`1.Be(String expected, String because, Object[] becauseArgs)
[xUnit.net 00:00:01.08]         /Users/santibraida/Workspace/comprobantes/FileContentRenamer.Tests/Models/AppConfigTests.cs(94,0): at FileContentRenamer.Tests.Models.AppConfigTests.LoadFromConfiguration_WithValidConfigFile_ShouldLoadCorrectly()
[xUnit.net 00:00:01.08]            at System.RuntimeMethodHandle.InvokeMethod(Object target, Void** arguments, Signature sig, Boolean isConstructor)
[xUnit.net 00:00:01.08]            at System.Reflection.MethodBaseInvoker.InvokeWithNoArgs(Object obj, BindingFlags invokeAttr)
[xUnit.net 00:00:01.20]       Expected a &lt;System.Exception&gt; to be thrown, but no exception was thrown.
[xUnit.net 00:00:01.20]       Stack Trace:
[xUnit.net 00:00:01.20]            at FluentAssertions.Execution.XUnit2TestFramework.Throw(String message)
[xUnit.net 00:00:01.20]            at FluentAssertions.Execution.TestFrameworkProvider.Throw(String message)
[xUnit.net 00:00:01.20]            at FluentAssertions.Execution.DefaultAssertionStrategy.HandleFailure(String message)
[xUnit.net 00:00:01.20]            at FluentAssertions.Execution.AssertionScope.FailWith(Func`1 failReasonFunc)
[xUnit.net 00:00:01.20]            at FluentAssertions.Execution.AssertionScope.FailWith(Func`1 failReasonFunc)
[xUnit.net 00:00:01.20]            at FluentAssertions.Execution.AssertionScope.FailWith(String message)
[xUnit.net 00:00:01.20]            at FluentAssertions.Specialized.DelegateAssertionsBase`2.ThrowInternal[TException](Exception exception, String because, Object[] becauseArgs)
[xUnit.net 00:00:01.20]            at FluentAssertions.Specialized.DelegateAssertions`2.Throw[TException](String because, Object[] becauseArgs)
[xUnit.net 00:00:01.20]         /Users/santibraida/Workspace/comprobantes/FileContentRenamer.Tests/Models/AppConfigTests.cs(141,0): at FileContentRenamer.Tests.Models.AppConfigTests.LoadFromConfiguration_WithInvalidJson_ShouldThrowException()
[xUnit.net 00:00:01.20]            at System.RuntimeMethodHandle.InvokeMethod(Object target, Void** arguments, Signature sig, Boolean isConstructor)
[xUnit.net 00:00:01.20]            at System.Reflection.MethodBaseInvoker.InvokeWithNoArgs(Object obj, BindingFlags invokeAttr)
[xUnit.net 00:00:01.20]       Expected result.ForceReprocessAlreadyNamed to be False, but found True.
[xUnit.net 00:00:01.20]       Stack Trace:
[xUnit.net 00:00:01.20]            at FluentAssertions.Execution.XUnit2TestFramework.Throw(String message)
[xUnit.net 00:00:01.20]            at FluentAssertions.Execution.TestFrameworkProvider.Throw(String message)
[xUnit.net 00:00:01.20]            at FluentAssertions.Execution.DefaultAssertionStrategy.HandleFailure(String message)
[xUnit.net 00:00:01.20]            at FluentAssertions.Execution.AssertionScope.FailWith(Func`1 failReasonFunc)
[xUnit.net 00:00:01.20]            at FluentAssertions.Execution.AssertionScope.FailWith(Func`1 failReasonFunc)
[xUnit.net 00:00:01.20]            at FluentAssertions.Execution.AssertionScope.FailWith(String message, Object[] args)
[xUnit.net 00:00:01.20]            at FluentAssertions.Primitives.BooleanAssertions`1.BeFalse(String because, Object[] becauseArgs)
[xUnit.net 00:00:01.20]         /Users/santibraida/Workspace/comprobantes/FileContentRenamer.Tests/Models/AppConfigTests.cs(196,0): at FileContentRenamer.Tests.Models.AppConfigTests.LoadFromConfiguration_WithPartialConfig_ShouldUseDefaultsForMissingValues()
[xUnit.net 00:00:01.20]            at System.RuntimeMethodHandle.InvokeMethod(Object target, Void** arguments, Signature sig, Boolean isConstructor)
[xUnit.net 00:00:01.20]            at System.Reflection.MethodBaseInvoker.InvokeWithNoArgs(Object obj, BindingFlags invokeAttr)
[xUnit.net 00:00:01.35]       Expected a &lt;System.InvalidOperationException&gt; to be thrown, but no exception was thrown.
[xUnit.net 00:00:01.35]       Stack Trace:
[xUnit.net 00:00:01.35]            at FluentAssertions.Execution.XUnit2TestFramework.Throw(String message)
[xUnit.net 00:00:01.35]            at FluentAssertions.Execution.TestFrameworkProvider.Throw(String message)
[xUnit.net 00:00:01.35]            at FluentAssertions.Execution.DefaultAssertionStrategy.HandleFailure(String message)
[xUnit.net 00:00:01.35]            at FluentAssertions.Execution.AssertionScope.FailWith(Func`1 failReasonFunc)
[xUnit.net 00:00:01.35]            at FluentAssertions.Execution.AssertionScope.FailWith(Func`1 failReasonFunc)
[xUnit.net 00:00:01.35]            at FluentAssertions.Execution.AssertionScope.FailWith(String message)
[xUnit.net 00:00:01.35]            at FluentAssertions.Specialized.DelegateAssertionsBase`2.ThrowInternal[TException](Exception exception, String because, Object[] becauseArgs)
[xUnit.net 00:00:01.35]            at FluentAssertions.Specialized.DelegateAssertions`2.Throw[TException](String because, Object[] becauseArgs)
[xUnit.net 00:00:01.35]         /Users/santibraida/Workspace/comprobantes/FileContentRenamer.Tests/Models/AppConfigTests.cs(161,0): at FileContentRenamer.Tests.Models.AppConfigTests.LoadFromConfiguration_WithEmptyConfig_ShouldThrowException()
[xUnit.net 00:00:01.35]            at System.RuntimeMethodHandle.InvokeMethod(Object target, Void** arguments, Signature sig, Boolean isConstructor)
[xUnit.net 00:00:01.35]            at System.Reflection.MethodBaseInvoker.InvokeWithNoArgs(Object obj, BindingFlags invokeAttr)
[xUnit.net 00:00:01.48]       Expected a &lt;System.InvalidOperationException&gt; to be thrown, but no exception was thrown.
[xUnit.net 00:00:01.48]       Stack Trace:
[xUnit.net 00:00:01.48]            at FluentAssertions.Execution.XUnit2TestFramework.Throw(String message)
[xUnit.net 00:00:01.48]            at FluentAssertions.Execution.TestFrameworkProvider.Throw(String message)
[xUnit.net 00:00:01.48]            at FluentAssertions.Execution.DefaultAssertionStrategy.HandleFailure(String message)
[xUnit.net 00:00:01.48]            at FluentAssertions.Execution.AssertionScope.FailWith(Func`1 failReasonFunc)
[xUnit.net 00:00:01.48]            at FluentAssertions.Execution.AssertionScope.FailWith(Func`1 failReasonFunc)
[xUnit.net 00:00:01.48]            at FluentAssertions.Execution.AssertionScope.FailWith(String message)
[xUnit.net 00:00:01.48]            at FluentAssertions.Specialized.DelegateAssertionsBase`2.ThrowInternal[TException](Exception exception, String because, Object[] becauseArgs)
[xUnit.net 00:00:01.48]            at FluentAssertions.Specialized.DelegateAssertions`2.Throw[TException](String because, Object[] becauseArgs)
[xUnit.net 00:00:01.48]         /Users/santibraida/Workspace/comprobantes/FileContentRenamer.Tests/Models/AppConfigTests.cs(260,0): at FileContentRenamer.Tests.Models.AppConfigTests.LoadFromConfiguration_WithMissingFileExtensions_ShouldThrowException()
[xUnit.net 00:00:01.48]            at System.RuntimeMethodHandle.InvokeMethod(Object target, Void** arguments, Signature sig, Boolean isConstructor)
[xUnit.net 00:00:01.48]            at System.Reflection.MethodBaseInvoker.InvokeWithNoArgs(Object obj, BindingFlags invokeAttr)
[xUnit.net 00:00:02.84]   Finished:    FileContentRenamer.Tests
</StdOut>
    </Output>
    <RunInfos>
      <RunInfo computerName="MacBook-Pro" outcome="Error" timestamp="2025-08-11T23:52:26.9861710-03:00">
        <Text>[xUnit.net 00:00:00.70]     FileContentRenamer.Tests.Services.DirectoryOrganizerAdditionalTests.OrganizeFileIntoDirectoryStructure_WithInvalidDate_ShouldThrowException [FAIL]</Text>
      </RunInfo>
      <RunInfo computerName="MacBook-Pro" outcome="Error" timestamp="2025-08-11T23:52:27.0373960-03:00">
        <Text>[xUnit.net 00:00:00.75]     FileContentRenamer.Tests.Models.AppConfigTests.LoadFromConfiguration_WithMissingConfigFile_ShouldThrowException [FAIL]</Text>
      </RunInfo>
      <RunInfo computerName="MacBook-Pro" outcome="Error" timestamp="2025-08-11T23:52:27.0374200-03:00">
        <Text>[xUnit.net 00:00:00.75]     FileContentRenamer.Tests.Services.DirectoryOrganizerTests.OrganizeFileIntoDirectoryStructure_AlreadyInYearFolder_ShouldMoveToMonthFolder [FAIL]</Text>
      </RunInfo>
      <RunInfo computerName="MacBook-Pro" outcome="Error" timestamp="2025-08-11T23:52:27.0542220-03:00">
        <Text>[xUnit.net 00:00:00.77]     FileContentRenamer.Tests.Services.DateExtractorEnhancedTests.ExtractDateFromContent_WithNoDates_ShouldReturnEmptyString(content: "Invalid date 32/13/2023") [FAIL]</Text>
      </RunInfo>
      <RunInfo computerName="MacBook-Pro" outcome="Error" timestamp="2025-08-11T23:52:27.0576020-03:00">
        <Text>[xUnit.net 00:00:00.77]     FileContentRenamer.Tests.Services.DateExtractorEnhancedTests.ExtractDateFromContent_WithSlashDateFormats_ShouldExtractCorrectDate(content: "fecha 2023/02/28", expected: "2023-02-28") [FAIL]</Text>
      </RunInfo>
      <RunInfo computerName="MacBook-Pro" outcome="Error" timestamp="2025-08-11T23:52:27.0581360-03:00">
        <Text>[xUnit.net 00:00:00.77]     FileContentRenamer.Tests.Services.DateExtractorEnhancedTests.ExtractDateFromContent_WithSlashDateFormats_ShouldExtractCorrectDate(content: "FECHA: 2023/06/30", expected: "2023-06-30") [FAIL]</Text>
      </RunInfo>
      <RunInfo computerName="MacBook-Pro" outcome="Error" timestamp="2025-08-11T23:52:27.0618610-03:00">
        <Text>[xUnit.net 00:00:00.77]     FileContentRenamer.Tests.Services.DateExtractorEnhancedTests.ExtractDateFromContent_WithSlashDateFormats_ShouldExtractCorrectDate(content: "Date: 2023/12/31", expected: "2023-12-31") [FAIL]</Text>
      </RunInfo>
      <RunInfo computerName="MacBook-Pro" outcome="Error" timestamp="2025-08-11T23:52:27.0622540-03:00">
        <Text>[xUnit.net 00:00:00.77]     FileContentRenamer.Tests.Services.DateExtractorEnhancedTests.ExtractDateFromContent_WithSlashDateFormats_ShouldExtractCorrectDate(content: "Fecha: 2023/01/15", expected: "2023-01-15") [FAIL]</Text>
      </RunInfo>
      <RunInfo computerName="MacBook-Pro" outcome="Error" timestamp="2025-08-11T23:52:27.0644570-03:00">
        <Text>[xUnit.net 00:00:00.78]     FileContentRenamer.Tests.Services.FilenameGeneratorTests.GenerateUniqueFilename_ThreadSafety_ShouldHandleConcurrentCalls [FAIL]</Text>
      </RunInfo>
      <RunInfo computerName="MacBook-Pro" outcome="Error" timestamp="2025-08-11T23:52:27.2590290-03:00">
        <Text>[xUnit.net 00:00:00.97]     FileContentRenamer.Tests.Services.DateExtractorEnhancedTests.ExtractDateFromContent_WithEnglishMonthNames_ShouldExtractCorrectDate(content: "November 08, 2024", expected: "2024-11-08") [FAIL]</Text>
      </RunInfo>
      <RunInfo computerName="MacBook-Pro" outcome="Error" timestamp="2025-08-11T23:52:27.2608880-03:00">
        <Text>[xUnit.net 00:00:00.97]     FileContentRenamer.Tests.Services.DateExtractorAdditionalTests.ExtractDateFromContent_WithVariousFormats_ShouldReturnCorrectDate(content: "2023/01/01 - Inicio del año", expected: "2023-01-01") [FAIL]</Text>
      </RunInfo>
      <RunInfo computerName="MacBook-Pro" outcome="Error" timestamp="2025-08-11T23:52:27.2609290-03:00">
        <Text>[xUnit.net 00:00:00.97]     FileContentRenamer.Tests.Services.DateExtractorAdditionalTests.ExtractDateFromContent_WithVariousFormats_ShouldReturnCorrectDate(content: "31/13/2023", expected: "") [FAIL]</Text>
      </RunInfo>
      <RunInfo computerName="MacBook-Pro" outcome="Error" timestamp="2025-08-11T23:52:27.2618460-03:00">
        <Text>[xUnit.net 00:00:00.97]     FileContentRenamer.Tests.Services.DateExtractorEnhancedTests.ExtractDateFromContent_WithEnglishMonthNames_ShouldExtractCorrectDate(content: "December 31, 2023", expected: "2023-12-31") [FAIL]</Text>
      </RunInfo>
      <RunInfo computerName="MacBook-Pro" outcome="Error" timestamp="2025-08-11T23:52:27.2914030-03:00">
        <Text>[xUnit.net 00:00:01.00]     FileContentRenamer.Tests.Services.DateExtractorEnhancedTests.ExtractDateFromContent_WithEnglishMonthNames_ShouldExtractCorrectDate(content: "July 25, 2024", expected: "2024-07-25") [FAIL]</Text>
      </RunInfo>
      <RunInfo computerName="MacBook-Pro" outcome="Error" timestamp="2025-08-11T23:52:27.2914430-03:00">
        <Text>[xUnit.net 00:00:01.00]     FileContentRenamer.Tests.Services.DateExtractorAdditionalTests.ExtractDateFromContent_WithVariousFormats_ShouldReturnCorrectDate(content: "32/12/2023", expected: "") [FAIL]</Text>
      </RunInfo>
      <RunInfo computerName="MacBook-Pro" outcome="Error" timestamp="2025-08-11T23:52:27.2917080-03:00">
        <Text>[xUnit.net 00:00:01.00]     FileContentRenamer.Tests.Services.DateExtractorEnhancedTests.ExtractDateFromContent_WithEnglishMonthNames_ShouldExtractCorrectDate(content: "October 22, 2024", expected: "2024-10-22") [FAIL]</Text>
      </RunInfo>
      <RunInfo computerName="MacBook-Pro" outcome="Error" timestamp="2025-08-11T23:52:27.2956560-03:00">
        <Text>[xUnit.net 00:00:01.01]     FileContentRenamer.Tests.Services.DateExtractorEnhancedTests.ExtractDateFromContent_WithEnglishMonthNames_ShouldExtractCorrectDate(content: "September 18, 2024", expected: "2024-09-18") [FAIL]</Text>
      </RunInfo>
      <RunInfo computerName="MacBook-Pro" outcome="Error" timestamp="2025-08-11T23:52:27.2968790-03:00">
        <Text>[xUnit.net 00:00:01.01]     FileContentRenamer.Tests.Services.DateExtractorEnhancedTests.ExtractDateFromContent_WithEnglishMonthNames_ShouldExtractCorrectDate(content: "April 20, 2024", expected: "2024-04-20") [FAIL]</Text>
      </RunInfo>
      <RunInfo computerName="MacBook-Pro" outcome="Error" timestamp="2025-08-11T23:52:27.2968940-03:00">
        <Text>[xUnit.net 00:00:01.01]     FileContentRenamer.Tests.Services.DateExtractorEnhancedTests.ExtractDateFromContent_WithEnglishMonthNames_ShouldExtractCorrectDate(content: "May 10, 2024", expected: "2024-05-10") [FAIL]</Text>
      </RunInfo>
      <RunInfo computerName="MacBook-Pro" outcome="Error" timestamp="2025-08-11T23:52:27.2969060-03:00">
        <Text>[xUnit.net 00:00:01.01]     FileContentRenamer.Tests.Services.DateExtractorEnhancedTests.ExtractDateFromContent_WithEnglishMonthNames_ShouldExtractCorrectDate(content: "August 12, 2024", expected: "2024-08-12") [FAIL]</Text>
      </RunInfo>
      <RunInfo computerName="MacBook-Pro" outcome="Error" timestamp="2025-08-11T23:52:27.2969190-03:00">
        <Text>[xUnit.net 00:00:01.01]     FileContentRenamer.Tests.Services.DateExtractorEnhancedTests.ExtractDateFromContent_WithEnglishMonthNames_ShouldExtractCorrectDate(content: "June 05, 2024", expected: "2024-06-05") [FAIL]</Text>
      </RunInfo>
      <RunInfo computerName="MacBook-Pro" outcome="Error" timestamp="2025-08-11T23:52:27.3138090-03:00">
        <Text>[xUnit.net 00:00:01.03]     FileContentRenamer.Tests.Services.DateExtractorEnhancedTests.ExtractDateFromContent_WithEnglishMonthNames_ShouldExtractCorrectDate(content: "January 15, 2023", expected: "2023-01-15") [FAIL]</Text>
      </RunInfo>
      <RunInfo computerName="MacBook-Pro" outcome="Error" timestamp="2025-08-11T23:52:27.3383890-03:00">
        <Text>[xUnit.net 00:00:01.05]     FileContentRenamer.Tests.Services.DateExtractorEnhancedTests.ExtractDateFromContent_WithEnglishMonthNames_ShouldExtractCorrectDate(content: "March 15, 2024", expected: "2024-03-15") [FAIL]</Text>
      </RunInfo>
      <RunInfo computerName="MacBook-Pro" outcome="Error" timestamp="2025-08-11T23:52:27.3384310-03:00">
        <Text>[xUnit.net 00:00:01.05]     FileContentRenamer.Tests.Services.DateExtractorEnhancedTests.ExtractDateFromContent_WithEnglishMonthNames_ShouldExtractCorrectDate(content: "February 28, 2023", expected: "2023-02-28") [FAIL]</Text>
      </RunInfo>
      <RunInfo computerName="MacBook-Pro" outcome="Error" timestamp="2025-08-11T23:52:27.3386500-03:00">
        <Text>[xUnit.net 00:00:01.05]     FileContentRenamer.Tests.Services.DateExtractorEnhancedTests.ExtractDateFromContent_WithInvalidDates_ShouldReturnEmptyString(content: "32/01/2023") [FAIL]</Text>
      </RunInfo>
      <RunInfo computerName="MacBook-Pro" outcome="Error" timestamp="2025-08-11T23:52:27.3391790-03:00">
        <Text>[xUnit.net 00:00:01.05]     FileContentRenamer.Tests.Services.DateExtractorEnhancedTests.ExtractDateFromContent_WithInvalidDates_ShouldReturnEmptyString(content: "2023-01-32") [FAIL]</Text>
      </RunInfo>
      <RunInfo computerName="MacBook-Pro" outcome="Error" timestamp="2025-08-11T23:52:27.3439850-03:00">
        <Text>[xUnit.net 00:00:01.05]     FileContentRenamer.Tests.Services.DateExtractorEnhancedTests.ExtractDateFromContent_WithInvalidDates_ShouldReturnEmptyString(content: "2023-13-01") [FAIL]</Text>
      </RunInfo>
      <RunInfo computerName="MacBook-Pro" outcome="Error" timestamp="2025-08-11T23:52:27.3440040-03:00">
        <Text>[xUnit.net 00:00:01.05]     FileContentRenamer.Tests.Services.DateExtractorEnhancedTests.ExtractDateFromContent_WithInvalidDates_ShouldReturnEmptyString(content: "2023-02-30") [FAIL]</Text>
      </RunInfo>
      <RunInfo computerName="MacBook-Pro" outcome="Error" timestamp="2025-08-11T23:52:27.3440180-03:00">
        <Text>[xUnit.net 00:00:01.06]     FileContentRenamer.Tests.Services.DateExtractorEnhancedTests.ExtractDateFromContent_WithInvalidDates_ShouldReturnEmptyString(content: "2023-00-15") [FAIL]</Text>
      </RunInfo>
      <RunInfo computerName="MacBook-Pro" outcome="Error" timestamp="2025-08-11T23:52:27.3440300-03:00">
        <Text>[xUnit.net 00:00:01.06]     FileContentRenamer.Tests.Services.DateExtractorEnhancedTests.ExtractDateFromContent_WithInvalidDates_ShouldReturnEmptyString(content: "15/13/2023") [FAIL]</Text>
      </RunInfo>
      <RunInfo computerName="MacBook-Pro" outcome="Error" timestamp="2025-08-11T23:52:27.3453230-03:00">
        <Text>[xUnit.net 00:00:01.06]     FileContentRenamer.Tests.Services.DateExtractorEnhancedTests.ExtractDateFromContent_WithContextualDateFormats_ShouldExtractFirstValidDate(content: "Service date: January 15, 2023") [FAIL]</Text>
      </RunInfo>
      <RunInfo computerName="MacBook-Pro" outcome="Error" timestamp="2025-08-11T23:52:27.3702750-03:00">
        <Text>[xUnit.net 00:00:01.08]     FileContentRenamer.Tests.Models.AppConfigTests.LoadFromConfiguration_WithValidConfigFile_ShouldLoadCorrectly [FAIL]</Text>
      </RunInfo>
      <RunInfo computerName="MacBook-Pro" outcome="Error" timestamp="2025-08-11T23:52:27.4925370-03:00">
        <Text>[xUnit.net 00:00:01.20]     FileContentRenamer.Tests.Models.AppConfigTests.LoadFromConfiguration_WithInvalidJson_ShouldThrowException [FAIL]</Text>
      </RunInfo>
      <RunInfo computerName="MacBook-Pro" outcome="Error" timestamp="2025-08-11T23:52:27.4925550-03:00">
        <Text>[xUnit.net 00:00:01.20]     FileContentRenamer.Tests.Models.AppConfigTests.LoadFromConfiguration_WithPartialConfig_ShouldUseDefaultsForMissingValues [FAIL]</Text>
      </RunInfo>
      <RunInfo computerName="MacBook-Pro" outcome="Error" timestamp="2025-08-11T23:52:27.6369920-03:00">
        <Text>[xUnit.net 00:00:01.35]     FileContentRenamer.Tests.Models.AppConfigTests.LoadFromConfiguration_WithEmptyConfig_ShouldThrowException [FAIL]</Text>
      </RunInfo>
      <RunInfo computerName="MacBook-Pro" outcome="Error" timestamp="2025-08-11T23:52:27.7640030-03:00">
        <Text>[xUnit.net 00:00:01.48]     FileContentRenamer.Tests.Models.AppConfigTests.LoadFromConfiguration_WithMissingFileExtensions_ShouldThrowException [FAIL]</Text>
      </RunInfo>
    </RunInfos>
    <CollectorDataEntries>
      <Collector agentName="MacBook-Pro" uri="datacollector://microsoft/CoverletCodeCoverage/1.0" collectorDisplayName="XPlat code coverage">
        <UriAttachments>
          <UriAttachment>
            <A href="MacBook-Pro/coverage.cobertura.xml"></A>
          </UriAttachment>
        </UriAttachments>
      </Collector>
    </CollectorDataEntries>
  </ResultSummary>
</TestRun>