<?xml version="1.0" encoding="utf-8"?>
<TestRun id="3a4ed9dd-610c-4217-9797-b3ab41934ad7" name="@MacBook-Pro 2025-08-11 23:45:04" xmlns="http://microsoft.com/schemas/VisualStudio/TeamTest/2010">
  <Times creation="2025-08-11T23:45:04.2157570-03:00" queuing="2025-08-11T23:45:04.2157570-03:00" start="2025-08-11T23:45:03.2150600-03:00" finish="2025-08-11T23:45:05.6597020-03:00" />
  <TestSettings name="default" id="29878c7b-3577-4b99-b3e3-bc3f12a51b0a">
    <Deployment runDeploymentRoot="_MacBook-Pro_2025-08-11_23_45_04" />
  </TestSettings>
  <Results>
    <UnitTestResult executionId="0f4c3f12-0f1b-443e-8aed-7dd41682f419" testId="57d1cda9-e9e5-f000-1823-6cc75a3cb199" testName="FileContentRenamer.Tests.Services.TextProcessorTests.ExtractContentAsync_WithUnicodeContent_ShouldReturnContent" computerName="MacBook-Pro" duration="00:00:00.0288371" startTime="2025-08-11T23:45:04.4173550-03:00" endTime="2025-08-11T23:45:04.4685870-03:00" testType="13cdc9d9-ddb5-4fa4-a97d-d965ccfc6d4b" outcome="Passed" testListId="8c84fa94-04c1-424b-9868-57a2d4851a1d" relativeResultsDirectory="0f4c3f12-0f1b-443e-8aed-7dd41682f419" />
    <UnitTestResult executionId="9a32d335-ca58-40a7-aebf-c7072c337ca8" testId="8bf8da02-6c6e-2191-c936-6121db66d388" testName="FileContentRenamer.Tests.Services.PdfProcessorTests.CanProcess_WithPdfExtensionVariations_ShouldReturnTrue(filename: &quot;DOCUMENT.PDF&quot;)" computerName="MacBook-Pro" duration="00:00:00.0003007" startTime="2025-08-11T23:45:04.5759920-03:00" endTime="2025-08-11T23:45:04.5762180-03:00" testType="13cdc9d9-ddb5-4fa4-a97d-d965ccfc6d4b" outcome="Passed" testListId="8c84fa94-04c1-424b-9868-57a2d4851a1d" relativeResultsDirectory="9a32d335-ca58-40a7-aebf-c7072c337ca8" />
    <UnitTestResult executionId="404cecc9-539a-46d0-bda5-a8eade67314d" testId="4216934b-235a-6efa-b1f2-737b953f21df" testName="FileContentRenamer.Tests.Models.AppConfigTests.LoadFromConfiguration_WithEmptyConfig_ShouldThrowException" computerName="MacBook-Pro" duration="00:00:00.1810780" startTime="2025-08-11T23:45:04.8374720-03:00" endTime="2025-08-11T23:45:05.0172620-03:00" testType="13cdc9d9-ddb5-4fa4-a97d-d965ccfc6d4b" outcome="Failed" testListId="8c84fa94-04c1-424b-9868-57a2d4851a1d" relativeResultsDirectory="404cecc9-539a-46d0-bda5-a8eade67314d">
      <Output>
        <ErrorInfo>
          <Message>Expected a &lt;System.InvalidOperationException&gt; to be thrown, but no exception was thrown.</Message>
          <StackTrace>   at FluentAssertions.Execution.XUnit2TestFramework.Throw(String message)
   at FluentAssertions.Execution.TestFrameworkProvider.Throw(String message)
   at FluentAssertions.Execution.DefaultAssertionStrategy.HandleFailure(String message)
   at FluentAssertions.Execution.AssertionScope.FailWith(Func`1 failReasonFunc)
   at FluentAssertions.Execution.AssertionScope.FailWith(Func`1 failReasonFunc)
   at FluentAssertions.Execution.AssertionScope.FailWith(String message)
   at FluentAssertions.Specialized.DelegateAssertionsBase`2.ThrowInternal[TException](Exception exception, String because, Object[] becauseArgs)
   at FluentAssertions.Specialized.DelegateAssertions`2.Throw[TException](String because, Object[] becauseArgs)
   at FileContentRenamer.Tests.Models.AppConfigTests.LoadFromConfiguration_WithEmptyConfig_ShouldThrowException() in /Users/santibraida/Workspace/comprobantes/FileContentRenamer.Tests/Models/AppConfigTests.cs:line 161
   at System.RuntimeMethodHandle.InvokeMethod(Object target, Void** arguments, Signature sig, Boolean isConstructor)
   at System.Reflection.MethodBaseInvoker.InvokeWithNoArgs(Object obj, BindingFlags invokeAttr)</StackTrace>
        </ErrorInfo>
      </Output>
    </UnitTestResult>
    <UnitTestResult executionId="17e13dc1-278c-4989-b65f-526810ba30ec" testId="a4d26202-1548-77e4-c6ee-466955cdb771" testName="FileContentRenamer.Tests.Services.DateExtractorTests.ExtractDateFromContent_WithVariousDueDateFormats_ShouldReturnCorrectDates(content: &quot;Vto.:15/03/2024&quot;, expected: &quot;2024-03-15&quot;)" computerName="MacBook-Pro" duration="00:00:00.0369770" startTime="2025-08-11T23:45:04.0951580-03:00" endTime="2025-08-11T23:45:04.0963770-03:00" testType="13cdc9d9-ddb5-4fa4-a97d-d965ccfc6d4b" outcome="Passed" testListId="8c84fa94-04c1-424b-9868-57a2d4851a1d" relativeResultsDirectory="17e13dc1-278c-4989-b65f-526810ba30ec" />
    <UnitTestResult executionId="9b40be91-428d-42cc-830d-8c135a146a84" testId="b99c1952-4b8a-6e7b-be83-1febd897689d" testName="FileContentRenamer.Tests.Services.DirectoryOrganizerTests.GetMonthName_WithValidMonth_ShouldReturnSpanishName(monthNumber: 12, expected: &quot;diciembre&quot;)" computerName="MacBook-Pro" duration="00:00:00.0001113" startTime="2025-08-11T23:45:04.3220560-03:00" endTime="2025-08-11T23:45:04.3220970-03:00" testType="13cdc9d9-ddb5-4fa4-a97d-d965ccfc6d4b" outcome="Passed" testListId="8c84fa94-04c1-424b-9868-57a2d4851a1d" relativeResultsDirectory="9b40be91-428d-42cc-830d-8c135a146a84" />
    <UnitTestResult executionId="9de761d8-8087-4f02-9675-9ba21cc6869f" testId="04613884-8eea-2162-7b68-af1197b3a19b" testName="FileContentRenamer.Tests.Models.AppConfigTests.LoadFromConfiguration_WithInvalidJson_ShouldThrowException" computerName="MacBook-Pro" duration="00:00:00.0634136" startTime="2025-08-11T23:45:04.6056450-03:00" endTime="2025-08-11T23:45:04.6395010-03:00" testType="13cdc9d9-ddb5-4fa4-a97d-d965ccfc6d4b" outcome="Failed" testListId="8c84fa94-04c1-424b-9868-57a2d4851a1d" relativeResultsDirectory="9de761d8-8087-4f02-9675-9ba21cc6869f">
      <Output>
        <ErrorInfo>
          <Message>Expected a &lt;System.Exception&gt; to be thrown, but no exception was thrown.</Message>
          <StackTrace>   at FluentAssertions.Execution.XUnit2TestFramework.Throw(String message)
   at FluentAssertions.Execution.TestFrameworkProvider.Throw(String message)
   at FluentAssertions.Execution.DefaultAssertionStrategy.HandleFailure(String message)
   at FluentAssertions.Execution.AssertionScope.FailWith(Func`1 failReasonFunc)
   at FluentAssertions.Execution.AssertionScope.FailWith(Func`1 failReasonFunc)
   at FluentAssertions.Execution.AssertionScope.FailWith(String message)
   at FluentAssertions.Specialized.DelegateAssertionsBase`2.ThrowInternal[TException](Exception exception, String because, Object[] becauseArgs)
   at FluentAssertions.Specialized.DelegateAssertions`2.Throw[TException](String because, Object[] becauseArgs)
   at FileContentRenamer.Tests.Models.AppConfigTests.LoadFromConfiguration_WithInvalidJson_ShouldThrowException() in /Users/santibraida/Workspace/comprobantes/FileContentRenamer.Tests/Models/AppConfigTests.cs:line 141
   at System.RuntimeMethodHandle.InvokeMethod(Object target, Void** arguments, Signature sig, Boolean isConstructor)
   at System.Reflection.MethodBaseInvoker.InvokeWithNoArgs(Object obj, BindingFlags invokeAttr)</StackTrace>
        </ErrorInfo>
      </Output>
    </UnitTestResult>
    <UnitTestResult executionId="29a7a5fb-17e9-4248-a710-2ca7832b649f" testId="8031668c-d19b-b8db-0235-3b555a1ef3fc" testName="FileContentRenamer.Tests.Services.PdfProcessorTests.CanProcess_WithNonPdfExtension_ShouldReturnFalse(filename: &quot;test.txt&quot;)" computerName="MacBook-Pro" duration="00:00:00.0001104" startTime="2025-08-11T23:45:04.5534300-03:00" endTime="2025-08-11T23:45:04.5536010-03:00" testType="13cdc9d9-ddb5-4fa4-a97d-d965ccfc6d4b" outcome="Passed" testListId="8c84fa94-04c1-424b-9868-57a2d4851a1d" relativeResultsDirectory="29a7a5fb-17e9-4248-a710-2ca7832b649f" />
    <UnitTestResult executionId="04a78497-62bb-4e0b-b4c4-05fc1b668b69" testId="af647e92-1ce2-064d-3a84-3476cb46d127" testName="FileContentRenamer.Tests.Services.TextProcessorTests.CanProcess_WithNonTxtExtension_ShouldReturnFalse(filename: &quot;test.pdf&quot;)" computerName="MacBook-Pro" duration="00:00:00.0002575" startTime="2025-08-11T23:45:04.4871490-03:00" endTime="2025-08-11T23:45:04.4873370-03:00" testType="13cdc9d9-ddb5-4fa4-a97d-d965ccfc6d4b" outcome="Passed" testListId="8c84fa94-04c1-424b-9868-57a2d4851a1d" relativeResultsDirectory="04a78497-62bb-4e0b-b4c4-05fc1b668b69" />
    <UnitTestResult executionId="04422d65-dcf1-4f5b-8292-6723aefeb9bb" testId="d0aa19eb-08b4-b4f4-8874-599c8e5e451d" testName="FileContentRenamer.Tests.Services.FileValidatorTests.ShouldProcessFile_WithDifferentCasing_ShouldBeCaseInsensitive(filename: &quot;test.PDF&quot;)" computerName="MacBook-Pro" duration="00:00:00.0003183" startTime="2025-08-11T23:45:04.4187870-03:00" endTime="2025-08-11T23:45:04.4188300-03:00" testType="13cdc9d9-ddb5-4fa4-a97d-d965ccfc6d4b" outcome="Passed" testListId="8c84fa94-04c1-424b-9868-57a2d4851a1d" relativeResultsDirectory="04422d65-dcf1-4f5b-8292-6723aefeb9bb" />
    <UnitTestResult executionId="2b0ad7a0-e524-48e3-b6e2-77e39903c5f9" testId="ebc6b45b-0fe4-e4c2-6b7e-a061ba64a1b2" testName="FileContentRenamer.Tests.Services.DirectoryOrganizerTests.GetMonthName_WithValidMonth_ShouldReturnSpanishName(monthNumber: 9, expected: &quot;septiembre&quot;)" computerName="MacBook-Pro" duration="00:00:00.0002945" startTime="2025-08-11T23:45:04.3190030-03:00" endTime="2025-08-11T23:45:04.3190410-03:00" testType="13cdc9d9-ddb5-4fa4-a97d-d965ccfc6d4b" outcome="Passed" testListId="8c84fa94-04c1-424b-9868-57a2d4851a1d" relativeResultsDirectory="2b0ad7a0-e524-48e3-b6e2-77e39903c5f9" />
    <UnitTestResult executionId="fa02e26a-0217-4e79-8dd0-2dfdfc409aaa" testId="411f59f3-34f9-62ac-9b26-0c3528e0b2f7" testName="FileContentRenamer.Tests.Services.FilenameGeneratorTests.IsAlreadyNamedFilename_WithInvalidFormats_ShouldReturnFalse(filename: &quot;service_15-03-2024_payment&quot;)" computerName="MacBook-Pro" duration="00:00:00.0000550" startTime="2025-08-11T23:45:04.3604580-03:00" endTime="2025-08-11T23:45:04.3604920-03:00" testType="13cdc9d9-ddb5-4fa4-a97d-d965ccfc6d4b" outcome="Passed" testListId="8c84fa94-04c1-424b-9868-57a2d4851a1d" relativeResultsDirectory="fa02e26a-0217-4e79-8dd0-2dfdfc409aaa" />
    <UnitTestResult executionId="ac3da58e-1a95-4304-b5e6-e535dad4e23a" testId="6d7a483b-6c01-6e31-c6bf-ec0c2f6ad577" testName="FileContentRenamer.Tests.Services.PdfProcessorTests.CanProcess_WithPdfExtensionDifferentCasing_ShouldReturnTrue(filename: &quot;test.PDF&quot;)" computerName="MacBook-Pro" duration="00:00:00.0001968" startTime="2025-08-11T23:45:04.5490270-03:00" endTime="2025-08-11T23:45:04.5490710-03:00" testType="13cdc9d9-ddb5-4fa4-a97d-d965ccfc6d4b" outcome="Passed" testListId="8c84fa94-04c1-424b-9868-57a2d4851a1d" relativeResultsDirectory="ac3da58e-1a95-4304-b5e6-e535dad4e23a" />
    <UnitTestResult executionId="7459461a-3b55-4fd1-b5ba-9280fd1fa575" testId="924a2837-bdda-5ff7-8002-b76459c46087" testName="FileContentRenamer.Tests.Services.FileServiceTests.ProcessFilesAsync_WithEmptyContent_ShouldSkipFile" computerName="MacBook-Pro" duration="00:00:00.0270361" startTime="2025-08-11T23:45:04.4959090-03:00" endTime="2025-08-11T23:45:04.5509560-03:00" testType="13cdc9d9-ddb5-4fa4-a97d-d965ccfc6d4b" outcome="Passed" testListId="8c84fa94-04c1-424b-9868-57a2d4851a1d" relativeResultsDirectory="7459461a-3b55-4fd1-b5ba-9280fd1fa575" />
    <UnitTestResult executionId="bea351f3-85a1-42ac-94f2-392f5b8702ee" testId="8f9706bb-c4e8-83d9-78e0-248eda84983c" testName="FileContentRenamer.Tests.Services.DateExtractorTests.ExtractDateFromContent_WithVariousSpanishDates_ShouldReturnCorrectDates(content: &quot;1 de enero de 2024&quot;, expected: &quot;2024-01-01&quot;)" computerName="MacBook-Pro" duration="00:00:00.0000788" startTime="2025-08-11T23:45:04.2784320-03:00" endTime="2025-08-11T23:45:04.2784580-03:00" testType="13cdc9d9-ddb5-4fa4-a97d-d965ccfc6d4b" outcome="Passed" testListId="8c84fa94-04c1-424b-9868-57a2d4851a1d" relativeResultsDirectory="bea351f3-85a1-42ac-94f2-392f5b8702ee" />
    <UnitTestResult executionId="23cf3789-08d7-4ab4-8619-7acf8003f2a2" testId="3bc1972c-43c3-09f6-6b21-23df0274286b" testName="FileContentRenamer.Tests.Models.NamingRulesTests.Constructor_WithDefaultValues_ShouldInitializeCorrectly" computerName="MacBook-Pro" duration="00:00:00.0046379" startTime="2025-08-11T23:45:04.2775740-03:00" endTime="2025-08-11T23:45:04.2839360-03:00" testType="13cdc9d9-ddb5-4fa4-a97d-d965ccfc6d4b" outcome="Passed" testListId="8c84fa94-04c1-424b-9868-57a2d4851a1d" relativeResultsDirectory="23cf3789-08d7-4ab4-8619-7acf8003f2a2" />
    <UnitTestResult executionId="7a4b35b6-da49-4a23-b578-bc0883d65deb" testId="0879aeff-9eea-f072-4fd3-f308a5ff4abd" testName="FileContentRenamer.Tests.Services.ImageProcessorTests.CanProcess_WithImageExtensions_ShouldReturnTrue(extension: &quot;.jpg&quot;)" computerName="MacBook-Pro" duration="00:00:00.0282409" startTime="2025-08-11T23:45:04.6040750-03:00" endTime="2025-08-11T23:45:04.6057030-03:00" testType="13cdc9d9-ddb5-4fa4-a97d-d965ccfc6d4b" outcome="Passed" testListId="8c84fa94-04c1-424b-9868-57a2d4851a1d" relativeResultsDirectory="7a4b35b6-da49-4a23-b578-bc0883d65deb" />
    <UnitTestResult executionId="e9c28f15-b06c-4a38-977d-4ae5bebacb10" testId="6547cbe5-cb2c-b29f-9137-0cf0b96d8b18" testName="FileContentRenamer.Tests.Models.AppConfigTests.LoadFromConfiguration_WithPartialConfig_ShouldUseDefaultsForMissingValues" computerName="MacBook-Pro" duration="00:00:00.0688484" startTime="2025-08-11T23:45:04.6405240-03:00" endTime="2025-08-11T23:45:04.7085230-03:00" testType="13cdc9d9-ddb5-4fa4-a97d-d965ccfc6d4b" outcome="Failed" testListId="8c84fa94-04c1-424b-9868-57a2d4851a1d" relativeResultsDirectory="e9c28f15-b06c-4a38-977d-4ae5bebacb10">
      <Output>
        <ErrorInfo>
          <Message>Expected result.ForceReprocessAlreadyNamed to be False, but found True.</Message>
          <StackTrace>   at FluentAssertions.Execution.XUnit2TestFramework.Throw(String message)
   at FluentAssertions.Execution.TestFrameworkProvider.Throw(String message)
   at FluentAssertions.Execution.DefaultAssertionStrategy.HandleFailure(String message)
   at FluentAssertions.Execution.AssertionScope.FailWith(Func`1 failReasonFunc)
   at FluentAssertions.Execution.AssertionScope.FailWith(Func`1 failReasonFunc)
   at FluentAssertions.Execution.AssertionScope.FailWith(String message, Object[] args)
   at FluentAssertions.Primitives.BooleanAssertions`1.BeFalse(String because, Object[] becauseArgs)
   at FileContentRenamer.Tests.Models.AppConfigTests.LoadFromConfiguration_WithPartialConfig_ShouldUseDefaultsForMissingValues() in /Users/santibraida/Workspace/comprobantes/FileContentRenamer.Tests/Models/AppConfigTests.cs:line 196
   at System.RuntimeMethodHandle.InvokeMethod(Object target, Void** arguments, Signature sig, Boolean isConstructor)
   at System.Reflection.MethodBaseInvoker.InvokeWithNoArgs(Object obj, BindingFlags invokeAttr)</StackTrace>
        </ErrorInfo>
      </Output>
    </UnitTestResult>
    <UnitTestResult executionId="29b36d6f-f7cf-4de1-ae60-3e9722ee695d" testId="5c3e394b-5635-340f-a8f3-3c152e9b2b47" testName="FileContentRenamer.Tests.Services.ImageProcessorTests.ExtractContentAsync_WithMissingTesseractDataPath_ShouldReturnEmpty" computerName="MacBook-Pro" duration="00:00:00.1944158" startTime="2025-08-11T23:45:04.0938830-03:00" endTime="2025-08-11T23:45:04.3811330-03:00" testType="13cdc9d9-ddb5-4fa4-a97d-d965ccfc6d4b" outcome="Passed" testListId="8c84fa94-04c1-424b-9868-57a2d4851a1d" relativeResultsDirectory="29b36d6f-f7cf-4de1-ae60-3e9722ee695d" />
    <UnitTestResult executionId="cceae898-fd06-4d4c-853b-04d4fa3e06e9" testId="1f6f6946-e988-6d1a-ad4a-0a9338273d33" testName="FileContentRenamer.Tests.Services.FileServiceTests.ProcessFilesAsync_WithSubdirectories_ShouldProcessAllFiles" computerName="MacBook-Pro" duration="00:00:00.0291207" startTime="2025-08-11T23:45:04.5814090-03:00" endTime="2025-08-11T23:45:04.5817570-03:00" testType="13cdc9d9-ddb5-4fa4-a97d-d965ccfc6d4b" outcome="Passed" testListId="8c84fa94-04c1-424b-9868-57a2d4851a1d" relativeResultsDirectory="cceae898-fd06-4d4c-853b-04d4fa3e06e9" />
    <UnitTestResult executionId="98be0a58-2392-40c3-9755-f47bc4c0b19b" testId="4cd48cba-1ee4-9efa-c790-541706c3159b" testName="FileContentRenamer.Tests.Services.FileValidatorTests.ValidateFileSize_WithLargeFile_ShouldLogWarning" computerName="MacBook-Pro" duration="00:00:00.1106045" startTime="2025-08-11T23:45:04.3810680-03:00" endTime="2025-08-11T23:45:04.3878530-03:00" testType="13cdc9d9-ddb5-4fa4-a97d-d965ccfc6d4b" outcome="Passed" testListId="8c84fa94-04c1-424b-9868-57a2d4851a1d" relativeResultsDirectory="98be0a58-2392-40c3-9755-f47bc4c0b19b" />
    <UnitTestResult executionId="693f69e0-6d84-4091-a2a2-cd61f08decb9" testId="9729a039-440f-b038-cbbc-13699377547c" testName="FileContentRenamer.Tests.Services.PdfProcessorTests.CanProcess_WithPdfExtension_ShouldReturnTrue" computerName="MacBook-Pro" duration="00:00:00.0001988" startTime="2025-08-11T23:45:04.5777200-03:00" endTime="2025-08-11T23:45:04.5784310-03:00" testType="13cdc9d9-ddb5-4fa4-a97d-d965ccfc6d4b" outcome="Passed" testListId="8c84fa94-04c1-424b-9868-57a2d4851a1d" relativeResultsDirectory="693f69e0-6d84-4091-a2a2-cd61f08decb9" />
    <UnitTestResult executionId="8321a0d4-92d2-4684-9b94-9eab714fe463" testId="34f0a146-8932-4124-920d-b39c3eb45d5b" testName="FileContentRenamer.Tests.Services.FileServiceTests.ProcessFilesAsync_WithAlreadyNamedFile_ShouldSkipRenaming" computerName="MacBook-Pro" duration="00:00:00.0287222" startTime="2025-08-11T23:45:04.5820370-03:00" endTime="2025-08-11T23:45:04.5822260-03:00" testType="13cdc9d9-ddb5-4fa4-a97d-d965ccfc6d4b" outcome="Passed" testListId="8c84fa94-04c1-424b-9868-57a2d4851a1d" relativeResultsDirectory="8321a0d4-92d2-4684-9b94-9eab714fe463" />
    <UnitTestResult executionId="6a292a81-bfa3-4ba0-ad7c-cbc19b775163" testId="9a26edef-7dd2-4e60-c205-9ce214074484" testName="FileContentRenamer.Tests.Services.DirectoryOrganizerTests.OrganizeFileIntoDirectoryStructure_WithDifferentYears_ShouldCreateNewYearStructure" computerName="MacBook-Pro" duration="00:00:00.0009394" startTime="2025-08-11T23:45:04.3268670-03:00" endTime="2025-08-11T23:45:04.3269150-03:00" testType="13cdc9d9-ddb5-4fa4-a97d-d965ccfc6d4b" outcome="Passed" testListId="8c84fa94-04c1-424b-9868-57a2d4851a1d" relativeResultsDirectory="6a292a81-bfa3-4ba0-ad7c-cbc19b775163" />
    <UnitTestResult executionId="4a13d628-b59d-4f82-bc5c-37b5692a72fd" testId="62f5d1dd-bd59-22f3-6b49-8433f76fa54e" testName="FileContentRenamer.Tests.Services.DateExtractorTests.ExtractDateFromFilename_WithVariousValidFormats_ShouldReturnCorrectDates(filename: &quot;invoice_2025-06-15_bank&quot;, expected: &quot;2025-06-15&quot;)" computerName="MacBook-Pro" duration="00:00:00.0000538" startTime="2025-08-11T23:45:04.2487740-03:00" endTime="2025-08-11T23:45:04.2488030-03:00" testType="13cdc9d9-ddb5-4fa4-a97d-d965ccfc6d4b" outcome="Passed" testListId="8c84fa94-04c1-424b-9868-57a2d4851a1d" relativeResultsDirectory="4a13d628-b59d-4f82-bc5c-37b5692a72fd" />
    <UnitTestResult executionId="5f794ef5-aba8-4e05-8085-a960999b2351" testId="ee802fc6-9af0-1284-c4b7-a8377911ec00" testName="FileContentRenamer.Tests.Services.TextProcessorTests.CanProcess_WithNonTxtExtension_ShouldReturnFalse(filename: &quot;test&quot;)" computerName="MacBook-Pro" duration="00:00:00.0000938" startTime="2025-08-11T23:45:04.4881060-03:00" endTime="2025-08-11T23:45:04.4881480-03:00" testType="13cdc9d9-ddb5-4fa4-a97d-d965ccfc6d4b" outcome="Passed" testListId="8c84fa94-04c1-424b-9868-57a2d4851a1d" relativeResultsDirectory="5f794ef5-aba8-4e05-8085-a960999b2351" />
    <UnitTestResult executionId="bc163f48-d213-4dd5-9dce-985b7303970c" testId="8b0489e4-2aca-7279-af69-b44674c9e8bb" testName="FileContentRenamer.Tests.Services.ImageProcessorTests.CanProcess_WithImageExtensionsDifferentCasing_ShouldReturnTrue(extension: &quot;.TIFF&quot;)" computerName="MacBook-Pro" duration="00:00:00.0359408" startTime="2025-08-11T23:45:04.6697670-03:00" endTime="2025-08-11T23:45:04.6806760-03:00" testType="13cdc9d9-ddb5-4fa4-a97d-d965ccfc6d4b" outcome="Passed" testListId="8c84fa94-04c1-424b-9868-57a2d4851a1d" relativeResultsDirectory="bc163f48-d213-4dd5-9dce-985b7303970c" />
    <UnitTestResult executionId="032efa73-10da-48ea-8588-330d5053ccc1" testId="c1072614-89d7-ecfa-6ece-76abc08d540d" testName="FileContentRenamer.Tests.Services.FilenameGeneratorTests.IsAlreadyNamedFilename_WithInvalidFormats_ShouldReturnFalse(filename: &quot;&quot;)" computerName="MacBook-Pro" duration="00:00:00.0000306" startTime="2025-08-11T23:45:04.3611310-03:00" endTime="2025-08-11T23:45:04.3611600-03:00" testType="13cdc9d9-ddb5-4fa4-a97d-d965ccfc6d4b" outcome="Passed" testListId="8c84fa94-04c1-424b-9868-57a2d4851a1d" relativeResultsDirectory="032efa73-10da-48ea-8588-330d5053ccc1" />
    <UnitTestResult executionId="0e1cf2e2-088a-4624-8894-dce10be67de1" testId="8ff3c0db-187d-d0d0-7eb2-736414974987" testName="FileContentRenamer.Tests.Services.DirectoryOrganizerTests.OrganizeFileIntoDirectoryStructure_WithDuplicateFile_ShouldCreateUniqueFilename" computerName="MacBook-Pro" duration="00:00:00.0227837" startTime="2025-08-11T23:45:04.5238350-03:00" endTime="2025-08-11T23:45:04.5287480-03:00" testType="13cdc9d9-ddb5-4fa4-a97d-d965ccfc6d4b" outcome="Passed" testListId="8c84fa94-04c1-424b-9868-57a2d4851a1d" relativeResultsDirectory="0e1cf2e2-088a-4624-8894-dce10be67de1" />
    <UnitTestResult executionId="89f8be88-4a82-4aeb-8be1-fcb3bba870ed" testId="7e3a9744-91b7-a2b9-ebb3-73a79e07c25d" testName="FileContentRenamer.Tests.Services.FileValidatorTests.ShouldProcessFile_WithInvalidExtensions_ShouldReturnFalse(extension: &quot;.doc&quot;)" computerName="MacBook-Pro" duration="00:00:00.0004223" startTime="2025-08-11T23:45:04.3601670-03:00" endTime="2025-08-11T23:45:04.3617950-03:00" testType="13cdc9d9-ddb5-4fa4-a97d-d965ccfc6d4b" outcome="Passed" testListId="8c84fa94-04c1-424b-9868-57a2d4851a1d" relativeResultsDirectory="89f8be88-4a82-4aeb-8be1-fcb3bba870ed" />
    <UnitTestResult executionId="ee1c6577-9c8f-40d5-b253-db76c955e91f" testId="b4180071-1e06-f3bd-f0e2-c5c49975b30c" testName="FileContentRenamer.Tests.Services.ImageProcessorTests.Constructor_WithNullConfig_ShouldThrowArgumentNullException" computerName="MacBook-Pro" duration="00:00:00.0365037" startTime="2025-08-11T23:45:05.1135560-03:00" endTime="2025-08-11T23:45:05.1259670-03:00" testType="13cdc9d9-ddb5-4fa4-a97d-d965ccfc6d4b" outcome="Failed" testListId="8c84fa94-04c1-424b-9868-57a2d4851a1d" relativeResultsDirectory="ee1c6577-9c8f-40d5-b253-db76c955e91f">
      <Output>
        <ErrorInfo>
          <Message>Expected a &lt;System.ArgumentNullException&gt; to be thrown, but found &lt;System.NullReferenceException&gt;:
System.NullReferenceException: Object reference not set to an instance of an object.
   at FileContentRenamer.Services.ImageProcessor.VerifyTesseractAvailability() in /Users/santibraida/Workspace/comprobantes/FileContentRenamer/Services/ImageProcessor.cs:line 21
   at FileContentRenamer.Services.ImageProcessor..ctor(AppConfig config) in /Users/santibraida/Workspace/comprobantes/FileContentRenamer/Services/ImageProcessor.cs:line 15
   at FileContentRenamer.Tests.Services.ImageProcessorTests.&lt;&gt;c.&lt;Constructor_WithNullConfig_ShouldThrowArgumentNullException&gt;b__14_0() in /Users/santibraida/Workspace/comprobantes/FileContentRenamer.Tests/Services/ImageProcessorTests.cs:line 193
   at FluentAssertions.Specialized.ActionAssertions.InvokeSubject()
   at FluentAssertions.Specialized.DelegateAssertions`2.InvokeSubjectWithInterception().</Message>
          <StackTrace>   at FluentAssertions.Execution.XUnit2TestFramework.Throw(String message)
   at FluentAssertions.Execution.TestFrameworkProvider.Throw(String message)
   at FluentAssertions.Execution.DefaultAssertionStrategy.HandleFailure(String message)
   at FluentAssertions.Execution.AssertionScope.FailWith(Func`1 failReasonFunc)
   at FluentAssertions.Execution.AssertionScope.FailWith(Func`1 failReasonFunc)
   at FluentAssertions.Execution.AssertionScope.FailWith(String message, Object[] args)
   at FluentAssertions.Specialized.DelegateAssertionsBase`2.ThrowInternal[TException](Exception exception, String because, Object[] becauseArgs)
   at FluentAssertions.Specialized.DelegateAssertions`2.Throw[TException](String because, Object[] becauseArgs)
   at FileContentRenamer.Tests.Services.ImageProcessorTests.Constructor_WithNullConfig_ShouldThrowArgumentNullException() in /Users/santibraida/Workspace/comprobantes/FileContentRenamer.Tests/Services/ImageProcessorTests.cs:line 194
   at System.RuntimeMethodHandle.InvokeMethod(Object target, Void** arguments, Signature sig, Boolean isConstructor)
   at System.Reflection.MethodBaseInvoker.InvokeWithNoArgs(Object obj, BindingFlags invokeAttr)</StackTrace>
        </ErrorInfo>
      </Output>
    </UnitTestResult>
    <UnitTestResult executionId="43a1269f-bad3-4a69-8350-bc0fce41fa29" testId="a74078ad-01de-0282-292f-78f3a891fdb1" testName="FileContentRenamer.Tests.Services.FileValidatorTests.ShouldProcessFile_WithNonExistentFile_ShouldReturnFalse" computerName="MacBook-Pro" duration="00:00:00.0004609" startTime="2025-08-11T23:45:04.4909690-03:00" endTime="2025-08-11T23:45:04.4910140-03:00" testType="13cdc9d9-ddb5-4fa4-a97d-d965ccfc6d4b" outcome="Passed" testListId="8c84fa94-04c1-424b-9868-57a2d4851a1d" relativeResultsDirectory="43a1269f-bad3-4a69-8350-bc0fce41fa29" />
    <UnitTestResult executionId="8a45fa41-3458-4b11-aa79-755c46d79a59" testId="2a25c3ee-59d0-2484-ec0d-75637450d1ba" testName="FileContentRenamer.Tests.Services.ImageProcessorTests.CanProcess_WithImageExtensionsDifferentCasing_ShouldReturnTrue(extension: &quot;.TIF&quot;)" computerName="MacBook-Pro" duration="00:00:00.0335124" startTime="2025-08-11T23:45:04.7997850-03:00" endTime="2025-08-11T23:45:04.8094340-03:00" testType="13cdc9d9-ddb5-4fa4-a97d-d965ccfc6d4b" outcome="Passed" testListId="8c84fa94-04c1-424b-9868-57a2d4851a1d" relativeResultsDirectory="8a45fa41-3458-4b11-aa79-755c46d79a59" />
    <UnitTestResult executionId="927e7f2e-106f-431e-893e-cf9c74380a82" testId="3ecade73-7761-1f4e-e941-925f13343fbf" testName="FileContentRenamer.Tests.Services.ImageProcessorTests.CanProcess_WithNonImageExtension_ShouldReturnFalse(extension: &quot;.docx&quot;)" computerName="MacBook-Pro" duration="00:00:00.0763490" startTime="2025-08-11T23:45:04.5256640-03:00" endTime="2025-08-11T23:45:04.5750450-03:00" testType="13cdc9d9-ddb5-4fa4-a97d-d965ccfc6d4b" outcome="Passed" testListId="8c84fa94-04c1-424b-9868-57a2d4851a1d" relativeResultsDirectory="927e7f2e-106f-431e-893e-cf9c74380a82" />
    <UnitTestResult executionId="bbd24517-6f06-497b-8c0b-c93a068a750b" testId="ab0172d5-f8de-2bd2-5705-f61f86ff407f" testName="FileContentRenamer.Tests.Services.DateExtractorTests.ExtractDateFromContent_WithMultipleDates_ShouldReturnFirstFound" computerName="MacBook-Pro" duration="00:00:00.0000498" startTime="2025-08-11T23:45:04.2823200-03:00" endTime="2025-08-11T23:45:04.2823610-03:00" testType="13cdc9d9-ddb5-4fa4-a97d-d965ccfc6d4b" outcome="Passed" testListId="8c84fa94-04c1-424b-9868-57a2d4851a1d" relativeResultsDirectory="bbd24517-6f06-497b-8c0b-c93a068a750b" />
    <UnitTestResult executionId="897fa23c-40b1-4cac-abb8-b320e5f02263" testId="18d4c37f-1583-f497-ec0c-ad5f807ccb48" testName="FileContentRenamer.Tests.Services.DateExtractorTests.ExtractDateFromContent_WithVariousDueDateFormats_ShouldReturnCorrectDates(content: &quot;vencimiento 01/01/2025&quot;, expected: &quot;2025-01-01&quot;)" computerName="MacBook-Pro" duration="00:00:00.0005542" startTime="2025-08-11T23:45:04.1114040-03:00" endTime="2025-08-11T23:45:04.1120880-03:00" testType="13cdc9d9-ddb5-4fa4-a97d-d965ccfc6d4b" outcome="Passed" testListId="8c84fa94-04c1-424b-9868-57a2d4851a1d" relativeResultsDirectory="897fa23c-40b1-4cac-abb8-b320e5f02263" />
    <UnitTestResult executionId="d9705d8c-ddc7-4854-b9bb-8303f435f5f4" testId="b72ed067-d3bd-e26d-3bed-f7f45c913059" testName="FileContentRenamer.Tests.Services.FilenameGeneratorTests.GenerateFilename_WithDifferentExtension_ShouldPreserveExtension" computerName="MacBook-Pro" duration="00:00:00.0004860" startTime="2025-08-11T23:45:04.5512050-03:00" endTime="2025-08-11T23:45:04.5526450-03:00" testType="13cdc9d9-ddb5-4fa4-a97d-d965ccfc6d4b" outcome="Passed" testListId="8c84fa94-04c1-424b-9868-57a2d4851a1d" relativeResultsDirectory="d9705d8c-ddc7-4854-b9bb-8303f435f5f4" />
    <UnitTestResult executionId="3669e049-f4c9-49b6-944d-774f1397a721" testId="013af074-e0c5-bb27-30f4-779070d7fe10" testName="FileContentRenamer.Tests.Services.DateExtractorTests.ExtractDateFromFilename_WithInvalidFormat_ShouldReturnEmptyString" computerName="MacBook-Pro" duration="00:00:00.0000581" startTime="2025-08-11T23:45:04.2484050-03:00" endTime="2025-08-11T23:45:04.2484430-03:00" testType="13cdc9d9-ddb5-4fa4-a97d-d965ccfc6d4b" outcome="Passed" testListId="8c84fa94-04c1-424b-9868-57a2d4851a1d" relativeResultsDirectory="3669e049-f4c9-49b6-944d-774f1397a721" />
    <UnitTestResult executionId="42ff4a99-ee57-4665-afbf-d0860b974feb" testId="52b61247-c43f-6660-c9e8-5fe03f0a7cdc" testName="FileContentRenamer.Tests.Services.FileServiceTests.ProcessFilesAsync_WithException_ShouldContinueProcessing" computerName="MacBook-Pro" duration="00:00:00.0701216" startTime="2025-08-11T23:45:04.5746320-03:00" endTime="2025-08-11T23:45:04.5771280-03:00" testType="13cdc9d9-ddb5-4fa4-a97d-d965ccfc6d4b" outcome="Passed" testListId="8c84fa94-04c1-424b-9868-57a2d4851a1d" relativeResultsDirectory="42ff4a99-ee57-4665-afbf-d0860b974feb" />
    <UnitTestResult executionId="bcfa8d55-f100-4078-8f9c-209698d1f7be" testId="ab791beb-155a-2340-25c5-938aea845fff" testName="FileContentRenamer.Tests.Services.TextProcessorTests.ExtractContentAsync_WithSpecialCharacters_ShouldReturnContent" computerName="MacBook-Pro" duration="00:00:00.0399889" startTime="2025-08-11T23:45:04.3837460-03:00" endTime="2025-08-11T23:45:04.4154450-03:00" testType="13cdc9d9-ddb5-4fa4-a97d-d965ccfc6d4b" outcome="Passed" testListId="8c84fa94-04c1-424b-9868-57a2d4851a1d" relativeResultsDirectory="bcfa8d55-f100-4078-8f9c-209698d1f7be" />
    <UnitTestResult executionId="33401c9e-0b9f-4720-b7d2-ef534cf689ae" testId="19f9e186-a4aa-4850-0176-aa961f311415" testName="FileContentRenamer.Tests.Services.DirectoryOrganizerTests.OrganizeFileIntoDirectoryStructure_WithInvalidDate_ShouldReturnOriginalPath" computerName="MacBook-Pro" duration="00:00:00.0013891" startTime="2025-08-11T23:45:04.3258130-03:00" endTime="2025-08-11T23:45:04.3258560-03:00" testType="13cdc9d9-ddb5-4fa4-a97d-d965ccfc6d4b" outcome="Passed" testListId="8c84fa94-04c1-424b-9868-57a2d4851a1d" relativeResultsDirectory="33401c9e-0b9f-4720-b7d2-ef534cf689ae" />
    <UnitTestResult executionId="3f36a7e7-f911-4155-83e2-1d274085d5f6" testId="0228ec1a-cf44-e616-5aa7-aefd86959073" testName="FileContentRenamer.Tests.Services.FileServiceTests.ProcessFilesAsync_WithSameFilename_ShouldOrganizeOnly" computerName="MacBook-Pro" duration="00:00:00.0054721" startTime="2025-08-11T23:45:04.5774070-03:00" endTime="2025-08-11T23:45:04.5809290-03:00" testType="13cdc9d9-ddb5-4fa4-a97d-d965ccfc6d4b" outcome="Passed" testListId="8c84fa94-04c1-424b-9868-57a2d4851a1d" relativeResultsDirectory="3f36a7e7-f911-4155-83e2-1d274085d5f6" />
    <UnitTestResult executionId="fff53653-beca-4a46-86ac-6346acb2ea64" testId="2096051f-0719-d6b7-7ba6-a9c6fbdaed26" testName="FileContentRenamer.Tests.Services.ImageProcessorTests.ExtractContentAsync_WithNonExistentFile_ShouldReturnEmptyString" computerName="MacBook-Pro" duration="00:00:00.0962717" startTime="2025-08-11T23:45:05.0151270-03:00" endTime="2025-08-11T23:45:05.0892750-03:00" testType="13cdc9d9-ddb5-4fa4-a97d-d965ccfc6d4b" outcome="Passed" testListId="8c84fa94-04c1-424b-9868-57a2d4851a1d" relativeResultsDirectory="fff53653-beca-4a46-86ac-6346acb2ea64" />
    <UnitTestResult executionId="25132aa2-c1d0-4840-b0eb-c8c5079f12e6" testId="193486f8-7638-5e27-f7c4-f2239a7e9f22" testName="FileContentRenamer.Tests.Services.FilenameGeneratorTests.CleanupFileName_WithVariousInputs_ShouldReturnCleanedName(input: &quot;file:name&quot;, expected: &quot;file:name&quot;)" computerName="MacBook-Pro" duration="00:00:00.0004576" startTime="2025-08-11T23:45:04.3524370-03:00" endTime="2025-08-11T23:45:04.3538580-03:00" testType="13cdc9d9-ddb5-4fa4-a97d-d965ccfc6d4b" outcome="Passed" testListId="8c84fa94-04c1-424b-9868-57a2d4851a1d" relativeResultsDirectory="25132aa2-c1d0-4840-b0eb-c8c5079f12e6" />
    <UnitTestResult executionId="edb7b1a4-e861-46ca-b0cf-93d487a17d1a" testId="b88cda59-316a-d792-4d81-e490d0212c2d" testName="FileContentRenamer.Tests.Services.DirectoryOrganizerTests.GetMonthName_WithValidMonth_ShouldReturnSpanishName(monthNumber: 3, expected: &quot;marzo&quot;)" computerName="MacBook-Pro" duration="00:00:00.0001115" startTime="2025-08-11T23:45:04.3208390-03:00" endTime="2025-08-11T23:45:04.3210320-03:00" testType="13cdc9d9-ddb5-4fa4-a97d-d965ccfc6d4b" outcome="Passed" testListId="8c84fa94-04c1-424b-9868-57a2d4851a1d" relativeResultsDirectory="edb7b1a4-e861-46ca-b0cf-93d487a17d1a" />
    <UnitTestResult executionId="c930cbbc-fde7-40a1-b3d9-3ab26b0bd04b" testId="3a993a67-299c-3f87-5430-509e79a52fc2" testName="FileContentRenamer.Tests.Services.ImageProcessorTests.Constructor_WithNullTesseractDataPath_ShouldNotThrow" computerName="MacBook-Pro" duration="00:00:00.0633574" startTime="2025-08-11T23:45:05.4021170-03:00" endTime="2025-08-11T23:45:05.4430130-03:00" testType="13cdc9d9-ddb5-4fa4-a97d-d965ccfc6d4b" outcome="Passed" testListId="8c84fa94-04c1-424b-9868-57a2d4851a1d" relativeResultsDirectory="c930cbbc-fde7-40a1-b3d9-3ab26b0bd04b" />
    <UnitTestResult executionId="f4ad0ee4-edf4-4551-9e03-c48ac0675e5d" testId="9ceef6d7-c6e7-377c-fe84-df2fd32fca20" testName="FileContentRenamer.Tests.Services.FileValidatorTests.ShouldProcessFile_WithEmptyPath_ShouldReturnFalse" computerName="MacBook-Pro" duration="00:00:00.0004603" startTime="2025-08-11T23:45:04.4913150-03:00" endTime="2025-08-11T23:45:04.4913600-03:00" testType="13cdc9d9-ddb5-4fa4-a97d-d965ccfc6d4b" outcome="Passed" testListId="8c84fa94-04c1-424b-9868-57a2d4851a1d" relativeResultsDirectory="f4ad0ee4-edf4-4551-9e03-c48ac0675e5d" />
    <UnitTestResult executionId="22629992-547f-4cfa-9bfa-2284f60ed381" testId="62c33e58-2f83-26ac-2ae0-9b8229cc93ab" testName="FileContentRenamer.Tests.Services.FileValidatorTests.ValidateFileSize_WithEmptyFile_ShouldLogWarning" computerName="MacBook-Pro" duration="00:00:00.0212396" startTime="2025-08-11T23:45:04.3884680-03:00" endTime="2025-08-11T23:45:04.3895620-03:00" testType="13cdc9d9-ddb5-4fa4-a97d-d965ccfc6d4b" outcome="Passed" testListId="8c84fa94-04c1-424b-9868-57a2d4851a1d" relativeResultsDirectory="22629992-547f-4cfa-9bfa-2284f60ed381" />
    <UnitTestResult executionId="7058c2aa-0704-4ca1-95a4-4d82acd2bc92" testId="6d7beee1-1275-7fbd-2196-741c8c2b81ed" testName="FileContentRenamer.Tests.Models.NamingRulesTests.FindMatchingRule_WithEmptyContent_ShouldReturnNull" computerName="MacBook-Pro" duration="00:00:00.0000453" startTime="2025-08-11T23:45:04.2457810-03:00" endTime="2025-08-11T23:45:04.2460830-03:00" testType="13cdc9d9-ddb5-4fa4-a97d-d965ccfc6d4b" outcome="Passed" testListId="8c84fa94-04c1-424b-9868-57a2d4851a1d" relativeResultsDirectory="7058c2aa-0704-4ca1-95a4-4d82acd2bc92" />
    <UnitTestResult executionId="96fb8099-d9d4-4f45-879b-b5f73897fdde" testId="ff7c2091-3327-e767-4933-31644bd21f67" testName="FileContentRenamer.Tests.Configuration.ServiceConfigurationTests.ConfigureServices_ShouldRegisterAllServices" computerName="MacBook-Pro" duration="00:00:00.0966082" startTime="2025-08-11T23:45:04.3521080-03:00" endTime="2025-08-11T23:45:04.3825570-03:00" testType="13cdc9d9-ddb5-4fa4-a97d-d965ccfc6d4b" outcome="Passed" testListId="8c84fa94-04c1-424b-9868-57a2d4851a1d" relativeResultsDirectory="96fb8099-d9d4-4f45-879b-b5f73897fdde" />
    <UnitTestResult executionId="15243c68-7aff-47d3-bd4e-6b3a24a7730b" testId="e6f8099a-7c83-15b0-1a09-13322c0e5611" testName="FileContentRenamer.Tests.Models.AppConfigTests.LoadFromConfiguration_WithMissingConfigFile_ShouldThrowException" computerName="MacBook-Pro" duration="00:00:00.3353725" startTime="2025-08-11T23:45:04.0951440-03:00" endTime="2025-08-11T23:45:04.5239030-03:00" testType="13cdc9d9-ddb5-4fa4-a97d-d965ccfc6d4b" outcome="Failed" testListId="8c84fa94-04c1-424b-9868-57a2d4851a1d" relativeResultsDirectory="15243c68-7aff-47d3-bd4e-6b3a24a7730b">
      <Output>
        <ErrorInfo>
          <Message>Expected a &lt;System.IO.FileNotFoundException&gt; to be thrown, but no exception was thrown.</Message>
          <StackTrace>   at FluentAssertions.Execution.XUnit2TestFramework.Throw(String message)
   at FluentAssertions.Execution.TestFrameworkProvider.Throw(String message)
   at FluentAssertions.Execution.DefaultAssertionStrategy.HandleFailure(String message)
   at FluentAssertions.Execution.AssertionScope.FailWith(Func`1 failReasonFunc)
   at FluentAssertions.Execution.AssertionScope.FailWith(Func`1 failReasonFunc)
   at FluentAssertions.Execution.AssertionScope.FailWith(String message)
   at FluentAssertions.Specialized.DelegateAssertionsBase`2.ThrowInternal[TException](Exception exception, String because, Object[] becauseArgs)
   at FluentAssertions.Specialized.DelegateAssertions`2.Throw[TException](String because, Object[] becauseArgs)
   at FileContentRenamer.Tests.Models.AppConfigTests.LoadFromConfiguration_WithMissingConfigFile_ShouldThrowException() in /Users/santibraida/Workspace/comprobantes/FileContentRenamer.Tests/Models/AppConfigTests.cs:line 116
   at System.RuntimeMethodHandle.InvokeMethod(Object target, Void** arguments, Signature sig, Boolean isConstructor)
   at System.Reflection.MethodBaseInvoker.InvokeWithNoArgs(Object obj, BindingFlags invokeAttr)</StackTrace>
        </ErrorInfo>
      </Output>
    </UnitTestResult>
    <UnitTestResult executionId="e2a1d2f2-f234-4adf-8f3d-edfb728ee4cb" testId="1fee9821-3919-b84e-fa07-8bc4fb6625e5" testName="FileContentRenamer.Tests.Services.FileValidatorTests.ShouldProcessFile_WithDifferentCasing_ShouldBeCaseInsensitive(filename: &quot;test.Pdf&quot;)" computerName="MacBook-Pro" duration="00:00:00.0013460" startTime="2025-08-11T23:45:04.4153830-03:00" endTime="2025-08-11T23:45:04.4174540-03:00" testType="13cdc9d9-ddb5-4fa4-a97d-d965ccfc6d4b" outcome="Passed" testListId="8c84fa94-04c1-424b-9868-57a2d4851a1d" relativeResultsDirectory="e2a1d2f2-f234-4adf-8f3d-edfb728ee4cb" />
    <UnitTestResult executionId="98c874a5-e2bf-44bd-9d4f-42dee5c1834a" testId="99010084-55ec-2d67-80ac-70f30d045fef" testName="FileContentRenamer.Tests.Services.FilenameGeneratorTests.CleanupFileName_WithVariousInputs_ShouldReturnCleanedName(input: &quot;__file__name__&quot;, expected: &quot;file_name&quot;)" computerName="MacBook-Pro" duration="00:00:00.0000643" startTime="2025-08-11T23:45:04.3566980-03:00" endTime="2025-08-11T23:45:04.3568120-03:00" testType="13cdc9d9-ddb5-4fa4-a97d-d965ccfc6d4b" outcome="Passed" testListId="8c84fa94-04c1-424b-9868-57a2d4851a1d" relativeResultsDirectory="98c874a5-e2bf-44bd-9d4f-42dee5c1834a" />
    <UnitTestResult executionId="7e5c5f91-e9f8-4493-b95c-2808e677cce0" testId="c14045dd-f91b-3e98-d221-a8a83ca7b93f" testName="FileContentRenamer.Tests.Services.FileServiceTests.ProcessFilesAsync_WithParallelProcessing_ShouldProcessMultipleFiles" computerName="MacBook-Pro" duration="00:00:00.2995428" startTime="2025-08-11T23:45:04.0951850-03:00" endTime="2025-08-11T23:45:04.4891420-03:00" testType="13cdc9d9-ddb5-4fa4-a97d-d965ccfc6d4b" outcome="Passed" testListId="8c84fa94-04c1-424b-9868-57a2d4851a1d" relativeResultsDirectory="7e5c5f91-e9f8-4493-b95c-2808e677cce0" />
    <UnitTestResult executionId="d6258b49-8c6d-4cb6-93b6-bdefac087f2d" testId="70962b03-3000-68e4-fd2c-d9ce13588e5d" testName="FileContentRenamer.Tests.Services.TextProcessorTests.CanProcess_WithTxtExtensionDifferentCasing_ShouldReturnTrue(filename: &quot;test.tXt&quot;)" computerName="MacBook-Pro" duration="00:00:00.0002528" startTime="2025-08-11T23:45:04.4928650-03:00" endTime="2025-08-11T23:45:04.4929090-03:00" testType="13cdc9d9-ddb5-4fa4-a97d-d965ccfc6d4b" outcome="Passed" testListId="8c84fa94-04c1-424b-9868-57a2d4851a1d" relativeResultsDirectory="d6258b49-8c6d-4cb6-93b6-bdefac087f2d" />
    <UnitTestResult executionId="ad10b746-ff13-49ed-b1dc-d041c429e900" testId="4bf9f205-774f-fb42-8d24-b7d8013c94d1" testName="FileContentRenamer.Tests.Services.FileServiceTests.ProcessFilesAsync_WithNoProcessorAvailable_ShouldSkipFile" computerName="MacBook-Pro" duration="00:00:00.0233984" startTime="2025-08-11T23:45:04.4941840-03:00" endTime="2025-08-11T23:45:04.4955730-03:00" testType="13cdc9d9-ddb5-4fa4-a97d-d965ccfc6d4b" outcome="Passed" testListId="8c84fa94-04c1-424b-9868-57a2d4851a1d" relativeResultsDirectory="ad10b746-ff13-49ed-b1dc-d041c429e900" />
    <UnitTestResult executionId="481d6694-ced9-49fb-9419-ef7727aaddd1" testId="67877ab3-cd79-0712-f2c5-84dba6ba53b5" testName="FileContentRenamer.Tests.Services.FileValidatorTests.ShouldProcessFile_WithNullPath_ShouldReturnFalse" computerName="MacBook-Pro" duration="00:00:00.0005509" startTime="2025-08-11T23:45:04.4919710-03:00" endTime="2025-08-11T23:45:04.4920100-03:00" testType="13cdc9d9-ddb5-4fa4-a97d-d965ccfc6d4b" outcome="Passed" testListId="8c84fa94-04c1-424b-9868-57a2d4851a1d" relativeResultsDirectory="481d6694-ced9-49fb-9419-ef7727aaddd1" />
    <UnitTestResult executionId="8f65644c-be6b-403d-ba5c-38c775dca4b9" testId="003f2eb1-16a9-1fca-9f6b-de2c702ff29c" testName="FileContentRenamer.Tests.Services.FilenameGeneratorTests.CleanupFileName_WithVariousInputs_ShouldReturnCleanedName(input: &quot;___&quot;, expected: &quot;cleaned_file&quot;)" computerName="MacBook-Pro" duration="00:00:00.0033767" startTime="2025-08-11T23:45:04.3305170-03:00" endTime="2025-08-11T23:45:04.3521480-03:00" testType="13cdc9d9-ddb5-4fa4-a97d-d965ccfc6d4b" outcome="Passed" testListId="8c84fa94-04c1-424b-9868-57a2d4851a1d" relativeResultsDirectory="8f65644c-be6b-403d-ba5c-38c775dca4b9" />
    <UnitTestResult executionId="3a846072-269b-4650-a39d-85004d333bb4" testId="019703dd-2e5c-665b-f543-025b13ca7b6d" testName="FileContentRenamer.Tests.Services.FilenameGeneratorTests.GenerateFilename_WithNullDirectory_ShouldReturnOriginalFilename" computerName="MacBook-Pro" duration="00:00:00.0003410" startTime="2025-08-11T23:45:04.5528900-03:00" endTime="2025-08-11T23:45:04.5534590-03:00" testType="13cdc9d9-ddb5-4fa4-a97d-d965ccfc6d4b" outcome="Passed" testListId="8c84fa94-04c1-424b-9868-57a2d4851a1d" relativeResultsDirectory="3a846072-269b-4650-a39d-85004d333bb4" />
    <UnitTestResult executionId="d8d84f25-a3ce-4362-b6f8-b78b90906311" testId="cd9462e7-2aeb-f1cd-df73-927f31a7638d" testName="FileContentRenamer.Tests.Services.DateExtractorTests.ExtractDateFromContent_WithNoDate_ShouldReturnEmptyString" computerName="MacBook-Pro" duration="00:00:00.0000744" startTime="2025-08-11T23:45:04.2827210-03:00" endTime="2025-08-11T23:45:04.2827510-03:00" testType="13cdc9d9-ddb5-4fa4-a97d-d965ccfc6d4b" outcome="Passed" testListId="8c84fa94-04c1-424b-9868-57a2d4851a1d" relativeResultsDirectory="d8d84f25-a3ce-4362-b6f8-b78b90906311" />
    <UnitTestResult executionId="a6d1d758-50eb-416b-940d-97b94bb8c8a0" testId="43108df8-7f9e-e70a-a456-a12f9dd6bbcf" testName="FileContentRenamer.Tests.Services.DateExtractorTests.ExtractDateFromContent_WithNullContent_ShouldReturnEmptyString" computerName="MacBook-Pro" duration="00:00:00.0000410" startTime="2025-08-11T23:45:04.2458200-03:00" endTime="2025-08-11T23:45:04.2458640-03:00" testType="13cdc9d9-ddb5-4fa4-a97d-d965ccfc6d4b" outcome="Passed" testListId="8c84fa94-04c1-424b-9868-57a2d4851a1d" relativeResultsDirectory="a6d1d758-50eb-416b-940d-97b94bb8c8a0" />
    <UnitTestResult executionId="a92f74ee-f25d-4cd3-b77a-3a3423bf0a39" testId="6cb1a840-6047-af3c-c464-8f4bf5b097d2" testName="FileContentRenamer.Tests.Services.FileValidatorTests.ValidateConfiguration_WithNullFileExtensions_ShouldReturnFalse" computerName="MacBook-Pro" duration="00:00:00.0007834" startTime="2025-08-11T23:45:04.4244590-03:00" endTime="2025-08-11T23:45:04.4245140-03:00" testType="13cdc9d9-ddb5-4fa4-a97d-d965ccfc6d4b" outcome="Passed" testListId="8c84fa94-04c1-424b-9868-57a2d4851a1d" relativeResultsDirectory="a92f74ee-f25d-4cd3-b77a-3a3423bf0a39" />
    <UnitTestResult executionId="9942302f-566b-4756-93d9-7bbb67b5f3a2" testId="aa7a6137-3efe-902b-7df5-672c2c4d55d3" testName="FileContentRenamer.Tests.Services.PdfProcessorTests.CanProcess_WithNonPdfExtension_ShouldReturnFalse(filename: &quot;test.docx&quot;)" computerName="MacBook-Pro" duration="00:00:00.0002337" startTime="2025-08-11T23:45:04.5523320-03:00" endTime="2025-08-11T23:45:04.5529280-03:00" testType="13cdc9d9-ddb5-4fa4-a97d-d965ccfc6d4b" outcome="Passed" testListId="8c84fa94-04c1-424b-9868-57a2d4851a1d" relativeResultsDirectory="9942302f-566b-4756-93d9-7bbb67b5f3a2" />
    <UnitTestResult executionId="7efdf8d0-d9ea-49ce-a7dc-49ab6ea08af3" testId="6d830e63-8fcb-8140-fe0b-9a127d46ab00" testName="FileContentRenamer.Tests.Services.FileValidatorTests.ShouldProcessFile_WithValidExtensions_ShouldReturnTrue(extension: &quot;.jpg&quot;)" computerName="MacBook-Pro" duration="00:00:00.0003814" startTime="2025-08-11T23:45:04.3920310-03:00" endTime="2025-08-11T23:45:04.3920750-03:00" testType="13cdc9d9-ddb5-4fa4-a97d-d965ccfc6d4b" outcome="Passed" testListId="8c84fa94-04c1-424b-9868-57a2d4851a1d" relativeResultsDirectory="7efdf8d0-d9ea-49ce-a7dc-49ab6ea08af3" />
    <UnitTestResult executionId="7041a065-1fd3-4bbe-bc20-74f0da5e1434" testId="999b4cf4-0fb5-ec67-530a-d59638da1c9d" testName="FileContentRenamer.Tests.Services.DateExtractorTests.ExtractDateFromContent_WithInvalidSpanishMonth_ShouldFallbackToOtherFormats" computerName="MacBook-Pro" duration="00:00:00.0000609" startTime="2025-08-11T23:45:04.2807440-03:00" endTime="2025-08-11T23:45:04.2807810-03:00" testType="13cdc9d9-ddb5-4fa4-a97d-d965ccfc6d4b" outcome="Passed" testListId="8c84fa94-04c1-424b-9868-57a2d4851a1d" relativeResultsDirectory="7041a065-1fd3-4bbe-bc20-74f0da5e1434" />
    <UnitTestResult executionId="7cbbfeec-6ad2-4da6-b8bb-f7ac02bdd46b" testId="31f3b2f4-1b28-6746-2403-d25f9fbdfdf8" testName="FileContentRenamer.Tests.Services.DirectoryOrganizerTests.OrganizeFileIntoDirectoryStructure_InYearFolderDifferentMonth_ShouldMoveToCorrectMonth" computerName="MacBook-Pro" duration="00:00:00.0021448" startTime="2025-08-11T23:45:04.2916830-03:00" endTime="2025-08-11T23:45:04.3176760-03:00" testType="13cdc9d9-ddb5-4fa4-a97d-d965ccfc6d4b" outcome="Passed" testListId="8c84fa94-04c1-424b-9868-57a2d4851a1d" relativeResultsDirectory="7cbbfeec-6ad2-4da6-b8bb-f7ac02bdd46b" />
    <UnitTestResult executionId="00d2a845-928a-4cf0-b923-3e4fa5354b65" testId="33f7c76c-bb78-6b08-abcd-e808bcbcf4f9" testName="FileContentRenamer.Tests.Services.TextProcessorTests.ExtractContentAsync_WithOnlyWhitespace_ShouldReturnWhitespace" computerName="MacBook-Pro" duration="00:00:00.0047425" startTime="2025-08-11T23:45:04.4955410-03:00" endTime="2025-08-11T23:45:04.5282230-03:00" testType="13cdc9d9-ddb5-4fa4-a97d-d965ccfc6d4b" outcome="Passed" testListId="8c84fa94-04c1-424b-9868-57a2d4851a1d" relativeResultsDirectory="00d2a845-928a-4cf0-b923-3e4fa5354b65" />
    <UnitTestResult executionId="f7dfe028-74d6-4fa7-a2b5-7861509e4064" testId="7511a43c-a4b1-13d6-6238-776526db53ad" testName="FileContentRenamer.Tests.Services.ImageProcessorTests.Constructor_WithNonExistentTesseractDataPath_ShouldCreateDirectory" computerName="MacBook-Pro" duration="00:00:00.0714458" startTime="2025-08-11T23:45:04.8335430-03:00" endTime="2025-08-11T23:45:04.8811320-03:00" testType="13cdc9d9-ddb5-4fa4-a97d-d965ccfc6d4b" outcome="Passed" testListId="8c84fa94-04c1-424b-9868-57a2d4851a1d" relativeResultsDirectory="f7dfe028-74d6-4fa7-a2b5-7861509e4064" />
    <UnitTestResult executionId="450b1ac9-3e5e-418e-940f-9681c4d7b225" testId="d0d2c3b5-6a63-09c0-0a9b-894aa7a6f45d" testName="FileContentRenamer.Tests.Services.FileServiceTests.ProcessFilesAsync_WithInvalidConfiguration_ShouldReturnEarly" computerName="MacBook-Pro" duration="00:00:00.0195221" startTime="2025-08-11T23:45:04.6041110-03:00" endTime="2025-08-11T23:45:04.6041620-03:00" testType="13cdc9d9-ddb5-4fa4-a97d-d965ccfc6d4b" outcome="Passed" testListId="8c84fa94-04c1-424b-9868-57a2d4851a1d" relativeResultsDirectory="450b1ac9-3e5e-418e-940f-9681c4d7b225" />
    <UnitTestResult executionId="cbd8b047-4297-4ba9-96c7-df84ed3635c5" testId="a86e36e4-e94e-5f42-8494-d796a058bcf2" testName="FileContentRenamer.Tests.Services.DirectoryOrganizerTests.IsInYearMonthStructure_WithInvalidStructure_ShouldReturnFalse(folderName: &quot;2024_not_year&quot;)" computerName="MacBook-Pro" duration="00:00:00.0004832" startTime="2025-08-11T23:45:04.3235570-03:00" endTime="2025-08-11T23:45:04.3236320-03:00" testType="13cdc9d9-ddb5-4fa4-a97d-d965ccfc6d4b" outcome="Passed" testListId="8c84fa94-04c1-424b-9868-57a2d4851a1d" relativeResultsDirectory="cbd8b047-4297-4ba9-96c7-df84ed3635c5" />
    <UnitTestResult executionId="9e3fe44a-aa76-42b8-bef6-5b358e69cb9d" testId="6d87e1fd-55be-eef4-fa85-511734dc705c" testName="FileContentRenamer.Tests.Services.PdfProcessorTests.CanProcess_WithPdfExtensionVariations_ShouldReturnTrue(filename: &quot;document.pdf&quot;)" computerName="MacBook-Pro" duration="00:00:00.0205410" startTime="2025-08-11T23:45:04.5764760-03:00" endTime="2025-08-11T23:45:04.5765260-03:00" testType="13cdc9d9-ddb5-4fa4-a97d-d965ccfc6d4b" outcome="Passed" testListId="8c84fa94-04c1-424b-9868-57a2d4851a1d" relativeResultsDirectory="9e3fe44a-aa76-42b8-bef6-5b358e69cb9d" />
    <UnitTestResult executionId="e1755c71-e82a-4edf-96f1-26de7b3a69e5" testId="10d7715a-d53b-4b8e-fcec-78d41ef67dac" testName="FileContentRenamer.Tests.Services.TextProcessorTests.CanProcess_WithTxtExtension_ShouldReturnTrue" computerName="MacBook-Pro" duration="00:00:00.0002270" startTime="2025-08-11T23:45:04.5285370-03:00" endTime="2025-08-11T23:45:04.5285820-03:00" testType="13cdc9d9-ddb5-4fa4-a97d-d965ccfc6d4b" outcome="Passed" testListId="8c84fa94-04c1-424b-9868-57a2d4851a1d" relativeResultsDirectory="e1755c71-e82a-4edf-96f1-26de7b3a69e5" />
    <UnitTestResult executionId="bffb1afb-9b2e-4f1f-b307-7204c3767f9c" testId="44b78ff5-3e7b-b701-e798-52be3aafb6cb" testName="FileContentRenamer.Tests.Services.FilenameGeneratorTests.GenerateUniqueFilename_WithMultipleExistingFiles_ShouldReturnNextAvailableNumber" computerName="MacBook-Pro" duration="00:00:00.0026963" startTime="2025-08-11T23:45:04.5281700-03:00" endTime="2025-08-11T23:45:04.5499600-03:00" testType="13cdc9d9-ddb5-4fa4-a97d-d965ccfc6d4b" outcome="Passed" testListId="8c84fa94-04c1-424b-9868-57a2d4851a1d" relativeResultsDirectory="bffb1afb-9b2e-4f1f-b307-7204c3767f9c" />
    <UnitTestResult executionId="0812fda4-4db3-4ca4-a40c-b673876b82e1" testId="5d659f4c-0006-5095-6e01-261fba69eeb2" testName="FileContentRenamer.Tests.Services.FileValidatorTests.ShouldProcessFile_WithInvalidExtensions_ShouldReturnFalse(extension: &quot;.xlsx&quot;)" computerName="MacBook-Pro" duration="00:00:00.0010656" startTime="2025-08-11T23:45:04.3517460-03:00" endTime="2025-08-11T23:45:04.3524710-03:00" testType="13cdc9d9-ddb5-4fa4-a97d-d965ccfc6d4b" outcome="Passed" testListId="8c84fa94-04c1-424b-9868-57a2d4851a1d" relativeResultsDirectory="0812fda4-4db3-4ca4-a40c-b673876b82e1" />
    <UnitTestResult executionId="5067e403-2d53-4aaf-9a0c-9f7afd82ff45" testId="2fcf9509-91d2-8211-d6e4-a72c7870e72f" testName="FileContentRenamer.Tests.Services.ImageProcessorTests.CanProcess_WithImageExtensionsDifferentCasing_ShouldReturnTrue(extension: &quot;.JPEG&quot;)" computerName="MacBook-Pro" duration="00:00:00.0316487" startTime="2025-08-11T23:45:04.7334260-03:00" endTime="2025-08-11T23:45:04.7431170-03:00" testType="13cdc9d9-ddb5-4fa4-a97d-d965ccfc6d4b" outcome="Passed" testListId="8c84fa94-04c1-424b-9868-57a2d4851a1d" relativeResultsDirectory="5067e403-2d53-4aaf-9a0c-9f7afd82ff45" />
    <UnitTestResult executionId="6ac13555-361d-47e1-aad8-c656e1be3023" testId="15d0df81-8794-5fa5-b2c8-6331ce7be91e" testName="FileContentRenamer.Tests.Services.TextProcessorTests.ExtractContentAsync_WithLargeFile_ShouldReturnFirst1000Characters" computerName="MacBook-Pro" duration="00:00:00.0033425" startTime="2025-08-11T23:45:04.4948260-03:00" endTime="2025-08-11T23:45:04.4948750-03:00" testType="13cdc9d9-ddb5-4fa4-a97d-d965ccfc6d4b" outcome="Passed" testListId="8c84fa94-04c1-424b-9868-57a2d4851a1d" relativeResultsDirectory="6ac13555-361d-47e1-aad8-c656e1be3023" />
    <UnitTestResult executionId="eb745526-4b62-4b73-91df-63c97c6d9b73" testId="4a85101f-96ab-da99-c27c-46820deea64a" testName="FileContentRenamer.Tests.Services.FilenameGeneratorTests.CleanupFileName_WithVariousInputs_ShouldReturnCleanedName(input: &quot;valid_filename&quot;, expected: &quot;valid_filename&quot;)" computerName="MacBook-Pro" duration="00:00:00.0000284" startTime="2025-08-11T23:45:04.3578630-03:00" endTime="2025-08-11T23:45:04.3580900-03:00" testType="13cdc9d9-ddb5-4fa4-a97d-d965ccfc6d4b" outcome="Passed" testListId="8c84fa94-04c1-424b-9868-57a2d4851a1d" relativeResultsDirectory="eb745526-4b62-4b73-91df-63c97c6d9b73" />
    <UnitTestResult executionId="c0920fe6-f4c2-4f2b-bffb-d538e0563832" testId="2256e44b-d5c1-25c7-1712-2e03764de95a" testName="FileContentRenamer.Tests.Services.FileValidatorTests.ShouldProcessFile_WithValidFile_ShouldReturnTrue" computerName="MacBook-Pro" duration="00:00:00.0012165" startTime="2025-08-11T23:45:04.4202040-03:00" endTime="2025-08-11T23:45:04.4204470-03:00" testType="13cdc9d9-ddb5-4fa4-a97d-d965ccfc6d4b" outcome="Passed" testListId="8c84fa94-04c1-424b-9868-57a2d4851a1d" relativeResultsDirectory="c0920fe6-f4c2-4f2b-bffb-d538e0563832" />
    <UnitTestResult executionId="9f045f1a-cd86-42c9-9a29-499cdd717af4" testId="cb98919d-41c2-f114-3856-49dce9ef8634" testName="FileContentRenamer.Tests.Services.ImageProcessorTests.ExtractContentAsync_WithInvalidImageFile_ShouldReturnEmptyString" computerName="MacBook-Pro" duration="00:00:00.1112896" startTime="2025-08-11T23:45:04.9045990-03:00" endTime="2025-08-11T23:45:04.9927350-03:00" testType="13cdc9d9-ddb5-4fa4-a97d-d965ccfc6d4b" outcome="Passed" testListId="8c84fa94-04c1-424b-9868-57a2d4851a1d" relativeResultsDirectory="9f045f1a-cd86-42c9-9a29-499cdd717af4" />
    <UnitTestResult executionId="8cc55499-92d8-4840-a1aa-7e6b85bb19b8" testId="5126ad9e-208d-14c5-d223-4d3af568be87" testName="FileContentRenamer.Tests.Services.FilenameGeneratorTests.GenerateFilename_WithNoDateInContent_ShouldUseCurrentDate" computerName="MacBook-Pro" duration="00:00:00.1017397" startTime="2025-08-11T23:45:04.3617600-03:00" endTime="2025-08-11T23:45:04.3837810-03:00" testType="13cdc9d9-ddb5-4fa4-a97d-d965ccfc6d4b" outcome="Passed" testListId="8c84fa94-04c1-424b-9868-57a2d4851a1d" relativeResultsDirectory="8cc55499-92d8-4840-a1aa-7e6b85bb19b8" />
    <UnitTestResult executionId="2bd24565-2f66-4f04-94f7-6822e3edfff7" testId="8b50f6a7-4d32-7ee6-c298-95c6826dd2dd" testName="FileContentRenamer.Tests.Services.ImageProcessorTests.CanProcess_WithImageExtensions_ShouldReturnTrue(extension: &quot;.png&quot;)" computerName="MacBook-Pro" duration="00:00:00.0312288" startTime="2025-08-11T23:45:04.6059880-03:00" endTime="2025-08-11T23:45:04.6137920-03:00" testType="13cdc9d9-ddb5-4fa4-a97d-d965ccfc6d4b" outcome="Passed" testListId="8c84fa94-04c1-424b-9868-57a2d4851a1d" relativeResultsDirectory="2bd24565-2f66-4f04-94f7-6822e3edfff7" />
    <UnitTestResult executionId="972c857e-7875-4082-b7ed-1aa07c777079" testId="30667a3d-da81-f223-5d62-6b3c054e0a23" testName="FileContentRenamer.Tests.Services.PdfProcessorTests.CanProcess_WithPdfExtensionDifferentCasing_ShouldReturnTrue(filename: &quot;test.pDf&quot;)" computerName="MacBook-Pro" duration="00:00:00.0001195" startTime="2025-08-11T23:45:04.5496290-03:00" endTime="2025-08-11T23:45:04.5496670-03:00" testType="13cdc9d9-ddb5-4fa4-a97d-d965ccfc6d4b" outcome="Passed" testListId="8c84fa94-04c1-424b-9868-57a2d4851a1d" relativeResultsDirectory="972c857e-7875-4082-b7ed-1aa07c777079" />
    <UnitTestResult executionId="07f88b70-1a18-41ed-b904-ff7506bc625d" testId="5350316f-15de-b350-a21b-48de21601546" testName="FileContentRenamer.Tests.Services.PdfProcessorTests.CanProcess_WithNonPdfExtension_ShouldReturnFalse(filename: &quot;test&quot;)" computerName="MacBook-Pro" duration="00:00:00.0002105" startTime="2025-08-11T23:45:04.5520360-03:00" endTime="2025-08-11T23:45:04.5520770-03:00" testType="13cdc9d9-ddb5-4fa4-a97d-d965ccfc6d4b" outcome="Passed" testListId="8c84fa94-04c1-424b-9868-57a2d4851a1d" relativeResultsDirectory="07f88b70-1a18-41ed-b904-ff7506bc625d" />
    <UnitTestResult executionId="2e4948c1-6718-4d6f-a882-ec780f676c51" testId="e47068f5-ce83-2091-31a6-2a3fb625188b" testName="FileContentRenamer.Tests.Services.DirectoryOrganizerTests.IsInYearMonthStructure_WithNonExistentPath_ShouldReturnFalse" computerName="MacBook-Pro" duration="00:00:00.0005080" startTime="2025-08-11T23:45:04.3272230-03:00" endTime="2025-08-11T23:45:04.3291460-03:00" testType="13cdc9d9-ddb5-4fa4-a97d-d965ccfc6d4b" outcome="Passed" testListId="8c84fa94-04c1-424b-9868-57a2d4851a1d" relativeResultsDirectory="2e4948c1-6718-4d6f-a882-ec780f676c51" />
    <UnitTestResult executionId="0c1d38ba-53ac-4c4f-b2ec-ba9a8aee3c32" testId="5ba61b11-551a-10ce-86ec-bdc1ee67e90e" testName="FileContentRenamer.Tests.Services.FileValidatorTests.ValidateConfiguration_WithEmptyBasePath_ShouldReturnFalse" computerName="MacBook-Pro" duration="00:00:00.0006316" startTime="2025-08-11T23:45:04.4905970-03:00" endTime="2025-08-11T23:45:04.4906480-03:00" testType="13cdc9d9-ddb5-4fa4-a97d-d965ccfc6d4b" outcome="Passed" testListId="8c84fa94-04c1-424b-9868-57a2d4851a1d" relativeResultsDirectory="0c1d38ba-53ac-4c4f-b2ec-ba9a8aee3c32" />
    <UnitTestResult executionId="2d20c25f-bee9-43db-a143-f88e1d647d1f" testId="d6d3d886-1a00-8e52-5627-e1236e6e1c62" testName="FileContentRenamer.Tests.Services.FilenameGeneratorTests.IsAlreadyNamedFilename_WithInvalidFormats_ShouldReturnFalse(filename: &quot;service_payment&quot;)" computerName="MacBook-Pro" duration="00:00:00.0005493" startTime="2025-08-11T23:45:04.3598440-03:00" endTime="2025-08-11T23:45:04.3601860-03:00" testType="13cdc9d9-ddb5-4fa4-a97d-d965ccfc6d4b" outcome="Passed" testListId="8c84fa94-04c1-424b-9868-57a2d4851a1d" relativeResultsDirectory="2d20c25f-bee9-43db-a143-f88e1d647d1f" />
    <UnitTestResult executionId="6da89c98-079d-46bf-9fdd-8529c94963ad" testId="1f3ff8e1-e91a-ea79-b96f-cb3e726fda8c" testName="FileContentRenamer.Tests.Services.DirectoryOrganizerTests.OrganizeFileIntoDirectoryStructure_AlreadyInCorrectStructure_ShouldReturnSamePath" computerName="MacBook-Pro" duration="00:00:00.0007880" startTime="2025-08-11T23:45:04.5738980-03:00" endTime="2025-08-11T23:45:04.5741540-03:00" testType="13cdc9d9-ddb5-4fa4-a97d-d965ccfc6d4b" outcome="Passed" testListId="8c84fa94-04c1-424b-9868-57a2d4851a1d" relativeResultsDirectory="6da89c98-079d-46bf-9fdd-8529c94963ad" />
    <UnitTestResult executionId="189e5e53-9236-41c5-9c25-7ffc1edfa35f" testId="d60b51ff-35d6-643f-09d4-bd5f7bbab23c" testName="FileContentRenamer.Tests.Services.TextProcessorTests.CanProcess_WithNonTxtExtension_ShouldReturnFalse(filename: &quot;test.jpg&quot;)" computerName="MacBook-Pro" duration="00:00:00.0001957" startTime="2025-08-11T23:45:04.4877480-03:00" endTime="2025-08-11T23:45:04.4878110-03:00" testType="13cdc9d9-ddb5-4fa4-a97d-d965ccfc6d4b" outcome="Passed" testListId="8c84fa94-04c1-424b-9868-57a2d4851a1d" relativeResultsDirectory="189e5e53-9236-41c5-9c25-7ffc1edfa35f" />
    <UnitTestResult executionId="885b6385-49c8-4e69-9c9a-7e5768bc735e" testId="b3f5716b-ac2d-a73d-5199-29412e45cde1" testName="FileContentRenamer.Tests.Services.FilenameGeneratorTests.CleanupFileName_WithVariousInputs_ShouldReturnCleanedName(input: &quot;&quot;, expected: &quot;unknown_file&quot;)" computerName="MacBook-Pro" duration="00:00:00.0000220" startTime="2025-08-11T23:45:04.3588480-03:00" endTime="2025-08-11T23:45:04.3588810-03:00" testType="13cdc9d9-ddb5-4fa4-a97d-d965ccfc6d4b" outcome="Passed" testListId="8c84fa94-04c1-424b-9868-57a2d4851a1d" relativeResultsDirectory="885b6385-49c8-4e69-9c9a-7e5768bc735e" />
    <UnitTestResult executionId="e8dbba95-1f6b-4393-9030-969be6197ed0" testId="50fa8f71-8d78-c5b2-6484-06fffd5546d4" testName="FileContentRenamer.Tests.Services.FilenameGeneratorTests.GenerateUniqueFilename_WithExistingFile_ShouldReturnNumberedVersion" computerName="MacBook-Pro" duration="00:00:00.0005879" startTime="2025-08-11T23:45:04.5505190-03:00" endTime="2025-08-11T23:45:04.5508190-03:00" testType="13cdc9d9-ddb5-4fa4-a97d-d965ccfc6d4b" outcome="Passed" testListId="8c84fa94-04c1-424b-9868-57a2d4851a1d" relativeResultsDirectory="e8dbba95-1f6b-4393-9030-969be6197ed0" />
    <UnitTestResult executionId="13d31b12-8f2e-4df0-905e-e5e299a05b21" testId="c8e339c4-495d-6682-fb59-508814014af3" testName="FileContentRenamer.Tests.Models.AppConfigTests.AppConfig_DefaultValues_ShouldBeSetCorrectly" computerName="MacBook-Pro" duration="00:00:00.0005793" startTime="2025-08-11T23:45:05.1526010-03:00" endTime="2025-08-11T23:45:05.1526760-03:00" testType="13cdc9d9-ddb5-4fa4-a97d-d965ccfc6d4b" outcome="Passed" testListId="8c84fa94-04c1-424b-9868-57a2d4851a1d" relativeResultsDirectory="13d31b12-8f2e-4df0-905e-e5e299a05b21" />
    <UnitTestResult executionId="30ac7ff5-48fc-4c46-8964-604459e582de" testId="f8b329c4-164a-78d1-46cd-26aea567ce35" testName="FileContentRenamer.Tests.Services.ImageProcessorTests.CanProcess_WithNonImageExtension_ShouldReturnFalse(extension: &quot;.pdf&quot;)" computerName="MacBook-Pro" duration="00:00:00.0340001" startTime="2025-08-11T23:45:04.3895160-03:00" endTime="2025-08-11T23:45:04.4223340-03:00" testType="13cdc9d9-ddb5-4fa4-a97d-d965ccfc6d4b" outcome="Passed" testListId="8c84fa94-04c1-424b-9868-57a2d4851a1d" relativeResultsDirectory="30ac7ff5-48fc-4c46-8964-604459e582de" />
    <UnitTestResult executionId="f91569c2-a588-4d98-8745-d1ce329ea11f" testId="b0606947-aad7-eee5-1152-2a1ec56d9255" testName="FileContentRenamer.Tests.Services.DirectoryOrganizerTests.IsInYearMonthStructure_WithInvalidStructure_ShouldReturnFalse(folderName: &quot;regular_folder&quot;)" computerName="MacBook-Pro" duration="00:00:00.0005194" startTime="2025-08-11T23:45:04.3226970-03:00" endTime="2025-08-11T23:45:04.3227450-03:00" testType="13cdc9d9-ddb5-4fa4-a97d-d965ccfc6d4b" outcome="Passed" testListId="8c84fa94-04c1-424b-9868-57a2d4851a1d" relativeResultsDirectory="f91569c2-a588-4d98-8745-d1ce329ea11f" />
    <UnitTestResult executionId="993c65ef-74cb-49ed-899e-953d22a06a5d" testId="ea32b4ee-de29-bcf5-9e6a-b7b5b963e16b" testName="FileContentRenamer.Tests.Services.FileValidatorTests.ShouldProcessFile_WithInvalidExtensions_ShouldReturnFalse(extension: &quot;.png&quot;)" computerName="MacBook-Pro" duration="00:00:00.0014196" startTime="2025-08-11T23:45:04.3537910-03:00" endTime="2025-08-11T23:45:04.3598810-03:00" testType="13cdc9d9-ddb5-4fa4-a97d-d965ccfc6d4b" outcome="Passed" testListId="8c84fa94-04c1-424b-9868-57a2d4851a1d" relativeResultsDirectory="993c65ef-74cb-49ed-899e-953d22a06a5d" />
    <UnitTestResult executionId="2fb60be3-47d2-4b32-b84a-c24d5c41a555" testId="4d791645-14ca-671e-50ed-7143a80c7959" testName="FileContentRenamer.Tests.Services.DateExtractorTests.ExtractDateFromContent_WithGenericDateFormat_ShouldReturnCorrectDate" computerName="MacBook-Pro" duration="00:00:00.0000571" startTime="2025-08-11T23:45:04.2759250-03:00" endTime="2025-08-11T23:45:04.2761230-03:00" testType="13cdc9d9-ddb5-4fa4-a97d-d965ccfc6d4b" outcome="Passed" testListId="8c84fa94-04c1-424b-9868-57a2d4851a1d" relativeResultsDirectory="2fb60be3-47d2-4b32-b84a-c24d5c41a555" />
    <UnitTestResult executionId="ab0a27f0-9435-4f06-a7c4-add992ce1ff0" testId="2df2278f-2596-2f16-dbea-2fed2d64436a" testName="FileContentRenamer.Tests.Models.AppConfigTests.LoadFromConfiguration_WithValidConfigFile_ShouldLoadCorrectly" computerName="MacBook-Pro" duration="00:00:00.0841303" startTime="2025-08-11T23:45:04.5783790-03:00" endTime="2025-08-11T23:45:04.6044170-03:00" testType="13cdc9d9-ddb5-4fa4-a97d-d965ccfc6d4b" outcome="Failed" testListId="8c84fa94-04c1-424b-9868-57a2d4851a1d" relativeResultsDirectory="ab0a27f0-9435-4f06-a7c4-add992ce1ff0">
      <Output>
        <ErrorInfo>
          <Message>Expected result.LastUsedPath to be "/var/folders/x1/bt0l1hlj3xxfgmlll69gmfr40000gn/T/4119f45e-1dcd-41ad-9a1b-3a30d2b55866" with a length of 85, but "" has a length of 0, differs near "" (index 0).</Message>
          <StackTrace>   at FluentAssertions.Execution.XUnit2TestFramework.Throw(String message)
   at FluentAssertions.Execution.TestFrameworkProvider.Throw(String message)
   at FluentAssertions.Execution.DefaultAssertionStrategy.HandleFailure(String message)
   at FluentAssertions.Execution.AssertionScope.FailWith(Func`1 failReasonFunc)
   at FluentAssertions.Execution.AssertionScope.FailWith(Func`1 failReasonFunc)
   at FluentAssertions.Primitives.StringEqualityValidator.ValidateAgainstLengthDifferences()
   at FluentAssertions.Primitives.StringValidator.Validate()
   at FluentAssertions.Primitives.StringAssertions`1.Be(String expected, String because, Object[] becauseArgs)
   at FileContentRenamer.Tests.Models.AppConfigTests.LoadFromConfiguration_WithValidConfigFile_ShouldLoadCorrectly() in /Users/santibraida/Workspace/comprobantes/FileContentRenamer.Tests/Models/AppConfigTests.cs:line 94
   at System.RuntimeMethodHandle.InvokeMethod(Object target, Void** arguments, Signature sig, Boolean isConstructor)
   at System.Reflection.MethodBaseInvoker.InvokeWithNoArgs(Object obj, BindingFlags invokeAttr)</StackTrace>
        </ErrorInfo>
      </Output>
    </UnitTestResult>
    <UnitTestResult executionId="73d2e3ba-3bfb-43f3-af54-42b7d4d95ca1" testId="df0ff2b1-bb1d-04f9-1b59-ee245aa596c1" testName="FileContentRenamer.Tests.Services.FileValidatorTests.ShouldSkipAlreadyNamedFile_WithAlreadyNamedFile_ShouldReturnTrue" computerName="MacBook-Pro" duration="00:00:00.0006228" startTime="2025-08-11T23:45:04.4191380-03:00" endTime="2025-08-11T23:45:04.4191830-03:00" testType="13cdc9d9-ddb5-4fa4-a97d-d965ccfc6d4b" outcome="Passed" testListId="8c84fa94-04c1-424b-9868-57a2d4851a1d" relativeResultsDirectory="73d2e3ba-3bfb-43f3-af54-42b7d4d95ca1" />
    <UnitTestResult executionId="2dc477a3-8406-47f0-abfd-d7a281f1294b" testId="eda4a5c5-8fa3-8699-5242-449863672e55" testName="FileContentRenamer.Tests.Models.NamingRuleTests.Matches_WithCaseInsensitiveKeywords_ShouldReturnTrue" computerName="MacBook-Pro" duration="00:00:00.0000979" startTime="2025-08-11T23:45:04.3166540-03:00" endTime="2025-08-11T23:45:04.3170550-03:00" testType="13cdc9d9-ddb5-4fa4-a97d-d965ccfc6d4b" outcome="Passed" testListId="8c84fa94-04c1-424b-9868-57a2d4851a1d" relativeResultsDirectory="2dc477a3-8406-47f0-abfd-d7a281f1294b" />
    <UnitTestResult executionId="2f5416e6-0ce4-4903-83bd-d4dfc8a4fd8f" testId="0585f1ec-f642-09e1-866f-6d3653426f93" testName="FileContentRenamer.Tests.Services.FileValidatorTests.ShouldSkipAlreadyNamedFile_WithNotAlreadyNamedFile_ShouldReturnFalse" computerName="MacBook-Pro" duration="00:00:00.0004918" startTime="2025-08-11T23:45:04.4214940-03:00" endTime="2025-08-11T23:45:04.4215490-03:00" testType="13cdc9d9-ddb5-4fa4-a97d-d965ccfc6d4b" outcome="Passed" testListId="8c84fa94-04c1-424b-9868-57a2d4851a1d" relativeResultsDirectory="2f5416e6-0ce4-4903-83bd-d4dfc8a4fd8f" />
    <UnitTestResult executionId="a17b5ab5-873a-4bcf-bbba-d009ec2d83b4" testId="871d08c9-a126-7256-6ea3-61a20f361a2f" testName="FileContentRenamer.Tests.Services.ImageProcessorTests.ExtractContentAsync_WithInvalidTesseractDataPath_ShouldReturnEmpty" computerName="MacBook-Pro" duration="00:00:00.0833228" startTime="2025-08-11T23:45:05.2210670-03:00" endTime="2025-08-11T23:45:05.2778410-03:00" testType="13cdc9d9-ddb5-4fa4-a97d-d965ccfc6d4b" outcome="Passed" testListId="8c84fa94-04c1-424b-9868-57a2d4851a1d" relativeResultsDirectory="a17b5ab5-873a-4bcf-bbba-d009ec2d83b4" />
    <UnitTestResult executionId="037e6618-32b7-4b7a-83d6-ed5a2289d82a" testId="75b52445-788c-0c2d-ad1d-9437d196417b" testName="FileContentRenamer.Tests.Services.TextProcessorTests.ExtractContentAsync_WithMultilineContent_ShouldReturnContent" computerName="MacBook-Pro" duration="00:00:00.0688629" startTime="2025-08-11T23:45:04.3251620-03:00" endTime="2025-08-11T23:45:04.3500220-03:00" testType="13cdc9d9-ddb5-4fa4-a97d-d965ccfc6d4b" outcome="Passed" testListId="8c84fa94-04c1-424b-9868-57a2d4851a1d" relativeResultsDirectory="037e6618-32b7-4b7a-83d6-ed5a2289d82a" />
    <UnitTestResult executionId="933ba44a-24d5-4334-b94b-0284d675136f" testId="01a2041b-e2e4-e363-0b4d-3c74dc73e548" testName="FileContentRenamer.Tests.Services.FileValidatorTests.ValidateFileSize_WithNormalFile_ShouldNotThrow" computerName="MacBook-Pro" duration="00:00:00.0018712" startTime="2025-08-11T23:45:04.4684630-03:00" endTime="2025-08-11T23:45:04.4899850-03:00" testType="13cdc9d9-ddb5-4fa4-a97d-d965ccfc6d4b" outcome="Passed" testListId="8c84fa94-04c1-424b-9868-57a2d4851a1d" relativeResultsDirectory="933ba44a-24d5-4334-b94b-0284d675136f" />
    <UnitTestResult executionId="b1e03368-aee6-4cdf-a9d3-f8099be97eb9" testId="fde0012a-20a9-aebc-bee1-b5bf65a4ee27" testName="FileContentRenamer.Tests.Models.NamingRulesTests.FindMatchingRule_WithFirstRuleMatching_ShouldReturnFirstRule" computerName="MacBook-Pro" duration="00:00:00.0001058" startTime="2025-08-11T23:45:04.2860590-03:00" endTime="2025-08-11T23:45:04.2861180-03:00" testType="13cdc9d9-ddb5-4fa4-a97d-d965ccfc6d4b" outcome="Passed" testListId="8c84fa94-04c1-424b-9868-57a2d4851a1d" relativeResultsDirectory="b1e03368-aee6-4cdf-a9d3-f8099be97eb9" />
    <UnitTestResult executionId="5ed6b8a8-217f-41b8-b449-e259c7167778" testId="74c0392b-8615-24d3-2fd0-e6af46d2098a" testName="FileContentRenamer.Tests.Models.NamingRulesTests.Constructor_WithParameters_ShouldSetValues" computerName="MacBook-Pro" duration="00:00:00.0000670" startTime="2025-08-11T23:45:04.2845650-03:00" endTime="2025-08-11T23:45:04.2845940-03:00" testType="13cdc9d9-ddb5-4fa4-a97d-d965ccfc6d4b" outcome="Passed" testListId="8c84fa94-04c1-424b-9868-57a2d4851a1d" relativeResultsDirectory="5ed6b8a8-217f-41b8-b449-e259c7167778" />
    <UnitTestResult executionId="41981cee-33c3-499e-91a7-e1ea3e0911f9" testId="08a52aeb-79ca-913a-5dc9-ebd6568dcfe7" testName="FileContentRenamer.Tests.Services.ImageProcessorTests.Constructor_WithNewTesseractDataPath_ShouldCreateDirectory" computerName="MacBook-Pro" duration="00:00:00.0681672" startTime="2025-08-11T23:45:05.1485510-03:00" endTime="2025-08-11T23:45:05.1944120-03:00" testType="13cdc9d9-ddb5-4fa4-a97d-d965ccfc6d4b" outcome="Passed" testListId="8c84fa94-04c1-424b-9868-57a2d4851a1d" relativeResultsDirectory="41981cee-33c3-499e-91a7-e1ea3e0911f9" />
    <UnitTestResult executionId="6675d411-b4ab-488a-b124-4e294d7ba7fe" testId="7f685fe8-e8c1-84de-476c-7b3537eb652d" testName="FileContentRenamer.Tests.Services.DateExtractorTests.ExtractDateFromFilename_WithNullFilename_ShouldThrowArgumentNullException" computerName="MacBook-Pro" duration="00:00:00.0019639" startTime="2025-08-11T23:45:04.2793460-03:00" endTime="2025-08-11T23:45:04.2793770-03:00" testType="13cdc9d9-ddb5-4fa4-a97d-d965ccfc6d4b" outcome="Passed" testListId="8c84fa94-04c1-424b-9868-57a2d4851a1d" relativeResultsDirectory="6675d411-b4ab-488a-b124-4e294d7ba7fe" />
    <UnitTestResult executionId="5eb9f799-06c4-4b76-80b4-a4213e30fd42" testId="e2ab17d6-1636-8e4d-ad78-a6d89568282f" testName="FileContentRenamer.Tests.Services.FilenameGeneratorTests.CleanupFileName_WithVariousInputs_ShouldReturnCleanedName(input: &quot;file&lt;&gt;name&quot;, expected: &quot;file&lt;&gt;name&quot;)" computerName="MacBook-Pro" duration="00:00:00.0000247" startTime="2025-08-11T23:45:04.3591920-03:00" endTime="2025-08-11T23:45:04.3592260-03:00" testType="13cdc9d9-ddb5-4fa4-a97d-d965ccfc6d4b" outcome="Passed" testListId="8c84fa94-04c1-424b-9868-57a2d4851a1d" relativeResultsDirectory="5eb9f799-06c4-4b76-80b4-a4213e30fd42" />
    <UnitTestResult executionId="46c3c778-68fb-430e-958f-4ecda6cc5402" testId="30177b80-4255-9855-fa20-76724e89c280" testName="FileContentRenamer.Tests.Services.PdfProcessorTests.CanProcess_WithPdfExtensionDifferentCasing_ShouldReturnTrue(filename: &quot;test.Pdf&quot;)" computerName="MacBook-Pro" duration="00:00:00.0002256" startTime="2025-08-11T23:45:04.5487310-03:00" endTime="2025-08-11T23:45:04.5487770-03:00" testType="13cdc9d9-ddb5-4fa4-a97d-d965ccfc6d4b" outcome="Passed" testListId="8c84fa94-04c1-424b-9868-57a2d4851a1d" relativeResultsDirectory="46c3c778-68fb-430e-958f-4ecda6cc5402" />
    <UnitTestResult executionId="2300b981-f0bb-446a-a79a-fb9fb9e2ff5b" testId="f7704aaa-e660-9ea3-e9fc-e4f0ba02380e" testName="FileContentRenamer.Tests.Services.FileValidatorTests.ShouldProcessFile_WithMixedCaseExtension_ShouldReturnTrue" computerName="MacBook-Pro" duration="00:00:00.0005746" startTime="2025-08-11T23:45:04.4137720-03:00" endTime="2025-08-11T23:45:04.4139950-03:00" testType="13cdc9d9-ddb5-4fa4-a97d-d965ccfc6d4b" outcome="Passed" testListId="8c84fa94-04c1-424b-9868-57a2d4851a1d" relativeResultsDirectory="2300b981-f0bb-446a-a79a-fb9fb9e2ff5b" />
    <UnitTestResult executionId="a15bca29-4857-4d45-abaa-fb6ebf63a1b6" testId="9f3779e0-204e-fe43-610e-1a907c82fa52" testName="FileContentRenamer.Tests.Services.FilenameGeneratorTests.IsAlreadyNamedFilename_WithCorrectFormat_ShouldReturnTrue" computerName="MacBook-Pro" duration="00:00:00.0002248" startTime="2025-08-11T23:45:04.5277780-03:00" endTime="2025-08-11T23:45:04.5278180-03:00" testType="13cdc9d9-ddb5-4fa4-a97d-d965ccfc6d4b" outcome="Passed" testListId="8c84fa94-04c1-424b-9868-57a2d4851a1d" relativeResultsDirectory="a15bca29-4857-4d45-abaa-fb6ebf63a1b6" />
    <UnitTestResult executionId="68cfc2fb-f786-45da-847a-e77d78e94d13" testId="80bc6a5a-eb03-5068-fdbc-47b2721cfaa4" testName="FileContentRenamer.Tests.Services.ImageProcessorTests.CanProcess_WithImageExtensionsDifferentCasing_ShouldReturnTrue(extension: &quot;.JPG&quot;)" computerName="MacBook-Pro" duration="00:00:00.0305381" startTime="2025-08-11T23:45:04.7012750-03:00" endTime="2025-08-11T23:45:04.7113640-03:00" testType="13cdc9d9-ddb5-4fa4-a97d-d965ccfc6d4b" outcome="Passed" testListId="8c84fa94-04c1-424b-9868-57a2d4851a1d" relativeResultsDirectory="68cfc2fb-f786-45da-847a-e77d78e94d13" />
    <UnitTestResult executionId="43300079-17be-4e90-9e8c-bb982590f9be" testId="f0b07320-4d8e-00cc-a232-a17246b4be02" testName="FileContentRenamer.Tests.Services.FileServiceTests.ProcessFilesAsync_WithValidFiles_ShouldProcessFiles" computerName="MacBook-Pro" duration="00:00:00.0062880" startTime="2025-08-11T23:45:04.4898610-03:00" endTime="2025-08-11T23:45:04.4938860-03:00" testType="13cdc9d9-ddb5-4fa4-a97d-d965ccfc6d4b" outcome="Passed" testListId="8c84fa94-04c1-424b-9868-57a2d4851a1d" relativeResultsDirectory="43300079-17be-4e90-9e8c-bb982590f9be" />
    <UnitTestResult executionId="944a447c-41dd-409a-b872-b3f393828640" testId="5f70f144-9947-887e-d6e7-1aeb2f4f79bb" testName="FileContentRenamer.Tests.Services.ImageProcessorTests.CanProcess_WithNonImageExtension_ShouldReturnFalse(extension: &quot;.txt&quot;)" computerName="MacBook-Pro" duration="00:00:00.0311853" startTime="2025-08-11T23:45:04.4236960-03:00" endTime="2025-08-11T23:45:04.4942440-03:00" testType="13cdc9d9-ddb5-4fa4-a97d-d965ccfc6d4b" outcome="Passed" testListId="8c84fa94-04c1-424b-9868-57a2d4851a1d" relativeResultsDirectory="944a447c-41dd-409a-b872-b3f393828640" />
    <UnitTestResult executionId="6275ea6a-3384-452e-a392-97af00550ede" testId="032ef3ac-363e-da8d-efab-865406d6fd71" testName="FileContentRenamer.Tests.Services.DirectoryOrganizerTests.GetMonthName_WithInvalidMonth_ShouldReturnUnknown(monthNumber: 0)" computerName="MacBook-Pro" duration="00:00:00.0003169" startTime="2025-08-11T23:45:04.3245070-03:00" endTime="2025-08-11T23:45:04.3245510-03:00" testType="13cdc9d9-ddb5-4fa4-a97d-d965ccfc6d4b" outcome="Passed" testListId="8c84fa94-04c1-424b-9868-57a2d4851a1d" relativeResultsDirectory="6275ea6a-3384-452e-a392-97af00550ede" />
    <UnitTestResult executionId="46428dcd-92f4-46a7-b6c3-f79978f86970" testId="0d10a7ac-0e5b-dd5d-82c4-53603840d067" testName="FileContentRenamer.Tests.Services.FileValidatorTests.ShouldSkipAlreadyNamedFile_WithForceReprocessEnabled_ShouldReturnFalse" computerName="MacBook-Pro" duration="00:00:00.0005260" startTime="2025-08-11T23:45:04.4916440-03:00" endTime="2025-08-11T23:45:04.4916860-03:00" testType="13cdc9d9-ddb5-4fa4-a97d-d965ccfc6d4b" outcome="Passed" testListId="8c84fa94-04c1-424b-9868-57a2d4851a1d" relativeResultsDirectory="46428dcd-92f4-46a7-b6c3-f79978f86970" />
    <UnitTestResult executionId="3ed42ffe-992a-411c-905b-59661d8e1626" testId="1a12a91e-b03d-45d3-fd2d-061c9630072a" testName="FileContentRenamer.Tests.Services.FilenameGeneratorTests.GenerateUniqueFilename_ThreadSafety_ShouldHandleConcurrentCalls" computerName="MacBook-Pro" duration="00:00:00.1033297" startTime="2025-08-11T23:45:04.3877980-03:00" endTime="2025-08-11T23:45:04.5257560-03:00" testType="13cdc9d9-ddb5-4fa4-a97d-d965ccfc6d4b" outcome="Failed" testListId="8c84fa94-04c1-424b-9868-57a2d4851a1d" relativeResultsDirectory="3ed42ffe-992a-411c-905b-59661d8e1626">
      <Output>
        <ErrorInfo>
          <Message>Expected resultList to only have unique items, but item "/var/folders/x1/bt0l1hlj3xxfgmlll69gmfr40000gn/T/57deba02-abc4-4fc2-bc69-42e19d5efc69/concurrent_test_3.txt" is not unique.</Message>
          <StackTrace>   at FluentAssertions.Execution.XUnit2TestFramework.Throw(String message)
   at FluentAssertions.Execution.TestFrameworkProvider.Throw(String message)
   at FluentAssertions.Execution.DefaultAssertionStrategy.HandleFailure(String message)
   at FluentAssertions.Execution.AssertionScope.FailWith(Func`1 failReasonFunc)
   at FluentAssertions.Execution.AssertionScope.FailWith(Func`1 failReasonFunc)
   at FluentAssertions.Execution.AssertionScope.FailWith(String message, Object[] args)
   at FluentAssertions.Collections.GenericCollectionAssertions`3.OnlyHaveUniqueItems(String because, Object[] becauseArgs)
   at FileContentRenamer.Tests.Services.FilenameGeneratorTests.GenerateUniqueFilename_ThreadSafety_ShouldHandleConcurrentCalls() in /Users/santibraida/Workspace/comprobantes/FileContentRenamer.Tests/Services/FilenameGeneratorTests.cs:line 285
--- End of stack trace from previous location ---</StackTrace>
        </ErrorInfo>
      </Output>
    </UnitTestResult>
    <UnitTestResult executionId="0f83dfb9-fbba-4f9a-8039-3efdea38eee4" testId="2266e366-c62d-09c9-ded7-1e7b5d0da037" testName="FileContentRenamer.Tests.Services.DirectoryOrganizerTests.IsInYearMonthStructure_WithInvalidStructure_ShouldReturnFalse(folderName: &quot;03_marzo_not_in_year&quot;)" computerName="MacBook-Pro" duration="00:00:00.0003326" startTime="2025-08-11T23:45:04.3239770-03:00" endTime="2025-08-11T23:45:04.3241980-03:00" testType="13cdc9d9-ddb5-4fa4-a97d-d965ccfc6d4b" outcome="Passed" testListId="8c84fa94-04c1-424b-9868-57a2d4851a1d" relativeResultsDirectory="0f83dfb9-fbba-4f9a-8039-3efdea38eee4" />
    <UnitTestResult executionId="822afe0a-8393-40c2-86cf-34a173c5762a" testId="079ffdd2-77ff-69de-b8c6-9423e86a8bc9" testName="FileContentRenamer.Tests.Services.DirectoryOrganizerTests.GetMonthName_WithInvalidMonth_ShouldReturnUnknown(monthNumber: -1)" computerName="MacBook-Pro" duration="00:00:00.0007461" startTime="2025-08-11T23:45:04.3248250-03:00" endTime="2025-08-11T23:45:04.3252120-03:00" testType="13cdc9d9-ddb5-4fa4-a97d-d965ccfc6d4b" outcome="Passed" testListId="8c84fa94-04c1-424b-9868-57a2d4851a1d" relativeResultsDirectory="822afe0a-8393-40c2-86cf-34a173c5762a" />
    <UnitTestResult executionId="fc10e979-3bbf-45a3-a288-4ba54fcc5590" testId="fa21426d-34f2-265b-fd21-637426cd5f3c" testName="FileContentRenamer.Tests.Models.NamingRulesTests.GenerateFilename_WithNoMatchingRule_ShouldUseDefaults" computerName="MacBook-Pro" duration="00:00:00.0002564" startTime="2025-08-11T23:45:04.1828850-03:00" endTime="2025-08-11T23:45:04.1829160-03:00" testType="13cdc9d9-ddb5-4fa4-a97d-d965ccfc6d4b" outcome="Passed" testListId="8c84fa94-04c1-424b-9868-57a2d4851a1d" relativeResultsDirectory="fc10e979-3bbf-45a3-a288-4ba54fcc5590" />
    <UnitTestResult executionId="2902339d-0a14-4f2e-97aa-b5a3e7a05858" testId="f0195bc9-b668-8b5d-b703-9a52aa1e98e6" testName="FileContentRenamer.Tests.Services.FileValidatorTests.ValidateConfiguration_WithNullBasePath_ShouldReturnFalse" computerName="MacBook-Pro" duration="00:00:00.0013960" startTime="2025-08-11T23:45:04.4248410-03:00" endTime="2025-08-11T23:45:04.4249030-03:00" testType="13cdc9d9-ddb5-4fa4-a97d-d965ccfc6d4b" outcome="Passed" testListId="8c84fa94-04c1-424b-9868-57a2d4851a1d" relativeResultsDirectory="2902339d-0a14-4f2e-97aa-b5a3e7a05858" />
    <UnitTestResult executionId="3a7d6410-23e7-4b68-9831-eb258e3c1edf" testId="6f2af002-27a0-bce9-8dd8-c05215b58bbb" testName="FileContentRenamer.Tests.Services.DirectoryOrganizerTests.OrganizeFileIntoDirectoryStructure_WithEmptyDate_ShouldReturnOriginalPath" computerName="MacBook-Pro" duration="00:00:00.0025703" startTime="2025-08-11T23:45:04.5483070-03:00" endTime="2025-08-11T23:45:04.5523560-03:00" testType="13cdc9d9-ddb5-4fa4-a97d-d965ccfc6d4b" outcome="Passed" testListId="8c84fa94-04c1-424b-9868-57a2d4851a1d" relativeResultsDirectory="3a7d6410-23e7-4b68-9831-eb258e3c1edf" />
    <UnitTestResult executionId="cb9ef2f2-280d-4092-ab1f-99af9cdd1ec5" testId="66a19620-a3b0-afbc-935a-264e635ffa8f" testName="FileContentRenamer.Tests.Services.FilenameGeneratorTests.IsAlreadyNamedFilename_WithInvalidFormats_ShouldReturnFalse(filename: &quot;service_2024-03-15&quot;)" computerName="MacBook-Pro" duration="00:00:00.0000251" startTime="2025-08-11T23:45:04.3614360-03:00" endTime="2025-08-11T23:45:04.3614710-03:00" testType="13cdc9d9-ddb5-4fa4-a97d-d965ccfc6d4b" outcome="Passed" testListId="8c84fa94-04c1-424b-9868-57a2d4851a1d" relativeResultsDirectory="cb9ef2f2-280d-4092-ab1f-99af9cdd1ec5" />
    <UnitTestResult executionId="8eecceef-87e7-4f75-955f-ea0f3c9832c7" testId="a0ca8000-3ed1-5654-296c-23ca811068ca" testName="FileContentRenamer.Tests.Services.DateExtractorTests.ExtractDateFromContent_WithVariousGenericDates_ShouldReturnCorrectDates(content: &quot;01/01/2025&quot;, expected: &quot;2025-01-01&quot;)" computerName="MacBook-Pro" duration="00:00:00.0000056" startTime="2025-08-11T23:45:04.2837380-03:00" endTime="2025-08-11T23:45:04.2837670-03:00" testType="13cdc9d9-ddb5-4fa4-a97d-d965ccfc6d4b" outcome="Passed" testListId="8c84fa94-04c1-424b-9868-57a2d4851a1d" relativeResultsDirectory="8eecceef-87e7-4f75-955f-ea0f3c9832c7" />
    <UnitTestResult executionId="6e108354-f34b-4acc-9293-6a22b2c09bb4" testId="653d3743-7cb8-b116-b4af-cf8e20bba6f6" testName="FileContentRenamer.Tests.Models.NamingRulesTests.GenerateFilename_WithRuleWithEmptyPaymentMethod_ShouldUseDefault" computerName="MacBook-Pro" duration="00:00:00.0000878" startTime="2025-08-11T23:45:04.2849920-03:00" endTime="2025-08-11T23:45:04.2850310-03:00" testType="13cdc9d9-ddb5-4fa4-a97d-d965ccfc6d4b" outcome="Passed" testListId="8c84fa94-04c1-424b-9868-57a2d4851a1d" relativeResultsDirectory="6e108354-f34b-4acc-9293-6a22b2c09bb4" />
    <UnitTestResult executionId="4f447562-e1d4-42c2-9e49-179324603bfd" testId="8642e301-1a01-c43f-5457-781e9082a823" testName="FileContentRenamer.Tests.Services.PdfProcessorTests.CanProcess_WithPdfExtensionVariations_ShouldReturnTrue(filename: &quot;document.PDF&quot;)" computerName="MacBook-Pro" duration="00:00:00.0004256" startTime="2025-08-11T23:45:04.5767820-03:00" endTime="2025-08-11T23:45:04.5768220-03:00" testType="13cdc9d9-ddb5-4fa4-a97d-d965ccfc6d4b" outcome="Passed" testListId="8c84fa94-04c1-424b-9868-57a2d4851a1d" relativeResultsDirectory="4f447562-e1d4-42c2-9e49-179324603bfd" />
    <UnitTestResult executionId="7ddf7e46-c226-4cac-8cbd-e99de7f5b105" testId="ee980d6a-c8f2-fb3c-69f5-92dd6531facb" testName="FileContentRenamer.Tests.Services.DirectoryOrganizerTests.GetMonthName_WithValidMonth_ShouldReturnSpanishName(monthNumber: 2, expected: &quot;febrero&quot;)" computerName="MacBook-Pro" duration="00:00:00.0001000" startTime="2025-08-11T23:45:04.3217470-03:00" endTime="2025-08-11T23:45:04.3217920-03:00" testType="13cdc9d9-ddb5-4fa4-a97d-d965ccfc6d4b" outcome="Passed" testListId="8c84fa94-04c1-424b-9868-57a2d4851a1d" relativeResultsDirectory="7ddf7e46-c226-4cac-8cbd-e99de7f5b105" />
    <UnitTestResult executionId="68637a86-8cfb-4453-b209-40013019f59f" testId="f705c669-0318-6f5e-e8e5-1b4eaa9f9880" testName="FileContentRenamer.Tests.Models.AppConfigTests.AppConfig_Properties_ShouldBeSettable" computerName="MacBook-Pro" duration="00:00:00.0250300" startTime="2025-08-11T23:45:04.5246000-03:00" endTime="2025-08-11T23:45:04.5505580-03:00" testType="13cdc9d9-ddb5-4fa4-a97d-d965ccfc6d4b" outcome="Passed" testListId="8c84fa94-04c1-424b-9868-57a2d4851a1d" relativeResultsDirectory="68637a86-8cfb-4453-b209-40013019f59f" />
    <UnitTestResult executionId="846b426c-e0b9-4997-9e4c-b0a2bac40dc9" testId="8a90efb2-6fff-e39e-99bc-4c5b85d7b70e" testName="FileContentRenamer.Tests.Services.DirectoryOrganizerTests.GetMonthName_WithValidMonth_ShouldReturnSpanishName(monthNumber: 6, expected: &quot;junio&quot;)" computerName="MacBook-Pro" duration="00:00:00.0003007" startTime="2025-08-11T23:45:04.3205000-03:00" endTime="2025-08-11T23:45:04.3205500-03:00" testType="13cdc9d9-ddb5-4fa4-a97d-d965ccfc6d4b" outcome="Passed" testListId="8c84fa94-04c1-424b-9868-57a2d4851a1d" relativeResultsDirectory="846b426c-e0b9-4997-9e4c-b0a2bac40dc9" />
    <UnitTestResult executionId="137bcb92-3bdc-4359-8fca-304ffc6e79e1" testId="cf2ff463-604f-4bdf-13f9-b9c49d510424" testName="FileContentRenamer.Tests.Services.FileValidatorTests.ValidateConfiguration_WithNonExistentBasePath_ShouldReturnFalse" computerName="MacBook-Pro" duration="00:00:00.0001979" startTime="2025-08-11T23:45:04.3923870-03:00" endTime="2025-08-11T23:45:04.3924310-03:00" testType="13cdc9d9-ddb5-4fa4-a97d-d965ccfc6d4b" outcome="Passed" testListId="8c84fa94-04c1-424b-9868-57a2d4851a1d" relativeResultsDirectory="137bcb92-3bdc-4359-8fca-304ffc6e79e1" />
    <UnitTestResult executionId="0087fa29-e21d-402a-8502-3c1c30706a87" testId="673ac6d3-d960-9ab3-69aa-92efadf19225" testName="FileContentRenamer.Tests.Models.NamingRuleTests.Matches_WithMissingKeywords_ShouldReturnFalse" computerName="MacBook-Pro" duration="00:00:00.0004979" startTime="2025-08-11T23:45:04.2884070-03:00" endTime="2025-08-11T23:45:04.2917420-03:00" testType="13cdc9d9-ddb5-4fa4-a97d-d965ccfc6d4b" outcome="Passed" testListId="8c84fa94-04c1-424b-9868-57a2d4851a1d" relativeResultsDirectory="0087fa29-e21d-402a-8502-3c1c30706a87" />
    <UnitTestResult executionId="6226528f-f29c-44e6-b86a-195a4011cc6b" testId="77219b7a-0f6b-514e-c829-c9674c2f30c4" testName="FileContentRenamer.Tests.Services.FileValidatorTests.ShouldProcessFile_WithDifferentCasing_ShouldBeCaseInsensitive(filename: &quot;test.pDf&quot;)" computerName="MacBook-Pro" duration="00:00:00.0009080" startTime="2025-08-11T23:45:04.4183910-03:00" endTime="2025-08-11T23:45:04.4184540-03:00" testType="13cdc9d9-ddb5-4fa4-a97d-d965ccfc6d4b" outcome="Passed" testListId="8c84fa94-04c1-424b-9868-57a2d4851a1d" relativeResultsDirectory="6226528f-f29c-44e6-b86a-195a4011cc6b" />
    <UnitTestResult executionId="7a603c0d-7360-4920-a875-c7f46a526917" testId="c98d8a8b-c350-72b5-2be4-aa500796a5e0" testName="FileContentRenamer.Tests.Models.NamingRulesTests.GenerateFilename_WithMatchingRule_ShouldUseRuleValues" computerName="MacBook-Pro" duration="00:00:00.0367052" startTime="2025-08-11T23:45:04.0951120-03:00" endTime="2025-08-11T23:45:04.1068990-03:00" testType="13cdc9d9-ddb5-4fa4-a97d-d965ccfc6d4b" outcome="Passed" testListId="8c84fa94-04c1-424b-9868-57a2d4851a1d" relativeResultsDirectory="7a603c0d-7360-4920-a875-c7f46a526917" />
    <UnitTestResult executionId="e1c6377c-c310-4b0d-9dc3-00b4b69e5876" testId="3890aa01-b165-5f49-b90e-3db1a4c16e7b" testName="FileContentRenamer.Tests.Services.FileValidatorTests.ValidateFileSize_WithInvalidPath_ShouldNotThrow" computerName="MacBook-Pro" duration="00:00:00.0005209" startTime="2025-08-11T23:45:04.4219170-03:00" endTime="2025-08-11T23:45:04.4219790-03:00" testType="13cdc9d9-ddb5-4fa4-a97d-d965ccfc6d4b" outcome="Passed" testListId="8c84fa94-04c1-424b-9868-57a2d4851a1d" relativeResultsDirectory="e1c6377c-c310-4b0d-9dc3-00b4b69e5876" />
    <UnitTestResult executionId="70b1577a-b5bb-4448-b802-daa9b2e63bc6" testId="1ae426c8-73f8-48b1-c4fd-f2736013951b" testName="FileContentRenamer.Tests.Services.TextProcessorTests.ExtractContentAsync_WithNonExistentFile_ShouldReturnEmptyString" computerName="MacBook-Pro" duration="00:00:00.0007771" startTime="2025-08-11T23:45:04.3241430-03:00" endTime="2025-08-11T23:45:04.3248600-03:00" testType="13cdc9d9-ddb5-4fa4-a97d-d965ccfc6d4b" outcome="Passed" testListId="8c84fa94-04c1-424b-9868-57a2d4851a1d" relativeResultsDirectory="70b1577a-b5bb-4448-b802-daa9b2e63bc6" />
    <UnitTestResult executionId="1eb6cb3a-5e0a-44b6-bab3-f5e09fb470d1" testId="8294d7f7-2da1-4ee0-8cd3-c37ff5907cd4" testName="FileContentRenamer.Tests.Services.DateExtractorTests.ExtractDateFromContent_WithSpanishDateFormat_ShouldReturnCorrectDate" computerName="MacBook-Pro" duration="00:00:00.0020388" startTime="2025-08-11T23:45:04.2764660-03:00" endTime="2025-08-11T23:45:04.2778120-03:00" testType="13cdc9d9-ddb5-4fa4-a97d-d965ccfc6d4b" outcome="Passed" testListId="8c84fa94-04c1-424b-9868-57a2d4851a1d" relativeResultsDirectory="1eb6cb3a-5e0a-44b6-bab3-f5e09fb470d1" />
    <UnitTestResult executionId="b14714df-cd53-4766-84a2-981441de86ac" testId="1d19ec21-e870-5f10-f860-7ea25dd398b9" testName="FileContentRenamer.Tests.Services.DateExtractorTests.ExtractDateFromContent_WithVariousGenericDates_ShouldReturnCorrectDates(content: &quot;15/03/2024&quot;, expected: &quot;2024-03-15&quot;)" computerName="MacBook-Pro" duration="00:00:00.0000832" startTime="2025-08-11T23:45:04.2834250-03:00" endTime="2025-08-11T23:45:04.2834550-03:00" testType="13cdc9d9-ddb5-4fa4-a97d-d965ccfc6d4b" outcome="Passed" testListId="8c84fa94-04c1-424b-9868-57a2d4851a1d" relativeResultsDirectory="b14714df-cd53-4766-84a2-981441de86ac" />
    <UnitTestResult executionId="32aaca16-d122-46f7-a698-7ff8f0f9da08" testId="19ed11aa-a710-6873-89bb-77d5892f3032" testName="FileContentRenamer.Tests.Services.TextProcessorTests.ExtractContentAsync_WithEmptyFile_ShouldReturnEmptyString" computerName="MacBook-Pro" duration="00:00:00.0047052" startTime="2025-08-11T23:45:04.4890970-03:00" endTime="2025-08-11T23:45:04.4921930-03:00" testType="13cdc9d9-ddb5-4fa4-a97d-d965ccfc6d4b" outcome="Passed" testListId="8c84fa94-04c1-424b-9868-57a2d4851a1d" relativeResultsDirectory="32aaca16-d122-46f7-a698-7ff8f0f9da08" />
    <UnitTestResult executionId="348dcca5-68d7-46a8-9fcc-94921f10999d" testId="0877987f-a018-03de-71dc-2e8ff937b395" testName="FileContentRenamer.Tests.Services.DateExtractorTests.ExtractDateFromContent_WithVariousDueDateFormats_ShouldReturnCorrectDates(content: &quot;Vence: 31/12/2023&quot;, expected: &quot;2023-12-31&quot;)" computerName="MacBook-Pro" duration="00:00:00.0000593" startTime="2025-08-11T23:45:04.1820490-03:00" endTime="2025-08-11T23:45:04.1820990-03:00" testType="13cdc9d9-ddb5-4fa4-a97d-d965ccfc6d4b" outcome="Passed" testListId="8c84fa94-04c1-424b-9868-57a2d4851a1d" relativeResultsDirectory="348dcca5-68d7-46a8-9fcc-94921f10999d" />
    <UnitTestResult executionId="40bd7bb1-74d1-4561-b91d-90e7fca85b98" testId="95464817-3328-92d5-e9f2-a7a51a663358" testName="FileContentRenamer.Tests.Services.FilenameGeneratorTests.IsAlreadyNamedFilename_WithValidFormats_ShouldReturnTrue(filename: &quot;company_2025-01-01_bank&quot;)" computerName="MacBook-Pro" duration="00:00:00.0011930" startTime="2025-08-11T23:45:04.3298670-03:00" endTime="2025-08-11T23:45:04.3299080-03:00" testType="13cdc9d9-ddb5-4fa4-a97d-d965ccfc6d4b" outcome="Passed" testListId="8c84fa94-04c1-424b-9868-57a2d4851a1d" relativeResultsDirectory="40bd7bb1-74d1-4561-b91d-90e7fca85b98" />
    <UnitTestResult executionId="b678eb0b-9e37-40ff-9cea-28671e33a480" testId="6c106499-e2c3-a0a7-eafe-eacf56794202" testName="FileContentRenamer.Tests.Services.DirectoryOrganizerTests.GetMonthName_WithInvalidMonth_ShouldReturnUnknown(monthNumber: 13)" computerName="MacBook-Pro" duration="00:00:00.0003656" startTime="2025-08-11T23:45:04.3254820-03:00" endTime="2025-08-11T23:45:04.3255230-03:00" testType="13cdc9d9-ddb5-4fa4-a97d-d965ccfc6d4b" outcome="Passed" testListId="8c84fa94-04c1-424b-9868-57a2d4851a1d" relativeResultsDirectory="b678eb0b-9e37-40ff-9cea-28671e33a480" />
    <UnitTestResult executionId="71635e84-9ec5-4551-a60b-a4288ec01c44" testId="8f2c1c6f-2d06-5c80-db10-fbc31b9e4155" testName="FileContentRenamer.Tests.Services.DirectoryOrganizerTests.OrganizeFileIntoDirectoryStructure_WithValidDate_ShouldCreateStructureAndMoveFile" computerName="MacBook-Pro" duration="00:00:00.0062086" startTime="2025-08-11T23:45:04.2777820-03:00" endTime="2025-08-11T23:45:04.2879000-03:00" testType="13cdc9d9-ddb5-4fa4-a97d-d965ccfc6d4b" outcome="Passed" testListId="8c84fa94-04c1-424b-9868-57a2d4851a1d" relativeResultsDirectory="71635e84-9ec5-4551-a60b-a4288ec01c44" />
    <UnitTestResult executionId="df58e905-9307-4566-9700-7c3d230b36c3" testId="c781d212-7be9-917b-2eb4-49e5e562dd6d" testName="FileContentRenamer.Tests.Models.AppConfigTests.LoadFromConfiguration_WithNoBasePath_ShouldUseCurrentDirectory" computerName="MacBook-Pro" duration="00:00:00.0750782" startTime="2025-08-11T23:45:04.5508040-03:00" endTime="2025-08-11T23:45:04.5777540-03:00" testType="13cdc9d9-ddb5-4fa4-a97d-d965ccfc6d4b" outcome="Passed" testListId="8c84fa94-04c1-424b-9868-57a2d4851a1d" relativeResultsDirectory="df58e905-9307-4566-9700-7c3d230b36c3" />
    <UnitTestResult executionId="0a8324ef-045d-4d9d-8659-b78087637d22" testId="55667650-7485-4ca3-fd19-23d2a7a126c7" testName="FileContentRenamer.Tests.Models.NamingRulesTests.GenerateFilename_WithMinimalGenericContent_ShouldUseOriginalDate" computerName="MacBook-Pro" duration="00:00:00.0001129" startTime="2025-08-11T23:45:04.2768260-03:00" endTime="2025-08-11T23:45:04.2768660-03:00" testType="13cdc9d9-ddb5-4fa4-a97d-d965ccfc6d4b" outcome="Passed" testListId="8c84fa94-04c1-424b-9868-57a2d4851a1d" relativeResultsDirectory="0a8324ef-045d-4d9d-8659-b78087637d22" />
    <UnitTestResult executionId="35320f9c-8ce9-431f-a966-b8db247aaae9" testId="2baaf6a6-6812-8b99-5d21-fa95ac740bec" testName="FileContentRenamer.Tests.Models.AppConfigTests.SaveLastUsedPath_WithInvalidPath_ShouldNotThrow" computerName="MacBook-Pro" duration="00:00:00.0704342" startTime="2025-08-11T23:45:05.0815840-03:00" endTime="2025-08-11T23:45:05.1510270-03:00" testType="13cdc9d9-ddb5-4fa4-a97d-d965ccfc6d4b" outcome="Passed" testListId="8c84fa94-04c1-424b-9868-57a2d4851a1d" relativeResultsDirectory="35320f9c-8ce9-431f-a966-b8db247aaae9" />
    <UnitTestResult executionId="63efa557-0679-4b19-a2e3-9f5e4b62a62f" testId="ba6808c0-f426-8a5b-0695-d6b57a217c84" testName="FileContentRenamer.Tests.Services.DateExtractorTests.ExtractDateFromContent_WithEmptyContent_ShouldReturnEmptyString" computerName="MacBook-Pro" duration="00:00:00.0000409" startTime="2025-08-11T23:45:04.2747770-03:00" endTime="2025-08-11T23:45:04.2748080-03:00" testType="13cdc9d9-ddb5-4fa4-a97d-d965ccfc6d4b" outcome="Passed" testListId="8c84fa94-04c1-424b-9868-57a2d4851a1d" relativeResultsDirectory="63efa557-0679-4b19-a2e3-9f5e4b62a62f" />
    <UnitTestResult executionId="3ff62999-c549-49e4-b061-48439c320024" testId="5782f6c4-4818-df21-281e-6b620d8a99e2" testName="FileContentRenamer.Tests.Services.FilenameGeneratorTests.IsAlreadyNamedFilename_WithInvalidFormats_ShouldReturnFalse(filename: &quot;2024-03-15&quot;)" computerName="MacBook-Pro" duration="00:00:00.0004171" startTime="2025-08-11T23:45:04.3595340-03:00" endTime="2025-08-11T23:45:04.3595590-03:00" testType="13cdc9d9-ddb5-4fa4-a97d-d965ccfc6d4b" outcome="Passed" testListId="8c84fa94-04c1-424b-9868-57a2d4851a1d" relativeResultsDirectory="3ff62999-c549-49e4-b061-48439c320024" />
    <UnitTestResult executionId="677db7bb-fe0d-461b-a7a5-3121bfd82be0" testId="5203fca7-8d46-0785-3587-4e70c16ca73b" testName="FileContentRenamer.Tests.Services.PdfProcessorTests.ExtractContentAsync_WithInvalidPdfFile_ShouldReturnEmptyString" computerName="MacBook-Pro" duration="00:00:00.0024576" startTime="2025-08-11T23:45:04.5787130-03:00" endTime="2025-08-11T23:45:04.5787550-03:00" testType="13cdc9d9-ddb5-4fa4-a97d-d965ccfc6d4b" outcome="Passed" testListId="8c84fa94-04c1-424b-9868-57a2d4851a1d" relativeResultsDirectory="677db7bb-fe0d-461b-a7a5-3121bfd82be0" />
    <UnitTestResult executionId="7081878f-bd45-457f-ba7c-8c63bee09e4a" testId="3ef96430-2ab3-5a48-be56-e156f8c42b82" testName="FileContentRenamer.Tests.Services.PdfProcessorTests.ExtractContentAsync_WithEmptyFile_ShouldReturnEmptyString" computerName="MacBook-Pro" duration="00:00:00.0017939" startTime="2025-08-11T23:45:04.5771020-03:00" endTime="2025-08-11T23:45:04.5774480-03:00" testType="13cdc9d9-ddb5-4fa4-a97d-d965ccfc6d4b" outcome="Passed" testListId="8c84fa94-04c1-424b-9868-57a2d4851a1d" relativeResultsDirectory="7081878f-bd45-457f-ba7c-8c63bee09e4a" />
    <UnitTestResult executionId="b584a49e-624e-41bf-b696-9459df775a7d" testId="be38a0d7-e0e2-fccd-c5e6-b3a3fded648e" testName="FileContentRenamer.Tests.Models.NamingRuleTests.Matches_WithAllKeywordsPresent_ShouldReturnTrue" computerName="MacBook-Pro" duration="00:00:00.0001013" startTime="2025-08-11T23:45:04.2921720-03:00" endTime="2025-08-11T23:45:04.2922020-03:00" testType="13cdc9d9-ddb5-4fa4-a97d-d965ccfc6d4b" outcome="Passed" testListId="8c84fa94-04c1-424b-9868-57a2d4851a1d" relativeResultsDirectory="b584a49e-624e-41bf-b696-9459df775a7d" />
    <UnitTestResult executionId="50d3c2eb-41d1-4c54-a7a5-49881092a587" testId="7eff9737-dcfc-63b6-3d57-04bd941b7068" testName="FileContentRenamer.Tests.Services.ImageProcessorTests.ExtractContentAsync_WithEmptyFile_ShouldReturnEmptyString" computerName="MacBook-Pro" duration="00:00:00.1014429" startTime="2025-08-11T23:45:05.3009190-03:00" endTime="2025-08-11T23:45:05.3795390-03:00" testType="13cdc9d9-ddb5-4fa4-a97d-d965ccfc6d4b" outcome="Passed" testListId="8c84fa94-04c1-424b-9868-57a2d4851a1d" relativeResultsDirectory="50d3c2eb-41d1-4c54-a7a5-49881092a587" />
    <UnitTestResult executionId="73bcc617-1a88-45d5-98f6-176566fd302c" testId="63740491-dbe7-68e1-03c8-149486e0c4ce" testName="FileContentRenamer.Tests.Services.DirectoryOrganizerTests.IsInYearMonthStructure_WithMonthInYearFolder_ShouldReturnTrue" computerName="MacBook-Pro" duration="00:00:00.0011858" startTime="2025-08-11T23:45:04.5526150-03:00" endTime="2025-08-11T23:45:04.5542690-03:00" testType="13cdc9d9-ddb5-4fa4-a97d-d965ccfc6d4b" outcome="Passed" testListId="8c84fa94-04c1-424b-9868-57a2d4851a1d" relativeResultsDirectory="73bcc617-1a88-45d5-98f6-176566fd302c" />
    <UnitTestResult executionId="cc8933cc-99f4-4af5-88b9-5de84f0c16ce" testId="ae46ec5c-7f7f-c8d8-b22b-c6a93692a055" testName="FileContentRenamer.Tests.Services.TextProcessorTests.ExtractContentAsync_WithExactly1000Characters_ShouldReturnAllContent" computerName="MacBook-Pro" duration="00:00:00.1002279" startTime="2025-08-11T23:45:04.3513830-03:00" endTime="2025-08-11T23:45:04.3830150-03:00" testType="13cdc9d9-ddb5-4fa4-a97d-d965ccfc6d4b" outcome="Passed" testListId="8c84fa94-04c1-424b-9868-57a2d4851a1d" relativeResultsDirectory="cc8933cc-99f4-4af5-88b9-5de84f0c16ce" />
    <UnitTestResult executionId="d91e5b1a-738c-4ece-a4b6-b3bc3e877aac" testId="d928fd2c-924f-38de-6b58-5c8ead779399" testName="FileContentRenamer.Tests.Services.ImageProcessorTests.CanProcess_WithImageExtensions_ShouldReturnTrue(extension: &quot;.tiff&quot;)" computerName="MacBook-Pro" duration="00:00:00.0307888" startTime="2025-08-11T23:45:04.6350370-03:00" endTime="2025-08-11T23:45:04.6446370-03:00" testType="13cdc9d9-ddb5-4fa4-a97d-d965ccfc6d4b" outcome="Passed" testListId="8c84fa94-04c1-424b-9868-57a2d4851a1d" relativeResultsDirectory="d91e5b1a-738c-4ece-a4b6-b3bc3e877aac" />
    <UnitTestResult executionId="9f36d0b3-d7bf-4fca-824e-7b5c35760a98" testId="ddd37070-3a26-e09f-cfe8-adfb9adc29e7" testName="FileContentRenamer.Tests.Configuration.ServiceConfigurationTests.ConfigureServices_WithValidConfig_ShouldRegisterSingletonAppConfig" computerName="MacBook-Pro" duration="00:00:00.0014575" startTime="2025-08-11T23:45:04.3499580-03:00" endTime="2025-08-11T23:45:04.3518010-03:00" testType="13cdc9d9-ddb5-4fa4-a97d-d965ccfc6d4b" outcome="Passed" testListId="8c84fa94-04c1-424b-9868-57a2d4851a1d" relativeResultsDirectory="9f36d0b3-d7bf-4fca-824e-7b5c35760a98" />
    <UnitTestResult executionId="a832e1f9-b1ba-4179-8fd2-ce1a141e3799" testId="730c03ae-3d59-370f-6166-c801ea6b544e" testName="FileContentRenamer.Tests.Services.FilenameGeneratorTests.GenerateUniqueFilename_WithNonExistingFile_ShouldReturnOriginalPath" computerName="MacBook-Pro" duration="00:00:00.0001243" startTime="2025-08-11T23:45:04.5502190-03:00" endTime="2025-08-11T23:45:04.5502510-03:00" testType="13cdc9d9-ddb5-4fa4-a97d-d965ccfc6d4b" outcome="Passed" testListId="8c84fa94-04c1-424b-9868-57a2d4851a1d" relativeResultsDirectory="a832e1f9-b1ba-4179-8fd2-ce1a141e3799" />
    <UnitTestResult executionId="5f194ca6-1cfb-43ad-931b-af6ea1157d69" testId="ef0ba115-bb03-098e-48b3-8914fb59fb7f" testName="FileContentRenamer.Tests.Services.DirectoryOrganizerTests.GetMonthName_WithValidMonth_ShouldReturnSpanishName(monthNumber: 1, expected: &quot;enero&quot;)" computerName="MacBook-Pro" duration="00:00:00.0001193" startTime="2025-08-11T23:45:04.3193100-03:00" endTime="2025-08-11T23:45:04.3193510-03:00" testType="13cdc9d9-ddb5-4fa4-a97d-d965ccfc6d4b" outcome="Passed" testListId="8c84fa94-04c1-424b-9868-57a2d4851a1d" relativeResultsDirectory="5f194ca6-1cfb-43ad-931b-af6ea1157d69" />
    <UnitTestResult executionId="b58a716a-38f6-44a8-9800-67f85b31027b" testId="63753db1-a700-4ddb-bad0-85dcc6fc1038" testName="FileContentRenamer.Tests.Services.DirectoryOrganizerTests.OrganizeFileIntoDirectoryStructure_ThreadSafety_ShouldHandleConcurrentCalls" computerName="MacBook-Pro" duration="00:00:00.0487661" startTime="2025-08-11T23:45:04.5744690-03:00" endTime="2025-08-11T23:45:04.5760410-03:00" testType="13cdc9d9-ddb5-4fa4-a97d-d965ccfc6d4b" outcome="Passed" testListId="8c84fa94-04c1-424b-9868-57a2d4851a1d" relativeResultsDirectory="b58a716a-38f6-44a8-9800-67f85b31027b" />
    <UnitTestResult executionId="cf33a9b7-7319-4bb7-929d-ee1005b14589" testId="b8e09496-6d7b-6d6d-0f84-90360e0cb28c" testName="FileContentRenamer.Tests.Services.ImageProcessorTests.CanProcess_WithImageExtensionsDifferentCasing_ShouldReturnTrue(extension: &quot;.PNG&quot;)" computerName="MacBook-Pro" duration="00:00:00.0326167" startTime="2025-08-11T23:45:04.7666310-03:00" endTime="2025-08-11T23:45:04.7758380-03:00" testType="13cdc9d9-ddb5-4fa4-a97d-d965ccfc6d4b" outcome="Passed" testListId="8c84fa94-04c1-424b-9868-57a2d4851a1d" relativeResultsDirectory="cf33a9b7-7319-4bb7-929d-ee1005b14589" />
    <UnitTestResult executionId="654b6aea-bac4-4f4b-8a50-3b7828ce6ff2" testId="f23379d7-78c4-9613-54fe-537fd665f06d" testName="FileContentRenamer.Tests.Models.NamingRuleTests.Matches_WithEmptyContent_ShouldReturnFalse" computerName="MacBook-Pro" duration="00:00:00.0004342" startTime="2025-08-11T23:45:04.2944490-03:00" endTime="2025-08-11T23:45:04.2944920-03:00" testType="13cdc9d9-ddb5-4fa4-a97d-d965ccfc6d4b" outcome="Passed" testListId="8c84fa94-04c1-424b-9868-57a2d4851a1d" relativeResultsDirectory="654b6aea-bac4-4f4b-8a50-3b7828ce6ff2" />
    <UnitTestResult executionId="78297002-4a6c-4c97-b6c1-e7b7bd18c5af" testId="2c747d1f-f1c9-2115-b65f-2b6f4087b146" testName="FileContentRenamer.Tests.Services.FilenameGeneratorTests.IsAlreadyNamedFilename_WithValidFormats_ShouldReturnTrue(filename: &quot;test_2023-12-31_card&quot;)" computerName="MacBook-Pro" duration="00:00:00.0000300" startTime="2025-08-11T23:45:04.3302080-03:00" endTime="2025-08-11T23:45:04.3302340-03:00" testType="13cdc9d9-ddb5-4fa4-a97d-d965ccfc6d4b" outcome="Passed" testListId="8c84fa94-04c1-424b-9868-57a2d4851a1d" relativeResultsDirectory="78297002-4a6c-4c97-b6c1-e7b7bd18c5af" />
    <UnitTestResult executionId="9977c44b-4af6-4b2a-82b9-a1e4400d1b90" testId="929aa209-e3f7-852b-9884-da4d7850f9c4" testName="FileContentRenamer.Tests.Services.TextProcessorTests.ExtractContentAsync_WithValidTextFile_ShouldReturnContent" computerName="MacBook-Pro" duration="00:00:00.0496929" startTime="2025-08-11T23:45:04.0951720-03:00" endTime="2025-08-11T23:45:04.3208750-03:00" testType="13cdc9d9-ddb5-4fa4-a97d-d965ccfc6d4b" outcome="Passed" testListId="8c84fa94-04c1-424b-9868-57a2d4851a1d" relativeResultsDirectory="9977c44b-4af6-4b2a-82b9-a1e4400d1b90" />
    <UnitTestResult executionId="2a260d42-2653-490e-9616-4159e1011d68" testId="8c36f3a4-ca31-a9e9-241d-dbc70385ef49" testName="FileContentRenamer.Tests.Services.ImageProcessorTests.CanProcess_WithNonImageExtension_ShouldReturnFalse(extension: &quot;.mp4&quot;)" computerName="MacBook-Pro" duration="00:00:00.0302102" startTime="2025-08-11T23:45:04.4945130-03:00" endTime="2025-08-11T23:45:04.5246510-03:00" testType="13cdc9d9-ddb5-4fa4-a97d-d965ccfc6d4b" outcome="Passed" testListId="8c84fa94-04c1-424b-9868-57a2d4851a1d" relativeResultsDirectory="2a260d42-2653-490e-9616-4159e1011d68" />
    <UnitTestResult executionId="480f2333-cf8f-4bbf-ab77-3eb323de874f" testId="795f8691-da02-dc90-c006-df2b05e484b8" testName="FileContentRenamer.Tests.Services.DirectoryOrganizerTests.IsInYearMonthStructure_WithYearFolder_ShouldReturnTrue" computerName="MacBook-Pro" duration="00:00:00.0003844" startTime="2025-08-11T23:45:04.5730780-03:00" endTime="2025-08-11T23:45:04.5731340-03:00" testType="13cdc9d9-ddb5-4fa4-a97d-d965ccfc6d4b" outcome="Passed" testListId="8c84fa94-04c1-424b-9868-57a2d4851a1d" relativeResultsDirectory="480f2333-cf8f-4bbf-ab77-3eb323de874f" />
    <UnitTestResult executionId="e726a084-1e6b-429b-a08e-705dd3ccb5b6" testId="3a8b252e-af29-2782-c8cf-4c2dc2637787" testName="FileContentRenamer.Tests.Services.DirectoryOrganizerTests.GetMonthName_WithValidMonth_ShouldReturnSpanishName(monthNumber: 8, expected: &quot;agosto&quot;)" computerName="MacBook-Pro" duration="00:00:00.0001483" startTime="2025-08-11T23:45:04.3186900-03:00" endTime="2025-08-11T23:45:04.3187320-03:00" testType="13cdc9d9-ddb5-4fa4-a97d-d965ccfc6d4b" outcome="Passed" testListId="8c84fa94-04c1-424b-9868-57a2d4851a1d" relativeResultsDirectory="e726a084-1e6b-429b-a08e-705dd3ccb5b6" />
    <UnitTestResult executionId="40d380cf-a5be-4e2b-8b68-343b7c69c28e" testId="aab26939-6c58-dafe-eca6-6d66c1372e38" testName="FileContentRenamer.Tests.Services.DateExtractorTests.ExtractDateFromContent_WithVariousSpanishDates_ShouldReturnCorrectDates(content: &quot;15 de junio de 2025&quot;, expected: &quot;2025-06-15&quot;)" computerName="MacBook-Pro" duration="00:00:00.0000043" startTime="2025-08-11T23:45:04.2787260-03:00" endTime="2025-08-11T23:45:04.2787500-03:00" testType="13cdc9d9-ddb5-4fa4-a97d-d965ccfc6d4b" outcome="Passed" testListId="8c84fa94-04c1-424b-9868-57a2d4851a1d" relativeResultsDirectory="40d380cf-a5be-4e2b-8b68-343b7c69c28e" />
    <UnitTestResult executionId="08506994-038b-4dd8-bccd-cfce7691e1ed" testId="a973dd7a-7c46-af87-44cd-7bf4a36abf9b" testName="FileContentRenamer.Tests.Services.DateExtractorTests.ExtractDateFromFilename_WithVariousValidFormats_ShouldReturnCorrectDates(filename: &quot;test_2023-12-31_method&quot;, expected: &quot;2023-12-31&quot;)" computerName="MacBook-Pro" duration="00:00:00.0000062" startTime="2025-08-11T23:45:04.2743490-03:00" endTime="2025-08-11T23:45:04.2743840-03:00" testType="13cdc9d9-ddb5-4fa4-a97d-d965ccfc6d4b" outcome="Passed" testListId="8c84fa94-04c1-424b-9868-57a2d4851a1d" relativeResultsDirectory="08506994-038b-4dd8-bccd-cfce7691e1ed" />
    <UnitTestResult executionId="a1784be0-51c6-4c78-89ae-ef24f43b8578" testId="d4537562-1c96-4e07-3939-b2da6a34e9fc" testName="FileContentRenamer.Tests.Services.DateExtractorTests.ExtractDateFromFilename_WithValidFormat_ShouldReturnCorrectDate" computerName="MacBook-Pro" duration="00:00:00.0000694" startTime="2025-08-11T23:45:04.2796760-03:00" endTime="2025-08-11T23:45:04.2797020-03:00" testType="13cdc9d9-ddb5-4fa4-a97d-d965ccfc6d4b" outcome="Passed" testListId="8c84fa94-04c1-424b-9868-57a2d4851a1d" relativeResultsDirectory="a1784be0-51c6-4c78-89ae-ef24f43b8578" />
    <UnitTestResult executionId="dd5d48fb-4239-4b81-a654-e0619b7ec397" testId="aab50796-093f-3ad1-51eb-ff5551165480" testName="FileContentRenamer.Tests.Services.PdfProcessorTests.ExtractContentAsync_WithNonExistentFile_ShouldReturnEmptyString" computerName="MacBook-Pro" duration="00:00:00.0009475" startTime="2025-08-11T23:45:04.5499430-03:00" endTime="2025-08-11T23:45:04.5516260-03:00" testType="13cdc9d9-ddb5-4fa4-a97d-d965ccfc6d4b" outcome="Passed" testListId="8c84fa94-04c1-424b-9868-57a2d4851a1d" relativeResultsDirectory="dd5d48fb-4239-4b81-a654-e0619b7ec397" />
    <UnitTestResult executionId="02dfa208-3527-4a5d-954d-d568a5049452" testId="eff1fee9-aafb-67b9-c268-648d008d92e6" testName="FileContentRenamer.Tests.Services.FilenameGeneratorTests.GenerateFilename_WithNullDate_ShouldUseCurrentDate" computerName="MacBook-Pro" duration="00:00:00.0011842" startTime="2025-08-11T23:45:04.3869730-03:00" endTime="2025-08-11T23:45:04.3870040-03:00" testType="13cdc9d9-ddb5-4fa4-a97d-d965ccfc6d4b" outcome="Passed" testListId="8c84fa94-04c1-424b-9868-57a2d4851a1d" relativeResultsDirectory="02dfa208-3527-4a5d-954d-d568a5049452" />
    <UnitTestResult executionId="126a3e6a-9c1d-47d4-9670-4287de27afda" testId="f7bbc740-e3de-3780-77bc-e74850eb0f4f" testName="FileContentRenamer.Tests.Models.AppConfigTests.SaveLastUsedPath_ShouldUpdateConfigFile" computerName="MacBook-Pro" duration="00:00:00.1272370" startTime="2025-08-11T23:45:04.7101580-03:00" endTime="2025-08-11T23:45:04.8359530-03:00" testType="13cdc9d9-ddb5-4fa4-a97d-d965ccfc6d4b" outcome="Passed" testListId="8c84fa94-04c1-424b-9868-57a2d4851a1d" relativeResultsDirectory="126a3e6a-9c1d-47d4-9670-4287de27afda" />
    <UnitTestResult executionId="8813aae1-0d8b-4c26-a061-9468c9c0ed5d" testId="fe7b897c-fd2e-f8e6-f880-7f5c0aaede02" testName="FileContentRenamer.Tests.Services.DateExtractorTests.ExtractDateFromContent_WithVariousGenericDates_ShouldReturnCorrectDates(content: &quot;31/12/2023&quot;, expected: &quot;2023-12-31&quot;)" computerName="MacBook-Pro" duration="00:00:00.0000490" startTime="2025-08-11T23:45:04.2831110-03:00" endTime="2025-08-11T23:45:04.2831400-03:00" testType="13cdc9d9-ddb5-4fa4-a97d-d965ccfc6d4b" outcome="Passed" testListId="8c84fa94-04c1-424b-9868-57a2d4851a1d" relativeResultsDirectory="8813aae1-0d8b-4c26-a061-9468c9c0ed5d" />
    <UnitTestResult executionId="f11ab6aa-3d32-41bd-8eaa-715df3b8890d" testId="2ff40e02-cd90-e19e-c947-03dc2242a050" testName="FileContentRenamer.Tests.Models.NamingRulesTests.GenerateFilename_WithDateOverrideAndMinimalContent_ShouldUseDateOverride" computerName="MacBook-Pro" duration="00:00:00.0001128" startTime="2025-08-11T23:45:04.2842440-03:00" endTime="2025-08-11T23:45:04.2842720-03:00" testType="13cdc9d9-ddb5-4fa4-a97d-d965ccfc6d4b" outcome="Passed" testListId="8c84fa94-04c1-424b-9868-57a2d4851a1d" relativeResultsDirectory="f11ab6aa-3d32-41bd-8eaa-715df3b8890d" />
    <UnitTestResult executionId="14b364bc-f839-4081-b524-836bfab41682" testId="5be72c0f-bb2d-feba-e528-7ed830f5c677" testName="FileContentRenamer.Tests.Services.DateExtractorTests.ExtractDateFromContent_WithVariousSpanishDates_ShouldReturnCorrectDates(content: &quot;31 de diciembre de 2023&quot;, expected: &quot;2023-12-31&quot;)" computerName="MacBook-Pro" duration="00:00:00.0000553" startTime="2025-08-11T23:45:04.2781350-03:00" endTime="2025-08-11T23:45:04.2781610-03:00" testType="13cdc9d9-ddb5-4fa4-a97d-d965ccfc6d4b" outcome="Passed" testListId="8c84fa94-04c1-424b-9868-57a2d4851a1d" relativeResultsDirectory="14b364bc-f839-4081-b524-836bfab41682" />
    <UnitTestResult executionId="fff547e1-105a-4ac5-8db7-66a880c21aaa" testId="7fc03f6c-44c6-760a-ff15-5a01859458b0" testName="FileContentRenamer.Tests.Services.DirectoryOrganizerTests.OrganizeFileIntoDirectoryStructure_AlreadyInYearFolder_ShouldMoveToMonthFolder" computerName="MacBook-Pro" duration="00:00:00.2734137" startTime="2025-08-11T23:45:04.3295180-03:00" endTime="2025-08-11T23:45:04.4964350-03:00" testType="13cdc9d9-ddb5-4fa4-a97d-d965ccfc6d4b" outcome="Failed" testListId="8c84fa94-04c1-424b-9868-57a2d4851a1d" relativeResultsDirectory="fff547e1-105a-4ac5-8db7-66a880c21aaa">
      <Output>
        <ErrorInfo>
          <Message>Expected result to be "/var/folders/x1/bt0l1hlj3xxfgmlll69gmfr40000gn/T/668d942d-e088-490d-b7dd-b64c21a9f93e/2024/03_marzo/test_2.pdf" with a length of 110, but "/var/folders/x1/bt0l1hlj3xxfgmlll69gmfr40000gn/T/2024/03_marzo/test_5.pdf" has a length of 73, differs near "202" (index 49).</Message>
          <StackTrace>   at FluentAssertions.Execution.XUnit2TestFramework.Throw(String message)
   at FluentAssertions.Execution.TestFrameworkProvider.Throw(String message)
   at FluentAssertions.Execution.DefaultAssertionStrategy.HandleFailure(String message)
   at FluentAssertions.Execution.AssertionScope.FailWith(Func`1 failReasonFunc)
   at FluentAssertions.Execution.AssertionScope.FailWith(Func`1 failReasonFunc)
   at FluentAssertions.Primitives.StringEqualityValidator.ValidateAgainstLengthDifferences()
   at FluentAssertions.Primitives.StringValidator.Validate()
   at FluentAssertions.Primitives.StringAssertions`1.Be(String expected, String because, Object[] becauseArgs)
   at FileContentRenamer.Tests.Services.DirectoryOrganizerTests.OrganizeFileIntoDirectoryStructure_AlreadyInYearFolder_ShouldMoveToMonthFolder() in /Users/santibraida/Workspace/comprobantes/FileContentRenamer.Tests/Services/DirectoryOrganizerTests.cs:line 223
   at System.RuntimeMethodHandle.InvokeMethod(Object target, Void** arguments, Signature sig, Boolean isConstructor)
   at System.Reflection.MethodBaseInvoker.InvokeWithNoArgs(Object obj, BindingFlags invokeAttr)</StackTrace>
        </ErrorInfo>
      </Output>
    </UnitTestResult>
    <UnitTestResult executionId="49076f5f-238d-43b2-b829-804c8747150c" testId="2044c162-1147-8fb8-adb8-ab6044bfdf21" testName="FileContentRenamer.Tests.Models.NamingRulesTests.FindMatchingRule_WithMatchingRule_ShouldReturnRule" computerName="MacBook-Pro" duration="00:00:00.0011976" startTime="2025-08-11T23:45:04.1120530-03:00" endTime="2025-08-11T23:45:04.1825800-03:00" testType="13cdc9d9-ddb5-4fa4-a97d-d965ccfc6d4b" outcome="Passed" testListId="8c84fa94-04c1-424b-9868-57a2d4851a1d" relativeResultsDirectory="49076f5f-238d-43b2-b829-804c8747150c" />
    <UnitTestResult executionId="f91d116a-5cf0-42f5-bab8-19c503a3dbe0" testId="a3da5712-1fc6-1483-5013-eb15e94741bb" testName="FileContentRenamer.Tests.Models.AppConfigTests.LoadFromConfiguration_WithMissingFileExtensions_ShouldThrowException" computerName="MacBook-Pro" duration="00:00:00.0630010" startTime="2025-08-11T23:45:05.0187740-03:00" endTime="2025-08-11T23:45:05.0804840-03:00" testType="13cdc9d9-ddb5-4fa4-a97d-d965ccfc6d4b" outcome="Failed" testListId="8c84fa94-04c1-424b-9868-57a2d4851a1d" relativeResultsDirectory="f91d116a-5cf0-42f5-bab8-19c503a3dbe0">
      <Output>
        <ErrorInfo>
          <Message>Expected a &lt;System.InvalidOperationException&gt; to be thrown, but no exception was thrown.</Message>
          <StackTrace>   at FluentAssertions.Execution.XUnit2TestFramework.Throw(String message)
   at FluentAssertions.Execution.TestFrameworkProvider.Throw(String message)
   at FluentAssertions.Execution.DefaultAssertionStrategy.HandleFailure(String message)
   at FluentAssertions.Execution.AssertionScope.FailWith(Func`1 failReasonFunc)
   at FluentAssertions.Execution.AssertionScope.FailWith(Func`1 failReasonFunc)
   at FluentAssertions.Execution.AssertionScope.FailWith(String message)
   at FluentAssertions.Specialized.DelegateAssertionsBase`2.ThrowInternal[TException](Exception exception, String because, Object[] becauseArgs)
   at FluentAssertions.Specialized.DelegateAssertions`2.Throw[TException](String because, Object[] becauseArgs)
   at FileContentRenamer.Tests.Models.AppConfigTests.LoadFromConfiguration_WithMissingFileExtensions_ShouldThrowException() in /Users/santibraida/Workspace/comprobantes/FileContentRenamer.Tests/Models/AppConfigTests.cs:line 260
   at System.RuntimeMethodHandle.InvokeMethod(Object target, Void** arguments, Signature sig, Boolean isConstructor)
   at System.Reflection.MethodBaseInvoker.InvokeWithNoArgs(Object obj, BindingFlags invokeAttr)</StackTrace>
        </ErrorInfo>
      </Output>
    </UnitTestResult>
    <UnitTestResult executionId="ba7baa52-d433-40bd-9bb3-c48d9abab426" testId="0fcf9b9b-b820-ecc4-eb7d-d476c5dd956f" testName="FileContentRenamer.Tests.Services.FileServiceTests.ProcessFilesAsync_WithNoFiles_ShouldCompleteSuccessfully" computerName="MacBook-Pro" duration="00:00:00.0025412" startTime="2025-08-11T23:45:04.5515980-03:00" endTime="2025-08-11T23:45:04.5739660-03:00" testType="13cdc9d9-ddb5-4fa4-a97d-d965ccfc6d4b" outcome="Passed" testListId="8c84fa94-04c1-424b-9868-57a2d4851a1d" relativeResultsDirectory="ba7baa52-d433-40bd-9bb3-c48d9abab426" />
    <UnitTestResult executionId="97e3ac34-15bb-4b9b-bf6a-d908627ab2ea" testId="a8222741-473a-8061-b947-f4446415fedc" testName="FileContentRenamer.Tests.Services.FileValidatorTests.ValidateFileSize_WithNonExistentFile_ShouldNotThrow" computerName="MacBook-Pro" duration="00:00:00.0016493" startTime="2025-08-11T23:45:04.4150130-03:00" endTime="2025-08-11T23:45:04.4150640-03:00" testType="13cdc9d9-ddb5-4fa4-a97d-d965ccfc6d4b" outcome="Passed" testListId="8c84fa94-04c1-424b-9868-57a2d4851a1d" relativeResultsDirectory="97e3ac34-15bb-4b9b-bf6a-d908627ab2ea" />
    <UnitTestResult executionId="33964c04-d655-454e-9f56-8be354af0412" testId="7135bf06-d0f7-d1fd-424d-aa321ae4fc62" testName="FileContentRenamer.Tests.Services.DateExtractorTests.ExtractDateFromContent_WithDueDateFormat_ShouldReturnCorrectDate" computerName="MacBook-Pro" duration="00:00:00.0000671" startTime="2025-08-11T23:45:04.1835350-03:00" endTime="2025-08-11T23:45:04.1835640-03:00" testType="13cdc9d9-ddb5-4fa4-a97d-d965ccfc6d4b" outcome="Passed" testListId="8c84fa94-04c1-424b-9868-57a2d4851a1d" relativeResultsDirectory="33964c04-d655-454e-9f56-8be354af0412" />
    <UnitTestResult executionId="ec8fbf7f-9c57-48fe-acf2-ff0f9341d558" testId="5611fb35-7f75-b2a9-be17-8e2f5c001e43" testName="FileContentRenamer.Tests.Services.FilenameGeneratorTests.CleanupFileName_WithVariousInputs_ShouldReturnCleanedName(input: &quot;file|name&quot;, expected: &quot;file|name&quot;)" computerName="MacBook-Pro" duration="00:00:00.0000412" startTime="2025-08-11T23:45:04.3547900-03:00" endTime="2025-08-11T23:45:04.3548820-03:00" testType="13cdc9d9-ddb5-4fa4-a97d-d965ccfc6d4b" outcome="Passed" testListId="8c84fa94-04c1-424b-9868-57a2d4851a1d" relativeResultsDirectory="ec8fbf7f-9c57-48fe-acf2-ff0f9341d558" />
    <UnitTestResult executionId="7673c319-cd44-4a5f-ab62-495eb2fe2e4e" testId="824839a8-20c1-e236-c120-b27a5f944d83" testName="FileContentRenamer.Tests.Services.DirectoryOrganizerTests.GetMonthName_WithValidMonth_ShouldReturnSpanishName(monthNumber: 7, expected: &quot;julio&quot;)" computerName="MacBook-Pro" duration="00:00:00.0000968" startTime="2025-08-11T23:45:04.3214250-03:00" endTime="2025-08-11T23:45:04.3214690-03:00" testType="13cdc9d9-ddb5-4fa4-a97d-d965ccfc6d4b" outcome="Passed" testListId="8c84fa94-04c1-424b-9868-57a2d4851a1d" relativeResultsDirectory="7673c319-cd44-4a5f-ab62-495eb2fe2e4e" />
    <UnitTestResult executionId="02f7fde3-5ba9-4450-a5e7-ded37ccf8548" testId="2ce66dbc-f5ab-5500-4273-caffb3bf4e5f" testName="FileContentRenamer.Tests.Models.NamingRulesTests.FindMatchingRule_WithNoMatchingRule_ShouldReturnNull" computerName="MacBook-Pro" duration="00:00:00.0001988" startTime="2025-08-11T23:45:04.1832160-03:00" endTime="2025-08-11T23:45:04.2441880-03:00" testType="13cdc9d9-ddb5-4fa4-a97d-d965ccfc6d4b" outcome="Passed" testListId="8c84fa94-04c1-424b-9868-57a2d4851a1d" relativeResultsDirectory="02f7fde3-5ba9-4450-a5e7-ded37ccf8548" />
    <UnitTestResult executionId="6d2c4918-e21b-489e-9736-052fa67c62e7" testId="8788403a-0d19-e088-1175-07bf39207809" testName="FileContentRenamer.Tests.Services.PdfProcessorTests.CanProcess_WithNonPdfExtension_ShouldReturnFalse(filename: &quot;test.jpg&quot;)" computerName="MacBook-Pro" duration="00:00:00.0001265" startTime="2025-08-11T23:45:04.5531610-03:00" endTime="2025-08-11T23:45:04.5532020-03:00" testType="13cdc9d9-ddb5-4fa4-a97d-d965ccfc6d4b" outcome="Passed" testListId="8c84fa94-04c1-424b-9868-57a2d4851a1d" relativeResultsDirectory="6d2c4918-e21b-489e-9736-052fa67c62e7" />
    <UnitTestResult executionId="d68bcc6f-64a9-43ec-bcc0-8618df944537" testId="ae4c83e6-0f4d-65f8-22c1-23c6464f33a2" testName="FileContentRenamer.Tests.Services.TextProcessorTests.CanProcess_WithTxtExtensionDifferentCasing_ShouldReturnTrue(filename: &quot;test.Txt&quot;)" computerName="MacBook-Pro" duration="00:00:00.0000963" startTime="2025-08-11T23:45:04.4935110-03:00" endTime="2025-08-11T23:45:04.4935540-03:00" testType="13cdc9d9-ddb5-4fa4-a97d-d965ccfc6d4b" outcome="Passed" testListId="8c84fa94-04c1-424b-9868-57a2d4851a1d" relativeResultsDirectory="d68bcc6f-64a9-43ec-bcc0-8618df944537" />
    <UnitTestResult executionId="0e7d49f4-bf76-47c8-b0a8-7cab746cb386" testId="f4d3ad23-32ef-7284-391b-46eb33d6f78f" testName="FileContentRenamer.Tests.Services.FileValidatorTests.ShouldProcessFile_WithFileExtensionsContainingNulls_ShouldHandleGracefully" computerName="MacBook-Pro" duration="00:00:00.0197171" startTime="2025-08-11T23:45:04.4222970-03:00" endTime="2025-08-11T23:45:04.4238410-03:00" testType="13cdc9d9-ddb5-4fa4-a97d-d965ccfc6d4b" outcome="Passed" testListId="8c84fa94-04c1-424b-9868-57a2d4851a1d" relativeResultsDirectory="0e7d49f4-bf76-47c8-b0a8-7cab746cb386" />
    <UnitTestResult executionId="b26f65a1-224f-4646-902d-707a999bc350" testId="f567e5a6-a665-67c2-8449-b66348dc3570" testName="FileContentRenamer.Tests.Services.DirectoryOrganizerTests.OrganizeFileIntoDirectoryStructure_WithMultipleDuplicates_ShouldCreateUniqueFilename" computerName="MacBook-Pro" duration="00:00:00.0013124" startTime="2025-08-11T23:45:04.3261520-03:00" endTime="2025-08-11T23:45:04.3261920-03:00" testType="13cdc9d9-ddb5-4fa4-a97d-d965ccfc6d4b" outcome="Passed" testListId="8c84fa94-04c1-424b-9868-57a2d4851a1d" relativeResultsDirectory="b26f65a1-224f-4646-902d-707a999bc350" />
    <UnitTestResult executionId="36d8b2e4-4a03-447a-a10e-f4447981a035" testId="00d05e1f-7d72-418e-9c9e-a769436ab485" testName="FileContentRenamer.Tests.Services.FileValidatorTests.ShouldProcessFile_WithValidExtensions_ShouldReturnTrue(extension: &quot;.pdf&quot;)" computerName="MacBook-Pro" duration="00:00:00.0004269" startTime="2025-08-11T23:45:04.3916000-03:00" endTime="2025-08-11T23:45:04.3917070-03:00" testType="13cdc9d9-ddb5-4fa4-a97d-d965ccfc6d4b" outcome="Passed" testListId="8c84fa94-04c1-424b-9868-57a2d4851a1d" relativeResultsDirectory="36d8b2e4-4a03-447a-a10e-f4447981a035" />
    <UnitTestResult executionId="4edede62-121c-45c9-ad56-2bbc3e8102af" testId="89411942-d38a-5bb6-81ec-67e7fdba9fc2" testName="FileContentRenamer.Tests.Services.FileValidatorTests.ShouldProcessFile_WithValidExtensions_ShouldReturnTrue(extension: &quot;.txt&quot;)" computerName="MacBook-Pro" duration="00:00:00.0006669" startTime="2025-08-11T23:45:04.3910050-03:00" endTime="2025-08-11T23:45:04.3910610-03:00" testType="13cdc9d9-ddb5-4fa4-a97d-d965ccfc6d4b" outcome="Passed" testListId="8c84fa94-04c1-424b-9868-57a2d4851a1d" relativeResultsDirectory="4edede62-121c-45c9-ad56-2bbc3e8102af" />
    <UnitTestResult executionId="0830f69a-9057-4cd9-a0b6-d64a92d105a6" testId="154b1187-a8fe-288a-dff0-88f9c1f03683" testName="FileContentRenamer.Tests.Models.NamingRuleTests.Matches_WithNullContent_ShouldReturnFalse" computerName="MacBook-Pro" duration="00:00:00.0000602" startTime="2025-08-11T23:45:04.2933370-03:00" endTime="2025-08-11T23:45:04.2933690-03:00" testType="13cdc9d9-ddb5-4fa4-a97d-d965ccfc6d4b" outcome="Passed" testListId="8c84fa94-04c1-424b-9868-57a2d4851a1d" relativeResultsDirectory="0830f69a-9057-4cd9-a0b6-d64a92d105a6" />
    <UnitTestResult executionId="b469e273-794f-400a-b975-f6fac844a095" testId="51c5dd4c-3587-911b-8de8-02b3003da056" testName="FileContentRenamer.Tests.Services.FileValidatorTests.ValidateConfiguration_WithEmptyFileExtensions_ShouldReturnFalse" computerName="MacBook-Pro" duration="00:00:00.0020057" startTime="2025-08-11T23:45:04.3881390-03:00" endTime="2025-08-11T23:45:04.3881880-03:00" testType="13cdc9d9-ddb5-4fa4-a97d-d965ccfc6d4b" outcome="Passed" testListId="8c84fa94-04c1-424b-9868-57a2d4851a1d" relativeResultsDirectory="b469e273-794f-400a-b975-f6fac844a095" />
    <UnitTestResult executionId="7bf67918-13e0-4eeb-b542-19ce096169bf" testId="de5e6aa9-ab12-14ed-551c-79528da15404" testName="FileContentRenamer.Tests.Services.PdfProcessorTests.ExtractContentAsync_WithNonPdfFile_ShouldThrowException" computerName="MacBook-Pro" duration="00:00:00.0030576" startTime="2025-08-11T23:45:04.5749780-03:00" endTime="2025-08-11T23:45:04.5756920-03:00" testType="13cdc9d9-ddb5-4fa4-a97d-d965ccfc6d4b" outcome="Passed" testListId="8c84fa94-04c1-424b-9868-57a2d4851a1d" relativeResultsDirectory="7bf67918-13e0-4eeb-b542-19ce096169bf" />
    <UnitTestResult executionId="1ae0989c-a2ab-4c73-bbb3-0d4376c3c61c" testId="d1416a64-bf78-25ec-aee2-d5b8b18bc3dc" testName="FileContentRenamer.Tests.Services.DirectoryOrganizerTests.GetMonthName_WithValidMonth_ShouldReturnSpanishName(monthNumber: 5, expected: &quot;mayo&quot;)" computerName="MacBook-Pro" duration="00:00:00.0002673" startTime="2025-08-11T23:45:04.3200180-03:00" endTime="2025-08-11T23:45:04.3200620-03:00" testType="13cdc9d9-ddb5-4fa4-a97d-d965ccfc6d4b" outcome="Passed" testListId="8c84fa94-04c1-424b-9868-57a2d4851a1d" relativeResultsDirectory="1ae0989c-a2ab-4c73-bbb3-0d4376c3c61c" />
    <UnitTestResult executionId="c3141fdf-a37b-4c8a-9b17-dc5053f31f77" testId="a78a0985-6ddf-5e1e-7544-6efb88194c31" testName="FileContentRenamer.Tests.Services.FilenameGeneratorTests.GenerateFilename_WithValidContentAndDate_ShouldReturnCorrectFilename" computerName="MacBook-Pro" duration="00:00:00.0006511" startTime="2025-08-11T23:45:04.3874440-03:00" endTime="2025-08-11T23:45:04.3874720-03:00" testType="13cdc9d9-ddb5-4fa4-a97d-d965ccfc6d4b" outcome="Passed" testListId="8c84fa94-04c1-424b-9868-57a2d4851a1d" relativeResultsDirectory="c3141fdf-a37b-4c8a-9b17-dc5053f31f77" />
    <UnitTestResult executionId="086cc7d6-994b-4e9e-b121-1c3f9741593e" testId="97a9732c-79a7-6428-f306-649df62803fe" testName="FileContentRenamer.Tests.Services.ImageProcessorTests.CanProcess_WithImageExtensions_ShouldReturnTrue(extension: &quot;.jpeg&quot;)" computerName="MacBook-Pro" duration="00:00:00.0300241" startTime="2025-08-11T23:45:04.5759800-03:00" endTime="2025-08-11T23:45:04.5814570-03:00" testType="13cdc9d9-ddb5-4fa4-a97d-d965ccfc6d4b" outcome="Passed" testListId="8c84fa94-04c1-424b-9868-57a2d4851a1d" relativeResultsDirectory="086cc7d6-994b-4e9e-b121-1c3f9741593e" />
    <UnitTestResult executionId="792f4a6d-f591-4e2d-880c-3452e5406ec4" testId="b0162767-b0d5-ac8c-e6c1-f87ef88a8da6" testName="FileContentRenamer.Tests.Services.DateExtractorTests.ExtractDateFromFilename_WithEmptyFilename_ShouldReturnEmptyString" computerName="MacBook-Pro" duration="00:00:00.0012584" startTime="2025-08-11T23:45:04.1825470-03:00" endTime="2025-08-11T23:45:04.1832450-03:00" testType="13cdc9d9-ddb5-4fa4-a97d-d965ccfc6d4b" outcome="Passed" testListId="8c84fa94-04c1-424b-9868-57a2d4851a1d" relativeResultsDirectory="792f4a6d-f591-4e2d-880c-3452e5406ec4" />
    <UnitTestResult executionId="1f90f2b0-4e99-41dc-999c-f409d1b5f877" testId="9bedcbf1-e681-ce6a-b113-25e2deb4a524" testName="FileContentRenamer.Tests.Services.DateExtractorTests.ExtractDateFromContent_WithEmissionDateFormat_ShouldReturnCorrectDate" computerName="MacBook-Pro" duration="00:00:00.0000516" startTime="2025-08-11T23:45:04.2790320-03:00" endTime="2025-08-11T23:45:04.2790570-03:00" testType="13cdc9d9-ddb5-4fa4-a97d-d965ccfc6d4b" outcome="Passed" testListId="8c84fa94-04c1-424b-9868-57a2d4851a1d" relativeResultsDirectory="1f90f2b0-4e99-41dc-999c-f409d1b5f877" />
    <UnitTestResult executionId="037313e1-263f-40ea-9b2d-badde3bb6160" testId="72cdf8b5-0c4a-e649-1b33-3003eb144b1a" testName="FileContentRenamer.Tests.Services.TextProcessorTests.CanProcess_WithNonTxtExtension_ShouldReturnFalse(filename: &quot;test.docx&quot;)" computerName="MacBook-Pro" duration="00:00:00.0000885" startTime="2025-08-11T23:45:04.4884080-03:00" endTime="2025-08-11T23:45:04.4884470-03:00" testType="13cdc9d9-ddb5-4fa4-a97d-d965ccfc6d4b" outcome="Passed" testListId="8c84fa94-04c1-424b-9868-57a2d4851a1d" relativeResultsDirectory="037313e1-263f-40ea-9b2d-badde3bb6160" />
    <UnitTestResult executionId="0b3e1f10-c028-494b-abbf-bcb195dd0dd6" testId="f74a6a94-f390-b5f6-1cb3-44e2f343eb63" testName="FileContentRenamer.Tests.Models.NamingRulesTests.GenerateFilename_WithDateOverrideButRichContent_ShouldUseOriginalDate" computerName="MacBook-Pro" duration="00:00:00.0004911" startTime="2025-08-11T23:45:04.2483700-03:00" endTime="2025-08-11T23:45:04.2764990-03:00" testType="13cdc9d9-ddb5-4fa4-a97d-d965ccfc6d4b" outcome="Passed" testListId="8c84fa94-04c1-424b-9868-57a2d4851a1d" relativeResultsDirectory="0b3e1f10-c028-494b-abbf-bcb195dd0dd6" />
    <UnitTestResult executionId="82ae7a89-885d-445b-801b-bd7bed5da4c8" testId="0316afba-cad9-583a-5a60-4cda40610283" testName="FileContentRenamer.Tests.Services.DateExtractorTests.ExtractDateFromFilename_WithVariousValidFormats_ShouldReturnCorrectDates(filename: &quot;service_2024-01-01_payment&quot;, expected: &quot;2024-01-01&quot;)" computerName="MacBook-Pro" duration="00:00:00.0000772" startTime="2025-08-11T23:45:04.2736590-03:00" endTime="2025-08-11T23:45:04.2737870-03:00" testType="13cdc9d9-ddb5-4fa4-a97d-d965ccfc6d4b" outcome="Passed" testListId="8c84fa94-04c1-424b-9868-57a2d4851a1d" relativeResultsDirectory="82ae7a89-885d-445b-801b-bd7bed5da4c8" />
    <UnitTestResult executionId="36cb1daf-05fc-478d-8488-a4b4751f7512" testId="85677dc2-59d0-24ec-6909-57399a83a6f9" testName="FileContentRenamer.Tests.Configuration.ServiceConfigurationTests.ConfigureServices_ShouldRegisterFileProcessors" computerName="MacBook-Pro" duration="00:00:00.0734071" startTime="2025-08-11T23:45:04.3176300-03:00" endTime="2025-08-11T23:45:04.3305620-03:00" testType="13cdc9d9-ddb5-4fa4-a97d-d965ccfc6d4b" outcome="Passed" testListId="8c84fa94-04c1-424b-9868-57a2d4851a1d" relativeResultsDirectory="36cb1daf-05fc-478d-8488-a4b4751f7512" />
    <UnitTestResult executionId="93166feb-ef69-4664-b4d5-94277e0eb553" testId="b3c39b3e-760b-5274-9a96-a8ea10710638" testName="FileContentRenamer.Tests.Services.DirectoryOrganizerTests.GetMonthName_WithValidMonth_ShouldReturnSpanishName(monthNumber: 11, expected: &quot;noviembre&quot;)" computerName="MacBook-Pro" duration="00:00:00.0003725" startTime="2025-08-11T23:45:04.3180030-03:00" endTime="2025-08-11T23:45:04.3180580-03:00" testType="13cdc9d9-ddb5-4fa4-a97d-d965ccfc6d4b" outcome="Passed" testListId="8c84fa94-04c1-424b-9868-57a2d4851a1d" relativeResultsDirectory="93166feb-ef69-4664-b4d5-94277e0eb553" />
    <UnitTestResult executionId="546924d5-7a85-4c2b-88da-d0a453aeb594" testId="923e4fe8-a8e9-3d7b-512d-479873b8f571" testName="FileContentRenamer.Tests.Models.NamingRuleTests.Matches_WithNullKeywords_ShouldReturnFalse" computerName="MacBook-Pro" duration="00:00:00.0000579" startTime="2025-08-11T23:45:04.2927370-03:00" endTime="2025-08-11T23:45:04.2928090-03:00" testType="13cdc9d9-ddb5-4fa4-a97d-d965ccfc6d4b" outcome="Passed" testListId="8c84fa94-04c1-424b-9868-57a2d4851a1d" relativeResultsDirectory="546924d5-7a85-4c2b-88da-d0a453aeb594" />
    <UnitTestResult executionId="e81c47ce-55bd-45a6-a2a7-f0a6462d7c85" testId="735ac008-1cbd-a429-fd29-015f19236116" testName="FileContentRenamer.Tests.Models.NamingRuleTests.Matches_WithNoKeywords_ShouldReturnFalse" computerName="MacBook-Pro" duration="00:00:00.0001597" startTime="2025-08-11T23:45:04.2936840-03:00" endTime="2025-08-11T23:45:04.2937110-03:00" testType="13cdc9d9-ddb5-4fa4-a97d-d965ccfc6d4b" outcome="Passed" testListId="8c84fa94-04c1-424b-9868-57a2d4851a1d" relativeResultsDirectory="e81c47ce-55bd-45a6-a2a7-f0a6462d7c85" />
    <UnitTestResult executionId="2dd08751-f8f7-4c3d-9cfb-b17e013d9fc2" testId="6802e4b7-d13f-9fd7-e900-410b7d9a430f" testName="FileContentRenamer.Tests.Services.PdfProcessorTests.ExtractContentAsync_WithEmptyPdfFile_ShouldReturnEmptyString" computerName="MacBook-Pro" duration="00:00:00.0008839" startTime="2025-08-11T23:45:04.5808730-03:00" endTime="2025-08-11T23:45:04.5811080-03:00" testType="13cdc9d9-ddb5-4fa4-a97d-d965ccfc6d4b" outcome="Passed" testListId="8c84fa94-04c1-424b-9868-57a2d4851a1d" relativeResultsDirectory="2dd08751-f8f7-4c3d-9cfb-b17e013d9fc2" />
    <UnitTestResult executionId="ff50400c-5532-4ef9-9129-4f8813b95513" testId="66363822-7849-72a3-af25-779ac72e5857" testName="FileContentRenamer.Tests.Services.TextProcessorTests.CanProcess_WithTxtExtensionDifferentCasing_ShouldReturnTrue(filename: &quot;test.TXT&quot;)" computerName="MacBook-Pro" duration="00:00:00.0001784" startTime="2025-08-11T23:45:04.4932020-03:00" endTime="2025-08-11T23:45:04.4932430-03:00" testType="13cdc9d9-ddb5-4fa4-a97d-d965ccfc6d4b" outcome="Passed" testListId="8c84fa94-04c1-424b-9868-57a2d4851a1d" relativeResultsDirectory="ff50400c-5532-4ef9-9129-4f8813b95513" />
    <UnitTestResult executionId="64f8519b-51d0-4224-844f-dd0d8bd158fa" testId="75799e7f-c8b2-eb49-e7fc-7e63546cf626" testName="FileContentRenamer.Tests.Services.ImageProcessorTests.CanProcess_WithImageExtensions_ShouldReturnTrue(extension: &quot;.tif&quot;)" computerName="MacBook-Pro" duration="00:00:00.0557334" startTime="2025-08-11T23:45:04.5817240-03:00" endTime="2025-08-11T23:45:04.5821040-03:00" testType="13cdc9d9-ddb5-4fa4-a97d-d965ccfc6d4b" outcome="Passed" testListId="8c84fa94-04c1-424b-9868-57a2d4851a1d" relativeResultsDirectory="64f8519b-51d0-4224-844f-dd0d8bd158fa" />
    <UnitTestResult executionId="20a9a82b-369c-4bcc-96f1-f7fe93574c83" testId="a366a934-60e2-7009-7a6f-f68837f539c2" testName="FileContentRenamer.Tests.Services.FileValidatorTests.ValidateConfiguration_WithValidConfig_ShouldReturnTrue" computerName="MacBook-Pro" duration="00:00:00.0771397" startTime="2025-08-11T23:45:04.2877260-03:00" endTime="2025-08-11T23:45:04.3514260-03:00" testType="13cdc9d9-ddb5-4fa4-a97d-d965ccfc6d4b" outcome="Passed" testListId="8c84fa94-04c1-424b-9868-57a2d4851a1d" relativeResultsDirectory="20a9a82b-369c-4bcc-96f1-f7fe93574c83" />
    <UnitTestResult executionId="9fdc0a36-6b32-48f2-b2cc-9e2e66265b59" testId="c5db792d-e049-7e4c-45a4-ac95e98dbc54" testName="FileContentRenamer.Tests.Services.DirectoryOrganizerTests.GetMonthName_WithValidMonth_ShouldReturnSpanishName(monthNumber: 4, expected: &quot;abril&quot;)" computerName="MacBook-Pro" duration="00:00:00.0001125" startTime="2025-08-11T23:45:04.3223600-03:00" endTime="2025-08-11T23:45:04.3224120-03:00" testType="13cdc9d9-ddb5-4fa4-a97d-d965ccfc6d4b" outcome="Passed" testListId="8c84fa94-04c1-424b-9868-57a2d4851a1d" relativeResultsDirectory="9fdc0a36-6b32-48f2-b2cc-9e2e66265b59" />
    <UnitTestResult executionId="7042f4fb-55de-429b-ae57-4772fd01d0cc" testId="fd75bf1b-7547-e469-5bac-5caae1974719" testName="FileContentRenamer.Tests.Services.FilenameGeneratorTests.IsAlreadyNamedFilename_WithValidFormats_ShouldReturnTrue(filename: &quot;service_2024-03-15_payment&quot;)" computerName="MacBook-Pro" duration="00:00:00.0869699" startTime="2025-08-11T23:45:04.0959200-03:00" endTime="2025-08-11T23:45:04.3295630-03:00" testType="13cdc9d9-ddb5-4fa4-a97d-d965ccfc6d4b" outcome="Passed" testListId="8c84fa94-04c1-424b-9868-57a2d4851a1d" relativeResultsDirectory="7042f4fb-55de-429b-ae57-4772fd01d0cc" />
    <UnitTestResult executionId="87f1cc4a-e143-47bb-8909-be9d74501918" testId="2c7c7876-b123-f6b1-1eae-db6f6476f552" testName="FileContentRenamer.Tests.Services.PdfProcessorTests.ExtractContentAsync_WithNonExistentPdfFile_ShouldReturnEmptyString" computerName="MacBook-Pro" duration="00:00:00.1355488" startTime="2025-08-11T23:45:04.3829640-03:00" endTime="2025-08-11T23:45:04.5483540-03:00" testType="13cdc9d9-ddb5-4fa4-a97d-d965ccfc6d4b" outcome="Passed" testListId="8c84fa94-04c1-424b-9868-57a2d4851a1d" relativeResultsDirectory="87f1cc4a-e143-47bb-8909-be9d74501918" />
    <UnitTestResult executionId="7b01c9d9-8d3f-4b1c-bcd4-d4e61df0c0ba" testId="b9d72b25-82ca-6ec3-5870-6ffcc88918e2" testName="FileContentRenamer.Tests.Services.DirectoryOrganizerTests.GetMonthName_WithValidMonth_ShouldReturnSpanishName(monthNumber: 10, expected: &quot;octubre&quot;)" computerName="MacBook-Pro" duration="00:00:00.0005172" startTime="2025-08-11T23:45:04.3183510-03:00" endTime="2025-08-11T23:45:04.3183920-03:00" testType="13cdc9d9-ddb5-4fa4-a97d-d965ccfc6d4b" outcome="Passed" testListId="8c84fa94-04c1-424b-9868-57a2d4851a1d" relativeResultsDirectory="7b01c9d9-8d3f-4b1c-bcd4-d4e61df0c0ba" />
    <UnitTestResult executionId="5cc740eb-a093-4f57-80c1-543e33cc0d60" testId="26656131-c125-7680-eabe-b2347d65af76" testName="FileContentRenamer.Tests.Services.TextProcessorTests.ExtractContentAsync_WithLockedFile_ShouldReturnEmptyString" computerName="MacBook-Pro" duration="00:00:00.0210961" startTime="2025-08-11T23:45:04.4938420-03:00" endTime="2025-08-11T23:45:04.4945420-03:00" testType="13cdc9d9-ddb5-4fa4-a97d-d965ccfc6d4b" outcome="Passed" testListId="8c84fa94-04c1-424b-9868-57a2d4851a1d" relativeResultsDirectory="5cc740eb-a093-4f57-80c1-543e33cc0d60" />
    <UnitTestResult executionId="c8fdb433-0e72-4379-932c-9910872ef9aa" testId="f3287b07-b05f-116b-412b-e12a39926f98" testName="FileContentRenamer.Tests.Services.PdfProcessorTests.ExtractContentAsync_WithCorruptedPdfFile_ShouldReturnEmptyString" computerName="MacBook-Pro" duration="00:00:00.0043557" startTime="2025-08-11T23:45:04.5542170-03:00" endTime="2025-08-11T23:45:04.5746860-03:00" testType="13cdc9d9-ddb5-4fa4-a97d-d965ccfc6d4b" outcome="Passed" testListId="8c84fa94-04c1-424b-9868-57a2d4851a1d" relativeResultsDirectory="c8fdb433-0e72-4379-932c-9910872ef9aa" />
    <UnitTestResult executionId="17620e6e-d156-4cb3-9a9a-cf09bb74f49c" testId="d406e03e-ed03-b142-d7d1-88f454f977cb" testName="FileContentRenamer.Tests.Services.ImageProcessorTests.CanProcess_WithNonImageExtension_ShouldReturnFalse(extension: &quot;test&quot;)" computerName="MacBook-Pro" duration="00:00:00.0481804" startTime="2025-08-11T23:45:04.3825000-03:00" endTime="2025-08-11T23:45:04.3885030-03:00" testType="13cdc9d9-ddb5-4fa4-a97d-d965ccfc6d4b" outcome="Passed" testListId="8c84fa94-04c1-424b-9868-57a2d4851a1d" relativeResultsDirectory="17620e6e-d156-4cb3-9a9a-cf09bb74f49c" />
  </Results>
  <TestDefinitions>
    <UnitTest name="FileContentRenamer.Tests.Services.FileValidatorTests.ShouldProcessFile_WithInvalidExtensions_ShouldReturnFalse(extension: &quot;.png&quot;)" storage="/users/santibraida/workspace/comprobantes/filecontentrenamer.tests/bin/debug/net9.0/filecontentrenamer.tests.dll" id="ea32b4ee-de29-bcf5-9e6a-b7b5b963e16b">
      <Execution id="993c65ef-74cb-49ed-899e-953d22a06a5d" />
      <TestMethod codeBase="/Users/santibraida/Workspace/comprobantes/FileContentRenamer.Tests/bin/Debug/net9.0/FileContentRenamer.Tests.dll" adapterTypeName="executor://xunit/VsTestRunner3/netcore/" className="FileContentRenamer.Tests.Services.FileValidatorTests" name="ShouldProcessFile_WithInvalidExtensions_ShouldReturnFalse" />
    </UnitTest>
    <UnitTest name="FileContentRenamer.Tests.Models.AppConfigTests.LoadFromConfiguration_WithMissingConfigFile_ShouldThrowException" storage="/users/santibraida/workspace/comprobantes/filecontentrenamer.tests/bin/debug/net9.0/filecontentrenamer.tests.dll" id="e6f8099a-7c83-15b0-1a09-13322c0e5611">
      <Execution id="15243c68-7aff-47d3-bd4e-6b3a24a7730b" />
      <TestMethod codeBase="/Users/santibraida/Workspace/comprobantes/FileContentRenamer.Tests/bin/Debug/net9.0/FileContentRenamer.Tests.dll" adapterTypeName="executor://xunit/VsTestRunner3/netcore/" className="FileContentRenamer.Tests.Models.AppConfigTests" name="LoadFromConfiguration_WithMissingConfigFile_ShouldThrowException" />
    </UnitTest>
    <UnitTest name="FileContentRenamer.Tests.Services.FilenameGeneratorTests.GenerateFilename_WithNullDate_ShouldUseCurrentDate" storage="/users/santibraida/workspace/comprobantes/filecontentrenamer.tests/bin/debug/net9.0/filecontentrenamer.tests.dll" id="eff1fee9-aafb-67b9-c268-648d008d92e6">
      <Execution id="02dfa208-3527-4a5d-954d-d568a5049452" />
      <TestMethod codeBase="/Users/santibraida/Workspace/comprobantes/FileContentRenamer.Tests/bin/Debug/net9.0/FileContentRenamer.Tests.dll" adapterTypeName="executor://xunit/VsTestRunner3/netcore/" className="FileContentRenamer.Tests.Services.FilenameGeneratorTests" name="GenerateFilename_WithNullDate_ShouldUseCurrentDate" />
    </UnitTest>
    <UnitTest name="FileContentRenamer.Tests.Services.PdfProcessorTests.ExtractContentAsync_WithInvalidPdfFile_ShouldReturnEmptyString" storage="/users/santibraida/workspace/comprobantes/filecontentrenamer.tests/bin/debug/net9.0/filecontentrenamer.tests.dll" id="5203fca7-8d46-0785-3587-4e70c16ca73b">
      <Execution id="677db7bb-fe0d-461b-a7a5-3121bfd82be0" />
      <TestMethod codeBase="/Users/santibraida/Workspace/comprobantes/FileContentRenamer.Tests/bin/Debug/net9.0/FileContentRenamer.Tests.dll" adapterTypeName="executor://xunit/VsTestRunner3/netcore/" className="FileContentRenamer.Tests.Services.PdfProcessorTests" name="ExtractContentAsync_WithInvalidPdfFile_ShouldReturnEmptyString" />
    </UnitTest>
    <UnitTest name="FileContentRenamer.Tests.Services.DirectoryOrganizerTests.OrganizeFileIntoDirectoryStructure_InYearFolderDifferentMonth_ShouldMoveToCorrectMonth" storage="/users/santibraida/workspace/comprobantes/filecontentrenamer.tests/bin/debug/net9.0/filecontentrenamer.tests.dll" id="31f3b2f4-1b28-6746-2403-d25f9fbdfdf8">
      <Execution id="7cbbfeec-6ad2-4da6-b8bb-f7ac02bdd46b" />
      <TestMethod codeBase="/Users/santibraida/Workspace/comprobantes/FileContentRenamer.Tests/bin/Debug/net9.0/FileContentRenamer.Tests.dll" adapterTypeName="executor://xunit/VsTestRunner3/netcore/" className="FileContentRenamer.Tests.Services.DirectoryOrganizerTests" name="OrganizeFileIntoDirectoryStructure_InYearFolderDifferentMonth_ShouldMoveToCorrectMonth" />
    </UnitTest>
    <UnitTest name="FileContentRenamer.Tests.Services.FilenameGeneratorTests.GenerateUniqueFilename_WithMultipleExistingFiles_ShouldReturnNextAvailableNumber" storage="/users/santibraida/workspace/comprobantes/filecontentrenamer.tests/bin/debug/net9.0/filecontentrenamer.tests.dll" id="44b78ff5-3e7b-b701-e798-52be3aafb6cb">
      <Execution id="bffb1afb-9b2e-4f1f-b307-7204c3767f9c" />
      <TestMethod codeBase="/Users/santibraida/Workspace/comprobantes/FileContentRenamer.Tests/bin/Debug/net9.0/FileContentRenamer.Tests.dll" adapterTypeName="executor://xunit/VsTestRunner3/netcore/" className="FileContentRenamer.Tests.Services.FilenameGeneratorTests" name="GenerateUniqueFilename_WithMultipleExistingFiles_ShouldReturnNextAvailableNumber" />
    </UnitTest>
    <UnitTest name="FileContentRenamer.Tests.Services.DirectoryOrganizerTests.GetMonthName_WithValidMonth_ShouldReturnSpanishName(monthNumber: 4, expected: &quot;abril&quot;)" storage="/users/santibraida/workspace/comprobantes/filecontentrenamer.tests/bin/debug/net9.0/filecontentrenamer.tests.dll" id="c5db792d-e049-7e4c-45a4-ac95e98dbc54">
      <Execution id="9fdc0a36-6b32-48f2-b2cc-9e2e66265b59" />
      <TestMethod codeBase="/Users/santibraida/Workspace/comprobantes/FileContentRenamer.Tests/bin/Debug/net9.0/FileContentRenamer.Tests.dll" adapterTypeName="executor://xunit/VsTestRunner3/netcore/" className="FileContentRenamer.Tests.Services.DirectoryOrganizerTests" name="GetMonthName_WithValidMonth_ShouldReturnSpanishName" />
    </UnitTest>
    <UnitTest name="FileContentRenamer.Tests.Services.DirectoryOrganizerTests.GetMonthName_WithValidMonth_ShouldReturnSpanishName(monthNumber: 9, expected: &quot;septiembre&quot;)" storage="/users/santibraida/workspace/comprobantes/filecontentrenamer.tests/bin/debug/net9.0/filecontentrenamer.tests.dll" id="ebc6b45b-0fe4-e4c2-6b7e-a061ba64a1b2">
      <Execution id="2b0ad7a0-e524-48e3-b6e2-77e39903c5f9" />
      <TestMethod codeBase="/Users/santibraida/Workspace/comprobantes/FileContentRenamer.Tests/bin/Debug/net9.0/FileContentRenamer.Tests.dll" adapterTypeName="executor://xunit/VsTestRunner3/netcore/" className="FileContentRenamer.Tests.Services.DirectoryOrganizerTests" name="GetMonthName_WithValidMonth_ShouldReturnSpanishName" />
    </UnitTest>
    <UnitTest name="FileContentRenamer.Tests.Services.ImageProcessorTests.ExtractContentAsync_WithMissingTesseractDataPath_ShouldReturnEmpty" storage="/users/santibraida/workspace/comprobantes/filecontentrenamer.tests/bin/debug/net9.0/filecontentrenamer.tests.dll" id="5c3e394b-5635-340f-a8f3-3c152e9b2b47">
      <Execution id="29b36d6f-f7cf-4de1-ae60-3e9722ee695d" />
      <TestMethod codeBase="/Users/santibraida/Workspace/comprobantes/FileContentRenamer.Tests/bin/Debug/net9.0/FileContentRenamer.Tests.dll" adapterTypeName="executor://xunit/VsTestRunner3/netcore/" className="FileContentRenamer.Tests.Services.ImageProcessorTests" name="ExtractContentAsync_WithMissingTesseractDataPath_ShouldReturnEmpty" />
    </UnitTest>
    <UnitTest name="FileContentRenamer.Tests.Services.TextProcessorTests.CanProcess_WithNonTxtExtension_ShouldReturnFalse(filename: &quot;test.docx&quot;)" storage="/users/santibraida/workspace/comprobantes/filecontentrenamer.tests/bin/debug/net9.0/filecontentrenamer.tests.dll" id="72cdf8b5-0c4a-e649-1b33-3003eb144b1a">
      <Execution id="037313e1-263f-40ea-9b2d-badde3bb6160" />
      <TestMethod codeBase="/Users/santibraida/Workspace/comprobantes/FileContentRenamer.Tests/bin/Debug/net9.0/FileContentRenamer.Tests.dll" adapterTypeName="executor://xunit/VsTestRunner3/netcore/" className="FileContentRenamer.Tests.Services.TextProcessorTests" name="CanProcess_WithNonTxtExtension_ShouldReturnFalse" />
    </UnitTest>
    <UnitTest name="FileContentRenamer.Tests.Services.ImageProcessorTests.Constructor_WithNewTesseractDataPath_ShouldCreateDirectory" storage="/users/santibraida/workspace/comprobantes/filecontentrenamer.tests/bin/debug/net9.0/filecontentrenamer.tests.dll" id="08a52aeb-79ca-913a-5dc9-ebd6568dcfe7">
      <Execution id="41981cee-33c3-499e-91a7-e1ea3e0911f9" />
      <TestMethod codeBase="/Users/santibraida/Workspace/comprobantes/FileContentRenamer.Tests/bin/Debug/net9.0/FileContentRenamer.Tests.dll" adapterTypeName="executor://xunit/VsTestRunner3/netcore/" className="FileContentRenamer.Tests.Services.ImageProcessorTests" name="Constructor_WithNewTesseractDataPath_ShouldCreateDirectory" />
    </UnitTest>
    <UnitTest name="FileContentRenamer.Tests.Services.DateExtractorTests.ExtractDateFromFilename_WithNullFilename_ShouldThrowArgumentNullException" storage="/users/santibraida/workspace/comprobantes/filecontentrenamer.tests/bin/debug/net9.0/filecontentrenamer.tests.dll" id="7f685fe8-e8c1-84de-476c-7b3537eb652d">
      <Execution id="6675d411-b4ab-488a-b124-4e294d7ba7fe" />
      <TestMethod codeBase="/Users/santibraida/Workspace/comprobantes/FileContentRenamer.Tests/bin/Debug/net9.0/FileContentRenamer.Tests.dll" adapterTypeName="executor://xunit/VsTestRunner3/netcore/" className="FileContentRenamer.Tests.Services.DateExtractorTests" name="ExtractDateFromFilename_WithNullFilename_ShouldThrowArgumentNullException" />
    </UnitTest>
    <UnitTest name="FileContentRenamer.Tests.Services.FileValidatorTests.ShouldProcessFile_WithFileExtensionsContainingNulls_ShouldHandleGracefully" storage="/users/santibraida/workspace/comprobantes/filecontentrenamer.tests/bin/debug/net9.0/filecontentrenamer.tests.dll" id="f4d3ad23-32ef-7284-391b-46eb33d6f78f">
      <Execution id="0e7d49f4-bf76-47c8-b0a8-7cab746cb386" />
      <TestMethod codeBase="/Users/santibraida/Workspace/comprobantes/FileContentRenamer.Tests/bin/Debug/net9.0/FileContentRenamer.Tests.dll" adapterTypeName="executor://xunit/VsTestRunner3/netcore/" className="FileContentRenamer.Tests.Services.FileValidatorTests" name="ShouldProcessFile_WithFileExtensionsContainingNulls_ShouldHandleGracefully" />
    </UnitTest>
    <UnitTest name="FileContentRenamer.Tests.Services.FilenameGeneratorTests.GenerateFilename_WithNullDirectory_ShouldReturnOriginalFilename" storage="/users/santibraida/workspace/comprobantes/filecontentrenamer.tests/bin/debug/net9.0/filecontentrenamer.tests.dll" id="019703dd-2e5c-665b-f543-025b13ca7b6d">
      <Execution id="3a846072-269b-4650-a39d-85004d333bb4" />
      <TestMethod codeBase="/Users/santibraida/Workspace/comprobantes/FileContentRenamer.Tests/bin/Debug/net9.0/FileContentRenamer.Tests.dll" adapterTypeName="executor://xunit/VsTestRunner3/netcore/" className="FileContentRenamer.Tests.Services.FilenameGeneratorTests" name="GenerateFilename_WithNullDirectory_ShouldReturnOriginalFilename" />
    </UnitTest>
    <UnitTest name="FileContentRenamer.Tests.Services.FileValidatorTests.ShouldProcessFile_WithValidExtensions_ShouldReturnTrue(extension: &quot;.pdf&quot;)" storage="/users/santibraida/workspace/comprobantes/filecontentrenamer.tests/bin/debug/net9.0/filecontentrenamer.tests.dll" id="00d05e1f-7d72-418e-9c9e-a769436ab485">
      <Execution id="36d8b2e4-4a03-447a-a10e-f4447981a035" />
      <TestMethod codeBase="/Users/santibraida/Workspace/comprobantes/FileContentRenamer.Tests/bin/Debug/net9.0/FileContentRenamer.Tests.dll" adapterTypeName="executor://xunit/VsTestRunner3/netcore/" className="FileContentRenamer.Tests.Services.FileValidatorTests" name="ShouldProcessFile_WithValidExtensions_ShouldReturnTrue" />
    </UnitTest>
    <UnitTest name="FileContentRenamer.Tests.Models.NamingRulesTests.GenerateFilename_WithNoMatchingRule_ShouldUseDefaults" storage="/users/santibraida/workspace/comprobantes/filecontentrenamer.tests/bin/debug/net9.0/filecontentrenamer.tests.dll" id="fa21426d-34f2-265b-fd21-637426cd5f3c">
      <Execution id="fc10e979-3bbf-45a3-a288-4ba54fcc5590" />
      <TestMethod codeBase="/Users/santibraida/Workspace/comprobantes/FileContentRenamer.Tests/bin/Debug/net9.0/FileContentRenamer.Tests.dll" adapterTypeName="executor://xunit/VsTestRunner3/netcore/" className="FileContentRenamer.Tests.Models.NamingRulesTests" name="GenerateFilename_WithNoMatchingRule_ShouldUseDefaults" />
    </UnitTest>
    <UnitTest name="FileContentRenamer.Tests.Services.FileValidatorTests.ValidateConfiguration_WithNullBasePath_ShouldReturnFalse" storage="/users/santibraida/workspace/comprobantes/filecontentrenamer.tests/bin/debug/net9.0/filecontentrenamer.tests.dll" id="f0195bc9-b668-8b5d-b703-9a52aa1e98e6">
      <Execution id="2902339d-0a14-4f2e-97aa-b5a3e7a05858" />
      <TestMethod codeBase="/Users/santibraida/Workspace/comprobantes/FileContentRenamer.Tests/bin/Debug/net9.0/FileContentRenamer.Tests.dll" adapterTypeName="executor://xunit/VsTestRunner3/netcore/" className="FileContentRenamer.Tests.Services.FileValidatorTests" name="ValidateConfiguration_WithNullBasePath_ShouldReturnFalse" />
    </UnitTest>
    <UnitTest name="FileContentRenamer.Tests.Services.FileValidatorTests.ShouldProcessFile_WithInvalidExtensions_ShouldReturnFalse(extension: &quot;.xlsx&quot;)" storage="/users/santibraida/workspace/comprobantes/filecontentrenamer.tests/bin/debug/net9.0/filecontentrenamer.tests.dll" id="5d659f4c-0006-5095-6e01-261fba69eeb2">
      <Execution id="0812fda4-4db3-4ca4-a40c-b673876b82e1" />
      <TestMethod codeBase="/Users/santibraida/Workspace/comprobantes/FileContentRenamer.Tests/bin/Debug/net9.0/FileContentRenamer.Tests.dll" adapterTypeName="executor://xunit/VsTestRunner3/netcore/" className="FileContentRenamer.Tests.Services.FileValidatorTests" name="ShouldProcessFile_WithInvalidExtensions_ShouldReturnFalse" />
    </UnitTest>
    <UnitTest name="FileContentRenamer.Tests.Models.AppConfigTests.LoadFromConfiguration_WithEmptyConfig_ShouldThrowException" storage="/users/santibraida/workspace/comprobantes/filecontentrenamer.tests/bin/debug/net9.0/filecontentrenamer.tests.dll" id="4216934b-235a-6efa-b1f2-737b953f21df">
      <Execution id="404cecc9-539a-46d0-bda5-a8eade67314d" />
      <TestMethod codeBase="/Users/santibraida/Workspace/comprobantes/FileContentRenamer.Tests/bin/Debug/net9.0/FileContentRenamer.Tests.dll" adapterTypeName="executor://xunit/VsTestRunner3/netcore/" className="FileContentRenamer.Tests.Models.AppConfigTests" name="LoadFromConfiguration_WithEmptyConfig_ShouldThrowException" />
    </UnitTest>
    <UnitTest name="FileContentRenamer.Tests.Services.FileValidatorTests.ValidateFileSize_WithNormalFile_ShouldNotThrow" storage="/users/santibraida/workspace/comprobantes/filecontentrenamer.tests/bin/debug/net9.0/filecontentrenamer.tests.dll" id="01a2041b-e2e4-e363-0b4d-3c74dc73e548">
      <Execution id="933ba44a-24d5-4334-b94b-0284d675136f" />
      <TestMethod codeBase="/Users/santibraida/Workspace/comprobantes/FileContentRenamer.Tests/bin/Debug/net9.0/FileContentRenamer.Tests.dll" adapterTypeName="executor://xunit/VsTestRunner3/netcore/" className="FileContentRenamer.Tests.Services.FileValidatorTests" name="ValidateFileSize_WithNormalFile_ShouldNotThrow" />
    </UnitTest>
    <UnitTest name="FileContentRenamer.Tests.Services.DirectoryOrganizerTests.GetMonthName_WithValidMonth_ShouldReturnSpanishName(monthNumber: 11, expected: &quot;noviembre&quot;)" storage="/users/santibraida/workspace/comprobantes/filecontentrenamer.tests/bin/debug/net9.0/filecontentrenamer.tests.dll" id="b3c39b3e-760b-5274-9a96-a8ea10710638">
      <Execution id="93166feb-ef69-4664-b4d5-94277e0eb553" />
      <TestMethod codeBase="/Users/santibraida/Workspace/comprobantes/FileContentRenamer.Tests/bin/Debug/net9.0/FileContentRenamer.Tests.dll" adapterTypeName="executor://xunit/VsTestRunner3/netcore/" className="FileContentRenamer.Tests.Services.DirectoryOrganizerTests" name="GetMonthName_WithValidMonth_ShouldReturnSpanishName" />
    </UnitTest>
    <UnitTest name="FileContentRenamer.Tests.Services.PdfProcessorTests.CanProcess_WithNonPdfExtension_ShouldReturnFalse(filename: &quot;test.docx&quot;)" storage="/users/santibraida/workspace/comprobantes/filecontentrenamer.tests/bin/debug/net9.0/filecontentrenamer.tests.dll" id="aa7a6137-3efe-902b-7df5-672c2c4d55d3">
      <Execution id="9942302f-566b-4756-93d9-7bbb67b5f3a2" />
      <TestMethod codeBase="/Users/santibraida/Workspace/comprobantes/FileContentRenamer.Tests/bin/Debug/net9.0/FileContentRenamer.Tests.dll" adapterTypeName="executor://xunit/VsTestRunner3/netcore/" className="FileContentRenamer.Tests.Services.PdfProcessorTests" name="CanProcess_WithNonPdfExtension_ShouldReturnFalse" />
    </UnitTest>
    <UnitTest name="FileContentRenamer.Tests.Services.FilenameGeneratorTests.IsAlreadyNamedFilename_WithInvalidFormats_ShouldReturnFalse(filename: &quot;service_15-03-2024_payment&quot;)" storage="/users/santibraida/workspace/comprobantes/filecontentrenamer.tests/bin/debug/net9.0/filecontentrenamer.tests.dll" id="411f59f3-34f9-62ac-9b26-0c3528e0b2f7">
      <Execution id="fa02e26a-0217-4e79-8dd0-2dfdfc409aaa" />
      <TestMethod codeBase="/Users/santibraida/Workspace/comprobantes/FileContentRenamer.Tests/bin/Debug/net9.0/FileContentRenamer.Tests.dll" adapterTypeName="executor://xunit/VsTestRunner3/netcore/" className="FileContentRenamer.Tests.Services.FilenameGeneratorTests" name="IsAlreadyNamedFilename_WithInvalidFormats_ShouldReturnFalse" />
    </UnitTest>
    <UnitTest name="FileContentRenamer.Tests.Services.DateExtractorTests.ExtractDateFromContent_WithDueDateFormat_ShouldReturnCorrectDate" storage="/users/santibraida/workspace/comprobantes/filecontentrenamer.tests/bin/debug/net9.0/filecontentrenamer.tests.dll" id="7135bf06-d0f7-d1fd-424d-aa321ae4fc62">
      <Execution id="33964c04-d655-454e-9f56-8be354af0412" />
      <TestMethod codeBase="/Users/santibraida/Workspace/comprobantes/FileContentRenamer.Tests/bin/Debug/net9.0/FileContentRenamer.Tests.dll" adapterTypeName="executor://xunit/VsTestRunner3/netcore/" className="FileContentRenamer.Tests.Services.DateExtractorTests" name="ExtractDateFromContent_WithDueDateFormat_ShouldReturnCorrectDate" />
    </UnitTest>
    <UnitTest name="FileContentRenamer.Tests.Models.NamingRulesTests.FindMatchingRule_WithMatchingRule_ShouldReturnRule" storage="/users/santibraida/workspace/comprobantes/filecontentrenamer.tests/bin/debug/net9.0/filecontentrenamer.tests.dll" id="2044c162-1147-8fb8-adb8-ab6044bfdf21">
      <Execution id="49076f5f-238d-43b2-b829-804c8747150c" />
      <TestMethod codeBase="/Users/santibraida/Workspace/comprobantes/FileContentRenamer.Tests/bin/Debug/net9.0/FileContentRenamer.Tests.dll" adapterTypeName="executor://xunit/VsTestRunner3/netcore/" className="FileContentRenamer.Tests.Models.NamingRulesTests" name="FindMatchingRule_WithMatchingRule_ShouldReturnRule" />
    </UnitTest>
    <UnitTest name="FileContentRenamer.Tests.Services.DateExtractorTests.ExtractDateFromContent_WithVariousSpanishDates_ShouldReturnCorrectDates(content: &quot;1 de enero de 2024&quot;, expected: &quot;2024-01-01&quot;)" storage="/users/santibraida/workspace/comprobantes/filecontentrenamer.tests/bin/debug/net9.0/filecontentrenamer.tests.dll" id="8f9706bb-c4e8-83d9-78e0-248eda84983c">
      <Execution id="bea351f3-85a1-42ac-94f2-392f5b8702ee" />
      <TestMethod codeBase="/Users/santibraida/Workspace/comprobantes/FileContentRenamer.Tests/bin/Debug/net9.0/FileContentRenamer.Tests.dll" adapterTypeName="executor://xunit/VsTestRunner3/netcore/" className="FileContentRenamer.Tests.Services.DateExtractorTests" name="ExtractDateFromContent_WithVariousSpanishDates_ShouldReturnCorrectDates" />
    </UnitTest>
    <UnitTest name="FileContentRenamer.Tests.Services.DirectoryOrganizerTests.GetMonthName_WithInvalidMonth_ShouldReturnUnknown(monthNumber: 13)" storage="/users/santibraida/workspace/comprobantes/filecontentrenamer.tests/bin/debug/net9.0/filecontentrenamer.tests.dll" id="6c106499-e2c3-a0a7-eafe-eacf56794202">
      <Execution id="b678eb0b-9e37-40ff-9cea-28671e33a480" />
      <TestMethod codeBase="/Users/santibraida/Workspace/comprobantes/FileContentRenamer.Tests/bin/Debug/net9.0/FileContentRenamer.Tests.dll" adapterTypeName="executor://xunit/VsTestRunner3/netcore/" className="FileContentRenamer.Tests.Services.DirectoryOrganizerTests" name="GetMonthName_WithInvalidMonth_ShouldReturnUnknown" />
    </UnitTest>
    <UnitTest name="FileContentRenamer.Tests.Services.DateExtractorTests.ExtractDateFromContent_WithVariousDueDateFormats_ShouldReturnCorrectDates(content: &quot;Vto.:15/03/2024&quot;, expected: &quot;2024-03-15&quot;)" storage="/users/santibraida/workspace/comprobantes/filecontentrenamer.tests/bin/debug/net9.0/filecontentrenamer.tests.dll" id="a4d26202-1548-77e4-c6ee-466955cdb771">
      <Execution id="17e13dc1-278c-4989-b65f-526810ba30ec" />
      <TestMethod codeBase="/Users/santibraida/Workspace/comprobantes/FileContentRenamer.Tests/bin/Debug/net9.0/FileContentRenamer.Tests.dll" adapterTypeName="executor://xunit/VsTestRunner3/netcore/" className="FileContentRenamer.Tests.Services.DateExtractorTests" name="ExtractDateFromContent_WithVariousDueDateFormats_ShouldReturnCorrectDates" />
    </UnitTest>
    <UnitTest name="FileContentRenamer.Tests.Services.DirectoryOrganizerTests.IsInYearMonthStructure_WithInvalidStructure_ShouldReturnFalse(folderName: &quot;03_marzo_not_in_year&quot;)" storage="/users/santibraida/workspace/comprobantes/filecontentrenamer.tests/bin/debug/net9.0/filecontentrenamer.tests.dll" id="2266e366-c62d-09c9-ded7-1e7b5d0da037">
      <Execution id="0f83dfb9-fbba-4f9a-8039-3efdea38eee4" />
      <TestMethod codeBase="/Users/santibraida/Workspace/comprobantes/FileContentRenamer.Tests/bin/Debug/net9.0/FileContentRenamer.Tests.dll" adapterTypeName="executor://xunit/VsTestRunner3/netcore/" className="FileContentRenamer.Tests.Services.DirectoryOrganizerTests" name="IsInYearMonthStructure_WithInvalidStructure_ShouldReturnFalse" />
    </UnitTest>
    <UnitTest name="FileContentRenamer.Tests.Services.DirectoryOrganizerTests.GetMonthName_WithInvalidMonth_ShouldReturnUnknown(monthNumber: -1)" storage="/users/santibraida/workspace/comprobantes/filecontentrenamer.tests/bin/debug/net9.0/filecontentrenamer.tests.dll" id="079ffdd2-77ff-69de-b8c6-9423e86a8bc9">
      <Execution id="822afe0a-8393-40c2-86cf-34a173c5762a" />
      <TestMethod codeBase="/Users/santibraida/Workspace/comprobantes/FileContentRenamer.Tests/bin/Debug/net9.0/FileContentRenamer.Tests.dll" adapterTypeName="executor://xunit/VsTestRunner3/netcore/" className="FileContentRenamer.Tests.Services.DirectoryOrganizerTests" name="GetMonthName_WithInvalidMonth_ShouldReturnUnknown" />
    </UnitTest>
    <UnitTest name="FileContentRenamer.Tests.Services.FileValidatorTests.ShouldProcessFile_WithValidExtensions_ShouldReturnTrue(extension: &quot;.jpg&quot;)" storage="/users/santibraida/workspace/comprobantes/filecontentrenamer.tests/bin/debug/net9.0/filecontentrenamer.tests.dll" id="6d830e63-8fcb-8140-fe0b-9a127d46ab00">
      <Execution id="7efdf8d0-d9ea-49ce-a7dc-49ab6ea08af3" />
      <TestMethod codeBase="/Users/santibraida/Workspace/comprobantes/FileContentRenamer.Tests/bin/Debug/net9.0/FileContentRenamer.Tests.dll" adapterTypeName="executor://xunit/VsTestRunner3/netcore/" className="FileContentRenamer.Tests.Services.FileValidatorTests" name="ShouldProcessFile_WithValidExtensions_ShouldReturnTrue" />
    </UnitTest>
    <UnitTest name="FileContentRenamer.Tests.Services.FileValidatorTests.ShouldProcessFile_WithDifferentCasing_ShouldBeCaseInsensitive(filename: &quot;test.PDF&quot;)" storage="/users/santibraida/workspace/comprobantes/filecontentrenamer.tests/bin/debug/net9.0/filecontentrenamer.tests.dll" id="d0aa19eb-08b4-b4f4-8874-599c8e5e451d">
      <Execution id="04422d65-dcf1-4f5b-8292-6723aefeb9bb" />
      <TestMethod codeBase="/Users/santibraida/Workspace/comprobantes/FileContentRenamer.Tests/bin/Debug/net9.0/FileContentRenamer.Tests.dll" adapterTypeName="executor://xunit/VsTestRunner3/netcore/" className="FileContentRenamer.Tests.Services.FileValidatorTests" name="ShouldProcessFile_WithDifferentCasing_ShouldBeCaseInsensitive" />
    </UnitTest>
    <UnitTest name="FileContentRenamer.Tests.Models.AppConfigTests.LoadFromConfiguration_WithNoBasePath_ShouldUseCurrentDirectory" storage="/users/santibraida/workspace/comprobantes/filecontentrenamer.tests/bin/debug/net9.0/filecontentrenamer.tests.dll" id="c781d212-7be9-917b-2eb4-49e5e562dd6d">
      <Execution id="df58e905-9307-4566-9700-7c3d230b36c3" />
      <TestMethod codeBase="/Users/santibraida/Workspace/comprobantes/FileContentRenamer.Tests/bin/Debug/net9.0/FileContentRenamer.Tests.dll" adapterTypeName="executor://xunit/VsTestRunner3/netcore/" className="FileContentRenamer.Tests.Models.AppConfigTests" name="LoadFromConfiguration_WithNoBasePath_ShouldUseCurrentDirectory" />
    </UnitTest>
    <UnitTest name="FileContentRenamer.Tests.Services.TextProcessorTests.ExtractContentAsync_WithUnicodeContent_ShouldReturnContent" storage="/users/santibraida/workspace/comprobantes/filecontentrenamer.tests/bin/debug/net9.0/filecontentrenamer.tests.dll" id="57d1cda9-e9e5-f000-1823-6cc75a3cb199">
      <Execution id="0f4c3f12-0f1b-443e-8aed-7dd41682f419" />
      <TestMethod codeBase="/Users/santibraida/Workspace/comprobantes/FileContentRenamer.Tests/bin/Debug/net9.0/FileContentRenamer.Tests.dll" adapterTypeName="executor://xunit/VsTestRunner3/netcore/" className="FileContentRenamer.Tests.Services.TextProcessorTests" name="ExtractContentAsync_WithUnicodeContent_ShouldReturnContent" />
    </UnitTest>
    <UnitTest name="FileContentRenamer.Tests.Services.ImageProcessorTests.CanProcess_WithImageExtensionsDifferentCasing_ShouldReturnTrue(extension: &quot;.TIFF&quot;)" storage="/users/santibraida/workspace/comprobantes/filecontentrenamer.tests/bin/debug/net9.0/filecontentrenamer.tests.dll" id="8b0489e4-2aca-7279-af69-b44674c9e8bb">
      <Execution id="bc163f48-d213-4dd5-9dce-985b7303970c" />
      <TestMethod codeBase="/Users/santibraida/Workspace/comprobantes/FileContentRenamer.Tests/bin/Debug/net9.0/FileContentRenamer.Tests.dll" adapterTypeName="executor://xunit/VsTestRunner3/netcore/" className="FileContentRenamer.Tests.Services.ImageProcessorTests" name="CanProcess_WithImageExtensionsDifferentCasing_ShouldReturnTrue" />
    </UnitTest>
    <UnitTest name="FileContentRenamer.Tests.Services.ImageProcessorTests.Constructor_WithNullTesseractDataPath_ShouldNotThrow" storage="/users/santibraida/workspace/comprobantes/filecontentrenamer.tests/bin/debug/net9.0/filecontentrenamer.tests.dll" id="3a993a67-299c-3f87-5430-509e79a52fc2">
      <Execution id="c930cbbc-fde7-40a1-b3d9-3ab26b0bd04b" />
      <TestMethod codeBase="/Users/santibraida/Workspace/comprobantes/FileContentRenamer.Tests/bin/Debug/net9.0/FileContentRenamer.Tests.dll" adapterTypeName="executor://xunit/VsTestRunner3/netcore/" className="FileContentRenamer.Tests.Services.ImageProcessorTests" name="Constructor_WithNullTesseractDataPath_ShouldNotThrow" />
    </UnitTest>
    <UnitTest name="FileContentRenamer.Tests.Services.ImageProcessorTests.CanProcess_WithNonImageExtension_ShouldReturnFalse(extension: &quot;test&quot;)" storage="/users/santibraida/workspace/comprobantes/filecontentrenamer.tests/bin/debug/net9.0/filecontentrenamer.tests.dll" id="d406e03e-ed03-b142-d7d1-88f454f977cb">
      <Execution id="17620e6e-d156-4cb3-9a9a-cf09bb74f49c" />
      <TestMethod codeBase="/Users/santibraida/Workspace/comprobantes/FileContentRenamer.Tests/bin/Debug/net9.0/FileContentRenamer.Tests.dll" adapterTypeName="executor://xunit/VsTestRunner3/netcore/" className="FileContentRenamer.Tests.Services.ImageProcessorTests" name="CanProcess_WithNonImageExtension_ShouldReturnFalse" />
    </UnitTest>
    <UnitTest name="FileContentRenamer.Tests.Models.NamingRulesTests.GenerateFilename_WithRuleWithEmptyPaymentMethod_ShouldUseDefault" storage="/users/santibraida/workspace/comprobantes/filecontentrenamer.tests/bin/debug/net9.0/filecontentrenamer.tests.dll" id="653d3743-7cb8-b116-b4af-cf8e20bba6f6">
      <Execution id="6e108354-f34b-4acc-9293-6a22b2c09bb4" />
      <TestMethod codeBase="/Users/santibraida/Workspace/comprobantes/FileContentRenamer.Tests/bin/Debug/net9.0/FileContentRenamer.Tests.dll" adapterTypeName="executor://xunit/VsTestRunner3/netcore/" className="FileContentRenamer.Tests.Models.NamingRulesTests" name="GenerateFilename_WithRuleWithEmptyPaymentMethod_ShouldUseDefault" />
    </UnitTest>
    <UnitTest name="FileContentRenamer.Tests.Models.AppConfigTests.AppConfig_Properties_ShouldBeSettable" storage="/users/santibraida/workspace/comprobantes/filecontentrenamer.tests/bin/debug/net9.0/filecontentrenamer.tests.dll" id="f705c669-0318-6f5e-e8e5-1b4eaa9f9880">
      <Execution id="68637a86-8cfb-4453-b209-40013019f59f" />
      <TestMethod codeBase="/Users/santibraida/Workspace/comprobantes/FileContentRenamer.Tests/bin/Debug/net9.0/FileContentRenamer.Tests.dll" adapterTypeName="executor://xunit/VsTestRunner3/netcore/" className="FileContentRenamer.Tests.Models.AppConfigTests" name="AppConfig_Properties_ShouldBeSettable" />
    </UnitTest>
    <UnitTest name="FileContentRenamer.Tests.Services.DirectoryOrganizerTests.IsInYearMonthStructure_WithInvalidStructure_ShouldReturnFalse(folderName: &quot;regular_folder&quot;)" storage="/users/santibraida/workspace/comprobantes/filecontentrenamer.tests/bin/debug/net9.0/filecontentrenamer.tests.dll" id="b0606947-aad7-eee5-1152-2a1ec56d9255">
      <Execution id="f91569c2-a588-4d98-8745-d1ce329ea11f" />
      <TestMethod codeBase="/Users/santibraida/Workspace/comprobantes/FileContentRenamer.Tests/bin/Debug/net9.0/FileContentRenamer.Tests.dll" adapterTypeName="executor://xunit/VsTestRunner3/netcore/" className="FileContentRenamer.Tests.Services.DirectoryOrganizerTests" name="IsInYearMonthStructure_WithInvalidStructure_ShouldReturnFalse" />
    </UnitTest>
    <UnitTest name="FileContentRenamer.Tests.Services.PdfProcessorTests.ExtractContentAsync_WithEmptyPdfFile_ShouldReturnEmptyString" storage="/users/santibraida/workspace/comprobantes/filecontentrenamer.tests/bin/debug/net9.0/filecontentrenamer.tests.dll" id="6802e4b7-d13f-9fd7-e900-410b7d9a430f">
      <Execution id="2dd08751-f8f7-4c3d-9cfb-b17e013d9fc2" />
      <TestMethod codeBase="/Users/santibraida/Workspace/comprobantes/FileContentRenamer.Tests/bin/Debug/net9.0/FileContentRenamer.Tests.dll" adapterTypeName="executor://xunit/VsTestRunner3/netcore/" className="FileContentRenamer.Tests.Services.PdfProcessorTests" name="ExtractContentAsync_WithEmptyPdfFile_ShouldReturnEmptyString" />
    </UnitTest>
    <UnitTest name="FileContentRenamer.Tests.Services.DateExtractorTests.ExtractDateFromContent_WithVariousGenericDates_ShouldReturnCorrectDates(content: &quot;15/03/2024&quot;, expected: &quot;2024-03-15&quot;)" storage="/users/santibraida/workspace/comprobantes/filecontentrenamer.tests/bin/debug/net9.0/filecontentrenamer.tests.dll" id="1d19ec21-e870-5f10-f860-7ea25dd398b9">
      <Execution id="b14714df-cd53-4766-84a2-981441de86ac" />
      <TestMethod codeBase="/Users/santibraida/Workspace/comprobantes/FileContentRenamer.Tests/bin/Debug/net9.0/FileContentRenamer.Tests.dll" adapterTypeName="executor://xunit/VsTestRunner3/netcore/" className="FileContentRenamer.Tests.Services.DateExtractorTests" name="ExtractDateFromContent_WithVariousGenericDates_ShouldReturnCorrectDates" />
    </UnitTest>
    <UnitTest name="FileContentRenamer.Tests.Services.FilenameGeneratorTests.GenerateFilename_WithValidContentAndDate_ShouldReturnCorrectFilename" storage="/users/santibraida/workspace/comprobantes/filecontentrenamer.tests/bin/debug/net9.0/filecontentrenamer.tests.dll" id="a78a0985-6ddf-5e1e-7544-6efb88194c31">
      <Execution id="c3141fdf-a37b-4c8a-9b17-dc5053f31f77" />
      <TestMethod codeBase="/Users/santibraida/Workspace/comprobantes/FileContentRenamer.Tests/bin/Debug/net9.0/FileContentRenamer.Tests.dll" adapterTypeName="executor://xunit/VsTestRunner3/netcore/" className="FileContentRenamer.Tests.Services.FilenameGeneratorTests" name="GenerateFilename_WithValidContentAndDate_ShouldReturnCorrectFilename" />
    </UnitTest>
    <UnitTest name="FileContentRenamer.Tests.Services.FilenameGeneratorTests.IsAlreadyNamedFilename_WithCorrectFormat_ShouldReturnTrue" storage="/users/santibraida/workspace/comprobantes/filecontentrenamer.tests/bin/debug/net9.0/filecontentrenamer.tests.dll" id="9f3779e0-204e-fe43-610e-1a907c82fa52">
      <Execution id="a15bca29-4857-4d45-abaa-fb6ebf63a1b6" />
      <TestMethod codeBase="/Users/santibraida/Workspace/comprobantes/FileContentRenamer.Tests/bin/Debug/net9.0/FileContentRenamer.Tests.dll" adapterTypeName="executor://xunit/VsTestRunner3/netcore/" className="FileContentRenamer.Tests.Services.FilenameGeneratorTests" name="IsAlreadyNamedFilename_WithCorrectFormat_ShouldReturnTrue" />
    </UnitTest>
    <UnitTest name="FileContentRenamer.Tests.Models.NamingRulesTests.FindMatchingRule_WithEmptyContent_ShouldReturnNull" storage="/users/santibraida/workspace/comprobantes/filecontentrenamer.tests/bin/debug/net9.0/filecontentrenamer.tests.dll" id="6d7beee1-1275-7fbd-2196-741c8c2b81ed">
      <Execution id="7058c2aa-0704-4ca1-95a4-4d82acd2bc92" />
      <TestMethod codeBase="/Users/santibraida/Workspace/comprobantes/FileContentRenamer.Tests/bin/Debug/net9.0/FileContentRenamer.Tests.dll" adapterTypeName="executor://xunit/VsTestRunner3/netcore/" className="FileContentRenamer.Tests.Models.NamingRulesTests" name="FindMatchingRule_WithEmptyContent_ShouldReturnNull" />
    </UnitTest>
    <UnitTest name="FileContentRenamer.Tests.Services.FilenameGeneratorTests.IsAlreadyNamedFilename_WithInvalidFormats_ShouldReturnFalse(filename: &quot;&quot;)" storage="/users/santibraida/workspace/comprobantes/filecontentrenamer.tests/bin/debug/net9.0/filecontentrenamer.tests.dll" id="c1072614-89d7-ecfa-6ece-76abc08d540d">
      <Execution id="032efa73-10da-48ea-8588-330d5053ccc1" />
      <TestMethod codeBase="/Users/santibraida/Workspace/comprobantes/FileContentRenamer.Tests/bin/Debug/net9.0/FileContentRenamer.Tests.dll" adapterTypeName="executor://xunit/VsTestRunner3/netcore/" className="FileContentRenamer.Tests.Services.FilenameGeneratorTests" name="IsAlreadyNamedFilename_WithInvalidFormats_ShouldReturnFalse" />
    </UnitTest>
    <UnitTest name="FileContentRenamer.Tests.Services.FileValidatorTests.ValidateFileSize_WithInvalidPath_ShouldNotThrow" storage="/users/santibraida/workspace/comprobantes/filecontentrenamer.tests/bin/debug/net9.0/filecontentrenamer.tests.dll" id="3890aa01-b165-5f49-b90e-3db1a4c16e7b">
      <Execution id="e1c6377c-c310-4b0d-9dc3-00b4b69e5876" />
      <TestMethod codeBase="/Users/santibraida/Workspace/comprobantes/FileContentRenamer.Tests/bin/Debug/net9.0/FileContentRenamer.Tests.dll" adapterTypeName="executor://xunit/VsTestRunner3/netcore/" className="FileContentRenamer.Tests.Services.FileValidatorTests" name="ValidateFileSize_WithInvalidPath_ShouldNotThrow" />
    </UnitTest>
    <UnitTest name="FileContentRenamer.Tests.Services.DirectoryOrganizerTests.OrganizeFileIntoDirectoryStructure_AlreadyInCorrectStructure_ShouldReturnSamePath" storage="/users/santibraida/workspace/comprobantes/filecontentrenamer.tests/bin/debug/net9.0/filecontentrenamer.tests.dll" id="1f3ff8e1-e91a-ea79-b96f-cb3e726fda8c">
      <Execution id="6da89c98-079d-46bf-9fdd-8529c94963ad" />
      <TestMethod codeBase="/Users/santibraida/Workspace/comprobantes/FileContentRenamer.Tests/bin/Debug/net9.0/FileContentRenamer.Tests.dll" adapterTypeName="executor://xunit/VsTestRunner3/netcore/" className="FileContentRenamer.Tests.Services.DirectoryOrganizerTests" name="OrganizeFileIntoDirectoryStructure_AlreadyInCorrectStructure_ShouldReturnSamePath" />
    </UnitTest>
    <UnitTest name="FileContentRenamer.Tests.Services.DirectoryOrganizerTests.GetMonthName_WithValidMonth_ShouldReturnSpanishName(monthNumber: 5, expected: &quot;mayo&quot;)" storage="/users/santibraida/workspace/comprobantes/filecontentrenamer.tests/bin/debug/net9.0/filecontentrenamer.tests.dll" id="d1416a64-bf78-25ec-aee2-d5b8b18bc3dc">
      <Execution id="1ae0989c-a2ab-4c73-bbb3-0d4376c3c61c" />
      <TestMethod codeBase="/Users/santibraida/Workspace/comprobantes/FileContentRenamer.Tests/bin/Debug/net9.0/FileContentRenamer.Tests.dll" adapterTypeName="executor://xunit/VsTestRunner3/netcore/" className="FileContentRenamer.Tests.Services.DirectoryOrganizerTests" name="GetMonthName_WithValidMonth_ShouldReturnSpanishName" />
    </UnitTest>
    <UnitTest name="FileContentRenamer.Tests.Models.NamingRulesTests.GenerateFilename_WithDateOverrideButRichContent_ShouldUseOriginalDate" storage="/users/santibraida/workspace/comprobantes/filecontentrenamer.tests/bin/debug/net9.0/filecontentrenamer.tests.dll" id="f74a6a94-f390-b5f6-1cb3-44e2f343eb63">
      <Execution id="0b3e1f10-c028-494b-abbf-bcb195dd0dd6" />
      <TestMethod codeBase="/Users/santibraida/Workspace/comprobantes/FileContentRenamer.Tests/bin/Debug/net9.0/FileContentRenamer.Tests.dll" adapterTypeName="executor://xunit/VsTestRunner3/netcore/" className="FileContentRenamer.Tests.Models.NamingRulesTests" name="GenerateFilename_WithDateOverrideButRichContent_ShouldUseOriginalDate" />
    </UnitTest>
    <UnitTest name="FileContentRenamer.Tests.Services.ImageProcessorTests.Constructor_WithNonExistentTesseractDataPath_ShouldCreateDirectory" storage="/users/santibraida/workspace/comprobantes/filecontentrenamer.tests/bin/debug/net9.0/filecontentrenamer.tests.dll" id="7511a43c-a4b1-13d6-6238-776526db53ad">
      <Execution id="f7dfe028-74d6-4fa7-a2b5-7861509e4064" />
      <TestMethod codeBase="/Users/santibraida/Workspace/comprobantes/FileContentRenamer.Tests/bin/Debug/net9.0/FileContentRenamer.Tests.dll" adapterTypeName="executor://xunit/VsTestRunner3/netcore/" className="FileContentRenamer.Tests.Services.ImageProcessorTests" name="Constructor_WithNonExistentTesseractDataPath_ShouldCreateDirectory" />
    </UnitTest>
    <UnitTest name="FileContentRenamer.Tests.Services.FilenameGeneratorTests.GenerateFilename_WithNoDateInContent_ShouldUseCurrentDate" storage="/users/santibraida/workspace/comprobantes/filecontentrenamer.tests/bin/debug/net9.0/filecontentrenamer.tests.dll" id="5126ad9e-208d-14c5-d223-4d3af568be87">
      <Execution id="8cc55499-92d8-4840-a1aa-7e6b85bb19b8" />
      <TestMethod codeBase="/Users/santibraida/Workspace/comprobantes/FileContentRenamer.Tests/bin/Debug/net9.0/FileContentRenamer.Tests.dll" adapterTypeName="executor://xunit/VsTestRunner3/netcore/" className="FileContentRenamer.Tests.Services.FilenameGeneratorTests" name="GenerateFilename_WithNoDateInContent_ShouldUseCurrentDate" />
    </UnitTest>
    <UnitTest name="FileContentRenamer.Tests.Services.ImageProcessorTests.CanProcess_WithNonImageExtension_ShouldReturnFalse(extension: &quot;.docx&quot;)" storage="/users/santibraida/workspace/comprobantes/filecontentrenamer.tests/bin/debug/net9.0/filecontentrenamer.tests.dll" id="3ecade73-7761-1f4e-e941-925f13343fbf">
      <Execution id="927e7f2e-106f-431e-893e-cf9c74380a82" />
      <TestMethod codeBase="/Users/santibraida/Workspace/comprobantes/FileContentRenamer.Tests/bin/Debug/net9.0/FileContentRenamer.Tests.dll" adapterTypeName="executor://xunit/VsTestRunner3/netcore/" className="FileContentRenamer.Tests.Services.ImageProcessorTests" name="CanProcess_WithNonImageExtension_ShouldReturnFalse" />
    </UnitTest>
    <UnitTest name="FileContentRenamer.Tests.Services.FileValidatorTests.ValidateConfiguration_WithValidConfig_ShouldReturnTrue" storage="/users/santibraida/workspace/comprobantes/filecontentrenamer.tests/bin/debug/net9.0/filecontentrenamer.tests.dll" id="a366a934-60e2-7009-7a6f-f68837f539c2">
      <Execution id="20a9a82b-369c-4bcc-96f1-f7fe93574c83" />
      <TestMethod codeBase="/Users/santibraida/Workspace/comprobantes/FileContentRenamer.Tests/bin/Debug/net9.0/FileContentRenamer.Tests.dll" adapterTypeName="executor://xunit/VsTestRunner3/netcore/" className="FileContentRenamer.Tests.Services.FileValidatorTests" name="ValidateConfiguration_WithValidConfig_ShouldReturnTrue" />
    </UnitTest>
    <UnitTest name="FileContentRenamer.Tests.Services.FileServiceTests.ProcessFilesAsync_WithInvalidConfiguration_ShouldReturnEarly" storage="/users/santibraida/workspace/comprobantes/filecontentrenamer.tests/bin/debug/net9.0/filecontentrenamer.tests.dll" id="d0d2c3b5-6a63-09c0-0a9b-894aa7a6f45d">
      <Execution id="450b1ac9-3e5e-418e-940f-9681c4d7b225" />
      <TestMethod codeBase="/Users/santibraida/Workspace/comprobantes/FileContentRenamer.Tests/bin/Debug/net9.0/FileContentRenamer.Tests.dll" adapterTypeName="executor://xunit/VsTestRunner3/netcore/" className="FileContentRenamer.Tests.Services.FileServiceTests" name="ProcessFilesAsync_WithInvalidConfiguration_ShouldReturnEarly" />
    </UnitTest>
    <UnitTest name="FileContentRenamer.Tests.Services.DirectoryOrganizerTests.GetMonthName_WithValidMonth_ShouldReturnSpanishName(monthNumber: 12, expected: &quot;diciembre&quot;)" storage="/users/santibraida/workspace/comprobantes/filecontentrenamer.tests/bin/debug/net9.0/filecontentrenamer.tests.dll" id="b99c1952-4b8a-6e7b-be83-1febd897689d">
      <Execution id="9b40be91-428d-42cc-830d-8c135a146a84" />
      <TestMethod codeBase="/Users/santibraida/Workspace/comprobantes/FileContentRenamer.Tests/bin/Debug/net9.0/FileContentRenamer.Tests.dll" adapterTypeName="executor://xunit/VsTestRunner3/netcore/" className="FileContentRenamer.Tests.Services.DirectoryOrganizerTests" name="GetMonthName_WithValidMonth_ShouldReturnSpanishName" />
    </UnitTest>
    <UnitTest name="FileContentRenamer.Tests.Models.NamingRuleTests.Matches_WithNullKeywords_ShouldReturnFalse" storage="/users/santibraida/workspace/comprobantes/filecontentrenamer.tests/bin/debug/net9.0/filecontentrenamer.tests.dll" id="923e4fe8-a8e9-3d7b-512d-479873b8f571">
      <Execution id="546924d5-7a85-4c2b-88da-d0a453aeb594" />
      <TestMethod codeBase="/Users/santibraida/Workspace/comprobantes/FileContentRenamer.Tests/bin/Debug/net9.0/FileContentRenamer.Tests.dll" adapterTypeName="executor://xunit/VsTestRunner3/netcore/" className="FileContentRenamer.Tests.Models.NamingRuleTests" name="Matches_WithNullKeywords_ShouldReturnFalse" />
    </UnitTest>
    <UnitTest name="FileContentRenamer.Tests.Services.DateExtractorTests.ExtractDateFromContent_WithMultipleDates_ShouldReturnFirstFound" storage="/users/santibraida/workspace/comprobantes/filecontentrenamer.tests/bin/debug/net9.0/filecontentrenamer.tests.dll" id="ab0172d5-f8de-2bd2-5705-f61f86ff407f">
      <Execution id="bbd24517-6f06-497b-8c0b-c93a068a750b" />
      <TestMethod codeBase="/Users/santibraida/Workspace/comprobantes/FileContentRenamer.Tests/bin/Debug/net9.0/FileContentRenamer.Tests.dll" adapterTypeName="executor://xunit/VsTestRunner3/netcore/" className="FileContentRenamer.Tests.Services.DateExtractorTests" name="ExtractDateFromContent_WithMultipleDates_ShouldReturnFirstFound" />
    </UnitTest>
    <UnitTest name="FileContentRenamer.Tests.Services.TextProcessorTests.ExtractContentAsync_WithExactly1000Characters_ShouldReturnAllContent" storage="/users/santibraida/workspace/comprobantes/filecontentrenamer.tests/bin/debug/net9.0/filecontentrenamer.tests.dll" id="ae46ec5c-7f7f-c8d8-b22b-c6a93692a055">
      <Execution id="cc8933cc-99f4-4af5-88b9-5de84f0c16ce" />
      <TestMethod codeBase="/Users/santibraida/Workspace/comprobantes/FileContentRenamer.Tests/bin/Debug/net9.0/FileContentRenamer.Tests.dll" adapterTypeName="executor://xunit/VsTestRunner3/netcore/" className="FileContentRenamer.Tests.Services.TextProcessorTests" name="ExtractContentAsync_WithExactly1000Characters_ShouldReturnAllContent" />
    </UnitTest>
    <UnitTest name="FileContentRenamer.Tests.Services.PdfProcessorTests.CanProcess_WithNonPdfExtension_ShouldReturnFalse(filename: &quot;test&quot;)" storage="/users/santibraida/workspace/comprobantes/filecontentrenamer.tests/bin/debug/net9.0/filecontentrenamer.tests.dll" id="5350316f-15de-b350-a21b-48de21601546">
      <Execution id="07f88b70-1a18-41ed-b904-ff7506bc625d" />
      <TestMethod codeBase="/Users/santibraida/Workspace/comprobantes/FileContentRenamer.Tests/bin/Debug/net9.0/FileContentRenamer.Tests.dll" adapterTypeName="executor://xunit/VsTestRunner3/netcore/" className="FileContentRenamer.Tests.Services.PdfProcessorTests" name="CanProcess_WithNonPdfExtension_ShouldReturnFalse" />
    </UnitTest>
    <UnitTest name="FileContentRenamer.Tests.Models.NamingRulesTests.GenerateFilename_WithMinimalGenericContent_ShouldUseOriginalDate" storage="/users/santibraida/workspace/comprobantes/filecontentrenamer.tests/bin/debug/net9.0/filecontentrenamer.tests.dll" id="55667650-7485-4ca3-fd19-23d2a7a126c7">
      <Execution id="0a8324ef-045d-4d9d-8659-b78087637d22" />
      <TestMethod codeBase="/Users/santibraida/Workspace/comprobantes/FileContentRenamer.Tests/bin/Debug/net9.0/FileContentRenamer.Tests.dll" adapterTypeName="executor://xunit/VsTestRunner3/netcore/" className="FileContentRenamer.Tests.Models.NamingRulesTests" name="GenerateFilename_WithMinimalGenericContent_ShouldUseOriginalDate" />
    </UnitTest>
    <UnitTest name="FileContentRenamer.Tests.Models.NamingRulesTests.GenerateFilename_WithMatchingRule_ShouldUseRuleValues" storage="/users/santibraida/workspace/comprobantes/filecontentrenamer.tests/bin/debug/net9.0/filecontentrenamer.tests.dll" id="c98d8a8b-c350-72b5-2be4-aa500796a5e0">
      <Execution id="7a603c0d-7360-4920-a875-c7f46a526917" />
      <TestMethod codeBase="/Users/santibraida/Workspace/comprobantes/FileContentRenamer.Tests/bin/Debug/net9.0/FileContentRenamer.Tests.dll" adapterTypeName="executor://xunit/VsTestRunner3/netcore/" className="FileContentRenamer.Tests.Models.NamingRulesTests" name="GenerateFilename_WithMatchingRule_ShouldUseRuleValues" />
    </UnitTest>
    <UnitTest name="FileContentRenamer.Tests.Services.DateExtractorTests.ExtractDateFromContent_WithNullContent_ShouldReturnEmptyString" storage="/users/santibraida/workspace/comprobantes/filecontentrenamer.tests/bin/debug/net9.0/filecontentrenamer.tests.dll" id="43108df8-7f9e-e70a-a456-a12f9dd6bbcf">
      <Execution id="a6d1d758-50eb-416b-940d-97b94bb8c8a0" />
      <TestMethod codeBase="/Users/santibraida/Workspace/comprobantes/FileContentRenamer.Tests/bin/Debug/net9.0/FileContentRenamer.Tests.dll" adapterTypeName="executor://xunit/VsTestRunner3/netcore/" className="FileContentRenamer.Tests.Services.DateExtractorTests" name="ExtractDateFromContent_WithNullContent_ShouldReturnEmptyString" />
    </UnitTest>
    <UnitTest name="FileContentRenamer.Tests.Services.ImageProcessorTests.CanProcess_WithNonImageExtension_ShouldReturnFalse(extension: &quot;.pdf&quot;)" storage="/users/santibraida/workspace/comprobantes/filecontentrenamer.tests/bin/debug/net9.0/filecontentrenamer.tests.dll" id="f8b329c4-164a-78d1-46cd-26aea567ce35">
      <Execution id="30ac7ff5-48fc-4c46-8964-604459e582de" />
      <TestMethod codeBase="/Users/santibraida/Workspace/comprobantes/FileContentRenamer.Tests/bin/Debug/net9.0/FileContentRenamer.Tests.dll" adapterTypeName="executor://xunit/VsTestRunner3/netcore/" className="FileContentRenamer.Tests.Services.ImageProcessorTests" name="CanProcess_WithNonImageExtension_ShouldReturnFalse" />
    </UnitTest>
    <UnitTest name="FileContentRenamer.Tests.Services.ImageProcessorTests.CanProcess_WithImageExtensions_ShouldReturnTrue(extension: &quot;.tif&quot;)" storage="/users/santibraida/workspace/comprobantes/filecontentrenamer.tests/bin/debug/net9.0/filecontentrenamer.tests.dll" id="75799e7f-c8b2-eb49-e7fc-7e63546cf626">
      <Execution id="64f8519b-51d0-4224-844f-dd0d8bd158fa" />
      <TestMethod codeBase="/Users/santibraida/Workspace/comprobantes/FileContentRenamer.Tests/bin/Debug/net9.0/FileContentRenamer.Tests.dll" adapterTypeName="executor://xunit/VsTestRunner3/netcore/" className="FileContentRenamer.Tests.Services.ImageProcessorTests" name="CanProcess_WithImageExtensions_ShouldReturnTrue" />
    </UnitTest>
    <UnitTest name="FileContentRenamer.Tests.Services.DirectoryOrganizerTests.OrganizeFileIntoDirectoryStructure_WithEmptyDate_ShouldReturnOriginalPath" storage="/users/santibraida/workspace/comprobantes/filecontentrenamer.tests/bin/debug/net9.0/filecontentrenamer.tests.dll" id="6f2af002-27a0-bce9-8dd8-c05215b58bbb">
      <Execution id="3a7d6410-23e7-4b68-9831-eb258e3c1edf" />
      <TestMethod codeBase="/Users/santibraida/Workspace/comprobantes/FileContentRenamer.Tests/bin/Debug/net9.0/FileContentRenamer.Tests.dll" adapterTypeName="executor://xunit/VsTestRunner3/netcore/" className="FileContentRenamer.Tests.Services.DirectoryOrganizerTests" name="OrganizeFileIntoDirectoryStructure_WithEmptyDate_ShouldReturnOriginalPath" />
    </UnitTest>
    <UnitTest name="FileContentRenamer.Tests.Services.FilenameGeneratorTests.IsAlreadyNamedFilename_WithInvalidFormats_ShouldReturnFalse(filename: &quot;service_2024-03-15&quot;)" storage="/users/santibraida/workspace/comprobantes/filecontentrenamer.tests/bin/debug/net9.0/filecontentrenamer.tests.dll" id="66a19620-a3b0-afbc-935a-264e635ffa8f">
      <Execution id="cb9ef2f2-280d-4092-ab1f-99af9cdd1ec5" />
      <TestMethod codeBase="/Users/santibraida/Workspace/comprobantes/FileContentRenamer.Tests/bin/Debug/net9.0/FileContentRenamer.Tests.dll" adapterTypeName="executor://xunit/VsTestRunner3/netcore/" className="FileContentRenamer.Tests.Services.FilenameGeneratorTests" name="IsAlreadyNamedFilename_WithInvalidFormats_ShouldReturnFalse" />
    </UnitTest>
    <UnitTest name="FileContentRenamer.Tests.Models.NamingRulesTests.Constructor_WithParameters_ShouldSetValues" storage="/users/santibraida/workspace/comprobantes/filecontentrenamer.tests/bin/debug/net9.0/filecontentrenamer.tests.dll" id="74c0392b-8615-24d3-2fd0-e6af46d2098a">
      <Execution id="5ed6b8a8-217f-41b8-b449-e259c7167778" />
      <TestMethod codeBase="/Users/santibraida/Workspace/comprobantes/FileContentRenamer.Tests/bin/Debug/net9.0/FileContentRenamer.Tests.dll" adapterTypeName="executor://xunit/VsTestRunner3/netcore/" className="FileContentRenamer.Tests.Models.NamingRulesTests" name="Constructor_WithParameters_ShouldSetValues" />
    </UnitTest>
    <UnitTest name="FileContentRenamer.Tests.Services.PdfProcessorTests.CanProcess_WithPdfExtensionVariations_ShouldReturnTrue(filename: &quot;document.pdf&quot;)" storage="/users/santibraida/workspace/comprobantes/filecontentrenamer.tests/bin/debug/net9.0/filecontentrenamer.tests.dll" id="6d87e1fd-55be-eef4-fa85-511734dc705c">
      <Execution id="9e3fe44a-aa76-42b8-bef6-5b358e69cb9d" />
      <TestMethod codeBase="/Users/santibraida/Workspace/comprobantes/FileContentRenamer.Tests/bin/Debug/net9.0/FileContentRenamer.Tests.dll" adapterTypeName="executor://xunit/VsTestRunner3/netcore/" className="FileContentRenamer.Tests.Services.PdfProcessorTests" name="CanProcess_WithPdfExtensionVariations_ShouldReturnTrue" />
    </UnitTest>
    <UnitTest name="FileContentRenamer.Tests.Services.FileServiceTests.ProcessFilesAsync_WithSameFilename_ShouldOrganizeOnly" storage="/users/santibraida/workspace/comprobantes/filecontentrenamer.tests/bin/debug/net9.0/filecontentrenamer.tests.dll" id="0228ec1a-cf44-e616-5aa7-aefd86959073">
      <Execution id="3f36a7e7-f911-4155-83e2-1d274085d5f6" />
      <TestMethod codeBase="/Users/santibraida/Workspace/comprobantes/FileContentRenamer.Tests/bin/Debug/net9.0/FileContentRenamer.Tests.dll" adapterTypeName="executor://xunit/VsTestRunner3/netcore/" className="FileContentRenamer.Tests.Services.FileServiceTests" name="ProcessFilesAsync_WithSameFilename_ShouldOrganizeOnly" />
    </UnitTest>
    <UnitTest name="FileContentRenamer.Tests.Services.PdfProcessorTests.CanProcess_WithPdfExtensionDifferentCasing_ShouldReturnTrue(filename: &quot;test.Pdf&quot;)" storage="/users/santibraida/workspace/comprobantes/filecontentrenamer.tests/bin/debug/net9.0/filecontentrenamer.tests.dll" id="30177b80-4255-9855-fa20-76724e89c280">
      <Execution id="46c3c778-68fb-430e-958f-4ecda6cc5402" />
      <TestMethod codeBase="/Users/santibraida/Workspace/comprobantes/FileContentRenamer.Tests/bin/Debug/net9.0/FileContentRenamer.Tests.dll" adapterTypeName="executor://xunit/VsTestRunner3/netcore/" className="FileContentRenamer.Tests.Services.PdfProcessorTests" name="CanProcess_WithPdfExtensionDifferentCasing_ShouldReturnTrue" />
    </UnitTest>
    <UnitTest name="FileContentRenamer.Tests.Services.FilenameGeneratorTests.IsAlreadyNamedFilename_WithInvalidFormats_ShouldReturnFalse(filename: &quot;service_payment&quot;)" storage="/users/santibraida/workspace/comprobantes/filecontentrenamer.tests/bin/debug/net9.0/filecontentrenamer.tests.dll" id="d6d3d886-1a00-8e52-5627-e1236e6e1c62">
      <Execution id="2d20c25f-bee9-43db-a143-f88e1d647d1f" />
      <TestMethod codeBase="/Users/santibraida/Workspace/comprobantes/FileContentRenamer.Tests/bin/Debug/net9.0/FileContentRenamer.Tests.dll" adapterTypeName="executor://xunit/VsTestRunner3/netcore/" className="FileContentRenamer.Tests.Services.FilenameGeneratorTests" name="IsAlreadyNamedFilename_WithInvalidFormats_ShouldReturnFalse" />
    </UnitTest>
    <UnitTest name="FileContentRenamer.Tests.Services.FilenameGeneratorTests.CleanupFileName_WithVariousInputs_ShouldReturnCleanedName(input: &quot;file&lt;&gt;name&quot;, expected: &quot;file&lt;&gt;name&quot;)" storage="/users/santibraida/workspace/comprobantes/filecontentrenamer.tests/bin/debug/net9.0/filecontentrenamer.tests.dll" id="e2ab17d6-1636-8e4d-ad78-a6d89568282f">
      <Execution id="5eb9f799-06c4-4b76-80b4-a4213e30fd42" />
      <TestMethod codeBase="/Users/santibraida/Workspace/comprobantes/FileContentRenamer.Tests/bin/Debug/net9.0/FileContentRenamer.Tests.dll" adapterTypeName="executor://xunit/VsTestRunner3/netcore/" className="FileContentRenamer.Tests.Services.FilenameGeneratorTests" name="CleanupFileName_WithVariousInputs_ShouldReturnCleanedName" />
    </UnitTest>
    <UnitTest name="FileContentRenamer.Tests.Services.ImageProcessorTests.ExtractContentAsync_WithInvalidImageFile_ShouldReturnEmptyString" storage="/users/santibraida/workspace/comprobantes/filecontentrenamer.tests/bin/debug/net9.0/filecontentrenamer.tests.dll" id="cb98919d-41c2-f114-3856-49dce9ef8634">
      <Execution id="9f045f1a-cd86-42c9-9a29-499cdd717af4" />
      <TestMethod codeBase="/Users/santibraida/Workspace/comprobantes/FileContentRenamer.Tests/bin/Debug/net9.0/FileContentRenamer.Tests.dll" adapterTypeName="executor://xunit/VsTestRunner3/netcore/" className="FileContentRenamer.Tests.Services.ImageProcessorTests" name="ExtractContentAsync_WithInvalidImageFile_ShouldReturnEmptyString" />
    </UnitTest>
    <UnitTest name="FileContentRenamer.Tests.Services.FileValidatorTests.ShouldProcessFile_WithInvalidExtensions_ShouldReturnFalse(extension: &quot;.doc&quot;)" storage="/users/santibraida/workspace/comprobantes/filecontentrenamer.tests/bin/debug/net9.0/filecontentrenamer.tests.dll" id="7e3a9744-91b7-a2b9-ebb3-73a79e07c25d">
      <Execution id="89f8be88-4a82-4aeb-8be1-fcb3bba870ed" />
      <TestMethod codeBase="/Users/santibraida/Workspace/comprobantes/FileContentRenamer.Tests/bin/Debug/net9.0/FileContentRenamer.Tests.dll" adapterTypeName="executor://xunit/VsTestRunner3/netcore/" className="FileContentRenamer.Tests.Services.FileValidatorTests" name="ShouldProcessFile_WithInvalidExtensions_ShouldReturnFalse" />
    </UnitTest>
    <UnitTest name="FileContentRenamer.Tests.Services.TextProcessorTests.ExtractContentAsync_WithMultilineContent_ShouldReturnContent" storage="/users/santibraida/workspace/comprobantes/filecontentrenamer.tests/bin/debug/net9.0/filecontentrenamer.tests.dll" id="75b52445-788c-0c2d-ad1d-9437d196417b">
      <Execution id="037e6618-32b7-4b7a-83d6-ed5a2289d82a" />
      <TestMethod codeBase="/Users/santibraida/Workspace/comprobantes/FileContentRenamer.Tests/bin/Debug/net9.0/FileContentRenamer.Tests.dll" adapterTypeName="executor://xunit/VsTestRunner3/netcore/" className="FileContentRenamer.Tests.Services.TextProcessorTests" name="ExtractContentAsync_WithMultilineContent_ShouldReturnContent" />
    </UnitTest>
    <UnitTest name="FileContentRenamer.Tests.Models.NamingRuleTests.Matches_WithNoKeywords_ShouldReturnFalse" storage="/users/santibraida/workspace/comprobantes/filecontentrenamer.tests/bin/debug/net9.0/filecontentrenamer.tests.dll" id="735ac008-1cbd-a429-fd29-015f19236116">
      <Execution id="e81c47ce-55bd-45a6-a2a7-f0a6462d7c85" />
      <TestMethod codeBase="/Users/santibraida/Workspace/comprobantes/FileContentRenamer.Tests/bin/Debug/net9.0/FileContentRenamer.Tests.dll" adapterTypeName="executor://xunit/VsTestRunner3/netcore/" className="FileContentRenamer.Tests.Models.NamingRuleTests" name="Matches_WithNoKeywords_ShouldReturnFalse" />
    </UnitTest>
    <UnitTest name="FileContentRenamer.Tests.Services.DateExtractorTests.ExtractDateFromContent_WithVariousGenericDates_ShouldReturnCorrectDates(content: &quot;31/12/2023&quot;, expected: &quot;2023-12-31&quot;)" storage="/users/santibraida/workspace/comprobantes/filecontentrenamer.tests/bin/debug/net9.0/filecontentrenamer.tests.dll" id="fe7b897c-fd2e-f8e6-f880-7f5c0aaede02">
      <Execution id="8813aae1-0d8b-4c26-a061-9468c9c0ed5d" />
      <TestMethod codeBase="/Users/santibraida/Workspace/comprobantes/FileContentRenamer.Tests/bin/Debug/net9.0/FileContentRenamer.Tests.dll" adapterTypeName="executor://xunit/VsTestRunner3/netcore/" className="FileContentRenamer.Tests.Services.DateExtractorTests" name="ExtractDateFromContent_WithVariousGenericDates_ShouldReturnCorrectDates" />
    </UnitTest>
    <UnitTest name="FileContentRenamer.Tests.Services.DirectoryOrganizerTests.IsInYearMonthStructure_WithMonthInYearFolder_ShouldReturnTrue" storage="/users/santibraida/workspace/comprobantes/filecontentrenamer.tests/bin/debug/net9.0/filecontentrenamer.tests.dll" id="63740491-dbe7-68e1-03c8-149486e0c4ce">
      <Execution id="73bcc617-1a88-45d5-98f6-176566fd302c" />
      <TestMethod codeBase="/Users/santibraida/Workspace/comprobantes/FileContentRenamer.Tests/bin/Debug/net9.0/FileContentRenamer.Tests.dll" adapterTypeName="executor://xunit/VsTestRunner3/netcore/" className="FileContentRenamer.Tests.Services.DirectoryOrganizerTests" name="IsInYearMonthStructure_WithMonthInYearFolder_ShouldReturnTrue" />
    </UnitTest>
    <UnitTest name="FileContentRenamer.Tests.Services.DateExtractorTests.ExtractDateFromContent_WithVariousDueDateFormats_ShouldReturnCorrectDates(content: &quot;Vence: 31/12/2023&quot;, expected: &quot;2023-12-31&quot;)" storage="/users/santibraida/workspace/comprobantes/filecontentrenamer.tests/bin/debug/net9.0/filecontentrenamer.tests.dll" id="0877987f-a018-03de-71dc-2e8ff937b395">
      <Execution id="348dcca5-68d7-46a8-9fcc-94921f10999d" />
      <TestMethod codeBase="/Users/santibraida/Workspace/comprobantes/FileContentRenamer.Tests/bin/Debug/net9.0/FileContentRenamer.Tests.dll" adapterTypeName="executor://xunit/VsTestRunner3/netcore/" className="FileContentRenamer.Tests.Services.DateExtractorTests" name="ExtractDateFromContent_WithVariousDueDateFormats_ShouldReturnCorrectDates" />
    </UnitTest>
    <UnitTest name="FileContentRenamer.Tests.Services.TextProcessorTests.CanProcess_WithNonTxtExtension_ShouldReturnFalse(filename: &quot;test.jpg&quot;)" storage="/users/santibraida/workspace/comprobantes/filecontentrenamer.tests/bin/debug/net9.0/filecontentrenamer.tests.dll" id="d60b51ff-35d6-643f-09d4-bd5f7bbab23c">
      <Execution id="189e5e53-9236-41c5-9c25-7ffc1edfa35f" />
      <TestMethod codeBase="/Users/santibraida/Workspace/comprobantes/FileContentRenamer.Tests/bin/Debug/net9.0/FileContentRenamer.Tests.dll" adapterTypeName="executor://xunit/VsTestRunner3/netcore/" className="FileContentRenamer.Tests.Services.TextProcessorTests" name="CanProcess_WithNonTxtExtension_ShouldReturnFalse" />
    </UnitTest>
    <UnitTest name="FileContentRenamer.Tests.Services.DateExtractorTests.ExtractDateFromContent_WithNoDate_ShouldReturnEmptyString" storage="/users/santibraida/workspace/comprobantes/filecontentrenamer.tests/bin/debug/net9.0/filecontentrenamer.tests.dll" id="cd9462e7-2aeb-f1cd-df73-927f31a7638d">
      <Execution id="d8d84f25-a3ce-4362-b6f8-b78b90906311" />
      <TestMethod codeBase="/Users/santibraida/Workspace/comprobantes/FileContentRenamer.Tests/bin/Debug/net9.0/FileContentRenamer.Tests.dll" adapterTypeName="executor://xunit/VsTestRunner3/netcore/" className="FileContentRenamer.Tests.Services.DateExtractorTests" name="ExtractDateFromContent_WithNoDate_ShouldReturnEmptyString" />
    </UnitTest>
    <UnitTest name="FileContentRenamer.Tests.Services.DateExtractorTests.ExtractDateFromFilename_WithVariousValidFormats_ShouldReturnCorrectDates(filename: &quot;test_2023-12-31_method&quot;, expected: &quot;2023-12-31&quot;)" storage="/users/santibraida/workspace/comprobantes/filecontentrenamer.tests/bin/debug/net9.0/filecontentrenamer.tests.dll" id="a973dd7a-7c46-af87-44cd-7bf4a36abf9b">
      <Execution id="08506994-038b-4dd8-bccd-cfce7691e1ed" />
      <TestMethod codeBase="/Users/santibraida/Workspace/comprobantes/FileContentRenamer.Tests/bin/Debug/net9.0/FileContentRenamer.Tests.dll" adapterTypeName="executor://xunit/VsTestRunner3/netcore/" className="FileContentRenamer.Tests.Services.DateExtractorTests" name="ExtractDateFromFilename_WithVariousValidFormats_ShouldReturnCorrectDates" />
    </UnitTest>
    <UnitTest name="FileContentRenamer.Tests.Services.DirectoryOrganizerTests.IsInYearMonthStructure_WithYearFolder_ShouldReturnTrue" storage="/users/santibraida/workspace/comprobantes/filecontentrenamer.tests/bin/debug/net9.0/filecontentrenamer.tests.dll" id="795f8691-da02-dc90-c006-df2b05e484b8">
      <Execution id="480f2333-cf8f-4bbf-ab77-3eb323de874f" />
      <TestMethod codeBase="/Users/santibraida/Workspace/comprobantes/FileContentRenamer.Tests/bin/Debug/net9.0/FileContentRenamer.Tests.dll" adapterTypeName="executor://xunit/VsTestRunner3/netcore/" className="FileContentRenamer.Tests.Services.DirectoryOrganizerTests" name="IsInYearMonthStructure_WithYearFolder_ShouldReturnTrue" />
    </UnitTest>
    <UnitTest name="FileContentRenamer.Tests.Services.FilenameGeneratorTests.GenerateUniqueFilename_WithNonExistingFile_ShouldReturnOriginalPath" storage="/users/santibraida/workspace/comprobantes/filecontentrenamer.tests/bin/debug/net9.0/filecontentrenamer.tests.dll" id="730c03ae-3d59-370f-6166-c801ea6b544e">
      <Execution id="a832e1f9-b1ba-4179-8fd2-ce1a141e3799" />
      <TestMethod codeBase="/Users/santibraida/Workspace/comprobantes/FileContentRenamer.Tests/bin/Debug/net9.0/FileContentRenamer.Tests.dll" adapterTypeName="executor://xunit/VsTestRunner3/netcore/" className="FileContentRenamer.Tests.Services.FilenameGeneratorTests" name="GenerateUniqueFilename_WithNonExistingFile_ShouldReturnOriginalPath" />
    </UnitTest>
    <UnitTest name="FileContentRenamer.Tests.Models.AppConfigTests.LoadFromConfiguration_WithInvalidJson_ShouldThrowException" storage="/users/santibraida/workspace/comprobantes/filecontentrenamer.tests/bin/debug/net9.0/filecontentrenamer.tests.dll" id="04613884-8eea-2162-7b68-af1197b3a19b">
      <Execution id="9de761d8-8087-4f02-9675-9ba21cc6869f" />
      <TestMethod codeBase="/Users/santibraida/Workspace/comprobantes/FileContentRenamer.Tests/bin/Debug/net9.0/FileContentRenamer.Tests.dll" adapterTypeName="executor://xunit/VsTestRunner3/netcore/" className="FileContentRenamer.Tests.Models.AppConfigTests" name="LoadFromConfiguration_WithInvalidJson_ShouldThrowException" />
    </UnitTest>
    <UnitTest name="FileContentRenamer.Tests.Services.FileValidatorTests.ShouldProcessFile_WithValidExtensions_ShouldReturnTrue(extension: &quot;.txt&quot;)" storage="/users/santibraida/workspace/comprobantes/filecontentrenamer.tests/bin/debug/net9.0/filecontentrenamer.tests.dll" id="89411942-d38a-5bb6-81ec-67e7fdba9fc2">
      <Execution id="4edede62-121c-45c9-ad56-2bbc3e8102af" />
      <TestMethod codeBase="/Users/santibraida/Workspace/comprobantes/FileContentRenamer.Tests/bin/Debug/net9.0/FileContentRenamer.Tests.dll" adapterTypeName="executor://xunit/VsTestRunner3/netcore/" className="FileContentRenamer.Tests.Services.FileValidatorTests" name="ShouldProcessFile_WithValidExtensions_ShouldReturnTrue" />
    </UnitTest>
    <UnitTest name="FileContentRenamer.Tests.Services.FilenameGeneratorTests.CleanupFileName_WithVariousInputs_ShouldReturnCleanedName(input: &quot;___&quot;, expected: &quot;cleaned_file&quot;)" storage="/users/santibraida/workspace/comprobantes/filecontentrenamer.tests/bin/debug/net9.0/filecontentrenamer.tests.dll" id="003f2eb1-16a9-1fca-9f6b-de2c702ff29c">
      <Execution id="8f65644c-be6b-403d-ba5c-38c775dca4b9" />
      <TestMethod codeBase="/Users/santibraida/Workspace/comprobantes/FileContentRenamer.Tests/bin/Debug/net9.0/FileContentRenamer.Tests.dll" adapterTypeName="executor://xunit/VsTestRunner3/netcore/" className="FileContentRenamer.Tests.Services.FilenameGeneratorTests" name="CleanupFileName_WithVariousInputs_ShouldReturnCleanedName" />
    </UnitTest>
    <UnitTest name="FileContentRenamer.Tests.Services.TextProcessorTests.ExtractContentAsync_WithSpecialCharacters_ShouldReturnContent" storage="/users/santibraida/workspace/comprobantes/filecontentrenamer.tests/bin/debug/net9.0/filecontentrenamer.tests.dll" id="ab791beb-155a-2340-25c5-938aea845fff">
      <Execution id="bcfa8d55-f100-4078-8f9c-209698d1f7be" />
      <TestMethod codeBase="/Users/santibraida/Workspace/comprobantes/FileContentRenamer.Tests/bin/Debug/net9.0/FileContentRenamer.Tests.dll" adapterTypeName="executor://xunit/VsTestRunner3/netcore/" className="FileContentRenamer.Tests.Services.TextProcessorTests" name="ExtractContentAsync_WithSpecialCharacters_ShouldReturnContent" />
    </UnitTest>
    <UnitTest name="FileContentRenamer.Tests.Services.FileServiceTests.ProcessFilesAsync_WithAlreadyNamedFile_ShouldSkipRenaming" storage="/users/santibraida/workspace/comprobantes/filecontentrenamer.tests/bin/debug/net9.0/filecontentrenamer.tests.dll" id="34f0a146-8932-4124-920d-b39c3eb45d5b">
      <Execution id="8321a0d4-92d2-4684-9b94-9eab714fe463" />
      <TestMethod codeBase="/Users/santibraida/Workspace/comprobantes/FileContentRenamer.Tests/bin/Debug/net9.0/FileContentRenamer.Tests.dll" adapterTypeName="executor://xunit/VsTestRunner3/netcore/" className="FileContentRenamer.Tests.Services.FileServiceTests" name="ProcessFilesAsync_WithAlreadyNamedFile_ShouldSkipRenaming" />
    </UnitTest>
    <UnitTest name="FileContentRenamer.Tests.Services.PdfProcessorTests.CanProcess_WithPdfExtensionVariations_ShouldReturnTrue(filename: &quot;DOCUMENT.PDF&quot;)" storage="/users/santibraida/workspace/comprobantes/filecontentrenamer.tests/bin/debug/net9.0/filecontentrenamer.tests.dll" id="8bf8da02-6c6e-2191-c936-6121db66d388">
      <Execution id="9a32d335-ca58-40a7-aebf-c7072c337ca8" />
      <TestMethod codeBase="/Users/santibraida/Workspace/comprobantes/FileContentRenamer.Tests/bin/Debug/net9.0/FileContentRenamer.Tests.dll" adapterTypeName="executor://xunit/VsTestRunner3/netcore/" className="FileContentRenamer.Tests.Services.PdfProcessorTests" name="CanProcess_WithPdfExtensionVariations_ShouldReturnTrue" />
    </UnitTest>
    <UnitTest name="FileContentRenamer.Tests.Services.PdfProcessorTests.CanProcess_WithNonPdfExtension_ShouldReturnFalse(filename: &quot;test.jpg&quot;)" storage="/users/santibraida/workspace/comprobantes/filecontentrenamer.tests/bin/debug/net9.0/filecontentrenamer.tests.dll" id="8788403a-0d19-e088-1175-07bf39207809">
      <Execution id="6d2c4918-e21b-489e-9736-052fa67c62e7" />
      <TestMethod codeBase="/Users/santibraida/Workspace/comprobantes/FileContentRenamer.Tests/bin/Debug/net9.0/FileContentRenamer.Tests.dll" adapterTypeName="executor://xunit/VsTestRunner3/netcore/" className="FileContentRenamer.Tests.Services.PdfProcessorTests" name="CanProcess_WithNonPdfExtension_ShouldReturnFalse" />
    </UnitTest>
    <UnitTest name="FileContentRenamer.Tests.Services.PdfProcessorTests.CanProcess_WithPdfExtension_ShouldReturnTrue" storage="/users/santibraida/workspace/comprobantes/filecontentrenamer.tests/bin/debug/net9.0/filecontentrenamer.tests.dll" id="9729a039-440f-b038-cbbc-13699377547c">
      <Execution id="693f69e0-6d84-4091-a2a2-cd61f08decb9" />
      <TestMethod codeBase="/Users/santibraida/Workspace/comprobantes/FileContentRenamer.Tests/bin/Debug/net9.0/FileContentRenamer.Tests.dll" adapterTypeName="executor://xunit/VsTestRunner3/netcore/" className="FileContentRenamer.Tests.Services.PdfProcessorTests" name="CanProcess_WithPdfExtension_ShouldReturnTrue" />
    </UnitTest>
    <UnitTest name="FileContentRenamer.Tests.Services.TextProcessorTests.CanProcess_WithNonTxtExtension_ShouldReturnFalse(filename: &quot;test.pdf&quot;)" storage="/users/santibraida/workspace/comprobantes/filecontentrenamer.tests/bin/debug/net9.0/filecontentrenamer.tests.dll" id="af647e92-1ce2-064d-3a84-3476cb46d127">
      <Execution id="04a78497-62bb-4e0b-b4c4-05fc1b668b69" />
      <TestMethod codeBase="/Users/santibraida/Workspace/comprobantes/FileContentRenamer.Tests/bin/Debug/net9.0/FileContentRenamer.Tests.dll" adapterTypeName="executor://xunit/VsTestRunner3/netcore/" className="FileContentRenamer.Tests.Services.TextProcessorTests" name="CanProcess_WithNonTxtExtension_ShouldReturnFalse" />
    </UnitTest>
    <UnitTest name="FileContentRenamer.Tests.Services.TextProcessorTests.CanProcess_WithTxtExtensionDifferentCasing_ShouldReturnTrue(filename: &quot;test.tXt&quot;)" storage="/users/santibraida/workspace/comprobantes/filecontentrenamer.tests/bin/debug/net9.0/filecontentrenamer.tests.dll" id="70962b03-3000-68e4-fd2c-d9ce13588e5d">
      <Execution id="d6258b49-8c6d-4cb6-93b6-bdefac087f2d" />
      <TestMethod codeBase="/Users/santibraida/Workspace/comprobantes/FileContentRenamer.Tests/bin/Debug/net9.0/FileContentRenamer.Tests.dll" adapterTypeName="executor://xunit/VsTestRunner3/netcore/" className="FileContentRenamer.Tests.Services.TextProcessorTests" name="CanProcess_WithTxtExtensionDifferentCasing_ShouldReturnTrue" />
    </UnitTest>
    <UnitTest name="FileContentRenamer.Tests.Services.DateExtractorTests.ExtractDateFromFilename_WithVariousValidFormats_ShouldReturnCorrectDates(filename: &quot;service_2024-01-01_payment&quot;, expected: &quot;2024-01-01&quot;)" storage="/users/santibraida/workspace/comprobantes/filecontentrenamer.tests/bin/debug/net9.0/filecontentrenamer.tests.dll" id="0316afba-cad9-583a-5a60-4cda40610283">
      <Execution id="82ae7a89-885d-445b-801b-bd7bed5da4c8" />
      <TestMethod codeBase="/Users/santibraida/Workspace/comprobantes/FileContentRenamer.Tests/bin/Debug/net9.0/FileContentRenamer.Tests.dll" adapterTypeName="executor://xunit/VsTestRunner3/netcore/" className="FileContentRenamer.Tests.Services.DateExtractorTests" name="ExtractDateFromFilename_WithVariousValidFormats_ShouldReturnCorrectDates" />
    </UnitTest>
    <UnitTest name="FileContentRenamer.Tests.Services.ImageProcessorTests.CanProcess_WithImageExtensions_ShouldReturnTrue(extension: &quot;.jpeg&quot;)" storage="/users/santibraida/workspace/comprobantes/filecontentrenamer.tests/bin/debug/net9.0/filecontentrenamer.tests.dll" id="97a9732c-79a7-6428-f306-649df62803fe">
      <Execution id="086cc7d6-994b-4e9e-b121-1c3f9741593e" />
      <TestMethod codeBase="/Users/santibraida/Workspace/comprobantes/FileContentRenamer.Tests/bin/Debug/net9.0/FileContentRenamer.Tests.dll" adapterTypeName="executor://xunit/VsTestRunner3/netcore/" className="FileContentRenamer.Tests.Services.ImageProcessorTests" name="CanProcess_WithImageExtensions_ShouldReturnTrue" />
    </UnitTest>
    <UnitTest name="FileContentRenamer.Tests.Services.ImageProcessorTests.CanProcess_WithImageExtensionsDifferentCasing_ShouldReturnTrue(extension: &quot;.JPEG&quot;)" storage="/users/santibraida/workspace/comprobantes/filecontentrenamer.tests/bin/debug/net9.0/filecontentrenamer.tests.dll" id="2fcf9509-91d2-8211-d6e4-a72c7870e72f">
      <Execution id="5067e403-2d53-4aaf-9a0c-9f7afd82ff45" />
      <TestMethod codeBase="/Users/santibraida/Workspace/comprobantes/FileContentRenamer.Tests/bin/Debug/net9.0/FileContentRenamer.Tests.dll" adapterTypeName="executor://xunit/VsTestRunner3/netcore/" className="FileContentRenamer.Tests.Services.ImageProcessorTests" name="CanProcess_WithImageExtensionsDifferentCasing_ShouldReturnTrue" />
    </UnitTest>
    <UnitTest name="FileContentRenamer.Tests.Services.FilenameGeneratorTests.CleanupFileName_WithVariousInputs_ShouldReturnCleanedName(input: &quot;file:name&quot;, expected: &quot;file:name&quot;)" storage="/users/santibraida/workspace/comprobantes/filecontentrenamer.tests/bin/debug/net9.0/filecontentrenamer.tests.dll" id="193486f8-7638-5e27-f7c4-f2239a7e9f22">
      <Execution id="25132aa2-c1d0-4840-b0eb-c8c5079f12e6" />
      <TestMethod codeBase="/Users/santibraida/Workspace/comprobantes/FileContentRenamer.Tests/bin/Debug/net9.0/FileContentRenamer.Tests.dll" adapterTypeName="executor://xunit/VsTestRunner3/netcore/" className="FileContentRenamer.Tests.Services.FilenameGeneratorTests" name="CleanupFileName_WithVariousInputs_ShouldReturnCleanedName" />
    </UnitTest>
    <UnitTest name="FileContentRenamer.Tests.Models.AppConfigTests.LoadFromConfiguration_WithMissingFileExtensions_ShouldThrowException" storage="/users/santibraida/workspace/comprobantes/filecontentrenamer.tests/bin/debug/net9.0/filecontentrenamer.tests.dll" id="a3da5712-1fc6-1483-5013-eb15e94741bb">
      <Execution id="f91d116a-5cf0-42f5-bab8-19c503a3dbe0" />
      <TestMethod codeBase="/Users/santibraida/Workspace/comprobantes/FileContentRenamer.Tests/bin/Debug/net9.0/FileContentRenamer.Tests.dll" adapterTypeName="executor://xunit/VsTestRunner3/netcore/" className="FileContentRenamer.Tests.Models.AppConfigTests" name="LoadFromConfiguration_WithMissingFileExtensions_ShouldThrowException" />
    </UnitTest>
    <UnitTest name="FileContentRenamer.Tests.Services.ImageProcessorTests.CanProcess_WithNonImageExtension_ShouldReturnFalse(extension: &quot;.mp4&quot;)" storage="/users/santibraida/workspace/comprobantes/filecontentrenamer.tests/bin/debug/net9.0/filecontentrenamer.tests.dll" id="8c36f3a4-ca31-a9e9-241d-dbc70385ef49">
      <Execution id="2a260d42-2653-490e-9616-4159e1011d68" />
      <TestMethod codeBase="/Users/santibraida/Workspace/comprobantes/FileContentRenamer.Tests/bin/Debug/net9.0/FileContentRenamer.Tests.dll" adapterTypeName="executor://xunit/VsTestRunner3/netcore/" className="FileContentRenamer.Tests.Services.ImageProcessorTests" name="CanProcess_WithNonImageExtension_ShouldReturnFalse" />
    </UnitTest>
    <UnitTest name="FileContentRenamer.Tests.Services.FilenameGeneratorTests.GenerateUniqueFilename_WithExistingFile_ShouldReturnNumberedVersion" storage="/users/santibraida/workspace/comprobantes/filecontentrenamer.tests/bin/debug/net9.0/filecontentrenamer.tests.dll" id="50fa8f71-8d78-c5b2-6484-06fffd5546d4">
      <Execution id="e8dbba95-1f6b-4393-9030-969be6197ed0" />
      <TestMethod codeBase="/Users/santibraida/Workspace/comprobantes/FileContentRenamer.Tests/bin/Debug/net9.0/FileContentRenamer.Tests.dll" adapterTypeName="executor://xunit/VsTestRunner3/netcore/" className="FileContentRenamer.Tests.Services.FilenameGeneratorTests" name="GenerateUniqueFilename_WithExistingFile_ShouldReturnNumberedVersion" />
    </UnitTest>
    <UnitTest name="FileContentRenamer.Tests.Services.FilenameGeneratorTests.CleanupFileName_WithVariousInputs_ShouldReturnCleanedName(input: &quot;file|name&quot;, expected: &quot;file|name&quot;)" storage="/users/santibraida/workspace/comprobantes/filecontentrenamer.tests/bin/debug/net9.0/filecontentrenamer.tests.dll" id="5611fb35-7f75-b2a9-be17-8e2f5c001e43">
      <Execution id="ec8fbf7f-9c57-48fe-acf2-ff0f9341d558" />
      <TestMethod codeBase="/Users/santibraida/Workspace/comprobantes/FileContentRenamer.Tests/bin/Debug/net9.0/FileContentRenamer.Tests.dll" adapterTypeName="executor://xunit/VsTestRunner3/netcore/" className="FileContentRenamer.Tests.Services.FilenameGeneratorTests" name="CleanupFileName_WithVariousInputs_ShouldReturnCleanedName" />
    </UnitTest>
    <UnitTest name="FileContentRenamer.Tests.Services.DateExtractorTests.ExtractDateFromContent_WithGenericDateFormat_ShouldReturnCorrectDate" storage="/users/santibraida/workspace/comprobantes/filecontentrenamer.tests/bin/debug/net9.0/filecontentrenamer.tests.dll" id="4d791645-14ca-671e-50ed-7143a80c7959">
      <Execution id="2fb60be3-47d2-4b32-b84a-c24d5c41a555" />
      <TestMethod codeBase="/Users/santibraida/Workspace/comprobantes/FileContentRenamer.Tests/bin/Debug/net9.0/FileContentRenamer.Tests.dll" adapterTypeName="executor://xunit/VsTestRunner3/netcore/" className="FileContentRenamer.Tests.Services.DateExtractorTests" name="ExtractDateFromContent_WithGenericDateFormat_ShouldReturnCorrectDate" />
    </UnitTest>
    <UnitTest name="FileContentRenamer.Tests.Models.NamingRulesTests.FindMatchingRule_WithFirstRuleMatching_ShouldReturnFirstRule" storage="/users/santibraida/workspace/comprobantes/filecontentrenamer.tests/bin/debug/net9.0/filecontentrenamer.tests.dll" id="fde0012a-20a9-aebc-bee1-b5bf65a4ee27">
      <Execution id="b1e03368-aee6-4cdf-a9d3-f8099be97eb9" />
      <TestMethod codeBase="/Users/santibraida/Workspace/comprobantes/FileContentRenamer.Tests/bin/Debug/net9.0/FileContentRenamer.Tests.dll" adapterTypeName="executor://xunit/VsTestRunner3/netcore/" className="FileContentRenamer.Tests.Models.NamingRulesTests" name="FindMatchingRule_WithFirstRuleMatching_ShouldReturnFirstRule" />
    </UnitTest>
    <UnitTest name="FileContentRenamer.Tests.Services.FileServiceTests.ProcessFilesAsync_WithParallelProcessing_ShouldProcessMultipleFiles" storage="/users/santibraida/workspace/comprobantes/filecontentrenamer.tests/bin/debug/net9.0/filecontentrenamer.tests.dll" id="c14045dd-f91b-3e98-d221-a8a83ca7b93f">
      <Execution id="7e5c5f91-e9f8-4493-b95c-2808e677cce0" />
      <TestMethod codeBase="/Users/santibraida/Workspace/comprobantes/FileContentRenamer.Tests/bin/Debug/net9.0/FileContentRenamer.Tests.dll" adapterTypeName="executor://xunit/VsTestRunner3/netcore/" className="FileContentRenamer.Tests.Services.FileServiceTests" name="ProcessFilesAsync_WithParallelProcessing_ShouldProcessMultipleFiles" />
    </UnitTest>
    <UnitTest name="FileContentRenamer.Tests.Models.AppConfigTests.AppConfig_DefaultValues_ShouldBeSetCorrectly" storage="/users/santibraida/workspace/comprobantes/filecontentrenamer.tests/bin/debug/net9.0/filecontentrenamer.tests.dll" id="c8e339c4-495d-6682-fb59-508814014af3">
      <Execution id="13d31b12-8f2e-4df0-905e-e5e299a05b21" />
      <TestMethod codeBase="/Users/santibraida/Workspace/comprobantes/FileContentRenamer.Tests/bin/Debug/net9.0/FileContentRenamer.Tests.dll" adapterTypeName="executor://xunit/VsTestRunner3/netcore/" className="FileContentRenamer.Tests.Models.AppConfigTests" name="AppConfig_DefaultValues_ShouldBeSetCorrectly" />
    </UnitTest>
    <UnitTest name="FileContentRenamer.Tests.Services.FileServiceTests.ProcessFilesAsync_WithValidFiles_ShouldProcessFiles" storage="/users/santibraida/workspace/comprobantes/filecontentrenamer.tests/bin/debug/net9.0/filecontentrenamer.tests.dll" id="f0b07320-4d8e-00cc-a232-a17246b4be02">
      <Execution id="43300079-17be-4e90-9e8c-bb982590f9be" />
      <TestMethod codeBase="/Users/santibraida/Workspace/comprobantes/FileContentRenamer.Tests/bin/Debug/net9.0/FileContentRenamer.Tests.dll" adapterTypeName="executor://xunit/VsTestRunner3/netcore/" className="FileContentRenamer.Tests.Services.FileServiceTests" name="ProcessFilesAsync_WithValidFiles_ShouldProcessFiles" />
    </UnitTest>
    <UnitTest name="FileContentRenamer.Tests.Services.PdfProcessorTests.CanProcess_WithNonPdfExtension_ShouldReturnFalse(filename: &quot;test.txt&quot;)" storage="/users/santibraida/workspace/comprobantes/filecontentrenamer.tests/bin/debug/net9.0/filecontentrenamer.tests.dll" id="8031668c-d19b-b8db-0235-3b555a1ef3fc">
      <Execution id="29a7a5fb-17e9-4248-a710-2ca7832b649f" />
      <TestMethod codeBase="/Users/santibraida/Workspace/comprobantes/FileContentRenamer.Tests/bin/Debug/net9.0/FileContentRenamer.Tests.dll" adapterTypeName="executor://xunit/VsTestRunner3/netcore/" className="FileContentRenamer.Tests.Services.PdfProcessorTests" name="CanProcess_WithNonPdfExtension_ShouldReturnFalse" />
    </UnitTest>
    <UnitTest name="FileContentRenamer.Tests.Services.ImageProcessorTests.CanProcess_WithImageExtensionsDifferentCasing_ShouldReturnTrue(extension: &quot;.PNG&quot;)" storage="/users/santibraida/workspace/comprobantes/filecontentrenamer.tests/bin/debug/net9.0/filecontentrenamer.tests.dll" id="b8e09496-6d7b-6d6d-0f84-90360e0cb28c">
      <Execution id="cf33a9b7-7319-4bb7-929d-ee1005b14589" />
      <TestMethod codeBase="/Users/santibraida/Workspace/comprobantes/FileContentRenamer.Tests/bin/Debug/net9.0/FileContentRenamer.Tests.dll" adapterTypeName="executor://xunit/VsTestRunner3/netcore/" className="FileContentRenamer.Tests.Services.ImageProcessorTests" name="CanProcess_WithImageExtensionsDifferentCasing_ShouldReturnTrue" />
    </UnitTest>
    <UnitTest name="FileContentRenamer.Tests.Services.ImageProcessorTests.ExtractContentAsync_WithInvalidTesseractDataPath_ShouldReturnEmpty" storage="/users/santibraida/workspace/comprobantes/filecontentrenamer.tests/bin/debug/net9.0/filecontentrenamer.tests.dll" id="871d08c9-a126-7256-6ea3-61a20f361a2f">
      <Execution id="a17b5ab5-873a-4bcf-bbba-d009ec2d83b4" />
      <TestMethod codeBase="/Users/santibraida/Workspace/comprobantes/FileContentRenamer.Tests/bin/Debug/net9.0/FileContentRenamer.Tests.dll" adapterTypeName="executor://xunit/VsTestRunner3/netcore/" className="FileContentRenamer.Tests.Services.ImageProcessorTests" name="ExtractContentAsync_WithInvalidTesseractDataPath_ShouldReturnEmpty" />
    </UnitTest>
    <UnitTest name="FileContentRenamer.Tests.Services.DateExtractorTests.ExtractDateFromContent_WithVariousSpanishDates_ShouldReturnCorrectDates(content: &quot;15 de junio de 2025&quot;, expected: &quot;2025-06-15&quot;)" storage="/users/santibraida/workspace/comprobantes/filecontentrenamer.tests/bin/debug/net9.0/filecontentrenamer.tests.dll" id="aab26939-6c58-dafe-eca6-6d66c1372e38">
      <Execution id="40d380cf-a5be-4e2b-8b68-343b7c69c28e" />
      <TestMethod codeBase="/Users/santibraida/Workspace/comprobantes/FileContentRenamer.Tests/bin/Debug/net9.0/FileContentRenamer.Tests.dll" adapterTypeName="executor://xunit/VsTestRunner3/netcore/" className="FileContentRenamer.Tests.Services.DateExtractorTests" name="ExtractDateFromContent_WithVariousSpanishDates_ShouldReturnCorrectDates" />
    </UnitTest>
    <UnitTest name="FileContentRenamer.Tests.Models.NamingRuleTests.Matches_WithNullContent_ShouldReturnFalse" storage="/users/santibraida/workspace/comprobantes/filecontentrenamer.tests/bin/debug/net9.0/filecontentrenamer.tests.dll" id="154b1187-a8fe-288a-dff0-88f9c1f03683">
      <Execution id="0830f69a-9057-4cd9-a0b6-d64a92d105a6" />
      <TestMethod codeBase="/Users/santibraida/Workspace/comprobantes/FileContentRenamer.Tests/bin/Debug/net9.0/FileContentRenamer.Tests.dll" adapterTypeName="executor://xunit/VsTestRunner3/netcore/" className="FileContentRenamer.Tests.Models.NamingRuleTests" name="Matches_WithNullContent_ShouldReturnFalse" />
    </UnitTest>
    <UnitTest name="FileContentRenamer.Tests.Services.DateExtractorTests.ExtractDateFromContent_WithSpanishDateFormat_ShouldReturnCorrectDate" storage="/users/santibraida/workspace/comprobantes/filecontentrenamer.tests/bin/debug/net9.0/filecontentrenamer.tests.dll" id="8294d7f7-2da1-4ee0-8cd3-c37ff5907cd4">
      <Execution id="1eb6cb3a-5e0a-44b6-bab3-f5e09fb470d1" />
      <TestMethod codeBase="/Users/santibraida/Workspace/comprobantes/FileContentRenamer.Tests/bin/Debug/net9.0/FileContentRenamer.Tests.dll" adapterTypeName="executor://xunit/VsTestRunner3/netcore/" className="FileContentRenamer.Tests.Services.DateExtractorTests" name="ExtractDateFromContent_WithSpanishDateFormat_ShouldReturnCorrectDate" />
    </UnitTest>
    <UnitTest name="FileContentRenamer.Tests.Services.TextProcessorTests.ExtractContentAsync_WithEmptyFile_ShouldReturnEmptyString" storage="/users/santibraida/workspace/comprobantes/filecontentrenamer.tests/bin/debug/net9.0/filecontentrenamer.tests.dll" id="19ed11aa-a710-6873-89bb-77d5892f3032">
      <Execution id="32aaca16-d122-46f7-a698-7ff8f0f9da08" />
      <TestMethod codeBase="/Users/santibraida/Workspace/comprobantes/FileContentRenamer.Tests/bin/Debug/net9.0/FileContentRenamer.Tests.dll" adapterTypeName="executor://xunit/VsTestRunner3/netcore/" className="FileContentRenamer.Tests.Services.TextProcessorTests" name="ExtractContentAsync_WithEmptyFile_ShouldReturnEmptyString" />
    </UnitTest>
    <UnitTest name="FileContentRenamer.Tests.Models.NamingRulesTests.GenerateFilename_WithDateOverrideAndMinimalContent_ShouldUseDateOverride" storage="/users/santibraida/workspace/comprobantes/filecontentrenamer.tests/bin/debug/net9.0/filecontentrenamer.tests.dll" id="2ff40e02-cd90-e19e-c947-03dc2242a050">
      <Execution id="f11ab6aa-3d32-41bd-8eaa-715df3b8890d" />
      <TestMethod codeBase="/Users/santibraida/Workspace/comprobantes/FileContentRenamer.Tests/bin/Debug/net9.0/FileContentRenamer.Tests.dll" adapterTypeName="executor://xunit/VsTestRunner3/netcore/" className="FileContentRenamer.Tests.Models.NamingRulesTests" name="GenerateFilename_WithDateOverrideAndMinimalContent_ShouldUseDateOverride" />
    </UnitTest>
    <UnitTest name="FileContentRenamer.Tests.Services.PdfProcessorTests.ExtractContentAsync_WithNonExistentPdfFile_ShouldReturnEmptyString" storage="/users/santibraida/workspace/comprobantes/filecontentrenamer.tests/bin/debug/net9.0/filecontentrenamer.tests.dll" id="2c7c7876-b123-f6b1-1eae-db6f6476f552">
      <Execution id="87f1cc4a-e143-47bb-8909-be9d74501918" />
      <TestMethod codeBase="/Users/santibraida/Workspace/comprobantes/FileContentRenamer.Tests/bin/Debug/net9.0/FileContentRenamer.Tests.dll" adapterTypeName="executor://xunit/VsTestRunner3/netcore/" className="FileContentRenamer.Tests.Services.PdfProcessorTests" name="ExtractContentAsync_WithNonExistentPdfFile_ShouldReturnEmptyString" />
    </UnitTest>
    <UnitTest name="FileContentRenamer.Tests.Services.DirectoryOrganizerTests.IsInYearMonthStructure_WithNonExistentPath_ShouldReturnFalse" storage="/users/santibraida/workspace/comprobantes/filecontentrenamer.tests/bin/debug/net9.0/filecontentrenamer.tests.dll" id="e47068f5-ce83-2091-31a6-2a3fb625188b">
      <Execution id="2e4948c1-6718-4d6f-a882-ec780f676c51" />
      <TestMethod codeBase="/Users/santibraida/Workspace/comprobantes/FileContentRenamer.Tests/bin/Debug/net9.0/FileContentRenamer.Tests.dll" adapterTypeName="executor://xunit/VsTestRunner3/netcore/" className="FileContentRenamer.Tests.Services.DirectoryOrganizerTests" name="IsInYearMonthStructure_WithNonExistentPath_ShouldReturnFalse" />
    </UnitTest>
    <UnitTest name="FileContentRenamer.Tests.Services.ImageProcessorTests.Constructor_WithNullConfig_ShouldThrowArgumentNullException" storage="/users/santibraida/workspace/comprobantes/filecontentrenamer.tests/bin/debug/net9.0/filecontentrenamer.tests.dll" id="b4180071-1e06-f3bd-f0e2-c5c49975b30c">
      <Execution id="ee1c6577-9c8f-40d5-b253-db76c955e91f" />
      <TestMethod codeBase="/Users/santibraida/Workspace/comprobantes/FileContentRenamer.Tests/bin/Debug/net9.0/FileContentRenamer.Tests.dll" adapterTypeName="executor://xunit/VsTestRunner3/netcore/" className="FileContentRenamer.Tests.Services.ImageProcessorTests" name="Constructor_WithNullConfig_ShouldThrowArgumentNullException" />
    </UnitTest>
    <UnitTest name="FileContentRenamer.Tests.Services.PdfProcessorTests.ExtractContentAsync_WithCorruptedPdfFile_ShouldReturnEmptyString" storage="/users/santibraida/workspace/comprobantes/filecontentrenamer.tests/bin/debug/net9.0/filecontentrenamer.tests.dll" id="f3287b07-b05f-116b-412b-e12a39926f98">
      <Execution id="c8fdb433-0e72-4379-932c-9910872ef9aa" />
      <TestMethod codeBase="/Users/santibraida/Workspace/comprobantes/FileContentRenamer.Tests/bin/Debug/net9.0/FileContentRenamer.Tests.dll" adapterTypeName="executor://xunit/VsTestRunner3/netcore/" className="FileContentRenamer.Tests.Services.PdfProcessorTests" name="ExtractContentAsync_WithCorruptedPdfFile_ShouldReturnEmptyString" />
    </UnitTest>
    <UnitTest name="FileContentRenamer.Tests.Services.DateExtractorTests.ExtractDateFromFilename_WithVariousValidFormats_ShouldReturnCorrectDates(filename: &quot;invoice_2025-06-15_bank&quot;, expected: &quot;2025-06-15&quot;)" storage="/users/santibraida/workspace/comprobantes/filecontentrenamer.tests/bin/debug/net9.0/filecontentrenamer.tests.dll" id="62f5d1dd-bd59-22f3-6b49-8433f76fa54e">
      <Execution id="4a13d628-b59d-4f82-bc5c-37b5692a72fd" />
      <TestMethod codeBase="/Users/santibraida/Workspace/comprobantes/FileContentRenamer.Tests/bin/Debug/net9.0/FileContentRenamer.Tests.dll" adapterTypeName="executor://xunit/VsTestRunner3/netcore/" className="FileContentRenamer.Tests.Services.DateExtractorTests" name="ExtractDateFromFilename_WithVariousValidFormats_ShouldReturnCorrectDates" />
    </UnitTest>
    <UnitTest name="FileContentRenamer.Tests.Services.ImageProcessorTests.ExtractContentAsync_WithNonExistentFile_ShouldReturnEmptyString" storage="/users/santibraida/workspace/comprobantes/filecontentrenamer.tests/bin/debug/net9.0/filecontentrenamer.tests.dll" id="2096051f-0719-d6b7-7ba6-a9c6fbdaed26">
      <Execution id="fff53653-beca-4a46-86ac-6346acb2ea64" />
      <TestMethod codeBase="/Users/santibraida/Workspace/comprobantes/FileContentRenamer.Tests/bin/Debug/net9.0/FileContentRenamer.Tests.dll" adapterTypeName="executor://xunit/VsTestRunner3/netcore/" className="FileContentRenamer.Tests.Services.ImageProcessorTests" name="ExtractContentAsync_WithNonExistentFile_ShouldReturnEmptyString" />
    </UnitTest>
    <UnitTest name="FileContentRenamer.Tests.Services.ImageProcessorTests.CanProcess_WithImageExtensions_ShouldReturnTrue(extension: &quot;.jpg&quot;)" storage="/users/santibraida/workspace/comprobantes/filecontentrenamer.tests/bin/debug/net9.0/filecontentrenamer.tests.dll" id="0879aeff-9eea-f072-4fd3-f308a5ff4abd">
      <Execution id="7a4b35b6-da49-4a23-b578-bc0883d65deb" />
      <TestMethod codeBase="/Users/santibraida/Workspace/comprobantes/FileContentRenamer.Tests/bin/Debug/net9.0/FileContentRenamer.Tests.dll" adapterTypeName="executor://xunit/VsTestRunner3/netcore/" className="FileContentRenamer.Tests.Services.ImageProcessorTests" name="CanProcess_WithImageExtensions_ShouldReturnTrue" />
    </UnitTest>
    <UnitTest name="FileContentRenamer.Tests.Services.TextProcessorTests.CanProcess_WithTxtExtensionDifferentCasing_ShouldReturnTrue(filename: &quot;test.TXT&quot;)" storage="/users/santibraida/workspace/comprobantes/filecontentrenamer.tests/bin/debug/net9.0/filecontentrenamer.tests.dll" id="66363822-7849-72a3-af25-779ac72e5857">
      <Execution id="ff50400c-5532-4ef9-9129-4f8813b95513" />
      <TestMethod codeBase="/Users/santibraida/Workspace/comprobantes/FileContentRenamer.Tests/bin/Debug/net9.0/FileContentRenamer.Tests.dll" adapterTypeName="executor://xunit/VsTestRunner3/netcore/" className="FileContentRenamer.Tests.Services.TextProcessorTests" name="CanProcess_WithTxtExtensionDifferentCasing_ShouldReturnTrue" />
    </UnitTest>
    <UnitTest name="FileContentRenamer.Tests.Services.DirectoryOrganizerTests.OrganizeFileIntoDirectoryStructure_WithValidDate_ShouldCreateStructureAndMoveFile" storage="/users/santibraida/workspace/comprobantes/filecontentrenamer.tests/bin/debug/net9.0/filecontentrenamer.tests.dll" id="8f2c1c6f-2d06-5c80-db10-fbc31b9e4155">
      <Execution id="71635e84-9ec5-4551-a60b-a4288ec01c44" />
      <TestMethod codeBase="/Users/santibraida/Workspace/comprobantes/FileContentRenamer.Tests/bin/Debug/net9.0/FileContentRenamer.Tests.dll" adapterTypeName="executor://xunit/VsTestRunner3/netcore/" className="FileContentRenamer.Tests.Services.DirectoryOrganizerTests" name="OrganizeFileIntoDirectoryStructure_WithValidDate_ShouldCreateStructureAndMoveFile" />
    </UnitTest>
    <UnitTest name="FileContentRenamer.Tests.Services.DirectoryOrganizerTests.GetMonthName_WithValidMonth_ShouldReturnSpanishName(monthNumber: 8, expected: &quot;agosto&quot;)" storage="/users/santibraida/workspace/comprobantes/filecontentrenamer.tests/bin/debug/net9.0/filecontentrenamer.tests.dll" id="3a8b252e-af29-2782-c8cf-4c2dc2637787">
      <Execution id="e726a084-1e6b-429b-a08e-705dd3ccb5b6" />
      <TestMethod codeBase="/Users/santibraida/Workspace/comprobantes/FileContentRenamer.Tests/bin/Debug/net9.0/FileContentRenamer.Tests.dll" adapterTypeName="executor://xunit/VsTestRunner3/netcore/" className="FileContentRenamer.Tests.Services.DirectoryOrganizerTests" name="GetMonthName_WithValidMonth_ShouldReturnSpanishName" />
    </UnitTest>
    <UnitTest name="FileContentRenamer.Tests.Services.DateExtractorTests.ExtractDateFromFilename_WithInvalidFormat_ShouldReturnEmptyString" storage="/users/santibraida/workspace/comprobantes/filecontentrenamer.tests/bin/debug/net9.0/filecontentrenamer.tests.dll" id="013af074-e0c5-bb27-30f4-779070d7fe10">
      <Execution id="3669e049-f4c9-49b6-944d-774f1397a721" />
      <TestMethod codeBase="/Users/santibraida/Workspace/comprobantes/FileContentRenamer.Tests/bin/Debug/net9.0/FileContentRenamer.Tests.dll" adapterTypeName="executor://xunit/VsTestRunner3/netcore/" className="FileContentRenamer.Tests.Services.DateExtractorTests" name="ExtractDateFromFilename_WithInvalidFormat_ShouldReturnEmptyString" />
    </UnitTest>
    <UnitTest name="FileContentRenamer.Tests.Services.ImageProcessorTests.ExtractContentAsync_WithEmptyFile_ShouldReturnEmptyString" storage="/users/santibraida/workspace/comprobantes/filecontentrenamer.tests/bin/debug/net9.0/filecontentrenamer.tests.dll" id="7eff9737-dcfc-63b6-3d57-04bd941b7068">
      <Execution id="50d3c2eb-41d1-4c54-a7a5-49881092a587" />
      <TestMethod codeBase="/Users/santibraida/Workspace/comprobantes/FileContentRenamer.Tests/bin/Debug/net9.0/FileContentRenamer.Tests.dll" adapterTypeName="executor://xunit/VsTestRunner3/netcore/" className="FileContentRenamer.Tests.Services.ImageProcessorTests" name="ExtractContentAsync_WithEmptyFile_ShouldReturnEmptyString" />
    </UnitTest>
    <UnitTest name="FileContentRenamer.Tests.Services.FilenameGeneratorTests.GenerateUniqueFilename_ThreadSafety_ShouldHandleConcurrentCalls" storage="/users/santibraida/workspace/comprobantes/filecontentrenamer.tests/bin/debug/net9.0/filecontentrenamer.tests.dll" id="1a12a91e-b03d-45d3-fd2d-061c9630072a">
      <Execution id="3ed42ffe-992a-411c-905b-59661d8e1626" />
      <TestMethod codeBase="/Users/santibraida/Workspace/comprobantes/FileContentRenamer.Tests/bin/Debug/net9.0/FileContentRenamer.Tests.dll" adapterTypeName="executor://xunit/VsTestRunner3/netcore/" className="FileContentRenamer.Tests.Services.FilenameGeneratorTests" name="GenerateUniqueFilename_ThreadSafety_ShouldHandleConcurrentCalls" />
    </UnitTest>
    <UnitTest name="FileContentRenamer.Tests.Services.FilenameGeneratorTests.CleanupFileName_WithVariousInputs_ShouldReturnCleanedName(input: &quot;&quot;, expected: &quot;unknown_file&quot;)" storage="/users/santibraida/workspace/comprobantes/filecontentrenamer.tests/bin/debug/net9.0/filecontentrenamer.tests.dll" id="b3f5716b-ac2d-a73d-5199-29412e45cde1">
      <Execution id="885b6385-49c8-4e69-9c9a-7e5768bc735e" />
      <TestMethod codeBase="/Users/santibraida/Workspace/comprobantes/FileContentRenamer.Tests/bin/Debug/net9.0/FileContentRenamer.Tests.dll" adapterTypeName="executor://xunit/VsTestRunner3/netcore/" className="FileContentRenamer.Tests.Services.FilenameGeneratorTests" name="CleanupFileName_WithVariousInputs_ShouldReturnCleanedName" />
    </UnitTest>
    <UnitTest name="FileContentRenamer.Tests.Services.DirectoryOrganizerTests.GetMonthName_WithInvalidMonth_ShouldReturnUnknown(monthNumber: 0)" storage="/users/santibraida/workspace/comprobantes/filecontentrenamer.tests/bin/debug/net9.0/filecontentrenamer.tests.dll" id="032ef3ac-363e-da8d-efab-865406d6fd71">
      <Execution id="6275ea6a-3384-452e-a392-97af00550ede" />
      <TestMethod codeBase="/Users/santibraida/Workspace/comprobantes/FileContentRenamer.Tests/bin/Debug/net9.0/FileContentRenamer.Tests.dll" adapterTypeName="executor://xunit/VsTestRunner3/netcore/" className="FileContentRenamer.Tests.Services.DirectoryOrganizerTests" name="GetMonthName_WithInvalidMonth_ShouldReturnUnknown" />
    </UnitTest>
    <UnitTest name="FileContentRenamer.Tests.Services.DirectoryOrganizerTests.OrganizeFileIntoDirectoryStructure_WithDuplicateFile_ShouldCreateUniqueFilename" storage="/users/santibraida/workspace/comprobantes/filecontentrenamer.tests/bin/debug/net9.0/filecontentrenamer.tests.dll" id="8ff3c0db-187d-d0d0-7eb2-736414974987">
      <Execution id="0e1cf2e2-088a-4624-8894-dce10be67de1" />
      <TestMethod codeBase="/Users/santibraida/Workspace/comprobantes/FileContentRenamer.Tests/bin/Debug/net9.0/FileContentRenamer.Tests.dll" adapterTypeName="executor://xunit/VsTestRunner3/netcore/" className="FileContentRenamer.Tests.Services.DirectoryOrganizerTests" name="OrganizeFileIntoDirectoryStructure_WithDuplicateFile_ShouldCreateUniqueFilename" />
    </UnitTest>
    <UnitTest name="FileContentRenamer.Tests.Services.TextProcessorTests.ExtractContentAsync_WithOnlyWhitespace_ShouldReturnWhitespace" storage="/users/santibraida/workspace/comprobantes/filecontentrenamer.tests/bin/debug/net9.0/filecontentrenamer.tests.dll" id="33f7c76c-bb78-6b08-abcd-e808bcbcf4f9">
      <Execution id="00d2a845-928a-4cf0-b923-3e4fa5354b65" />
      <TestMethod codeBase="/Users/santibraida/Workspace/comprobantes/FileContentRenamer.Tests/bin/Debug/net9.0/FileContentRenamer.Tests.dll" adapterTypeName="executor://xunit/VsTestRunner3/netcore/" className="FileContentRenamer.Tests.Services.TextProcessorTests" name="ExtractContentAsync_WithOnlyWhitespace_ShouldReturnWhitespace" />
    </UnitTest>
    <UnitTest name="FileContentRenamer.Tests.Services.FileValidatorTests.ValidateConfiguration_WithNullFileExtensions_ShouldReturnFalse" storage="/users/santibraida/workspace/comprobantes/filecontentrenamer.tests/bin/debug/net9.0/filecontentrenamer.tests.dll" id="6cb1a840-6047-af3c-c464-8f4bf5b097d2">
      <Execution id="a92f74ee-f25d-4cd3-b77a-3a3423bf0a39" />
      <TestMethod codeBase="/Users/santibraida/Workspace/comprobantes/FileContentRenamer.Tests/bin/Debug/net9.0/FileContentRenamer.Tests.dll" adapterTypeName="executor://xunit/VsTestRunner3/netcore/" className="FileContentRenamer.Tests.Services.FileValidatorTests" name="ValidateConfiguration_WithNullFileExtensions_ShouldReturnFalse" />
    </UnitTest>
    <UnitTest name="FileContentRenamer.Tests.Services.FilenameGeneratorTests.IsAlreadyNamedFilename_WithValidFormats_ShouldReturnTrue(filename: &quot;service_2024-03-15_payment&quot;)" storage="/users/santibraida/workspace/comprobantes/filecontentrenamer.tests/bin/debug/net9.0/filecontentrenamer.tests.dll" id="fd75bf1b-7547-e469-5bac-5caae1974719">
      <Execution id="7042f4fb-55de-429b-ae57-4772fd01d0cc" />
      <TestMethod codeBase="/Users/santibraida/Workspace/comprobantes/FileContentRenamer.Tests/bin/Debug/net9.0/FileContentRenamer.Tests.dll" adapterTypeName="executor://xunit/VsTestRunner3/netcore/" className="FileContentRenamer.Tests.Services.FilenameGeneratorTests" name="IsAlreadyNamedFilename_WithValidFormats_ShouldReturnTrue" />
    </UnitTest>
    <UnitTest name="FileContentRenamer.Tests.Services.FileValidatorTests.ValidateFileSize_WithLargeFile_ShouldLogWarning" storage="/users/santibraida/workspace/comprobantes/filecontentrenamer.tests/bin/debug/net9.0/filecontentrenamer.tests.dll" id="4cd48cba-1ee4-9efa-c790-541706c3159b">
      <Execution id="98be0a58-2392-40c3-9755-f47bc4c0b19b" />
      <TestMethod codeBase="/Users/santibraida/Workspace/comprobantes/FileContentRenamer.Tests/bin/Debug/net9.0/FileContentRenamer.Tests.dll" adapterTypeName="executor://xunit/VsTestRunner3/netcore/" className="FileContentRenamer.Tests.Services.FileValidatorTests" name="ValidateFileSize_WithLargeFile_ShouldLogWarning" />
    </UnitTest>
    <UnitTest name="FileContentRenamer.Tests.Models.AppConfigTests.LoadFromConfiguration_WithPartialConfig_ShouldUseDefaultsForMissingValues" storage="/users/santibraida/workspace/comprobantes/filecontentrenamer.tests/bin/debug/net9.0/filecontentrenamer.tests.dll" id="6547cbe5-cb2c-b29f-9137-0cf0b96d8b18">
      <Execution id="e9c28f15-b06c-4a38-977d-4ae5bebacb10" />
      <TestMethod codeBase="/Users/santibraida/Workspace/comprobantes/FileContentRenamer.Tests/bin/Debug/net9.0/FileContentRenamer.Tests.dll" adapterTypeName="executor://xunit/VsTestRunner3/netcore/" className="FileContentRenamer.Tests.Models.AppConfigTests" name="LoadFromConfiguration_WithPartialConfig_ShouldUseDefaultsForMissingValues" />
    </UnitTest>
    <UnitTest name="FileContentRenamer.Tests.Services.PdfProcessorTests.CanProcess_WithPdfExtensionDifferentCasing_ShouldReturnTrue(filename: &quot;test.PDF&quot;)" storage="/users/santibraida/workspace/comprobantes/filecontentrenamer.tests/bin/debug/net9.0/filecontentrenamer.tests.dll" id="6d7a483b-6c01-6e31-c6bf-ec0c2f6ad577">
      <Execution id="ac3da58e-1a95-4304-b5e6-e535dad4e23a" />
      <TestMethod codeBase="/Users/santibraida/Workspace/comprobantes/FileContentRenamer.Tests/bin/Debug/net9.0/FileContentRenamer.Tests.dll" adapterTypeName="executor://xunit/VsTestRunner3/netcore/" className="FileContentRenamer.Tests.Services.PdfProcessorTests" name="CanProcess_WithPdfExtensionDifferentCasing_ShouldReturnTrue" />
    </UnitTest>
    <UnitTest name="FileContentRenamer.Tests.Services.FileValidatorTests.ValidateFileSize_WithEmptyFile_ShouldLogWarning" storage="/users/santibraida/workspace/comprobantes/filecontentrenamer.tests/bin/debug/net9.0/filecontentrenamer.tests.dll" id="62c33e58-2f83-26ac-2ae0-9b8229cc93ab">
      <Execution id="22629992-547f-4cfa-9bfa-2284f60ed381" />
      <TestMethod codeBase="/Users/santibraida/Workspace/comprobantes/FileContentRenamer.Tests/bin/Debug/net9.0/FileContentRenamer.Tests.dll" adapterTypeName="executor://xunit/VsTestRunner3/netcore/" className="FileContentRenamer.Tests.Services.FileValidatorTests" name="ValidateFileSize_WithEmptyFile_ShouldLogWarning" />
    </UnitTest>
    <UnitTest name="FileContentRenamer.Tests.Services.FileServiceTests.ProcessFilesAsync_WithNoFiles_ShouldCompleteSuccessfully" storage="/users/santibraida/workspace/comprobantes/filecontentrenamer.tests/bin/debug/net9.0/filecontentrenamer.tests.dll" id="0fcf9b9b-b820-ecc4-eb7d-d476c5dd956f">
      <Execution id="ba7baa52-d433-40bd-9bb3-c48d9abab426" />
      <TestMethod codeBase="/Users/santibraida/Workspace/comprobantes/FileContentRenamer.Tests/bin/Debug/net9.0/FileContentRenamer.Tests.dll" adapterTypeName="executor://xunit/VsTestRunner3/netcore/" className="FileContentRenamer.Tests.Services.FileServiceTests" name="ProcessFilesAsync_WithNoFiles_ShouldCompleteSuccessfully" />
    </UnitTest>
    <UnitTest name="FileContentRenamer.Tests.Services.FileValidatorTests.ValidateConfiguration_WithNonExistentBasePath_ShouldReturnFalse" storage="/users/santibraida/workspace/comprobantes/filecontentrenamer.tests/bin/debug/net9.0/filecontentrenamer.tests.dll" id="cf2ff463-604f-4bdf-13f9-b9c49d510424">
      <Execution id="137bcb92-3bdc-4359-8fca-304ffc6e79e1" />
      <TestMethod codeBase="/Users/santibraida/Workspace/comprobantes/FileContentRenamer.Tests/bin/Debug/net9.0/FileContentRenamer.Tests.dll" adapterTypeName="executor://xunit/VsTestRunner3/netcore/" className="FileContentRenamer.Tests.Services.FileValidatorTests" name="ValidateConfiguration_WithNonExistentBasePath_ShouldReturnFalse" />
    </UnitTest>
    <UnitTest name="FileContentRenamer.Tests.Services.FileValidatorTests.ValidateFileSize_WithNonExistentFile_ShouldNotThrow" storage="/users/santibraida/workspace/comprobantes/filecontentrenamer.tests/bin/debug/net9.0/filecontentrenamer.tests.dll" id="a8222741-473a-8061-b947-f4446415fedc">
      <Execution id="97e3ac34-15bb-4b9b-bf6a-d908627ab2ea" />
      <TestMethod codeBase="/Users/santibraida/Workspace/comprobantes/FileContentRenamer.Tests/bin/Debug/net9.0/FileContentRenamer.Tests.dll" adapterTypeName="executor://xunit/VsTestRunner3/netcore/" className="FileContentRenamer.Tests.Services.FileValidatorTests" name="ValidateFileSize_WithNonExistentFile_ShouldNotThrow" />
    </UnitTest>
    <UnitTest name="FileContentRenamer.Tests.Services.DirectoryOrganizerTests.OrganizeFileIntoDirectoryStructure_AlreadyInYearFolder_ShouldMoveToMonthFolder" storage="/users/santibraida/workspace/comprobantes/filecontentrenamer.tests/bin/debug/net9.0/filecontentrenamer.tests.dll" id="7fc03f6c-44c6-760a-ff15-5a01859458b0">
      <Execution id="fff547e1-105a-4ac5-8db7-66a880c21aaa" />
      <TestMethod codeBase="/Users/santibraida/Workspace/comprobantes/FileContentRenamer.Tests/bin/Debug/net9.0/FileContentRenamer.Tests.dll" adapterTypeName="executor://xunit/VsTestRunner3/netcore/" className="FileContentRenamer.Tests.Services.DirectoryOrganizerTests" name="OrganizeFileIntoDirectoryStructure_AlreadyInYearFolder_ShouldMoveToMonthFolder" />
    </UnitTest>
    <UnitTest name="FileContentRenamer.Tests.Services.PdfProcessorTests.ExtractContentAsync_WithEmptyFile_ShouldReturnEmptyString" storage="/users/santibraida/workspace/comprobantes/filecontentrenamer.tests/bin/debug/net9.0/filecontentrenamer.tests.dll" id="3ef96430-2ab3-5a48-be56-e156f8c42b82">
      <Execution id="7081878f-bd45-457f-ba7c-8c63bee09e4a" />
      <TestMethod codeBase="/Users/santibraida/Workspace/comprobantes/FileContentRenamer.Tests/bin/Debug/net9.0/FileContentRenamer.Tests.dll" adapterTypeName="executor://xunit/VsTestRunner3/netcore/" className="FileContentRenamer.Tests.Services.PdfProcessorTests" name="ExtractContentAsync_WithEmptyFile_ShouldReturnEmptyString" />
    </UnitTest>
    <UnitTest name="FileContentRenamer.Tests.Services.FileValidatorTests.ShouldSkipAlreadyNamedFile_WithForceReprocessEnabled_ShouldReturnFalse" storage="/users/santibraida/workspace/comprobantes/filecontentrenamer.tests/bin/debug/net9.0/filecontentrenamer.tests.dll" id="0d10a7ac-0e5b-dd5d-82c4-53603840d067">
      <Execution id="46428dcd-92f4-46a7-b6c3-f79978f86970" />
      <TestMethod codeBase="/Users/santibraida/Workspace/comprobantes/FileContentRenamer.Tests/bin/Debug/net9.0/FileContentRenamer.Tests.dll" adapterTypeName="executor://xunit/VsTestRunner3/netcore/" className="FileContentRenamer.Tests.Services.FileValidatorTests" name="ShouldSkipAlreadyNamedFile_WithForceReprocessEnabled_ShouldReturnFalse" />
    </UnitTest>
    <UnitTest name="FileContentRenamer.Tests.Models.NamingRuleTests.Matches_WithAllKeywordsPresent_ShouldReturnTrue" storage="/users/santibraida/workspace/comprobantes/filecontentrenamer.tests/bin/debug/net9.0/filecontentrenamer.tests.dll" id="be38a0d7-e0e2-fccd-c5e6-b3a3fded648e">
      <Execution id="b584a49e-624e-41bf-b696-9459df775a7d" />
      <TestMethod codeBase="/Users/santibraida/Workspace/comprobantes/FileContentRenamer.Tests/bin/Debug/net9.0/FileContentRenamer.Tests.dll" adapterTypeName="executor://xunit/VsTestRunner3/netcore/" className="FileContentRenamer.Tests.Models.NamingRuleTests" name="Matches_WithAllKeywordsPresent_ShouldReturnTrue" />
    </UnitTest>
    <UnitTest name="FileContentRenamer.Tests.Services.FileValidatorTests.ShouldProcessFile_WithDifferentCasing_ShouldBeCaseInsensitive(filename: &quot;test.pDf&quot;)" storage="/users/santibraida/workspace/comprobantes/filecontentrenamer.tests/bin/debug/net9.0/filecontentrenamer.tests.dll" id="77219b7a-0f6b-514e-c829-c9674c2f30c4">
      <Execution id="6226528f-f29c-44e6-b86a-195a4011cc6b" />
      <TestMethod codeBase="/Users/santibraida/Workspace/comprobantes/FileContentRenamer.Tests/bin/Debug/net9.0/FileContentRenamer.Tests.dll" adapterTypeName="executor://xunit/VsTestRunner3/netcore/" className="FileContentRenamer.Tests.Services.FileValidatorTests" name="ShouldProcessFile_WithDifferentCasing_ShouldBeCaseInsensitive" />
    </UnitTest>
    <UnitTest name="FileContentRenamer.Tests.Services.FileServiceTests.ProcessFilesAsync_WithException_ShouldContinueProcessing" storage="/users/santibraida/workspace/comprobantes/filecontentrenamer.tests/bin/debug/net9.0/filecontentrenamer.tests.dll" id="52b61247-c43f-6660-c9e8-5fe03f0a7cdc">
      <Execution id="42ff4a99-ee57-4665-afbf-d0860b974feb" />
      <TestMethod codeBase="/Users/santibraida/Workspace/comprobantes/FileContentRenamer.Tests/bin/Debug/net9.0/FileContentRenamer.Tests.dll" adapterTypeName="executor://xunit/VsTestRunner3/netcore/" className="FileContentRenamer.Tests.Services.FileServiceTests" name="ProcessFilesAsync_WithException_ShouldContinueProcessing" />
    </UnitTest>
    <UnitTest name="FileContentRenamer.Tests.Models.AppConfigTests.SaveLastUsedPath_ShouldUpdateConfigFile" storage="/users/santibraida/workspace/comprobantes/filecontentrenamer.tests/bin/debug/net9.0/filecontentrenamer.tests.dll" id="f7bbc740-e3de-3780-77bc-e74850eb0f4f">
      <Execution id="126a3e6a-9c1d-47d4-9670-4287de27afda" />
      <TestMethod codeBase="/Users/santibraida/Workspace/comprobantes/FileContentRenamer.Tests/bin/Debug/net9.0/FileContentRenamer.Tests.dll" adapterTypeName="executor://xunit/VsTestRunner3/netcore/" className="FileContentRenamer.Tests.Models.AppConfigTests" name="SaveLastUsedPath_ShouldUpdateConfigFile" />
    </UnitTest>
    <UnitTest name="FileContentRenamer.Tests.Services.ImageProcessorTests.CanProcess_WithNonImageExtension_ShouldReturnFalse(extension: &quot;.txt&quot;)" storage="/users/santibraida/workspace/comprobantes/filecontentrenamer.tests/bin/debug/net9.0/filecontentrenamer.tests.dll" id="5f70f144-9947-887e-d6e7-1aeb2f4f79bb">
      <Execution id="944a447c-41dd-409a-b872-b3f393828640" />
      <TestMethod codeBase="/Users/santibraida/Workspace/comprobantes/FileContentRenamer.Tests/bin/Debug/net9.0/FileContentRenamer.Tests.dll" adapterTypeName="executor://xunit/VsTestRunner3/netcore/" className="FileContentRenamer.Tests.Services.ImageProcessorTests" name="CanProcess_WithNonImageExtension_ShouldReturnFalse" />
    </UnitTest>
    <UnitTest name="FileContentRenamer.Tests.Services.FilenameGeneratorTests.CleanupFileName_WithVariousInputs_ShouldReturnCleanedName(input: &quot;__file__name__&quot;, expected: &quot;file_name&quot;)" storage="/users/santibraida/workspace/comprobantes/filecontentrenamer.tests/bin/debug/net9.0/filecontentrenamer.tests.dll" id="99010084-55ec-2d67-80ac-70f30d045fef">
      <Execution id="98c874a5-e2bf-44bd-9d4f-42dee5c1834a" />
      <TestMethod codeBase="/Users/santibraida/Workspace/comprobantes/FileContentRenamer.Tests/bin/Debug/net9.0/FileContentRenamer.Tests.dll" adapterTypeName="executor://xunit/VsTestRunner3/netcore/" className="FileContentRenamer.Tests.Services.FilenameGeneratorTests" name="CleanupFileName_WithVariousInputs_ShouldReturnCleanedName" />
    </UnitTest>
    <UnitTest name="FileContentRenamer.Tests.Configuration.ServiceConfigurationTests.ConfigureServices_ShouldRegisterFileProcessors" storage="/users/santibraida/workspace/comprobantes/filecontentrenamer.tests/bin/debug/net9.0/filecontentrenamer.tests.dll" id="85677dc2-59d0-24ec-6909-57399a83a6f9">
      <Execution id="36cb1daf-05fc-478d-8488-a4b4751f7512" />
      <TestMethod codeBase="/Users/santibraida/Workspace/comprobantes/FileContentRenamer.Tests/bin/Debug/net9.0/FileContentRenamer.Tests.dll" adapterTypeName="executor://xunit/VsTestRunner3/netcore/" className="FileContentRenamer.Tests.Configuration.ServiceConfigurationTests" name="ConfigureServices_ShouldRegisterFileProcessors" />
    </UnitTest>
    <UnitTest name="FileContentRenamer.Tests.Configuration.ServiceConfigurationTests.ConfigureServices_ShouldRegisterAllServices" storage="/users/santibraida/workspace/comprobantes/filecontentrenamer.tests/bin/debug/net9.0/filecontentrenamer.tests.dll" id="ff7c2091-3327-e767-4933-31644bd21f67">
      <Execution id="96fb8099-d9d4-4f45-879b-b5f73897fdde" />
      <TestMethod codeBase="/Users/santibraida/Workspace/comprobantes/FileContentRenamer.Tests/bin/Debug/net9.0/FileContentRenamer.Tests.dll" adapterTypeName="executor://xunit/VsTestRunner3/netcore/" className="FileContentRenamer.Tests.Configuration.ServiceConfigurationTests" name="ConfigureServices_ShouldRegisterAllServices" />
    </UnitTest>
    <UnitTest name="FileContentRenamer.Tests.Services.DirectoryOrganizerTests.GetMonthName_WithValidMonth_ShouldReturnSpanishName(monthNumber: 7, expected: &quot;julio&quot;)" storage="/users/santibraida/workspace/comprobantes/filecontentrenamer.tests/bin/debug/net9.0/filecontentrenamer.tests.dll" id="824839a8-20c1-e236-c120-b27a5f944d83">
      <Execution id="7673c319-cd44-4a5f-ab62-495eb2fe2e4e" />
      <TestMethod codeBase="/Users/santibraida/Workspace/comprobantes/FileContentRenamer.Tests/bin/Debug/net9.0/FileContentRenamer.Tests.dll" adapterTypeName="executor://xunit/VsTestRunner3/netcore/" className="FileContentRenamer.Tests.Services.DirectoryOrganizerTests" name="GetMonthName_WithValidMonth_ShouldReturnSpanishName" />
    </UnitTest>
    <UnitTest name="FileContentRenamer.Tests.Services.FileServiceTests.ProcessFilesAsync_WithNoProcessorAvailable_ShouldSkipFile" storage="/users/santibraida/workspace/comprobantes/filecontentrenamer.tests/bin/debug/net9.0/filecontentrenamer.tests.dll" id="4bf9f205-774f-fb42-8d24-b7d8013c94d1">
      <Execution id="ad10b746-ff13-49ed-b1dc-d041c429e900" />
      <TestMethod codeBase="/Users/santibraida/Workspace/comprobantes/FileContentRenamer.Tests/bin/Debug/net9.0/FileContentRenamer.Tests.dll" adapterTypeName="executor://xunit/VsTestRunner3/netcore/" className="FileContentRenamer.Tests.Services.FileServiceTests" name="ProcessFilesAsync_WithNoProcessorAvailable_ShouldSkipFile" />
    </UnitTest>
    <UnitTest name="FileContentRenamer.Tests.Services.DirectoryOrganizerTests.OrganizeFileIntoDirectoryStructure_WithMultipleDuplicates_ShouldCreateUniqueFilename" storage="/users/santibraida/workspace/comprobantes/filecontentrenamer.tests/bin/debug/net9.0/filecontentrenamer.tests.dll" id="f567e5a6-a665-67c2-8449-b66348dc3570">
      <Execution id="b26f65a1-224f-4646-902d-707a999bc350" />
      <TestMethod codeBase="/Users/santibraida/Workspace/comprobantes/FileContentRenamer.Tests/bin/Debug/net9.0/FileContentRenamer.Tests.dll" adapterTypeName="executor://xunit/VsTestRunner3/netcore/" className="FileContentRenamer.Tests.Services.DirectoryOrganizerTests" name="OrganizeFileIntoDirectoryStructure_WithMultipleDuplicates_ShouldCreateUniqueFilename" />
    </UnitTest>
    <UnitTest name="FileContentRenamer.Tests.Services.FileServiceTests.ProcessFilesAsync_WithSubdirectories_ShouldProcessAllFiles" storage="/users/santibraida/workspace/comprobantes/filecontentrenamer.tests/bin/debug/net9.0/filecontentrenamer.tests.dll" id="1f6f6946-e988-6d1a-ad4a-0a9338273d33">
      <Execution id="cceae898-fd06-4d4c-853b-04d4fa3e06e9" />
      <TestMethod codeBase="/Users/santibraida/Workspace/comprobantes/FileContentRenamer.Tests/bin/Debug/net9.0/FileContentRenamer.Tests.dll" adapterTypeName="executor://xunit/VsTestRunner3/netcore/" className="FileContentRenamer.Tests.Services.FileServiceTests" name="ProcessFilesAsync_WithSubdirectories_ShouldProcessAllFiles" />
    </UnitTest>
    <UnitTest name="FileContentRenamer.Tests.Services.FileValidatorTests.ShouldProcessFile_WithNullPath_ShouldReturnFalse" storage="/users/santibraida/workspace/comprobantes/filecontentrenamer.tests/bin/debug/net9.0/filecontentrenamer.tests.dll" id="67877ab3-cd79-0712-f2c5-84dba6ba53b5">
      <Execution id="481d6694-ced9-49fb-9419-ef7727aaddd1" />
      <TestMethod codeBase="/Users/santibraida/Workspace/comprobantes/FileContentRenamer.Tests/bin/Debug/net9.0/FileContentRenamer.Tests.dll" adapterTypeName="executor://xunit/VsTestRunner3/netcore/" className="FileContentRenamer.Tests.Services.FileValidatorTests" name="ShouldProcessFile_WithNullPath_ShouldReturnFalse" />
    </UnitTest>
    <UnitTest name="FileContentRenamer.Tests.Models.NamingRuleTests.Matches_WithCaseInsensitiveKeywords_ShouldReturnTrue" storage="/users/santibraida/workspace/comprobantes/filecontentrenamer.tests/bin/debug/net9.0/filecontentrenamer.tests.dll" id="eda4a5c5-8fa3-8699-5242-449863672e55">
      <Execution id="2dc477a3-8406-47f0-abfd-d7a281f1294b" />
      <TestMethod codeBase="/Users/santibraida/Workspace/comprobantes/FileContentRenamer.Tests/bin/Debug/net9.0/FileContentRenamer.Tests.dll" adapterTypeName="executor://xunit/VsTestRunner3/netcore/" className="FileContentRenamer.Tests.Models.NamingRuleTests" name="Matches_WithCaseInsensitiveKeywords_ShouldReturnTrue" />
    </UnitTest>
    <UnitTest name="FileContentRenamer.Tests.Models.AppConfigTests.LoadFromConfiguration_WithValidConfigFile_ShouldLoadCorrectly" storage="/users/santibraida/workspace/comprobantes/filecontentrenamer.tests/bin/debug/net9.0/filecontentrenamer.tests.dll" id="2df2278f-2596-2f16-dbea-2fed2d64436a">
      <Execution id="ab0a27f0-9435-4f06-a7c4-add992ce1ff0" />
      <TestMethod codeBase="/Users/santibraida/Workspace/comprobantes/FileContentRenamer.Tests/bin/Debug/net9.0/FileContentRenamer.Tests.dll" adapterTypeName="executor://xunit/VsTestRunner3/netcore/" className="FileContentRenamer.Tests.Models.AppConfigTests" name="LoadFromConfiguration_WithValidConfigFile_ShouldLoadCorrectly" />
    </UnitTest>
    <UnitTest name="FileContentRenamer.Tests.Services.FileValidatorTests.ShouldSkipAlreadyNamedFile_WithAlreadyNamedFile_ShouldReturnTrue" storage="/users/santibraida/workspace/comprobantes/filecontentrenamer.tests/bin/debug/net9.0/filecontentrenamer.tests.dll" id="df0ff2b1-bb1d-04f9-1b59-ee245aa596c1">
      <Execution id="73d2e3ba-3bfb-43f3-af54-42b7d4d95ca1" />
      <TestMethod codeBase="/Users/santibraida/Workspace/comprobantes/FileContentRenamer.Tests/bin/Debug/net9.0/FileContentRenamer.Tests.dll" adapterTypeName="executor://xunit/VsTestRunner3/netcore/" className="FileContentRenamer.Tests.Services.FileValidatorTests" name="ShouldSkipAlreadyNamedFile_WithAlreadyNamedFile_ShouldReturnTrue" />
    </UnitTest>
    <UnitTest name="FileContentRenamer.Tests.Services.ImageProcessorTests.CanProcess_WithImageExtensions_ShouldReturnTrue(extension: &quot;.png&quot;)" storage="/users/santibraida/workspace/comprobantes/filecontentrenamer.tests/bin/debug/net9.0/filecontentrenamer.tests.dll" id="8b50f6a7-4d32-7ee6-c298-95c6826dd2dd">
      <Execution id="2bd24565-2f66-4f04-94f7-6822e3edfff7" />
      <TestMethod codeBase="/Users/santibraida/Workspace/comprobantes/FileContentRenamer.Tests/bin/Debug/net9.0/FileContentRenamer.Tests.dll" adapterTypeName="executor://xunit/VsTestRunner3/netcore/" className="FileContentRenamer.Tests.Services.ImageProcessorTests" name="CanProcess_WithImageExtensions_ShouldReturnTrue" />
    </UnitTest>
    <UnitTest name="FileContentRenamer.Tests.Services.DirectoryOrganizerTests.OrganizeFileIntoDirectoryStructure_ThreadSafety_ShouldHandleConcurrentCalls" storage="/users/santibraida/workspace/comprobantes/filecontentrenamer.tests/bin/debug/net9.0/filecontentrenamer.tests.dll" id="63753db1-a700-4ddb-bad0-85dcc6fc1038">
      <Execution id="b58a716a-38f6-44a8-9800-67f85b31027b" />
      <TestMethod codeBase="/Users/santibraida/Workspace/comprobantes/FileContentRenamer.Tests/bin/Debug/net9.0/FileContentRenamer.Tests.dll" adapterTypeName="executor://xunit/VsTestRunner3/netcore/" className="FileContentRenamer.Tests.Services.DirectoryOrganizerTests" name="OrganizeFileIntoDirectoryStructure_ThreadSafety_ShouldHandleConcurrentCalls" />
    </UnitTest>
    <UnitTest name="FileContentRenamer.Tests.Services.FileValidatorTests.ShouldProcessFile_WithEmptyPath_ShouldReturnFalse" storage="/users/santibraida/workspace/comprobantes/filecontentrenamer.tests/bin/debug/net9.0/filecontentrenamer.tests.dll" id="9ceef6d7-c6e7-377c-fe84-df2fd32fca20">
      <Execution id="f4ad0ee4-edf4-4551-9e03-c48ac0675e5d" />
      <TestMethod codeBase="/Users/santibraida/Workspace/comprobantes/FileContentRenamer.Tests/bin/Debug/net9.0/FileContentRenamer.Tests.dll" adapterTypeName="executor://xunit/VsTestRunner3/netcore/" className="FileContentRenamer.Tests.Services.FileValidatorTests" name="ShouldProcessFile_WithEmptyPath_ShouldReturnFalse" />
    </UnitTest>
    <UnitTest name="FileContentRenamer.Tests.Models.NamingRuleTests.Matches_WithEmptyContent_ShouldReturnFalse" storage="/users/santibraida/workspace/comprobantes/filecontentrenamer.tests/bin/debug/net9.0/filecontentrenamer.tests.dll" id="f23379d7-78c4-9613-54fe-537fd665f06d">
      <Execution id="654b6aea-bac4-4f4b-8a50-3b7828ce6ff2" />
      <TestMethod codeBase="/Users/santibraida/Workspace/comprobantes/FileContentRenamer.Tests/bin/Debug/net9.0/FileContentRenamer.Tests.dll" adapterTypeName="executor://xunit/VsTestRunner3/netcore/" className="FileContentRenamer.Tests.Models.NamingRuleTests" name="Matches_WithEmptyContent_ShouldReturnFalse" />
    </UnitTest>
    <UnitTest name="FileContentRenamer.Tests.Services.FileValidatorTests.ShouldProcessFile_WithNonExistentFile_ShouldReturnFalse" storage="/users/santibraida/workspace/comprobantes/filecontentrenamer.tests/bin/debug/net9.0/filecontentrenamer.tests.dll" id="a74078ad-01de-0282-292f-78f3a891fdb1">
      <Execution id="43a1269f-bad3-4a69-8350-bc0fce41fa29" />
      <TestMethod codeBase="/Users/santibraida/Workspace/comprobantes/FileContentRenamer.Tests/bin/Debug/net9.0/FileContentRenamer.Tests.dll" adapterTypeName="executor://xunit/VsTestRunner3/netcore/" className="FileContentRenamer.Tests.Services.FileValidatorTests" name="ShouldProcessFile_WithNonExistentFile_ShouldReturnFalse" />
    </UnitTest>
    <UnitTest name="FileContentRenamer.Tests.Services.FileValidatorTests.ShouldProcessFile_WithMixedCaseExtension_ShouldReturnTrue" storage="/users/santibraida/workspace/comprobantes/filecontentrenamer.tests/bin/debug/net9.0/filecontentrenamer.tests.dll" id="f7704aaa-e660-9ea3-e9fc-e4f0ba02380e">
      <Execution id="2300b981-f0bb-446a-a79a-fb9fb9e2ff5b" />
      <TestMethod codeBase="/Users/santibraida/Workspace/comprobantes/FileContentRenamer.Tests/bin/Debug/net9.0/FileContentRenamer.Tests.dll" adapterTypeName="executor://xunit/VsTestRunner3/netcore/" className="FileContentRenamer.Tests.Services.FileValidatorTests" name="ShouldProcessFile_WithMixedCaseExtension_ShouldReturnTrue" />
    </UnitTest>
    <UnitTest name="FileContentRenamer.Tests.Services.DirectoryOrganizerTests.GetMonthName_WithValidMonth_ShouldReturnSpanishName(monthNumber: 1, expected: &quot;enero&quot;)" storage="/users/santibraida/workspace/comprobantes/filecontentrenamer.tests/bin/debug/net9.0/filecontentrenamer.tests.dll" id="ef0ba115-bb03-098e-48b3-8914fb59fb7f">
      <Execution id="5f194ca6-1cfb-43ad-931b-af6ea1157d69" />
      <TestMethod codeBase="/Users/santibraida/Workspace/comprobantes/FileContentRenamer.Tests/bin/Debug/net9.0/FileContentRenamer.Tests.dll" adapterTypeName="executor://xunit/VsTestRunner3/netcore/" className="FileContentRenamer.Tests.Services.DirectoryOrganizerTests" name="GetMonthName_WithValidMonth_ShouldReturnSpanishName" />
    </UnitTest>
    <UnitTest name="FileContentRenamer.Tests.Services.FilenameGeneratorTests.CleanupFileName_WithVariousInputs_ShouldReturnCleanedName(input: &quot;valid_filename&quot;, expected: &quot;valid_filename&quot;)" storage="/users/santibraida/workspace/comprobantes/filecontentrenamer.tests/bin/debug/net9.0/filecontentrenamer.tests.dll" id="4a85101f-96ab-da99-c27c-46820deea64a">
      <Execution id="eb745526-4b62-4b73-91df-63c97c6d9b73" />
      <TestMethod codeBase="/Users/santibraida/Workspace/comprobantes/FileContentRenamer.Tests/bin/Debug/net9.0/FileContentRenamer.Tests.dll" adapterTypeName="executor://xunit/VsTestRunner3/netcore/" className="FileContentRenamer.Tests.Services.FilenameGeneratorTests" name="CleanupFileName_WithVariousInputs_ShouldReturnCleanedName" />
    </UnitTest>
    <UnitTest name="FileContentRenamer.Tests.Models.NamingRulesTests.Constructor_WithDefaultValues_ShouldInitializeCorrectly" storage="/users/santibraida/workspace/comprobantes/filecontentrenamer.tests/bin/debug/net9.0/filecontentrenamer.tests.dll" id="3bc1972c-43c3-09f6-6b21-23df0274286b">
      <Execution id="23cf3789-08d7-4ab4-8619-7acf8003f2a2" />
      <TestMethod codeBase="/Users/santibraida/Workspace/comprobantes/FileContentRenamer.Tests/bin/Debug/net9.0/FileContentRenamer.Tests.dll" adapterTypeName="executor://xunit/VsTestRunner3/netcore/" className="FileContentRenamer.Tests.Models.NamingRulesTests" name="Constructor_WithDefaultValues_ShouldInitializeCorrectly" />
    </UnitTest>
    <UnitTest name="FileContentRenamer.Tests.Services.DirectoryOrganizerTests.OrganizeFileIntoDirectoryStructure_WithInvalidDate_ShouldReturnOriginalPath" storage="/users/santibraida/workspace/comprobantes/filecontentrenamer.tests/bin/debug/net9.0/filecontentrenamer.tests.dll" id="19f9e186-a4aa-4850-0176-aa961f311415">
      <Execution id="33401c9e-0b9f-4720-b7d2-ef534cf689ae" />
      <TestMethod codeBase="/Users/santibraida/Workspace/comprobantes/FileContentRenamer.Tests/bin/Debug/net9.0/FileContentRenamer.Tests.dll" adapterTypeName="executor://xunit/VsTestRunner3/netcore/" className="FileContentRenamer.Tests.Services.DirectoryOrganizerTests" name="OrganizeFileIntoDirectoryStructure_WithInvalidDate_ShouldReturnOriginalPath" />
    </UnitTest>
    <UnitTest name="FileContentRenamer.Tests.Services.FileValidatorTests.ValidateConfiguration_WithEmptyBasePath_ShouldReturnFalse" storage="/users/santibraida/workspace/comprobantes/filecontentrenamer.tests/bin/debug/net9.0/filecontentrenamer.tests.dll" id="5ba61b11-551a-10ce-86ec-bdc1ee67e90e">
      <Execution id="0c1d38ba-53ac-4c4f-b2ec-ba9a8aee3c32" />
      <TestMethod codeBase="/Users/santibraida/Workspace/comprobantes/FileContentRenamer.Tests/bin/Debug/net9.0/FileContentRenamer.Tests.dll" adapterTypeName="executor://xunit/VsTestRunner3/netcore/" className="FileContentRenamer.Tests.Services.FileValidatorTests" name="ValidateConfiguration_WithEmptyBasePath_ShouldReturnFalse" />
    </UnitTest>
    <UnitTest name="FileContentRenamer.Tests.Services.TextProcessorTests.CanProcess_WithNonTxtExtension_ShouldReturnFalse(filename: &quot;test&quot;)" storage="/users/santibraida/workspace/comprobantes/filecontentrenamer.tests/bin/debug/net9.0/filecontentrenamer.tests.dll" id="ee802fc6-9af0-1284-c4b7-a8377911ec00">
      <Execution id="5f794ef5-aba8-4e05-8085-a960999b2351" />
      <TestMethod codeBase="/Users/santibraida/Workspace/comprobantes/FileContentRenamer.Tests/bin/Debug/net9.0/FileContentRenamer.Tests.dll" adapterTypeName="executor://xunit/VsTestRunner3/netcore/" className="FileContentRenamer.Tests.Services.TextProcessorTests" name="CanProcess_WithNonTxtExtension_ShouldReturnFalse" />
    </UnitTest>
    <UnitTest name="FileContentRenamer.Tests.Configuration.ServiceConfigurationTests.ConfigureServices_WithValidConfig_ShouldRegisterSingletonAppConfig" storage="/users/santibraida/workspace/comprobantes/filecontentrenamer.tests/bin/debug/net9.0/filecontentrenamer.tests.dll" id="ddd37070-3a26-e09f-cfe8-adfb9adc29e7">
      <Execution id="9f36d0b3-d7bf-4fca-824e-7b5c35760a98" />
      <TestMethod codeBase="/Users/santibraida/Workspace/comprobantes/FileContentRenamer.Tests/bin/Debug/net9.0/FileContentRenamer.Tests.dll" adapterTypeName="executor://xunit/VsTestRunner3/netcore/" className="FileContentRenamer.Tests.Configuration.ServiceConfigurationTests" name="ConfigureServices_WithValidConfig_ShouldRegisterSingletonAppConfig" />
    </UnitTest>
    <UnitTest name="FileContentRenamer.Tests.Services.TextProcessorTests.ExtractContentAsync_WithNonExistentFile_ShouldReturnEmptyString" storage="/users/santibraida/workspace/comprobantes/filecontentrenamer.tests/bin/debug/net9.0/filecontentrenamer.tests.dll" id="1ae426c8-73f8-48b1-c4fd-f2736013951b">
      <Execution id="70b1577a-b5bb-4448-b802-daa9b2e63bc6" />
      <TestMethod codeBase="/Users/santibraida/Workspace/comprobantes/FileContentRenamer.Tests/bin/Debug/net9.0/FileContentRenamer.Tests.dll" adapterTypeName="executor://xunit/VsTestRunner3/netcore/" className="FileContentRenamer.Tests.Services.TextProcessorTests" name="ExtractContentAsync_WithNonExistentFile_ShouldReturnEmptyString" />
    </UnitTest>
    <UnitTest name="FileContentRenamer.Tests.Services.DirectoryOrganizerTests.GetMonthName_WithValidMonth_ShouldReturnSpanishName(monthNumber: 10, expected: &quot;octubre&quot;)" storage="/users/santibraida/workspace/comprobantes/filecontentrenamer.tests/bin/debug/net9.0/filecontentrenamer.tests.dll" id="b9d72b25-82ca-6ec3-5870-6ffcc88918e2">
      <Execution id="7b01c9d9-8d3f-4b1c-bcd4-d4e61df0c0ba" />
      <TestMethod codeBase="/Users/santibraida/Workspace/comprobantes/FileContentRenamer.Tests/bin/Debug/net9.0/FileContentRenamer.Tests.dll" adapterTypeName="executor://xunit/VsTestRunner3/netcore/" className="FileContentRenamer.Tests.Services.DirectoryOrganizerTests" name="GetMonthName_WithValidMonth_ShouldReturnSpanishName" />
    </UnitTest>
    <UnitTest name="FileContentRenamer.Tests.Services.DateExtractorTests.ExtractDateFromContent_WithVariousGenericDates_ShouldReturnCorrectDates(content: &quot;01/01/2025&quot;, expected: &quot;2025-01-01&quot;)" storage="/users/santibraida/workspace/comprobantes/filecontentrenamer.tests/bin/debug/net9.0/filecontentrenamer.tests.dll" id="a0ca8000-3ed1-5654-296c-23ca811068ca">
      <Execution id="8eecceef-87e7-4f75-955f-ea0f3c9832c7" />
      <TestMethod codeBase="/Users/santibraida/Workspace/comprobantes/FileContentRenamer.Tests/bin/Debug/net9.0/FileContentRenamer.Tests.dll" adapterTypeName="executor://xunit/VsTestRunner3/netcore/" className="FileContentRenamer.Tests.Services.DateExtractorTests" name="ExtractDateFromContent_WithVariousGenericDates_ShouldReturnCorrectDates" />
    </UnitTest>
    <UnitTest name="FileContentRenamer.Tests.Services.DateExtractorTests.ExtractDateFromContent_WithVariousDueDateFormats_ShouldReturnCorrectDates(content: &quot;vencimiento 01/01/2025&quot;, expected: &quot;2025-01-01&quot;)" storage="/users/santibraida/workspace/comprobantes/filecontentrenamer.tests/bin/debug/net9.0/filecontentrenamer.tests.dll" id="18d4c37f-1583-f497-ec0c-ad5f807ccb48">
      <Execution id="897fa23c-40b1-4cac-abb8-b320e5f02263" />
      <TestMethod codeBase="/Users/santibraida/Workspace/comprobantes/FileContentRenamer.Tests/bin/Debug/net9.0/FileContentRenamer.Tests.dll" adapterTypeName="executor://xunit/VsTestRunner3/netcore/" className="FileContentRenamer.Tests.Services.DateExtractorTests" name="ExtractDateFromContent_WithVariousDueDateFormats_ShouldReturnCorrectDates" />
    </UnitTest>
    <UnitTest name="FileContentRenamer.Tests.Services.PdfProcessorTests.ExtractContentAsync_WithNonPdfFile_ShouldThrowException" storage="/users/santibraida/workspace/comprobantes/filecontentrenamer.tests/bin/debug/net9.0/filecontentrenamer.tests.dll" id="de5e6aa9-ab12-14ed-551c-79528da15404">
      <Execution id="7bf67918-13e0-4eeb-b542-19ce096169bf" />
      <TestMethod codeBase="/Users/santibraida/Workspace/comprobantes/FileContentRenamer.Tests/bin/Debug/net9.0/FileContentRenamer.Tests.dll" adapterTypeName="executor://xunit/VsTestRunner3/netcore/" className="FileContentRenamer.Tests.Services.PdfProcessorTests" name="ExtractContentAsync_WithNonPdfFile_ShouldThrowException" />
    </UnitTest>
    <UnitTest name="FileContentRenamer.Tests.Services.FileValidatorTests.ShouldProcessFile_WithValidFile_ShouldReturnTrue" storage="/users/santibraida/workspace/comprobantes/filecontentrenamer.tests/bin/debug/net9.0/filecontentrenamer.tests.dll" id="2256e44b-d5c1-25c7-1712-2e03764de95a">
      <Execution id="c0920fe6-f4c2-4f2b-bffb-d538e0563832" />
      <TestMethod codeBase="/Users/santibraida/Workspace/comprobantes/FileContentRenamer.Tests/bin/Debug/net9.0/FileContentRenamer.Tests.dll" adapterTypeName="executor://xunit/VsTestRunner3/netcore/" className="FileContentRenamer.Tests.Services.FileValidatorTests" name="ShouldProcessFile_WithValidFile_ShouldReturnTrue" />
    </UnitTest>
    <UnitTest name="FileContentRenamer.Tests.Services.FilenameGeneratorTests.IsAlreadyNamedFilename_WithInvalidFormats_ShouldReturnFalse(filename: &quot;2024-03-15&quot;)" storage="/users/santibraida/workspace/comprobantes/filecontentrenamer.tests/bin/debug/net9.0/filecontentrenamer.tests.dll" id="5782f6c4-4818-df21-281e-6b620d8a99e2">
      <Execution id="3ff62999-c549-49e4-b061-48439c320024" />
      <TestMethod codeBase="/Users/santibraida/Workspace/comprobantes/FileContentRenamer.Tests/bin/Debug/net9.0/FileContentRenamer.Tests.dll" adapterTypeName="executor://xunit/VsTestRunner3/netcore/" className="FileContentRenamer.Tests.Services.FilenameGeneratorTests" name="IsAlreadyNamedFilename_WithInvalidFormats_ShouldReturnFalse" />
    </UnitTest>
    <UnitTest name="FileContentRenamer.Tests.Services.FilenameGeneratorTests.GenerateFilename_WithDifferentExtension_ShouldPreserveExtension" storage="/users/santibraida/workspace/comprobantes/filecontentrenamer.tests/bin/debug/net9.0/filecontentrenamer.tests.dll" id="b72ed067-d3bd-e26d-3bed-f7f45c913059">
      <Execution id="d9705d8c-ddc7-4854-b9bb-8303f435f5f4" />
      <TestMethod codeBase="/Users/santibraida/Workspace/comprobantes/FileContentRenamer.Tests/bin/Debug/net9.0/FileContentRenamer.Tests.dll" adapterTypeName="executor://xunit/VsTestRunner3/netcore/" className="FileContentRenamer.Tests.Services.FilenameGeneratorTests" name="GenerateFilename_WithDifferentExtension_ShouldPreserveExtension" />
    </UnitTest>
    <UnitTest name="FileContentRenamer.Tests.Services.TextProcessorTests.CanProcess_WithTxtExtensionDifferentCasing_ShouldReturnTrue(filename: &quot;test.Txt&quot;)" storage="/users/santibraida/workspace/comprobantes/filecontentrenamer.tests/bin/debug/net9.0/filecontentrenamer.tests.dll" id="ae4c83e6-0f4d-65f8-22c1-23c6464f33a2">
      <Execution id="d68bcc6f-64a9-43ec-bcc0-8618df944537" />
      <TestMethod codeBase="/Users/santibraida/Workspace/comprobantes/FileContentRenamer.Tests/bin/Debug/net9.0/FileContentRenamer.Tests.dll" adapterTypeName="executor://xunit/VsTestRunner3/netcore/" className="FileContentRenamer.Tests.Services.TextProcessorTests" name="CanProcess_WithTxtExtensionDifferentCasing_ShouldReturnTrue" />
    </UnitTest>
    <UnitTest name="FileContentRenamer.Tests.Services.FileValidatorTests.ValidateConfiguration_WithEmptyFileExtensions_ShouldReturnFalse" storage="/users/santibraida/workspace/comprobantes/filecontentrenamer.tests/bin/debug/net9.0/filecontentrenamer.tests.dll" id="51c5dd4c-3587-911b-8de8-02b3003da056">
      <Execution id="b469e273-794f-400a-b975-f6fac844a095" />
      <TestMethod codeBase="/Users/santibraida/Workspace/comprobantes/FileContentRenamer.Tests/bin/Debug/net9.0/FileContentRenamer.Tests.dll" adapterTypeName="executor://xunit/VsTestRunner3/netcore/" className="FileContentRenamer.Tests.Services.FileValidatorTests" name="ValidateConfiguration_WithEmptyFileExtensions_ShouldReturnFalse" />
    </UnitTest>
    <UnitTest name="FileContentRenamer.Tests.Services.FileValidatorTests.ShouldSkipAlreadyNamedFile_WithNotAlreadyNamedFile_ShouldReturnFalse" storage="/users/santibraida/workspace/comprobantes/filecontentrenamer.tests/bin/debug/net9.0/filecontentrenamer.tests.dll" id="0585f1ec-f642-09e1-866f-6d3653426f93">
      <Execution id="2f5416e6-0ce4-4903-83bd-d4dfc8a4fd8f" />
      <TestMethod codeBase="/Users/santibraida/Workspace/comprobantes/FileContentRenamer.Tests/bin/Debug/net9.0/FileContentRenamer.Tests.dll" adapterTypeName="executor://xunit/VsTestRunner3/netcore/" className="FileContentRenamer.Tests.Services.FileValidatorTests" name="ShouldSkipAlreadyNamedFile_WithNotAlreadyNamedFile_ShouldReturnFalse" />
    </UnitTest>
    <UnitTest name="FileContentRenamer.Tests.Services.PdfProcessorTests.CanProcess_WithPdfExtensionVariations_ShouldReturnTrue(filename: &quot;document.PDF&quot;)" storage="/users/santibraida/workspace/comprobantes/filecontentrenamer.tests/bin/debug/net9.0/filecontentrenamer.tests.dll" id="8642e301-1a01-c43f-5457-781e9082a823">
      <Execution id="4f447562-e1d4-42c2-9e49-179324603bfd" />
      <TestMethod codeBase="/Users/santibraida/Workspace/comprobantes/FileContentRenamer.Tests/bin/Debug/net9.0/FileContentRenamer.Tests.dll" adapterTypeName="executor://xunit/VsTestRunner3/netcore/" className="FileContentRenamer.Tests.Services.PdfProcessorTests" name="CanProcess_WithPdfExtensionVariations_ShouldReturnTrue" />
    </UnitTest>
    <UnitTest name="FileContentRenamer.Tests.Services.DateExtractorTests.ExtractDateFromFilename_WithEmptyFilename_ShouldReturnEmptyString" storage="/users/santibraida/workspace/comprobantes/filecontentrenamer.tests/bin/debug/net9.0/filecontentrenamer.tests.dll" id="b0162767-b0d5-ac8c-e6c1-f87ef88a8da6">
      <Execution id="792f4a6d-f591-4e2d-880c-3452e5406ec4" />
      <TestMethod codeBase="/Users/santibraida/Workspace/comprobantes/FileContentRenamer.Tests/bin/Debug/net9.0/FileContentRenamer.Tests.dll" adapterTypeName="executor://xunit/VsTestRunner3/netcore/" className="FileContentRenamer.Tests.Services.DateExtractorTests" name="ExtractDateFromFilename_WithEmptyFilename_ShouldReturnEmptyString" />
    </UnitTest>
    <UnitTest name="FileContentRenamer.Tests.Models.AppConfigTests.SaveLastUsedPath_WithInvalidPath_ShouldNotThrow" storage="/users/santibraida/workspace/comprobantes/filecontentrenamer.tests/bin/debug/net9.0/filecontentrenamer.tests.dll" id="2baaf6a6-6812-8b99-5d21-fa95ac740bec">
      <Execution id="35320f9c-8ce9-431f-a966-b8db247aaae9" />
      <TestMethod codeBase="/Users/santibraida/Workspace/comprobantes/FileContentRenamer.Tests/bin/Debug/net9.0/FileContentRenamer.Tests.dll" adapterTypeName="executor://xunit/VsTestRunner3/netcore/" className="FileContentRenamer.Tests.Models.AppConfigTests" name="SaveLastUsedPath_WithInvalidPath_ShouldNotThrow" />
    </UnitTest>
    <UnitTest name="FileContentRenamer.Tests.Services.ImageProcessorTests.CanProcess_WithImageExtensionsDifferentCasing_ShouldReturnTrue(extension: &quot;.JPG&quot;)" storage="/users/santibraida/workspace/comprobantes/filecontentrenamer.tests/bin/debug/net9.0/filecontentrenamer.tests.dll" id="80bc6a5a-eb03-5068-fdbc-47b2721cfaa4">
      <Execution id="68cfc2fb-f786-45da-847a-e77d78e94d13" />
      <TestMethod codeBase="/Users/santibraida/Workspace/comprobantes/FileContentRenamer.Tests/bin/Debug/net9.0/FileContentRenamer.Tests.dll" adapterTypeName="executor://xunit/VsTestRunner3/netcore/" className="FileContentRenamer.Tests.Services.ImageProcessorTests" name="CanProcess_WithImageExtensionsDifferentCasing_ShouldReturnTrue" />
    </UnitTest>
    <UnitTest name="FileContentRenamer.Tests.Services.DateExtractorTests.ExtractDateFromContent_WithVariousSpanishDates_ShouldReturnCorrectDates(content: &quot;31 de diciembre de 2023&quot;, expected: &quot;2023-12-31&quot;)" storage="/users/santibraida/workspace/comprobantes/filecontentrenamer.tests/bin/debug/net9.0/filecontentrenamer.tests.dll" id="5be72c0f-bb2d-feba-e528-7ed830f5c677">
      <Execution id="14b364bc-f839-4081-b524-836bfab41682" />
      <TestMethod codeBase="/Users/santibraida/Workspace/comprobantes/FileContentRenamer.Tests/bin/Debug/net9.0/FileContentRenamer.Tests.dll" adapterTypeName="executor://xunit/VsTestRunner3/netcore/" className="FileContentRenamer.Tests.Services.DateExtractorTests" name="ExtractDateFromContent_WithVariousSpanishDates_ShouldReturnCorrectDates" />
    </UnitTest>
    <UnitTest name="FileContentRenamer.Tests.Services.FileServiceTests.ProcessFilesAsync_WithEmptyContent_ShouldSkipFile" storage="/users/santibraida/workspace/comprobantes/filecontentrenamer.tests/bin/debug/net9.0/filecontentrenamer.tests.dll" id="924a2837-bdda-5ff7-8002-b76459c46087">
      <Execution id="7459461a-3b55-4fd1-b5ba-9280fd1fa575" />
      <TestMethod codeBase="/Users/santibraida/Workspace/comprobantes/FileContentRenamer.Tests/bin/Debug/net9.0/FileContentRenamer.Tests.dll" adapterTypeName="executor://xunit/VsTestRunner3/netcore/" className="FileContentRenamer.Tests.Services.FileServiceTests" name="ProcessFilesAsync_WithEmptyContent_ShouldSkipFile" />
    </UnitTest>
    <UnitTest name="FileContentRenamer.Tests.Services.TextProcessorTests.ExtractContentAsync_WithValidTextFile_ShouldReturnContent" storage="/users/santibraida/workspace/comprobantes/filecontentrenamer.tests/bin/debug/net9.0/filecontentrenamer.tests.dll" id="929aa209-e3f7-852b-9884-da4d7850f9c4">
      <Execution id="9977c44b-4af6-4b2a-82b9-a1e4400d1b90" />
      <TestMethod codeBase="/Users/santibraida/Workspace/comprobantes/FileContentRenamer.Tests/bin/Debug/net9.0/FileContentRenamer.Tests.dll" adapterTypeName="executor://xunit/VsTestRunner3/netcore/" className="FileContentRenamer.Tests.Services.TextProcessorTests" name="ExtractContentAsync_WithValidTextFile_ShouldReturnContent" />
    </UnitTest>
    <UnitTest name="FileContentRenamer.Tests.Services.DateExtractorTests.ExtractDateFromFilename_WithValidFormat_ShouldReturnCorrectDate" storage="/users/santibraida/workspace/comprobantes/filecontentrenamer.tests/bin/debug/net9.0/filecontentrenamer.tests.dll" id="d4537562-1c96-4e07-3939-b2da6a34e9fc">
      <Execution id="a1784be0-51c6-4c78-89ae-ef24f43b8578" />
      <TestMethod codeBase="/Users/santibraida/Workspace/comprobantes/FileContentRenamer.Tests/bin/Debug/net9.0/FileContentRenamer.Tests.dll" adapterTypeName="executor://xunit/VsTestRunner3/netcore/" className="FileContentRenamer.Tests.Services.DateExtractorTests" name="ExtractDateFromFilename_WithValidFormat_ShouldReturnCorrectDate" />
    </UnitTest>
    <UnitTest name="FileContentRenamer.Tests.Services.TextProcessorTests.ExtractContentAsync_WithLockedFile_ShouldReturnEmptyString" storage="/users/santibraida/workspace/comprobantes/filecontentrenamer.tests/bin/debug/net9.0/filecontentrenamer.tests.dll" id="26656131-c125-7680-eabe-b2347d65af76">
      <Execution id="5cc740eb-a093-4f57-80c1-543e33cc0d60" />
      <TestMethod codeBase="/Users/santibraida/Workspace/comprobantes/FileContentRenamer.Tests/bin/Debug/net9.0/FileContentRenamer.Tests.dll" adapterTypeName="executor://xunit/VsTestRunner3/netcore/" className="FileContentRenamer.Tests.Services.TextProcessorTests" name="ExtractContentAsync_WithLockedFile_ShouldReturnEmptyString" />
    </UnitTest>
    <UnitTest name="FileContentRenamer.Tests.Services.PdfProcessorTests.ExtractContentAsync_WithNonExistentFile_ShouldReturnEmptyString" storage="/users/santibraida/workspace/comprobantes/filecontentrenamer.tests/bin/debug/net9.0/filecontentrenamer.tests.dll" id="aab50796-093f-3ad1-51eb-ff5551165480">
      <Execution id="dd5d48fb-4239-4b81-a654-e0619b7ec397" />
      <TestMethod codeBase="/Users/santibraida/Workspace/comprobantes/FileContentRenamer.Tests/bin/Debug/net9.0/FileContentRenamer.Tests.dll" adapterTypeName="executor://xunit/VsTestRunner3/netcore/" className="FileContentRenamer.Tests.Services.PdfProcessorTests" name="ExtractContentAsync_WithNonExistentFile_ShouldReturnEmptyString" />
    </UnitTest>
    <UnitTest name="FileContentRenamer.Tests.Services.FileValidatorTests.ShouldProcessFile_WithDifferentCasing_ShouldBeCaseInsensitive(filename: &quot;test.Pdf&quot;)" storage="/users/santibraida/workspace/comprobantes/filecontentrenamer.tests/bin/debug/net9.0/filecontentrenamer.tests.dll" id="1fee9821-3919-b84e-fa07-8bc4fb6625e5">
      <Execution id="e2a1d2f2-f234-4adf-8f3d-edfb728ee4cb" />
      <TestMethod codeBase="/Users/santibraida/Workspace/comprobantes/FileContentRenamer.Tests/bin/Debug/net9.0/FileContentRenamer.Tests.dll" adapterTypeName="executor://xunit/VsTestRunner3/netcore/" className="FileContentRenamer.Tests.Services.FileValidatorTests" name="ShouldProcessFile_WithDifferentCasing_ShouldBeCaseInsensitive" />
    </UnitTest>
    <UnitTest name="FileContentRenamer.Tests.Models.NamingRulesTests.FindMatchingRule_WithNoMatchingRule_ShouldReturnNull" storage="/users/santibraida/workspace/comprobantes/filecontentrenamer.tests/bin/debug/net9.0/filecontentrenamer.tests.dll" id="2ce66dbc-f5ab-5500-4273-caffb3bf4e5f">
      <Execution id="02f7fde3-5ba9-4450-a5e7-ded37ccf8548" />
      <TestMethod codeBase="/Users/santibraida/Workspace/comprobantes/FileContentRenamer.Tests/bin/Debug/net9.0/FileContentRenamer.Tests.dll" adapterTypeName="executor://xunit/VsTestRunner3/netcore/" className="FileContentRenamer.Tests.Models.NamingRulesTests" name="FindMatchingRule_WithNoMatchingRule_ShouldReturnNull" />
    </UnitTest>
    <UnitTest name="FileContentRenamer.Tests.Services.FilenameGeneratorTests.IsAlreadyNamedFilename_WithValidFormats_ShouldReturnTrue(filename: &quot;company_2025-01-01_bank&quot;)" storage="/users/santibraida/workspace/comprobantes/filecontentrenamer.tests/bin/debug/net9.0/filecontentrenamer.tests.dll" id="95464817-3328-92d5-e9f2-a7a51a663358">
      <Execution id="40bd7bb1-74d1-4561-b91d-90e7fca85b98" />
      <TestMethod codeBase="/Users/santibraida/Workspace/comprobantes/FileContentRenamer.Tests/bin/Debug/net9.0/FileContentRenamer.Tests.dll" adapterTypeName="executor://xunit/VsTestRunner3/netcore/" className="FileContentRenamer.Tests.Services.FilenameGeneratorTests" name="IsAlreadyNamedFilename_WithValidFormats_ShouldReturnTrue" />
    </UnitTest>
    <UnitTest name="FileContentRenamer.Tests.Services.DirectoryOrganizerTests.GetMonthName_WithValidMonth_ShouldReturnSpanishName(monthNumber: 6, expected: &quot;junio&quot;)" storage="/users/santibraida/workspace/comprobantes/filecontentrenamer.tests/bin/debug/net9.0/filecontentrenamer.tests.dll" id="8a90efb2-6fff-e39e-99bc-4c5b85d7b70e">
      <Execution id="846b426c-e0b9-4997-9e4c-b0a2bac40dc9" />
      <TestMethod codeBase="/Users/santibraida/Workspace/comprobantes/FileContentRenamer.Tests/bin/Debug/net9.0/FileContentRenamer.Tests.dll" adapterTypeName="executor://xunit/VsTestRunner3/netcore/" className="FileContentRenamer.Tests.Services.DirectoryOrganizerTests" name="GetMonthName_WithValidMonth_ShouldReturnSpanishName" />
    </UnitTest>
    <UnitTest name="FileContentRenamer.Tests.Services.TextProcessorTests.ExtractContentAsync_WithLargeFile_ShouldReturnFirst1000Characters" storage="/users/santibraida/workspace/comprobantes/filecontentrenamer.tests/bin/debug/net9.0/filecontentrenamer.tests.dll" id="15d0df81-8794-5fa5-b2c8-6331ce7be91e">
      <Execution id="6ac13555-361d-47e1-aad8-c656e1be3023" />
      <TestMethod codeBase="/Users/santibraida/Workspace/comprobantes/FileContentRenamer.Tests/bin/Debug/net9.0/FileContentRenamer.Tests.dll" adapterTypeName="executor://xunit/VsTestRunner3/netcore/" className="FileContentRenamer.Tests.Services.TextProcessorTests" name="ExtractContentAsync_WithLargeFile_ShouldReturnFirst1000Characters" />
    </UnitTest>
    <UnitTest name="FileContentRenamer.Tests.Services.FilenameGeneratorTests.IsAlreadyNamedFilename_WithValidFormats_ShouldReturnTrue(filename: &quot;test_2023-12-31_card&quot;)" storage="/users/santibraida/workspace/comprobantes/filecontentrenamer.tests/bin/debug/net9.0/filecontentrenamer.tests.dll" id="2c747d1f-f1c9-2115-b65f-2b6f4087b146">
      <Execution id="78297002-4a6c-4c97-b6c1-e7b7bd18c5af" />
      <TestMethod codeBase="/Users/santibraida/Workspace/comprobantes/FileContentRenamer.Tests/bin/Debug/net9.0/FileContentRenamer.Tests.dll" adapterTypeName="executor://xunit/VsTestRunner3/netcore/" className="FileContentRenamer.Tests.Services.FilenameGeneratorTests" name="IsAlreadyNamedFilename_WithValidFormats_ShouldReturnTrue" />
    </UnitTest>
    <UnitTest name="FileContentRenamer.Tests.Services.DirectoryOrganizerTests.IsInYearMonthStructure_WithInvalidStructure_ShouldReturnFalse(folderName: &quot;2024_not_year&quot;)" storage="/users/santibraida/workspace/comprobantes/filecontentrenamer.tests/bin/debug/net9.0/filecontentrenamer.tests.dll" id="a86e36e4-e94e-5f42-8494-d796a058bcf2">
      <Execution id="cbd8b047-4297-4ba9-96c7-df84ed3635c5" />
      <TestMethod codeBase="/Users/santibraida/Workspace/comprobantes/FileContentRenamer.Tests/bin/Debug/net9.0/FileContentRenamer.Tests.dll" adapterTypeName="executor://xunit/VsTestRunner3/netcore/" className="FileContentRenamer.Tests.Services.DirectoryOrganizerTests" name="IsInYearMonthStructure_WithInvalidStructure_ShouldReturnFalse" />
    </UnitTest>
    <UnitTest name="FileContentRenamer.Tests.Services.DirectoryOrganizerTests.GetMonthName_WithValidMonth_ShouldReturnSpanishName(monthNumber: 3, expected: &quot;marzo&quot;)" storage="/users/santibraida/workspace/comprobantes/filecontentrenamer.tests/bin/debug/net9.0/filecontentrenamer.tests.dll" id="b88cda59-316a-d792-4d81-e490d0212c2d">
      <Execution id="edb7b1a4-e861-46ca-b0cf-93d487a17d1a" />
      <TestMethod codeBase="/Users/santibraida/Workspace/comprobantes/FileContentRenamer.Tests/bin/Debug/net9.0/FileContentRenamer.Tests.dll" adapterTypeName="executor://xunit/VsTestRunner3/netcore/" className="FileContentRenamer.Tests.Services.DirectoryOrganizerTests" name="GetMonthName_WithValidMonth_ShouldReturnSpanishName" />
    </UnitTest>
    <UnitTest name="FileContentRenamer.Tests.Services.ImageProcessorTests.CanProcess_WithImageExtensionsDifferentCasing_ShouldReturnTrue(extension: &quot;.TIF&quot;)" storage="/users/santibraida/workspace/comprobantes/filecontentrenamer.tests/bin/debug/net9.0/filecontentrenamer.tests.dll" id="2a25c3ee-59d0-2484-ec0d-75637450d1ba">
      <Execution id="8a45fa41-3458-4b11-aa79-755c46d79a59" />
      <TestMethod codeBase="/Users/santibraida/Workspace/comprobantes/FileContentRenamer.Tests/bin/Debug/net9.0/FileContentRenamer.Tests.dll" adapterTypeName="executor://xunit/VsTestRunner3/netcore/" className="FileContentRenamer.Tests.Services.ImageProcessorTests" name="CanProcess_WithImageExtensionsDifferentCasing_ShouldReturnTrue" />
    </UnitTest>
    <UnitTest name="FileContentRenamer.Tests.Services.PdfProcessorTests.CanProcess_WithPdfExtensionDifferentCasing_ShouldReturnTrue(filename: &quot;test.pDf&quot;)" storage="/users/santibraida/workspace/comprobantes/filecontentrenamer.tests/bin/debug/net9.0/filecontentrenamer.tests.dll" id="30667a3d-da81-f223-5d62-6b3c054e0a23">
      <Execution id="972c857e-7875-4082-b7ed-1aa07c777079" />
      <TestMethod codeBase="/Users/santibraida/Workspace/comprobantes/FileContentRenamer.Tests/bin/Debug/net9.0/FileContentRenamer.Tests.dll" adapterTypeName="executor://xunit/VsTestRunner3/netcore/" className="FileContentRenamer.Tests.Services.PdfProcessorTests" name="CanProcess_WithPdfExtensionDifferentCasing_ShouldReturnTrue" />
    </UnitTest>
    <UnitTest name="FileContentRenamer.Tests.Services.DateExtractorTests.ExtractDateFromContent_WithEmptyContent_ShouldReturnEmptyString" storage="/users/santibraida/workspace/comprobantes/filecontentrenamer.tests/bin/debug/net9.0/filecontentrenamer.tests.dll" id="ba6808c0-f426-8a5b-0695-d6b57a217c84">
      <Execution id="63efa557-0679-4b19-a2e3-9f5e4b62a62f" />
      <TestMethod codeBase="/Users/santibraida/Workspace/comprobantes/FileContentRenamer.Tests/bin/Debug/net9.0/FileContentRenamer.Tests.dll" adapterTypeName="executor://xunit/VsTestRunner3/netcore/" className="FileContentRenamer.Tests.Services.DateExtractorTests" name="ExtractDateFromContent_WithEmptyContent_ShouldReturnEmptyString" />
    </UnitTest>
    <UnitTest name="FileContentRenamer.Tests.Services.ImageProcessorTests.CanProcess_WithImageExtensions_ShouldReturnTrue(extension: &quot;.tiff&quot;)" storage="/users/santibraida/workspace/comprobantes/filecontentrenamer.tests/bin/debug/net9.0/filecontentrenamer.tests.dll" id="d928fd2c-924f-38de-6b58-5c8ead779399">
      <Execution id="d91e5b1a-738c-4ece-a4b6-b3bc3e877aac" />
      <TestMethod codeBase="/Users/santibraida/Workspace/comprobantes/FileContentRenamer.Tests/bin/Debug/net9.0/FileContentRenamer.Tests.dll" adapterTypeName="executor://xunit/VsTestRunner3/netcore/" className="FileContentRenamer.Tests.Services.ImageProcessorTests" name="CanProcess_WithImageExtensions_ShouldReturnTrue" />
    </UnitTest>
    <UnitTest name="FileContentRenamer.Tests.Services.DateExtractorTests.ExtractDateFromContent_WithInvalidSpanishMonth_ShouldFallbackToOtherFormats" storage="/users/santibraida/workspace/comprobantes/filecontentrenamer.tests/bin/debug/net9.0/filecontentrenamer.tests.dll" id="999b4cf4-0fb5-ec67-530a-d59638da1c9d">
      <Execution id="7041a065-1fd3-4bbe-bc20-74f0da5e1434" />
      <TestMethod codeBase="/Users/santibraida/Workspace/comprobantes/FileContentRenamer.Tests/bin/Debug/net9.0/FileContentRenamer.Tests.dll" adapterTypeName="executor://xunit/VsTestRunner3/netcore/" className="FileContentRenamer.Tests.Services.DateExtractorTests" name="ExtractDateFromContent_WithInvalidSpanishMonth_ShouldFallbackToOtherFormats" />
    </UnitTest>
    <UnitTest name="FileContentRenamer.Tests.Services.DirectoryOrganizerTests.OrganizeFileIntoDirectoryStructure_WithDifferentYears_ShouldCreateNewYearStructure" storage="/users/santibraida/workspace/comprobantes/filecontentrenamer.tests/bin/debug/net9.0/filecontentrenamer.tests.dll" id="9a26edef-7dd2-4e60-c205-9ce214074484">
      <Execution id="6a292a81-bfa3-4ba0-ad7c-cbc19b775163" />
      <TestMethod codeBase="/Users/santibraida/Workspace/comprobantes/FileContentRenamer.Tests/bin/Debug/net9.0/FileContentRenamer.Tests.dll" adapterTypeName="executor://xunit/VsTestRunner3/netcore/" className="FileContentRenamer.Tests.Services.DirectoryOrganizerTests" name="OrganizeFileIntoDirectoryStructure_WithDifferentYears_ShouldCreateNewYearStructure" />
    </UnitTest>
    <UnitTest name="FileContentRenamer.Tests.Services.TextProcessorTests.CanProcess_WithTxtExtension_ShouldReturnTrue" storage="/users/santibraida/workspace/comprobantes/filecontentrenamer.tests/bin/debug/net9.0/filecontentrenamer.tests.dll" id="10d7715a-d53b-4b8e-fcec-78d41ef67dac">
      <Execution id="e1755c71-e82a-4edf-96f1-26de7b3a69e5" />
      <TestMethod codeBase="/Users/santibraida/Workspace/comprobantes/FileContentRenamer.Tests/bin/Debug/net9.0/FileContentRenamer.Tests.dll" adapterTypeName="executor://xunit/VsTestRunner3/netcore/" className="FileContentRenamer.Tests.Services.TextProcessorTests" name="CanProcess_WithTxtExtension_ShouldReturnTrue" />
    </UnitTest>
    <UnitTest name="FileContentRenamer.Tests.Services.DateExtractorTests.ExtractDateFromContent_WithEmissionDateFormat_ShouldReturnCorrectDate" storage="/users/santibraida/workspace/comprobantes/filecontentrenamer.tests/bin/debug/net9.0/filecontentrenamer.tests.dll" id="9bedcbf1-e681-ce6a-b113-25e2deb4a524">
      <Execution id="1f90f2b0-4e99-41dc-999c-f409d1b5f877" />
      <TestMethod codeBase="/Users/santibraida/Workspace/comprobantes/FileContentRenamer.Tests/bin/Debug/net9.0/FileContentRenamer.Tests.dll" adapterTypeName="executor://xunit/VsTestRunner3/netcore/" className="FileContentRenamer.Tests.Services.DateExtractorTests" name="ExtractDateFromContent_WithEmissionDateFormat_ShouldReturnCorrectDate" />
    </UnitTest>
    <UnitTest name="FileContentRenamer.Tests.Models.NamingRuleTests.Matches_WithMissingKeywords_ShouldReturnFalse" storage="/users/santibraida/workspace/comprobantes/filecontentrenamer.tests/bin/debug/net9.0/filecontentrenamer.tests.dll" id="673ac6d3-d960-9ab3-69aa-92efadf19225">
      <Execution id="0087fa29-e21d-402a-8502-3c1c30706a87" />
      <TestMethod codeBase="/Users/santibraida/Workspace/comprobantes/FileContentRenamer.Tests/bin/Debug/net9.0/FileContentRenamer.Tests.dll" adapterTypeName="executor://xunit/VsTestRunner3/netcore/" className="FileContentRenamer.Tests.Models.NamingRuleTests" name="Matches_WithMissingKeywords_ShouldReturnFalse" />
    </UnitTest>
    <UnitTest name="FileContentRenamer.Tests.Services.DirectoryOrganizerTests.GetMonthName_WithValidMonth_ShouldReturnSpanishName(monthNumber: 2, expected: &quot;febrero&quot;)" storage="/users/santibraida/workspace/comprobantes/filecontentrenamer.tests/bin/debug/net9.0/filecontentrenamer.tests.dll" id="ee980d6a-c8f2-fb3c-69f5-92dd6531facb">
      <Execution id="7ddf7e46-c226-4cac-8cbd-e99de7f5b105" />
      <TestMethod codeBase="/Users/santibraida/Workspace/comprobantes/FileContentRenamer.Tests/bin/Debug/net9.0/FileContentRenamer.Tests.dll" adapterTypeName="executor://xunit/VsTestRunner3/netcore/" className="FileContentRenamer.Tests.Services.DirectoryOrganizerTests" name="GetMonthName_WithValidMonth_ShouldReturnSpanishName" />
    </UnitTest>
  </TestDefinitions>
  <TestEntries>
    <TestEntry testId="57d1cda9-e9e5-f000-1823-6cc75a3cb199" executionId="0f4c3f12-0f1b-443e-8aed-7dd41682f419" testListId="8c84fa94-04c1-424b-9868-57a2d4851a1d" />
    <TestEntry testId="8bf8da02-6c6e-2191-c936-6121db66d388" executionId="9a32d335-ca58-40a7-aebf-c7072c337ca8" testListId="8c84fa94-04c1-424b-9868-57a2d4851a1d" />
    <TestEntry testId="4216934b-235a-6efa-b1f2-737b953f21df" executionId="404cecc9-539a-46d0-bda5-a8eade67314d" testListId="8c84fa94-04c1-424b-9868-57a2d4851a1d" />
    <TestEntry testId="a4d26202-1548-77e4-c6ee-466955cdb771" executionId="17e13dc1-278c-4989-b65f-526810ba30ec" testListId="8c84fa94-04c1-424b-9868-57a2d4851a1d" />
    <TestEntry testId="b99c1952-4b8a-6e7b-be83-1febd897689d" executionId="9b40be91-428d-42cc-830d-8c135a146a84" testListId="8c84fa94-04c1-424b-9868-57a2d4851a1d" />
    <TestEntry testId="04613884-8eea-2162-7b68-af1197b3a19b" executionId="9de761d8-8087-4f02-9675-9ba21cc6869f" testListId="8c84fa94-04c1-424b-9868-57a2d4851a1d" />
    <TestEntry testId="8031668c-d19b-b8db-0235-3b555a1ef3fc" executionId="29a7a5fb-17e9-4248-a710-2ca7832b649f" testListId="8c84fa94-04c1-424b-9868-57a2d4851a1d" />
    <TestEntry testId="af647e92-1ce2-064d-3a84-3476cb46d127" executionId="04a78497-62bb-4e0b-b4c4-05fc1b668b69" testListId="8c84fa94-04c1-424b-9868-57a2d4851a1d" />
    <TestEntry testId="d0aa19eb-08b4-b4f4-8874-599c8e5e451d" executionId="04422d65-dcf1-4f5b-8292-6723aefeb9bb" testListId="8c84fa94-04c1-424b-9868-57a2d4851a1d" />
    <TestEntry testId="ebc6b45b-0fe4-e4c2-6b7e-a061ba64a1b2" executionId="2b0ad7a0-e524-48e3-b6e2-77e39903c5f9" testListId="8c84fa94-04c1-424b-9868-57a2d4851a1d" />
    <TestEntry testId="411f59f3-34f9-62ac-9b26-0c3528e0b2f7" executionId="fa02e26a-0217-4e79-8dd0-2dfdfc409aaa" testListId="8c84fa94-04c1-424b-9868-57a2d4851a1d" />
    <TestEntry testId="6d7a483b-6c01-6e31-c6bf-ec0c2f6ad577" executionId="ac3da58e-1a95-4304-b5e6-e535dad4e23a" testListId="8c84fa94-04c1-424b-9868-57a2d4851a1d" />
    <TestEntry testId="924a2837-bdda-5ff7-8002-b76459c46087" executionId="7459461a-3b55-4fd1-b5ba-9280fd1fa575" testListId="8c84fa94-04c1-424b-9868-57a2d4851a1d" />
    <TestEntry testId="8f9706bb-c4e8-83d9-78e0-248eda84983c" executionId="bea351f3-85a1-42ac-94f2-392f5b8702ee" testListId="8c84fa94-04c1-424b-9868-57a2d4851a1d" />
    <TestEntry testId="3bc1972c-43c3-09f6-6b21-23df0274286b" executionId="23cf3789-08d7-4ab4-8619-7acf8003f2a2" testListId="8c84fa94-04c1-424b-9868-57a2d4851a1d" />
    <TestEntry testId="0879aeff-9eea-f072-4fd3-f308a5ff4abd" executionId="7a4b35b6-da49-4a23-b578-bc0883d65deb" testListId="8c84fa94-04c1-424b-9868-57a2d4851a1d" />
    <TestEntry testId="6547cbe5-cb2c-b29f-9137-0cf0b96d8b18" executionId="e9c28f15-b06c-4a38-977d-4ae5bebacb10" testListId="8c84fa94-04c1-424b-9868-57a2d4851a1d" />
    <TestEntry testId="5c3e394b-5635-340f-a8f3-3c152e9b2b47" executionId="29b36d6f-f7cf-4de1-ae60-3e9722ee695d" testListId="8c84fa94-04c1-424b-9868-57a2d4851a1d" />
    <TestEntry testId="1f6f6946-e988-6d1a-ad4a-0a9338273d33" executionId="cceae898-fd06-4d4c-853b-04d4fa3e06e9" testListId="8c84fa94-04c1-424b-9868-57a2d4851a1d" />
    <TestEntry testId="4cd48cba-1ee4-9efa-c790-541706c3159b" executionId="98be0a58-2392-40c3-9755-f47bc4c0b19b" testListId="8c84fa94-04c1-424b-9868-57a2d4851a1d" />
    <TestEntry testId="9729a039-440f-b038-cbbc-13699377547c" executionId="693f69e0-6d84-4091-a2a2-cd61f08decb9" testListId="8c84fa94-04c1-424b-9868-57a2d4851a1d" />
    <TestEntry testId="34f0a146-8932-4124-920d-b39c3eb45d5b" executionId="8321a0d4-92d2-4684-9b94-9eab714fe463" testListId="8c84fa94-04c1-424b-9868-57a2d4851a1d" />
    <TestEntry testId="9a26edef-7dd2-4e60-c205-9ce214074484" executionId="6a292a81-bfa3-4ba0-ad7c-cbc19b775163" testListId="8c84fa94-04c1-424b-9868-57a2d4851a1d" />
    <TestEntry testId="62f5d1dd-bd59-22f3-6b49-8433f76fa54e" executionId="4a13d628-b59d-4f82-bc5c-37b5692a72fd" testListId="8c84fa94-04c1-424b-9868-57a2d4851a1d" />
    <TestEntry testId="ee802fc6-9af0-1284-c4b7-a8377911ec00" executionId="5f794ef5-aba8-4e05-8085-a960999b2351" testListId="8c84fa94-04c1-424b-9868-57a2d4851a1d" />
    <TestEntry testId="8b0489e4-2aca-7279-af69-b44674c9e8bb" executionId="bc163f48-d213-4dd5-9dce-985b7303970c" testListId="8c84fa94-04c1-424b-9868-57a2d4851a1d" />
    <TestEntry testId="c1072614-89d7-ecfa-6ece-76abc08d540d" executionId="032efa73-10da-48ea-8588-330d5053ccc1" testListId="8c84fa94-04c1-424b-9868-57a2d4851a1d" />
    <TestEntry testId="8ff3c0db-187d-d0d0-7eb2-736414974987" executionId="0e1cf2e2-088a-4624-8894-dce10be67de1" testListId="8c84fa94-04c1-424b-9868-57a2d4851a1d" />
    <TestEntry testId="7e3a9744-91b7-a2b9-ebb3-73a79e07c25d" executionId="89f8be88-4a82-4aeb-8be1-fcb3bba870ed" testListId="8c84fa94-04c1-424b-9868-57a2d4851a1d" />
    <TestEntry testId="b4180071-1e06-f3bd-f0e2-c5c49975b30c" executionId="ee1c6577-9c8f-40d5-b253-db76c955e91f" testListId="8c84fa94-04c1-424b-9868-57a2d4851a1d" />
    <TestEntry testId="a74078ad-01de-0282-292f-78f3a891fdb1" executionId="43a1269f-bad3-4a69-8350-bc0fce41fa29" testListId="8c84fa94-04c1-424b-9868-57a2d4851a1d" />
    <TestEntry testId="2a25c3ee-59d0-2484-ec0d-75637450d1ba" executionId="8a45fa41-3458-4b11-aa79-755c46d79a59" testListId="8c84fa94-04c1-424b-9868-57a2d4851a1d" />
    <TestEntry testId="3ecade73-7761-1f4e-e941-925f13343fbf" executionId="927e7f2e-106f-431e-893e-cf9c74380a82" testListId="8c84fa94-04c1-424b-9868-57a2d4851a1d" />
    <TestEntry testId="ab0172d5-f8de-2bd2-5705-f61f86ff407f" executionId="bbd24517-6f06-497b-8c0b-c93a068a750b" testListId="8c84fa94-04c1-424b-9868-57a2d4851a1d" />
    <TestEntry testId="18d4c37f-1583-f497-ec0c-ad5f807ccb48" executionId="897fa23c-40b1-4cac-abb8-b320e5f02263" testListId="8c84fa94-04c1-424b-9868-57a2d4851a1d" />
    <TestEntry testId="b72ed067-d3bd-e26d-3bed-f7f45c913059" executionId="d9705d8c-ddc7-4854-b9bb-8303f435f5f4" testListId="8c84fa94-04c1-424b-9868-57a2d4851a1d" />
    <TestEntry testId="013af074-e0c5-bb27-30f4-779070d7fe10" executionId="3669e049-f4c9-49b6-944d-774f1397a721" testListId="8c84fa94-04c1-424b-9868-57a2d4851a1d" />
    <TestEntry testId="52b61247-c43f-6660-c9e8-5fe03f0a7cdc" executionId="42ff4a99-ee57-4665-afbf-d0860b974feb" testListId="8c84fa94-04c1-424b-9868-57a2d4851a1d" />
    <TestEntry testId="ab791beb-155a-2340-25c5-938aea845fff" executionId="bcfa8d55-f100-4078-8f9c-209698d1f7be" testListId="8c84fa94-04c1-424b-9868-57a2d4851a1d" />
    <TestEntry testId="19f9e186-a4aa-4850-0176-aa961f311415" executionId="33401c9e-0b9f-4720-b7d2-ef534cf689ae" testListId="8c84fa94-04c1-424b-9868-57a2d4851a1d" />
    <TestEntry testId="0228ec1a-cf44-e616-5aa7-aefd86959073" executionId="3f36a7e7-f911-4155-83e2-1d274085d5f6" testListId="8c84fa94-04c1-424b-9868-57a2d4851a1d" />
    <TestEntry testId="2096051f-0719-d6b7-7ba6-a9c6fbdaed26" executionId="fff53653-beca-4a46-86ac-6346acb2ea64" testListId="8c84fa94-04c1-424b-9868-57a2d4851a1d" />
    <TestEntry testId="193486f8-7638-5e27-f7c4-f2239a7e9f22" executionId="25132aa2-c1d0-4840-b0eb-c8c5079f12e6" testListId="8c84fa94-04c1-424b-9868-57a2d4851a1d" />
    <TestEntry testId="b88cda59-316a-d792-4d81-e490d0212c2d" executionId="edb7b1a4-e861-46ca-b0cf-93d487a17d1a" testListId="8c84fa94-04c1-424b-9868-57a2d4851a1d" />
    <TestEntry testId="3a993a67-299c-3f87-5430-509e79a52fc2" executionId="c930cbbc-fde7-40a1-b3d9-3ab26b0bd04b" testListId="8c84fa94-04c1-424b-9868-57a2d4851a1d" />
    <TestEntry testId="9ceef6d7-c6e7-377c-fe84-df2fd32fca20" executionId="f4ad0ee4-edf4-4551-9e03-c48ac0675e5d" testListId="8c84fa94-04c1-424b-9868-57a2d4851a1d" />
    <TestEntry testId="62c33e58-2f83-26ac-2ae0-9b8229cc93ab" executionId="22629992-547f-4cfa-9bfa-2284f60ed381" testListId="8c84fa94-04c1-424b-9868-57a2d4851a1d" />
    <TestEntry testId="6d7beee1-1275-7fbd-2196-741c8c2b81ed" executionId="7058c2aa-0704-4ca1-95a4-4d82acd2bc92" testListId="8c84fa94-04c1-424b-9868-57a2d4851a1d" />
    <TestEntry testId="ff7c2091-3327-e767-4933-31644bd21f67" executionId="96fb8099-d9d4-4f45-879b-b5f73897fdde" testListId="8c84fa94-04c1-424b-9868-57a2d4851a1d" />
    <TestEntry testId="e6f8099a-7c83-15b0-1a09-13322c0e5611" executionId="15243c68-7aff-47d3-bd4e-6b3a24a7730b" testListId="8c84fa94-04c1-424b-9868-57a2d4851a1d" />
    <TestEntry testId="1fee9821-3919-b84e-fa07-8bc4fb6625e5" executionId="e2a1d2f2-f234-4adf-8f3d-edfb728ee4cb" testListId="8c84fa94-04c1-424b-9868-57a2d4851a1d" />
    <TestEntry testId="99010084-55ec-2d67-80ac-70f30d045fef" executionId="98c874a5-e2bf-44bd-9d4f-42dee5c1834a" testListId="8c84fa94-04c1-424b-9868-57a2d4851a1d" />
    <TestEntry testId="c14045dd-f91b-3e98-d221-a8a83ca7b93f" executionId="7e5c5f91-e9f8-4493-b95c-2808e677cce0" testListId="8c84fa94-04c1-424b-9868-57a2d4851a1d" />
    <TestEntry testId="70962b03-3000-68e4-fd2c-d9ce13588e5d" executionId="d6258b49-8c6d-4cb6-93b6-bdefac087f2d" testListId="8c84fa94-04c1-424b-9868-57a2d4851a1d" />
    <TestEntry testId="4bf9f205-774f-fb42-8d24-b7d8013c94d1" executionId="ad10b746-ff13-49ed-b1dc-d041c429e900" testListId="8c84fa94-04c1-424b-9868-57a2d4851a1d" />
    <TestEntry testId="67877ab3-cd79-0712-f2c5-84dba6ba53b5" executionId="481d6694-ced9-49fb-9419-ef7727aaddd1" testListId="8c84fa94-04c1-424b-9868-57a2d4851a1d" />
    <TestEntry testId="003f2eb1-16a9-1fca-9f6b-de2c702ff29c" executionId="8f65644c-be6b-403d-ba5c-38c775dca4b9" testListId="8c84fa94-04c1-424b-9868-57a2d4851a1d" />
    <TestEntry testId="019703dd-2e5c-665b-f543-025b13ca7b6d" executionId="3a846072-269b-4650-a39d-85004d333bb4" testListId="8c84fa94-04c1-424b-9868-57a2d4851a1d" />
    <TestEntry testId="cd9462e7-2aeb-f1cd-df73-927f31a7638d" executionId="d8d84f25-a3ce-4362-b6f8-b78b90906311" testListId="8c84fa94-04c1-424b-9868-57a2d4851a1d" />
    <TestEntry testId="43108df8-7f9e-e70a-a456-a12f9dd6bbcf" executionId="a6d1d758-50eb-416b-940d-97b94bb8c8a0" testListId="8c84fa94-04c1-424b-9868-57a2d4851a1d" />
    <TestEntry testId="6cb1a840-6047-af3c-c464-8f4bf5b097d2" executionId="a92f74ee-f25d-4cd3-b77a-3a3423bf0a39" testListId="8c84fa94-04c1-424b-9868-57a2d4851a1d" />
    <TestEntry testId="aa7a6137-3efe-902b-7df5-672c2c4d55d3" executionId="9942302f-566b-4756-93d9-7bbb67b5f3a2" testListId="8c84fa94-04c1-424b-9868-57a2d4851a1d" />
    <TestEntry testId="6d830e63-8fcb-8140-fe0b-9a127d46ab00" executionId="7efdf8d0-d9ea-49ce-a7dc-49ab6ea08af3" testListId="8c84fa94-04c1-424b-9868-57a2d4851a1d" />
    <TestEntry testId="999b4cf4-0fb5-ec67-530a-d59638da1c9d" executionId="7041a065-1fd3-4bbe-bc20-74f0da5e1434" testListId="8c84fa94-04c1-424b-9868-57a2d4851a1d" />
    <TestEntry testId="31f3b2f4-1b28-6746-2403-d25f9fbdfdf8" executionId="7cbbfeec-6ad2-4da6-b8bb-f7ac02bdd46b" testListId="8c84fa94-04c1-424b-9868-57a2d4851a1d" />
    <TestEntry testId="33f7c76c-bb78-6b08-abcd-e808bcbcf4f9" executionId="00d2a845-928a-4cf0-b923-3e4fa5354b65" testListId="8c84fa94-04c1-424b-9868-57a2d4851a1d" />
    <TestEntry testId="7511a43c-a4b1-13d6-6238-776526db53ad" executionId="f7dfe028-74d6-4fa7-a2b5-7861509e4064" testListId="8c84fa94-04c1-424b-9868-57a2d4851a1d" />
    <TestEntry testId="d0d2c3b5-6a63-09c0-0a9b-894aa7a6f45d" executionId="450b1ac9-3e5e-418e-940f-9681c4d7b225" testListId="8c84fa94-04c1-424b-9868-57a2d4851a1d" />
    <TestEntry testId="a86e36e4-e94e-5f42-8494-d796a058bcf2" executionId="cbd8b047-4297-4ba9-96c7-df84ed3635c5" testListId="8c84fa94-04c1-424b-9868-57a2d4851a1d" />
    <TestEntry testId="6d87e1fd-55be-eef4-fa85-511734dc705c" executionId="9e3fe44a-aa76-42b8-bef6-5b358e69cb9d" testListId="8c84fa94-04c1-424b-9868-57a2d4851a1d" />
    <TestEntry testId="10d7715a-d53b-4b8e-fcec-78d41ef67dac" executionId="e1755c71-e82a-4edf-96f1-26de7b3a69e5" testListId="8c84fa94-04c1-424b-9868-57a2d4851a1d" />
    <TestEntry testId="44b78ff5-3e7b-b701-e798-52be3aafb6cb" executionId="bffb1afb-9b2e-4f1f-b307-7204c3767f9c" testListId="8c84fa94-04c1-424b-9868-57a2d4851a1d" />
    <TestEntry testId="5d659f4c-0006-5095-6e01-261fba69eeb2" executionId="0812fda4-4db3-4ca4-a40c-b673876b82e1" testListId="8c84fa94-04c1-424b-9868-57a2d4851a1d" />
    <TestEntry testId="2fcf9509-91d2-8211-d6e4-a72c7870e72f" executionId="5067e403-2d53-4aaf-9a0c-9f7afd82ff45" testListId="8c84fa94-04c1-424b-9868-57a2d4851a1d" />
    <TestEntry testId="15d0df81-8794-5fa5-b2c8-6331ce7be91e" executionId="6ac13555-361d-47e1-aad8-c656e1be3023" testListId="8c84fa94-04c1-424b-9868-57a2d4851a1d" />
    <TestEntry testId="4a85101f-96ab-da99-c27c-46820deea64a" executionId="eb745526-4b62-4b73-91df-63c97c6d9b73" testListId="8c84fa94-04c1-424b-9868-57a2d4851a1d" />
    <TestEntry testId="2256e44b-d5c1-25c7-1712-2e03764de95a" executionId="c0920fe6-f4c2-4f2b-bffb-d538e0563832" testListId="8c84fa94-04c1-424b-9868-57a2d4851a1d" />
    <TestEntry testId="cb98919d-41c2-f114-3856-49dce9ef8634" executionId="9f045f1a-cd86-42c9-9a29-499cdd717af4" testListId="8c84fa94-04c1-424b-9868-57a2d4851a1d" />
    <TestEntry testId="5126ad9e-208d-14c5-d223-4d3af568be87" executionId="8cc55499-92d8-4840-a1aa-7e6b85bb19b8" testListId="8c84fa94-04c1-424b-9868-57a2d4851a1d" />
    <TestEntry testId="8b50f6a7-4d32-7ee6-c298-95c6826dd2dd" executionId="2bd24565-2f66-4f04-94f7-6822e3edfff7" testListId="8c84fa94-04c1-424b-9868-57a2d4851a1d" />
    <TestEntry testId="30667a3d-da81-f223-5d62-6b3c054e0a23" executionId="972c857e-7875-4082-b7ed-1aa07c777079" testListId="8c84fa94-04c1-424b-9868-57a2d4851a1d" />
    <TestEntry testId="5350316f-15de-b350-a21b-48de21601546" executionId="07f88b70-1a18-41ed-b904-ff7506bc625d" testListId="8c84fa94-04c1-424b-9868-57a2d4851a1d" />
    <TestEntry testId="e47068f5-ce83-2091-31a6-2a3fb625188b" executionId="2e4948c1-6718-4d6f-a882-ec780f676c51" testListId="8c84fa94-04c1-424b-9868-57a2d4851a1d" />
    <TestEntry testId="5ba61b11-551a-10ce-86ec-bdc1ee67e90e" executionId="0c1d38ba-53ac-4c4f-b2ec-ba9a8aee3c32" testListId="8c84fa94-04c1-424b-9868-57a2d4851a1d" />
    <TestEntry testId="d6d3d886-1a00-8e52-5627-e1236e6e1c62" executionId="2d20c25f-bee9-43db-a143-f88e1d647d1f" testListId="8c84fa94-04c1-424b-9868-57a2d4851a1d" />
    <TestEntry testId="1f3ff8e1-e91a-ea79-b96f-cb3e726fda8c" executionId="6da89c98-079d-46bf-9fdd-8529c94963ad" testListId="8c84fa94-04c1-424b-9868-57a2d4851a1d" />
    <TestEntry testId="d60b51ff-35d6-643f-09d4-bd5f7bbab23c" executionId="189e5e53-9236-41c5-9c25-7ffc1edfa35f" testListId="8c84fa94-04c1-424b-9868-57a2d4851a1d" />
    <TestEntry testId="b3f5716b-ac2d-a73d-5199-29412e45cde1" executionId="885b6385-49c8-4e69-9c9a-7e5768bc735e" testListId="8c84fa94-04c1-424b-9868-57a2d4851a1d" />
    <TestEntry testId="50fa8f71-8d78-c5b2-6484-06fffd5546d4" executionId="e8dbba95-1f6b-4393-9030-969be6197ed0" testListId="8c84fa94-04c1-424b-9868-57a2d4851a1d" />
    <TestEntry testId="c8e339c4-495d-6682-fb59-508814014af3" executionId="13d31b12-8f2e-4df0-905e-e5e299a05b21" testListId="8c84fa94-04c1-424b-9868-57a2d4851a1d" />
    <TestEntry testId="f8b329c4-164a-78d1-46cd-26aea567ce35" executionId="30ac7ff5-48fc-4c46-8964-604459e582de" testListId="8c84fa94-04c1-424b-9868-57a2d4851a1d" />
    <TestEntry testId="b0606947-aad7-eee5-1152-2a1ec56d9255" executionId="f91569c2-a588-4d98-8745-d1ce329ea11f" testListId="8c84fa94-04c1-424b-9868-57a2d4851a1d" />
    <TestEntry testId="ea32b4ee-de29-bcf5-9e6a-b7b5b963e16b" executionId="993c65ef-74cb-49ed-899e-953d22a06a5d" testListId="8c84fa94-04c1-424b-9868-57a2d4851a1d" />
    <TestEntry testId="4d791645-14ca-671e-50ed-7143a80c7959" executionId="2fb60be3-47d2-4b32-b84a-c24d5c41a555" testListId="8c84fa94-04c1-424b-9868-57a2d4851a1d" />
    <TestEntry testId="2df2278f-2596-2f16-dbea-2fed2d64436a" executionId="ab0a27f0-9435-4f06-a7c4-add992ce1ff0" testListId="8c84fa94-04c1-424b-9868-57a2d4851a1d" />
    <TestEntry testId="df0ff2b1-bb1d-04f9-1b59-ee245aa596c1" executionId="73d2e3ba-3bfb-43f3-af54-42b7d4d95ca1" testListId="8c84fa94-04c1-424b-9868-57a2d4851a1d" />
    <TestEntry testId="eda4a5c5-8fa3-8699-5242-449863672e55" executionId="2dc477a3-8406-47f0-abfd-d7a281f1294b" testListId="8c84fa94-04c1-424b-9868-57a2d4851a1d" />
    <TestEntry testId="0585f1ec-f642-09e1-866f-6d3653426f93" executionId="2f5416e6-0ce4-4903-83bd-d4dfc8a4fd8f" testListId="8c84fa94-04c1-424b-9868-57a2d4851a1d" />
    <TestEntry testId="871d08c9-a126-7256-6ea3-61a20f361a2f" executionId="a17b5ab5-873a-4bcf-bbba-d009ec2d83b4" testListId="8c84fa94-04c1-424b-9868-57a2d4851a1d" />
    <TestEntry testId="75b52445-788c-0c2d-ad1d-9437d196417b" executionId="037e6618-32b7-4b7a-83d6-ed5a2289d82a" testListId="8c84fa94-04c1-424b-9868-57a2d4851a1d" />
    <TestEntry testId="01a2041b-e2e4-e363-0b4d-3c74dc73e548" executionId="933ba44a-24d5-4334-b94b-0284d675136f" testListId="8c84fa94-04c1-424b-9868-57a2d4851a1d" />
    <TestEntry testId="fde0012a-20a9-aebc-bee1-b5bf65a4ee27" executionId="b1e03368-aee6-4cdf-a9d3-f8099be97eb9" testListId="8c84fa94-04c1-424b-9868-57a2d4851a1d" />
    <TestEntry testId="74c0392b-8615-24d3-2fd0-e6af46d2098a" executionId="5ed6b8a8-217f-41b8-b449-e259c7167778" testListId="8c84fa94-04c1-424b-9868-57a2d4851a1d" />
    <TestEntry testId="08a52aeb-79ca-913a-5dc9-ebd6568dcfe7" executionId="41981cee-33c3-499e-91a7-e1ea3e0911f9" testListId="8c84fa94-04c1-424b-9868-57a2d4851a1d" />
    <TestEntry testId="7f685fe8-e8c1-84de-476c-7b3537eb652d" executionId="6675d411-b4ab-488a-b124-4e294d7ba7fe" testListId="8c84fa94-04c1-424b-9868-57a2d4851a1d" />
    <TestEntry testId="e2ab17d6-1636-8e4d-ad78-a6d89568282f" executionId="5eb9f799-06c4-4b76-80b4-a4213e30fd42" testListId="8c84fa94-04c1-424b-9868-57a2d4851a1d" />
    <TestEntry testId="30177b80-4255-9855-fa20-76724e89c280" executionId="46c3c778-68fb-430e-958f-4ecda6cc5402" testListId="8c84fa94-04c1-424b-9868-57a2d4851a1d" />
    <TestEntry testId="f7704aaa-e660-9ea3-e9fc-e4f0ba02380e" executionId="2300b981-f0bb-446a-a79a-fb9fb9e2ff5b" testListId="8c84fa94-04c1-424b-9868-57a2d4851a1d" />
    <TestEntry testId="9f3779e0-204e-fe43-610e-1a907c82fa52" executionId="a15bca29-4857-4d45-abaa-fb6ebf63a1b6" testListId="8c84fa94-04c1-424b-9868-57a2d4851a1d" />
    <TestEntry testId="80bc6a5a-eb03-5068-fdbc-47b2721cfaa4" executionId="68cfc2fb-f786-45da-847a-e77d78e94d13" testListId="8c84fa94-04c1-424b-9868-57a2d4851a1d" />
    <TestEntry testId="f0b07320-4d8e-00cc-a232-a17246b4be02" executionId="43300079-17be-4e90-9e8c-bb982590f9be" testListId="8c84fa94-04c1-424b-9868-57a2d4851a1d" />
    <TestEntry testId="5f70f144-9947-887e-d6e7-1aeb2f4f79bb" executionId="944a447c-41dd-409a-b872-b3f393828640" testListId="8c84fa94-04c1-424b-9868-57a2d4851a1d" />
    <TestEntry testId="032ef3ac-363e-da8d-efab-865406d6fd71" executionId="6275ea6a-3384-452e-a392-97af00550ede" testListId="8c84fa94-04c1-424b-9868-57a2d4851a1d" />
    <TestEntry testId="0d10a7ac-0e5b-dd5d-82c4-53603840d067" executionId="46428dcd-92f4-46a7-b6c3-f79978f86970" testListId="8c84fa94-04c1-424b-9868-57a2d4851a1d" />
    <TestEntry testId="1a12a91e-b03d-45d3-fd2d-061c9630072a" executionId="3ed42ffe-992a-411c-905b-59661d8e1626" testListId="8c84fa94-04c1-424b-9868-57a2d4851a1d" />
    <TestEntry testId="2266e366-c62d-09c9-ded7-1e7b5d0da037" executionId="0f83dfb9-fbba-4f9a-8039-3efdea38eee4" testListId="8c84fa94-04c1-424b-9868-57a2d4851a1d" />
    <TestEntry testId="079ffdd2-77ff-69de-b8c6-9423e86a8bc9" executionId="822afe0a-8393-40c2-86cf-34a173c5762a" testListId="8c84fa94-04c1-424b-9868-57a2d4851a1d" />
    <TestEntry testId="fa21426d-34f2-265b-fd21-637426cd5f3c" executionId="fc10e979-3bbf-45a3-a288-4ba54fcc5590" testListId="8c84fa94-04c1-424b-9868-57a2d4851a1d" />
    <TestEntry testId="f0195bc9-b668-8b5d-b703-9a52aa1e98e6" executionId="2902339d-0a14-4f2e-97aa-b5a3e7a05858" testListId="8c84fa94-04c1-424b-9868-57a2d4851a1d" />
    <TestEntry testId="6f2af002-27a0-bce9-8dd8-c05215b58bbb" executionId="3a7d6410-23e7-4b68-9831-eb258e3c1edf" testListId="8c84fa94-04c1-424b-9868-57a2d4851a1d" />
    <TestEntry testId="66a19620-a3b0-afbc-935a-264e635ffa8f" executionId="cb9ef2f2-280d-4092-ab1f-99af9cdd1ec5" testListId="8c84fa94-04c1-424b-9868-57a2d4851a1d" />
    <TestEntry testId="a0ca8000-3ed1-5654-296c-23ca811068ca" executionId="8eecceef-87e7-4f75-955f-ea0f3c9832c7" testListId="8c84fa94-04c1-424b-9868-57a2d4851a1d" />
    <TestEntry testId="653d3743-7cb8-b116-b4af-cf8e20bba6f6" executionId="6e108354-f34b-4acc-9293-6a22b2c09bb4" testListId="8c84fa94-04c1-424b-9868-57a2d4851a1d" />
    <TestEntry testId="8642e301-1a01-c43f-5457-781e9082a823" executionId="4f447562-e1d4-42c2-9e49-179324603bfd" testListId="8c84fa94-04c1-424b-9868-57a2d4851a1d" />
    <TestEntry testId="ee980d6a-c8f2-fb3c-69f5-92dd6531facb" executionId="7ddf7e46-c226-4cac-8cbd-e99de7f5b105" testListId="8c84fa94-04c1-424b-9868-57a2d4851a1d" />
    <TestEntry testId="f705c669-0318-6f5e-e8e5-1b4eaa9f9880" executionId="68637a86-8cfb-4453-b209-40013019f59f" testListId="8c84fa94-04c1-424b-9868-57a2d4851a1d" />
    <TestEntry testId="8a90efb2-6fff-e39e-99bc-4c5b85d7b70e" executionId="846b426c-e0b9-4997-9e4c-b0a2bac40dc9" testListId="8c84fa94-04c1-424b-9868-57a2d4851a1d" />
    <TestEntry testId="cf2ff463-604f-4bdf-13f9-b9c49d510424" executionId="137bcb92-3bdc-4359-8fca-304ffc6e79e1" testListId="8c84fa94-04c1-424b-9868-57a2d4851a1d" />
    <TestEntry testId="673ac6d3-d960-9ab3-69aa-92efadf19225" executionId="0087fa29-e21d-402a-8502-3c1c30706a87" testListId="8c84fa94-04c1-424b-9868-57a2d4851a1d" />
    <TestEntry testId="77219b7a-0f6b-514e-c829-c9674c2f30c4" executionId="6226528f-f29c-44e6-b86a-195a4011cc6b" testListId="8c84fa94-04c1-424b-9868-57a2d4851a1d" />
    <TestEntry testId="c98d8a8b-c350-72b5-2be4-aa500796a5e0" executionId="7a603c0d-7360-4920-a875-c7f46a526917" testListId="8c84fa94-04c1-424b-9868-57a2d4851a1d" />
    <TestEntry testId="3890aa01-b165-5f49-b90e-3db1a4c16e7b" executionId="e1c6377c-c310-4b0d-9dc3-00b4b69e5876" testListId="8c84fa94-04c1-424b-9868-57a2d4851a1d" />
    <TestEntry testId="1ae426c8-73f8-48b1-c4fd-f2736013951b" executionId="70b1577a-b5bb-4448-b802-daa9b2e63bc6" testListId="8c84fa94-04c1-424b-9868-57a2d4851a1d" />
    <TestEntry testId="8294d7f7-2da1-4ee0-8cd3-c37ff5907cd4" executionId="1eb6cb3a-5e0a-44b6-bab3-f5e09fb470d1" testListId="8c84fa94-04c1-424b-9868-57a2d4851a1d" />
    <TestEntry testId="1d19ec21-e870-5f10-f860-7ea25dd398b9" executionId="b14714df-cd53-4766-84a2-981441de86ac" testListId="8c84fa94-04c1-424b-9868-57a2d4851a1d" />
    <TestEntry testId="19ed11aa-a710-6873-89bb-77d5892f3032" executionId="32aaca16-d122-46f7-a698-7ff8f0f9da08" testListId="8c84fa94-04c1-424b-9868-57a2d4851a1d" />
    <TestEntry testId="0877987f-a018-03de-71dc-2e8ff937b395" executionId="348dcca5-68d7-46a8-9fcc-94921f10999d" testListId="8c84fa94-04c1-424b-9868-57a2d4851a1d" />
    <TestEntry testId="95464817-3328-92d5-e9f2-a7a51a663358" executionId="40bd7bb1-74d1-4561-b91d-90e7fca85b98" testListId="8c84fa94-04c1-424b-9868-57a2d4851a1d" />
    <TestEntry testId="6c106499-e2c3-a0a7-eafe-eacf56794202" executionId="b678eb0b-9e37-40ff-9cea-28671e33a480" testListId="8c84fa94-04c1-424b-9868-57a2d4851a1d" />
    <TestEntry testId="8f2c1c6f-2d06-5c80-db10-fbc31b9e4155" executionId="71635e84-9ec5-4551-a60b-a4288ec01c44" testListId="8c84fa94-04c1-424b-9868-57a2d4851a1d" />
    <TestEntry testId="c781d212-7be9-917b-2eb4-49e5e562dd6d" executionId="df58e905-9307-4566-9700-7c3d230b36c3" testListId="8c84fa94-04c1-424b-9868-57a2d4851a1d" />
    <TestEntry testId="55667650-7485-4ca3-fd19-23d2a7a126c7" executionId="0a8324ef-045d-4d9d-8659-b78087637d22" testListId="8c84fa94-04c1-424b-9868-57a2d4851a1d" />
    <TestEntry testId="2baaf6a6-6812-8b99-5d21-fa95ac740bec" executionId="35320f9c-8ce9-431f-a966-b8db247aaae9" testListId="8c84fa94-04c1-424b-9868-57a2d4851a1d" />
    <TestEntry testId="ba6808c0-f426-8a5b-0695-d6b57a217c84" executionId="63efa557-0679-4b19-a2e3-9f5e4b62a62f" testListId="8c84fa94-04c1-424b-9868-57a2d4851a1d" />
    <TestEntry testId="5782f6c4-4818-df21-281e-6b620d8a99e2" executionId="3ff62999-c549-49e4-b061-48439c320024" testListId="8c84fa94-04c1-424b-9868-57a2d4851a1d" />
    <TestEntry testId="5203fca7-8d46-0785-3587-4e70c16ca73b" executionId="677db7bb-fe0d-461b-a7a5-3121bfd82be0" testListId="8c84fa94-04c1-424b-9868-57a2d4851a1d" />
    <TestEntry testId="3ef96430-2ab3-5a48-be56-e156f8c42b82" executionId="7081878f-bd45-457f-ba7c-8c63bee09e4a" testListId="8c84fa94-04c1-424b-9868-57a2d4851a1d" />
    <TestEntry testId="be38a0d7-e0e2-fccd-c5e6-b3a3fded648e" executionId="b584a49e-624e-41bf-b696-9459df775a7d" testListId="8c84fa94-04c1-424b-9868-57a2d4851a1d" />
    <TestEntry testId="7eff9737-dcfc-63b6-3d57-04bd941b7068" executionId="50d3c2eb-41d1-4c54-a7a5-49881092a587" testListId="8c84fa94-04c1-424b-9868-57a2d4851a1d" />
    <TestEntry testId="63740491-dbe7-68e1-03c8-149486e0c4ce" executionId="73bcc617-1a88-45d5-98f6-176566fd302c" testListId="8c84fa94-04c1-424b-9868-57a2d4851a1d" />
    <TestEntry testId="ae46ec5c-7f7f-c8d8-b22b-c6a93692a055" executionId="cc8933cc-99f4-4af5-88b9-5de84f0c16ce" testListId="8c84fa94-04c1-424b-9868-57a2d4851a1d" />
    <TestEntry testId="d928fd2c-924f-38de-6b58-5c8ead779399" executionId="d91e5b1a-738c-4ece-a4b6-b3bc3e877aac" testListId="8c84fa94-04c1-424b-9868-57a2d4851a1d" />
    <TestEntry testId="ddd37070-3a26-e09f-cfe8-adfb9adc29e7" executionId="9f36d0b3-d7bf-4fca-824e-7b5c35760a98" testListId="8c84fa94-04c1-424b-9868-57a2d4851a1d" />
    <TestEntry testId="730c03ae-3d59-370f-6166-c801ea6b544e" executionId="a832e1f9-b1ba-4179-8fd2-ce1a141e3799" testListId="8c84fa94-04c1-424b-9868-57a2d4851a1d" />
    <TestEntry testId="ef0ba115-bb03-098e-48b3-8914fb59fb7f" executionId="5f194ca6-1cfb-43ad-931b-af6ea1157d69" testListId="8c84fa94-04c1-424b-9868-57a2d4851a1d" />
    <TestEntry testId="63753db1-a700-4ddb-bad0-85dcc6fc1038" executionId="b58a716a-38f6-44a8-9800-67f85b31027b" testListId="8c84fa94-04c1-424b-9868-57a2d4851a1d" />
    <TestEntry testId="b8e09496-6d7b-6d6d-0f84-90360e0cb28c" executionId="cf33a9b7-7319-4bb7-929d-ee1005b14589" testListId="8c84fa94-04c1-424b-9868-57a2d4851a1d" />
    <TestEntry testId="f23379d7-78c4-9613-54fe-537fd665f06d" executionId="654b6aea-bac4-4f4b-8a50-3b7828ce6ff2" testListId="8c84fa94-04c1-424b-9868-57a2d4851a1d" />
    <TestEntry testId="2c747d1f-f1c9-2115-b65f-2b6f4087b146" executionId="78297002-4a6c-4c97-b6c1-e7b7bd18c5af" testListId="8c84fa94-04c1-424b-9868-57a2d4851a1d" />
    <TestEntry testId="929aa209-e3f7-852b-9884-da4d7850f9c4" executionId="9977c44b-4af6-4b2a-82b9-a1e4400d1b90" testListId="8c84fa94-04c1-424b-9868-57a2d4851a1d" />
    <TestEntry testId="8c36f3a4-ca31-a9e9-241d-dbc70385ef49" executionId="2a260d42-2653-490e-9616-4159e1011d68" testListId="8c84fa94-04c1-424b-9868-57a2d4851a1d" />
    <TestEntry testId="795f8691-da02-dc90-c006-df2b05e484b8" executionId="480f2333-cf8f-4bbf-ab77-3eb323de874f" testListId="8c84fa94-04c1-424b-9868-57a2d4851a1d" />
    <TestEntry testId="3a8b252e-af29-2782-c8cf-4c2dc2637787" executionId="e726a084-1e6b-429b-a08e-705dd3ccb5b6" testListId="8c84fa94-04c1-424b-9868-57a2d4851a1d" />
    <TestEntry testId="aab26939-6c58-dafe-eca6-6d66c1372e38" executionId="40d380cf-a5be-4e2b-8b68-343b7c69c28e" testListId="8c84fa94-04c1-424b-9868-57a2d4851a1d" />
    <TestEntry testId="a973dd7a-7c46-af87-44cd-7bf4a36abf9b" executionId="08506994-038b-4dd8-bccd-cfce7691e1ed" testListId="8c84fa94-04c1-424b-9868-57a2d4851a1d" />
    <TestEntry testId="d4537562-1c96-4e07-3939-b2da6a34e9fc" executionId="a1784be0-51c6-4c78-89ae-ef24f43b8578" testListId="8c84fa94-04c1-424b-9868-57a2d4851a1d" />
    <TestEntry testId="aab50796-093f-3ad1-51eb-ff5551165480" executionId="dd5d48fb-4239-4b81-a654-e0619b7ec397" testListId="8c84fa94-04c1-424b-9868-57a2d4851a1d" />
    <TestEntry testId="eff1fee9-aafb-67b9-c268-648d008d92e6" executionId="02dfa208-3527-4a5d-954d-d568a5049452" testListId="8c84fa94-04c1-424b-9868-57a2d4851a1d" />
    <TestEntry testId="f7bbc740-e3de-3780-77bc-e74850eb0f4f" executionId="126a3e6a-9c1d-47d4-9670-4287de27afda" testListId="8c84fa94-04c1-424b-9868-57a2d4851a1d" />
    <TestEntry testId="fe7b897c-fd2e-f8e6-f880-7f5c0aaede02" executionId="8813aae1-0d8b-4c26-a061-9468c9c0ed5d" testListId="8c84fa94-04c1-424b-9868-57a2d4851a1d" />
    <TestEntry testId="2ff40e02-cd90-e19e-c947-03dc2242a050" executionId="f11ab6aa-3d32-41bd-8eaa-715df3b8890d" testListId="8c84fa94-04c1-424b-9868-57a2d4851a1d" />
    <TestEntry testId="5be72c0f-bb2d-feba-e528-7ed830f5c677" executionId="14b364bc-f839-4081-b524-836bfab41682" testListId="8c84fa94-04c1-424b-9868-57a2d4851a1d" />
    <TestEntry testId="7fc03f6c-44c6-760a-ff15-5a01859458b0" executionId="fff547e1-105a-4ac5-8db7-66a880c21aaa" testListId="8c84fa94-04c1-424b-9868-57a2d4851a1d" />
    <TestEntry testId="2044c162-1147-8fb8-adb8-ab6044bfdf21" executionId="49076f5f-238d-43b2-b829-804c8747150c" testListId="8c84fa94-04c1-424b-9868-57a2d4851a1d" />
    <TestEntry testId="a3da5712-1fc6-1483-5013-eb15e94741bb" executionId="f91d116a-5cf0-42f5-bab8-19c503a3dbe0" testListId="8c84fa94-04c1-424b-9868-57a2d4851a1d" />
    <TestEntry testId="0fcf9b9b-b820-ecc4-eb7d-d476c5dd956f" executionId="ba7baa52-d433-40bd-9bb3-c48d9abab426" testListId="8c84fa94-04c1-424b-9868-57a2d4851a1d" />
    <TestEntry testId="a8222741-473a-8061-b947-f4446415fedc" executionId="97e3ac34-15bb-4b9b-bf6a-d908627ab2ea" testListId="8c84fa94-04c1-424b-9868-57a2d4851a1d" />
    <TestEntry testId="7135bf06-d0f7-d1fd-424d-aa321ae4fc62" executionId="33964c04-d655-454e-9f56-8be354af0412" testListId="8c84fa94-04c1-424b-9868-57a2d4851a1d" />
    <TestEntry testId="5611fb35-7f75-b2a9-be17-8e2f5c001e43" executionId="ec8fbf7f-9c57-48fe-acf2-ff0f9341d558" testListId="8c84fa94-04c1-424b-9868-57a2d4851a1d" />
    <TestEntry testId="824839a8-20c1-e236-c120-b27a5f944d83" executionId="7673c319-cd44-4a5f-ab62-495eb2fe2e4e" testListId="8c84fa94-04c1-424b-9868-57a2d4851a1d" />
    <TestEntry testId="2ce66dbc-f5ab-5500-4273-caffb3bf4e5f" executionId="02f7fde3-5ba9-4450-a5e7-ded37ccf8548" testListId="8c84fa94-04c1-424b-9868-57a2d4851a1d" />
    <TestEntry testId="8788403a-0d19-e088-1175-07bf39207809" executionId="6d2c4918-e21b-489e-9736-052fa67c62e7" testListId="8c84fa94-04c1-424b-9868-57a2d4851a1d" />
    <TestEntry testId="ae4c83e6-0f4d-65f8-22c1-23c6464f33a2" executionId="d68bcc6f-64a9-43ec-bcc0-8618df944537" testListId="8c84fa94-04c1-424b-9868-57a2d4851a1d" />
    <TestEntry testId="f4d3ad23-32ef-7284-391b-46eb33d6f78f" executionId="0e7d49f4-bf76-47c8-b0a8-7cab746cb386" testListId="8c84fa94-04c1-424b-9868-57a2d4851a1d" />
    <TestEntry testId="f567e5a6-a665-67c2-8449-b66348dc3570" executionId="b26f65a1-224f-4646-902d-707a999bc350" testListId="8c84fa94-04c1-424b-9868-57a2d4851a1d" />
    <TestEntry testId="00d05e1f-7d72-418e-9c9e-a769436ab485" executionId="36d8b2e4-4a03-447a-a10e-f4447981a035" testListId="8c84fa94-04c1-424b-9868-57a2d4851a1d" />
    <TestEntry testId="89411942-d38a-5bb6-81ec-67e7fdba9fc2" executionId="4edede62-121c-45c9-ad56-2bbc3e8102af" testListId="8c84fa94-04c1-424b-9868-57a2d4851a1d" />
    <TestEntry testId="154b1187-a8fe-288a-dff0-88f9c1f03683" executionId="0830f69a-9057-4cd9-a0b6-d64a92d105a6" testListId="8c84fa94-04c1-424b-9868-57a2d4851a1d" />
    <TestEntry testId="51c5dd4c-3587-911b-8de8-02b3003da056" executionId="b469e273-794f-400a-b975-f6fac844a095" testListId="8c84fa94-04c1-424b-9868-57a2d4851a1d" />
    <TestEntry testId="de5e6aa9-ab12-14ed-551c-79528da15404" executionId="7bf67918-13e0-4eeb-b542-19ce096169bf" testListId="8c84fa94-04c1-424b-9868-57a2d4851a1d" />
    <TestEntry testId="d1416a64-bf78-25ec-aee2-d5b8b18bc3dc" executionId="1ae0989c-a2ab-4c73-bbb3-0d4376c3c61c" testListId="8c84fa94-04c1-424b-9868-57a2d4851a1d" />
    <TestEntry testId="a78a0985-6ddf-5e1e-7544-6efb88194c31" executionId="c3141fdf-a37b-4c8a-9b17-dc5053f31f77" testListId="8c84fa94-04c1-424b-9868-57a2d4851a1d" />
    <TestEntry testId="97a9732c-79a7-6428-f306-649df62803fe" executionId="086cc7d6-994b-4e9e-b121-1c3f9741593e" testListId="8c84fa94-04c1-424b-9868-57a2d4851a1d" />
    <TestEntry testId="b0162767-b0d5-ac8c-e6c1-f87ef88a8da6" executionId="792f4a6d-f591-4e2d-880c-3452e5406ec4" testListId="8c84fa94-04c1-424b-9868-57a2d4851a1d" />
    <TestEntry testId="9bedcbf1-e681-ce6a-b113-25e2deb4a524" executionId="1f90f2b0-4e99-41dc-999c-f409d1b5f877" testListId="8c84fa94-04c1-424b-9868-57a2d4851a1d" />
    <TestEntry testId="72cdf8b5-0c4a-e649-1b33-3003eb144b1a" executionId="037313e1-263f-40ea-9b2d-badde3bb6160" testListId="8c84fa94-04c1-424b-9868-57a2d4851a1d" />
    <TestEntry testId="f74a6a94-f390-b5f6-1cb3-44e2f343eb63" executionId="0b3e1f10-c028-494b-abbf-bcb195dd0dd6" testListId="8c84fa94-04c1-424b-9868-57a2d4851a1d" />
    <TestEntry testId="0316afba-cad9-583a-5a60-4cda40610283" executionId="82ae7a89-885d-445b-801b-bd7bed5da4c8" testListId="8c84fa94-04c1-424b-9868-57a2d4851a1d" />
    <TestEntry testId="85677dc2-59d0-24ec-6909-57399a83a6f9" executionId="36cb1daf-05fc-478d-8488-a4b4751f7512" testListId="8c84fa94-04c1-424b-9868-57a2d4851a1d" />
    <TestEntry testId="b3c39b3e-760b-5274-9a96-a8ea10710638" executionId="93166feb-ef69-4664-b4d5-94277e0eb553" testListId="8c84fa94-04c1-424b-9868-57a2d4851a1d" />
    <TestEntry testId="923e4fe8-a8e9-3d7b-512d-479873b8f571" executionId="546924d5-7a85-4c2b-88da-d0a453aeb594" testListId="8c84fa94-04c1-424b-9868-57a2d4851a1d" />
    <TestEntry testId="735ac008-1cbd-a429-fd29-015f19236116" executionId="e81c47ce-55bd-45a6-a2a7-f0a6462d7c85" testListId="8c84fa94-04c1-424b-9868-57a2d4851a1d" />
    <TestEntry testId="6802e4b7-d13f-9fd7-e900-410b7d9a430f" executionId="2dd08751-f8f7-4c3d-9cfb-b17e013d9fc2" testListId="8c84fa94-04c1-424b-9868-57a2d4851a1d" />
    <TestEntry testId="66363822-7849-72a3-af25-779ac72e5857" executionId="ff50400c-5532-4ef9-9129-4f8813b95513" testListId="8c84fa94-04c1-424b-9868-57a2d4851a1d" />
    <TestEntry testId="75799e7f-c8b2-eb49-e7fc-7e63546cf626" executionId="64f8519b-51d0-4224-844f-dd0d8bd158fa" testListId="8c84fa94-04c1-424b-9868-57a2d4851a1d" />
    <TestEntry testId="a366a934-60e2-7009-7a6f-f68837f539c2" executionId="20a9a82b-369c-4bcc-96f1-f7fe93574c83" testListId="8c84fa94-04c1-424b-9868-57a2d4851a1d" />
    <TestEntry testId="c5db792d-e049-7e4c-45a4-ac95e98dbc54" executionId="9fdc0a36-6b32-48f2-b2cc-9e2e66265b59" testListId="8c84fa94-04c1-424b-9868-57a2d4851a1d" />
    <TestEntry testId="fd75bf1b-7547-e469-5bac-5caae1974719" executionId="7042f4fb-55de-429b-ae57-4772fd01d0cc" testListId="8c84fa94-04c1-424b-9868-57a2d4851a1d" />
    <TestEntry testId="2c7c7876-b123-f6b1-1eae-db6f6476f552" executionId="87f1cc4a-e143-47bb-8909-be9d74501918" testListId="8c84fa94-04c1-424b-9868-57a2d4851a1d" />
    <TestEntry testId="b9d72b25-82ca-6ec3-5870-6ffcc88918e2" executionId="7b01c9d9-8d3f-4b1c-bcd4-d4e61df0c0ba" testListId="8c84fa94-04c1-424b-9868-57a2d4851a1d" />
    <TestEntry testId="26656131-c125-7680-eabe-b2347d65af76" executionId="5cc740eb-a093-4f57-80c1-543e33cc0d60" testListId="8c84fa94-04c1-424b-9868-57a2d4851a1d" />
    <TestEntry testId="f3287b07-b05f-116b-412b-e12a39926f98" executionId="c8fdb433-0e72-4379-932c-9910872ef9aa" testListId="8c84fa94-04c1-424b-9868-57a2d4851a1d" />
    <TestEntry testId="d406e03e-ed03-b142-d7d1-88f454f977cb" executionId="17620e6e-d156-4cb3-9a9a-cf09bb74f49c" testListId="8c84fa94-04c1-424b-9868-57a2d4851a1d" />
  </TestEntries>
  <TestLists>
    <TestList name="Results Not in a List" id="8c84fa94-04c1-424b-9868-57a2d4851a1d" />
    <TestList name="All Loaded Results" id="19431567-8539-422a-85d7-44ee4e166bda" />
  </TestLists>
  <ResultSummary outcome="Failed">
    <Counters total="213" executed="213" passed="204" failed="9" error="0" timeout="0" aborted="0" inconclusive="0" passedButRunAborted="0" notRunnable="0" notExecuted="0" disconnected="0" warning="0" completed="0" inProgress="0" pending="0" />
    <Output>
      <StdOut>[xUnit.net 00:00:00.00] xUnit.net VSTest Adapter v3.0.0+e341b939fe (64-bit .NET 9.0.5)
[xUnit.net 00:00:00.04]   Discovering: FileContentRenamer.Tests
[xUnit.net 00:00:00.07]   Discovered:  FileContentRenamer.Tests
[xUnit.net 00:00:00.10]   Starting:    FileContentRenamer.Tests
[xUnit.net 00:00:00.58]       Expected result to be "/var/folders/x1/bt0l1hlj3xxfgmlll69gmfr40000gn/T/668d942d-e088-490d-b7dd-b64c21a9f93e/2024/03_marzo/test_2.pdf" with a length of 110, but "/var/folders/x1/bt0l1hlj3xxfgmlll69gmfr40000gn/T/2024/03_marzo/test_5.pdf" has a length of 73, differs near "202" (index 49).
[xUnit.net 00:00:00.58]       Stack Trace:
[xUnit.net 00:00:00.58]            at FluentAssertions.Execution.XUnit2TestFramework.Throw(String message)
[xUnit.net 00:00:00.58]            at FluentAssertions.Execution.TestFrameworkProvider.Throw(String message)
[xUnit.net 00:00:00.58]            at FluentAssertions.Execution.DefaultAssertionStrategy.HandleFailure(String message)
[xUnit.net 00:00:00.58]            at FluentAssertions.Execution.AssertionScope.FailWith(Func`1 failReasonFunc)
[xUnit.net 00:00:00.58]            at FluentAssertions.Execution.AssertionScope.FailWith(Func`1 failReasonFunc)
[xUnit.net 00:00:00.58]            at FluentAssertions.Primitives.StringEqualityValidator.ValidateAgainstLengthDifferences()
[xUnit.net 00:00:00.58]            at FluentAssertions.Primitives.StringValidator.Validate()
[xUnit.net 00:00:00.58]            at FluentAssertions.Primitives.StringAssertions`1.Be(String expected, String because, Object[] becauseArgs)
[xUnit.net 00:00:00.58]         /Users/santibraida/Workspace/comprobantes/FileContentRenamer.Tests/Services/DirectoryOrganizerTests.cs(223,0): at FileContentRenamer.Tests.Services.DirectoryOrganizerTests.OrganizeFileIntoDirectoryStructure_AlreadyInYearFolder_ShouldMoveToMonthFolder()
[xUnit.net 00:00:00.58]            at System.RuntimeMethodHandle.InvokeMethod(Object target, Void** arguments, Signature sig, Boolean isConstructor)
[xUnit.net 00:00:00.58]            at System.Reflection.MethodBaseInvoker.InvokeWithNoArgs(Object obj, BindingFlags invokeAttr)
[xUnit.net 00:00:00.58]       Expected a &lt;System.IO.FileNotFoundException&gt; to be thrown, but no exception was thrown.
[xUnit.net 00:00:00.58]       Stack Trace:
[xUnit.net 00:00:00.58]            at FluentAssertions.Execution.XUnit2TestFramework.Throw(String message)
[xUnit.net 00:00:00.58]            at FluentAssertions.Execution.TestFrameworkProvider.Throw(String message)
[xUnit.net 00:00:00.58]            at FluentAssertions.Execution.DefaultAssertionStrategy.HandleFailure(String message)
[xUnit.net 00:00:00.58]            at FluentAssertions.Execution.AssertionScope.FailWith(Func`1 failReasonFunc)
[xUnit.net 00:00:00.58]            at FluentAssertions.Execution.AssertionScope.FailWith(Func`1 failReasonFunc)
[xUnit.net 00:00:00.58]            at FluentAssertions.Execution.AssertionScope.FailWith(String message)
[xUnit.net 00:00:00.58]            at FluentAssertions.Specialized.DelegateAssertionsBase`2.ThrowInternal[TException](Exception exception, String because, Object[] becauseArgs)
[xUnit.net 00:00:00.58]            at FluentAssertions.Specialized.DelegateAssertions`2.Throw[TException](String because, Object[] becauseArgs)
[xUnit.net 00:00:00.58]         /Users/santibraida/Workspace/comprobantes/FileContentRenamer.Tests/Models/AppConfigTests.cs(116,0): at FileContentRenamer.Tests.Models.AppConfigTests.LoadFromConfiguration_WithMissingConfigFile_ShouldThrowException()
[xUnit.net 00:00:00.58]            at System.RuntimeMethodHandle.InvokeMethod(Object target, Void** arguments, Signature sig, Boolean isConstructor)
[xUnit.net 00:00:00.58]            at System.Reflection.MethodBaseInvoker.InvokeWithNoArgs(Object obj, BindingFlags invokeAttr)
[xUnit.net 00:00:00.59]       Expected resultList to only have unique items, but item "/var/folders/x1/bt0l1hlj3xxfgmlll69gmfr40000gn/T/57deba02-abc4-4fc2-bc69-42e19d5efc69/concurrent_test_3.txt" is not unique.
[xUnit.net 00:00:00.59]       Stack Trace:
[xUnit.net 00:00:00.59]            at FluentAssertions.Execution.XUnit2TestFramework.Throw(String message)
[xUnit.net 00:00:00.59]            at FluentAssertions.Execution.TestFrameworkProvider.Throw(String message)
[xUnit.net 00:00:00.59]            at FluentAssertions.Execution.DefaultAssertionStrategy.HandleFailure(String message)
[xUnit.net 00:00:00.59]            at FluentAssertions.Execution.AssertionScope.FailWith(Func`1 failReasonFunc)
[xUnit.net 00:00:00.59]            at FluentAssertions.Execution.AssertionScope.FailWith(Func`1 failReasonFunc)
[xUnit.net 00:00:00.59]            at FluentAssertions.Execution.AssertionScope.FailWith(String message, Object[] args)
[xUnit.net 00:00:00.59]            at FluentAssertions.Collections.GenericCollectionAssertions`3.OnlyHaveUniqueItems(String because, Object[] becauseArgs)
[xUnit.net 00:00:00.59]         /Users/santibraida/Workspace/comprobantes/FileContentRenamer.Tests/Services/FilenameGeneratorTests.cs(285,0): at FileContentRenamer.Tests.Services.FilenameGeneratorTests.GenerateUniqueFilename_ThreadSafety_ShouldHandleConcurrentCalls()
[xUnit.net 00:00:00.59]         --- End of stack trace from previous location ---
[xUnit.net 00:00:00.66]       Expected result.LastUsedPath to be "/var/folders/x1/bt0l1hlj3xxfgmlll69gmfr40000gn/T/4119f45e-1dcd-41ad-9a1b-3a30d2b55866" with a length of 85, but "" has a length of 0, differs near "" (index 0).
[xUnit.net 00:00:00.66]       Stack Trace:
[xUnit.net 00:00:00.66]            at FluentAssertions.Execution.XUnit2TestFramework.Throw(String message)
[xUnit.net 00:00:00.66]            at FluentAssertions.Execution.TestFrameworkProvider.Throw(String message)
[xUnit.net 00:00:00.66]            at FluentAssertions.Execution.DefaultAssertionStrategy.HandleFailure(String message)
[xUnit.net 00:00:00.66]            at FluentAssertions.Execution.AssertionScope.FailWith(Func`1 failReasonFunc)
[xUnit.net 00:00:00.66]            at FluentAssertions.Execution.AssertionScope.FailWith(Func`1 failReasonFunc)
[xUnit.net 00:00:00.66]            at FluentAssertions.Primitives.StringEqualityValidator.ValidateAgainstLengthDifferences()
[xUnit.net 00:00:00.66]            at FluentAssertions.Primitives.StringValidator.Validate()
[xUnit.net 00:00:00.66]            at FluentAssertions.Primitives.StringAssertions`1.Be(String expected, String because, Object[] becauseArgs)
[xUnit.net 00:00:00.66]         /Users/santibraida/Workspace/comprobantes/FileContentRenamer.Tests/Models/AppConfigTests.cs(94,0): at FileContentRenamer.Tests.Models.AppConfigTests.LoadFromConfiguration_WithValidConfigFile_ShouldLoadCorrectly()
[xUnit.net 00:00:00.66]            at System.RuntimeMethodHandle.InvokeMethod(Object target, Void** arguments, Signature sig, Boolean isConstructor)
[xUnit.net 00:00:00.66]            at System.Reflection.MethodBaseInvoker.InvokeWithNoArgs(Object obj, BindingFlags invokeAttr)
[xUnit.net 00:00:00.70]       Expected a &lt;System.Exception&gt; to be thrown, but no exception was thrown.
[xUnit.net 00:00:00.70]       Stack Trace:
[xUnit.net 00:00:00.70]            at FluentAssertions.Execution.XUnit2TestFramework.Throw(String message)
[xUnit.net 00:00:00.70]            at FluentAssertions.Execution.TestFrameworkProvider.Throw(String message)
[xUnit.net 00:00:00.70]            at FluentAssertions.Execution.DefaultAssertionStrategy.HandleFailure(String message)
[xUnit.net 00:00:00.70]            at FluentAssertions.Execution.AssertionScope.FailWith(Func`1 failReasonFunc)
[xUnit.net 00:00:00.70]            at FluentAssertions.Execution.AssertionScope.FailWith(Func`1 failReasonFunc)
[xUnit.net 00:00:00.70]            at FluentAssertions.Execution.AssertionScope.FailWith(String message)
[xUnit.net 00:00:00.70]            at FluentAssertions.Specialized.DelegateAssertionsBase`2.ThrowInternal[TException](Exception exception, String because, Object[] becauseArgs)
[xUnit.net 00:00:00.70]            at FluentAssertions.Specialized.DelegateAssertions`2.Throw[TException](String because, Object[] becauseArgs)
[xUnit.net 00:00:00.70]         /Users/santibraida/Workspace/comprobantes/FileContentRenamer.Tests/Models/AppConfigTests.cs(141,0): at FileContentRenamer.Tests.Models.AppConfigTests.LoadFromConfiguration_WithInvalidJson_ShouldThrowException()
[xUnit.net 00:00:00.70]            at System.RuntimeMethodHandle.InvokeMethod(Object target, Void** arguments, Signature sig, Boolean isConstructor)
[xUnit.net 00:00:00.70]            at System.Reflection.MethodBaseInvoker.InvokeWithNoArgs(Object obj, BindingFlags invokeAttr)
[xUnit.net 00:00:00.77]       Expected result.ForceReprocessAlreadyNamed to be False, but found True.
[xUnit.net 00:00:00.77]       Stack Trace:
[xUnit.net 00:00:00.77]            at FluentAssertions.Execution.XUnit2TestFramework.Throw(String message)
[xUnit.net 00:00:00.77]            at FluentAssertions.Execution.TestFrameworkProvider.Throw(String message)
[xUnit.net 00:00:00.77]            at FluentAssertions.Execution.DefaultAssertionStrategy.HandleFailure(String message)
[xUnit.net 00:00:00.77]            at FluentAssertions.Execution.AssertionScope.FailWith(Func`1 failReasonFunc)
[xUnit.net 00:00:00.77]            at FluentAssertions.Execution.AssertionScope.FailWith(Func`1 failReasonFunc)
[xUnit.net 00:00:00.77]            at FluentAssertions.Execution.AssertionScope.FailWith(String message, Object[] args)
[xUnit.net 00:00:00.77]            at FluentAssertions.Primitives.BooleanAssertions`1.BeFalse(String because, Object[] becauseArgs)
[xUnit.net 00:00:00.77]         /Users/santibraida/Workspace/comprobantes/FileContentRenamer.Tests/Models/AppConfigTests.cs(196,0): at FileContentRenamer.Tests.Models.AppConfigTests.LoadFromConfiguration_WithPartialConfig_ShouldUseDefaultsForMissingValues()
[xUnit.net 00:00:00.77]            at System.RuntimeMethodHandle.InvokeMethod(Object target, Void** arguments, Signature sig, Boolean isConstructor)
[xUnit.net 00:00:00.77]            at System.Reflection.MethodBaseInvoker.InvokeWithNoArgs(Object obj, BindingFlags invokeAttr)
[xUnit.net 00:00:01.08]       Expected a &lt;System.InvalidOperationException&gt; to be thrown, but no exception was thrown.
[xUnit.net 00:00:01.08]       Stack Trace:
[xUnit.net 00:00:01.08]            at FluentAssertions.Execution.XUnit2TestFramework.Throw(String message)
[xUnit.net 00:00:01.08]            at FluentAssertions.Execution.TestFrameworkProvider.Throw(String message)
[xUnit.net 00:00:01.08]            at FluentAssertions.Execution.DefaultAssertionStrategy.HandleFailure(String message)
[xUnit.net 00:00:01.08]            at FluentAssertions.Execution.AssertionScope.FailWith(Func`1 failReasonFunc)
[xUnit.net 00:00:01.08]            at FluentAssertions.Execution.AssertionScope.FailWith(Func`1 failReasonFunc)
[xUnit.net 00:00:01.08]            at FluentAssertions.Execution.AssertionScope.FailWith(String message)
[xUnit.net 00:00:01.08]            at FluentAssertions.Specialized.DelegateAssertionsBase`2.ThrowInternal[TException](Exception exception, String because, Object[] becauseArgs)
[xUnit.net 00:00:01.08]            at FluentAssertions.Specialized.DelegateAssertions`2.Throw[TException](String because, Object[] becauseArgs)
[xUnit.net 00:00:01.08]         /Users/santibraida/Workspace/comprobantes/FileContentRenamer.Tests/Models/AppConfigTests.cs(161,0): at FileContentRenamer.Tests.Models.AppConfigTests.LoadFromConfiguration_WithEmptyConfig_ShouldThrowException()
[xUnit.net 00:00:01.08]            at System.RuntimeMethodHandle.InvokeMethod(Object target, Void** arguments, Signature sig, Boolean isConstructor)
[xUnit.net 00:00:01.08]            at System.Reflection.MethodBaseInvoker.InvokeWithNoArgs(Object obj, BindingFlags invokeAttr)
[xUnit.net 00:00:01.14]       Expected a &lt;System.InvalidOperationException&gt; to be thrown, but no exception was thrown.
[xUnit.net 00:00:01.14]       Stack Trace:
[xUnit.net 00:00:01.14]            at FluentAssertions.Execution.XUnit2TestFramework.Throw(String message)
[xUnit.net 00:00:01.14]            at FluentAssertions.Execution.TestFrameworkProvider.Throw(String message)
[xUnit.net 00:00:01.14]            at FluentAssertions.Execution.DefaultAssertionStrategy.HandleFailure(String message)
[xUnit.net 00:00:01.14]            at FluentAssertions.Execution.AssertionScope.FailWith(Func`1 failReasonFunc)
[xUnit.net 00:00:01.14]            at FluentAssertions.Execution.AssertionScope.FailWith(Func`1 failReasonFunc)
[xUnit.net 00:00:01.14]            at FluentAssertions.Execution.AssertionScope.FailWith(String message)
[xUnit.net 00:00:01.14]            at FluentAssertions.Specialized.DelegateAssertionsBase`2.ThrowInternal[TException](Exception exception, String because, Object[] becauseArgs)
[xUnit.net 00:00:01.14]            at FluentAssertions.Specialized.DelegateAssertions`2.Throw[TException](String because, Object[] becauseArgs)
[xUnit.net 00:00:01.14]         /Users/santibraida/Workspace/comprobantes/FileContentRenamer.Tests/Models/AppConfigTests.cs(260,0): at FileContentRenamer.Tests.Models.AppConfigTests.LoadFromConfiguration_WithMissingFileExtensions_ShouldThrowException()
[xUnit.net 00:00:01.14]            at System.RuntimeMethodHandle.InvokeMethod(Object target, Void** arguments, Signature sig, Boolean isConstructor)
[xUnit.net 00:00:01.14]            at System.Reflection.MethodBaseInvoker.InvokeWithNoArgs(Object obj, BindingFlags invokeAttr)
[xUnit.net 00:00:01.19]       Expected a &lt;System.ArgumentNullException&gt; to be thrown, but found &lt;System.NullReferenceException&gt;:
[xUnit.net 00:00:01.19]       System.NullReferenceException: Object reference not set to an instance of an object.
[xUnit.net 00:00:01.19]          at FileContentRenamer.Services.ImageProcessor.VerifyTesseractAvailability() in /Users/santibraida/Workspace/comprobantes/FileContentRenamer/Services/ImageProcessor.cs:line 21
[xUnit.net 00:00:01.19]          at FileContentRenamer.Services.ImageProcessor..ctor(AppConfig config) in /Users/santibraida/Workspace/comprobantes/FileContentRenamer/Services/ImageProcessor.cs:line 15
[xUnit.net 00:00:01.19]          at FileContentRenamer.Tests.Services.ImageProcessorTests.&lt;&gt;c.&lt;Constructor_WithNullConfig_ShouldThrowArgumentNullException&gt;b__14_0() in /Users/santibraida/Workspace/comprobantes/FileContentRenamer.Tests/Services/ImageProcessorTests.cs:line 193
[xUnit.net 00:00:01.19]          at FluentAssertions.Specialized.ActionAssertions.InvokeSubject()
[xUnit.net 00:00:01.19]          at FluentAssertions.Specialized.DelegateAssertions`2.InvokeSubjectWithInterception().
[xUnit.net 00:00:01.19]       Stack Trace:
[xUnit.net 00:00:01.19]            at FluentAssertions.Execution.XUnit2TestFramework.Throw(String message)
[xUnit.net 00:00:01.19]            at FluentAssertions.Execution.TestFrameworkProvider.Throw(String message)
[xUnit.net 00:00:01.19]            at FluentAssertions.Execution.DefaultAssertionStrategy.HandleFailure(String message)
[xUnit.net 00:00:01.19]            at FluentAssertions.Execution.AssertionScope.FailWith(Func`1 failReasonFunc)
[xUnit.net 00:00:01.19]            at FluentAssertions.Execution.AssertionScope.FailWith(Func`1 failReasonFunc)
[xUnit.net 00:00:01.19]            at FluentAssertions.Execution.AssertionScope.FailWith(String message, Object[] args)
[xUnit.net 00:00:01.19]            at FluentAssertions.Specialized.DelegateAssertionsBase`2.ThrowInternal[TException](Exception exception, String because, Object[] becauseArgs)
[xUnit.net 00:00:01.19]            at FluentAssertions.Specialized.DelegateAssertions`2.Throw[TException](String because, Object[] becauseArgs)
[xUnit.net 00:00:01.19]         /Users/santibraida/Workspace/comprobantes/FileContentRenamer.Tests/Services/ImageProcessorTests.cs(194,0): at FileContentRenamer.Tests.Services.ImageProcessorTests.Constructor_WithNullConfig_ShouldThrowArgumentNullException()
[xUnit.net 00:00:01.19]            at System.RuntimeMethodHandle.InvokeMethod(Object target, Void** arguments, Signature sig, Boolean isConstructor)
[xUnit.net 00:00:01.19]            at System.Reflection.MethodBaseInvoker.InvokeWithNoArgs(Object obj, BindingFlags invokeAttr)
[xUnit.net 00:00:01.51]   Finished:    FileContentRenamer.Tests
</StdOut>
    </Output>
    <RunInfos>
      <RunInfo computerName="MacBook-Pro" outcome="Error" timestamp="2025-08-11T23:45:04.5211750-03:00">
        <Text>[xUnit.net 00:00:00.58]     FileContentRenamer.Tests.Services.DirectoryOrganizerTests.OrganizeFileIntoDirectoryStructure_AlreadyInYearFolder_ShouldMoveToMonthFolder [FAIL]</Text>
      </RunInfo>
      <RunInfo computerName="MacBook-Pro" outcome="Error" timestamp="2025-08-11T23:45:04.5242670-03:00">
        <Text>[xUnit.net 00:00:00.58]     FileContentRenamer.Tests.Models.AppConfigTests.LoadFromConfiguration_WithMissingConfigFile_ShouldThrowException [FAIL]</Text>
      </RunInfo>
      <RunInfo computerName="MacBook-Pro" outcome="Error" timestamp="2025-08-11T23:45:04.5260000-03:00">
        <Text>[xUnit.net 00:00:00.59]     FileContentRenamer.Tests.Services.FilenameGeneratorTests.GenerateUniqueFilename_ThreadSafety_ShouldHandleConcurrentCalls [FAIL]</Text>
      </RunInfo>
      <RunInfo computerName="MacBook-Pro" outcome="Error" timestamp="2025-08-11T23:45:04.6051410-03:00">
        <Text>[xUnit.net 00:00:00.66]     FileContentRenamer.Tests.Models.AppConfigTests.LoadFromConfiguration_WithValidConfigFile_ShouldLoadCorrectly [FAIL]</Text>
      </RunInfo>
      <RunInfo computerName="MacBook-Pro" outcome="Error" timestamp="2025-08-11T23:45:04.6400790-03:00">
        <Text>[xUnit.net 00:00:00.70]     FileContentRenamer.Tests.Models.AppConfigTests.LoadFromConfiguration_WithInvalidJson_ShouldThrowException [FAIL]</Text>
      </RunInfo>
      <RunInfo computerName="MacBook-Pro" outcome="Error" timestamp="2025-08-11T23:45:04.7089390-03:00">
        <Text>[xUnit.net 00:00:00.77]     FileContentRenamer.Tests.Models.AppConfigTests.LoadFromConfiguration_WithPartialConfig_ShouldUseDefaultsForMissingValues [FAIL]</Text>
      </RunInfo>
      <RunInfo computerName="MacBook-Pro" outcome="Error" timestamp="2025-08-11T23:45:05.0176750-03:00">
        <Text>[xUnit.net 00:00:01.08]     FileContentRenamer.Tests.Models.AppConfigTests.LoadFromConfiguration_WithEmptyConfig_ShouldThrowException [FAIL]</Text>
      </RunInfo>
      <RunInfo computerName="MacBook-Pro" outcome="Error" timestamp="2025-08-11T23:45:05.0809090-03:00">
        <Text>[xUnit.net 00:00:01.14]     FileContentRenamer.Tests.Models.AppConfigTests.LoadFromConfiguration_WithMissingFileExtensions_ShouldThrowException [FAIL]</Text>
      </RunInfo>
      <RunInfo computerName="MacBook-Pro" outcome="Error" timestamp="2025-08-11T23:45:05.1264070-03:00">
        <Text>[xUnit.net 00:00:01.19]     FileContentRenamer.Tests.Services.ImageProcessorTests.Constructor_WithNullConfig_ShouldThrowArgumentNullException [FAIL]</Text>
      </RunInfo>
    </RunInfos>
    <CollectorDataEntries>
      <Collector agentName="MacBook-Pro" uri="datacollector://microsoft/CoverletCodeCoverage/1.0" collectorDisplayName="XPlat code coverage">
        <UriAttachments>
          <UriAttachment>
            <A href="MacBook-Pro/coverage.cobertura.xml"></A>
          </UriAttachment>
        </UriAttachments>
      </Collector>
    </CollectorDataEntries>
  </ResultSummary>
</TestRun>